[2024-07-11T08:37:00.586+0000] {logging_mixin.py:188} INFO - [2024-07-11T08:37:00.586+0000] {settings.py:249} DEBUG - Setting up DB connection pool (PID 84)
[2024-07-11T08:37:00.587+0000] {logging_mixin.py:188} INFO - [2024-07-11T08:37:00.587+0000] {settings.py:350} DEBUG - settings.prepare_engine_args(): Using pool settings. pool_size=5, max_overflow=10, pool_recycle=1800, pid=84
[2024-07-11T08:37:00.590+0000] {processor.py:161} INFO - Started process (PID=84) to work on /home/airflow/.local/lib/python3.10/site-packages/airflow/example_dags/plugins/listener_plugin.py
[2024-07-11T08:37:00.591+0000] {processor.py:830} INFO - Processing file /home/airflow/.local/lib/python3.10/site-packages/airflow/example_dags/plugins/listener_plugin.py for tasks to queue
[2024-07-11T08:37:00.592+0000] {logging_mixin.py:188} INFO - [2024-07-11T08:37:00.592+0000] {dagbag.py:540} INFO - Filling up the DagBag from /home/airflow/.local/lib/python3.10/site-packages/airflow/example_dags/plugins/listener_plugin.py
[2024-07-11T08:37:00.593+0000] {logging_mixin.py:188} INFO - [2024-07-11T08:37:00.593+0000] {dagbag.py:332} DEBUG - Importing /home/airflow/.local/lib/python3.10/site-packages/airflow/example_dags/plugins/listener_plugin.py
[2024-07-11T08:37:00.597+0000] {processor.py:842} WARNING - No viable dags retrieved from /home/airflow/.local/lib/python3.10/site-packages/airflow/example_dags/plugins/listener_plugin.py
[2024-07-11T08:37:00.615+0000] {processor.py:183} INFO - Processing /home/airflow/.local/lib/python3.10/site-packages/airflow/example_dags/plugins/listener_plugin.py took 0.029 seconds
[2024-07-11T08:37:31.746+0000] {logging_mixin.py:188} INFO - [2024-07-11T08:37:31.745+0000] {settings.py:249} DEBUG - Setting up DB connection pool (PID 146)
[2024-07-11T08:37:31.747+0000] {logging_mixin.py:188} INFO - [2024-07-11T08:37:31.746+0000] {settings.py:350} DEBUG - settings.prepare_engine_args(): Using pool settings. pool_size=5, max_overflow=10, pool_recycle=1800, pid=146
[2024-07-11T08:37:31.749+0000] {processor.py:161} INFO - Started process (PID=146) to work on /home/airflow/.local/lib/python3.10/site-packages/airflow/example_dags/plugins/listener_plugin.py
[2024-07-11T08:37:31.749+0000] {processor.py:830} INFO - Processing file /home/airflow/.local/lib/python3.10/site-packages/airflow/example_dags/plugins/listener_plugin.py for tasks to queue
[2024-07-11T08:37:31.749+0000] {logging_mixin.py:188} INFO - [2024-07-11T08:37:31.749+0000] {dagbag.py:540} INFO - Filling up the DagBag from /home/airflow/.local/lib/python3.10/site-packages/airflow/example_dags/plugins/listener_plugin.py
[2024-07-11T08:37:31.750+0000] {logging_mixin.py:188} INFO - [2024-07-11T08:37:31.750+0000] {dagbag.py:332} DEBUG - Importing /home/airflow/.local/lib/python3.10/site-packages/airflow/example_dags/plugins/listener_plugin.py
[2024-07-11T08:37:31.752+0000] {processor.py:842} WARNING - No viable dags retrieved from /home/airflow/.local/lib/python3.10/site-packages/airflow/example_dags/plugins/listener_plugin.py
[2024-07-11T08:37:31.762+0000] {processor.py:183} INFO - Processing /home/airflow/.local/lib/python3.10/site-packages/airflow/example_dags/plugins/listener_plugin.py took 0.017 seconds
[2024-07-11T08:38:02.110+0000] {logging_mixin.py:188} INFO - [2024-07-11T08:38:02.110+0000] {settings.py:249} DEBUG - Setting up DB connection pool (PID 202)
[2024-07-11T08:38:02.111+0000] {logging_mixin.py:188} INFO - [2024-07-11T08:38:02.111+0000] {settings.py:350} DEBUG - settings.prepare_engine_args(): Using pool settings. pool_size=5, max_overflow=10, pool_recycle=1800, pid=202
[2024-07-11T08:38:02.113+0000] {processor.py:161} INFO - Started process (PID=202) to work on /home/airflow/.local/lib/python3.10/site-packages/airflow/example_dags/plugins/listener_plugin.py
[2024-07-11T08:38:02.113+0000] {processor.py:830} INFO - Processing file /home/airflow/.local/lib/python3.10/site-packages/airflow/example_dags/plugins/listener_plugin.py for tasks to queue
[2024-07-11T08:38:02.114+0000] {logging_mixin.py:188} INFO - [2024-07-11T08:38:02.113+0000] {dagbag.py:540} INFO - Filling up the DagBag from /home/airflow/.local/lib/python3.10/site-packages/airflow/example_dags/plugins/listener_plugin.py
[2024-07-11T08:38:02.114+0000] {logging_mixin.py:188} INFO - [2024-07-11T08:38:02.114+0000] {dagbag.py:332} DEBUG - Importing /home/airflow/.local/lib/python3.10/site-packages/airflow/example_dags/plugins/listener_plugin.py
[2024-07-11T08:38:02.116+0000] {processor.py:842} WARNING - No viable dags retrieved from /home/airflow/.local/lib/python3.10/site-packages/airflow/example_dags/plugins/listener_plugin.py
[2024-07-11T08:38:02.128+0000] {processor.py:183} INFO - Processing /home/airflow/.local/lib/python3.10/site-packages/airflow/example_dags/plugins/listener_plugin.py took 0.018 seconds
[2024-07-11T08:38:32.280+0000] {logging_mixin.py:188} INFO - [2024-07-11T08:38:32.280+0000] {settings.py:249} DEBUG - Setting up DB connection pool (PID 257)
[2024-07-11T08:38:32.281+0000] {logging_mixin.py:188} INFO - [2024-07-11T08:38:32.281+0000] {settings.py:350} DEBUG - settings.prepare_engine_args(): Using pool settings. pool_size=5, max_overflow=10, pool_recycle=1800, pid=257
[2024-07-11T08:38:32.283+0000] {processor.py:161} INFO - Started process (PID=257) to work on /home/airflow/.local/lib/python3.10/site-packages/airflow/example_dags/plugins/listener_plugin.py
[2024-07-11T08:38:32.283+0000] {processor.py:830} INFO - Processing file /home/airflow/.local/lib/python3.10/site-packages/airflow/example_dags/plugins/listener_plugin.py for tasks to queue
[2024-07-11T08:38:32.284+0000] {logging_mixin.py:188} INFO - [2024-07-11T08:38:32.284+0000] {dagbag.py:540} INFO - Filling up the DagBag from /home/airflow/.local/lib/python3.10/site-packages/airflow/example_dags/plugins/listener_plugin.py
[2024-07-11T08:38:32.285+0000] {logging_mixin.py:188} INFO - [2024-07-11T08:38:32.284+0000] {dagbag.py:332} DEBUG - Importing /home/airflow/.local/lib/python3.10/site-packages/airflow/example_dags/plugins/listener_plugin.py
[2024-07-11T08:38:32.286+0000] {processor.py:842} WARNING - No viable dags retrieved from /home/airflow/.local/lib/python3.10/site-packages/airflow/example_dags/plugins/listener_plugin.py
[2024-07-11T08:38:32.296+0000] {processor.py:183} INFO - Processing /home/airflow/.local/lib/python3.10/site-packages/airflow/example_dags/plugins/listener_plugin.py took 0.016 seconds
[2024-07-11T08:39:02.689+0000] {logging_mixin.py:188} INFO - [2024-07-11T08:39:02.689+0000] {settings.py:249} DEBUG - Setting up DB connection pool (PID 314)
[2024-07-11T08:39:02.690+0000] {logging_mixin.py:188} INFO - [2024-07-11T08:39:02.690+0000] {settings.py:350} DEBUG - settings.prepare_engine_args(): Using pool settings. pool_size=5, max_overflow=10, pool_recycle=1800, pid=314
[2024-07-11T08:39:02.692+0000] {processor.py:161} INFO - Started process (PID=314) to work on /home/airflow/.local/lib/python3.10/site-packages/airflow/example_dags/plugins/listener_plugin.py
[2024-07-11T08:39:02.692+0000] {processor.py:830} INFO - Processing file /home/airflow/.local/lib/python3.10/site-packages/airflow/example_dags/plugins/listener_plugin.py for tasks to queue
[2024-07-11T08:39:02.692+0000] {logging_mixin.py:188} INFO - [2024-07-11T08:39:02.692+0000] {dagbag.py:540} INFO - Filling up the DagBag from /home/airflow/.local/lib/python3.10/site-packages/airflow/example_dags/plugins/listener_plugin.py
[2024-07-11T08:39:02.693+0000] {logging_mixin.py:188} INFO - [2024-07-11T08:39:02.693+0000] {dagbag.py:332} DEBUG - Importing /home/airflow/.local/lib/python3.10/site-packages/airflow/example_dags/plugins/listener_plugin.py
[2024-07-11T08:39:02.694+0000] {processor.py:842} WARNING - No viable dags retrieved from /home/airflow/.local/lib/python3.10/site-packages/airflow/example_dags/plugins/listener_plugin.py
[2024-07-11T08:39:02.705+0000] {processor.py:183} INFO - Processing /home/airflow/.local/lib/python3.10/site-packages/airflow/example_dags/plugins/listener_plugin.py took 0.016 seconds
[2024-07-11T08:39:32.948+0000] {logging_mixin.py:188} INFO - [2024-07-11T08:39:32.948+0000] {settings.py:249} DEBUG - Setting up DB connection pool (PID 370)
[2024-07-11T08:39:32.949+0000] {logging_mixin.py:188} INFO - [2024-07-11T08:39:32.949+0000] {settings.py:350} DEBUG - settings.prepare_engine_args(): Using pool settings. pool_size=5, max_overflow=10, pool_recycle=1800, pid=370
[2024-07-11T08:39:32.951+0000] {processor.py:161} INFO - Started process (PID=370) to work on /home/airflow/.local/lib/python3.10/site-packages/airflow/example_dags/plugins/listener_plugin.py
[2024-07-11T08:39:32.952+0000] {processor.py:830} INFO - Processing file /home/airflow/.local/lib/python3.10/site-packages/airflow/example_dags/plugins/listener_plugin.py for tasks to queue
[2024-07-11T08:39:32.952+0000] {logging_mixin.py:188} INFO - [2024-07-11T08:39:32.952+0000] {dagbag.py:540} INFO - Filling up the DagBag from /home/airflow/.local/lib/python3.10/site-packages/airflow/example_dags/plugins/listener_plugin.py
[2024-07-11T08:39:32.953+0000] {logging_mixin.py:188} INFO - [2024-07-11T08:39:32.953+0000] {dagbag.py:332} DEBUG - Importing /home/airflow/.local/lib/python3.10/site-packages/airflow/example_dags/plugins/listener_plugin.py
[2024-07-11T08:39:32.955+0000] {processor.py:842} WARNING - No viable dags retrieved from /home/airflow/.local/lib/python3.10/site-packages/airflow/example_dags/plugins/listener_plugin.py
[2024-07-11T08:39:32.966+0000] {processor.py:183} INFO - Processing /home/airflow/.local/lib/python3.10/site-packages/airflow/example_dags/plugins/listener_plugin.py took 0.018 seconds
[2024-07-11T08:40:03.249+0000] {logging_mixin.py:188} INFO - [2024-07-11T08:40:03.249+0000] {settings.py:249} DEBUG - Setting up DB connection pool (PID 426)
[2024-07-11T08:40:03.250+0000] {logging_mixin.py:188} INFO - [2024-07-11T08:40:03.250+0000] {settings.py:350} DEBUG - settings.prepare_engine_args(): Using pool settings. pool_size=5, max_overflow=10, pool_recycle=1800, pid=426
[2024-07-11T08:40:03.252+0000] {processor.py:161} INFO - Started process (PID=426) to work on /home/airflow/.local/lib/python3.10/site-packages/airflow/example_dags/plugins/listener_plugin.py
[2024-07-11T08:40:03.252+0000] {processor.py:830} INFO - Processing file /home/airflow/.local/lib/python3.10/site-packages/airflow/example_dags/plugins/listener_plugin.py for tasks to queue
[2024-07-11T08:40:03.253+0000] {logging_mixin.py:188} INFO - [2024-07-11T08:40:03.253+0000] {dagbag.py:540} INFO - Filling up the DagBag from /home/airflow/.local/lib/python3.10/site-packages/airflow/example_dags/plugins/listener_plugin.py
[2024-07-11T08:40:03.254+0000] {logging_mixin.py:188} INFO - [2024-07-11T08:40:03.254+0000] {dagbag.py:332} DEBUG - Importing /home/airflow/.local/lib/python3.10/site-packages/airflow/example_dags/plugins/listener_plugin.py
[2024-07-11T08:40:03.255+0000] {processor.py:842} WARNING - No viable dags retrieved from /home/airflow/.local/lib/python3.10/site-packages/airflow/example_dags/plugins/listener_plugin.py
[2024-07-11T08:40:03.264+0000] {processor.py:183} INFO - Processing /home/airflow/.local/lib/python3.10/site-packages/airflow/example_dags/plugins/listener_plugin.py took 0.015 seconds
[2024-07-11T08:41:14.438+0000] {logging_mixin.py:188} INFO - [2024-07-11T08:41:14.437+0000] {settings.py:249} DEBUG - Setting up DB connection pool (PID 84)
[2024-07-11T08:41:14.439+0000] {logging_mixin.py:188} INFO - [2024-07-11T08:41:14.438+0000] {settings.py:350} DEBUG - settings.prepare_engine_args(): Using pool settings. pool_size=5, max_overflow=10, pool_recycle=1800, pid=84
[2024-07-11T08:41:14.440+0000] {processor.py:161} INFO - Started process (PID=84) to work on /home/airflow/.local/lib/python3.10/site-packages/airflow/example_dags/plugins/listener_plugin.py
[2024-07-11T08:41:14.441+0000] {processor.py:830} INFO - Processing file /home/airflow/.local/lib/python3.10/site-packages/airflow/example_dags/plugins/listener_plugin.py for tasks to queue
[2024-07-11T08:41:14.441+0000] {logging_mixin.py:188} INFO - [2024-07-11T08:41:14.441+0000] {dagbag.py:540} INFO - Filling up the DagBag from /home/airflow/.local/lib/python3.10/site-packages/airflow/example_dags/plugins/listener_plugin.py
[2024-07-11T08:41:14.442+0000] {logging_mixin.py:188} INFO - [2024-07-11T08:41:14.442+0000] {dagbag.py:332} DEBUG - Importing /home/airflow/.local/lib/python3.10/site-packages/airflow/example_dags/plugins/listener_plugin.py
[2024-07-11T08:41:14.445+0000] {processor.py:842} WARNING - No viable dags retrieved from /home/airflow/.local/lib/python3.10/site-packages/airflow/example_dags/plugins/listener_plugin.py
[2024-07-11T08:41:14.455+0000] {processor.py:183} INFO - Processing /home/airflow/.local/lib/python3.10/site-packages/airflow/example_dags/plugins/listener_plugin.py took 0.018 seconds
[2024-07-11T08:41:46.394+0000] {logging_mixin.py:188} INFO - [2024-07-11T08:41:46.393+0000] {settings.py:249} DEBUG - Setting up DB connection pool (PID 140)
[2024-07-11T08:41:46.396+0000] {logging_mixin.py:188} INFO - [2024-07-11T08:41:46.395+0000] {settings.py:350} DEBUG - settings.prepare_engine_args(): Using pool settings. pool_size=5, max_overflow=10, pool_recycle=1800, pid=140
[2024-07-11T08:41:46.399+0000] {processor.py:161} INFO - Started process (PID=140) to work on /home/airflow/.local/lib/python3.10/site-packages/airflow/example_dags/plugins/listener_plugin.py
[2024-07-11T08:41:46.400+0000] {processor.py:830} INFO - Processing file /home/airflow/.local/lib/python3.10/site-packages/airflow/example_dags/plugins/listener_plugin.py for tasks to queue
[2024-07-11T08:41:46.400+0000] {logging_mixin.py:188} INFO - [2024-07-11T08:41:46.400+0000] {dagbag.py:540} INFO - Filling up the DagBag from /home/airflow/.local/lib/python3.10/site-packages/airflow/example_dags/plugins/listener_plugin.py
[2024-07-11T08:41:46.402+0000] {logging_mixin.py:188} INFO - [2024-07-11T08:41:46.402+0000] {dagbag.py:332} DEBUG - Importing /home/airflow/.local/lib/python3.10/site-packages/airflow/example_dags/plugins/listener_plugin.py
[2024-07-11T08:41:46.404+0000] {processor.py:842} WARNING - No viable dags retrieved from /home/airflow/.local/lib/python3.10/site-packages/airflow/example_dags/plugins/listener_plugin.py
[2024-07-11T08:41:46.419+0000] {processor.py:183} INFO - Processing /home/airflow/.local/lib/python3.10/site-packages/airflow/example_dags/plugins/listener_plugin.py took 0.026 seconds
[2024-07-11T08:42:16.997+0000] {logging_mixin.py:188} INFO - [2024-07-11T08:42:16.997+0000] {settings.py:249} DEBUG - Setting up DB connection pool (PID 202)
[2024-07-11T08:42:16.998+0000] {logging_mixin.py:188} INFO - [2024-07-11T08:42:16.998+0000] {settings.py:350} DEBUG - settings.prepare_engine_args(): Using pool settings. pool_size=5, max_overflow=10, pool_recycle=1800, pid=202
[2024-07-11T08:42:17.000+0000] {processor.py:161} INFO - Started process (PID=202) to work on /home/airflow/.local/lib/python3.10/site-packages/airflow/example_dags/plugins/listener_plugin.py
[2024-07-11T08:42:17.000+0000] {processor.py:830} INFO - Processing file /home/airflow/.local/lib/python3.10/site-packages/airflow/example_dags/plugins/listener_plugin.py for tasks to queue
[2024-07-11T08:42:17.001+0000] {logging_mixin.py:188} INFO - [2024-07-11T08:42:17.001+0000] {dagbag.py:540} INFO - Filling up the DagBag from /home/airflow/.local/lib/python3.10/site-packages/airflow/example_dags/plugins/listener_plugin.py
[2024-07-11T08:42:17.002+0000] {logging_mixin.py:188} INFO - [2024-07-11T08:42:17.001+0000] {dagbag.py:332} DEBUG - Importing /home/airflow/.local/lib/python3.10/site-packages/airflow/example_dags/plugins/listener_plugin.py
[2024-07-11T08:42:17.003+0000] {processor.py:842} WARNING - No viable dags retrieved from /home/airflow/.local/lib/python3.10/site-packages/airflow/example_dags/plugins/listener_plugin.py
[2024-07-11T08:42:17.012+0000] {processor.py:183} INFO - Processing /home/airflow/.local/lib/python3.10/site-packages/airflow/example_dags/plugins/listener_plugin.py took 0.015 seconds
[2024-07-11T08:42:47.163+0000] {logging_mixin.py:188} INFO - [2024-07-11T08:42:47.162+0000] {settings.py:249} DEBUG - Setting up DB connection pool (PID 258)
[2024-07-11T08:42:47.163+0000] {logging_mixin.py:188} INFO - [2024-07-11T08:42:47.163+0000] {settings.py:350} DEBUG - settings.prepare_engine_args(): Using pool settings. pool_size=5, max_overflow=10, pool_recycle=1800, pid=258
[2024-07-11T08:42:47.165+0000] {processor.py:161} INFO - Started process (PID=258) to work on /home/airflow/.local/lib/python3.10/site-packages/airflow/example_dags/plugins/listener_plugin.py
[2024-07-11T08:42:47.165+0000] {processor.py:830} INFO - Processing file /home/airflow/.local/lib/python3.10/site-packages/airflow/example_dags/plugins/listener_plugin.py for tasks to queue
[2024-07-11T08:42:47.166+0000] {logging_mixin.py:188} INFO - [2024-07-11T08:42:47.166+0000] {dagbag.py:540} INFO - Filling up the DagBag from /home/airflow/.local/lib/python3.10/site-packages/airflow/example_dags/plugins/listener_plugin.py
[2024-07-11T08:42:47.166+0000] {logging_mixin.py:188} INFO - [2024-07-11T08:42:47.166+0000] {dagbag.py:332} DEBUG - Importing /home/airflow/.local/lib/python3.10/site-packages/airflow/example_dags/plugins/listener_plugin.py
[2024-07-11T08:42:47.168+0000] {processor.py:842} WARNING - No viable dags retrieved from /home/airflow/.local/lib/python3.10/site-packages/airflow/example_dags/plugins/listener_plugin.py
[2024-07-11T08:42:47.178+0000] {processor.py:183} INFO - Processing /home/airflow/.local/lib/python3.10/site-packages/airflow/example_dags/plugins/listener_plugin.py took 0.015 seconds
[2024-07-11T08:43:17.332+0000] {logging_mixin.py:188} INFO - [2024-07-11T08:43:17.332+0000] {settings.py:249} DEBUG - Setting up DB connection pool (PID 313)
[2024-07-11T08:43:17.333+0000] {logging_mixin.py:188} INFO - [2024-07-11T08:43:17.333+0000] {settings.py:350} DEBUG - settings.prepare_engine_args(): Using pool settings. pool_size=5, max_overflow=10, pool_recycle=1800, pid=313
[2024-07-11T08:43:17.335+0000] {processor.py:161} INFO - Started process (PID=313) to work on /home/airflow/.local/lib/python3.10/site-packages/airflow/example_dags/plugins/listener_plugin.py
[2024-07-11T08:43:17.335+0000] {processor.py:830} INFO - Processing file /home/airflow/.local/lib/python3.10/site-packages/airflow/example_dags/plugins/listener_plugin.py for tasks to queue
[2024-07-11T08:43:17.336+0000] {logging_mixin.py:188} INFO - [2024-07-11T08:43:17.336+0000] {dagbag.py:540} INFO - Filling up the DagBag from /home/airflow/.local/lib/python3.10/site-packages/airflow/example_dags/plugins/listener_plugin.py
[2024-07-11T08:43:17.337+0000] {logging_mixin.py:188} INFO - [2024-07-11T08:43:17.336+0000] {dagbag.py:332} DEBUG - Importing /home/airflow/.local/lib/python3.10/site-packages/airflow/example_dags/plugins/listener_plugin.py
[2024-07-11T08:43:17.338+0000] {processor.py:842} WARNING - No viable dags retrieved from /home/airflow/.local/lib/python3.10/site-packages/airflow/example_dags/plugins/listener_plugin.py
[2024-07-11T08:43:17.346+0000] {processor.py:183} INFO - Processing /home/airflow/.local/lib/python3.10/site-packages/airflow/example_dags/plugins/listener_plugin.py took 0.014 seconds
[2024-07-11T08:43:47.761+0000] {logging_mixin.py:188} INFO - [2024-07-11T08:43:47.761+0000] {settings.py:249} DEBUG - Setting up DB connection pool (PID 370)
[2024-07-11T08:43:47.762+0000] {logging_mixin.py:188} INFO - [2024-07-11T08:43:47.762+0000] {settings.py:350} DEBUG - settings.prepare_engine_args(): Using pool settings. pool_size=5, max_overflow=10, pool_recycle=1800, pid=370
[2024-07-11T08:43:47.764+0000] {processor.py:161} INFO - Started process (PID=370) to work on /home/airflow/.local/lib/python3.10/site-packages/airflow/example_dags/plugins/listener_plugin.py
[2024-07-11T08:43:47.764+0000] {processor.py:830} INFO - Processing file /home/airflow/.local/lib/python3.10/site-packages/airflow/example_dags/plugins/listener_plugin.py for tasks to queue
[2024-07-11T08:43:47.764+0000] {logging_mixin.py:188} INFO - [2024-07-11T08:43:47.764+0000] {dagbag.py:540} INFO - Filling up the DagBag from /home/airflow/.local/lib/python3.10/site-packages/airflow/example_dags/plugins/listener_plugin.py
[2024-07-11T08:43:47.765+0000] {logging_mixin.py:188} INFO - [2024-07-11T08:43:47.765+0000] {dagbag.py:332} DEBUG - Importing /home/airflow/.local/lib/python3.10/site-packages/airflow/example_dags/plugins/listener_plugin.py
[2024-07-11T08:43:47.766+0000] {processor.py:842} WARNING - No viable dags retrieved from /home/airflow/.local/lib/python3.10/site-packages/airflow/example_dags/plugins/listener_plugin.py
[2024-07-11T08:43:47.776+0000] {processor.py:183} INFO - Processing /home/airflow/.local/lib/python3.10/site-packages/airflow/example_dags/plugins/listener_plugin.py took 0.015 seconds
[2024-07-11T08:44:18.122+0000] {logging_mixin.py:188} INFO - [2024-07-11T08:44:18.121+0000] {settings.py:249} DEBUG - Setting up DB connection pool (PID 426)
[2024-07-11T08:44:18.123+0000] {logging_mixin.py:188} INFO - [2024-07-11T08:44:18.122+0000] {settings.py:350} DEBUG - settings.prepare_engine_args(): Using pool settings. pool_size=5, max_overflow=10, pool_recycle=1800, pid=426
[2024-07-11T08:44:18.124+0000] {processor.py:161} INFO - Started process (PID=426) to work on /home/airflow/.local/lib/python3.10/site-packages/airflow/example_dags/plugins/listener_plugin.py
[2024-07-11T08:44:18.125+0000] {processor.py:830} INFO - Processing file /home/airflow/.local/lib/python3.10/site-packages/airflow/example_dags/plugins/listener_plugin.py for tasks to queue
[2024-07-11T08:44:18.125+0000] {logging_mixin.py:188} INFO - [2024-07-11T08:44:18.125+0000] {dagbag.py:540} INFO - Filling up the DagBag from /home/airflow/.local/lib/python3.10/site-packages/airflow/example_dags/plugins/listener_plugin.py
[2024-07-11T08:44:18.126+0000] {logging_mixin.py:188} INFO - [2024-07-11T08:44:18.126+0000] {dagbag.py:332} DEBUG - Importing /home/airflow/.local/lib/python3.10/site-packages/airflow/example_dags/plugins/listener_plugin.py
[2024-07-11T08:44:18.127+0000] {processor.py:842} WARNING - No viable dags retrieved from /home/airflow/.local/lib/python3.10/site-packages/airflow/example_dags/plugins/listener_plugin.py
[2024-07-11T08:44:18.137+0000] {processor.py:183} INFO - Processing /home/airflow/.local/lib/python3.10/site-packages/airflow/example_dags/plugins/listener_plugin.py took 0.015 seconds
[2024-07-11T08:44:48.415+0000] {logging_mixin.py:188} INFO - [2024-07-11T08:44:48.414+0000] {settings.py:249} DEBUG - Setting up DB connection pool (PID 482)
[2024-07-11T08:44:48.416+0000] {logging_mixin.py:188} INFO - [2024-07-11T08:44:48.416+0000] {settings.py:350} DEBUG - settings.prepare_engine_args(): Using pool settings. pool_size=5, max_overflow=10, pool_recycle=1800, pid=482
[2024-07-11T08:44:48.418+0000] {processor.py:161} INFO - Started process (PID=482) to work on /home/airflow/.local/lib/python3.10/site-packages/airflow/example_dags/plugins/listener_plugin.py
[2024-07-11T08:44:48.418+0000] {processor.py:830} INFO - Processing file /home/airflow/.local/lib/python3.10/site-packages/airflow/example_dags/plugins/listener_plugin.py for tasks to queue
[2024-07-11T08:44:48.419+0000] {logging_mixin.py:188} INFO - [2024-07-11T08:44:48.419+0000] {dagbag.py:540} INFO - Filling up the DagBag from /home/airflow/.local/lib/python3.10/site-packages/airflow/example_dags/plugins/listener_plugin.py
[2024-07-11T08:44:48.420+0000] {logging_mixin.py:188} INFO - [2024-07-11T08:44:48.420+0000] {dagbag.py:332} DEBUG - Importing /home/airflow/.local/lib/python3.10/site-packages/airflow/example_dags/plugins/listener_plugin.py
[2024-07-11T08:44:48.421+0000] {processor.py:842} WARNING - No viable dags retrieved from /home/airflow/.local/lib/python3.10/site-packages/airflow/example_dags/plugins/listener_plugin.py
[2024-07-11T08:44:48.432+0000] {processor.py:183} INFO - Processing /home/airflow/.local/lib/python3.10/site-packages/airflow/example_dags/plugins/listener_plugin.py took 0.018 seconds
