[2024-07-11T08:37:00.642+0000] {logging_mixin.py:188} INFO - [2024-07-11T08:37:00.642+0000] {settings.py:249} DEBUG - Setting up DB connection pool (PID 85)
[2024-07-11T08:37:00.644+0000] {logging_mixin.py:188} INFO - [2024-07-11T08:37:00.643+0000] {settings.py:350} DEBUG - settings.prepare_engine_args(): Using pool settings. pool_size=5, max_overflow=10, pool_recycle=1800, pid=85
[2024-07-11T08:37:00.647+0000] {processor.py:161} INFO - Started process (PID=85) to work on /home/airflow/.local/lib/python3.10/site-packages/airflow/example_dags/plugins/workday.py
[2024-07-11T08:37:00.648+0000] {processor.py:830} INFO - Processing file /home/airflow/.local/lib/python3.10/site-packages/airflow/example_dags/plugins/workday.py for tasks to queue
[2024-07-11T08:37:00.649+0000] {logging_mixin.py:188} INFO - [2024-07-11T08:37:00.648+0000] {dagbag.py:540} INFO - Filling up the DagBag from /home/airflow/.local/lib/python3.10/site-packages/airflow/example_dags/plugins/workday.py
[2024-07-11T08:37:00.650+0000] {logging_mixin.py:188} INFO - [2024-07-11T08:37:00.650+0000] {dagbag.py:332} DEBUG - Importing /home/airflow/.local/lib/python3.10/site-packages/airflow/example_dags/plugins/workday.py
[2024-07-11T08:37:01.746+0000] {processor.py:842} WARNING - No viable dags retrieved from /home/airflow/.local/lib/python3.10/site-packages/airflow/example_dags/plugins/workday.py
[2024-07-11T08:37:01.755+0000] {processor.py:183} INFO - Processing /home/airflow/.local/lib/python3.10/site-packages/airflow/example_dags/plugins/workday.py took 1.113 seconds
[2024-07-11T08:37:31.808+0000] {logging_mixin.py:188} INFO - [2024-07-11T08:37:31.807+0000] {settings.py:249} DEBUG - Setting up DB connection pool (PID 149)
[2024-07-11T08:37:31.808+0000] {logging_mixin.py:188} INFO - [2024-07-11T08:37:31.808+0000] {settings.py:350} DEBUG - settings.prepare_engine_args(): Using pool settings. pool_size=5, max_overflow=10, pool_recycle=1800, pid=149
[2024-07-11T08:37:31.810+0000] {processor.py:161} INFO - Started process (PID=149) to work on /home/airflow/.local/lib/python3.10/site-packages/airflow/example_dags/plugins/workday.py
[2024-07-11T08:37:31.811+0000] {processor.py:830} INFO - Processing file /home/airflow/.local/lib/python3.10/site-packages/airflow/example_dags/plugins/workday.py for tasks to queue
[2024-07-11T08:37:31.811+0000] {logging_mixin.py:188} INFO - [2024-07-11T08:37:31.811+0000] {dagbag.py:540} INFO - Filling up the DagBag from /home/airflow/.local/lib/python3.10/site-packages/airflow/example_dags/plugins/workday.py
[2024-07-11T08:37:31.812+0000] {logging_mixin.py:188} INFO - [2024-07-11T08:37:31.812+0000] {dagbag.py:332} DEBUG - Importing /home/airflow/.local/lib/python3.10/site-packages/airflow/example_dags/plugins/workday.py
[2024-07-11T08:37:32.019+0000] {processor.py:842} WARNING - No viable dags retrieved from /home/airflow/.local/lib/python3.10/site-packages/airflow/example_dags/plugins/workday.py
[2024-07-11T08:37:32.029+0000] {processor.py:183} INFO - Processing /home/airflow/.local/lib/python3.10/site-packages/airflow/example_dags/plugins/workday.py took 0.222 seconds
[2024-07-11T08:38:02.175+0000] {logging_mixin.py:188} INFO - [2024-07-11T08:38:02.175+0000] {settings.py:249} DEBUG - Setting up DB connection pool (PID 205)
[2024-07-11T08:38:02.176+0000] {logging_mixin.py:188} INFO - [2024-07-11T08:38:02.176+0000] {settings.py:350} DEBUG - settings.prepare_engine_args(): Using pool settings. pool_size=5, max_overflow=10, pool_recycle=1800, pid=205
[2024-07-11T08:38:02.179+0000] {processor.py:161} INFO - Started process (PID=205) to work on /home/airflow/.local/lib/python3.10/site-packages/airflow/example_dags/plugins/workday.py
[2024-07-11T08:38:02.179+0000] {processor.py:830} INFO - Processing file /home/airflow/.local/lib/python3.10/site-packages/airflow/example_dags/plugins/workday.py for tasks to queue
[2024-07-11T08:38:02.180+0000] {logging_mixin.py:188} INFO - [2024-07-11T08:38:02.180+0000] {dagbag.py:540} INFO - Filling up the DagBag from /home/airflow/.local/lib/python3.10/site-packages/airflow/example_dags/plugins/workday.py
[2024-07-11T08:38:02.181+0000] {logging_mixin.py:188} INFO - [2024-07-11T08:38:02.181+0000] {dagbag.py:332} DEBUG - Importing /home/airflow/.local/lib/python3.10/site-packages/airflow/example_dags/plugins/workday.py
[2024-07-11T08:38:02.447+0000] {processor.py:842} WARNING - No viable dags retrieved from /home/airflow/.local/lib/python3.10/site-packages/airflow/example_dags/plugins/workday.py
[2024-07-11T08:38:02.456+0000] {processor.py:183} INFO - Processing /home/airflow/.local/lib/python3.10/site-packages/airflow/example_dags/plugins/workday.py took 0.281 seconds
[2024-07-11T08:38:33.413+0000] {logging_mixin.py:188} INFO - [2024-07-11T08:38:33.413+0000] {settings.py:249} DEBUG - Setting up DB connection pool (PID 261)
[2024-07-11T08:38:33.426+0000] {logging_mixin.py:188} INFO - [2024-07-11T08:38:33.425+0000] {settings.py:350} DEBUG - settings.prepare_engine_args(): Using pool settings. pool_size=5, max_overflow=10, pool_recycle=1800, pid=261
[2024-07-11T08:38:33.433+0000] {processor.py:161} INFO - Started process (PID=261) to work on /home/airflow/.local/lib/python3.10/site-packages/airflow/example_dags/plugins/workday.py
[2024-07-11T08:38:33.434+0000] {processor.py:830} INFO - Processing file /home/airflow/.local/lib/python3.10/site-packages/airflow/example_dags/plugins/workday.py for tasks to queue
[2024-07-11T08:38:33.436+0000] {logging_mixin.py:188} INFO - [2024-07-11T08:38:33.435+0000] {dagbag.py:540} INFO - Filling up the DagBag from /home/airflow/.local/lib/python3.10/site-packages/airflow/example_dags/plugins/workday.py
[2024-07-11T08:38:33.438+0000] {logging_mixin.py:188} INFO - [2024-07-11T08:38:33.438+0000] {dagbag.py:332} DEBUG - Importing /home/airflow/.local/lib/python3.10/site-packages/airflow/example_dags/plugins/workday.py
[2024-07-11T08:38:33.638+0000] {processor.py:842} WARNING - No viable dags retrieved from /home/airflow/.local/lib/python3.10/site-packages/airflow/example_dags/plugins/workday.py
[2024-07-11T08:38:33.647+0000] {processor.py:183} INFO - Processing /home/airflow/.local/lib/python3.10/site-packages/airflow/example_dags/plugins/workday.py took 0.234 seconds
[2024-07-11T08:39:03.759+0000] {logging_mixin.py:188} INFO - [2024-07-11T08:39:03.759+0000] {settings.py:249} DEBUG - Setting up DB connection pool (PID 317)
[2024-07-11T08:39:03.771+0000] {logging_mixin.py:188} INFO - [2024-07-11T08:39:03.771+0000] {settings.py:350} DEBUG - settings.prepare_engine_args(): Using pool settings. pool_size=5, max_overflow=10, pool_recycle=1800, pid=317
[2024-07-11T08:39:03.776+0000] {processor.py:161} INFO - Started process (PID=317) to work on /home/airflow/.local/lib/python3.10/site-packages/airflow/example_dags/plugins/workday.py
[2024-07-11T08:39:03.777+0000] {processor.py:830} INFO - Processing file /home/airflow/.local/lib/python3.10/site-packages/airflow/example_dags/plugins/workday.py for tasks to queue
[2024-07-11T08:39:03.777+0000] {logging_mixin.py:188} INFO - [2024-07-11T08:39:03.777+0000] {dagbag.py:540} INFO - Filling up the DagBag from /home/airflow/.local/lib/python3.10/site-packages/airflow/example_dags/plugins/workday.py
[2024-07-11T08:39:03.779+0000] {logging_mixin.py:188} INFO - [2024-07-11T08:39:03.779+0000] {dagbag.py:332} DEBUG - Importing /home/airflow/.local/lib/python3.10/site-packages/airflow/example_dags/plugins/workday.py
[2024-07-11T08:39:04.001+0000] {processor.py:842} WARNING - No viable dags retrieved from /home/airflow/.local/lib/python3.10/site-packages/airflow/example_dags/plugins/workday.py
[2024-07-11T08:39:04.010+0000] {processor.py:183} INFO - Processing /home/airflow/.local/lib/python3.10/site-packages/airflow/example_dags/plugins/workday.py took 0.251 seconds
[2024-07-11T08:39:34.028+0000] {logging_mixin.py:188} INFO - [2024-07-11T08:39:34.028+0000] {settings.py:249} DEBUG - Setting up DB connection pool (PID 373)
[2024-07-11T08:39:34.039+0000] {logging_mixin.py:188} INFO - [2024-07-11T08:39:34.039+0000] {settings.py:350} DEBUG - settings.prepare_engine_args(): Using pool settings. pool_size=5, max_overflow=10, pool_recycle=1800, pid=373
[2024-07-11T08:39:34.041+0000] {processor.py:161} INFO - Started process (PID=373) to work on /home/airflow/.local/lib/python3.10/site-packages/airflow/example_dags/plugins/workday.py
[2024-07-11T08:39:34.041+0000] {processor.py:830} INFO - Processing file /home/airflow/.local/lib/python3.10/site-packages/airflow/example_dags/plugins/workday.py for tasks to queue
[2024-07-11T08:39:34.042+0000] {logging_mixin.py:188} INFO - [2024-07-11T08:39:34.042+0000] {dagbag.py:540} INFO - Filling up the DagBag from /home/airflow/.local/lib/python3.10/site-packages/airflow/example_dags/plugins/workday.py
[2024-07-11T08:39:34.043+0000] {logging_mixin.py:188} INFO - [2024-07-11T08:39:34.042+0000] {dagbag.py:332} DEBUG - Importing /home/airflow/.local/lib/python3.10/site-packages/airflow/example_dags/plugins/workday.py
[2024-07-11T08:39:34.248+0000] {processor.py:842} WARNING - No viable dags retrieved from /home/airflow/.local/lib/python3.10/site-packages/airflow/example_dags/plugins/workday.py
[2024-07-11T08:39:34.257+0000] {processor.py:183} INFO - Processing /home/airflow/.local/lib/python3.10/site-packages/airflow/example_dags/plugins/workday.py took 0.230 seconds
[2024-07-11T08:40:04.327+0000] {logging_mixin.py:188} INFO - [2024-07-11T08:40:04.326+0000] {settings.py:249} DEBUG - Setting up DB connection pool (PID 429)
[2024-07-11T08:40:04.328+0000] {logging_mixin.py:188} INFO - [2024-07-11T08:40:04.328+0000] {settings.py:350} DEBUG - settings.prepare_engine_args(): Using pool settings. pool_size=5, max_overflow=10, pool_recycle=1800, pid=429
[2024-07-11T08:40:04.331+0000] {processor.py:161} INFO - Started process (PID=429) to work on /home/airflow/.local/lib/python3.10/site-packages/airflow/example_dags/plugins/workday.py
[2024-07-11T08:40:04.332+0000] {processor.py:830} INFO - Processing file /home/airflow/.local/lib/python3.10/site-packages/airflow/example_dags/plugins/workday.py for tasks to queue
[2024-07-11T08:40:04.333+0000] {logging_mixin.py:188} INFO - [2024-07-11T08:40:04.332+0000] {dagbag.py:540} INFO - Filling up the DagBag from /home/airflow/.local/lib/python3.10/site-packages/airflow/example_dags/plugins/workday.py
[2024-07-11T08:40:04.334+0000] {logging_mixin.py:188} INFO - [2024-07-11T08:40:04.334+0000] {dagbag.py:332} DEBUG - Importing /home/airflow/.local/lib/python3.10/site-packages/airflow/example_dags/plugins/workday.py
[2024-07-11T08:40:04.548+0000] {processor.py:842} WARNING - No viable dags retrieved from /home/airflow/.local/lib/python3.10/site-packages/airflow/example_dags/plugins/workday.py
[2024-07-11T08:40:04.557+0000] {processor.py:183} INFO - Processing /home/airflow/.local/lib/python3.10/site-packages/airflow/example_dags/plugins/workday.py took 0.230 seconds
[2024-07-11T08:41:14.471+0000] {logging_mixin.py:188} INFO - [2024-07-11T08:41:14.471+0000] {settings.py:249} DEBUG - Setting up DB connection pool (PID 85)
[2024-07-11T08:41:14.472+0000] {logging_mixin.py:188} INFO - [2024-07-11T08:41:14.472+0000] {settings.py:350} DEBUG - settings.prepare_engine_args(): Using pool settings. pool_size=5, max_overflow=10, pool_recycle=1800, pid=85
[2024-07-11T08:41:14.474+0000] {processor.py:161} INFO - Started process (PID=85) to work on /home/airflow/.local/lib/python3.10/site-packages/airflow/example_dags/plugins/workday.py
[2024-07-11T08:41:14.474+0000] {processor.py:830} INFO - Processing file /home/airflow/.local/lib/python3.10/site-packages/airflow/example_dags/plugins/workday.py for tasks to queue
[2024-07-11T08:41:14.475+0000] {logging_mixin.py:188} INFO - [2024-07-11T08:41:14.475+0000] {dagbag.py:540} INFO - Filling up the DagBag from /home/airflow/.local/lib/python3.10/site-packages/airflow/example_dags/plugins/workday.py
[2024-07-11T08:41:14.476+0000] {logging_mixin.py:188} INFO - [2024-07-11T08:41:14.475+0000] {dagbag.py:332} DEBUG - Importing /home/airflow/.local/lib/python3.10/site-packages/airflow/example_dags/plugins/workday.py
[2024-07-11T08:41:15.681+0000] {processor.py:842} WARNING - No viable dags retrieved from /home/airflow/.local/lib/python3.10/site-packages/airflow/example_dags/plugins/workday.py
[2024-07-11T08:41:15.693+0000] {processor.py:183} INFO - Processing /home/airflow/.local/lib/python3.10/site-packages/airflow/example_dags/plugins/workday.py took 1.222 seconds
[2024-07-11T08:41:46.520+0000] {logging_mixin.py:188} INFO - [2024-07-11T08:41:46.520+0000] {settings.py:249} DEBUG - Setting up DB connection pool (PID 143)
[2024-07-11T08:41:46.521+0000] {logging_mixin.py:188} INFO - [2024-07-11T08:41:46.521+0000] {settings.py:350} DEBUG - settings.prepare_engine_args(): Using pool settings. pool_size=5, max_overflow=10, pool_recycle=1800, pid=143
[2024-07-11T08:41:46.524+0000] {processor.py:161} INFO - Started process (PID=143) to work on /home/airflow/.local/lib/python3.10/site-packages/airflow/example_dags/plugins/workday.py
[2024-07-11T08:41:46.525+0000] {processor.py:830} INFO - Processing file /home/airflow/.local/lib/python3.10/site-packages/airflow/example_dags/plugins/workday.py for tasks to queue
[2024-07-11T08:41:46.525+0000] {logging_mixin.py:188} INFO - [2024-07-11T08:41:46.525+0000] {dagbag.py:540} INFO - Filling up the DagBag from /home/airflow/.local/lib/python3.10/site-packages/airflow/example_dags/plugins/workday.py
[2024-07-11T08:41:46.526+0000] {logging_mixin.py:188} INFO - [2024-07-11T08:41:46.526+0000] {dagbag.py:332} DEBUG - Importing /home/airflow/.local/lib/python3.10/site-packages/airflow/example_dags/plugins/workday.py
[2024-07-11T08:41:46.803+0000] {processor.py:842} WARNING - No viable dags retrieved from /home/airflow/.local/lib/python3.10/site-packages/airflow/example_dags/plugins/workday.py
[2024-07-11T08:41:46.814+0000] {processor.py:183} INFO - Processing /home/airflow/.local/lib/python3.10/site-packages/airflow/example_dags/plugins/workday.py took 0.295 seconds
[2024-07-11T08:42:17.011+0000] {logging_mixin.py:188} INFO - [2024-07-11T08:42:17.010+0000] {settings.py:249} DEBUG - Setting up DB connection pool (PID 203)
[2024-07-11T08:42:17.011+0000] {logging_mixin.py:188} INFO - [2024-07-11T08:42:17.011+0000] {settings.py:350} DEBUG - settings.prepare_engine_args(): Using pool settings. pool_size=5, max_overflow=10, pool_recycle=1800, pid=203
[2024-07-11T08:42:17.013+0000] {processor.py:161} INFO - Started process (PID=203) to work on /home/airflow/.local/lib/python3.10/site-packages/airflow/example_dags/plugins/workday.py
[2024-07-11T08:42:17.014+0000] {processor.py:830} INFO - Processing file /home/airflow/.local/lib/python3.10/site-packages/airflow/example_dags/plugins/workday.py for tasks to queue
[2024-07-11T08:42:17.014+0000] {logging_mixin.py:188} INFO - [2024-07-11T08:42:17.014+0000] {dagbag.py:540} INFO - Filling up the DagBag from /home/airflow/.local/lib/python3.10/site-packages/airflow/example_dags/plugins/workday.py
[2024-07-11T08:42:17.015+0000] {logging_mixin.py:188} INFO - [2024-07-11T08:42:17.015+0000] {dagbag.py:332} DEBUG - Importing /home/airflow/.local/lib/python3.10/site-packages/airflow/example_dags/plugins/workday.py
[2024-07-11T08:42:17.267+0000] {processor.py:842} WARNING - No viable dags retrieved from /home/airflow/.local/lib/python3.10/site-packages/airflow/example_dags/plugins/workday.py
[2024-07-11T08:42:17.278+0000] {processor.py:183} INFO - Processing /home/airflow/.local/lib/python3.10/site-packages/airflow/example_dags/plugins/workday.py took 0.268 seconds
[2024-07-11T08:42:48.228+0000] {logging_mixin.py:188} INFO - [2024-07-11T08:42:48.227+0000] {settings.py:249} DEBUG - Setting up DB connection pool (PID 261)
[2024-07-11T08:42:48.228+0000] {logging_mixin.py:188} INFO - [2024-07-11T08:42:48.228+0000] {settings.py:350} DEBUG - settings.prepare_engine_args(): Using pool settings. pool_size=5, max_overflow=10, pool_recycle=1800, pid=261
[2024-07-11T08:42:48.230+0000] {processor.py:161} INFO - Started process (PID=261) to work on /home/airflow/.local/lib/python3.10/site-packages/airflow/example_dags/plugins/workday.py
[2024-07-11T08:42:48.230+0000] {processor.py:830} INFO - Processing file /home/airflow/.local/lib/python3.10/site-packages/airflow/example_dags/plugins/workday.py for tasks to queue
[2024-07-11T08:42:48.231+0000] {logging_mixin.py:188} INFO - [2024-07-11T08:42:48.231+0000] {dagbag.py:540} INFO - Filling up the DagBag from /home/airflow/.local/lib/python3.10/site-packages/airflow/example_dags/plugins/workday.py
[2024-07-11T08:42:48.232+0000] {logging_mixin.py:188} INFO - [2024-07-11T08:42:48.232+0000] {dagbag.py:332} DEBUG - Importing /home/airflow/.local/lib/python3.10/site-packages/airflow/example_dags/plugins/workday.py
[2024-07-11T08:42:48.436+0000] {processor.py:842} WARNING - No viable dags retrieved from /home/airflow/.local/lib/python3.10/site-packages/airflow/example_dags/plugins/workday.py
[2024-07-11T08:42:48.445+0000] {processor.py:183} INFO - Processing /home/airflow/.local/lib/python3.10/site-packages/airflow/example_dags/plugins/workday.py took 0.217 seconds
[2024-07-11T08:43:19.465+0000] {logging_mixin.py:188} INFO - [2024-07-11T08:43:19.463+0000] {settings.py:249} DEBUG - Setting up DB connection pool (PID 317)
[2024-07-11T08:43:19.477+0000] {logging_mixin.py:188} INFO - [2024-07-11T08:43:19.476+0000] {settings.py:350} DEBUG - settings.prepare_engine_args(): Using pool settings. pool_size=5, max_overflow=10, pool_recycle=1800, pid=317
[2024-07-11T08:43:19.480+0000] {processor.py:161} INFO - Started process (PID=317) to work on /home/airflow/.local/lib/python3.10/site-packages/airflow/example_dags/plugins/workday.py
[2024-07-11T08:43:19.480+0000] {processor.py:830} INFO - Processing file /home/airflow/.local/lib/python3.10/site-packages/airflow/example_dags/plugins/workday.py for tasks to queue
[2024-07-11T08:43:19.481+0000] {logging_mixin.py:188} INFO - [2024-07-11T08:43:19.481+0000] {dagbag.py:540} INFO - Filling up the DagBag from /home/airflow/.local/lib/python3.10/site-packages/airflow/example_dags/plugins/workday.py
[2024-07-11T08:43:19.482+0000] {logging_mixin.py:188} INFO - [2024-07-11T08:43:19.482+0000] {dagbag.py:332} DEBUG - Importing /home/airflow/.local/lib/python3.10/site-packages/airflow/example_dags/plugins/workday.py
[2024-07-11T08:43:19.680+0000] {processor.py:842} WARNING - No viable dags retrieved from /home/airflow/.local/lib/python3.10/site-packages/airflow/example_dags/plugins/workday.py
[2024-07-11T08:43:19.689+0000] {processor.py:183} INFO - Processing /home/airflow/.local/lib/python3.10/site-packages/airflow/example_dags/plugins/workday.py took 0.225 seconds
[2024-07-11T08:43:49.843+0000] {logging_mixin.py:188} INFO - [2024-07-11T08:43:49.842+0000] {settings.py:249} DEBUG - Setting up DB connection pool (PID 373)
[2024-07-11T08:43:49.855+0000] {logging_mixin.py:188} INFO - [2024-07-11T08:43:49.855+0000] {settings.py:350} DEBUG - settings.prepare_engine_args(): Using pool settings. pool_size=5, max_overflow=10, pool_recycle=1800, pid=373
[2024-07-11T08:43:49.857+0000] {processor.py:161} INFO - Started process (PID=373) to work on /home/airflow/.local/lib/python3.10/site-packages/airflow/example_dags/plugins/workday.py
[2024-07-11T08:43:49.858+0000] {processor.py:830} INFO - Processing file /home/airflow/.local/lib/python3.10/site-packages/airflow/example_dags/plugins/workday.py for tasks to queue
[2024-07-11T08:43:49.858+0000] {logging_mixin.py:188} INFO - [2024-07-11T08:43:49.858+0000] {dagbag.py:540} INFO - Filling up the DagBag from /home/airflow/.local/lib/python3.10/site-packages/airflow/example_dags/plugins/workday.py
[2024-07-11T08:43:49.860+0000] {logging_mixin.py:188} INFO - [2024-07-11T08:43:49.859+0000] {dagbag.py:332} DEBUG - Importing /home/airflow/.local/lib/python3.10/site-packages/airflow/example_dags/plugins/workday.py
[2024-07-11T08:43:50.053+0000] {processor.py:842} WARNING - No viable dags retrieved from /home/airflow/.local/lib/python3.10/site-packages/airflow/example_dags/plugins/workday.py
[2024-07-11T08:43:50.061+0000] {processor.py:183} INFO - Processing /home/airflow/.local/lib/python3.10/site-packages/airflow/example_dags/plugins/workday.py took 0.220 seconds
[2024-07-11T08:44:20.234+0000] {logging_mixin.py:188} INFO - [2024-07-11T08:44:20.233+0000] {settings.py:249} DEBUG - Setting up DB connection pool (PID 429)
[2024-07-11T08:44:20.246+0000] {logging_mixin.py:188} INFO - [2024-07-11T08:44:20.246+0000] {settings.py:350} DEBUG - settings.prepare_engine_args(): Using pool settings. pool_size=5, max_overflow=10, pool_recycle=1800, pid=429
[2024-07-11T08:44:20.249+0000] {processor.py:161} INFO - Started process (PID=429) to work on /home/airflow/.local/lib/python3.10/site-packages/airflow/example_dags/plugins/workday.py
[2024-07-11T08:44:20.249+0000] {processor.py:830} INFO - Processing file /home/airflow/.local/lib/python3.10/site-packages/airflow/example_dags/plugins/workday.py for tasks to queue
[2024-07-11T08:44:20.250+0000] {logging_mixin.py:188} INFO - [2024-07-11T08:44:20.250+0000] {dagbag.py:540} INFO - Filling up the DagBag from /home/airflow/.local/lib/python3.10/site-packages/airflow/example_dags/plugins/workday.py
[2024-07-11T08:44:20.251+0000] {logging_mixin.py:188} INFO - [2024-07-11T08:44:20.251+0000] {dagbag.py:332} DEBUG - Importing /home/airflow/.local/lib/python3.10/site-packages/airflow/example_dags/plugins/workday.py
[2024-07-11T08:44:20.454+0000] {processor.py:842} WARNING - No viable dags retrieved from /home/airflow/.local/lib/python3.10/site-packages/airflow/example_dags/plugins/workday.py
[2024-07-11T08:44:20.462+0000] {processor.py:183} INFO - Processing /home/airflow/.local/lib/python3.10/site-packages/airflow/example_dags/plugins/workday.py took 0.229 seconds
[2024-07-11T08:44:50.522+0000] {logging_mixin.py:188} INFO - [2024-07-11T08:44:50.520+0000] {settings.py:249} DEBUG - Setting up DB connection pool (PID 485)
[2024-07-11T08:44:50.534+0000] {logging_mixin.py:188} INFO - [2024-07-11T08:44:50.533+0000] {settings.py:350} DEBUG - settings.prepare_engine_args(): Using pool settings. pool_size=5, max_overflow=10, pool_recycle=1800, pid=485
[2024-07-11T08:44:50.537+0000] {processor.py:161} INFO - Started process (PID=485) to work on /home/airflow/.local/lib/python3.10/site-packages/airflow/example_dags/plugins/workday.py
[2024-07-11T08:44:50.537+0000] {processor.py:830} INFO - Processing file /home/airflow/.local/lib/python3.10/site-packages/airflow/example_dags/plugins/workday.py for tasks to queue
[2024-07-11T08:44:50.537+0000] {logging_mixin.py:188} INFO - [2024-07-11T08:44:50.537+0000] {dagbag.py:540} INFO - Filling up the DagBag from /home/airflow/.local/lib/python3.10/site-packages/airflow/example_dags/plugins/workday.py
[2024-07-11T08:44:50.538+0000] {logging_mixin.py:188} INFO - [2024-07-11T08:44:50.538+0000] {dagbag.py:332} DEBUG - Importing /home/airflow/.local/lib/python3.10/site-packages/airflow/example_dags/plugins/workday.py
[2024-07-11T08:44:50.859+0000] {processor.py:842} WARNING - No viable dags retrieved from /home/airflow/.local/lib/python3.10/site-packages/airflow/example_dags/plugins/workday.py
[2024-07-11T08:44:50.870+0000] {processor.py:183} INFO - Processing /home/airflow/.local/lib/python3.10/site-packages/airflow/example_dags/plugins/workday.py took 0.350 seconds
