[2024-07-17T09:17:57.168+0000] {taskinstance.py:991} DEBUG - previous_execution_date was called
[2024-07-17T09:17:57.182+0000] {__init__.py:54} DEBUG - Loading core task runner: StandardTaskRunner
[2024-07-17T09:17:57.195+0000] {taskinstance.py:991} DEBUG - previous_execution_date was called
[2024-07-17T09:17:57.199+0000] {base_task_runner.py:72} DEBUG - Planning to run as the  user
[2024-07-17T09:17:57.226+0000] {taskinstance.py:1988} DEBUG - <TaskInstance: hive_etl.create_hive_table scheduled__2023-03-06T00:00:00+00:00 [queued]> dependency 'Not In Retry Period' PASSED: True, The task instance was not marked for retrying.
[2024-07-17T09:17:57.226+0000] {taskinstance.py:1988} DEBUG - <TaskInstance: hive_etl.create_hive_table scheduled__2023-03-06T00:00:00+00:00 [queued]> dependency 'Task Instance State' PASSED: True, Task state queued was valid.
[2024-07-17T09:17:57.227+0000] {taskinstance.py:1988} DEBUG - <TaskInstance: hive_etl.create_hive_table scheduled__2023-03-06T00:00:00+00:00 [queued]> dependency 'Task Instance Not Running' PASSED: True, Task is not in running state.
[2024-07-17T09:17:57.235+0000] {taskinstance.py:1988} DEBUG - <TaskInstance: hive_etl.create_hive_table scheduled__2023-03-06T00:00:00+00:00 [queued]> dependency 'Previous Dagrun State' PASSED: True, The task did not have depends_on_past set.
[2024-07-17T09:17:57.235+0000] {taskinstance.py:1979} INFO - Dependencies all met for dep_context=non-requeueable deps ti=<TaskInstance: hive_etl.create_hive_table scheduled__2023-03-06T00:00:00+00:00 [queued]>
[2024-07-17T09:17:57.236+0000] {taskinstance.py:1988} DEBUG - <TaskInstance: hive_etl.create_hive_table scheduled__2023-03-06T00:00:00+00:00 [queued]> dependency 'Not In Retry Period' PASSED: True, The task instance was not marked for retrying.
[2024-07-17T09:17:57.243+0000] {taskinstance.py:1988} DEBUG - <TaskInstance: hive_etl.create_hive_table scheduled__2023-03-06T00:00:00+00:00 [queued]> dependency 'Pool Slots Available' PASSED: True, There are enough open slots in default_pool to execute the task
[2024-07-17T09:17:57.246+0000] {taskinstance.py:1988} DEBUG - <TaskInstance: hive_etl.create_hive_table scheduled__2023-03-06T00:00:00+00:00 [queued]> dependency 'Task Concurrency' PASSED: True, Task concurrency is not set.
[2024-07-17T09:17:57.249+0000] {taskinstance.py:1988} DEBUG - <TaskInstance: hive_etl.create_hive_table scheduled__2023-03-06T00:00:00+00:00 [queued]> dependency 'Previous Dagrun State' PASSED: True, The task did not have depends_on_past set.
[2024-07-17T09:17:57.250+0000] {taskinstance.py:1979} INFO - Dependencies all met for dep_context=requeueable deps ti=<TaskInstance: hive_etl.create_hive_table scheduled__2023-03-06T00:00:00+00:00 [queued]>
[2024-07-17T09:17:57.250+0000] {taskinstance.py:2193} INFO - Starting attempt 2 of 2
[2024-07-17T09:17:57.267+0000] {taskinstance.py:2214} INFO - Executing <Task(PythonOperator): create_hive_table> on 2023-03-06 00:00:00+00:00
[2024-07-17T09:17:57.278+0000] {standard_task_runner.py:60} INFO - Started process 727 to run task
[2024-07-17T09:17:57.281+0000] {standard_task_runner.py:87} INFO - Running: ['***', 'tasks', 'run', 'hive_etl', 'create_hive_table', 'scheduled__2023-03-06T00:00:00+00:00', '--job-id', '1674', '--raw', '--subdir', 'DAGS_FOLDER/new.py', '--cfg-path', '/tmp/tmpta86gup9']
[2024-07-17T09:17:57.282+0000] {standard_task_runner.py:88} INFO - Job 1674: Subtask create_hive_table
[2024-07-17T09:17:57.283+0000] {cli_action_loggers.py:67} DEBUG - Calling callbacks: [<function default_action_log at 0x799cf7552f80>]
[2024-07-17T09:17:57.334+0000] {taskinstance.py:991} DEBUG - previous_execution_date was called
[2024-07-17T09:17:57.337+0000] {task_command.py:423} INFO - Running <TaskInstance: hive_etl.create_hive_table scheduled__2023-03-06T00:00:00+00:00 [running]> on host a88c97f6715f
[2024-07-17T09:17:57.338+0000] {settings.py:386} DEBUG - Disposing DB connection pool (PID 727)
[2024-07-17T09:17:57.338+0000] {settings.py:249} DEBUG - Setting up DB connection pool (PID 727)
[2024-07-17T09:17:57.339+0000] {settings.py:318} DEBUG - settings.prepare_engine_args(): Using NullPool
[2024-07-17T09:17:57.383+0000] {taskinstance.py:991} DEBUG - previous_execution_date was called
[2024-07-17T09:17:57.385+0000] {taskinstance.py:1769} DEBUG - Clearing XCom data
[2024-07-17T09:17:57.391+0000] {retries.py:93} DEBUG - Running RenderedTaskInstanceFields.write with retries. Try 1 of 3
[2024-07-17T09:17:57.422+0000] {retries.py:93} DEBUG - Running RenderedTaskInstanceFields._do_delete_old_records with retries. Try 1 of 3
[2024-07-17T09:17:57.434+0000] {taskinstance.py:2510} INFO - Exporting env vars: AIRFLOW_CTX_DAG_OWNER='***' AIRFLOW_CTX_DAG_ID='hive_etl' AIRFLOW_CTX_TASK_ID='create_hive_table' AIRFLOW_CTX_EXECUTION_DATE='2023-03-06T00:00:00+00:00' AIRFLOW_CTX_TRY_NUMBER='2' AIRFLOW_CTX_DAG_RUN_ID='scheduled__2023-03-06T00:00:00+00:00'
[2024-07-17T09:17:57.434+0000] {__init__.py:115} DEBUG - Preparing lineage inlets and outlets
[2024-07-17T09:17:57.435+0000] {__init__.py:154} DEBUG - inlets: [], outlets: []
[2024-07-17T09:17:57.541+0000] {hive.py:609} DEBUG - TOpenSessionResp(status=TStatus(statusCode=0, infoMessages=None, sqlState=None, errorCode=None, errorMessage=None), serverProtocolVersion=5, sessionHandle=TSessionHandle(sessionId=THandleIdentifier(guid=b"\x80\xb8\xb5\xed7\xdbO\x01\x84\xf4w\xe8\x82d'\xc0", secret=b'3]\xa1\xef8XAc\xa2\x8c++D\xa76\x1c')), configuration={'hive.server2.thrift.resultset.default.fetch.size': '1000'})
[2024-07-17T09:17:57.542+0000] {hive.py:475} INFO - USE `default`
[2024-07-17T09:17:57.542+0000] {hive.py:479} DEBUG - TExecuteStatementReq(sessionHandle=TSessionHandle(sessionId=THandleIdentifier(guid=b"\x80\xb8\xb5\xed7\xdbO\x01\x84\xf4w\xe8\x82d'\xc0", secret=b'3]\xa1\xef8XAc\xa2\x8c++D\xa76\x1c')), statement='USE `default`', confOverlay=None, runAsync=False, queryTimeout=0)
[2024-07-17T09:17:57.596+0000] {hive.py:609} DEBUG - TExecuteStatementResp(status=TStatus(statusCode=0, infoMessages=None, sqlState=None, errorCode=None, errorMessage=None), operationHandle=TOperationHandle(operationId=THandleIdentifier(guid=b'++\\j\xfa\xd4G\x15\xb4q]\x11w\xd2\xbb\xcb', secret=b'\xd6\xc8\x11-4\x19B\xc6\xb8l#le4\xff\x0f'), operationType=0, hasResultSet=False, modifiedRowCount=None))
[2024-07-17T09:17:57.597+0000] {hive.py:609} DEBUG - TCloseOperationResp(status=TStatus(statusCode=0, infoMessages=None, sqlState=None, errorCode=None, errorMessage=None))
[2024-07-17T09:17:57.598+0000] {hive.py:475} INFO - 
    CREATE TABLE IF NOT EXISTS my_table (
        id INT,
        name STRING
    )
    ROW FORMAT DELIMITED
    FIELDS TERMINATED BY ','
    STORED AS TEXTFILE
    
[2024-07-17T09:17:57.598+0000] {hive.py:479} DEBUG - TExecuteStatementReq(sessionHandle=TSessionHandle(sessionId=THandleIdentifier(guid=b"\x80\xb8\xb5\xed7\xdbO\x01\x84\xf4w\xe8\x82d'\xc0", secret=b'3]\xa1\xef8XAc\xa2\x8c++D\xa76\x1c')), statement="\n    CREATE TABLE IF NOT EXISTS my_table (\n        id INT,\n        name STRING\n    )\n    ROW FORMAT DELIMITED\n    FIELDS TERMINATED BY ','\n    STORED AS TEXTFILE\n    ", confOverlay=None, runAsync=False, queryTimeout=0)
[2024-07-17T09:17:57.730+0000] {hive.py:609} DEBUG - TExecuteStatementResp(status=TStatus(statusCode=0, infoMessages=None, sqlState=None, errorCode=None, errorMessage=None), operationHandle=TOperationHandle(operationId=THandleIdentifier(guid=b'16\x99N\x99\x13Gp\x8d\xfe&\xb8{\xdf\xfe\\', secret=b'\x81 \xe0\xb8\xc2\x08B\n\xbbw`h\xe7\x13\x14\x89'), operationType=0, hasResultSet=False, modifiedRowCount=None))
[2024-07-17T09:17:57.735+0000] {hive.py:609} DEBUG - TCloseSessionResp(status=TStatus(statusCode=0, infoMessages=None, sqlState=None, errorCode=None, errorMessage=None))
[2024-07-17T09:17:57.736+0000] {python.py:202} INFO - Done. Returned value was: None
[2024-07-17T09:17:57.736+0000] {__init__.py:73} DEBUG - Lineage called with inlets: [], outlets: []
[2024-07-17T09:17:57.744+0000] {taskinstance.py:549} DEBUG - Clearing next_method and next_kwargs.
[2024-07-17T09:17:57.744+0000] {taskinstance.py:1149} INFO - Marking task as SUCCESS. dag_id=hive_etl, task_id=create_hive_table, execution_date=20230306T000000, start_date=20240717T091757, end_date=20240717T091757
[2024-07-17T09:17:57.745+0000] {taskinstance.py:527} DEBUG - Task Duration set to 0.508703
[2024-07-17T09:17:57.758+0000] {cli_action_loggers.py:85} DEBUG - Calling callbacks: []
[2024-07-17T09:17:57.774+0000] {local_task_job_runner.py:234} INFO - Task exited with return code 0
[2024-07-17T09:17:57.799+0000] {dagrun.py:876} DEBUG - number of tis tasks for <DagRun hive_etl @ 2023-03-06 00:00:00+00:00: scheduled__2023-03-06T00:00:00+00:00, state:running, queued_at: 2024-07-17 09:12:48.476682+00:00. externally triggered: False>: 3 task(s)
[2024-07-17T09:17:57.800+0000] {dagrun.py:897} DEBUG - number of scheduleable tasks for <DagRun hive_etl @ 2023-03-06 00:00:00+00:00: scheduled__2023-03-06T00:00:00+00:00, state:running, queued_at: 2024-07-17 09:12:48.476682+00:00. externally triggered: False>: 2 task(s)
[2024-07-17T09:17:57.800+0000] {taskinstance.py:1988} DEBUG - <TaskInstance: hive_etl.load_data_into_hive scheduled__2023-03-06T00:00:00+00:00 [None]> dependency 'Not In Retry Period' PASSED: True, The task instance was not marked for retrying.
[2024-07-17T09:17:57.801+0000] {taskinstance.py:1988} DEBUG - <TaskInstance: hive_etl.load_data_into_hive scheduled__2023-03-06T00:00:00+00:00 [None]> dependency 'Previous Dagrun State' PASSED: True, The task did not have depends_on_past set.
[2024-07-17T09:17:57.801+0000] {taskinstance.py:1979} DEBUG - Dependencies all met for dep_context=None ti=<TaskInstance: hive_etl.load_data_into_hive scheduled__2023-03-06T00:00:00+00:00 [None]>
[2024-07-17T09:17:57.801+0000] {taskinstance.py:1988} DEBUG - <TaskInstance: hive_etl.end scheduled__2023-03-06T00:00:00+00:00 [None]> dependency 'Not In Retry Period' PASSED: True, The task instance was not marked for retrying.
[2024-07-17T09:17:57.802+0000] {taskinstance.py:1988} DEBUG - <TaskInstance: hive_etl.end scheduled__2023-03-06T00:00:00+00:00 [None]> dependency 'Trigger Rule' PASSED: False, Task's trigger rule 'all_success' requires all upstream tasks to have succeeded, but found 1 non-success(es). upstream_states=_UpstreamTIStates(success=0, skipped=0, failed=0, upstream_failed=0, removed=0, done=0, success_setup=0, skipped_setup=0), upstream_task_ids={'load_data_into_hive'}
[2024-07-17T09:17:57.802+0000] {taskinstance.py:1969} DEBUG - Dependencies not met for <TaskInstance: hive_etl.end scheduled__2023-03-06T00:00:00+00:00 [None]>, dependency 'Trigger Rule' FAILED: Task's trigger rule 'all_success' requires all upstream tasks to have succeeded, but found 1 non-success(es). upstream_states=_UpstreamTIStates(success=0, skipped=0, failed=0, upstream_failed=0, removed=0, done=0, success_setup=0, skipped_setup=0), upstream_task_ids={'load_data_into_hive'}
[2024-07-17T09:17:57.803+0000] {taskinstance.py:1988} DEBUG - <TaskInstance: hive_etl.end scheduled__2023-03-06T00:00:00+00:00 [None]> dependency 'Previous Dagrun State' PASSED: True, The task did not have depends_on_past set.
[2024-07-17T09:17:57.812+0000] {taskinstance.py:3309} INFO - 1 downstream tasks scheduled from follow-on schedule check
