[2024-07-17T08:50:46.762+0000] {taskinstance.py:991} DEBUG - previous_execution_date was called
[2024-07-17T08:50:46.825+0000] {__init__.py:54} DEBUG - Loading core task runner: StandardTaskRunner
[2024-07-17T08:50:46.895+0000] {taskinstance.py:991} DEBUG - previous_execution_date was called
[2024-07-17T08:50:46.899+0000] {base_task_runner.py:72} DEBUG - Planning to run as the  user
[2024-07-17T08:50:46.976+0000] {taskinstance.py:1988} DEBUG - <TaskInstance: hive_etl.extract_from_mysql scheduled__2023-01-04T00:00:00+00:00 [queued]> dependency 'Not In Retry Period' PASSED: True, The task instance was not marked for retrying.
[2024-07-17T08:50:46.976+0000] {taskinstance.py:1988} DEBUG - <TaskInstance: hive_etl.extract_from_mysql scheduled__2023-01-04T00:00:00+00:00 [queued]> dependency 'Previous Dagrun State' PASSED: True, The task did not have depends_on_past set.
[2024-07-17T08:50:46.976+0000] {taskinstance.py:1988} DEBUG - <TaskInstance: hive_etl.extract_from_mysql scheduled__2023-01-04T00:00:00+00:00 [queued]> dependency 'Task Instance Not Running' PASSED: True, Task is not in running state.
[2024-07-17T08:50:46.977+0000] {taskinstance.py:1988} DEBUG - <TaskInstance: hive_etl.extract_from_mysql scheduled__2023-01-04T00:00:00+00:00 [queued]> dependency 'Task Instance State' PASSED: True, Task state queued was valid.
[2024-07-17T08:50:46.977+0000] {taskinstance.py:1979} INFO - Dependencies all met for dep_context=non-requeueable deps ti=<TaskInstance: hive_etl.extract_from_mysql scheduled__2023-01-04T00:00:00+00:00 [queued]>
[2024-07-17T08:50:46.983+0000] {taskinstance.py:1988} DEBUG - <TaskInstance: hive_etl.extract_from_mysql scheduled__2023-01-04T00:00:00+00:00 [queued]> dependency 'Previous Dagrun State' PASSED: True, The task did not have depends_on_past set.
[2024-07-17T08:50:46.996+0000] {taskinstance.py:1988} DEBUG - <TaskInstance: hive_etl.extract_from_mysql scheduled__2023-01-04T00:00:00+00:00 [queued]> dependency 'Not In Retry Period' PASSED: True, The task instance was not marked for retrying.
[2024-07-17T08:50:47.008+0000] {taskinstance.py:1988} DEBUG - <TaskInstance: hive_etl.extract_from_mysql scheduled__2023-01-04T00:00:00+00:00 [queued]> dependency 'Pool Slots Available' PASSED: True, There are enough open slots in default_pool to execute the task
[2024-07-17T08:50:47.009+0000] {taskinstance.py:1988} DEBUG - <TaskInstance: hive_etl.extract_from_mysql scheduled__2023-01-04T00:00:00+00:00 [queued]> dependency 'Task Concurrency' PASSED: True, Task concurrency is not set.
[2024-07-17T08:50:47.009+0000] {taskinstance.py:1979} INFO - Dependencies all met for dep_context=requeueable deps ti=<TaskInstance: hive_etl.extract_from_mysql scheduled__2023-01-04T00:00:00+00:00 [queued]>
[2024-07-17T08:50:47.010+0000] {taskinstance.py:2193} INFO - Starting attempt 1 of 2
[2024-07-17T08:50:47.052+0000] {taskinstance.py:2214} INFO - Executing <Task(PythonOperator): extract_from_mysql> on 2023-01-04 00:00:00+00:00
[2024-07-17T08:50:47.083+0000] {standard_task_runner.py:60} INFO - Started process 96 to run task
[2024-07-17T08:50:47.090+0000] {standard_task_runner.py:87} INFO - Running: ['***', 'tasks', 'run', 'hive_etl', 'extract_from_mysql', 'scheduled__2023-01-04T00:00:00+00:00', '--job-id', '1455', '--raw', '--subdir', 'DAGS_FOLDER/new.py', '--cfg-path', '/tmp/tmp2wsu6rnm']
[2024-07-17T08:50:47.094+0000] {standard_task_runner.py:88} INFO - Job 1455: Subtask extract_from_mysql
[2024-07-17T08:50:47.095+0000] {cli_action_loggers.py:67} DEBUG - Calling callbacks: [<function default_action_log at 0x7c08b4226f80>]
[2024-07-17T08:50:47.270+0000] {taskinstance.py:991} DEBUG - previous_execution_date was called
[2024-07-17T08:50:47.281+0000] {task_command.py:423} INFO - Running <TaskInstance: hive_etl.extract_from_mysql scheduled__2023-01-04T00:00:00+00:00 [running]> on host a88c97f6715f
[2024-07-17T08:50:47.281+0000] {settings.py:386} DEBUG - Disposing DB connection pool (PID 96)
[2024-07-17T08:50:47.282+0000] {settings.py:249} DEBUG - Setting up DB connection pool (PID 96)
[2024-07-17T08:50:47.282+0000] {settings.py:318} DEBUG - settings.prepare_engine_args(): Using NullPool
[2024-07-17T08:50:47.372+0000] {taskinstance.py:991} DEBUG - previous_execution_date was called
[2024-07-17T08:50:47.374+0000] {taskinstance.py:1769} DEBUG - Clearing XCom data
[2024-07-17T08:50:47.399+0000] {retries.py:93} DEBUG - Running RenderedTaskInstanceFields.write with retries. Try 1 of 3
[2024-07-17T08:50:47.554+0000] {retries.py:93} DEBUG - Running RenderedTaskInstanceFields._do_delete_old_records with retries. Try 1 of 3
[2024-07-17T08:50:48.049+0000] {taskinstance.py:2510} INFO - Exporting env vars: AIRFLOW_CTX_DAG_OWNER='***' AIRFLOW_CTX_DAG_ID='hive_etl' AIRFLOW_CTX_TASK_ID='extract_from_mysql' AIRFLOW_CTX_EXECUTION_DATE='2023-01-04T00:00:00+00:00' AIRFLOW_CTX_TRY_NUMBER='1' AIRFLOW_CTX_DAG_RUN_ID='scheduled__2023-01-04T00:00:00+00:00'
[2024-07-17T08:50:48.050+0000] {__init__.py:115} DEBUG - Preparing lineage inlets and outlets
[2024-07-17T08:50:48.052+0000] {__init__.py:154} DEBUG - inlets: [], outlets: []
[2024-07-17T08:50:49.241+0000] {base.py:83} INFO - Using connection ID 'mysql_default' for task execution.
