[2024-07-11T08:36:59.451+0000] {logging_mixin.py:188} INFO - [2024-07-11T08:36:59.450+0000] {settings.py:249} DEBUG - Setting up DB connection pool (PID 66)
[2024-07-11T08:36:59.451+0000] {logging_mixin.py:188} INFO - [2024-07-11T08:36:59.451+0000] {settings.py:350} DEBUG - settings.prepare_engine_args(): Using pool settings. pool_size=5, max_overflow=10, pool_recycle=1800, pid=66
[2024-07-11T08:36:59.453+0000] {processor.py:161} INFO - Started process (PID=66) to work on /home/airflow/.local/lib/python3.10/site-packages/airflow/example_dags/example_params_ui_tutorial.py
[2024-07-11T08:36:59.454+0000] {processor.py:830} INFO - Processing file /home/airflow/.local/lib/python3.10/site-packages/airflow/example_dags/example_params_ui_tutorial.py for tasks to queue
[2024-07-11T08:36:59.454+0000] {logging_mixin.py:188} INFO - [2024-07-11T08:36:59.454+0000] {dagbag.py:540} INFO - Filling up the DagBag from /home/airflow/.local/lib/python3.10/site-packages/airflow/example_dags/example_params_ui_tutorial.py
[2024-07-11T08:36:59.455+0000] {logging_mixin.py:188} INFO - [2024-07-11T08:36:59.455+0000] {dagbag.py:332} DEBUG - Importing /home/airflow/.local/lib/python3.10/site-packages/airflow/example_dags/example_params_ui_tutorial.py
[2024-07-11T08:36:59.465+0000] {logging_mixin.py:188} INFO - [2024-07-11T08:36:59.464+0000] {dagbag.py:506} DEBUG - Loaded DAG <DAG: example_params_ui_tutorial>
[2024-07-11T08:36:59.465+0000] {processor.py:840} INFO - DAG(s) 'example_params_ui_tutorial' retrieved from /home/airflow/.local/lib/python3.10/site-packages/airflow/example_dags/example_params_ui_tutorial.py
[2024-07-11T08:36:59.466+0000] {logging_mixin.py:188} INFO - [2024-07-11T08:36:59.466+0000] {dagbag.py:662} DEBUG - Running dagbag.sync_to_db with retries. Try 1 of 3
[2024-07-11T08:36:59.466+0000] {logging_mixin.py:188} INFO - [2024-07-11T08:36:59.466+0000] {dagbag.py:667} DEBUG - Calling the DAG.bulk_sync_to_db method
[2024-07-11T08:36:59.476+0000] {logging_mixin.py:188} INFO - [2024-07-11T08:36:59.476+0000] {dag.py:3047} INFO - Sync 1 DAGs
[2024-07-11T08:36:59.493+0000] {logging_mixin.py:188} INFO - [2024-07-11T08:36:59.493+0000] {dag.py:3834} INFO - Setting next_dagrun for example_params_ui_tutorial to None, run_after=None
[2024-07-11T08:36:59.514+0000] {processor.py:183} INFO - Processing /home/airflow/.local/lib/python3.10/site-packages/airflow/example_dags/example_params_ui_tutorial.py took 0.064 seconds
[2024-07-11T08:37:30.233+0000] {logging_mixin.py:188} INFO - [2024-07-11T08:37:30.233+0000] {settings.py:249} DEBUG - Setting up DB connection pool (PID 122)
[2024-07-11T08:37:30.234+0000] {logging_mixin.py:188} INFO - [2024-07-11T08:37:30.233+0000] {settings.py:350} DEBUG - settings.prepare_engine_args(): Using pool settings. pool_size=5, max_overflow=10, pool_recycle=1800, pid=122
[2024-07-11T08:37:30.235+0000] {processor.py:161} INFO - Started process (PID=122) to work on /home/airflow/.local/lib/python3.10/site-packages/airflow/example_dags/example_params_ui_tutorial.py
[2024-07-11T08:37:30.235+0000] {processor.py:830} INFO - Processing file /home/airflow/.local/lib/python3.10/site-packages/airflow/example_dags/example_params_ui_tutorial.py for tasks to queue
[2024-07-11T08:37:30.236+0000] {logging_mixin.py:188} INFO - [2024-07-11T08:37:30.236+0000] {dagbag.py:540} INFO - Filling up the DagBag from /home/airflow/.local/lib/python3.10/site-packages/airflow/example_dags/example_params_ui_tutorial.py
[2024-07-11T08:37:30.237+0000] {logging_mixin.py:188} INFO - [2024-07-11T08:37:30.236+0000] {dagbag.py:332} DEBUG - Importing /home/airflow/.local/lib/python3.10/site-packages/airflow/example_dags/example_params_ui_tutorial.py
[2024-07-11T08:37:30.244+0000] {logging_mixin.py:188} INFO - [2024-07-11T08:37:30.244+0000] {dagbag.py:506} DEBUG - Loaded DAG <DAG: example_params_ui_tutorial>
[2024-07-11T08:37:30.245+0000] {processor.py:840} INFO - DAG(s) 'example_params_ui_tutorial' retrieved from /home/airflow/.local/lib/python3.10/site-packages/airflow/example_dags/example_params_ui_tutorial.py
[2024-07-11T08:37:30.245+0000] {logging_mixin.py:188} INFO - [2024-07-11T08:37:30.245+0000] {dagbag.py:662} DEBUG - Running dagbag.sync_to_db with retries. Try 1 of 3
[2024-07-11T08:37:30.245+0000] {logging_mixin.py:188} INFO - [2024-07-11T08:37:30.245+0000] {dagbag.py:667} DEBUG - Calling the DAG.bulk_sync_to_db method
[2024-07-11T08:37:30.253+0000] {logging_mixin.py:188} INFO - [2024-07-11T08:37:30.253+0000] {serialized_dag.py:165} DEBUG - Checking if DAG (example_params_ui_tutorial) changed
[2024-07-11T08:37:30.271+0000] {logging_mixin.py:188} INFO - [2024-07-11T08:37:30.270+0000] {serialized_objects.py:529} DEBUG - Cast type <class 'airflow.models.param.ParamsDict'> to str in serialization.
[2024-07-11T08:37:30.287+0000] {logging_mixin.py:188} INFO - [2024-07-11T08:37:30.287+0000] {serialized_dag.py:179} DEBUG - Writing Serialized DAG: example_params_ui_tutorial to the DB
[2024-07-11T08:37:30.290+0000] {logging_mixin.py:188} INFO - [2024-07-11T08:37:30.290+0000] {serialized_dag.py:181} DEBUG - DAG: example_params_ui_tutorial written to the DB
[2024-07-11T08:37:30.290+0000] {logging_mixin.py:188} INFO - [2024-07-11T08:37:30.290+0000] {dagbag.py:696} DEBUG - Syncing DAG permissions: example_params_ui_tutorial to the DB
[2024-07-11T08:37:30.348+0000] {logging_mixin.py:188} INFO - [2024-07-11T08:37:30.348+0000] {override.py:1034} DEBUG - Not syncing DAG-level permissions for DAG 'DAG:example_params_ui_tutorial' as access control is unset.
[2024-07-11T08:37:30.348+0000] {logging_mixin.py:188} INFO - [2024-07-11T08:37:30.348+0000] {dag.py:3047} INFO - Sync 1 DAGs
[2024-07-11T08:37:30.356+0000] {logging_mixin.py:188} INFO - [2024-07-11T08:37:30.356+0000] {dag.py:3834} INFO - Setting next_dagrun for example_params_ui_tutorial to None, run_after=None
[2024-07-11T08:37:30.370+0000] {processor.py:183} INFO - Processing /home/airflow/.local/lib/python3.10/site-packages/airflow/example_dags/example_params_ui_tutorial.py took 0.138 seconds
[2024-07-11T08:38:00.409+0000] {logging_mixin.py:188} INFO - [2024-07-11T08:38:00.408+0000] {settings.py:249} DEBUG - Setting up DB connection pool (PID 178)
[2024-07-11T08:38:00.410+0000] {logging_mixin.py:188} INFO - [2024-07-11T08:38:00.410+0000] {settings.py:350} DEBUG - settings.prepare_engine_args(): Using pool settings. pool_size=5, max_overflow=10, pool_recycle=1800, pid=178
[2024-07-11T08:38:00.412+0000] {processor.py:161} INFO - Started process (PID=178) to work on /home/airflow/.local/lib/python3.10/site-packages/airflow/example_dags/example_params_ui_tutorial.py
[2024-07-11T08:38:00.412+0000] {processor.py:830} INFO - Processing file /home/airflow/.local/lib/python3.10/site-packages/airflow/example_dags/example_params_ui_tutorial.py for tasks to queue
[2024-07-11T08:38:00.412+0000] {logging_mixin.py:188} INFO - [2024-07-11T08:38:00.412+0000] {dagbag.py:540} INFO - Filling up the DagBag from /home/airflow/.local/lib/python3.10/site-packages/airflow/example_dags/example_params_ui_tutorial.py
[2024-07-11T08:38:00.413+0000] {logging_mixin.py:188} INFO - [2024-07-11T08:38:00.413+0000] {dagbag.py:332} DEBUG - Importing /home/airflow/.local/lib/python3.10/site-packages/airflow/example_dags/example_params_ui_tutorial.py
[2024-07-11T08:38:00.423+0000] {logging_mixin.py:188} INFO - [2024-07-11T08:38:00.422+0000] {dagbag.py:506} DEBUG - Loaded DAG <DAG: example_params_ui_tutorial>
[2024-07-11T08:38:00.423+0000] {processor.py:840} INFO - DAG(s) 'example_params_ui_tutorial' retrieved from /home/airflow/.local/lib/python3.10/site-packages/airflow/example_dags/example_params_ui_tutorial.py
[2024-07-11T08:38:00.424+0000] {logging_mixin.py:188} INFO - [2024-07-11T08:38:00.424+0000] {dagbag.py:662} DEBUG - Running dagbag.sync_to_db with retries. Try 1 of 3
[2024-07-11T08:38:00.424+0000] {logging_mixin.py:188} INFO - [2024-07-11T08:38:00.424+0000] {dagbag.py:667} DEBUG - Calling the DAG.bulk_sync_to_db method
[2024-07-11T08:38:00.433+0000] {logging_mixin.py:188} INFO - [2024-07-11T08:38:00.433+0000] {serialized_dag.py:165} DEBUG - Checking if DAG (example_params_ui_tutorial) changed
[2024-07-11T08:38:00.453+0000] {logging_mixin.py:188} INFO - [2024-07-11T08:38:00.453+0000] {serialized_objects.py:529} DEBUG - Cast type <class 'airflow.models.param.ParamsDict'> to str in serialization.
[2024-07-11T08:38:00.470+0000] {logging_mixin.py:188} INFO - [2024-07-11T08:38:00.470+0000] {serialized_dag.py:176} DEBUG - Serialized DAG (example_params_ui_tutorial) is unchanged. Skipping writing to DB
[2024-07-11T08:38:00.471+0000] {logging_mixin.py:188} INFO - [2024-07-11T08:38:00.471+0000] {dag.py:3047} INFO - Sync 1 DAGs
[2024-07-11T08:38:00.482+0000] {logging_mixin.py:188} INFO - [2024-07-11T08:38:00.481+0000] {dag.py:3834} INFO - Setting next_dagrun for example_params_ui_tutorial to None, run_after=None
[2024-07-11T08:38:00.497+0000] {processor.py:183} INFO - Processing /home/airflow/.local/lib/python3.10/site-packages/airflow/example_dags/example_params_ui_tutorial.py took 0.089 seconds
[2024-07-11T08:38:30.611+0000] {logging_mixin.py:188} INFO - [2024-07-11T08:38:30.610+0000] {settings.py:249} DEBUG - Setting up DB connection pool (PID 234)
[2024-07-11T08:38:30.611+0000] {logging_mixin.py:188} INFO - [2024-07-11T08:38:30.611+0000] {settings.py:350} DEBUG - settings.prepare_engine_args(): Using pool settings. pool_size=5, max_overflow=10, pool_recycle=1800, pid=234
[2024-07-11T08:38:30.613+0000] {processor.py:161} INFO - Started process (PID=234) to work on /home/airflow/.local/lib/python3.10/site-packages/airflow/example_dags/example_params_ui_tutorial.py
[2024-07-11T08:38:30.614+0000] {processor.py:830} INFO - Processing file /home/airflow/.local/lib/python3.10/site-packages/airflow/example_dags/example_params_ui_tutorial.py for tasks to queue
[2024-07-11T08:38:30.614+0000] {logging_mixin.py:188} INFO - [2024-07-11T08:38:30.614+0000] {dagbag.py:540} INFO - Filling up the DagBag from /home/airflow/.local/lib/python3.10/site-packages/airflow/example_dags/example_params_ui_tutorial.py
[2024-07-11T08:38:30.615+0000] {logging_mixin.py:188} INFO - [2024-07-11T08:38:30.615+0000] {dagbag.py:332} DEBUG - Importing /home/airflow/.local/lib/python3.10/site-packages/airflow/example_dags/example_params_ui_tutorial.py
[2024-07-11T08:38:30.623+0000] {logging_mixin.py:188} INFO - [2024-07-11T08:38:30.622+0000] {dagbag.py:506} DEBUG - Loaded DAG <DAG: example_params_ui_tutorial>
[2024-07-11T08:38:30.623+0000] {processor.py:840} INFO - DAG(s) 'example_params_ui_tutorial' retrieved from /home/airflow/.local/lib/python3.10/site-packages/airflow/example_dags/example_params_ui_tutorial.py
[2024-07-11T08:38:30.624+0000] {logging_mixin.py:188} INFO - [2024-07-11T08:38:30.624+0000] {dagbag.py:662} DEBUG - Running dagbag.sync_to_db with retries. Try 1 of 3
[2024-07-11T08:38:30.624+0000] {logging_mixin.py:188} INFO - [2024-07-11T08:38:30.624+0000] {dagbag.py:667} DEBUG - Calling the DAG.bulk_sync_to_db method
[2024-07-11T08:38:30.632+0000] {logging_mixin.py:188} INFO - [2024-07-11T08:38:30.632+0000] {serialized_dag.py:165} DEBUG - Checking if DAG (example_params_ui_tutorial) changed
[2024-07-11T08:38:30.650+0000] {logging_mixin.py:188} INFO - [2024-07-11T08:38:30.650+0000] {serialized_objects.py:529} DEBUG - Cast type <class 'airflow.models.param.ParamsDict'> to str in serialization.
[2024-07-11T08:38:30.667+0000] {logging_mixin.py:188} INFO - [2024-07-11T08:38:30.667+0000] {serialized_dag.py:176} DEBUG - Serialized DAG (example_params_ui_tutorial) is unchanged. Skipping writing to DB
[2024-07-11T08:38:30.667+0000] {logging_mixin.py:188} INFO - [2024-07-11T08:38:30.667+0000] {dag.py:3047} INFO - Sync 1 DAGs
[2024-07-11T08:38:30.676+0000] {logging_mixin.py:188} INFO - [2024-07-11T08:38:30.676+0000] {dag.py:3834} INFO - Setting next_dagrun for example_params_ui_tutorial to None, run_after=None
[2024-07-11T08:38:30.691+0000] {processor.py:183} INFO - Processing /home/airflow/.local/lib/python3.10/site-packages/airflow/example_dags/example_params_ui_tutorial.py took 0.081 seconds
[2024-07-11T08:39:00.973+0000] {logging_mixin.py:188} INFO - [2024-07-11T08:39:00.973+0000] {settings.py:249} DEBUG - Setting up DB connection pool (PID 290)
[2024-07-11T08:39:00.974+0000] {logging_mixin.py:188} INFO - [2024-07-11T08:39:00.974+0000] {settings.py:350} DEBUG - settings.prepare_engine_args(): Using pool settings. pool_size=5, max_overflow=10, pool_recycle=1800, pid=290
[2024-07-11T08:39:00.977+0000] {processor.py:161} INFO - Started process (PID=290) to work on /home/airflow/.local/lib/python3.10/site-packages/airflow/example_dags/example_params_ui_tutorial.py
[2024-07-11T08:39:00.977+0000] {processor.py:830} INFO - Processing file /home/airflow/.local/lib/python3.10/site-packages/airflow/example_dags/example_params_ui_tutorial.py for tasks to queue
[2024-07-11T08:39:00.978+0000] {logging_mixin.py:188} INFO - [2024-07-11T08:39:00.978+0000] {dagbag.py:540} INFO - Filling up the DagBag from /home/airflow/.local/lib/python3.10/site-packages/airflow/example_dags/example_params_ui_tutorial.py
[2024-07-11T08:39:00.979+0000] {logging_mixin.py:188} INFO - [2024-07-11T08:39:00.979+0000] {dagbag.py:332} DEBUG - Importing /home/airflow/.local/lib/python3.10/site-packages/airflow/example_dags/example_params_ui_tutorial.py
[2024-07-11T08:39:00.989+0000] {logging_mixin.py:188} INFO - [2024-07-11T08:39:00.989+0000] {dagbag.py:506} DEBUG - Loaded DAG <DAG: example_params_ui_tutorial>
[2024-07-11T08:39:00.990+0000] {processor.py:840} INFO - DAG(s) 'example_params_ui_tutorial' retrieved from /home/airflow/.local/lib/python3.10/site-packages/airflow/example_dags/example_params_ui_tutorial.py
[2024-07-11T08:39:00.990+0000] {logging_mixin.py:188} INFO - [2024-07-11T08:39:00.990+0000] {dagbag.py:662} DEBUG - Running dagbag.sync_to_db with retries. Try 1 of 3
[2024-07-11T08:39:00.991+0000] {logging_mixin.py:188} INFO - [2024-07-11T08:39:00.991+0000] {dagbag.py:667} DEBUG - Calling the DAG.bulk_sync_to_db method
[2024-07-11T08:39:00.999+0000] {logging_mixin.py:188} INFO - [2024-07-11T08:39:00.999+0000] {serialized_dag.py:165} DEBUG - Checking if DAG (example_params_ui_tutorial) changed
[2024-07-11T08:39:01.022+0000] {logging_mixin.py:188} INFO - [2024-07-11T08:39:01.021+0000] {serialized_objects.py:529} DEBUG - Cast type <class 'airflow.models.param.ParamsDict'> to str in serialization.
[2024-07-11T08:39:01.039+0000] {logging_mixin.py:188} INFO - [2024-07-11T08:39:01.039+0000] {serialized_dag.py:176} DEBUG - Serialized DAG (example_params_ui_tutorial) is unchanged. Skipping writing to DB
[2024-07-11T08:39:01.040+0000] {logging_mixin.py:188} INFO - [2024-07-11T08:39:01.040+0000] {dag.py:3047} INFO - Sync 1 DAGs
[2024-07-11T08:39:01.052+0000] {logging_mixin.py:188} INFO - [2024-07-11T08:39:01.052+0000] {dag.py:3834} INFO - Setting next_dagrun for example_params_ui_tutorial to None, run_after=None
[2024-07-11T08:39:01.068+0000] {processor.py:183} INFO - Processing /home/airflow/.local/lib/python3.10/site-packages/airflow/example_dags/example_params_ui_tutorial.py took 0.095 seconds
[2024-07-11T08:39:31.195+0000] {logging_mixin.py:188} INFO - [2024-07-11T08:39:31.194+0000] {settings.py:249} DEBUG - Setting up DB connection pool (PID 346)
[2024-07-11T08:39:31.196+0000] {logging_mixin.py:188} INFO - [2024-07-11T08:39:31.195+0000] {settings.py:350} DEBUG - settings.prepare_engine_args(): Using pool settings. pool_size=5, max_overflow=10, pool_recycle=1800, pid=346
[2024-07-11T08:39:31.198+0000] {processor.py:161} INFO - Started process (PID=346) to work on /home/airflow/.local/lib/python3.10/site-packages/airflow/example_dags/example_params_ui_tutorial.py
[2024-07-11T08:39:31.198+0000] {processor.py:830} INFO - Processing file /home/airflow/.local/lib/python3.10/site-packages/airflow/example_dags/example_params_ui_tutorial.py for tasks to queue
[2024-07-11T08:39:31.198+0000] {logging_mixin.py:188} INFO - [2024-07-11T08:39:31.198+0000] {dagbag.py:540} INFO - Filling up the DagBag from /home/airflow/.local/lib/python3.10/site-packages/airflow/example_dags/example_params_ui_tutorial.py
[2024-07-11T08:39:31.199+0000] {logging_mixin.py:188} INFO - [2024-07-11T08:39:31.199+0000] {dagbag.py:332} DEBUG - Importing /home/airflow/.local/lib/python3.10/site-packages/airflow/example_dags/example_params_ui_tutorial.py
[2024-07-11T08:39:31.210+0000] {logging_mixin.py:188} INFO - [2024-07-11T08:39:31.209+0000] {dagbag.py:506} DEBUG - Loaded DAG <DAG: example_params_ui_tutorial>
[2024-07-11T08:39:31.210+0000] {processor.py:840} INFO - DAG(s) 'example_params_ui_tutorial' retrieved from /home/airflow/.local/lib/python3.10/site-packages/airflow/example_dags/example_params_ui_tutorial.py
[2024-07-11T08:39:31.211+0000] {logging_mixin.py:188} INFO - [2024-07-11T08:39:31.211+0000] {dagbag.py:662} DEBUG - Running dagbag.sync_to_db with retries. Try 1 of 3
[2024-07-11T08:39:31.211+0000] {logging_mixin.py:188} INFO - [2024-07-11T08:39:31.211+0000] {dagbag.py:667} DEBUG - Calling the DAG.bulk_sync_to_db method
[2024-07-11T08:39:31.221+0000] {logging_mixin.py:188} INFO - [2024-07-11T08:39:31.221+0000] {serialized_dag.py:165} DEBUG - Checking if DAG (example_params_ui_tutorial) changed
[2024-07-11T08:39:31.239+0000] {logging_mixin.py:188} INFO - [2024-07-11T08:39:31.238+0000] {serialized_objects.py:529} DEBUG - Cast type <class 'airflow.models.param.ParamsDict'> to str in serialization.
[2024-07-11T08:39:31.257+0000] {logging_mixin.py:188} INFO - [2024-07-11T08:39:31.257+0000] {serialized_dag.py:176} DEBUG - Serialized DAG (example_params_ui_tutorial) is unchanged. Skipping writing to DB
[2024-07-11T08:39:31.258+0000] {logging_mixin.py:188} INFO - [2024-07-11T08:39:31.257+0000] {dag.py:3047} INFO - Sync 1 DAGs
[2024-07-11T08:39:31.266+0000] {logging_mixin.py:188} INFO - [2024-07-11T08:39:31.266+0000] {dag.py:3834} INFO - Setting next_dagrun for example_params_ui_tutorial to None, run_after=None
[2024-07-11T08:39:31.279+0000] {processor.py:183} INFO - Processing /home/airflow/.local/lib/python3.10/site-packages/airflow/example_dags/example_params_ui_tutorial.py took 0.085 seconds
[2024-07-11T08:40:01.413+0000] {logging_mixin.py:188} INFO - [2024-07-11T08:40:01.413+0000] {settings.py:249} DEBUG - Setting up DB connection pool (PID 402)
[2024-07-11T08:40:01.414+0000] {logging_mixin.py:188} INFO - [2024-07-11T08:40:01.414+0000] {settings.py:350} DEBUG - settings.prepare_engine_args(): Using pool settings. pool_size=5, max_overflow=10, pool_recycle=1800, pid=402
[2024-07-11T08:40:01.416+0000] {processor.py:161} INFO - Started process (PID=402) to work on /home/airflow/.local/lib/python3.10/site-packages/airflow/example_dags/example_params_ui_tutorial.py
[2024-07-11T08:40:01.416+0000] {processor.py:830} INFO - Processing file /home/airflow/.local/lib/python3.10/site-packages/airflow/example_dags/example_params_ui_tutorial.py for tasks to queue
[2024-07-11T08:40:01.417+0000] {logging_mixin.py:188} INFO - [2024-07-11T08:40:01.417+0000] {dagbag.py:540} INFO - Filling up the DagBag from /home/airflow/.local/lib/python3.10/site-packages/airflow/example_dags/example_params_ui_tutorial.py
[2024-07-11T08:40:01.418+0000] {logging_mixin.py:188} INFO - [2024-07-11T08:40:01.418+0000] {dagbag.py:332} DEBUG - Importing /home/airflow/.local/lib/python3.10/site-packages/airflow/example_dags/example_params_ui_tutorial.py
[2024-07-11T08:40:01.426+0000] {logging_mixin.py:188} INFO - [2024-07-11T08:40:01.425+0000] {dagbag.py:506} DEBUG - Loaded DAG <DAG: example_params_ui_tutorial>
[2024-07-11T08:40:01.426+0000] {processor.py:840} INFO - DAG(s) 'example_params_ui_tutorial' retrieved from /home/airflow/.local/lib/python3.10/site-packages/airflow/example_dags/example_params_ui_tutorial.py
[2024-07-11T08:40:01.427+0000] {logging_mixin.py:188} INFO - [2024-07-11T08:40:01.427+0000] {dagbag.py:662} DEBUG - Running dagbag.sync_to_db with retries. Try 1 of 3
[2024-07-11T08:40:01.427+0000] {logging_mixin.py:188} INFO - [2024-07-11T08:40:01.427+0000] {dagbag.py:667} DEBUG - Calling the DAG.bulk_sync_to_db method
[2024-07-11T08:40:01.435+0000] {logging_mixin.py:188} INFO - [2024-07-11T08:40:01.435+0000] {serialized_dag.py:165} DEBUG - Checking if DAG (example_params_ui_tutorial) changed
[2024-07-11T08:40:01.455+0000] {logging_mixin.py:188} INFO - [2024-07-11T08:40:01.455+0000] {serialized_objects.py:529} DEBUG - Cast type <class 'airflow.models.param.ParamsDict'> to str in serialization.
[2024-07-11T08:40:01.472+0000] {logging_mixin.py:188} INFO - [2024-07-11T08:40:01.472+0000] {serialized_dag.py:176} DEBUG - Serialized DAG (example_params_ui_tutorial) is unchanged. Skipping writing to DB
[2024-07-11T08:40:01.473+0000] {logging_mixin.py:188} INFO - [2024-07-11T08:40:01.473+0000] {dag.py:3047} INFO - Sync 1 DAGs
[2024-07-11T08:40:01.482+0000] {logging_mixin.py:188} INFO - [2024-07-11T08:40:01.482+0000] {dag.py:3834} INFO - Setting next_dagrun for example_params_ui_tutorial to None, run_after=None
[2024-07-11T08:40:01.498+0000] {processor.py:183} INFO - Processing /home/airflow/.local/lib/python3.10/site-packages/airflow/example_dags/example_params_ui_tutorial.py took 0.085 seconds
[2024-07-11T08:41:13.343+0000] {logging_mixin.py:188} INFO - [2024-07-11T08:41:13.342+0000] {settings.py:249} DEBUG - Setting up DB connection pool (PID 66)
[2024-07-11T08:41:13.343+0000] {logging_mixin.py:188} INFO - [2024-07-11T08:41:13.343+0000] {settings.py:350} DEBUG - settings.prepare_engine_args(): Using pool settings. pool_size=5, max_overflow=10, pool_recycle=1800, pid=66
[2024-07-11T08:41:13.345+0000] {processor.py:161} INFO - Started process (PID=66) to work on /home/airflow/.local/lib/python3.10/site-packages/airflow/example_dags/example_params_ui_tutorial.py
[2024-07-11T08:41:13.346+0000] {processor.py:830} INFO - Processing file /home/airflow/.local/lib/python3.10/site-packages/airflow/example_dags/example_params_ui_tutorial.py for tasks to queue
[2024-07-11T08:41:13.346+0000] {logging_mixin.py:188} INFO - [2024-07-11T08:41:13.346+0000] {dagbag.py:540} INFO - Filling up the DagBag from /home/airflow/.local/lib/python3.10/site-packages/airflow/example_dags/example_params_ui_tutorial.py
[2024-07-11T08:41:13.347+0000] {logging_mixin.py:188} INFO - [2024-07-11T08:41:13.347+0000] {dagbag.py:332} DEBUG - Importing /home/airflow/.local/lib/python3.10/site-packages/airflow/example_dags/example_params_ui_tutorial.py
[2024-07-11T08:41:13.357+0000] {logging_mixin.py:188} INFO - [2024-07-11T08:41:13.356+0000] {dagbag.py:506} DEBUG - Loaded DAG <DAG: example_params_ui_tutorial>
[2024-07-11T08:41:13.357+0000] {processor.py:840} INFO - DAG(s) 'example_params_ui_tutorial' retrieved from /home/airflow/.local/lib/python3.10/site-packages/airflow/example_dags/example_params_ui_tutorial.py
[2024-07-11T08:41:13.358+0000] {logging_mixin.py:188} INFO - [2024-07-11T08:41:13.358+0000] {dagbag.py:662} DEBUG - Running dagbag.sync_to_db with retries. Try 1 of 3
[2024-07-11T08:41:13.358+0000] {logging_mixin.py:188} INFO - [2024-07-11T08:41:13.358+0000] {dagbag.py:667} DEBUG - Calling the DAG.bulk_sync_to_db method
[2024-07-11T08:41:13.367+0000] {logging_mixin.py:188} INFO - [2024-07-11T08:41:13.367+0000] {dag.py:3047} INFO - Sync 1 DAGs
[2024-07-11T08:41:13.377+0000] {logging_mixin.py:188} INFO - [2024-07-11T08:41:13.377+0000] {dag.py:3834} INFO - Setting next_dagrun for example_params_ui_tutorial to None, run_after=None
[2024-07-11T08:41:13.392+0000] {processor.py:183} INFO - Processing /home/airflow/.local/lib/python3.10/site-packages/airflow/example_dags/example_params_ui_tutorial.py took 0.050 seconds
[2024-07-11T08:41:44.975+0000] {logging_mixin.py:188} INFO - [2024-07-11T08:41:44.975+0000] {settings.py:249} DEBUG - Setting up DB connection pool (PID 122)
[2024-07-11T08:41:44.976+0000] {logging_mixin.py:188} INFO - [2024-07-11T08:41:44.976+0000] {settings.py:350} DEBUG - settings.prepare_engine_args(): Using pool settings. pool_size=5, max_overflow=10, pool_recycle=1800, pid=122
[2024-07-11T08:41:44.978+0000] {processor.py:161} INFO - Started process (PID=122) to work on /home/airflow/.local/lib/python3.10/site-packages/airflow/example_dags/example_params_ui_tutorial.py
[2024-07-11T08:41:44.978+0000] {processor.py:830} INFO - Processing file /home/airflow/.local/lib/python3.10/site-packages/airflow/example_dags/example_params_ui_tutorial.py for tasks to queue
[2024-07-11T08:41:44.979+0000] {logging_mixin.py:188} INFO - [2024-07-11T08:41:44.979+0000] {dagbag.py:540} INFO - Filling up the DagBag from /home/airflow/.local/lib/python3.10/site-packages/airflow/example_dags/example_params_ui_tutorial.py
[2024-07-11T08:41:44.980+0000] {logging_mixin.py:188} INFO - [2024-07-11T08:41:44.979+0000] {dagbag.py:332} DEBUG - Importing /home/airflow/.local/lib/python3.10/site-packages/airflow/example_dags/example_params_ui_tutorial.py
[2024-07-11T08:41:44.988+0000] {logging_mixin.py:188} INFO - [2024-07-11T08:41:44.987+0000] {dagbag.py:506} DEBUG - Loaded DAG <DAG: example_params_ui_tutorial>
[2024-07-11T08:41:44.988+0000] {processor.py:840} INFO - DAG(s) 'example_params_ui_tutorial' retrieved from /home/airflow/.local/lib/python3.10/site-packages/airflow/example_dags/example_params_ui_tutorial.py
[2024-07-11T08:41:44.989+0000] {logging_mixin.py:188} INFO - [2024-07-11T08:41:44.989+0000] {dagbag.py:662} DEBUG - Running dagbag.sync_to_db with retries. Try 1 of 3
[2024-07-11T08:41:44.989+0000] {logging_mixin.py:188} INFO - [2024-07-11T08:41:44.989+0000] {dagbag.py:667} DEBUG - Calling the DAG.bulk_sync_to_db method
[2024-07-11T08:41:44.997+0000] {logging_mixin.py:188} INFO - [2024-07-11T08:41:44.997+0000] {serialized_dag.py:165} DEBUG - Checking if DAG (example_params_ui_tutorial) changed
[2024-07-11T08:41:45.016+0000] {logging_mixin.py:188} INFO - [2024-07-11T08:41:45.016+0000] {serialized_objects.py:529} DEBUG - Cast type <class 'airflow.models.param.ParamsDict'> to str in serialization.
[2024-07-11T08:41:45.033+0000] {logging_mixin.py:188} INFO - [2024-07-11T08:41:45.033+0000] {serialized_dag.py:179} DEBUG - Writing Serialized DAG: example_params_ui_tutorial to the DB
[2024-07-11T08:41:45.037+0000] {logging_mixin.py:188} INFO - [2024-07-11T08:41:45.037+0000] {serialized_dag.py:181} DEBUG - DAG: example_params_ui_tutorial written to the DB
[2024-07-11T08:41:45.037+0000] {logging_mixin.py:188} INFO - [2024-07-11T08:41:45.037+0000] {dagbag.py:696} DEBUG - Syncing DAG permissions: example_params_ui_tutorial to the DB
[2024-07-11T08:41:45.117+0000] {logging_mixin.py:188} INFO - [2024-07-11T08:41:45.116+0000] {override.py:1034} DEBUG - Not syncing DAG-level permissions for DAG 'DAG:example_params_ui_tutorial' as access control is unset.
[2024-07-11T08:41:45.117+0000] {logging_mixin.py:188} INFO - [2024-07-11T08:41:45.117+0000] {dag.py:3047} INFO - Sync 1 DAGs
[2024-07-11T08:41:45.125+0000] {logging_mixin.py:188} INFO - [2024-07-11T08:41:45.125+0000] {dag.py:3834} INFO - Setting next_dagrun for example_params_ui_tutorial to None, run_after=None
[2024-07-11T08:41:45.151+0000] {processor.py:183} INFO - Processing /home/airflow/.local/lib/python3.10/site-packages/airflow/example_dags/example_params_ui_tutorial.py took 0.176 seconds
[2024-07-11T08:42:15.188+0000] {logging_mixin.py:188} INFO - [2024-07-11T08:42:15.188+0000] {settings.py:249} DEBUG - Setting up DB connection pool (PID 178)
[2024-07-11T08:42:15.189+0000] {logging_mixin.py:188} INFO - [2024-07-11T08:42:15.189+0000] {settings.py:350} DEBUG - settings.prepare_engine_args(): Using pool settings. pool_size=5, max_overflow=10, pool_recycle=1800, pid=178
[2024-07-11T08:42:15.191+0000] {processor.py:161} INFO - Started process (PID=178) to work on /home/airflow/.local/lib/python3.10/site-packages/airflow/example_dags/example_params_ui_tutorial.py
[2024-07-11T08:42:15.191+0000] {processor.py:830} INFO - Processing file /home/airflow/.local/lib/python3.10/site-packages/airflow/example_dags/example_params_ui_tutorial.py for tasks to queue
[2024-07-11T08:42:15.192+0000] {logging_mixin.py:188} INFO - [2024-07-11T08:42:15.191+0000] {dagbag.py:540} INFO - Filling up the DagBag from /home/airflow/.local/lib/python3.10/site-packages/airflow/example_dags/example_params_ui_tutorial.py
[2024-07-11T08:42:15.192+0000] {logging_mixin.py:188} INFO - [2024-07-11T08:42:15.192+0000] {dagbag.py:332} DEBUG - Importing /home/airflow/.local/lib/python3.10/site-packages/airflow/example_dags/example_params_ui_tutorial.py
[2024-07-11T08:42:15.200+0000] {logging_mixin.py:188} INFO - [2024-07-11T08:42:15.200+0000] {dagbag.py:506} DEBUG - Loaded DAG <DAG: example_params_ui_tutorial>
[2024-07-11T08:42:15.200+0000] {processor.py:840} INFO - DAG(s) 'example_params_ui_tutorial' retrieved from /home/airflow/.local/lib/python3.10/site-packages/airflow/example_dags/example_params_ui_tutorial.py
[2024-07-11T08:42:15.201+0000] {logging_mixin.py:188} INFO - [2024-07-11T08:42:15.201+0000] {dagbag.py:662} DEBUG - Running dagbag.sync_to_db with retries. Try 1 of 3
[2024-07-11T08:42:15.201+0000] {logging_mixin.py:188} INFO - [2024-07-11T08:42:15.201+0000] {dagbag.py:667} DEBUG - Calling the DAG.bulk_sync_to_db method
[2024-07-11T08:42:15.209+0000] {logging_mixin.py:188} INFO - [2024-07-11T08:42:15.209+0000] {serialized_dag.py:165} DEBUG - Checking if DAG (example_params_ui_tutorial) changed
[2024-07-11T08:42:15.226+0000] {logging_mixin.py:188} INFO - [2024-07-11T08:42:15.225+0000] {serialized_objects.py:529} DEBUG - Cast type <class 'airflow.models.param.ParamsDict'> to str in serialization.
[2024-07-11T08:42:15.242+0000] {logging_mixin.py:188} INFO - [2024-07-11T08:42:15.242+0000] {serialized_dag.py:176} DEBUG - Serialized DAG (example_params_ui_tutorial) is unchanged. Skipping writing to DB
[2024-07-11T08:42:15.243+0000] {logging_mixin.py:188} INFO - [2024-07-11T08:42:15.242+0000] {dag.py:3047} INFO - Sync 1 DAGs
[2024-07-11T08:42:15.251+0000] {logging_mixin.py:188} INFO - [2024-07-11T08:42:15.251+0000] {dag.py:3834} INFO - Setting next_dagrun for example_params_ui_tutorial to None, run_after=None
[2024-07-11T08:42:15.264+0000] {processor.py:183} INFO - Processing /home/airflow/.local/lib/python3.10/site-packages/airflow/example_dags/example_params_ui_tutorial.py took 0.076 seconds
[2024-07-11T08:42:45.428+0000] {logging_mixin.py:188} INFO - [2024-07-11T08:42:45.428+0000] {settings.py:249} DEBUG - Setting up DB connection pool (PID 234)
[2024-07-11T08:42:45.429+0000] {logging_mixin.py:188} INFO - [2024-07-11T08:42:45.429+0000] {settings.py:350} DEBUG - settings.prepare_engine_args(): Using pool settings. pool_size=5, max_overflow=10, pool_recycle=1800, pid=234
[2024-07-11T08:42:45.431+0000] {processor.py:161} INFO - Started process (PID=234) to work on /home/airflow/.local/lib/python3.10/site-packages/airflow/example_dags/example_params_ui_tutorial.py
[2024-07-11T08:42:45.431+0000] {processor.py:830} INFO - Processing file /home/airflow/.local/lib/python3.10/site-packages/airflow/example_dags/example_params_ui_tutorial.py for tasks to queue
[2024-07-11T08:42:45.432+0000] {logging_mixin.py:188} INFO - [2024-07-11T08:42:45.432+0000] {dagbag.py:540} INFO - Filling up the DagBag from /home/airflow/.local/lib/python3.10/site-packages/airflow/example_dags/example_params_ui_tutorial.py
[2024-07-11T08:42:45.433+0000] {logging_mixin.py:188} INFO - [2024-07-11T08:42:45.433+0000] {dagbag.py:332} DEBUG - Importing /home/airflow/.local/lib/python3.10/site-packages/airflow/example_dags/example_params_ui_tutorial.py
[2024-07-11T08:42:45.440+0000] {logging_mixin.py:188} INFO - [2024-07-11T08:42:45.440+0000] {dagbag.py:506} DEBUG - Loaded DAG <DAG: example_params_ui_tutorial>
[2024-07-11T08:42:45.440+0000] {processor.py:840} INFO - DAG(s) 'example_params_ui_tutorial' retrieved from /home/airflow/.local/lib/python3.10/site-packages/airflow/example_dags/example_params_ui_tutorial.py
[2024-07-11T08:42:45.441+0000] {logging_mixin.py:188} INFO - [2024-07-11T08:42:45.441+0000] {dagbag.py:662} DEBUG - Running dagbag.sync_to_db with retries. Try 1 of 3
[2024-07-11T08:42:45.441+0000] {logging_mixin.py:188} INFO - [2024-07-11T08:42:45.441+0000] {dagbag.py:667} DEBUG - Calling the DAG.bulk_sync_to_db method
[2024-07-11T08:42:45.448+0000] {logging_mixin.py:188} INFO - [2024-07-11T08:42:45.448+0000] {serialized_dag.py:165} DEBUG - Checking if DAG (example_params_ui_tutorial) changed
[2024-07-11T08:42:45.465+0000] {logging_mixin.py:188} INFO - [2024-07-11T08:42:45.465+0000] {serialized_objects.py:529} DEBUG - Cast type <class 'airflow.models.param.ParamsDict'> to str in serialization.
[2024-07-11T08:42:45.482+0000] {logging_mixin.py:188} INFO - [2024-07-11T08:42:45.481+0000] {serialized_dag.py:176} DEBUG - Serialized DAG (example_params_ui_tutorial) is unchanged. Skipping writing to DB
[2024-07-11T08:42:45.482+0000] {logging_mixin.py:188} INFO - [2024-07-11T08:42:45.482+0000] {dag.py:3047} INFO - Sync 1 DAGs
[2024-07-11T08:42:45.492+0000] {logging_mixin.py:188} INFO - [2024-07-11T08:42:45.492+0000] {dag.py:3834} INFO - Setting next_dagrun for example_params_ui_tutorial to None, run_after=None
[2024-07-11T08:42:45.505+0000] {processor.py:183} INFO - Processing /home/airflow/.local/lib/python3.10/site-packages/airflow/example_dags/example_params_ui_tutorial.py took 0.077 seconds
[2024-07-11T08:43:15.684+0000] {logging_mixin.py:188} INFO - [2024-07-11T08:43:15.684+0000] {settings.py:249} DEBUG - Setting up DB connection pool (PID 290)
[2024-07-11T08:43:15.685+0000] {logging_mixin.py:188} INFO - [2024-07-11T08:43:15.685+0000] {settings.py:350} DEBUG - settings.prepare_engine_args(): Using pool settings. pool_size=5, max_overflow=10, pool_recycle=1800, pid=290
[2024-07-11T08:43:15.687+0000] {processor.py:161} INFO - Started process (PID=290) to work on /home/airflow/.local/lib/python3.10/site-packages/airflow/example_dags/example_params_ui_tutorial.py
[2024-07-11T08:43:15.688+0000] {processor.py:830} INFO - Processing file /home/airflow/.local/lib/python3.10/site-packages/airflow/example_dags/example_params_ui_tutorial.py for tasks to queue
[2024-07-11T08:43:15.688+0000] {logging_mixin.py:188} INFO - [2024-07-11T08:43:15.688+0000] {dagbag.py:540} INFO - Filling up the DagBag from /home/airflow/.local/lib/python3.10/site-packages/airflow/example_dags/example_params_ui_tutorial.py
[2024-07-11T08:43:15.689+0000] {logging_mixin.py:188} INFO - [2024-07-11T08:43:15.689+0000] {dagbag.py:332} DEBUG - Importing /home/airflow/.local/lib/python3.10/site-packages/airflow/example_dags/example_params_ui_tutorial.py
[2024-07-11T08:43:15.699+0000] {logging_mixin.py:188} INFO - [2024-07-11T08:43:15.698+0000] {dagbag.py:506} DEBUG - Loaded DAG <DAG: example_params_ui_tutorial>
[2024-07-11T08:43:15.699+0000] {processor.py:840} INFO - DAG(s) 'example_params_ui_tutorial' retrieved from /home/airflow/.local/lib/python3.10/site-packages/airflow/example_dags/example_params_ui_tutorial.py
[2024-07-11T08:43:15.700+0000] {logging_mixin.py:188} INFO - [2024-07-11T08:43:15.700+0000] {dagbag.py:662} DEBUG - Running dagbag.sync_to_db with retries. Try 1 of 3
[2024-07-11T08:43:15.700+0000] {logging_mixin.py:188} INFO - [2024-07-11T08:43:15.700+0000] {dagbag.py:667} DEBUG - Calling the DAG.bulk_sync_to_db method
[2024-07-11T08:43:15.708+0000] {logging_mixin.py:188} INFO - [2024-07-11T08:43:15.707+0000] {serialized_dag.py:165} DEBUG - Checking if DAG (example_params_ui_tutorial) changed
[2024-07-11T08:43:15.727+0000] {logging_mixin.py:188} INFO - [2024-07-11T08:43:15.727+0000] {serialized_objects.py:529} DEBUG - Cast type <class 'airflow.models.param.ParamsDict'> to str in serialization.
[2024-07-11T08:43:15.745+0000] {logging_mixin.py:188} INFO - [2024-07-11T08:43:15.744+0000] {serialized_dag.py:176} DEBUG - Serialized DAG (example_params_ui_tutorial) is unchanged. Skipping writing to DB
[2024-07-11T08:43:15.745+0000] {logging_mixin.py:188} INFO - [2024-07-11T08:43:15.745+0000] {dag.py:3047} INFO - Sync 1 DAGs
[2024-07-11T08:43:15.755+0000] {logging_mixin.py:188} INFO - [2024-07-11T08:43:15.755+0000] {dag.py:3834} INFO - Setting next_dagrun for example_params_ui_tutorial to None, run_after=None
[2024-07-11T08:43:15.771+0000] {processor.py:183} INFO - Processing /home/airflow/.local/lib/python3.10/site-packages/airflow/example_dags/example_params_ui_tutorial.py took 0.088 seconds
[2024-07-11T08:43:45.882+0000] {logging_mixin.py:188} INFO - [2024-07-11T08:43:45.882+0000] {settings.py:249} DEBUG - Setting up DB connection pool (PID 346)
[2024-07-11T08:43:45.883+0000] {logging_mixin.py:188} INFO - [2024-07-11T08:43:45.883+0000] {settings.py:350} DEBUG - settings.prepare_engine_args(): Using pool settings. pool_size=5, max_overflow=10, pool_recycle=1800, pid=346
[2024-07-11T08:43:45.885+0000] {processor.py:161} INFO - Started process (PID=346) to work on /home/airflow/.local/lib/python3.10/site-packages/airflow/example_dags/example_params_ui_tutorial.py
[2024-07-11T08:43:45.885+0000] {processor.py:830} INFO - Processing file /home/airflow/.local/lib/python3.10/site-packages/airflow/example_dags/example_params_ui_tutorial.py for tasks to queue
[2024-07-11T08:43:45.886+0000] {logging_mixin.py:188} INFO - [2024-07-11T08:43:45.885+0000] {dagbag.py:540} INFO - Filling up the DagBag from /home/airflow/.local/lib/python3.10/site-packages/airflow/example_dags/example_params_ui_tutorial.py
[2024-07-11T08:43:45.887+0000] {logging_mixin.py:188} INFO - [2024-07-11T08:43:45.886+0000] {dagbag.py:332} DEBUG - Importing /home/airflow/.local/lib/python3.10/site-packages/airflow/example_dags/example_params_ui_tutorial.py
[2024-07-11T08:43:45.894+0000] {logging_mixin.py:188} INFO - [2024-07-11T08:43:45.894+0000] {dagbag.py:506} DEBUG - Loaded DAG <DAG: example_params_ui_tutorial>
[2024-07-11T08:43:45.894+0000] {processor.py:840} INFO - DAG(s) 'example_params_ui_tutorial' retrieved from /home/airflow/.local/lib/python3.10/site-packages/airflow/example_dags/example_params_ui_tutorial.py
[2024-07-11T08:43:45.895+0000] {logging_mixin.py:188} INFO - [2024-07-11T08:43:45.895+0000] {dagbag.py:662} DEBUG - Running dagbag.sync_to_db with retries. Try 1 of 3
[2024-07-11T08:43:45.895+0000] {logging_mixin.py:188} INFO - [2024-07-11T08:43:45.895+0000] {dagbag.py:667} DEBUG - Calling the DAG.bulk_sync_to_db method
[2024-07-11T08:43:45.902+0000] {logging_mixin.py:188} INFO - [2024-07-11T08:43:45.902+0000] {serialized_dag.py:165} DEBUG - Checking if DAG (example_params_ui_tutorial) changed
[2024-07-11T08:43:45.918+0000] {logging_mixin.py:188} INFO - [2024-07-11T08:43:45.918+0000] {serialized_objects.py:529} DEBUG - Cast type <class 'airflow.models.param.ParamsDict'> to str in serialization.
[2024-07-11T08:43:45.934+0000] {logging_mixin.py:188} INFO - [2024-07-11T08:43:45.934+0000] {serialized_dag.py:176} DEBUG - Serialized DAG (example_params_ui_tutorial) is unchanged. Skipping writing to DB
[2024-07-11T08:43:45.934+0000] {logging_mixin.py:188} INFO - [2024-07-11T08:43:45.934+0000] {dag.py:3047} INFO - Sync 1 DAGs
[2024-07-11T08:43:45.944+0000] {logging_mixin.py:188} INFO - [2024-07-11T08:43:45.943+0000] {dag.py:3834} INFO - Setting next_dagrun for example_params_ui_tutorial to None, run_after=None
[2024-07-11T08:43:45.956+0000] {processor.py:183} INFO - Processing /home/airflow/.local/lib/python3.10/site-packages/airflow/example_dags/example_params_ui_tutorial.py took 0.075 seconds
[2024-07-11T08:44:16.345+0000] {logging_mixin.py:188} INFO - [2024-07-11T08:44:16.344+0000] {settings.py:249} DEBUG - Setting up DB connection pool (PID 402)
[2024-07-11T08:44:16.345+0000] {logging_mixin.py:188} INFO - [2024-07-11T08:44:16.345+0000] {settings.py:350} DEBUG - settings.prepare_engine_args(): Using pool settings. pool_size=5, max_overflow=10, pool_recycle=1800, pid=402
[2024-07-11T08:44:16.347+0000] {processor.py:161} INFO - Started process (PID=402) to work on /home/airflow/.local/lib/python3.10/site-packages/airflow/example_dags/example_params_ui_tutorial.py
[2024-07-11T08:44:16.348+0000] {processor.py:830} INFO - Processing file /home/airflow/.local/lib/python3.10/site-packages/airflow/example_dags/example_params_ui_tutorial.py for tasks to queue
[2024-07-11T08:44:16.348+0000] {logging_mixin.py:188} INFO - [2024-07-11T08:44:16.348+0000] {dagbag.py:540} INFO - Filling up the DagBag from /home/airflow/.local/lib/python3.10/site-packages/airflow/example_dags/example_params_ui_tutorial.py
[2024-07-11T08:44:16.349+0000] {logging_mixin.py:188} INFO - [2024-07-11T08:44:16.349+0000] {dagbag.py:332} DEBUG - Importing /home/airflow/.local/lib/python3.10/site-packages/airflow/example_dags/example_params_ui_tutorial.py
[2024-07-11T08:44:16.357+0000] {logging_mixin.py:188} INFO - [2024-07-11T08:44:16.356+0000] {dagbag.py:506} DEBUG - Loaded DAG <DAG: example_params_ui_tutorial>
[2024-07-11T08:44:16.357+0000] {processor.py:840} INFO - DAG(s) 'example_params_ui_tutorial' retrieved from /home/airflow/.local/lib/python3.10/site-packages/airflow/example_dags/example_params_ui_tutorial.py
[2024-07-11T08:44:16.358+0000] {logging_mixin.py:188} INFO - [2024-07-11T08:44:16.357+0000] {dagbag.py:662} DEBUG - Running dagbag.sync_to_db with retries. Try 1 of 3
[2024-07-11T08:44:16.358+0000] {logging_mixin.py:188} INFO - [2024-07-11T08:44:16.358+0000] {dagbag.py:667} DEBUG - Calling the DAG.bulk_sync_to_db method
[2024-07-11T08:44:16.365+0000] {logging_mixin.py:188} INFO - [2024-07-11T08:44:16.365+0000] {serialized_dag.py:165} DEBUG - Checking if DAG (example_params_ui_tutorial) changed
[2024-07-11T08:44:16.383+0000] {logging_mixin.py:188} INFO - [2024-07-11T08:44:16.382+0000] {serialized_objects.py:529} DEBUG - Cast type <class 'airflow.models.param.ParamsDict'> to str in serialization.
[2024-07-11T08:44:16.400+0000] {logging_mixin.py:188} INFO - [2024-07-11T08:44:16.400+0000] {serialized_dag.py:176} DEBUG - Serialized DAG (example_params_ui_tutorial) is unchanged. Skipping writing to DB
[2024-07-11T08:44:16.400+0000] {logging_mixin.py:188} INFO - [2024-07-11T08:44:16.400+0000] {dag.py:3047} INFO - Sync 1 DAGs
[2024-07-11T08:44:16.409+0000] {logging_mixin.py:188} INFO - [2024-07-11T08:44:16.409+0000] {dag.py:3834} INFO - Setting next_dagrun for example_params_ui_tutorial to None, run_after=None
[2024-07-11T08:44:16.421+0000] {processor.py:183} INFO - Processing /home/airflow/.local/lib/python3.10/site-packages/airflow/example_dags/example_params_ui_tutorial.py took 0.077 seconds
[2024-07-11T08:44:46.665+0000] {logging_mixin.py:188} INFO - [2024-07-11T08:44:46.664+0000] {settings.py:249} DEBUG - Setting up DB connection pool (PID 458)
[2024-07-11T08:44:46.665+0000] {logging_mixin.py:188} INFO - [2024-07-11T08:44:46.665+0000] {settings.py:350} DEBUG - settings.prepare_engine_args(): Using pool settings. pool_size=5, max_overflow=10, pool_recycle=1800, pid=458
[2024-07-11T08:44:46.667+0000] {processor.py:161} INFO - Started process (PID=458) to work on /home/airflow/.local/lib/python3.10/site-packages/airflow/example_dags/example_params_ui_tutorial.py
[2024-07-11T08:44:46.668+0000] {processor.py:830} INFO - Processing file /home/airflow/.local/lib/python3.10/site-packages/airflow/example_dags/example_params_ui_tutorial.py for tasks to queue
[2024-07-11T08:44:46.668+0000] {logging_mixin.py:188} INFO - [2024-07-11T08:44:46.668+0000] {dagbag.py:540} INFO - Filling up the DagBag from /home/airflow/.local/lib/python3.10/site-packages/airflow/example_dags/example_params_ui_tutorial.py
[2024-07-11T08:44:46.669+0000] {logging_mixin.py:188} INFO - [2024-07-11T08:44:46.669+0000] {dagbag.py:332} DEBUG - Importing /home/airflow/.local/lib/python3.10/site-packages/airflow/example_dags/example_params_ui_tutorial.py
[2024-07-11T08:44:46.677+0000] {logging_mixin.py:188} INFO - [2024-07-11T08:44:46.676+0000] {dagbag.py:506} DEBUG - Loaded DAG <DAG: example_params_ui_tutorial>
[2024-07-11T08:44:46.677+0000] {processor.py:840} INFO - DAG(s) 'example_params_ui_tutorial' retrieved from /home/airflow/.local/lib/python3.10/site-packages/airflow/example_dags/example_params_ui_tutorial.py
[2024-07-11T08:44:46.678+0000] {logging_mixin.py:188} INFO - [2024-07-11T08:44:46.678+0000] {dagbag.py:662} DEBUG - Running dagbag.sync_to_db with retries. Try 1 of 3
[2024-07-11T08:44:46.678+0000] {logging_mixin.py:188} INFO - [2024-07-11T08:44:46.678+0000] {dagbag.py:667} DEBUG - Calling the DAG.bulk_sync_to_db method
[2024-07-11T08:44:46.686+0000] {logging_mixin.py:188} INFO - [2024-07-11T08:44:46.686+0000] {serialized_dag.py:165} DEBUG - Checking if DAG (example_params_ui_tutorial) changed
[2024-07-11T08:44:46.705+0000] {logging_mixin.py:188} INFO - [2024-07-11T08:44:46.704+0000] {serialized_objects.py:529} DEBUG - Cast type <class 'airflow.models.param.ParamsDict'> to str in serialization.
[2024-07-11T08:44:46.721+0000] {logging_mixin.py:188} INFO - [2024-07-11T08:44:46.721+0000] {serialized_dag.py:176} DEBUG - Serialized DAG (example_params_ui_tutorial) is unchanged. Skipping writing to DB
[2024-07-11T08:44:46.722+0000] {logging_mixin.py:188} INFO - [2024-07-11T08:44:46.722+0000] {dag.py:3047} INFO - Sync 1 DAGs
[2024-07-11T08:44:46.732+0000] {logging_mixin.py:188} INFO - [2024-07-11T08:44:46.732+0000] {dag.py:3834} INFO - Setting next_dagrun for example_params_ui_tutorial to None, run_after=None
[2024-07-11T08:44:46.747+0000] {processor.py:183} INFO - Processing /home/airflow/.local/lib/python3.10/site-packages/airflow/example_dags/example_params_ui_tutorial.py took 0.083 seconds
