[2024-07-11T08:36:59.680+0000] {logging_mixin.py:188} INFO - [2024-07-11T08:36:59.680+0000] {settings.py:249} DEBUG - Setting up DB connection pool (PID 71)
[2024-07-11T08:36:59.681+0000] {logging_mixin.py:188} INFO - [2024-07-11T08:36:59.681+0000] {settings.py:350} DEBUG - settings.prepare_engine_args(): Using pool settings. pool_size=5, max_overflow=10, pool_recycle=1800, pid=71
[2024-07-11T08:36:59.683+0000] {processor.py:161} INFO - Started process (PID=71) to work on /home/airflow/.local/lib/python3.10/site-packages/airflow/example_dags/example_sla_dag.py
[2024-07-11T08:36:59.683+0000] {processor.py:830} INFO - Processing file /home/airflow/.local/lib/python3.10/site-packages/airflow/example_dags/example_sla_dag.py for tasks to queue
[2024-07-11T08:36:59.684+0000] {logging_mixin.py:188} INFO - [2024-07-11T08:36:59.683+0000] {dagbag.py:540} INFO - Filling up the DagBag from /home/airflow/.local/lib/python3.10/site-packages/airflow/example_dags/example_sla_dag.py
[2024-07-11T08:36:59.685+0000] {logging_mixin.py:188} INFO - [2024-07-11T08:36:59.684+0000] {dagbag.py:332} DEBUG - Importing /home/airflow/.local/lib/python3.10/site-packages/airflow/example_dags/example_sla_dag.py
[2024-07-11T08:36:59.687+0000] {logging_mixin.py:188} INFO - [2024-07-11T08:36:59.687+0000] {GetText.py:65} DEBUG - /home/airflow/.local/lib/python3.10/site-packages/cron_descriptor/locale/en_US.mo Loaded
[2024-07-11T08:36:59.692+0000] {logging_mixin.py:188} INFO - [2024-07-11T08:36:59.691+0000] {dagbag.py:506} DEBUG - Loaded DAG <DAG: example_sla_dag>
[2024-07-11T08:36:59.692+0000] {processor.py:840} INFO - DAG(s) 'example_sla_dag' retrieved from /home/airflow/.local/lib/python3.10/site-packages/airflow/example_dags/example_sla_dag.py
[2024-07-11T08:36:59.692+0000] {logging_mixin.py:188} INFO - [2024-07-11T08:36:59.692+0000] {dagbag.py:662} DEBUG - Running dagbag.sync_to_db with retries. Try 1 of 3
[2024-07-11T08:36:59.693+0000] {logging_mixin.py:188} INFO - [2024-07-11T08:36:59.693+0000] {dagbag.py:667} DEBUG - Calling the DAG.bulk_sync_to_db method
[2024-07-11T08:36:59.701+0000] {logging_mixin.py:188} INFO - [2024-07-11T08:36:59.701+0000] {dag.py:3047} INFO - Sync 1 DAGs
[2024-07-11T08:36:59.722+0000] {logging_mixin.py:188} INFO - [2024-07-11T08:36:59.722+0000] {dag.py:3834} INFO - Setting next_dagrun for example_sla_dag to 2024-07-11 08:34:00+00:00, run_after=2024-07-11 08:36:00+00:00
[2024-07-11T08:36:59.738+0000] {processor.py:183} INFO - Processing /home/airflow/.local/lib/python3.10/site-packages/airflow/example_dags/example_sla_dag.py took 0.058 seconds
[2024-07-11T08:37:30.511+0000] {logging_mixin.py:188} INFO - [2024-07-11T08:37:30.510+0000] {settings.py:249} DEBUG - Setting up DB connection pool (PID 126)
[2024-07-11T08:37:30.511+0000] {logging_mixin.py:188} INFO - [2024-07-11T08:37:30.511+0000] {settings.py:350} DEBUG - settings.prepare_engine_args(): Using pool settings. pool_size=5, max_overflow=10, pool_recycle=1800, pid=126
[2024-07-11T08:37:30.513+0000] {processor.py:161} INFO - Started process (PID=126) to work on /home/airflow/.local/lib/python3.10/site-packages/airflow/example_dags/example_sla_dag.py
[2024-07-11T08:37:30.514+0000] {processor.py:830} INFO - Processing file /home/airflow/.local/lib/python3.10/site-packages/airflow/example_dags/example_sla_dag.py for tasks to queue
[2024-07-11T08:37:30.514+0000] {logging_mixin.py:188} INFO - [2024-07-11T08:37:30.514+0000] {dagbag.py:540} INFO - Filling up the DagBag from /home/airflow/.local/lib/python3.10/site-packages/airflow/example_dags/example_sla_dag.py
[2024-07-11T08:37:30.515+0000] {logging_mixin.py:188} INFO - [2024-07-11T08:37:30.515+0000] {dagbag.py:332} DEBUG - Importing /home/airflow/.local/lib/python3.10/site-packages/airflow/example_dags/example_sla_dag.py
[2024-07-11T08:37:30.517+0000] {logging_mixin.py:188} INFO - [2024-07-11T08:37:30.516+0000] {GetText.py:65} DEBUG - /home/airflow/.local/lib/python3.10/site-packages/cron_descriptor/locale/en_US.mo Loaded
[2024-07-11T08:37:30.521+0000] {logging_mixin.py:188} INFO - [2024-07-11T08:37:30.520+0000] {dagbag.py:506} DEBUG - Loaded DAG <DAG: example_sla_dag>
[2024-07-11T08:37:30.521+0000] {processor.py:840} INFO - DAG(s) 'example_sla_dag' retrieved from /home/airflow/.local/lib/python3.10/site-packages/airflow/example_dags/example_sla_dag.py
[2024-07-11T08:37:30.522+0000] {logging_mixin.py:188} INFO - [2024-07-11T08:37:30.521+0000] {dagbag.py:662} DEBUG - Running dagbag.sync_to_db with retries. Try 1 of 3
[2024-07-11T08:37:30.522+0000] {logging_mixin.py:188} INFO - [2024-07-11T08:37:30.522+0000] {dagbag.py:667} DEBUG - Calling the DAG.bulk_sync_to_db method
[2024-07-11T08:37:30.529+0000] {logging_mixin.py:188} INFO - [2024-07-11T08:37:30.529+0000] {serialized_dag.py:165} DEBUG - Checking if DAG (example_sla_dag) changed
[2024-07-11T08:37:30.534+0000] {logging_mixin.py:188} INFO - [2024-07-11T08:37:30.534+0000] {serialized_dag.py:179} DEBUG - Writing Serialized DAG: example_sla_dag to the DB
[2024-07-11T08:37:30.537+0000] {logging_mixin.py:188} INFO - [2024-07-11T08:37:30.537+0000] {serialized_dag.py:181} DEBUG - DAG: example_sla_dag written to the DB
[2024-07-11T08:37:30.537+0000] {logging_mixin.py:188} INFO - [2024-07-11T08:37:30.537+0000] {dagbag.py:696} DEBUG - Syncing DAG permissions: example_sla_dag to the DB
[2024-07-11T08:37:30.594+0000] {logging_mixin.py:188} INFO - [2024-07-11T08:37:30.594+0000] {override.py:1034} DEBUG - Not syncing DAG-level permissions for DAG 'DAG:example_sla_dag' as access control is unset.
[2024-07-11T08:37:30.594+0000] {logging_mixin.py:188} INFO - [2024-07-11T08:37:30.594+0000] {dag.py:3047} INFO - Sync 1 DAGs
[2024-07-11T08:37:30.611+0000] {logging_mixin.py:188} INFO - [2024-07-11T08:37:30.610+0000] {dag.py:3834} INFO - Setting next_dagrun for example_sla_dag to 2024-07-11 08:34:00+00:00, run_after=2024-07-11 08:36:00+00:00
[2024-07-11T08:37:30.623+0000] {processor.py:183} INFO - Processing /home/airflow/.local/lib/python3.10/site-packages/airflow/example_dags/example_sla_dag.py took 0.112 seconds
[2024-07-11T08:38:01.646+0000] {logging_mixin.py:188} INFO - [2024-07-11T08:38:01.646+0000] {settings.py:249} DEBUG - Setting up DB connection pool (PID 189)
[2024-07-11T08:38:01.647+0000] {logging_mixin.py:188} INFO - [2024-07-11T08:38:01.646+0000] {settings.py:350} DEBUG - settings.prepare_engine_args(): Using pool settings. pool_size=5, max_overflow=10, pool_recycle=1800, pid=189
[2024-07-11T08:38:01.648+0000] {processor.py:161} INFO - Started process (PID=189) to work on /home/airflow/.local/lib/python3.10/site-packages/airflow/example_dags/example_sla_dag.py
[2024-07-11T08:38:01.649+0000] {processor.py:830} INFO - Processing file /home/airflow/.local/lib/python3.10/site-packages/airflow/example_dags/example_sla_dag.py for tasks to queue
[2024-07-11T08:38:01.649+0000] {logging_mixin.py:188} INFO - [2024-07-11T08:38:01.649+0000] {dagbag.py:540} INFO - Filling up the DagBag from /home/airflow/.local/lib/python3.10/site-packages/airflow/example_dags/example_sla_dag.py
[2024-07-11T08:38:01.650+0000] {logging_mixin.py:188} INFO - [2024-07-11T08:38:01.650+0000] {dagbag.py:332} DEBUG - Importing /home/airflow/.local/lib/python3.10/site-packages/airflow/example_dags/example_sla_dag.py
[2024-07-11T08:38:01.652+0000] {logging_mixin.py:188} INFO - [2024-07-11T08:38:01.652+0000] {GetText.py:65} DEBUG - /home/airflow/.local/lib/python3.10/site-packages/cron_descriptor/locale/en_US.mo Loaded
[2024-07-11T08:38:01.656+0000] {logging_mixin.py:188} INFO - [2024-07-11T08:38:01.656+0000] {dagbag.py:506} DEBUG - Loaded DAG <DAG: example_sla_dag>
[2024-07-11T08:38:01.656+0000] {processor.py:840} INFO - DAG(s) 'example_sla_dag' retrieved from /home/airflow/.local/lib/python3.10/site-packages/airflow/example_dags/example_sla_dag.py
[2024-07-11T08:38:01.657+0000] {logging_mixin.py:188} INFO - [2024-07-11T08:38:01.657+0000] {dagbag.py:662} DEBUG - Running dagbag.sync_to_db with retries. Try 1 of 3
[2024-07-11T08:38:01.657+0000] {logging_mixin.py:188} INFO - [2024-07-11T08:38:01.657+0000] {dagbag.py:667} DEBUG - Calling the DAG.bulk_sync_to_db method
[2024-07-11T08:38:01.665+0000] {logging_mixin.py:188} INFO - [2024-07-11T08:38:01.665+0000] {serialized_dag.py:165} DEBUG - Checking if DAG (example_sla_dag) changed
[2024-07-11T08:38:01.670+0000] {logging_mixin.py:188} INFO - [2024-07-11T08:38:01.670+0000] {serialized_dag.py:176} DEBUG - Serialized DAG (example_sla_dag) is unchanged. Skipping writing to DB
[2024-07-11T08:38:01.671+0000] {logging_mixin.py:188} INFO - [2024-07-11T08:38:01.670+0000] {dag.py:3047} INFO - Sync 1 DAGs
[2024-07-11T08:38:01.689+0000] {logging_mixin.py:188} INFO - [2024-07-11T08:38:01.688+0000] {dag.py:3834} INFO - Setting next_dagrun for example_sla_dag to 2024-07-11 08:36:00+00:00, run_after=2024-07-11 08:38:00+00:00
[2024-07-11T08:38:01.702+0000] {processor.py:183} INFO - Processing /home/airflow/.local/lib/python3.10/site-packages/airflow/example_dags/example_sla_dag.py took 0.057 seconds
[2024-07-11T08:38:31.764+0000] {logging_mixin.py:188} INFO - [2024-07-11T08:38:31.763+0000] {settings.py:249} DEBUG - Setting up DB connection pool (PID 244)
[2024-07-11T08:38:31.765+0000] {logging_mixin.py:188} INFO - [2024-07-11T08:38:31.765+0000] {settings.py:350} DEBUG - settings.prepare_engine_args(): Using pool settings. pool_size=5, max_overflow=10, pool_recycle=1800, pid=244
[2024-07-11T08:38:31.768+0000] {processor.py:161} INFO - Started process (PID=244) to work on /home/airflow/.local/lib/python3.10/site-packages/airflow/example_dags/example_sla_dag.py
[2024-07-11T08:38:31.769+0000] {processor.py:830} INFO - Processing file /home/airflow/.local/lib/python3.10/site-packages/airflow/example_dags/example_sla_dag.py for tasks to queue
[2024-07-11T08:38:31.770+0000] {logging_mixin.py:188} INFO - [2024-07-11T08:38:31.769+0000] {dagbag.py:540} INFO - Filling up the DagBag from /home/airflow/.local/lib/python3.10/site-packages/airflow/example_dags/example_sla_dag.py
[2024-07-11T08:38:31.771+0000] {logging_mixin.py:188} INFO - [2024-07-11T08:38:31.771+0000] {dagbag.py:332} DEBUG - Importing /home/airflow/.local/lib/python3.10/site-packages/airflow/example_dags/example_sla_dag.py
[2024-07-11T08:38:31.774+0000] {logging_mixin.py:188} INFO - [2024-07-11T08:38:31.773+0000] {GetText.py:65} DEBUG - /home/airflow/.local/lib/python3.10/site-packages/cron_descriptor/locale/en_US.mo Loaded
[2024-07-11T08:38:31.780+0000] {logging_mixin.py:188} INFO - [2024-07-11T08:38:31.779+0000] {dagbag.py:506} DEBUG - Loaded DAG <DAG: example_sla_dag>
[2024-07-11T08:38:31.780+0000] {processor.py:840} INFO - DAG(s) 'example_sla_dag' retrieved from /home/airflow/.local/lib/python3.10/site-packages/airflow/example_dags/example_sla_dag.py
[2024-07-11T08:38:31.781+0000] {logging_mixin.py:188} INFO - [2024-07-11T08:38:31.780+0000] {dagbag.py:662} DEBUG - Running dagbag.sync_to_db with retries. Try 1 of 3
[2024-07-11T08:38:31.781+0000] {logging_mixin.py:188} INFO - [2024-07-11T08:38:31.781+0000] {dagbag.py:667} DEBUG - Calling the DAG.bulk_sync_to_db method
[2024-07-11T08:38:31.790+0000] {logging_mixin.py:188} INFO - [2024-07-11T08:38:31.790+0000] {serialized_dag.py:165} DEBUG - Checking if DAG (example_sla_dag) changed
[2024-07-11T08:38:31.796+0000] {logging_mixin.py:188} INFO - [2024-07-11T08:38:31.796+0000] {serialized_dag.py:176} DEBUG - Serialized DAG (example_sla_dag) is unchanged. Skipping writing to DB
[2024-07-11T08:38:31.796+0000] {logging_mixin.py:188} INFO - [2024-07-11T08:38:31.796+0000] {dag.py:3047} INFO - Sync 1 DAGs
[2024-07-11T08:38:31.816+0000] {logging_mixin.py:188} INFO - [2024-07-11T08:38:31.816+0000] {dag.py:3834} INFO - Setting next_dagrun for example_sla_dag to 2024-07-11 08:36:00+00:00, run_after=2024-07-11 08:38:00+00:00
[2024-07-11T08:38:31.829+0000] {processor.py:183} INFO - Processing /home/airflow/.local/lib/python3.10/site-packages/airflow/example_dags/example_sla_dag.py took 0.066 seconds
[2024-07-11T08:39:02.200+0000] {logging_mixin.py:188} INFO - [2024-07-11T08:39:02.200+0000] {settings.py:249} DEBUG - Setting up DB connection pool (PID 301)
[2024-07-11T08:39:02.201+0000] {logging_mixin.py:188} INFO - [2024-07-11T08:39:02.201+0000] {settings.py:350} DEBUG - settings.prepare_engine_args(): Using pool settings. pool_size=5, max_overflow=10, pool_recycle=1800, pid=301
[2024-07-11T08:39:02.203+0000] {processor.py:161} INFO - Started process (PID=301) to work on /home/airflow/.local/lib/python3.10/site-packages/airflow/example_dags/example_sla_dag.py
[2024-07-11T08:39:02.203+0000] {processor.py:830} INFO - Processing file /home/airflow/.local/lib/python3.10/site-packages/airflow/example_dags/example_sla_dag.py for tasks to queue
[2024-07-11T08:39:02.204+0000] {logging_mixin.py:188} INFO - [2024-07-11T08:39:02.204+0000] {dagbag.py:540} INFO - Filling up the DagBag from /home/airflow/.local/lib/python3.10/site-packages/airflow/example_dags/example_sla_dag.py
[2024-07-11T08:39:02.205+0000] {logging_mixin.py:188} INFO - [2024-07-11T08:39:02.205+0000] {dagbag.py:332} DEBUG - Importing /home/airflow/.local/lib/python3.10/site-packages/airflow/example_dags/example_sla_dag.py
[2024-07-11T08:39:02.207+0000] {logging_mixin.py:188} INFO - [2024-07-11T08:39:02.207+0000] {GetText.py:65} DEBUG - /home/airflow/.local/lib/python3.10/site-packages/cron_descriptor/locale/en_US.mo Loaded
[2024-07-11T08:39:02.211+0000] {logging_mixin.py:188} INFO - [2024-07-11T08:39:02.211+0000] {dagbag.py:506} DEBUG - Loaded DAG <DAG: example_sla_dag>
[2024-07-11T08:39:02.212+0000] {processor.py:840} INFO - DAG(s) 'example_sla_dag' retrieved from /home/airflow/.local/lib/python3.10/site-packages/airflow/example_dags/example_sla_dag.py
[2024-07-11T08:39:02.212+0000] {logging_mixin.py:188} INFO - [2024-07-11T08:39:02.212+0000] {dagbag.py:662} DEBUG - Running dagbag.sync_to_db with retries. Try 1 of 3
[2024-07-11T08:39:02.213+0000] {logging_mixin.py:188} INFO - [2024-07-11T08:39:02.212+0000] {dagbag.py:667} DEBUG - Calling the DAG.bulk_sync_to_db method
[2024-07-11T08:39:02.221+0000] {logging_mixin.py:188} INFO - [2024-07-11T08:39:02.221+0000] {serialized_dag.py:165} DEBUG - Checking if DAG (example_sla_dag) changed
[2024-07-11T08:39:02.226+0000] {logging_mixin.py:188} INFO - [2024-07-11T08:39:02.226+0000] {serialized_dag.py:176} DEBUG - Serialized DAG (example_sla_dag) is unchanged. Skipping writing to DB
[2024-07-11T08:39:02.226+0000] {logging_mixin.py:188} INFO - [2024-07-11T08:39:02.226+0000] {dag.py:3047} INFO - Sync 1 DAGs
[2024-07-11T08:39:02.245+0000] {logging_mixin.py:188} INFO - [2024-07-11T08:39:02.245+0000] {dag.py:3834} INFO - Setting next_dagrun for example_sla_dag to 2024-07-11 08:36:00+00:00, run_after=2024-07-11 08:38:00+00:00
[2024-07-11T08:39:02.260+0000] {processor.py:183} INFO - Processing /home/airflow/.local/lib/python3.10/site-packages/airflow/example_dags/example_sla_dag.py took 0.060 seconds
[2024-07-11T08:39:32.474+0000] {logging_mixin.py:188} INFO - [2024-07-11T08:39:32.474+0000] {settings.py:249} DEBUG - Setting up DB connection pool (PID 357)
[2024-07-11T08:39:32.475+0000] {logging_mixin.py:188} INFO - [2024-07-11T08:39:32.475+0000] {settings.py:350} DEBUG - settings.prepare_engine_args(): Using pool settings. pool_size=5, max_overflow=10, pool_recycle=1800, pid=357
[2024-07-11T08:39:32.476+0000] {processor.py:161} INFO - Started process (PID=357) to work on /home/airflow/.local/lib/python3.10/site-packages/airflow/example_dags/example_sla_dag.py
[2024-07-11T08:39:32.477+0000] {processor.py:830} INFO - Processing file /home/airflow/.local/lib/python3.10/site-packages/airflow/example_dags/example_sla_dag.py for tasks to queue
[2024-07-11T08:39:32.477+0000] {logging_mixin.py:188} INFO - [2024-07-11T08:39:32.477+0000] {dagbag.py:540} INFO - Filling up the DagBag from /home/airflow/.local/lib/python3.10/site-packages/airflow/example_dags/example_sla_dag.py
[2024-07-11T08:39:32.478+0000] {logging_mixin.py:188} INFO - [2024-07-11T08:39:32.478+0000] {dagbag.py:332} DEBUG - Importing /home/airflow/.local/lib/python3.10/site-packages/airflow/example_dags/example_sla_dag.py
[2024-07-11T08:39:32.480+0000] {logging_mixin.py:188} INFO - [2024-07-11T08:39:32.480+0000] {GetText.py:65} DEBUG - /home/airflow/.local/lib/python3.10/site-packages/cron_descriptor/locale/en_US.mo Loaded
[2024-07-11T08:39:32.484+0000] {logging_mixin.py:188} INFO - [2024-07-11T08:39:32.483+0000] {dagbag.py:506} DEBUG - Loaded DAG <DAG: example_sla_dag>
[2024-07-11T08:39:32.484+0000] {processor.py:840} INFO - DAG(s) 'example_sla_dag' retrieved from /home/airflow/.local/lib/python3.10/site-packages/airflow/example_dags/example_sla_dag.py
[2024-07-11T08:39:32.484+0000] {logging_mixin.py:188} INFO - [2024-07-11T08:39:32.484+0000] {dagbag.py:662} DEBUG - Running dagbag.sync_to_db with retries. Try 1 of 3
[2024-07-11T08:39:32.485+0000] {logging_mixin.py:188} INFO - [2024-07-11T08:39:32.485+0000] {dagbag.py:667} DEBUG - Calling the DAG.bulk_sync_to_db method
[2024-07-11T08:39:32.494+0000] {logging_mixin.py:188} INFO - [2024-07-11T08:39:32.493+0000] {serialized_dag.py:165} DEBUG - Checking if DAG (example_sla_dag) changed
[2024-07-11T08:39:32.499+0000] {logging_mixin.py:188} INFO - [2024-07-11T08:39:32.499+0000] {serialized_dag.py:176} DEBUG - Serialized DAG (example_sla_dag) is unchanged. Skipping writing to DB
[2024-07-11T08:39:32.499+0000] {logging_mixin.py:188} INFO - [2024-07-11T08:39:32.499+0000] {dag.py:3047} INFO - Sync 1 DAGs
[2024-07-11T08:39:32.516+0000] {logging_mixin.py:188} INFO - [2024-07-11T08:39:32.516+0000] {dag.py:3834} INFO - Setting next_dagrun for example_sla_dag to 2024-07-11 08:36:00+00:00, run_after=2024-07-11 08:38:00+00:00
[2024-07-11T08:39:32.529+0000] {processor.py:183} INFO - Processing /home/airflow/.local/lib/python3.10/site-packages/airflow/example_dags/example_sla_dag.py took 0.055 seconds
[2024-07-11T08:40:02.636+0000] {logging_mixin.py:188} INFO - [2024-07-11T08:40:02.635+0000] {settings.py:249} DEBUG - Setting up DB connection pool (PID 413)
[2024-07-11T08:40:02.637+0000] {logging_mixin.py:188} INFO - [2024-07-11T08:40:02.636+0000] {settings.py:350} DEBUG - settings.prepare_engine_args(): Using pool settings. pool_size=5, max_overflow=10, pool_recycle=1800, pid=413
[2024-07-11T08:40:02.638+0000] {processor.py:161} INFO - Started process (PID=413) to work on /home/airflow/.local/lib/python3.10/site-packages/airflow/example_dags/example_sla_dag.py
[2024-07-11T08:40:02.639+0000] {processor.py:830} INFO - Processing file /home/airflow/.local/lib/python3.10/site-packages/airflow/example_dags/example_sla_dag.py for tasks to queue
[2024-07-11T08:40:02.639+0000] {logging_mixin.py:188} INFO - [2024-07-11T08:40:02.639+0000] {dagbag.py:540} INFO - Filling up the DagBag from /home/airflow/.local/lib/python3.10/site-packages/airflow/example_dags/example_sla_dag.py
[2024-07-11T08:40:02.640+0000] {logging_mixin.py:188} INFO - [2024-07-11T08:40:02.640+0000] {dagbag.py:332} DEBUG - Importing /home/airflow/.local/lib/python3.10/site-packages/airflow/example_dags/example_sla_dag.py
[2024-07-11T08:40:02.642+0000] {logging_mixin.py:188} INFO - [2024-07-11T08:40:02.642+0000] {GetText.py:65} DEBUG - /home/airflow/.local/lib/python3.10/site-packages/cron_descriptor/locale/en_US.mo Loaded
[2024-07-11T08:40:02.646+0000] {logging_mixin.py:188} INFO - [2024-07-11T08:40:02.645+0000] {dagbag.py:506} DEBUG - Loaded DAG <DAG: example_sla_dag>
[2024-07-11T08:40:02.646+0000] {processor.py:840} INFO - DAG(s) 'example_sla_dag' retrieved from /home/airflow/.local/lib/python3.10/site-packages/airflow/example_dags/example_sla_dag.py
[2024-07-11T08:40:02.647+0000] {logging_mixin.py:188} INFO - [2024-07-11T08:40:02.647+0000] {dagbag.py:662} DEBUG - Running dagbag.sync_to_db with retries. Try 1 of 3
[2024-07-11T08:40:02.647+0000] {logging_mixin.py:188} INFO - [2024-07-11T08:40:02.647+0000] {dagbag.py:667} DEBUG - Calling the DAG.bulk_sync_to_db method
[2024-07-11T08:40:02.655+0000] {logging_mixin.py:188} INFO - [2024-07-11T08:40:02.654+0000] {serialized_dag.py:165} DEBUG - Checking if DAG (example_sla_dag) changed
[2024-07-11T08:40:02.660+0000] {logging_mixin.py:188} INFO - [2024-07-11T08:40:02.660+0000] {serialized_dag.py:176} DEBUG - Serialized DAG (example_sla_dag) is unchanged. Skipping writing to DB
[2024-07-11T08:40:02.660+0000] {logging_mixin.py:188} INFO - [2024-07-11T08:40:02.660+0000] {dag.py:3047} INFO - Sync 1 DAGs
[2024-07-11T08:40:02.677+0000] {logging_mixin.py:188} INFO - [2024-07-11T08:40:02.677+0000] {dag.py:3834} INFO - Setting next_dagrun for example_sla_dag to 2024-07-11 08:38:00+00:00, run_after=2024-07-11 08:40:00+00:00
[2024-07-11T08:40:02.689+0000] {processor.py:183} INFO - Processing /home/airflow/.local/lib/python3.10/site-packages/airflow/example_dags/example_sla_dag.py took 0.054 seconds
[2024-07-11T08:41:13.605+0000] {logging_mixin.py:188} INFO - [2024-07-11T08:41:13.604+0000] {settings.py:249} DEBUG - Setting up DB connection pool (PID 71)
[2024-07-11T08:41:13.606+0000] {logging_mixin.py:188} INFO - [2024-07-11T08:41:13.606+0000] {settings.py:350} DEBUG - settings.prepare_engine_args(): Using pool settings. pool_size=5, max_overflow=10, pool_recycle=1800, pid=71
[2024-07-11T08:41:13.608+0000] {processor.py:161} INFO - Started process (PID=71) to work on /home/airflow/.local/lib/python3.10/site-packages/airflow/example_dags/example_sla_dag.py
[2024-07-11T08:41:13.609+0000] {processor.py:830} INFO - Processing file /home/airflow/.local/lib/python3.10/site-packages/airflow/example_dags/example_sla_dag.py for tasks to queue
[2024-07-11T08:41:13.609+0000] {logging_mixin.py:188} INFO - [2024-07-11T08:41:13.609+0000] {dagbag.py:540} INFO - Filling up the DagBag from /home/airflow/.local/lib/python3.10/site-packages/airflow/example_dags/example_sla_dag.py
[2024-07-11T08:41:13.610+0000] {logging_mixin.py:188} INFO - [2024-07-11T08:41:13.610+0000] {dagbag.py:332} DEBUG - Importing /home/airflow/.local/lib/python3.10/site-packages/airflow/example_dags/example_sla_dag.py
[2024-07-11T08:41:13.614+0000] {logging_mixin.py:188} INFO - [2024-07-11T08:41:13.613+0000] {GetText.py:65} DEBUG - /home/airflow/.local/lib/python3.10/site-packages/cron_descriptor/locale/en_US.mo Loaded
[2024-07-11T08:41:13.619+0000] {logging_mixin.py:188} INFO - [2024-07-11T08:41:13.618+0000] {dagbag.py:506} DEBUG - Loaded DAG <DAG: example_sla_dag>
[2024-07-11T08:41:13.619+0000] {processor.py:840} INFO - DAG(s) 'example_sla_dag' retrieved from /home/airflow/.local/lib/python3.10/site-packages/airflow/example_dags/example_sla_dag.py
[2024-07-11T08:41:13.620+0000] {logging_mixin.py:188} INFO - [2024-07-11T08:41:13.620+0000] {dagbag.py:662} DEBUG - Running dagbag.sync_to_db with retries. Try 1 of 3
[2024-07-11T08:41:13.621+0000] {logging_mixin.py:188} INFO - [2024-07-11T08:41:13.621+0000] {dagbag.py:667} DEBUG - Calling the DAG.bulk_sync_to_db method
[2024-07-11T08:41:13.631+0000] {logging_mixin.py:188} INFO - [2024-07-11T08:41:13.631+0000] {dag.py:3047} INFO - Sync 1 DAGs
[2024-07-11T08:41:13.667+0000] {logging_mixin.py:188} INFO - [2024-07-11T08:41:13.667+0000] {dag.py:3834} INFO - Setting next_dagrun for example_sla_dag to 2024-07-11 08:38:00+00:00, run_after=2024-07-11 08:40:00+00:00
[2024-07-11T08:41:13.690+0000] {processor.py:183} INFO - Processing /home/airflow/.local/lib/python3.10/site-packages/airflow/example_dags/example_sla_dag.py took 0.086 seconds
[2024-07-11T08:41:45.429+0000] {logging_mixin.py:188} INFO - [2024-07-11T08:41:45.428+0000] {settings.py:249} DEBUG - Setting up DB connection pool (PID 127)
[2024-07-11T08:41:45.429+0000] {logging_mixin.py:188} INFO - [2024-07-11T08:41:45.429+0000] {settings.py:350} DEBUG - settings.prepare_engine_args(): Using pool settings. pool_size=5, max_overflow=10, pool_recycle=1800, pid=127
[2024-07-11T08:41:45.431+0000] {processor.py:161} INFO - Started process (PID=127) to work on /home/airflow/.local/lib/python3.10/site-packages/airflow/example_dags/example_sla_dag.py
[2024-07-11T08:41:45.431+0000] {processor.py:830} INFO - Processing file /home/airflow/.local/lib/python3.10/site-packages/airflow/example_dags/example_sla_dag.py for tasks to queue
[2024-07-11T08:41:45.432+0000] {logging_mixin.py:188} INFO - [2024-07-11T08:41:45.432+0000] {dagbag.py:540} INFO - Filling up the DagBag from /home/airflow/.local/lib/python3.10/site-packages/airflow/example_dags/example_sla_dag.py
[2024-07-11T08:41:45.432+0000] {logging_mixin.py:188} INFO - [2024-07-11T08:41:45.432+0000] {dagbag.py:332} DEBUG - Importing /home/airflow/.local/lib/python3.10/site-packages/airflow/example_dags/example_sla_dag.py
[2024-07-11T08:41:45.434+0000] {logging_mixin.py:188} INFO - [2024-07-11T08:41:45.434+0000] {GetText.py:65} DEBUG - /home/airflow/.local/lib/python3.10/site-packages/cron_descriptor/locale/en_US.mo Loaded
[2024-07-11T08:41:45.439+0000] {logging_mixin.py:188} INFO - [2024-07-11T08:41:45.438+0000] {dagbag.py:506} DEBUG - Loaded DAG <DAG: example_sla_dag>
[2024-07-11T08:41:45.439+0000] {processor.py:840} INFO - DAG(s) 'example_sla_dag' retrieved from /home/airflow/.local/lib/python3.10/site-packages/airflow/example_dags/example_sla_dag.py
[2024-07-11T08:41:45.440+0000] {logging_mixin.py:188} INFO - [2024-07-11T08:41:45.439+0000] {dagbag.py:662} DEBUG - Running dagbag.sync_to_db with retries. Try 1 of 3
[2024-07-11T08:41:45.440+0000] {logging_mixin.py:188} INFO - [2024-07-11T08:41:45.440+0000] {dagbag.py:667} DEBUG - Calling the DAG.bulk_sync_to_db method
[2024-07-11T08:41:45.447+0000] {logging_mixin.py:188} INFO - [2024-07-11T08:41:45.447+0000] {serialized_dag.py:165} DEBUG - Checking if DAG (example_sla_dag) changed
[2024-07-11T08:41:45.452+0000] {logging_mixin.py:188} INFO - [2024-07-11T08:41:45.452+0000] {serialized_dag.py:179} DEBUG - Writing Serialized DAG: example_sla_dag to the DB
[2024-07-11T08:41:45.455+0000] {logging_mixin.py:188} INFO - [2024-07-11T08:41:45.455+0000] {serialized_dag.py:181} DEBUG - DAG: example_sla_dag written to the DB
[2024-07-11T08:41:45.455+0000] {logging_mixin.py:188} INFO - [2024-07-11T08:41:45.455+0000] {dagbag.py:696} DEBUG - Syncing DAG permissions: example_sla_dag to the DB
[2024-07-11T08:41:45.514+0000] {logging_mixin.py:188} INFO - [2024-07-11T08:41:45.514+0000] {override.py:1034} DEBUG - Not syncing DAG-level permissions for DAG 'DAG:example_sla_dag' as access control is unset.
[2024-07-11T08:41:45.515+0000] {logging_mixin.py:188} INFO - [2024-07-11T08:41:45.515+0000] {dag.py:3047} INFO - Sync 1 DAGs
[2024-07-11T08:41:45.531+0000] {logging_mixin.py:188} INFO - [2024-07-11T08:41:45.531+0000] {dag.py:3834} INFO - Setting next_dagrun for example_sla_dag to 2024-07-11 08:38:00+00:00, run_after=2024-07-11 08:40:00+00:00
[2024-07-11T08:41:45.543+0000] {processor.py:183} INFO - Processing /home/airflow/.local/lib/python3.10/site-packages/airflow/example_dags/example_sla_dag.py took 0.115 seconds
[2024-07-11T08:42:16.391+0000] {logging_mixin.py:188} INFO - [2024-07-11T08:42:16.391+0000] {settings.py:249} DEBUG - Setting up DB connection pool (PID 183)
[2024-07-11T08:42:16.392+0000] {logging_mixin.py:188} INFO - [2024-07-11T08:42:16.392+0000] {settings.py:350} DEBUG - settings.prepare_engine_args(): Using pool settings. pool_size=5, max_overflow=10, pool_recycle=1800, pid=183
[2024-07-11T08:42:16.394+0000] {processor.py:161} INFO - Started process (PID=183) to work on /home/airflow/.local/lib/python3.10/site-packages/airflow/example_dags/example_sla_dag.py
[2024-07-11T08:42:16.394+0000] {processor.py:830} INFO - Processing file /home/airflow/.local/lib/python3.10/site-packages/airflow/example_dags/example_sla_dag.py for tasks to queue
[2024-07-11T08:42:16.394+0000] {logging_mixin.py:188} INFO - [2024-07-11T08:42:16.394+0000] {dagbag.py:540} INFO - Filling up the DagBag from /home/airflow/.local/lib/python3.10/site-packages/airflow/example_dags/example_sla_dag.py
[2024-07-11T08:42:16.395+0000] {logging_mixin.py:188} INFO - [2024-07-11T08:42:16.395+0000] {dagbag.py:332} DEBUG - Importing /home/airflow/.local/lib/python3.10/site-packages/airflow/example_dags/example_sla_dag.py
[2024-07-11T08:42:16.397+0000] {logging_mixin.py:188} INFO - [2024-07-11T08:42:16.397+0000] {GetText.py:65} DEBUG - /home/airflow/.local/lib/python3.10/site-packages/cron_descriptor/locale/en_US.mo Loaded
[2024-07-11T08:42:16.401+0000] {logging_mixin.py:188} INFO - [2024-07-11T08:42:16.401+0000] {dagbag.py:506} DEBUG - Loaded DAG <DAG: example_sla_dag>
[2024-07-11T08:42:16.402+0000] {processor.py:840} INFO - DAG(s) 'example_sla_dag' retrieved from /home/airflow/.local/lib/python3.10/site-packages/airflow/example_dags/example_sla_dag.py
[2024-07-11T08:42:16.402+0000] {logging_mixin.py:188} INFO - [2024-07-11T08:42:16.402+0000] {dagbag.py:662} DEBUG - Running dagbag.sync_to_db with retries. Try 1 of 3
[2024-07-11T08:42:16.402+0000] {logging_mixin.py:188} INFO - [2024-07-11T08:42:16.402+0000] {dagbag.py:667} DEBUG - Calling the DAG.bulk_sync_to_db method
[2024-07-11T08:42:16.410+0000] {logging_mixin.py:188} INFO - [2024-07-11T08:42:16.409+0000] {serialized_dag.py:165} DEBUG - Checking if DAG (example_sla_dag) changed
[2024-07-11T08:42:16.415+0000] {logging_mixin.py:188} INFO - [2024-07-11T08:42:16.415+0000] {serialized_dag.py:176} DEBUG - Serialized DAG (example_sla_dag) is unchanged. Skipping writing to DB
[2024-07-11T08:42:16.415+0000] {logging_mixin.py:188} INFO - [2024-07-11T08:42:16.415+0000] {dag.py:3047} INFO - Sync 1 DAGs
[2024-07-11T08:42:16.432+0000] {logging_mixin.py:188} INFO - [2024-07-11T08:42:16.432+0000] {dag.py:3834} INFO - Setting next_dagrun for example_sla_dag to 2024-07-11 08:40:00+00:00, run_after=2024-07-11 08:42:00+00:00
[2024-07-11T08:42:16.444+0000] {processor.py:183} INFO - Processing /home/airflow/.local/lib/python3.10/site-packages/airflow/example_dags/example_sla_dag.py took 0.054 seconds
[2024-07-11T08:42:46.649+0000] {logging_mixin.py:188} INFO - [2024-07-11T08:42:46.649+0000] {settings.py:249} DEBUG - Setting up DB connection pool (PID 239)
[2024-07-11T08:42:46.650+0000] {logging_mixin.py:188} INFO - [2024-07-11T08:42:46.650+0000] {settings.py:350} DEBUG - settings.prepare_engine_args(): Using pool settings. pool_size=5, max_overflow=10, pool_recycle=1800, pid=239
[2024-07-11T08:42:46.652+0000] {processor.py:161} INFO - Started process (PID=239) to work on /home/airflow/.local/lib/python3.10/site-packages/airflow/example_dags/example_sla_dag.py
[2024-07-11T08:42:46.652+0000] {processor.py:830} INFO - Processing file /home/airflow/.local/lib/python3.10/site-packages/airflow/example_dags/example_sla_dag.py for tasks to queue
[2024-07-11T08:42:46.652+0000] {logging_mixin.py:188} INFO - [2024-07-11T08:42:46.652+0000] {dagbag.py:540} INFO - Filling up the DagBag from /home/airflow/.local/lib/python3.10/site-packages/airflow/example_dags/example_sla_dag.py
[2024-07-11T08:42:46.653+0000] {logging_mixin.py:188} INFO - [2024-07-11T08:42:46.653+0000] {dagbag.py:332} DEBUG - Importing /home/airflow/.local/lib/python3.10/site-packages/airflow/example_dags/example_sla_dag.py
[2024-07-11T08:42:46.655+0000] {logging_mixin.py:188} INFO - [2024-07-11T08:42:46.655+0000] {GetText.py:65} DEBUG - /home/airflow/.local/lib/python3.10/site-packages/cron_descriptor/locale/en_US.mo Loaded
[2024-07-11T08:42:46.659+0000] {logging_mixin.py:188} INFO - [2024-07-11T08:42:46.658+0000] {dagbag.py:506} DEBUG - Loaded DAG <DAG: example_sla_dag>
[2024-07-11T08:42:46.659+0000] {processor.py:840} INFO - DAG(s) 'example_sla_dag' retrieved from /home/airflow/.local/lib/python3.10/site-packages/airflow/example_dags/example_sla_dag.py
[2024-07-11T08:42:46.660+0000] {logging_mixin.py:188} INFO - [2024-07-11T08:42:46.660+0000] {dagbag.py:662} DEBUG - Running dagbag.sync_to_db with retries. Try 1 of 3
[2024-07-11T08:42:46.660+0000] {logging_mixin.py:188} INFO - [2024-07-11T08:42:46.660+0000] {dagbag.py:667} DEBUG - Calling the DAG.bulk_sync_to_db method
[2024-07-11T08:42:46.667+0000] {logging_mixin.py:188} INFO - [2024-07-11T08:42:46.667+0000] {serialized_dag.py:165} DEBUG - Checking if DAG (example_sla_dag) changed
[2024-07-11T08:42:46.672+0000] {logging_mixin.py:188} INFO - [2024-07-11T08:42:46.672+0000] {serialized_dag.py:176} DEBUG - Serialized DAG (example_sla_dag) is unchanged. Skipping writing to DB
[2024-07-11T08:42:46.672+0000] {logging_mixin.py:188} INFO - [2024-07-11T08:42:46.672+0000] {dag.py:3047} INFO - Sync 1 DAGs
[2024-07-11T08:42:46.689+0000] {logging_mixin.py:188} INFO - [2024-07-11T08:42:46.689+0000] {dag.py:3834} INFO - Setting next_dagrun for example_sla_dag to 2024-07-11 08:40:00+00:00, run_after=2024-07-11 08:42:00+00:00
[2024-07-11T08:42:46.701+0000] {processor.py:183} INFO - Processing /home/airflow/.local/lib/python3.10/site-packages/airflow/example_dags/example_sla_dag.py took 0.052 seconds
[2024-07-11T08:43:16.917+0000] {logging_mixin.py:188} INFO - [2024-07-11T08:43:16.917+0000] {settings.py:249} DEBUG - Setting up DB connection pool (PID 295)
[2024-07-11T08:43:16.918+0000] {logging_mixin.py:188} INFO - [2024-07-11T08:43:16.918+0000] {settings.py:350} DEBUG - settings.prepare_engine_args(): Using pool settings. pool_size=5, max_overflow=10, pool_recycle=1800, pid=295
[2024-07-11T08:43:16.920+0000] {processor.py:161} INFO - Started process (PID=295) to work on /home/airflow/.local/lib/python3.10/site-packages/airflow/example_dags/example_sla_dag.py
[2024-07-11T08:43:16.920+0000] {processor.py:830} INFO - Processing file /home/airflow/.local/lib/python3.10/site-packages/airflow/example_dags/example_sla_dag.py for tasks to queue
[2024-07-11T08:43:16.920+0000] {logging_mixin.py:188} INFO - [2024-07-11T08:43:16.920+0000] {dagbag.py:540} INFO - Filling up the DagBag from /home/airflow/.local/lib/python3.10/site-packages/airflow/example_dags/example_sla_dag.py
[2024-07-11T08:43:16.921+0000] {logging_mixin.py:188} INFO - [2024-07-11T08:43:16.921+0000] {dagbag.py:332} DEBUG - Importing /home/airflow/.local/lib/python3.10/site-packages/airflow/example_dags/example_sla_dag.py
[2024-07-11T08:43:16.923+0000] {logging_mixin.py:188} INFO - [2024-07-11T08:43:16.923+0000] {GetText.py:65} DEBUG - /home/airflow/.local/lib/python3.10/site-packages/cron_descriptor/locale/en_US.mo Loaded
[2024-07-11T08:43:16.928+0000] {logging_mixin.py:188} INFO - [2024-07-11T08:43:16.927+0000] {dagbag.py:506} DEBUG - Loaded DAG <DAG: example_sla_dag>
[2024-07-11T08:43:16.928+0000] {processor.py:840} INFO - DAG(s) 'example_sla_dag' retrieved from /home/airflow/.local/lib/python3.10/site-packages/airflow/example_dags/example_sla_dag.py
[2024-07-11T08:43:16.928+0000] {logging_mixin.py:188} INFO - [2024-07-11T08:43:16.928+0000] {dagbag.py:662} DEBUG - Running dagbag.sync_to_db with retries. Try 1 of 3
[2024-07-11T08:43:16.929+0000] {logging_mixin.py:188} INFO - [2024-07-11T08:43:16.929+0000] {dagbag.py:667} DEBUG - Calling the DAG.bulk_sync_to_db method
[2024-07-11T08:43:16.936+0000] {logging_mixin.py:188} INFO - [2024-07-11T08:43:16.936+0000] {serialized_dag.py:165} DEBUG - Checking if DAG (example_sla_dag) changed
[2024-07-11T08:43:16.943+0000] {logging_mixin.py:188} INFO - [2024-07-11T08:43:16.942+0000] {serialized_dag.py:176} DEBUG - Serialized DAG (example_sla_dag) is unchanged. Skipping writing to DB
[2024-07-11T08:43:16.943+0000] {logging_mixin.py:188} INFO - [2024-07-11T08:43:16.943+0000] {dag.py:3047} INFO - Sync 1 DAGs
[2024-07-11T08:43:16.961+0000] {logging_mixin.py:188} INFO - [2024-07-11T08:43:16.961+0000] {dag.py:3834} INFO - Setting next_dagrun for example_sla_dag to 2024-07-11 08:40:00+00:00, run_after=2024-07-11 08:42:00+00:00
[2024-07-11T08:43:16.975+0000] {processor.py:183} INFO - Processing /home/airflow/.local/lib/python3.10/site-packages/airflow/example_dags/example_sla_dag.py took 0.058 seconds
[2024-07-11T08:43:47.060+0000] {logging_mixin.py:188} INFO - [2024-07-11T08:43:47.060+0000] {settings.py:249} DEBUG - Setting up DB connection pool (PID 357)
[2024-07-11T08:43:47.061+0000] {logging_mixin.py:188} INFO - [2024-07-11T08:43:47.061+0000] {settings.py:350} DEBUG - settings.prepare_engine_args(): Using pool settings. pool_size=5, max_overflow=10, pool_recycle=1800, pid=357
[2024-07-11T08:43:47.063+0000] {processor.py:161} INFO - Started process (PID=357) to work on /home/airflow/.local/lib/python3.10/site-packages/airflow/example_dags/example_sla_dag.py
[2024-07-11T08:43:47.063+0000] {processor.py:830} INFO - Processing file /home/airflow/.local/lib/python3.10/site-packages/airflow/example_dags/example_sla_dag.py for tasks to queue
[2024-07-11T08:43:47.064+0000] {logging_mixin.py:188} INFO - [2024-07-11T08:43:47.063+0000] {dagbag.py:540} INFO - Filling up the DagBag from /home/airflow/.local/lib/python3.10/site-packages/airflow/example_dags/example_sla_dag.py
[2024-07-11T08:43:47.064+0000] {logging_mixin.py:188} INFO - [2024-07-11T08:43:47.064+0000] {dagbag.py:332} DEBUG - Importing /home/airflow/.local/lib/python3.10/site-packages/airflow/example_dags/example_sla_dag.py
[2024-07-11T08:43:47.066+0000] {logging_mixin.py:188} INFO - [2024-07-11T08:43:47.066+0000] {GetText.py:65} DEBUG - /home/airflow/.local/lib/python3.10/site-packages/cron_descriptor/locale/en_US.mo Loaded
[2024-07-11T08:43:47.071+0000] {logging_mixin.py:188} INFO - [2024-07-11T08:43:47.070+0000] {dagbag.py:506} DEBUG - Loaded DAG <DAG: example_sla_dag>
[2024-07-11T08:43:47.071+0000] {processor.py:840} INFO - DAG(s) 'example_sla_dag' retrieved from /home/airflow/.local/lib/python3.10/site-packages/airflow/example_dags/example_sla_dag.py
[2024-07-11T08:43:47.071+0000] {logging_mixin.py:188} INFO - [2024-07-11T08:43:47.071+0000] {dagbag.py:662} DEBUG - Running dagbag.sync_to_db with retries. Try 1 of 3
[2024-07-11T08:43:47.072+0000] {logging_mixin.py:188} INFO - [2024-07-11T08:43:47.072+0000] {dagbag.py:667} DEBUG - Calling the DAG.bulk_sync_to_db method
[2024-07-11T08:43:47.080+0000] {logging_mixin.py:188} INFO - [2024-07-11T08:43:47.079+0000] {serialized_dag.py:165} DEBUG - Checking if DAG (example_sla_dag) changed
[2024-07-11T08:43:47.086+0000] {logging_mixin.py:188} INFO - [2024-07-11T08:43:47.086+0000] {serialized_dag.py:176} DEBUG - Serialized DAG (example_sla_dag) is unchanged. Skipping writing to DB
[2024-07-11T08:43:47.087+0000] {logging_mixin.py:188} INFO - [2024-07-11T08:43:47.086+0000] {dag.py:3047} INFO - Sync 1 DAGs
[2024-07-11T08:43:47.106+0000] {logging_mixin.py:188} INFO - [2024-07-11T08:43:47.105+0000] {dag.py:3834} INFO - Setting next_dagrun for example_sla_dag to 2024-07-11 08:40:00+00:00, run_after=2024-07-11 08:42:00+00:00
[2024-07-11T08:43:47.122+0000] {processor.py:183} INFO - Processing /home/airflow/.local/lib/python3.10/site-packages/airflow/example_dags/example_sla_dag.py took 0.062 seconds
[2024-07-11T08:44:17.588+0000] {logging_mixin.py:188} INFO - [2024-07-11T08:44:17.588+0000] {settings.py:249} DEBUG - Setting up DB connection pool (PID 413)
[2024-07-11T08:44:17.589+0000] {logging_mixin.py:188} INFO - [2024-07-11T08:44:17.589+0000] {settings.py:350} DEBUG - settings.prepare_engine_args(): Using pool settings. pool_size=5, max_overflow=10, pool_recycle=1800, pid=413
[2024-07-11T08:44:17.591+0000] {processor.py:161} INFO - Started process (PID=413) to work on /home/airflow/.local/lib/python3.10/site-packages/airflow/example_dags/example_sla_dag.py
[2024-07-11T08:44:17.591+0000] {processor.py:830} INFO - Processing file /home/airflow/.local/lib/python3.10/site-packages/airflow/example_dags/example_sla_dag.py for tasks to queue
[2024-07-11T08:44:17.592+0000] {logging_mixin.py:188} INFO - [2024-07-11T08:44:17.592+0000] {dagbag.py:540} INFO - Filling up the DagBag from /home/airflow/.local/lib/python3.10/site-packages/airflow/example_dags/example_sla_dag.py
[2024-07-11T08:44:17.593+0000] {logging_mixin.py:188} INFO - [2024-07-11T08:44:17.593+0000] {dagbag.py:332} DEBUG - Importing /home/airflow/.local/lib/python3.10/site-packages/airflow/example_dags/example_sla_dag.py
[2024-07-11T08:44:17.595+0000] {logging_mixin.py:188} INFO - [2024-07-11T08:44:17.594+0000] {GetText.py:65} DEBUG - /home/airflow/.local/lib/python3.10/site-packages/cron_descriptor/locale/en_US.mo Loaded
[2024-07-11T08:44:17.600+0000] {logging_mixin.py:188} INFO - [2024-07-11T08:44:17.599+0000] {dagbag.py:506} DEBUG - Loaded DAG <DAG: example_sla_dag>
[2024-07-11T08:44:17.600+0000] {processor.py:840} INFO - DAG(s) 'example_sla_dag' retrieved from /home/airflow/.local/lib/python3.10/site-packages/airflow/example_dags/example_sla_dag.py
[2024-07-11T08:44:17.601+0000] {logging_mixin.py:188} INFO - [2024-07-11T08:44:17.601+0000] {dagbag.py:662} DEBUG - Running dagbag.sync_to_db with retries. Try 1 of 3
[2024-07-11T08:44:17.601+0000] {logging_mixin.py:188} INFO - [2024-07-11T08:44:17.601+0000] {dagbag.py:667} DEBUG - Calling the DAG.bulk_sync_to_db method
[2024-07-11T08:44:17.609+0000] {logging_mixin.py:188} INFO - [2024-07-11T08:44:17.609+0000] {serialized_dag.py:165} DEBUG - Checking if DAG (example_sla_dag) changed
[2024-07-11T08:44:17.616+0000] {logging_mixin.py:188} INFO - [2024-07-11T08:44:17.616+0000] {serialized_dag.py:176} DEBUG - Serialized DAG (example_sla_dag) is unchanged. Skipping writing to DB
[2024-07-11T08:44:17.616+0000] {logging_mixin.py:188} INFO - [2024-07-11T08:44:17.616+0000] {dag.py:3047} INFO - Sync 1 DAGs
[2024-07-11T08:44:17.635+0000] {logging_mixin.py:188} INFO - [2024-07-11T08:44:17.635+0000] {dag.py:3834} INFO - Setting next_dagrun for example_sla_dag to 2024-07-11 08:42:00+00:00, run_after=2024-07-11 08:44:00+00:00
[2024-07-11T08:44:17.652+0000] {processor.py:183} INFO - Processing /home/airflow/.local/lib/python3.10/site-packages/airflow/example_dags/example_sla_dag.py took 0.064 seconds
[2024-07-11T08:44:47.898+0000] {logging_mixin.py:188} INFO - [2024-07-11T08:44:47.897+0000] {settings.py:249} DEBUG - Setting up DB connection pool (PID 469)
[2024-07-11T08:44:47.898+0000] {logging_mixin.py:188} INFO - [2024-07-11T08:44:47.898+0000] {settings.py:350} DEBUG - settings.prepare_engine_args(): Using pool settings. pool_size=5, max_overflow=10, pool_recycle=1800, pid=469
[2024-07-11T08:44:47.900+0000] {processor.py:161} INFO - Started process (PID=469) to work on /home/airflow/.local/lib/python3.10/site-packages/airflow/example_dags/example_sla_dag.py
[2024-07-11T08:44:47.901+0000] {processor.py:830} INFO - Processing file /home/airflow/.local/lib/python3.10/site-packages/airflow/example_dags/example_sla_dag.py for tasks to queue
[2024-07-11T08:44:47.901+0000] {logging_mixin.py:188} INFO - [2024-07-11T08:44:47.901+0000] {dagbag.py:540} INFO - Filling up the DagBag from /home/airflow/.local/lib/python3.10/site-packages/airflow/example_dags/example_sla_dag.py
[2024-07-11T08:44:47.902+0000] {logging_mixin.py:188} INFO - [2024-07-11T08:44:47.902+0000] {dagbag.py:332} DEBUG - Importing /home/airflow/.local/lib/python3.10/site-packages/airflow/example_dags/example_sla_dag.py
[2024-07-11T08:44:47.904+0000] {logging_mixin.py:188} INFO - [2024-07-11T08:44:47.904+0000] {GetText.py:65} DEBUG - /home/airflow/.local/lib/python3.10/site-packages/cron_descriptor/locale/en_US.mo Loaded
[2024-07-11T08:44:47.908+0000] {logging_mixin.py:188} INFO - [2024-07-11T08:44:47.907+0000] {dagbag.py:506} DEBUG - Loaded DAG <DAG: example_sla_dag>
[2024-07-11T08:44:47.908+0000] {processor.py:840} INFO - DAG(s) 'example_sla_dag' retrieved from /home/airflow/.local/lib/python3.10/site-packages/airflow/example_dags/example_sla_dag.py
[2024-07-11T08:44:47.908+0000] {logging_mixin.py:188} INFO - [2024-07-11T08:44:47.908+0000] {dagbag.py:662} DEBUG - Running dagbag.sync_to_db with retries. Try 1 of 3
[2024-07-11T08:44:47.909+0000] {logging_mixin.py:188} INFO - [2024-07-11T08:44:47.909+0000] {dagbag.py:667} DEBUG - Calling the DAG.bulk_sync_to_db method
[2024-07-11T08:44:47.918+0000] {logging_mixin.py:188} INFO - [2024-07-11T08:44:47.918+0000] {serialized_dag.py:165} DEBUG - Checking if DAG (example_sla_dag) changed
[2024-07-11T08:44:47.924+0000] {logging_mixin.py:188} INFO - [2024-07-11T08:44:47.924+0000] {serialized_dag.py:176} DEBUG - Serialized DAG (example_sla_dag) is unchanged. Skipping writing to DB
[2024-07-11T08:44:47.924+0000] {logging_mixin.py:188} INFO - [2024-07-11T08:44:47.924+0000] {dag.py:3047} INFO - Sync 1 DAGs
[2024-07-11T08:44:47.948+0000] {logging_mixin.py:188} INFO - [2024-07-11T08:44:47.947+0000] {dag.py:3834} INFO - Setting next_dagrun for example_sla_dag to 2024-07-11 08:42:00+00:00, run_after=2024-07-11 08:44:00+00:00
[2024-07-11T08:44:47.967+0000] {processor.py:183} INFO - Processing /home/airflow/.local/lib/python3.10/site-packages/airflow/example_dags/example_sla_dag.py took 0.069 seconds
