[2024-07-11T08:36:59.217+0000] {logging_mixin.py:188} INFO - [2024-07-11T08:36:59.217+0000] {settings.py:249} DEBUG - Setting up DB connection pool (PID 62)
[2024-07-11T08:36:59.218+0000] {logging_mixin.py:188} INFO - [2024-07-11T08:36:59.218+0000] {settings.py:350} DEBUG - settings.prepare_engine_args(): Using pool settings. pool_size=5, max_overflow=10, pool_recycle=1800, pid=62
[2024-07-11T08:36:59.220+0000] {processor.py:161} INFO - Started process (PID=62) to work on /home/airflow/.local/lib/python3.10/site-packages/airflow/example_dags/example_xcomargs.py
[2024-07-11T08:36:59.220+0000] {processor.py:830} INFO - Processing file /home/airflow/.local/lib/python3.10/site-packages/airflow/example_dags/example_xcomargs.py for tasks to queue
[2024-07-11T08:36:59.221+0000] {logging_mixin.py:188} INFO - [2024-07-11T08:36:59.221+0000] {dagbag.py:540} INFO - Filling up the DagBag from /home/airflow/.local/lib/python3.10/site-packages/airflow/example_dags/example_xcomargs.py
[2024-07-11T08:36:59.222+0000] {logging_mixin.py:188} INFO - [2024-07-11T08:36:59.222+0000] {dagbag.py:332} DEBUG - Importing /home/airflow/.local/lib/python3.10/site-packages/airflow/example_dags/example_xcomargs.py
[2024-07-11T08:36:59.229+0000] {logging_mixin.py:188} INFO - [2024-07-11T08:36:59.228+0000] {dagbag.py:506} DEBUG - Loaded DAG <DAG: example_xcom_args_with_operators>
[2024-07-11T08:36:59.229+0000] {logging_mixin.py:188} INFO - [2024-07-11T08:36:59.229+0000] {dagbag.py:506} DEBUG - Loaded DAG <DAG: example_xcom_args>
[2024-07-11T08:36:59.229+0000] {processor.py:840} INFO - DAG(s) 'example_xcom_args_with_operators', 'example_xcom_args' retrieved from /home/airflow/.local/lib/python3.10/site-packages/airflow/example_dags/example_xcomargs.py
[2024-07-11T08:36:59.230+0000] {logging_mixin.py:188} INFO - [2024-07-11T08:36:59.230+0000] {dagbag.py:662} DEBUG - Running dagbag.sync_to_db with retries. Try 1 of 3
[2024-07-11T08:36:59.230+0000] {logging_mixin.py:188} INFO - [2024-07-11T08:36:59.230+0000] {dagbag.py:667} DEBUG - Calling the DAG.bulk_sync_to_db method
[2024-07-11T08:36:59.239+0000] {logging_mixin.py:188} INFO - [2024-07-11T08:36:59.239+0000] {dag.py:3047} INFO - Sync 2 DAGs
[2024-07-11T08:36:59.250+0000] {logging_mixin.py:188} INFO - [2024-07-11T08:36:59.250+0000] {dag.py:3834} INFO - Setting next_dagrun for example_xcom_args to None, run_after=None
[2024-07-11T08:36:59.254+0000] {logging_mixin.py:188} INFO - [2024-07-11T08:36:59.253+0000] {dag.py:3834} INFO - Setting next_dagrun for example_xcom_args_with_operators to None, run_after=None
[2024-07-11T08:36:59.270+0000] {processor.py:183} INFO - Processing /home/airflow/.local/lib/python3.10/site-packages/airflow/example_dags/example_xcomargs.py took 0.054 seconds
[2024-07-11T08:37:29.947+0000] {logging_mixin.py:188} INFO - [2024-07-11T08:37:29.947+0000] {settings.py:249} DEBUG - Setting up DB connection pool (PID 118)
[2024-07-11T08:37:29.948+0000] {logging_mixin.py:188} INFO - [2024-07-11T08:37:29.948+0000] {settings.py:350} DEBUG - settings.prepare_engine_args(): Using pool settings. pool_size=5, max_overflow=10, pool_recycle=1800, pid=118
[2024-07-11T08:37:29.950+0000] {processor.py:161} INFO - Started process (PID=118) to work on /home/airflow/.local/lib/python3.10/site-packages/airflow/example_dags/example_xcomargs.py
[2024-07-11T08:37:29.950+0000] {processor.py:830} INFO - Processing file /home/airflow/.local/lib/python3.10/site-packages/airflow/example_dags/example_xcomargs.py for tasks to queue
[2024-07-11T08:37:29.950+0000] {logging_mixin.py:188} INFO - [2024-07-11T08:37:29.950+0000] {dagbag.py:540} INFO - Filling up the DagBag from /home/airflow/.local/lib/python3.10/site-packages/airflow/example_dags/example_xcomargs.py
[2024-07-11T08:37:29.951+0000] {logging_mixin.py:188} INFO - [2024-07-11T08:37:29.951+0000] {dagbag.py:332} DEBUG - Importing /home/airflow/.local/lib/python3.10/site-packages/airflow/example_dags/example_xcomargs.py
[2024-07-11T08:37:29.957+0000] {logging_mixin.py:188} INFO - [2024-07-11T08:37:29.957+0000] {dagbag.py:506} DEBUG - Loaded DAG <DAG: example_xcom_args_with_operators>
[2024-07-11T08:37:29.957+0000] {logging_mixin.py:188} INFO - [2024-07-11T08:37:29.957+0000] {dagbag.py:506} DEBUG - Loaded DAG <DAG: example_xcom_args>
[2024-07-11T08:37:29.958+0000] {processor.py:840} INFO - DAG(s) 'example_xcom_args_with_operators', 'example_xcom_args' retrieved from /home/airflow/.local/lib/python3.10/site-packages/airflow/example_dags/example_xcomargs.py
[2024-07-11T08:37:29.958+0000] {logging_mixin.py:188} INFO - [2024-07-11T08:37:29.958+0000] {dagbag.py:662} DEBUG - Running dagbag.sync_to_db with retries. Try 1 of 3
[2024-07-11T08:37:29.959+0000] {logging_mixin.py:188} INFO - [2024-07-11T08:37:29.958+0000] {dagbag.py:667} DEBUG - Calling the DAG.bulk_sync_to_db method
[2024-07-11T08:37:29.966+0000] {logging_mixin.py:188} INFO - [2024-07-11T08:37:29.966+0000] {serialized_dag.py:165} DEBUG - Checking if DAG (example_xcom_args_with_operators) changed
[2024-07-11T08:37:29.972+0000] {logging_mixin.py:188} INFO - [2024-07-11T08:37:29.972+0000] {serialized_dag.py:179} DEBUG - Writing Serialized DAG: example_xcom_args_with_operators to the DB
[2024-07-11T08:37:29.975+0000] {logging_mixin.py:188} INFO - [2024-07-11T08:37:29.975+0000] {serialized_dag.py:181} DEBUG - DAG: example_xcom_args_with_operators written to the DB
[2024-07-11T08:37:29.975+0000] {logging_mixin.py:188} INFO - [2024-07-11T08:37:29.975+0000] {dagbag.py:696} DEBUG - Syncing DAG permissions: example_xcom_args_with_operators to the DB
[2024-07-11T08:37:30.035+0000] {logging_mixin.py:188} INFO - [2024-07-11T08:37:30.034+0000] {override.py:1034} DEBUG - Not syncing DAG-level permissions for DAG 'DAG:example_xcom_args_with_operators' as access control is unset.
[2024-07-11T08:37:30.036+0000] {logging_mixin.py:188} INFO - [2024-07-11T08:37:30.036+0000] {serialized_dag.py:165} DEBUG - Checking if DAG (example_xcom_args) changed
[2024-07-11T08:37:30.038+0000] {logging_mixin.py:188} INFO - [2024-07-11T08:37:30.038+0000] {serialized_dag.py:179} DEBUG - Writing Serialized DAG: example_xcom_args to the DB
[2024-07-11T08:37:30.039+0000] {logging_mixin.py:188} INFO - [2024-07-11T08:37:30.039+0000] {serialized_dag.py:181} DEBUG - DAG: example_xcom_args written to the DB
[2024-07-11T08:37:30.039+0000] {logging_mixin.py:188} INFO - [2024-07-11T08:37:30.039+0000] {dagbag.py:696} DEBUG - Syncing DAG permissions: example_xcom_args to the DB
[2024-07-11T08:37:30.046+0000] {logging_mixin.py:188} INFO - [2024-07-11T08:37:30.046+0000] {override.py:1034} DEBUG - Not syncing DAG-level permissions for DAG 'DAG:example_xcom_args' as access control is unset.
[2024-07-11T08:37:30.046+0000] {logging_mixin.py:188} INFO - [2024-07-11T08:37:30.046+0000] {dag.py:3047} INFO - Sync 2 DAGs
[2024-07-11T08:37:30.055+0000] {logging_mixin.py:188} INFO - [2024-07-11T08:37:30.055+0000] {dag.py:3834} INFO - Setting next_dagrun for example_xcom_args to None, run_after=None
[2024-07-11T08:37:30.058+0000] {logging_mixin.py:188} INFO - [2024-07-11T08:37:30.058+0000] {dag.py:3834} INFO - Setting next_dagrun for example_xcom_args_with_operators to None, run_after=None
[2024-07-11T08:37:30.070+0000] {processor.py:183} INFO - Processing /home/airflow/.local/lib/python3.10/site-packages/airflow/example_dags/example_xcomargs.py took 0.123 seconds
[2024-07-11T08:38:00.218+0000] {logging_mixin.py:188} INFO - [2024-07-11T08:38:00.218+0000] {settings.py:249} DEBUG - Setting up DB connection pool (PID 174)
[2024-07-11T08:38:00.219+0000] {logging_mixin.py:188} INFO - [2024-07-11T08:38:00.219+0000] {settings.py:350} DEBUG - settings.prepare_engine_args(): Using pool settings. pool_size=5, max_overflow=10, pool_recycle=1800, pid=174
[2024-07-11T08:38:00.221+0000] {processor.py:161} INFO - Started process (PID=174) to work on /home/airflow/.local/lib/python3.10/site-packages/airflow/example_dags/example_xcomargs.py
[2024-07-11T08:38:00.221+0000] {processor.py:830} INFO - Processing file /home/airflow/.local/lib/python3.10/site-packages/airflow/example_dags/example_xcomargs.py for tasks to queue
[2024-07-11T08:38:00.222+0000] {logging_mixin.py:188} INFO - [2024-07-11T08:38:00.222+0000] {dagbag.py:540} INFO - Filling up the DagBag from /home/airflow/.local/lib/python3.10/site-packages/airflow/example_dags/example_xcomargs.py
[2024-07-11T08:38:00.223+0000] {logging_mixin.py:188} INFO - [2024-07-11T08:38:00.223+0000] {dagbag.py:332} DEBUG - Importing /home/airflow/.local/lib/python3.10/site-packages/airflow/example_dags/example_xcomargs.py
[2024-07-11T08:38:00.229+0000] {logging_mixin.py:188} INFO - [2024-07-11T08:38:00.228+0000] {dagbag.py:506} DEBUG - Loaded DAG <DAG: example_xcom_args>
[2024-07-11T08:38:00.229+0000] {logging_mixin.py:188} INFO - [2024-07-11T08:38:00.229+0000] {dagbag.py:506} DEBUG - Loaded DAG <DAG: example_xcom_args_with_operators>
[2024-07-11T08:38:00.229+0000] {processor.py:840} INFO - DAG(s) 'example_xcom_args', 'example_xcom_args_with_operators' retrieved from /home/airflow/.local/lib/python3.10/site-packages/airflow/example_dags/example_xcomargs.py
[2024-07-11T08:38:00.230+0000] {logging_mixin.py:188} INFO - [2024-07-11T08:38:00.230+0000] {dagbag.py:662} DEBUG - Running dagbag.sync_to_db with retries. Try 1 of 3
[2024-07-11T08:38:00.230+0000] {logging_mixin.py:188} INFO - [2024-07-11T08:38:00.230+0000] {dagbag.py:667} DEBUG - Calling the DAG.bulk_sync_to_db method
[2024-07-11T08:38:00.238+0000] {logging_mixin.py:188} INFO - [2024-07-11T08:38:00.238+0000] {serialized_dag.py:165} DEBUG - Checking if DAG (example_xcom_args) changed
[2024-07-11T08:38:00.244+0000] {logging_mixin.py:188} INFO - [2024-07-11T08:38:00.244+0000] {serialized_dag.py:176} DEBUG - Serialized DAG (example_xcom_args) is unchanged. Skipping writing to DB
[2024-07-11T08:38:00.245+0000] {logging_mixin.py:188} INFO - [2024-07-11T08:38:00.245+0000] {serialized_dag.py:165} DEBUG - Checking if DAG (example_xcom_args_with_operators) changed
[2024-07-11T08:38:00.248+0000] {logging_mixin.py:188} INFO - [2024-07-11T08:38:00.248+0000] {serialized_dag.py:176} DEBUG - Serialized DAG (example_xcom_args_with_operators) is unchanged. Skipping writing to DB
[2024-07-11T08:38:00.249+0000] {logging_mixin.py:188} INFO - [2024-07-11T08:38:00.249+0000] {dag.py:3047} INFO - Sync 2 DAGs
[2024-07-11T08:38:00.258+0000] {logging_mixin.py:188} INFO - [2024-07-11T08:38:00.258+0000] {dag.py:3834} INFO - Setting next_dagrun for example_xcom_args to None, run_after=None
[2024-07-11T08:38:00.261+0000] {logging_mixin.py:188} INFO - [2024-07-11T08:38:00.261+0000] {dag.py:3834} INFO - Setting next_dagrun for example_xcom_args_with_operators to None, run_after=None
[2024-07-11T08:38:00.273+0000] {processor.py:183} INFO - Processing /home/airflow/.local/lib/python3.10/site-packages/airflow/example_dags/example_xcomargs.py took 0.055 seconds
[2024-07-11T08:38:30.442+0000] {logging_mixin.py:188} INFO - [2024-07-11T08:38:30.441+0000] {settings.py:249} DEBUG - Setting up DB connection pool (PID 230)
[2024-07-11T08:38:30.442+0000] {logging_mixin.py:188} INFO - [2024-07-11T08:38:30.442+0000] {settings.py:350} DEBUG - settings.prepare_engine_args(): Using pool settings. pool_size=5, max_overflow=10, pool_recycle=1800, pid=230
[2024-07-11T08:38:30.445+0000] {processor.py:161} INFO - Started process (PID=230) to work on /home/airflow/.local/lib/python3.10/site-packages/airflow/example_dags/example_xcomargs.py
[2024-07-11T08:38:30.445+0000] {processor.py:830} INFO - Processing file /home/airflow/.local/lib/python3.10/site-packages/airflow/example_dags/example_xcomargs.py for tasks to queue
[2024-07-11T08:38:30.445+0000] {logging_mixin.py:188} INFO - [2024-07-11T08:38:30.445+0000] {dagbag.py:540} INFO - Filling up the DagBag from /home/airflow/.local/lib/python3.10/site-packages/airflow/example_dags/example_xcomargs.py
[2024-07-11T08:38:30.446+0000] {logging_mixin.py:188} INFO - [2024-07-11T08:38:30.446+0000] {dagbag.py:332} DEBUG - Importing /home/airflow/.local/lib/python3.10/site-packages/airflow/example_dags/example_xcomargs.py
[2024-07-11T08:38:30.452+0000] {logging_mixin.py:188} INFO - [2024-07-11T08:38:30.452+0000] {dagbag.py:506} DEBUG - Loaded DAG <DAG: example_xcom_args>
[2024-07-11T08:38:30.453+0000] {logging_mixin.py:188} INFO - [2024-07-11T08:38:30.452+0000] {dagbag.py:506} DEBUG - Loaded DAG <DAG: example_xcom_args_with_operators>
[2024-07-11T08:38:30.453+0000] {processor.py:840} INFO - DAG(s) 'example_xcom_args', 'example_xcom_args_with_operators' retrieved from /home/airflow/.local/lib/python3.10/site-packages/airflow/example_dags/example_xcomargs.py
[2024-07-11T08:38:30.453+0000] {logging_mixin.py:188} INFO - [2024-07-11T08:38:30.453+0000] {dagbag.py:662} DEBUG - Running dagbag.sync_to_db with retries. Try 1 of 3
[2024-07-11T08:38:30.454+0000] {logging_mixin.py:188} INFO - [2024-07-11T08:38:30.454+0000] {dagbag.py:667} DEBUG - Calling the DAG.bulk_sync_to_db method
[2024-07-11T08:38:30.463+0000] {logging_mixin.py:188} INFO - [2024-07-11T08:38:30.463+0000] {serialized_dag.py:165} DEBUG - Checking if DAG (example_xcom_args) changed
[2024-07-11T08:38:30.469+0000] {logging_mixin.py:188} INFO - [2024-07-11T08:38:30.469+0000] {serialized_dag.py:176} DEBUG - Serialized DAG (example_xcom_args) is unchanged. Skipping writing to DB
[2024-07-11T08:38:30.470+0000] {logging_mixin.py:188} INFO - [2024-07-11T08:38:30.470+0000] {serialized_dag.py:165} DEBUG - Checking if DAG (example_xcom_args_with_operators) changed
[2024-07-11T08:38:30.473+0000] {logging_mixin.py:188} INFO - [2024-07-11T08:38:30.473+0000] {serialized_dag.py:176} DEBUG - Serialized DAG (example_xcom_args_with_operators) is unchanged. Skipping writing to DB
[2024-07-11T08:38:30.473+0000] {logging_mixin.py:188} INFO - [2024-07-11T08:38:30.473+0000] {dag.py:3047} INFO - Sync 2 DAGs
[2024-07-11T08:38:30.482+0000] {logging_mixin.py:188} INFO - [2024-07-11T08:38:30.482+0000] {dag.py:3834} INFO - Setting next_dagrun for example_xcom_args to None, run_after=None
[2024-07-11T08:38:30.486+0000] {logging_mixin.py:188} INFO - [2024-07-11T08:38:30.486+0000] {dag.py:3834} INFO - Setting next_dagrun for example_xcom_args_with_operators to None, run_after=None
[2024-07-11T08:38:30.500+0000] {processor.py:183} INFO - Processing /home/airflow/.local/lib/python3.10/site-packages/airflow/example_dags/example_xcomargs.py took 0.059 seconds
[2024-07-11T08:39:00.725+0000] {logging_mixin.py:188} INFO - [2024-07-11T08:39:00.724+0000] {settings.py:249} DEBUG - Setting up DB connection pool (PID 286)
[2024-07-11T08:39:00.726+0000] {logging_mixin.py:188} INFO - [2024-07-11T08:39:00.726+0000] {settings.py:350} DEBUG - settings.prepare_engine_args(): Using pool settings. pool_size=5, max_overflow=10, pool_recycle=1800, pid=286
[2024-07-11T08:39:00.728+0000] {processor.py:161} INFO - Started process (PID=286) to work on /home/airflow/.local/lib/python3.10/site-packages/airflow/example_dags/example_xcomargs.py
[2024-07-11T08:39:00.728+0000] {processor.py:830} INFO - Processing file /home/airflow/.local/lib/python3.10/site-packages/airflow/example_dags/example_xcomargs.py for tasks to queue
[2024-07-11T08:39:00.729+0000] {logging_mixin.py:188} INFO - [2024-07-11T08:39:00.729+0000] {dagbag.py:540} INFO - Filling up the DagBag from /home/airflow/.local/lib/python3.10/site-packages/airflow/example_dags/example_xcomargs.py
[2024-07-11T08:39:00.730+0000] {logging_mixin.py:188} INFO - [2024-07-11T08:39:00.730+0000] {dagbag.py:332} DEBUG - Importing /home/airflow/.local/lib/python3.10/site-packages/airflow/example_dags/example_xcomargs.py
[2024-07-11T08:39:00.736+0000] {logging_mixin.py:188} INFO - [2024-07-11T08:39:00.735+0000] {dagbag.py:506} DEBUG - Loaded DAG <DAG: example_xcom_args>
[2024-07-11T08:39:00.736+0000] {logging_mixin.py:188} INFO - [2024-07-11T08:39:00.736+0000] {dagbag.py:506} DEBUG - Loaded DAG <DAG: example_xcom_args_with_operators>
[2024-07-11T08:39:00.736+0000] {processor.py:840} INFO - DAG(s) 'example_xcom_args', 'example_xcom_args_with_operators' retrieved from /home/airflow/.local/lib/python3.10/site-packages/airflow/example_dags/example_xcomargs.py
[2024-07-11T08:39:00.737+0000] {logging_mixin.py:188} INFO - [2024-07-11T08:39:00.737+0000] {dagbag.py:662} DEBUG - Running dagbag.sync_to_db with retries. Try 1 of 3
[2024-07-11T08:39:00.737+0000] {logging_mixin.py:188} INFO - [2024-07-11T08:39:00.737+0000] {dagbag.py:667} DEBUG - Calling the DAG.bulk_sync_to_db method
[2024-07-11T08:39:00.746+0000] {logging_mixin.py:188} INFO - [2024-07-11T08:39:00.746+0000] {serialized_dag.py:165} DEBUG - Checking if DAG (example_xcom_args) changed
[2024-07-11T08:39:00.752+0000] {logging_mixin.py:188} INFO - [2024-07-11T08:39:00.752+0000] {serialized_dag.py:176} DEBUG - Serialized DAG (example_xcom_args) is unchanged. Skipping writing to DB
[2024-07-11T08:39:00.753+0000] {logging_mixin.py:188} INFO - [2024-07-11T08:39:00.753+0000] {serialized_dag.py:165} DEBUG - Checking if DAG (example_xcom_args_with_operators) changed
[2024-07-11T08:39:00.756+0000] {logging_mixin.py:188} INFO - [2024-07-11T08:39:00.756+0000] {serialized_dag.py:176} DEBUG - Serialized DAG (example_xcom_args_with_operators) is unchanged. Skipping writing to DB
[2024-07-11T08:39:00.756+0000] {logging_mixin.py:188} INFO - [2024-07-11T08:39:00.756+0000] {dag.py:3047} INFO - Sync 2 DAGs
[2024-07-11T08:39:00.767+0000] {logging_mixin.py:188} INFO - [2024-07-11T08:39:00.767+0000] {dag.py:3834} INFO - Setting next_dagrun for example_xcom_args to None, run_after=None
[2024-07-11T08:39:00.770+0000] {logging_mixin.py:188} INFO - [2024-07-11T08:39:00.770+0000] {dag.py:3834} INFO - Setting next_dagrun for example_xcom_args_with_operators to None, run_after=None
[2024-07-11T08:39:00.783+0000] {processor.py:183} INFO - Processing /home/airflow/.local/lib/python3.10/site-packages/airflow/example_dags/example_xcomargs.py took 0.059 seconds
[2024-07-11T08:39:30.993+0000] {logging_mixin.py:188} INFO - [2024-07-11T08:39:30.993+0000] {settings.py:249} DEBUG - Setting up DB connection pool (PID 342)
[2024-07-11T08:39:30.994+0000] {logging_mixin.py:188} INFO - [2024-07-11T08:39:30.994+0000] {settings.py:350} DEBUG - settings.prepare_engine_args(): Using pool settings. pool_size=5, max_overflow=10, pool_recycle=1800, pid=342
[2024-07-11T08:39:30.996+0000] {processor.py:161} INFO - Started process (PID=342) to work on /home/airflow/.local/lib/python3.10/site-packages/airflow/example_dags/example_xcomargs.py
[2024-07-11T08:39:30.996+0000] {processor.py:830} INFO - Processing file /home/airflow/.local/lib/python3.10/site-packages/airflow/example_dags/example_xcomargs.py for tasks to queue
[2024-07-11T08:39:30.997+0000] {logging_mixin.py:188} INFO - [2024-07-11T08:39:30.996+0000] {dagbag.py:540} INFO - Filling up the DagBag from /home/airflow/.local/lib/python3.10/site-packages/airflow/example_dags/example_xcomargs.py
[2024-07-11T08:39:30.997+0000] {logging_mixin.py:188} INFO - [2024-07-11T08:39:30.997+0000] {dagbag.py:332} DEBUG - Importing /home/airflow/.local/lib/python3.10/site-packages/airflow/example_dags/example_xcomargs.py
[2024-07-11T08:39:31.003+0000] {logging_mixin.py:188} INFO - [2024-07-11T08:39:31.002+0000] {dagbag.py:506} DEBUG - Loaded DAG <DAG: example_xcom_args_with_operators>
[2024-07-11T08:39:31.003+0000] {logging_mixin.py:188} INFO - [2024-07-11T08:39:31.003+0000] {dagbag.py:506} DEBUG - Loaded DAG <DAG: example_xcom_args>
[2024-07-11T08:39:31.004+0000] {processor.py:840} INFO - DAG(s) 'example_xcom_args_with_operators', 'example_xcom_args' retrieved from /home/airflow/.local/lib/python3.10/site-packages/airflow/example_dags/example_xcomargs.py
[2024-07-11T08:39:31.004+0000] {logging_mixin.py:188} INFO - [2024-07-11T08:39:31.004+0000] {dagbag.py:662} DEBUG - Running dagbag.sync_to_db with retries. Try 1 of 3
[2024-07-11T08:39:31.004+0000] {logging_mixin.py:188} INFO - [2024-07-11T08:39:31.004+0000] {dagbag.py:667} DEBUG - Calling the DAG.bulk_sync_to_db method
[2024-07-11T08:39:31.012+0000] {logging_mixin.py:188} INFO - [2024-07-11T08:39:31.012+0000] {serialized_dag.py:165} DEBUG - Checking if DAG (example_xcom_args_with_operators) changed
[2024-07-11T08:39:31.017+0000] {logging_mixin.py:188} INFO - [2024-07-11T08:39:31.017+0000] {serialized_dag.py:176} DEBUG - Serialized DAG (example_xcom_args_with_operators) is unchanged. Skipping writing to DB
[2024-07-11T08:39:31.018+0000] {logging_mixin.py:188} INFO - [2024-07-11T08:39:31.018+0000] {serialized_dag.py:165} DEBUG - Checking if DAG (example_xcom_args) changed
[2024-07-11T08:39:31.020+0000] {logging_mixin.py:188} INFO - [2024-07-11T08:39:31.020+0000] {serialized_dag.py:176} DEBUG - Serialized DAG (example_xcom_args) is unchanged. Skipping writing to DB
[2024-07-11T08:39:31.021+0000] {logging_mixin.py:188} INFO - [2024-07-11T08:39:31.020+0000] {dag.py:3047} INFO - Sync 2 DAGs
[2024-07-11T08:39:31.030+0000] {logging_mixin.py:188} INFO - [2024-07-11T08:39:31.029+0000] {dag.py:3834} INFO - Setting next_dagrun for example_xcom_args to None, run_after=None
[2024-07-11T08:39:31.032+0000] {logging_mixin.py:188} INFO - [2024-07-11T08:39:31.032+0000] {dag.py:3834} INFO - Setting next_dagrun for example_xcom_args_with_operators to None, run_after=None
[2024-07-11T08:39:31.043+0000] {processor.py:183} INFO - Processing /home/airflow/.local/lib/python3.10/site-packages/airflow/example_dags/example_xcomargs.py took 0.051 seconds
[2024-07-11T08:40:01.196+0000] {logging_mixin.py:188} INFO - [2024-07-11T08:40:01.196+0000] {settings.py:249} DEBUG - Setting up DB connection pool (PID 398)
[2024-07-11T08:40:01.197+0000] {logging_mixin.py:188} INFO - [2024-07-11T08:40:01.197+0000] {settings.py:350} DEBUG - settings.prepare_engine_args(): Using pool settings. pool_size=5, max_overflow=10, pool_recycle=1800, pid=398
[2024-07-11T08:40:01.199+0000] {processor.py:161} INFO - Started process (PID=398) to work on /home/airflow/.local/lib/python3.10/site-packages/airflow/example_dags/example_xcomargs.py
[2024-07-11T08:40:01.199+0000] {processor.py:830} INFO - Processing file /home/airflow/.local/lib/python3.10/site-packages/airflow/example_dags/example_xcomargs.py for tasks to queue
[2024-07-11T08:40:01.200+0000] {logging_mixin.py:188} INFO - [2024-07-11T08:40:01.199+0000] {dagbag.py:540} INFO - Filling up the DagBag from /home/airflow/.local/lib/python3.10/site-packages/airflow/example_dags/example_xcomargs.py
[2024-07-11T08:40:01.200+0000] {logging_mixin.py:188} INFO - [2024-07-11T08:40:01.200+0000] {dagbag.py:332} DEBUG - Importing /home/airflow/.local/lib/python3.10/site-packages/airflow/example_dags/example_xcomargs.py
[2024-07-11T08:40:01.206+0000] {logging_mixin.py:188} INFO - [2024-07-11T08:40:01.205+0000] {dagbag.py:506} DEBUG - Loaded DAG <DAG: example_xcom_args>
[2024-07-11T08:40:01.206+0000] {logging_mixin.py:188} INFO - [2024-07-11T08:40:01.206+0000] {dagbag.py:506} DEBUG - Loaded DAG <DAG: example_xcom_args_with_operators>
[2024-07-11T08:40:01.206+0000] {processor.py:840} INFO - DAG(s) 'example_xcom_args', 'example_xcom_args_with_operators' retrieved from /home/airflow/.local/lib/python3.10/site-packages/airflow/example_dags/example_xcomargs.py
[2024-07-11T08:40:01.207+0000] {logging_mixin.py:188} INFO - [2024-07-11T08:40:01.207+0000] {dagbag.py:662} DEBUG - Running dagbag.sync_to_db with retries. Try 1 of 3
[2024-07-11T08:40:01.207+0000] {logging_mixin.py:188} INFO - [2024-07-11T08:40:01.207+0000] {dagbag.py:667} DEBUG - Calling the DAG.bulk_sync_to_db method
[2024-07-11T08:40:01.215+0000] {logging_mixin.py:188} INFO - [2024-07-11T08:40:01.214+0000] {serialized_dag.py:165} DEBUG - Checking if DAG (example_xcom_args) changed
[2024-07-11T08:40:01.220+0000] {logging_mixin.py:188} INFO - [2024-07-11T08:40:01.220+0000] {serialized_dag.py:176} DEBUG - Serialized DAG (example_xcom_args) is unchanged. Skipping writing to DB
[2024-07-11T08:40:01.221+0000] {logging_mixin.py:188} INFO - [2024-07-11T08:40:01.220+0000] {serialized_dag.py:165} DEBUG - Checking if DAG (example_xcom_args_with_operators) changed
[2024-07-11T08:40:01.223+0000] {logging_mixin.py:188} INFO - [2024-07-11T08:40:01.223+0000] {serialized_dag.py:176} DEBUG - Serialized DAG (example_xcom_args_with_operators) is unchanged. Skipping writing to DB
[2024-07-11T08:40:01.223+0000] {logging_mixin.py:188} INFO - [2024-07-11T08:40:01.223+0000] {dag.py:3047} INFO - Sync 2 DAGs
[2024-07-11T08:40:01.232+0000] {logging_mixin.py:188} INFO - [2024-07-11T08:40:01.232+0000] {dag.py:3834} INFO - Setting next_dagrun for example_xcom_args to None, run_after=None
[2024-07-11T08:40:01.235+0000] {logging_mixin.py:188} INFO - [2024-07-11T08:40:01.235+0000] {dag.py:3834} INFO - Setting next_dagrun for example_xcom_args_with_operators to None, run_after=None
[2024-07-11T08:40:01.246+0000] {processor.py:183} INFO - Processing /home/airflow/.local/lib/python3.10/site-packages/airflow/example_dags/example_xcomargs.py took 0.051 seconds
[2024-07-11T08:41:13.134+0000] {logging_mixin.py:188} INFO - [2024-07-11T08:41:13.133+0000] {settings.py:249} DEBUG - Setting up DB connection pool (PID 62)
[2024-07-11T08:41:13.135+0000] {logging_mixin.py:188} INFO - [2024-07-11T08:41:13.134+0000] {settings.py:350} DEBUG - settings.prepare_engine_args(): Using pool settings. pool_size=5, max_overflow=10, pool_recycle=1800, pid=62
[2024-07-11T08:41:13.137+0000] {processor.py:161} INFO - Started process (PID=62) to work on /home/airflow/.local/lib/python3.10/site-packages/airflow/example_dags/example_xcomargs.py
[2024-07-11T08:41:13.137+0000] {processor.py:830} INFO - Processing file /home/airflow/.local/lib/python3.10/site-packages/airflow/example_dags/example_xcomargs.py for tasks to queue
[2024-07-11T08:41:13.137+0000] {logging_mixin.py:188} INFO - [2024-07-11T08:41:13.137+0000] {dagbag.py:540} INFO - Filling up the DagBag from /home/airflow/.local/lib/python3.10/site-packages/airflow/example_dags/example_xcomargs.py
[2024-07-11T08:41:13.138+0000] {logging_mixin.py:188} INFO - [2024-07-11T08:41:13.138+0000] {dagbag.py:332} DEBUG - Importing /home/airflow/.local/lib/python3.10/site-packages/airflow/example_dags/example_xcomargs.py
[2024-07-11T08:41:13.146+0000] {logging_mixin.py:188} INFO - [2024-07-11T08:41:13.145+0000] {dagbag.py:506} DEBUG - Loaded DAG <DAG: example_xcom_args_with_operators>
[2024-07-11T08:41:13.146+0000] {logging_mixin.py:188} INFO - [2024-07-11T08:41:13.146+0000] {dagbag.py:506} DEBUG - Loaded DAG <DAG: example_xcom_args>
[2024-07-11T08:41:13.146+0000] {processor.py:840} INFO - DAG(s) 'example_xcom_args_with_operators', 'example_xcom_args' retrieved from /home/airflow/.local/lib/python3.10/site-packages/airflow/example_dags/example_xcomargs.py
[2024-07-11T08:41:13.147+0000] {logging_mixin.py:188} INFO - [2024-07-11T08:41:13.147+0000] {dagbag.py:662} DEBUG - Running dagbag.sync_to_db with retries. Try 1 of 3
[2024-07-11T08:41:13.147+0000] {logging_mixin.py:188} INFO - [2024-07-11T08:41:13.147+0000] {dagbag.py:667} DEBUG - Calling the DAG.bulk_sync_to_db method
[2024-07-11T08:41:13.157+0000] {logging_mixin.py:188} INFO - [2024-07-11T08:41:13.157+0000] {dag.py:3047} INFO - Sync 2 DAGs
[2024-07-11T08:41:13.168+0000] {logging_mixin.py:188} INFO - [2024-07-11T08:41:13.168+0000] {dag.py:3834} INFO - Setting next_dagrun for example_xcom_args to None, run_after=None
[2024-07-11T08:41:13.172+0000] {logging_mixin.py:188} INFO - [2024-07-11T08:41:13.171+0000] {dag.py:3834} INFO - Setting next_dagrun for example_xcom_args_with_operators to None, run_after=None
[2024-07-11T08:41:13.185+0000] {processor.py:183} INFO - Processing /home/airflow/.local/lib/python3.10/site-packages/airflow/example_dags/example_xcomargs.py took 0.052 seconds
[2024-07-11T08:41:44.500+0000] {logging_mixin.py:188} INFO - [2024-07-11T08:41:44.500+0000] {settings.py:249} DEBUG - Setting up DB connection pool (PID 118)
[2024-07-11T08:41:44.501+0000] {logging_mixin.py:188} INFO - [2024-07-11T08:41:44.501+0000] {settings.py:350} DEBUG - settings.prepare_engine_args(): Using pool settings. pool_size=5, max_overflow=10, pool_recycle=1800, pid=118
[2024-07-11T08:41:44.503+0000] {processor.py:161} INFO - Started process (PID=118) to work on /home/airflow/.local/lib/python3.10/site-packages/airflow/example_dags/example_xcomargs.py
[2024-07-11T08:41:44.503+0000] {processor.py:830} INFO - Processing file /home/airflow/.local/lib/python3.10/site-packages/airflow/example_dags/example_xcomargs.py for tasks to queue
[2024-07-11T08:41:44.504+0000] {logging_mixin.py:188} INFO - [2024-07-11T08:41:44.504+0000] {dagbag.py:540} INFO - Filling up the DagBag from /home/airflow/.local/lib/python3.10/site-packages/airflow/example_dags/example_xcomargs.py
[2024-07-11T08:41:44.505+0000] {logging_mixin.py:188} INFO - [2024-07-11T08:41:44.505+0000] {dagbag.py:332} DEBUG - Importing /home/airflow/.local/lib/python3.10/site-packages/airflow/example_dags/example_xcomargs.py
[2024-07-11T08:41:44.511+0000] {logging_mixin.py:188} INFO - [2024-07-11T08:41:44.510+0000] {dagbag.py:506} DEBUG - Loaded DAG <DAG: example_xcom_args>
[2024-07-11T08:41:44.511+0000] {logging_mixin.py:188} INFO - [2024-07-11T08:41:44.511+0000] {dagbag.py:506} DEBUG - Loaded DAG <DAG: example_xcom_args_with_operators>
[2024-07-11T08:41:44.511+0000] {processor.py:840} INFO - DAG(s) 'example_xcom_args', 'example_xcom_args_with_operators' retrieved from /home/airflow/.local/lib/python3.10/site-packages/airflow/example_dags/example_xcomargs.py
[2024-07-11T08:41:44.512+0000] {logging_mixin.py:188} INFO - [2024-07-11T08:41:44.512+0000] {dagbag.py:662} DEBUG - Running dagbag.sync_to_db with retries. Try 1 of 3
[2024-07-11T08:41:44.512+0000] {logging_mixin.py:188} INFO - [2024-07-11T08:41:44.512+0000] {dagbag.py:667} DEBUG - Calling the DAG.bulk_sync_to_db method
[2024-07-11T08:41:44.520+0000] {logging_mixin.py:188} INFO - [2024-07-11T08:41:44.520+0000] {serialized_dag.py:165} DEBUG - Checking if DAG (example_xcom_args) changed
[2024-07-11T08:41:44.526+0000] {logging_mixin.py:188} INFO - [2024-07-11T08:41:44.526+0000] {serialized_dag.py:179} DEBUG - Writing Serialized DAG: example_xcom_args to the DB
[2024-07-11T08:41:44.529+0000] {logging_mixin.py:188} INFO - [2024-07-11T08:41:44.529+0000] {serialized_dag.py:181} DEBUG - DAG: example_xcom_args written to the DB
[2024-07-11T08:41:44.530+0000] {logging_mixin.py:188} INFO - [2024-07-11T08:41:44.529+0000] {dagbag.py:696} DEBUG - Syncing DAG permissions: example_xcom_args to the DB
[2024-07-11T08:41:44.590+0000] {logging_mixin.py:188} INFO - [2024-07-11T08:41:44.590+0000] {override.py:1034} DEBUG - Not syncing DAG-level permissions for DAG 'DAG:example_xcom_args' as access control is unset.
[2024-07-11T08:41:44.591+0000] {logging_mixin.py:188} INFO - [2024-07-11T08:41:44.591+0000] {serialized_dag.py:165} DEBUG - Checking if DAG (example_xcom_args_with_operators) changed
[2024-07-11T08:41:44.594+0000] {logging_mixin.py:188} INFO - [2024-07-11T08:41:44.594+0000] {serialized_dag.py:179} DEBUG - Writing Serialized DAG: example_xcom_args_with_operators to the DB
[2024-07-11T08:41:44.595+0000] {logging_mixin.py:188} INFO - [2024-07-11T08:41:44.595+0000] {serialized_dag.py:181} DEBUG - DAG: example_xcom_args_with_operators written to the DB
[2024-07-11T08:41:44.595+0000] {logging_mixin.py:188} INFO - [2024-07-11T08:41:44.595+0000] {dagbag.py:696} DEBUG - Syncing DAG permissions: example_xcom_args_with_operators to the DB
[2024-07-11T08:41:44.602+0000] {logging_mixin.py:188} INFO - [2024-07-11T08:41:44.602+0000] {override.py:1034} DEBUG - Not syncing DAG-level permissions for DAG 'DAG:example_xcom_args_with_operators' as access control is unset.
[2024-07-11T08:41:44.602+0000] {logging_mixin.py:188} INFO - [2024-07-11T08:41:44.602+0000] {dag.py:3047} INFO - Sync 2 DAGs
[2024-07-11T08:41:44.611+0000] {logging_mixin.py:188} INFO - [2024-07-11T08:41:44.611+0000] {dag.py:3834} INFO - Setting next_dagrun for example_xcom_args to None, run_after=None
[2024-07-11T08:41:44.614+0000] {logging_mixin.py:188} INFO - [2024-07-11T08:41:44.614+0000] {dag.py:3834} INFO - Setting next_dagrun for example_xcom_args_with_operators to None, run_after=None
[2024-07-11T08:41:44.640+0000] {processor.py:183} INFO - Processing /home/airflow/.local/lib/python3.10/site-packages/airflow/example_dags/example_xcomargs.py took 0.140 seconds
[2024-07-11T08:42:15.034+0000] {logging_mixin.py:188} INFO - [2024-07-11T08:42:15.034+0000] {settings.py:249} DEBUG - Setting up DB connection pool (PID 174)
[2024-07-11T08:42:15.035+0000] {logging_mixin.py:188} INFO - [2024-07-11T08:42:15.035+0000] {settings.py:350} DEBUG - settings.prepare_engine_args(): Using pool settings. pool_size=5, max_overflow=10, pool_recycle=1800, pid=174
[2024-07-11T08:42:15.037+0000] {processor.py:161} INFO - Started process (PID=174) to work on /home/airflow/.local/lib/python3.10/site-packages/airflow/example_dags/example_xcomargs.py
[2024-07-11T08:42:15.037+0000] {processor.py:830} INFO - Processing file /home/airflow/.local/lib/python3.10/site-packages/airflow/example_dags/example_xcomargs.py for tasks to queue
[2024-07-11T08:42:15.038+0000] {logging_mixin.py:188} INFO - [2024-07-11T08:42:15.038+0000] {dagbag.py:540} INFO - Filling up the DagBag from /home/airflow/.local/lib/python3.10/site-packages/airflow/example_dags/example_xcomargs.py
[2024-07-11T08:42:15.039+0000] {logging_mixin.py:188} INFO - [2024-07-11T08:42:15.038+0000] {dagbag.py:332} DEBUG - Importing /home/airflow/.local/lib/python3.10/site-packages/airflow/example_dags/example_xcomargs.py
[2024-07-11T08:42:15.045+0000] {logging_mixin.py:188} INFO - [2024-07-11T08:42:15.044+0000] {dagbag.py:506} DEBUG - Loaded DAG <DAG: example_xcom_args_with_operators>
[2024-07-11T08:42:15.045+0000] {logging_mixin.py:188} INFO - [2024-07-11T08:42:15.045+0000] {dagbag.py:506} DEBUG - Loaded DAG <DAG: example_xcom_args>
[2024-07-11T08:42:15.045+0000] {processor.py:840} INFO - DAG(s) 'example_xcom_args_with_operators', 'example_xcom_args' retrieved from /home/airflow/.local/lib/python3.10/site-packages/airflow/example_dags/example_xcomargs.py
[2024-07-11T08:42:15.046+0000] {logging_mixin.py:188} INFO - [2024-07-11T08:42:15.046+0000] {dagbag.py:662} DEBUG - Running dagbag.sync_to_db with retries. Try 1 of 3
[2024-07-11T08:42:15.046+0000] {logging_mixin.py:188} INFO - [2024-07-11T08:42:15.046+0000] {dagbag.py:667} DEBUG - Calling the DAG.bulk_sync_to_db method
[2024-07-11T08:42:15.053+0000] {logging_mixin.py:188} INFO - [2024-07-11T08:42:15.053+0000] {serialized_dag.py:165} DEBUG - Checking if DAG (example_xcom_args_with_operators) changed
[2024-07-11T08:42:15.059+0000] {logging_mixin.py:188} INFO - [2024-07-11T08:42:15.059+0000] {serialized_dag.py:176} DEBUG - Serialized DAG (example_xcom_args_with_operators) is unchanged. Skipping writing to DB
[2024-07-11T08:42:15.060+0000] {logging_mixin.py:188} INFO - [2024-07-11T08:42:15.060+0000] {serialized_dag.py:165} DEBUG - Checking if DAG (example_xcom_args) changed
[2024-07-11T08:42:15.062+0000] {logging_mixin.py:188} INFO - [2024-07-11T08:42:15.062+0000] {serialized_dag.py:176} DEBUG - Serialized DAG (example_xcom_args) is unchanged. Skipping writing to DB
[2024-07-11T08:42:15.062+0000] {logging_mixin.py:188} INFO - [2024-07-11T08:42:15.062+0000] {dag.py:3047} INFO - Sync 2 DAGs
[2024-07-11T08:42:15.071+0000] {logging_mixin.py:188} INFO - [2024-07-11T08:42:15.071+0000] {dag.py:3834} INFO - Setting next_dagrun for example_xcom_args to None, run_after=None
[2024-07-11T08:42:15.074+0000] {logging_mixin.py:188} INFO - [2024-07-11T08:42:15.074+0000] {dag.py:3834} INFO - Setting next_dagrun for example_xcom_args_with_operators to None, run_after=None
[2024-07-11T08:42:15.085+0000] {processor.py:183} INFO - Processing /home/airflow/.local/lib/python3.10/site-packages/airflow/example_dags/example_xcomargs.py took 0.051 seconds
[2024-07-11T08:42:45.221+0000] {logging_mixin.py:188} INFO - [2024-07-11T08:42:45.221+0000] {settings.py:249} DEBUG - Setting up DB connection pool (PID 230)
[2024-07-11T08:42:45.222+0000] {logging_mixin.py:188} INFO - [2024-07-11T08:42:45.222+0000] {settings.py:350} DEBUG - settings.prepare_engine_args(): Using pool settings. pool_size=5, max_overflow=10, pool_recycle=1800, pid=230
[2024-07-11T08:42:45.224+0000] {processor.py:161} INFO - Started process (PID=230) to work on /home/airflow/.local/lib/python3.10/site-packages/airflow/example_dags/example_xcomargs.py
[2024-07-11T08:42:45.225+0000] {processor.py:830} INFO - Processing file /home/airflow/.local/lib/python3.10/site-packages/airflow/example_dags/example_xcomargs.py for tasks to queue
[2024-07-11T08:42:45.225+0000] {logging_mixin.py:188} INFO - [2024-07-11T08:42:45.225+0000] {dagbag.py:540} INFO - Filling up the DagBag from /home/airflow/.local/lib/python3.10/site-packages/airflow/example_dags/example_xcomargs.py
[2024-07-11T08:42:45.226+0000] {logging_mixin.py:188} INFO - [2024-07-11T08:42:45.226+0000] {dagbag.py:332} DEBUG - Importing /home/airflow/.local/lib/python3.10/site-packages/airflow/example_dags/example_xcomargs.py
[2024-07-11T08:42:45.231+0000] {logging_mixin.py:188} INFO - [2024-07-11T08:42:45.231+0000] {dagbag.py:506} DEBUG - Loaded DAG <DAG: example_xcom_args_with_operators>
[2024-07-11T08:42:45.231+0000] {logging_mixin.py:188} INFO - [2024-07-11T08:42:45.231+0000] {dagbag.py:506} DEBUG - Loaded DAG <DAG: example_xcom_args>
[2024-07-11T08:42:45.232+0000] {processor.py:840} INFO - DAG(s) 'example_xcom_args_with_operators', 'example_xcom_args' retrieved from /home/airflow/.local/lib/python3.10/site-packages/airflow/example_dags/example_xcomargs.py
[2024-07-11T08:42:45.232+0000] {logging_mixin.py:188} INFO - [2024-07-11T08:42:45.232+0000] {dagbag.py:662} DEBUG - Running dagbag.sync_to_db with retries. Try 1 of 3
[2024-07-11T08:42:45.232+0000] {logging_mixin.py:188} INFO - [2024-07-11T08:42:45.232+0000] {dagbag.py:667} DEBUG - Calling the DAG.bulk_sync_to_db method
[2024-07-11T08:42:45.241+0000] {logging_mixin.py:188} INFO - [2024-07-11T08:42:45.240+0000] {serialized_dag.py:165} DEBUG - Checking if DAG (example_xcom_args_with_operators) changed
[2024-07-11T08:42:45.247+0000] {logging_mixin.py:188} INFO - [2024-07-11T08:42:45.247+0000] {serialized_dag.py:176} DEBUG - Serialized DAG (example_xcom_args_with_operators) is unchanged. Skipping writing to DB
[2024-07-11T08:42:45.249+0000] {logging_mixin.py:188} INFO - [2024-07-11T08:42:45.249+0000] {serialized_dag.py:165} DEBUG - Checking if DAG (example_xcom_args) changed
[2024-07-11T08:42:45.251+0000] {logging_mixin.py:188} INFO - [2024-07-11T08:42:45.251+0000] {serialized_dag.py:176} DEBUG - Serialized DAG (example_xcom_args) is unchanged. Skipping writing to DB
[2024-07-11T08:42:45.251+0000] {logging_mixin.py:188} INFO - [2024-07-11T08:42:45.251+0000] {dag.py:3047} INFO - Sync 2 DAGs
[2024-07-11T08:42:45.261+0000] {logging_mixin.py:188} INFO - [2024-07-11T08:42:45.261+0000] {dag.py:3834} INFO - Setting next_dagrun for example_xcom_args to None, run_after=None
[2024-07-11T08:42:45.264+0000] {logging_mixin.py:188} INFO - [2024-07-11T08:42:45.264+0000] {dag.py:3834} INFO - Setting next_dagrun for example_xcom_args_with_operators to None, run_after=None
[2024-07-11T08:42:45.275+0000] {processor.py:183} INFO - Processing /home/airflow/.local/lib/python3.10/site-packages/airflow/example_dags/example_xcomargs.py took 0.055 seconds
[2024-07-11T08:43:15.506+0000] {logging_mixin.py:188} INFO - [2024-07-11T08:43:15.506+0000] {settings.py:249} DEBUG - Setting up DB connection pool (PID 286)
[2024-07-11T08:43:15.507+0000] {logging_mixin.py:188} INFO - [2024-07-11T08:43:15.507+0000] {settings.py:350} DEBUG - settings.prepare_engine_args(): Using pool settings. pool_size=5, max_overflow=10, pool_recycle=1800, pid=286
[2024-07-11T08:43:15.509+0000] {processor.py:161} INFO - Started process (PID=286) to work on /home/airflow/.local/lib/python3.10/site-packages/airflow/example_dags/example_xcomargs.py
[2024-07-11T08:43:15.509+0000] {processor.py:830} INFO - Processing file /home/airflow/.local/lib/python3.10/site-packages/airflow/example_dags/example_xcomargs.py for tasks to queue
[2024-07-11T08:43:15.510+0000] {logging_mixin.py:188} INFO - [2024-07-11T08:43:15.510+0000] {dagbag.py:540} INFO - Filling up the DagBag from /home/airflow/.local/lib/python3.10/site-packages/airflow/example_dags/example_xcomargs.py
[2024-07-11T08:43:15.511+0000] {logging_mixin.py:188} INFO - [2024-07-11T08:43:15.511+0000] {dagbag.py:332} DEBUG - Importing /home/airflow/.local/lib/python3.10/site-packages/airflow/example_dags/example_xcomargs.py
[2024-07-11T08:43:15.516+0000] {logging_mixin.py:188} INFO - [2024-07-11T08:43:15.515+0000] {dagbag.py:506} DEBUG - Loaded DAG <DAG: example_xcom_args>
[2024-07-11T08:43:15.516+0000] {logging_mixin.py:188} INFO - [2024-07-11T08:43:15.516+0000] {dagbag.py:506} DEBUG - Loaded DAG <DAG: example_xcom_args_with_operators>
[2024-07-11T08:43:15.517+0000] {processor.py:840} INFO - DAG(s) 'example_xcom_args', 'example_xcom_args_with_operators' retrieved from /home/airflow/.local/lib/python3.10/site-packages/airflow/example_dags/example_xcomargs.py
[2024-07-11T08:43:15.517+0000] {logging_mixin.py:188} INFO - [2024-07-11T08:43:15.517+0000] {dagbag.py:662} DEBUG - Running dagbag.sync_to_db with retries. Try 1 of 3
[2024-07-11T08:43:15.518+0000] {logging_mixin.py:188} INFO - [2024-07-11T08:43:15.517+0000] {dagbag.py:667} DEBUG - Calling the DAG.bulk_sync_to_db method
[2024-07-11T08:43:15.526+0000] {logging_mixin.py:188} INFO - [2024-07-11T08:43:15.526+0000] {serialized_dag.py:165} DEBUG - Checking if DAG (example_xcom_args) changed
[2024-07-11T08:43:15.532+0000] {logging_mixin.py:188} INFO - [2024-07-11T08:43:15.531+0000] {serialized_dag.py:176} DEBUG - Serialized DAG (example_xcom_args) is unchanged. Skipping writing to DB
[2024-07-11T08:43:15.532+0000] {logging_mixin.py:188} INFO - [2024-07-11T08:43:15.532+0000] {serialized_dag.py:165} DEBUG - Checking if DAG (example_xcom_args_with_operators) changed
[2024-07-11T08:43:15.535+0000] {logging_mixin.py:188} INFO - [2024-07-11T08:43:15.535+0000] {serialized_dag.py:176} DEBUG - Serialized DAG (example_xcom_args_with_operators) is unchanged. Skipping writing to DB
[2024-07-11T08:43:15.536+0000] {logging_mixin.py:188} INFO - [2024-07-11T08:43:15.536+0000] {dag.py:3047} INFO - Sync 2 DAGs
[2024-07-11T08:43:15.546+0000] {logging_mixin.py:188} INFO - [2024-07-11T08:43:15.545+0000] {dag.py:3834} INFO - Setting next_dagrun for example_xcom_args to None, run_after=None
[2024-07-11T08:43:15.548+0000] {logging_mixin.py:188} INFO - [2024-07-11T08:43:15.548+0000] {dag.py:3834} INFO - Setting next_dagrun for example_xcom_args_with_operators to None, run_after=None
[2024-07-11T08:43:15.562+0000] {processor.py:183} INFO - Processing /home/airflow/.local/lib/python3.10/site-packages/airflow/example_dags/example_xcomargs.py took 0.056 seconds
[2024-07-11T08:43:45.680+0000] {logging_mixin.py:188} INFO - [2024-07-11T08:43:45.679+0000] {settings.py:249} DEBUG - Setting up DB connection pool (PID 342)
[2024-07-11T08:43:45.680+0000] {logging_mixin.py:188} INFO - [2024-07-11T08:43:45.680+0000] {settings.py:350} DEBUG - settings.prepare_engine_args(): Using pool settings. pool_size=5, max_overflow=10, pool_recycle=1800, pid=342
[2024-07-11T08:43:45.682+0000] {processor.py:161} INFO - Started process (PID=342) to work on /home/airflow/.local/lib/python3.10/site-packages/airflow/example_dags/example_xcomargs.py
[2024-07-11T08:43:45.683+0000] {processor.py:830} INFO - Processing file /home/airflow/.local/lib/python3.10/site-packages/airflow/example_dags/example_xcomargs.py for tasks to queue
[2024-07-11T08:43:45.683+0000] {logging_mixin.py:188} INFO - [2024-07-11T08:43:45.683+0000] {dagbag.py:540} INFO - Filling up the DagBag from /home/airflow/.local/lib/python3.10/site-packages/airflow/example_dags/example_xcomargs.py
[2024-07-11T08:43:45.684+0000] {logging_mixin.py:188} INFO - [2024-07-11T08:43:45.684+0000] {dagbag.py:332} DEBUG - Importing /home/airflow/.local/lib/python3.10/site-packages/airflow/example_dags/example_xcomargs.py
[2024-07-11T08:43:45.689+0000] {logging_mixin.py:188} INFO - [2024-07-11T08:43:45.689+0000] {dagbag.py:506} DEBUG - Loaded DAG <DAG: example_xcom_args_with_operators>
[2024-07-11T08:43:45.690+0000] {logging_mixin.py:188} INFO - [2024-07-11T08:43:45.689+0000] {dagbag.py:506} DEBUG - Loaded DAG <DAG: example_xcom_args>
[2024-07-11T08:43:45.690+0000] {processor.py:840} INFO - DAG(s) 'example_xcom_args_with_operators', 'example_xcom_args' retrieved from /home/airflow/.local/lib/python3.10/site-packages/airflow/example_dags/example_xcomargs.py
[2024-07-11T08:43:45.690+0000] {logging_mixin.py:188} INFO - [2024-07-11T08:43:45.690+0000] {dagbag.py:662} DEBUG - Running dagbag.sync_to_db with retries. Try 1 of 3
[2024-07-11T08:43:45.691+0000] {logging_mixin.py:188} INFO - [2024-07-11T08:43:45.691+0000] {dagbag.py:667} DEBUG - Calling the DAG.bulk_sync_to_db method
[2024-07-11T08:43:45.698+0000] {logging_mixin.py:188} INFO - [2024-07-11T08:43:45.698+0000] {serialized_dag.py:165} DEBUG - Checking if DAG (example_xcom_args_with_operators) changed
[2024-07-11T08:43:45.704+0000] {logging_mixin.py:188} INFO - [2024-07-11T08:43:45.704+0000] {serialized_dag.py:176} DEBUG - Serialized DAG (example_xcom_args_with_operators) is unchanged. Skipping writing to DB
[2024-07-11T08:43:45.705+0000] {logging_mixin.py:188} INFO - [2024-07-11T08:43:45.704+0000] {serialized_dag.py:165} DEBUG - Checking if DAG (example_xcom_args) changed
[2024-07-11T08:43:45.707+0000] {logging_mixin.py:188} INFO - [2024-07-11T08:43:45.707+0000] {serialized_dag.py:176} DEBUG - Serialized DAG (example_xcom_args) is unchanged. Skipping writing to DB
[2024-07-11T08:43:45.707+0000] {logging_mixin.py:188} INFO - [2024-07-11T08:43:45.707+0000] {dag.py:3047} INFO - Sync 2 DAGs
[2024-07-11T08:43:45.716+0000] {logging_mixin.py:188} INFO - [2024-07-11T08:43:45.715+0000] {dag.py:3834} INFO - Setting next_dagrun for example_xcom_args to None, run_after=None
[2024-07-11T08:43:45.718+0000] {logging_mixin.py:188} INFO - [2024-07-11T08:43:45.718+0000] {dag.py:3834} INFO - Setting next_dagrun for example_xcom_args_with_operators to None, run_after=None
[2024-07-11T08:43:45.730+0000] {processor.py:183} INFO - Processing /home/airflow/.local/lib/python3.10/site-packages/airflow/example_dags/example_xcomargs.py took 0.050 seconds
[2024-07-11T08:44:16.166+0000] {logging_mixin.py:188} INFO - [2024-07-11T08:44:16.165+0000] {settings.py:249} DEBUG - Setting up DB connection pool (PID 398)
[2024-07-11T08:44:16.167+0000] {logging_mixin.py:188} INFO - [2024-07-11T08:44:16.167+0000] {settings.py:350} DEBUG - settings.prepare_engine_args(): Using pool settings. pool_size=5, max_overflow=10, pool_recycle=1800, pid=398
[2024-07-11T08:44:16.170+0000] {processor.py:161} INFO - Started process (PID=398) to work on /home/airflow/.local/lib/python3.10/site-packages/airflow/example_dags/example_xcomargs.py
[2024-07-11T08:44:16.171+0000] {processor.py:830} INFO - Processing file /home/airflow/.local/lib/python3.10/site-packages/airflow/example_dags/example_xcomargs.py for tasks to queue
[2024-07-11T08:44:16.171+0000] {logging_mixin.py:188} INFO - [2024-07-11T08:44:16.171+0000] {dagbag.py:540} INFO - Filling up the DagBag from /home/airflow/.local/lib/python3.10/site-packages/airflow/example_dags/example_xcomargs.py
[2024-07-11T08:44:16.172+0000] {logging_mixin.py:188} INFO - [2024-07-11T08:44:16.172+0000] {dagbag.py:332} DEBUG - Importing /home/airflow/.local/lib/python3.10/site-packages/airflow/example_dags/example_xcomargs.py
[2024-07-11T08:44:16.178+0000] {logging_mixin.py:188} INFO - [2024-07-11T08:44:16.177+0000] {dagbag.py:506} DEBUG - Loaded DAG <DAG: example_xcom_args_with_operators>
[2024-07-11T08:44:16.178+0000] {logging_mixin.py:188} INFO - [2024-07-11T08:44:16.178+0000] {dagbag.py:506} DEBUG - Loaded DAG <DAG: example_xcom_args>
[2024-07-11T08:44:16.178+0000] {processor.py:840} INFO - DAG(s) 'example_xcom_args_with_operators', 'example_xcom_args' retrieved from /home/airflow/.local/lib/python3.10/site-packages/airflow/example_dags/example_xcomargs.py
[2024-07-11T08:44:16.179+0000] {logging_mixin.py:188} INFO - [2024-07-11T08:44:16.179+0000] {dagbag.py:662} DEBUG - Running dagbag.sync_to_db with retries. Try 1 of 3
[2024-07-11T08:44:16.179+0000] {logging_mixin.py:188} INFO - [2024-07-11T08:44:16.179+0000] {dagbag.py:667} DEBUG - Calling the DAG.bulk_sync_to_db method
[2024-07-11T08:44:16.188+0000] {logging_mixin.py:188} INFO - [2024-07-11T08:44:16.188+0000] {serialized_dag.py:165} DEBUG - Checking if DAG (example_xcom_args_with_operators) changed
[2024-07-11T08:44:16.196+0000] {logging_mixin.py:188} INFO - [2024-07-11T08:44:16.196+0000] {serialized_dag.py:176} DEBUG - Serialized DAG (example_xcom_args_with_operators) is unchanged. Skipping writing to DB
[2024-07-11T08:44:16.197+0000] {logging_mixin.py:188} INFO - [2024-07-11T08:44:16.197+0000] {serialized_dag.py:165} DEBUG - Checking if DAG (example_xcom_args) changed
[2024-07-11T08:44:16.200+0000] {logging_mixin.py:188} INFO - [2024-07-11T08:44:16.200+0000] {serialized_dag.py:176} DEBUG - Serialized DAG (example_xcom_args) is unchanged. Skipping writing to DB
[2024-07-11T08:44:16.200+0000] {logging_mixin.py:188} INFO - [2024-07-11T08:44:16.200+0000] {dag.py:3047} INFO - Sync 2 DAGs
[2024-07-11T08:44:16.210+0000] {logging_mixin.py:188} INFO - [2024-07-11T08:44:16.210+0000] {dag.py:3834} INFO - Setting next_dagrun for example_xcom_args to None, run_after=None
[2024-07-11T08:44:16.214+0000] {logging_mixin.py:188} INFO - [2024-07-11T08:44:16.214+0000] {dag.py:3834} INFO - Setting next_dagrun for example_xcom_args_with_operators to None, run_after=None
[2024-07-11T08:44:16.227+0000] {processor.py:183} INFO - Processing /home/airflow/.local/lib/python3.10/site-packages/airflow/example_dags/example_xcomargs.py took 0.061 seconds
[2024-07-11T08:44:46.484+0000] {logging_mixin.py:188} INFO - [2024-07-11T08:44:46.484+0000] {settings.py:249} DEBUG - Setting up DB connection pool (PID 454)
[2024-07-11T08:44:46.485+0000] {logging_mixin.py:188} INFO - [2024-07-11T08:44:46.485+0000] {settings.py:350} DEBUG - settings.prepare_engine_args(): Using pool settings. pool_size=5, max_overflow=10, pool_recycle=1800, pid=454
[2024-07-11T08:44:46.486+0000] {processor.py:161} INFO - Started process (PID=454) to work on /home/airflow/.local/lib/python3.10/site-packages/airflow/example_dags/example_xcomargs.py
[2024-07-11T08:44:46.487+0000] {processor.py:830} INFO - Processing file /home/airflow/.local/lib/python3.10/site-packages/airflow/example_dags/example_xcomargs.py for tasks to queue
[2024-07-11T08:44:46.487+0000] {logging_mixin.py:188} INFO - [2024-07-11T08:44:46.487+0000] {dagbag.py:540} INFO - Filling up the DagBag from /home/airflow/.local/lib/python3.10/site-packages/airflow/example_dags/example_xcomargs.py
[2024-07-11T08:44:46.488+0000] {logging_mixin.py:188} INFO - [2024-07-11T08:44:46.488+0000] {dagbag.py:332} DEBUG - Importing /home/airflow/.local/lib/python3.10/site-packages/airflow/example_dags/example_xcomargs.py
[2024-07-11T08:44:46.495+0000] {logging_mixin.py:188} INFO - [2024-07-11T08:44:46.494+0000] {dagbag.py:506} DEBUG - Loaded DAG <DAG: example_xcom_args_with_operators>
[2024-07-11T08:44:46.495+0000] {logging_mixin.py:188} INFO - [2024-07-11T08:44:46.495+0000] {dagbag.py:506} DEBUG - Loaded DAG <DAG: example_xcom_args>
[2024-07-11T08:44:46.496+0000] {processor.py:840} INFO - DAG(s) 'example_xcom_args_with_operators', 'example_xcom_args' retrieved from /home/airflow/.local/lib/python3.10/site-packages/airflow/example_dags/example_xcomargs.py
[2024-07-11T08:44:46.496+0000] {logging_mixin.py:188} INFO - [2024-07-11T08:44:46.496+0000] {dagbag.py:662} DEBUG - Running dagbag.sync_to_db with retries. Try 1 of 3
[2024-07-11T08:44:46.497+0000] {logging_mixin.py:188} INFO - [2024-07-11T08:44:46.497+0000] {dagbag.py:667} DEBUG - Calling the DAG.bulk_sync_to_db method
[2024-07-11T08:44:46.505+0000] {logging_mixin.py:188} INFO - [2024-07-11T08:44:46.504+0000] {serialized_dag.py:165} DEBUG - Checking if DAG (example_xcom_args_with_operators) changed
[2024-07-11T08:44:46.510+0000] {logging_mixin.py:188} INFO - [2024-07-11T08:44:46.510+0000] {serialized_dag.py:176} DEBUG - Serialized DAG (example_xcom_args_with_operators) is unchanged. Skipping writing to DB
[2024-07-11T08:44:46.511+0000] {logging_mixin.py:188} INFO - [2024-07-11T08:44:46.511+0000] {serialized_dag.py:165} DEBUG - Checking if DAG (example_xcom_args) changed
[2024-07-11T08:44:46.513+0000] {logging_mixin.py:188} INFO - [2024-07-11T08:44:46.513+0000] {serialized_dag.py:176} DEBUG - Serialized DAG (example_xcom_args) is unchanged. Skipping writing to DB
[2024-07-11T08:44:46.513+0000] {logging_mixin.py:188} INFO - [2024-07-11T08:44:46.513+0000] {dag.py:3047} INFO - Sync 2 DAGs
[2024-07-11T08:44:46.525+0000] {logging_mixin.py:188} INFO - [2024-07-11T08:44:46.524+0000] {dag.py:3834} INFO - Setting next_dagrun for example_xcom_args to None, run_after=None
[2024-07-11T08:44:46.528+0000] {logging_mixin.py:188} INFO - [2024-07-11T08:44:46.528+0000] {dag.py:3834} INFO - Setting next_dagrun for example_xcom_args_with_operators to None, run_after=None
[2024-07-11T08:44:46.544+0000] {processor.py:183} INFO - Processing /home/airflow/.local/lib/python3.10/site-packages/airflow/example_dags/example_xcomargs.py took 0.060 seconds
