[2024-07-11T08:37:00.377+0000] {logging_mixin.py:188} INFO - [2024-07-11T08:37:00.376+0000] {settings.py:249} DEBUG - Setting up DB connection pool (PID 80)
[2024-07-11T08:37:00.378+0000] {logging_mixin.py:188} INFO - [2024-07-11T08:37:00.377+0000] {settings.py:350} DEBUG - settings.prepare_engine_args(): Using pool settings. pool_size=5, max_overflow=10, pool_recycle=1800, pid=80
[2024-07-11T08:37:00.380+0000] {processor.py:161} INFO - Started process (PID=80) to work on /home/airflow/.local/lib/python3.10/site-packages/airflow/example_dags/example_setup_teardown_taskflow.py
[2024-07-11T08:37:00.381+0000] {processor.py:830} INFO - Processing file /home/airflow/.local/lib/python3.10/site-packages/airflow/example_dags/example_setup_teardown_taskflow.py for tasks to queue
[2024-07-11T08:37:00.382+0000] {logging_mixin.py:188} INFO - [2024-07-11T08:37:00.382+0000] {dagbag.py:540} INFO - Filling up the DagBag from /home/airflow/.local/lib/python3.10/site-packages/airflow/example_dags/example_setup_teardown_taskflow.py
[2024-07-11T08:37:00.383+0000] {logging_mixin.py:188} INFO - [2024-07-11T08:37:00.383+0000] {dagbag.py:332} DEBUG - Importing /home/airflow/.local/lib/python3.10/site-packages/airflow/example_dags/example_setup_teardown_taskflow.py
[2024-07-11T08:37:00.394+0000] {logging_mixin.py:188} INFO - [2024-07-11T08:37:00.394+0000] {dagbag.py:506} DEBUG - Loaded DAG <DAG: example_setup_teardown_taskflow>
[2024-07-11T08:37:00.395+0000] {processor.py:840} INFO - DAG(s) 'example_setup_teardown_taskflow' retrieved from /home/airflow/.local/lib/python3.10/site-packages/airflow/example_dags/example_setup_teardown_taskflow.py
[2024-07-11T08:37:00.396+0000] {logging_mixin.py:188} INFO - [2024-07-11T08:37:00.396+0000] {dagbag.py:662} DEBUG - Running dagbag.sync_to_db with retries. Try 1 of 3
[2024-07-11T08:37:00.396+0000] {logging_mixin.py:188} INFO - [2024-07-11T08:37:00.396+0000] {dagbag.py:667} DEBUG - Calling the DAG.bulk_sync_to_db method
[2024-07-11T08:37:00.410+0000] {logging_mixin.py:188} INFO - [2024-07-11T08:37:00.409+0000] {dag.py:3047} INFO - Sync 1 DAGs
[2024-07-11T08:37:00.436+0000] {logging_mixin.py:188} INFO - [2024-07-11T08:37:00.436+0000] {dag.py:3834} INFO - Setting next_dagrun for example_setup_teardown_taskflow to 2024-07-10 00:00:00+00:00, run_after=2024-07-11 00:00:00+00:00
[2024-07-11T08:37:00.460+0000] {processor.py:183} INFO - Processing /home/airflow/.local/lib/python3.10/site-packages/airflow/example_dags/example_setup_teardown_taskflow.py took 0.083 seconds
[2024-07-11T08:37:31.322+0000] {logging_mixin.py:188} INFO - [2024-07-11T08:37:31.321+0000] {settings.py:249} DEBUG - Setting up DB connection pool (PID 142)
[2024-07-11T08:37:31.323+0000] {logging_mixin.py:188} INFO - [2024-07-11T08:37:31.322+0000] {settings.py:350} DEBUG - settings.prepare_engine_args(): Using pool settings. pool_size=5, max_overflow=10, pool_recycle=1800, pid=142
[2024-07-11T08:37:31.324+0000] {processor.py:161} INFO - Started process (PID=142) to work on /home/airflow/.local/lib/python3.10/site-packages/airflow/example_dags/example_setup_teardown_taskflow.py
[2024-07-11T08:37:31.325+0000] {processor.py:830} INFO - Processing file /home/airflow/.local/lib/python3.10/site-packages/airflow/example_dags/example_setup_teardown_taskflow.py for tasks to queue
[2024-07-11T08:37:31.325+0000] {logging_mixin.py:188} INFO - [2024-07-11T08:37:31.325+0000] {dagbag.py:540} INFO - Filling up the DagBag from /home/airflow/.local/lib/python3.10/site-packages/airflow/example_dags/example_setup_teardown_taskflow.py
[2024-07-11T08:37:31.326+0000] {logging_mixin.py:188} INFO - [2024-07-11T08:37:31.326+0000] {dagbag.py:332} DEBUG - Importing /home/airflow/.local/lib/python3.10/site-packages/airflow/example_dags/example_setup_teardown_taskflow.py
[2024-07-11T08:37:31.333+0000] {logging_mixin.py:188} INFO - [2024-07-11T08:37:31.333+0000] {dagbag.py:506} DEBUG - Loaded DAG <DAG: example_setup_teardown_taskflow>
[2024-07-11T08:37:31.334+0000] {processor.py:840} INFO - DAG(s) 'example_setup_teardown_taskflow' retrieved from /home/airflow/.local/lib/python3.10/site-packages/airflow/example_dags/example_setup_teardown_taskflow.py
[2024-07-11T08:37:31.334+0000] {logging_mixin.py:188} INFO - [2024-07-11T08:37:31.334+0000] {dagbag.py:662} DEBUG - Running dagbag.sync_to_db with retries. Try 1 of 3
[2024-07-11T08:37:31.334+0000] {logging_mixin.py:188} INFO - [2024-07-11T08:37:31.334+0000] {dagbag.py:667} DEBUG - Calling the DAG.bulk_sync_to_db method
[2024-07-11T08:37:31.342+0000] {logging_mixin.py:188} INFO - [2024-07-11T08:37:31.342+0000] {serialized_dag.py:165} DEBUG - Checking if DAG (example_setup_teardown_taskflow) changed
[2024-07-11T08:37:31.350+0000] {logging_mixin.py:188} INFO - [2024-07-11T08:37:31.350+0000] {serialized_dag.py:179} DEBUG - Writing Serialized DAG: example_setup_teardown_taskflow to the DB
[2024-07-11T08:37:31.355+0000] {logging_mixin.py:188} INFO - [2024-07-11T08:37:31.354+0000] {serialized_dag.py:181} DEBUG - DAG: example_setup_teardown_taskflow written to the DB
[2024-07-11T08:37:31.355+0000] {logging_mixin.py:188} INFO - [2024-07-11T08:37:31.355+0000] {dagbag.py:696} DEBUG - Syncing DAG permissions: example_setup_teardown_taskflow to the DB
[2024-07-11T08:37:31.418+0000] {logging_mixin.py:188} INFO - [2024-07-11T08:37:31.418+0000] {override.py:1034} DEBUG - Not syncing DAG-level permissions for DAG 'DAG:example_setup_teardown_taskflow' as access control is unset.
[2024-07-11T08:37:31.418+0000] {logging_mixin.py:188} INFO - [2024-07-11T08:37:31.418+0000] {dag.py:3047} INFO - Sync 1 DAGs
[2024-07-11T08:37:31.433+0000] {logging_mixin.py:188} INFO - [2024-07-11T08:37:31.433+0000] {dag.py:3834} INFO - Setting next_dagrun for example_setup_teardown_taskflow to 2024-07-10 00:00:00+00:00, run_after=2024-07-11 00:00:00+00:00
[2024-07-11T08:37:31.447+0000] {processor.py:183} INFO - Processing /home/airflow/.local/lib/python3.10/site-packages/airflow/example_dags/example_setup_teardown_taskflow.py took 0.126 seconds
[2024-07-11T08:38:01.978+0000] {logging_mixin.py:188} INFO - [2024-07-11T08:38:01.977+0000] {settings.py:249} DEBUG - Setting up DB connection pool (PID 198)
[2024-07-11T08:38:01.978+0000] {logging_mixin.py:188} INFO - [2024-07-11T08:38:01.978+0000] {settings.py:350} DEBUG - settings.prepare_engine_args(): Using pool settings. pool_size=5, max_overflow=10, pool_recycle=1800, pid=198
[2024-07-11T08:38:01.980+0000] {processor.py:161} INFO - Started process (PID=198) to work on /home/airflow/.local/lib/python3.10/site-packages/airflow/example_dags/example_setup_teardown_taskflow.py
[2024-07-11T08:38:01.980+0000] {processor.py:830} INFO - Processing file /home/airflow/.local/lib/python3.10/site-packages/airflow/example_dags/example_setup_teardown_taskflow.py for tasks to queue
[2024-07-11T08:38:01.981+0000] {logging_mixin.py:188} INFO - [2024-07-11T08:38:01.981+0000] {dagbag.py:540} INFO - Filling up the DagBag from /home/airflow/.local/lib/python3.10/site-packages/airflow/example_dags/example_setup_teardown_taskflow.py
[2024-07-11T08:38:01.982+0000] {logging_mixin.py:188} INFO - [2024-07-11T08:38:01.982+0000] {dagbag.py:332} DEBUG - Importing /home/airflow/.local/lib/python3.10/site-packages/airflow/example_dags/example_setup_teardown_taskflow.py
[2024-07-11T08:38:01.988+0000] {logging_mixin.py:188} INFO - [2024-07-11T08:38:01.988+0000] {dagbag.py:506} DEBUG - Loaded DAG <DAG: example_setup_teardown_taskflow>
[2024-07-11T08:38:01.989+0000] {processor.py:840} INFO - DAG(s) 'example_setup_teardown_taskflow' retrieved from /home/airflow/.local/lib/python3.10/site-packages/airflow/example_dags/example_setup_teardown_taskflow.py
[2024-07-11T08:38:01.989+0000] {logging_mixin.py:188} INFO - [2024-07-11T08:38:01.989+0000] {dagbag.py:662} DEBUG - Running dagbag.sync_to_db with retries. Try 1 of 3
[2024-07-11T08:38:01.990+0000] {logging_mixin.py:188} INFO - [2024-07-11T08:38:01.990+0000] {dagbag.py:667} DEBUG - Calling the DAG.bulk_sync_to_db method
[2024-07-11T08:38:01.997+0000] {logging_mixin.py:188} INFO - [2024-07-11T08:38:01.997+0000] {serialized_dag.py:165} DEBUG - Checking if DAG (example_setup_teardown_taskflow) changed
[2024-07-11T08:38:02.004+0000] {logging_mixin.py:188} INFO - [2024-07-11T08:38:02.004+0000] {serialized_dag.py:176} DEBUG - Serialized DAG (example_setup_teardown_taskflow) is unchanged. Skipping writing to DB
[2024-07-11T08:38:02.004+0000] {logging_mixin.py:188} INFO - [2024-07-11T08:38:02.004+0000] {dag.py:3047} INFO - Sync 1 DAGs
[2024-07-11T08:38:02.020+0000] {logging_mixin.py:188} INFO - [2024-07-11T08:38:02.020+0000] {dag.py:3834} INFO - Setting next_dagrun for example_setup_teardown_taskflow to 2024-07-10 00:00:00+00:00, run_after=2024-07-11 00:00:00+00:00
[2024-07-11T08:38:02.033+0000] {processor.py:183} INFO - Processing /home/airflow/.local/lib/python3.10/site-packages/airflow/example_dags/example_setup_teardown_taskflow.py took 0.055 seconds
[2024-07-11T08:38:32.193+0000] {logging_mixin.py:188} INFO - [2024-07-11T08:38:32.193+0000] {settings.py:249} DEBUG - Setting up DB connection pool (PID 254)
[2024-07-11T08:38:32.194+0000] {logging_mixin.py:188} INFO - [2024-07-11T08:38:32.194+0000] {settings.py:350} DEBUG - settings.prepare_engine_args(): Using pool settings. pool_size=5, max_overflow=10, pool_recycle=1800, pid=254
[2024-07-11T08:38:32.196+0000] {processor.py:161} INFO - Started process (PID=254) to work on /home/airflow/.local/lib/python3.10/site-packages/airflow/example_dags/example_setup_teardown_taskflow.py
[2024-07-11T08:38:32.196+0000] {processor.py:830} INFO - Processing file /home/airflow/.local/lib/python3.10/site-packages/airflow/example_dags/example_setup_teardown_taskflow.py for tasks to queue
[2024-07-11T08:38:32.196+0000] {logging_mixin.py:188} INFO - [2024-07-11T08:38:32.196+0000] {dagbag.py:540} INFO - Filling up the DagBag from /home/airflow/.local/lib/python3.10/site-packages/airflow/example_dags/example_setup_teardown_taskflow.py
[2024-07-11T08:38:32.197+0000] {logging_mixin.py:188} INFO - [2024-07-11T08:38:32.197+0000] {dagbag.py:332} DEBUG - Importing /home/airflow/.local/lib/python3.10/site-packages/airflow/example_dags/example_setup_teardown_taskflow.py
[2024-07-11T08:38:32.204+0000] {logging_mixin.py:188} INFO - [2024-07-11T08:38:32.204+0000] {dagbag.py:506} DEBUG - Loaded DAG <DAG: example_setup_teardown_taskflow>
[2024-07-11T08:38:32.204+0000] {processor.py:840} INFO - DAG(s) 'example_setup_teardown_taskflow' retrieved from /home/airflow/.local/lib/python3.10/site-packages/airflow/example_dags/example_setup_teardown_taskflow.py
[2024-07-11T08:38:32.205+0000] {logging_mixin.py:188} INFO - [2024-07-11T08:38:32.205+0000] {dagbag.py:662} DEBUG - Running dagbag.sync_to_db with retries. Try 1 of 3
[2024-07-11T08:38:32.205+0000] {logging_mixin.py:188} INFO - [2024-07-11T08:38:32.205+0000] {dagbag.py:667} DEBUG - Calling the DAG.bulk_sync_to_db method
[2024-07-11T08:38:32.213+0000] {logging_mixin.py:188} INFO - [2024-07-11T08:38:32.212+0000] {serialized_dag.py:165} DEBUG - Checking if DAG (example_setup_teardown_taskflow) changed
[2024-07-11T08:38:32.220+0000] {logging_mixin.py:188} INFO - [2024-07-11T08:38:32.219+0000] {serialized_dag.py:176} DEBUG - Serialized DAG (example_setup_teardown_taskflow) is unchanged. Skipping writing to DB
[2024-07-11T08:38:32.220+0000] {logging_mixin.py:188} INFO - [2024-07-11T08:38:32.220+0000] {dag.py:3047} INFO - Sync 1 DAGs
[2024-07-11T08:38:32.236+0000] {logging_mixin.py:188} INFO - [2024-07-11T08:38:32.236+0000] {dag.py:3834} INFO - Setting next_dagrun for example_setup_teardown_taskflow to 2024-07-10 00:00:00+00:00, run_after=2024-07-11 00:00:00+00:00
[2024-07-11T08:38:32.249+0000] {processor.py:183} INFO - Processing /home/airflow/.local/lib/python3.10/site-packages/airflow/example_dags/example_setup_teardown_taskflow.py took 0.056 seconds
[2024-07-11T08:39:02.543+0000] {logging_mixin.py:188} INFO - [2024-07-11T08:39:02.542+0000] {settings.py:249} DEBUG - Setting up DB connection pool (PID 310)
[2024-07-11T08:39:02.543+0000] {logging_mixin.py:188} INFO - [2024-07-11T08:39:02.543+0000] {settings.py:350} DEBUG - settings.prepare_engine_args(): Using pool settings. pool_size=5, max_overflow=10, pool_recycle=1800, pid=310
[2024-07-11T08:39:02.545+0000] {processor.py:161} INFO - Started process (PID=310) to work on /home/airflow/.local/lib/python3.10/site-packages/airflow/example_dags/example_setup_teardown_taskflow.py
[2024-07-11T08:39:02.545+0000] {processor.py:830} INFO - Processing file /home/airflow/.local/lib/python3.10/site-packages/airflow/example_dags/example_setup_teardown_taskflow.py for tasks to queue
[2024-07-11T08:39:02.546+0000] {logging_mixin.py:188} INFO - [2024-07-11T08:39:02.546+0000] {dagbag.py:540} INFO - Filling up the DagBag from /home/airflow/.local/lib/python3.10/site-packages/airflow/example_dags/example_setup_teardown_taskflow.py
[2024-07-11T08:39:02.547+0000] {logging_mixin.py:188} INFO - [2024-07-11T08:39:02.547+0000] {dagbag.py:332} DEBUG - Importing /home/airflow/.local/lib/python3.10/site-packages/airflow/example_dags/example_setup_teardown_taskflow.py
[2024-07-11T08:39:02.554+0000] {logging_mixin.py:188} INFO - [2024-07-11T08:39:02.554+0000] {dagbag.py:506} DEBUG - Loaded DAG <DAG: example_setup_teardown_taskflow>
[2024-07-11T08:39:02.555+0000] {processor.py:840} INFO - DAG(s) 'example_setup_teardown_taskflow' retrieved from /home/airflow/.local/lib/python3.10/site-packages/airflow/example_dags/example_setup_teardown_taskflow.py
[2024-07-11T08:39:02.555+0000] {logging_mixin.py:188} INFO - [2024-07-11T08:39:02.555+0000] {dagbag.py:662} DEBUG - Running dagbag.sync_to_db with retries. Try 1 of 3
[2024-07-11T08:39:02.555+0000] {logging_mixin.py:188} INFO - [2024-07-11T08:39:02.555+0000] {dagbag.py:667} DEBUG - Calling the DAG.bulk_sync_to_db method
[2024-07-11T08:39:02.563+0000] {logging_mixin.py:188} INFO - [2024-07-11T08:39:02.563+0000] {serialized_dag.py:165} DEBUG - Checking if DAG (example_setup_teardown_taskflow) changed
[2024-07-11T08:39:02.571+0000] {logging_mixin.py:188} INFO - [2024-07-11T08:39:02.571+0000] {serialized_dag.py:176} DEBUG - Serialized DAG (example_setup_teardown_taskflow) is unchanged. Skipping writing to DB
[2024-07-11T08:39:02.571+0000] {logging_mixin.py:188} INFO - [2024-07-11T08:39:02.571+0000] {dag.py:3047} INFO - Sync 1 DAGs
[2024-07-11T08:39:02.588+0000] {logging_mixin.py:188} INFO - [2024-07-11T08:39:02.588+0000] {dag.py:3834} INFO - Setting next_dagrun for example_setup_teardown_taskflow to 2024-07-10 00:00:00+00:00, run_after=2024-07-11 00:00:00+00:00
[2024-07-11T08:39:02.603+0000] {processor.py:183} INFO - Processing /home/airflow/.local/lib/python3.10/site-packages/airflow/example_dags/example_setup_teardown_taskflow.py took 0.061 seconds
[2024-07-11T08:39:32.803+0000] {logging_mixin.py:188} INFO - [2024-07-11T08:39:32.802+0000] {settings.py:249} DEBUG - Setting up DB connection pool (PID 366)
[2024-07-11T08:39:32.803+0000] {logging_mixin.py:188} INFO - [2024-07-11T08:39:32.803+0000] {settings.py:350} DEBUG - settings.prepare_engine_args(): Using pool settings. pool_size=5, max_overflow=10, pool_recycle=1800, pid=366
[2024-07-11T08:39:32.805+0000] {processor.py:161} INFO - Started process (PID=366) to work on /home/airflow/.local/lib/python3.10/site-packages/airflow/example_dags/example_setup_teardown_taskflow.py
[2024-07-11T08:39:32.806+0000] {processor.py:830} INFO - Processing file /home/airflow/.local/lib/python3.10/site-packages/airflow/example_dags/example_setup_teardown_taskflow.py for tasks to queue
[2024-07-11T08:39:32.806+0000] {logging_mixin.py:188} INFO - [2024-07-11T08:39:32.806+0000] {dagbag.py:540} INFO - Filling up the DagBag from /home/airflow/.local/lib/python3.10/site-packages/airflow/example_dags/example_setup_teardown_taskflow.py
[2024-07-11T08:39:32.807+0000] {logging_mixin.py:188} INFO - [2024-07-11T08:39:32.807+0000] {dagbag.py:332} DEBUG - Importing /home/airflow/.local/lib/python3.10/site-packages/airflow/example_dags/example_setup_teardown_taskflow.py
[2024-07-11T08:39:32.813+0000] {logging_mixin.py:188} INFO - [2024-07-11T08:39:32.813+0000] {dagbag.py:506} DEBUG - Loaded DAG <DAG: example_setup_teardown_taskflow>
[2024-07-11T08:39:32.814+0000] {processor.py:840} INFO - DAG(s) 'example_setup_teardown_taskflow' retrieved from /home/airflow/.local/lib/python3.10/site-packages/airflow/example_dags/example_setup_teardown_taskflow.py
[2024-07-11T08:39:32.814+0000] {logging_mixin.py:188} INFO - [2024-07-11T08:39:32.814+0000] {dagbag.py:662} DEBUG - Running dagbag.sync_to_db with retries. Try 1 of 3
[2024-07-11T08:39:32.815+0000] {logging_mixin.py:188} INFO - [2024-07-11T08:39:32.814+0000] {dagbag.py:667} DEBUG - Calling the DAG.bulk_sync_to_db method
[2024-07-11T08:39:32.822+0000] {logging_mixin.py:188} INFO - [2024-07-11T08:39:32.822+0000] {serialized_dag.py:165} DEBUG - Checking if DAG (example_setup_teardown_taskflow) changed
[2024-07-11T08:39:32.829+0000] {logging_mixin.py:188} INFO - [2024-07-11T08:39:32.829+0000] {serialized_dag.py:176} DEBUG - Serialized DAG (example_setup_teardown_taskflow) is unchanged. Skipping writing to DB
[2024-07-11T08:39:32.829+0000] {logging_mixin.py:188} INFO - [2024-07-11T08:39:32.829+0000] {dag.py:3047} INFO - Sync 1 DAGs
[2024-07-11T08:39:32.845+0000] {logging_mixin.py:188} INFO - [2024-07-11T08:39:32.845+0000] {dag.py:3834} INFO - Setting next_dagrun for example_setup_teardown_taskflow to 2024-07-10 00:00:00+00:00, run_after=2024-07-11 00:00:00+00:00
[2024-07-11T08:39:32.857+0000] {processor.py:183} INFO - Processing /home/airflow/.local/lib/python3.10/site-packages/airflow/example_dags/example_setup_teardown_taskflow.py took 0.055 seconds
[2024-07-11T08:40:03.109+0000] {logging_mixin.py:188} INFO - [2024-07-11T08:40:03.109+0000] {settings.py:249} DEBUG - Setting up DB connection pool (PID 422)
[2024-07-11T08:40:03.110+0000] {logging_mixin.py:188} INFO - [2024-07-11T08:40:03.110+0000] {settings.py:350} DEBUG - settings.prepare_engine_args(): Using pool settings. pool_size=5, max_overflow=10, pool_recycle=1800, pid=422
[2024-07-11T08:40:03.112+0000] {processor.py:161} INFO - Started process (PID=422) to work on /home/airflow/.local/lib/python3.10/site-packages/airflow/example_dags/example_setup_teardown_taskflow.py
[2024-07-11T08:40:03.112+0000] {processor.py:830} INFO - Processing file /home/airflow/.local/lib/python3.10/site-packages/airflow/example_dags/example_setup_teardown_taskflow.py for tasks to queue
[2024-07-11T08:40:03.112+0000] {logging_mixin.py:188} INFO - [2024-07-11T08:40:03.112+0000] {dagbag.py:540} INFO - Filling up the DagBag from /home/airflow/.local/lib/python3.10/site-packages/airflow/example_dags/example_setup_teardown_taskflow.py
[2024-07-11T08:40:03.113+0000] {logging_mixin.py:188} INFO - [2024-07-11T08:40:03.113+0000] {dagbag.py:332} DEBUG - Importing /home/airflow/.local/lib/python3.10/site-packages/airflow/example_dags/example_setup_teardown_taskflow.py
[2024-07-11T08:40:03.120+0000] {logging_mixin.py:188} INFO - [2024-07-11T08:40:03.120+0000] {dagbag.py:506} DEBUG - Loaded DAG <DAG: example_setup_teardown_taskflow>
[2024-07-11T08:40:03.120+0000] {processor.py:840} INFO - DAG(s) 'example_setup_teardown_taskflow' retrieved from /home/airflow/.local/lib/python3.10/site-packages/airflow/example_dags/example_setup_teardown_taskflow.py
[2024-07-11T08:40:03.121+0000] {logging_mixin.py:188} INFO - [2024-07-11T08:40:03.121+0000] {dagbag.py:662} DEBUG - Running dagbag.sync_to_db with retries. Try 1 of 3
[2024-07-11T08:40:03.121+0000] {logging_mixin.py:188} INFO - [2024-07-11T08:40:03.121+0000] {dagbag.py:667} DEBUG - Calling the DAG.bulk_sync_to_db method
[2024-07-11T08:40:03.129+0000] {logging_mixin.py:188} INFO - [2024-07-11T08:40:03.128+0000] {serialized_dag.py:165} DEBUG - Checking if DAG (example_setup_teardown_taskflow) changed
[2024-07-11T08:40:03.136+0000] {logging_mixin.py:188} INFO - [2024-07-11T08:40:03.136+0000] {serialized_dag.py:176} DEBUG - Serialized DAG (example_setup_teardown_taskflow) is unchanged. Skipping writing to DB
[2024-07-11T08:40:03.136+0000] {logging_mixin.py:188} INFO - [2024-07-11T08:40:03.136+0000] {dag.py:3047} INFO - Sync 1 DAGs
[2024-07-11T08:40:03.153+0000] {logging_mixin.py:188} INFO - [2024-07-11T08:40:03.153+0000] {dag.py:3834} INFO - Setting next_dagrun for example_setup_teardown_taskflow to 2024-07-10 00:00:00+00:00, run_after=2024-07-11 00:00:00+00:00
[2024-07-11T08:40:03.166+0000] {processor.py:183} INFO - Processing /home/airflow/.local/lib/python3.10/site-packages/airflow/example_dags/example_setup_teardown_taskflow.py took 0.057 seconds
[2024-07-11T08:41:14.285+0000] {logging_mixin.py:188} INFO - [2024-07-11T08:41:14.285+0000] {settings.py:249} DEBUG - Setting up DB connection pool (PID 80)
[2024-07-11T08:41:14.286+0000] {logging_mixin.py:188} INFO - [2024-07-11T08:41:14.286+0000] {settings.py:350} DEBUG - settings.prepare_engine_args(): Using pool settings. pool_size=5, max_overflow=10, pool_recycle=1800, pid=80
[2024-07-11T08:41:14.288+0000] {processor.py:161} INFO - Started process (PID=80) to work on /home/airflow/.local/lib/python3.10/site-packages/airflow/example_dags/example_setup_teardown_taskflow.py
[2024-07-11T08:41:14.289+0000] {processor.py:830} INFO - Processing file /home/airflow/.local/lib/python3.10/site-packages/airflow/example_dags/example_setup_teardown_taskflow.py for tasks to queue
[2024-07-11T08:41:14.289+0000] {logging_mixin.py:188} INFO - [2024-07-11T08:41:14.289+0000] {dagbag.py:540} INFO - Filling up the DagBag from /home/airflow/.local/lib/python3.10/site-packages/airflow/example_dags/example_setup_teardown_taskflow.py
[2024-07-11T08:41:14.290+0000] {logging_mixin.py:188} INFO - [2024-07-11T08:41:14.290+0000] {dagbag.py:332} DEBUG - Importing /home/airflow/.local/lib/python3.10/site-packages/airflow/example_dags/example_setup_teardown_taskflow.py
[2024-07-11T08:41:14.299+0000] {logging_mixin.py:188} INFO - [2024-07-11T08:41:14.298+0000] {dagbag.py:506} DEBUG - Loaded DAG <DAG: example_setup_teardown_taskflow>
[2024-07-11T08:41:14.299+0000] {processor.py:840} INFO - DAG(s) 'example_setup_teardown_taskflow' retrieved from /home/airflow/.local/lib/python3.10/site-packages/airflow/example_dags/example_setup_teardown_taskflow.py
[2024-07-11T08:41:14.300+0000] {logging_mixin.py:188} INFO - [2024-07-11T08:41:14.300+0000] {dagbag.py:662} DEBUG - Running dagbag.sync_to_db with retries. Try 1 of 3
[2024-07-11T08:41:14.300+0000] {logging_mixin.py:188} INFO - [2024-07-11T08:41:14.300+0000] {dagbag.py:667} DEBUG - Calling the DAG.bulk_sync_to_db method
[2024-07-11T08:41:14.309+0000] {logging_mixin.py:188} INFO - [2024-07-11T08:41:14.309+0000] {dag.py:3047} INFO - Sync 1 DAGs
[2024-07-11T08:41:14.328+0000] {logging_mixin.py:188} INFO - [2024-07-11T08:41:14.328+0000] {dag.py:3834} INFO - Setting next_dagrun for example_setup_teardown_taskflow to 2024-07-10 00:00:00+00:00, run_after=2024-07-11 00:00:00+00:00
[2024-07-11T08:41:14.343+0000] {processor.py:183} INFO - Processing /home/airflow/.local/lib/python3.10/site-packages/airflow/example_dags/example_setup_teardown_taskflow.py took 0.058 seconds
[2024-07-11T08:41:46.003+0000] {logging_mixin.py:188} INFO - [2024-07-11T08:41:46.002+0000] {settings.py:249} DEBUG - Setting up DB connection pool (PID 136)
[2024-07-11T08:41:46.003+0000] {logging_mixin.py:188} INFO - [2024-07-11T08:41:46.003+0000] {settings.py:350} DEBUG - settings.prepare_engine_args(): Using pool settings. pool_size=5, max_overflow=10, pool_recycle=1800, pid=136
[2024-07-11T08:41:46.006+0000] {processor.py:161} INFO - Started process (PID=136) to work on /home/airflow/.local/lib/python3.10/site-packages/airflow/example_dags/example_setup_teardown_taskflow.py
[2024-07-11T08:41:46.006+0000] {processor.py:830} INFO - Processing file /home/airflow/.local/lib/python3.10/site-packages/airflow/example_dags/example_setup_teardown_taskflow.py for tasks to queue
[2024-07-11T08:41:46.007+0000] {logging_mixin.py:188} INFO - [2024-07-11T08:41:46.006+0000] {dagbag.py:540} INFO - Filling up the DagBag from /home/airflow/.local/lib/python3.10/site-packages/airflow/example_dags/example_setup_teardown_taskflow.py
[2024-07-11T08:41:46.008+0000] {logging_mixin.py:188} INFO - [2024-07-11T08:41:46.008+0000] {dagbag.py:332} DEBUG - Importing /home/airflow/.local/lib/python3.10/site-packages/airflow/example_dags/example_setup_teardown_taskflow.py
[2024-07-11T08:41:46.016+0000] {logging_mixin.py:188} INFO - [2024-07-11T08:41:46.015+0000] {dagbag.py:506} DEBUG - Loaded DAG <DAG: example_setup_teardown_taskflow>
[2024-07-11T08:41:46.016+0000] {processor.py:840} INFO - DAG(s) 'example_setup_teardown_taskflow' retrieved from /home/airflow/.local/lib/python3.10/site-packages/airflow/example_dags/example_setup_teardown_taskflow.py
[2024-07-11T08:41:46.017+0000] {logging_mixin.py:188} INFO - [2024-07-11T08:41:46.017+0000] {dagbag.py:662} DEBUG - Running dagbag.sync_to_db with retries. Try 1 of 3
[2024-07-11T08:41:46.017+0000] {logging_mixin.py:188} INFO - [2024-07-11T08:41:46.017+0000] {dagbag.py:667} DEBUG - Calling the DAG.bulk_sync_to_db method
[2024-07-11T08:41:46.027+0000] {logging_mixin.py:188} INFO - [2024-07-11T08:41:46.026+0000] {serialized_dag.py:165} DEBUG - Checking if DAG (example_setup_teardown_taskflow) changed
[2024-07-11T08:41:46.036+0000] {logging_mixin.py:188} INFO - [2024-07-11T08:41:46.035+0000] {serialized_dag.py:179} DEBUG - Writing Serialized DAG: example_setup_teardown_taskflow to the DB
[2024-07-11T08:41:46.040+0000] {logging_mixin.py:188} INFO - [2024-07-11T08:41:46.039+0000] {serialized_dag.py:181} DEBUG - DAG: example_setup_teardown_taskflow written to the DB
[2024-07-11T08:41:46.040+0000] {logging_mixin.py:188} INFO - [2024-07-11T08:41:46.040+0000] {dagbag.py:696} DEBUG - Syncing DAG permissions: example_setup_teardown_taskflow to the DB
[2024-07-11T08:41:46.120+0000] {logging_mixin.py:188} INFO - [2024-07-11T08:41:46.120+0000] {override.py:1034} DEBUG - Not syncing DAG-level permissions for DAG 'DAG:example_setup_teardown_taskflow' as access control is unset.
[2024-07-11T08:41:46.121+0000] {logging_mixin.py:188} INFO - [2024-07-11T08:41:46.120+0000] {dag.py:3047} INFO - Sync 1 DAGs
[2024-07-11T08:41:46.142+0000] {logging_mixin.py:188} INFO - [2024-07-11T08:41:46.142+0000] {dag.py:3834} INFO - Setting next_dagrun for example_setup_teardown_taskflow to 2024-07-10 00:00:00+00:00, run_after=2024-07-11 00:00:00+00:00
[2024-07-11T08:41:46.163+0000] {processor.py:183} INFO - Processing /home/airflow/.local/lib/python3.10/site-packages/airflow/example_dags/example_setup_teardown_taskflow.py took 0.161 seconds
[2024-07-11T08:42:16.777+0000] {logging_mixin.py:188} INFO - [2024-07-11T08:42:16.776+0000] {settings.py:249} DEBUG - Setting up DB connection pool (PID 192)
[2024-07-11T08:42:16.777+0000] {logging_mixin.py:188} INFO - [2024-07-11T08:42:16.777+0000] {settings.py:350} DEBUG - settings.prepare_engine_args(): Using pool settings. pool_size=5, max_overflow=10, pool_recycle=1800, pid=192
[2024-07-11T08:42:16.779+0000] {processor.py:161} INFO - Started process (PID=192) to work on /home/airflow/.local/lib/python3.10/site-packages/airflow/example_dags/example_setup_teardown_taskflow.py
[2024-07-11T08:42:16.779+0000] {processor.py:830} INFO - Processing file /home/airflow/.local/lib/python3.10/site-packages/airflow/example_dags/example_setup_teardown_taskflow.py for tasks to queue
[2024-07-11T08:42:16.780+0000] {logging_mixin.py:188} INFO - [2024-07-11T08:42:16.780+0000] {dagbag.py:540} INFO - Filling up the DagBag from /home/airflow/.local/lib/python3.10/site-packages/airflow/example_dags/example_setup_teardown_taskflow.py
[2024-07-11T08:42:16.780+0000] {logging_mixin.py:188} INFO - [2024-07-11T08:42:16.780+0000] {dagbag.py:332} DEBUG - Importing /home/airflow/.local/lib/python3.10/site-packages/airflow/example_dags/example_setup_teardown_taskflow.py
[2024-07-11T08:42:16.787+0000] {logging_mixin.py:188} INFO - [2024-07-11T08:42:16.787+0000] {dagbag.py:506} DEBUG - Loaded DAG <DAG: example_setup_teardown_taskflow>
[2024-07-11T08:42:16.787+0000] {processor.py:840} INFO - DAG(s) 'example_setup_teardown_taskflow' retrieved from /home/airflow/.local/lib/python3.10/site-packages/airflow/example_dags/example_setup_teardown_taskflow.py
[2024-07-11T08:42:16.788+0000] {logging_mixin.py:188} INFO - [2024-07-11T08:42:16.788+0000] {dagbag.py:662} DEBUG - Running dagbag.sync_to_db with retries. Try 1 of 3
[2024-07-11T08:42:16.788+0000] {logging_mixin.py:188} INFO - [2024-07-11T08:42:16.788+0000] {dagbag.py:667} DEBUG - Calling the DAG.bulk_sync_to_db method
[2024-07-11T08:42:16.796+0000] {logging_mixin.py:188} INFO - [2024-07-11T08:42:16.796+0000] {serialized_dag.py:165} DEBUG - Checking if DAG (example_setup_teardown_taskflow) changed
[2024-07-11T08:42:16.805+0000] {logging_mixin.py:188} INFO - [2024-07-11T08:42:16.805+0000] {serialized_dag.py:176} DEBUG - Serialized DAG (example_setup_teardown_taskflow) is unchanged. Skipping writing to DB
[2024-07-11T08:42:16.805+0000] {logging_mixin.py:188} INFO - [2024-07-11T08:42:16.805+0000] {dag.py:3047} INFO - Sync 1 DAGs
[2024-07-11T08:42:16.820+0000] {logging_mixin.py:188} INFO - [2024-07-11T08:42:16.820+0000] {dag.py:3834} INFO - Setting next_dagrun for example_setup_teardown_taskflow to 2024-07-10 00:00:00+00:00, run_after=2024-07-11 00:00:00+00:00
[2024-07-11T08:42:16.834+0000] {processor.py:183} INFO - Processing /home/airflow/.local/lib/python3.10/site-packages/airflow/example_dags/example_setup_teardown_taskflow.py took 0.057 seconds
[2024-07-11T08:42:47.022+0000] {logging_mixin.py:188} INFO - [2024-07-11T08:42:47.022+0000] {settings.py:249} DEBUG - Setting up DB connection pool (PID 254)
[2024-07-11T08:42:47.023+0000] {logging_mixin.py:188} INFO - [2024-07-11T08:42:47.023+0000] {settings.py:350} DEBUG - settings.prepare_engine_args(): Using pool settings. pool_size=5, max_overflow=10, pool_recycle=1800, pid=254
[2024-07-11T08:42:47.025+0000] {processor.py:161} INFO - Started process (PID=254) to work on /home/airflow/.local/lib/python3.10/site-packages/airflow/example_dags/example_setup_teardown_taskflow.py
[2024-07-11T08:42:47.025+0000] {processor.py:830} INFO - Processing file /home/airflow/.local/lib/python3.10/site-packages/airflow/example_dags/example_setup_teardown_taskflow.py for tasks to queue
[2024-07-11T08:42:47.026+0000] {logging_mixin.py:188} INFO - [2024-07-11T08:42:47.025+0000] {dagbag.py:540} INFO - Filling up the DagBag from /home/airflow/.local/lib/python3.10/site-packages/airflow/example_dags/example_setup_teardown_taskflow.py
[2024-07-11T08:42:47.026+0000] {logging_mixin.py:188} INFO - [2024-07-11T08:42:47.026+0000] {dagbag.py:332} DEBUG - Importing /home/airflow/.local/lib/python3.10/site-packages/airflow/example_dags/example_setup_teardown_taskflow.py
[2024-07-11T08:42:47.034+0000] {logging_mixin.py:188} INFO - [2024-07-11T08:42:47.033+0000] {dagbag.py:506} DEBUG - Loaded DAG <DAG: example_setup_teardown_taskflow>
[2024-07-11T08:42:47.034+0000] {processor.py:840} INFO - DAG(s) 'example_setup_teardown_taskflow' retrieved from /home/airflow/.local/lib/python3.10/site-packages/airflow/example_dags/example_setup_teardown_taskflow.py
[2024-07-11T08:42:47.035+0000] {logging_mixin.py:188} INFO - [2024-07-11T08:42:47.034+0000] {dagbag.py:662} DEBUG - Running dagbag.sync_to_db with retries. Try 1 of 3
[2024-07-11T08:42:47.035+0000] {logging_mixin.py:188} INFO - [2024-07-11T08:42:47.035+0000] {dagbag.py:667} DEBUG - Calling the DAG.bulk_sync_to_db method
[2024-07-11T08:42:47.043+0000] {logging_mixin.py:188} INFO - [2024-07-11T08:42:47.043+0000] {serialized_dag.py:165} DEBUG - Checking if DAG (example_setup_teardown_taskflow) changed
[2024-07-11T08:42:47.052+0000] {logging_mixin.py:188} INFO - [2024-07-11T08:42:47.051+0000] {serialized_dag.py:176} DEBUG - Serialized DAG (example_setup_teardown_taskflow) is unchanged. Skipping writing to DB
[2024-07-11T08:42:47.052+0000] {logging_mixin.py:188} INFO - [2024-07-11T08:42:47.052+0000] {dag.py:3047} INFO - Sync 1 DAGs
[2024-07-11T08:42:47.068+0000] {logging_mixin.py:188} INFO - [2024-07-11T08:42:47.068+0000] {dag.py:3834} INFO - Setting next_dagrun for example_setup_teardown_taskflow to 2024-07-10 00:00:00+00:00, run_after=2024-07-11 00:00:00+00:00
[2024-07-11T08:42:47.082+0000] {processor.py:183} INFO - Processing /home/airflow/.local/lib/python3.10/site-packages/airflow/example_dags/example_setup_teardown_taskflow.py took 0.060 seconds
[2024-07-11T08:43:17.240+0000] {logging_mixin.py:188} INFO - [2024-07-11T08:43:17.240+0000] {settings.py:249} DEBUG - Setting up DB connection pool (PID 310)
[2024-07-11T08:43:17.241+0000] {logging_mixin.py:188} INFO - [2024-07-11T08:43:17.241+0000] {settings.py:350} DEBUG - settings.prepare_engine_args(): Using pool settings. pool_size=5, max_overflow=10, pool_recycle=1800, pid=310
[2024-07-11T08:43:17.244+0000] {processor.py:161} INFO - Started process (PID=310) to work on /home/airflow/.local/lib/python3.10/site-packages/airflow/example_dags/example_setup_teardown_taskflow.py
[2024-07-11T08:43:17.244+0000] {processor.py:830} INFO - Processing file /home/airflow/.local/lib/python3.10/site-packages/airflow/example_dags/example_setup_teardown_taskflow.py for tasks to queue
[2024-07-11T08:43:17.245+0000] {logging_mixin.py:188} INFO - [2024-07-11T08:43:17.244+0000] {dagbag.py:540} INFO - Filling up the DagBag from /home/airflow/.local/lib/python3.10/site-packages/airflow/example_dags/example_setup_teardown_taskflow.py
[2024-07-11T08:43:17.245+0000] {logging_mixin.py:188} INFO - [2024-07-11T08:43:17.245+0000] {dagbag.py:332} DEBUG - Importing /home/airflow/.local/lib/python3.10/site-packages/airflow/example_dags/example_setup_teardown_taskflow.py
[2024-07-11T08:43:17.253+0000] {logging_mixin.py:188} INFO - [2024-07-11T08:43:17.253+0000] {dagbag.py:506} DEBUG - Loaded DAG <DAG: example_setup_teardown_taskflow>
[2024-07-11T08:43:17.253+0000] {processor.py:840} INFO - DAG(s) 'example_setup_teardown_taskflow' retrieved from /home/airflow/.local/lib/python3.10/site-packages/airflow/example_dags/example_setup_teardown_taskflow.py
[2024-07-11T08:43:17.254+0000] {logging_mixin.py:188} INFO - [2024-07-11T08:43:17.254+0000] {dagbag.py:662} DEBUG - Running dagbag.sync_to_db with retries. Try 1 of 3
[2024-07-11T08:43:17.254+0000] {logging_mixin.py:188} INFO - [2024-07-11T08:43:17.254+0000] {dagbag.py:667} DEBUG - Calling the DAG.bulk_sync_to_db method
[2024-07-11T08:43:17.262+0000] {logging_mixin.py:188} INFO - [2024-07-11T08:43:17.261+0000] {serialized_dag.py:165} DEBUG - Checking if DAG (example_setup_teardown_taskflow) changed
[2024-07-11T08:43:17.269+0000] {logging_mixin.py:188} INFO - [2024-07-11T08:43:17.269+0000] {serialized_dag.py:176} DEBUG - Serialized DAG (example_setup_teardown_taskflow) is unchanged. Skipping writing to DB
[2024-07-11T08:43:17.269+0000] {logging_mixin.py:188} INFO - [2024-07-11T08:43:17.269+0000] {dag.py:3047} INFO - Sync 1 DAGs
[2024-07-11T08:43:17.294+0000] {logging_mixin.py:188} INFO - [2024-07-11T08:43:17.294+0000] {dag.py:3834} INFO - Setting next_dagrun for example_setup_teardown_taskflow to 2024-07-10 00:00:00+00:00, run_after=2024-07-11 00:00:00+00:00
[2024-07-11T08:43:17.307+0000] {processor.py:183} INFO - Processing /home/airflow/.local/lib/python3.10/site-packages/airflow/example_dags/example_setup_teardown_taskflow.py took 0.068 seconds
[2024-07-11T08:43:47.549+0000] {logging_mixin.py:188} INFO - [2024-07-11T08:43:47.548+0000] {settings.py:249} DEBUG - Setting up DB connection pool (PID 366)
[2024-07-11T08:43:47.549+0000] {logging_mixin.py:188} INFO - [2024-07-11T08:43:47.549+0000] {settings.py:350} DEBUG - settings.prepare_engine_args(): Using pool settings. pool_size=5, max_overflow=10, pool_recycle=1800, pid=366
[2024-07-11T08:43:47.551+0000] {processor.py:161} INFO - Started process (PID=366) to work on /home/airflow/.local/lib/python3.10/site-packages/airflow/example_dags/example_setup_teardown_taskflow.py
[2024-07-11T08:43:47.551+0000] {processor.py:830} INFO - Processing file /home/airflow/.local/lib/python3.10/site-packages/airflow/example_dags/example_setup_teardown_taskflow.py for tasks to queue
[2024-07-11T08:43:47.552+0000] {logging_mixin.py:188} INFO - [2024-07-11T08:43:47.552+0000] {dagbag.py:540} INFO - Filling up the DagBag from /home/airflow/.local/lib/python3.10/site-packages/airflow/example_dags/example_setup_teardown_taskflow.py
[2024-07-11T08:43:47.553+0000] {logging_mixin.py:188} INFO - [2024-07-11T08:43:47.553+0000] {dagbag.py:332} DEBUG - Importing /home/airflow/.local/lib/python3.10/site-packages/airflow/example_dags/example_setup_teardown_taskflow.py
[2024-07-11T08:43:47.561+0000] {logging_mixin.py:188} INFO - [2024-07-11T08:43:47.561+0000] {dagbag.py:506} DEBUG - Loaded DAG <DAG: example_setup_teardown_taskflow>
[2024-07-11T08:43:47.561+0000] {processor.py:840} INFO - DAG(s) 'example_setup_teardown_taskflow' retrieved from /home/airflow/.local/lib/python3.10/site-packages/airflow/example_dags/example_setup_teardown_taskflow.py
[2024-07-11T08:43:47.562+0000] {logging_mixin.py:188} INFO - [2024-07-11T08:43:47.562+0000] {dagbag.py:662} DEBUG - Running dagbag.sync_to_db with retries. Try 1 of 3
[2024-07-11T08:43:47.562+0000] {logging_mixin.py:188} INFO - [2024-07-11T08:43:47.562+0000] {dagbag.py:667} DEBUG - Calling the DAG.bulk_sync_to_db method
[2024-07-11T08:43:47.571+0000] {logging_mixin.py:188} INFO - [2024-07-11T08:43:47.570+0000] {serialized_dag.py:165} DEBUG - Checking if DAG (example_setup_teardown_taskflow) changed
[2024-07-11T08:43:47.578+0000] {logging_mixin.py:188} INFO - [2024-07-11T08:43:47.578+0000] {serialized_dag.py:176} DEBUG - Serialized DAG (example_setup_teardown_taskflow) is unchanged. Skipping writing to DB
[2024-07-11T08:43:47.579+0000] {logging_mixin.py:188} INFO - [2024-07-11T08:43:47.578+0000] {dag.py:3047} INFO - Sync 1 DAGs
[2024-07-11T08:43:47.596+0000] {logging_mixin.py:188} INFO - [2024-07-11T08:43:47.596+0000] {dag.py:3834} INFO - Setting next_dagrun for example_setup_teardown_taskflow to 2024-07-10 00:00:00+00:00, run_after=2024-07-11 00:00:00+00:00
[2024-07-11T08:43:47.609+0000] {processor.py:183} INFO - Processing /home/airflow/.local/lib/python3.10/site-packages/airflow/example_dags/example_setup_teardown_taskflow.py took 0.061 seconds
[2024-07-11T08:44:17.987+0000] {logging_mixin.py:188} INFO - [2024-07-11T08:44:17.986+0000] {settings.py:249} DEBUG - Setting up DB connection pool (PID 422)
[2024-07-11T08:44:17.987+0000] {logging_mixin.py:188} INFO - [2024-07-11T08:44:17.987+0000] {settings.py:350} DEBUG - settings.prepare_engine_args(): Using pool settings. pool_size=5, max_overflow=10, pool_recycle=1800, pid=422
[2024-07-11T08:44:17.989+0000] {processor.py:161} INFO - Started process (PID=422) to work on /home/airflow/.local/lib/python3.10/site-packages/airflow/example_dags/example_setup_teardown_taskflow.py
[2024-07-11T08:44:17.989+0000] {processor.py:830} INFO - Processing file /home/airflow/.local/lib/python3.10/site-packages/airflow/example_dags/example_setup_teardown_taskflow.py for tasks to queue
[2024-07-11T08:44:17.990+0000] {logging_mixin.py:188} INFO - [2024-07-11T08:44:17.990+0000] {dagbag.py:540} INFO - Filling up the DagBag from /home/airflow/.local/lib/python3.10/site-packages/airflow/example_dags/example_setup_teardown_taskflow.py
[2024-07-11T08:44:17.990+0000] {logging_mixin.py:188} INFO - [2024-07-11T08:44:17.990+0000] {dagbag.py:332} DEBUG - Importing /home/airflow/.local/lib/python3.10/site-packages/airflow/example_dags/example_setup_teardown_taskflow.py
[2024-07-11T08:44:17.997+0000] {logging_mixin.py:188} INFO - [2024-07-11T08:44:17.996+0000] {dagbag.py:506} DEBUG - Loaded DAG <DAG: example_setup_teardown_taskflow>
[2024-07-11T08:44:17.997+0000] {processor.py:840} INFO - DAG(s) 'example_setup_teardown_taskflow' retrieved from /home/airflow/.local/lib/python3.10/site-packages/airflow/example_dags/example_setup_teardown_taskflow.py
[2024-07-11T08:44:17.998+0000] {logging_mixin.py:188} INFO - [2024-07-11T08:44:17.998+0000] {dagbag.py:662} DEBUG - Running dagbag.sync_to_db with retries. Try 1 of 3
[2024-07-11T08:44:17.998+0000] {logging_mixin.py:188} INFO - [2024-07-11T08:44:17.998+0000] {dagbag.py:667} DEBUG - Calling the DAG.bulk_sync_to_db method
[2024-07-11T08:44:18.005+0000] {logging_mixin.py:188} INFO - [2024-07-11T08:44:18.005+0000] {serialized_dag.py:165} DEBUG - Checking if DAG (example_setup_teardown_taskflow) changed
[2024-07-11T08:44:18.012+0000] {logging_mixin.py:188} INFO - [2024-07-11T08:44:18.012+0000] {serialized_dag.py:176} DEBUG - Serialized DAG (example_setup_teardown_taskflow) is unchanged. Skipping writing to DB
[2024-07-11T08:44:18.012+0000] {logging_mixin.py:188} INFO - [2024-07-11T08:44:18.012+0000] {dag.py:3047} INFO - Sync 1 DAGs
[2024-07-11T08:44:18.027+0000] {logging_mixin.py:188} INFO - [2024-07-11T08:44:18.026+0000] {dag.py:3834} INFO - Setting next_dagrun for example_setup_teardown_taskflow to 2024-07-10 00:00:00+00:00, run_after=2024-07-11 00:00:00+00:00
[2024-07-11T08:44:18.039+0000] {processor.py:183} INFO - Processing /home/airflow/.local/lib/python3.10/site-packages/airflow/example_dags/example_setup_teardown_taskflow.py took 0.053 seconds
[2024-07-11T08:44:48.261+0000] {logging_mixin.py:188} INFO - [2024-07-11T08:44:48.261+0000] {settings.py:249} DEBUG - Setting up DB connection pool (PID 478)
[2024-07-11T08:44:48.262+0000] {logging_mixin.py:188} INFO - [2024-07-11T08:44:48.262+0000] {settings.py:350} DEBUG - settings.prepare_engine_args(): Using pool settings. pool_size=5, max_overflow=10, pool_recycle=1800, pid=478
[2024-07-11T08:44:48.263+0000] {processor.py:161} INFO - Started process (PID=478) to work on /home/airflow/.local/lib/python3.10/site-packages/airflow/example_dags/example_setup_teardown_taskflow.py
[2024-07-11T08:44:48.264+0000] {processor.py:830} INFO - Processing file /home/airflow/.local/lib/python3.10/site-packages/airflow/example_dags/example_setup_teardown_taskflow.py for tasks to queue
[2024-07-11T08:44:48.264+0000] {logging_mixin.py:188} INFO - [2024-07-11T08:44:48.264+0000] {dagbag.py:540} INFO - Filling up the DagBag from /home/airflow/.local/lib/python3.10/site-packages/airflow/example_dags/example_setup_teardown_taskflow.py
[2024-07-11T08:44:48.265+0000] {logging_mixin.py:188} INFO - [2024-07-11T08:44:48.265+0000] {dagbag.py:332} DEBUG - Importing /home/airflow/.local/lib/python3.10/site-packages/airflow/example_dags/example_setup_teardown_taskflow.py
[2024-07-11T08:44:48.271+0000] {logging_mixin.py:188} INFO - [2024-07-11T08:44:48.271+0000] {dagbag.py:506} DEBUG - Loaded DAG <DAG: example_setup_teardown_taskflow>
[2024-07-11T08:44:48.272+0000] {processor.py:840} INFO - DAG(s) 'example_setup_teardown_taskflow' retrieved from /home/airflow/.local/lib/python3.10/site-packages/airflow/example_dags/example_setup_teardown_taskflow.py
[2024-07-11T08:44:48.272+0000] {logging_mixin.py:188} INFO - [2024-07-11T08:44:48.272+0000] {dagbag.py:662} DEBUG - Running dagbag.sync_to_db with retries. Try 1 of 3
[2024-07-11T08:44:48.273+0000] {logging_mixin.py:188} INFO - [2024-07-11T08:44:48.272+0000] {dagbag.py:667} DEBUG - Calling the DAG.bulk_sync_to_db method
[2024-07-11T08:44:48.282+0000] {logging_mixin.py:188} INFO - [2024-07-11T08:44:48.282+0000] {serialized_dag.py:165} DEBUG - Checking if DAG (example_setup_teardown_taskflow) changed
[2024-07-11T08:44:48.289+0000] {logging_mixin.py:188} INFO - [2024-07-11T08:44:48.289+0000] {serialized_dag.py:176} DEBUG - Serialized DAG (example_setup_teardown_taskflow) is unchanged. Skipping writing to DB
[2024-07-11T08:44:48.289+0000] {logging_mixin.py:188} INFO - [2024-07-11T08:44:48.289+0000] {dag.py:3047} INFO - Sync 1 DAGs
[2024-07-11T08:44:48.306+0000] {logging_mixin.py:188} INFO - [2024-07-11T08:44:48.306+0000] {dag.py:3834} INFO - Setting next_dagrun for example_setup_teardown_taskflow to 2024-07-10 00:00:00+00:00, run_after=2024-07-11 00:00:00+00:00
[2024-07-11T08:44:48.319+0000] {processor.py:183} INFO - Processing /home/airflow/.local/lib/python3.10/site-packages/airflow/example_dags/example_setup_teardown_taskflow.py took 0.058 seconds
