[2024-07-11T08:36:58.838+0000] {logging_mixin.py:188} INFO - [2024-07-11T08:36:58.837+0000] {settings.py:249} DEBUG - Setting up DB connection pool (PID 56)
[2024-07-11T08:36:58.838+0000] {logging_mixin.py:188} INFO - [2024-07-11T08:36:58.838+0000] {settings.py:350} DEBUG - settings.prepare_engine_args(): Using pool settings. pool_size=5, max_overflow=10, pool_recycle=1800, pid=56
[2024-07-11T08:36:58.840+0000] {processor.py:161} INFO - Started process (PID=56) to work on /home/airflow/.local/lib/python3.10/site-packages/airflow/example_dags/example_bash_operator.py
[2024-07-11T08:36:58.841+0000] {processor.py:830} INFO - Processing file /home/airflow/.local/lib/python3.10/site-packages/airflow/example_dags/example_bash_operator.py for tasks to queue
[2024-07-11T08:36:58.841+0000] {logging_mixin.py:188} INFO - [2024-07-11T08:36:58.841+0000] {dagbag.py:540} INFO - Filling up the DagBag from /home/airflow/.local/lib/python3.10/site-packages/airflow/example_dags/example_bash_operator.py
[2024-07-11T08:36:58.842+0000] {logging_mixin.py:188} INFO - [2024-07-11T08:36:58.842+0000] {dagbag.py:332} DEBUG - Importing /home/airflow/.local/lib/python3.10/site-packages/airflow/example_dags/example_bash_operator.py
[2024-07-11T08:36:58.845+0000] {logging_mixin.py:188} INFO - [2024-07-11T08:36:58.845+0000] {GetText.py:65} DEBUG - /home/airflow/.local/lib/python3.10/site-packages/cron_descriptor/locale/en_US.mo Loaded
[2024-07-11T08:36:58.852+0000] {logging_mixin.py:188} INFO - [2024-07-11T08:36:58.851+0000] {dagbag.py:506} DEBUG - Loaded DAG <DAG: example_bash_operator>
[2024-07-11T08:36:58.853+0000] {logging_mixin.py:188} INFO - [2024-07-11T08:36:58.853+0000] {dagbag.py:506} DEBUG - Loaded DAG <DAG: example_bash_operator>
[2024-07-11T08:36:58.853+0000] {processor.py:840} INFO - DAG(s) 'example_bash_operator' retrieved from /home/airflow/.local/lib/python3.10/site-packages/airflow/example_dags/example_bash_operator.py
[2024-07-11T08:36:58.854+0000] {logging_mixin.py:188} INFO - [2024-07-11T08:36:58.854+0000] {dagbag.py:662} DEBUG - Running dagbag.sync_to_db with retries. Try 1 of 3
[2024-07-11T08:36:58.855+0000] {logging_mixin.py:188} INFO - [2024-07-11T08:36:58.854+0000] {dagbag.py:667} DEBUG - Calling the DAG.bulk_sync_to_db method
[2024-07-11T08:36:58.863+0000] {logging_mixin.py:188} INFO - [2024-07-11T08:36:58.863+0000] {dag.py:3047} INFO - Sync 1 DAGs
[2024-07-11T08:36:58.885+0000] {logging_mixin.py:188} INFO - [2024-07-11T08:36:58.884+0000] {dag.py:3834} INFO - Setting next_dagrun for example_bash_operator to 2024-07-10 00:00:00+00:00, run_after=2024-07-11 00:00:00+00:00
[2024-07-11T08:36:58.903+0000] {processor.py:183} INFO - Processing /home/airflow/.local/lib/python3.10/site-packages/airflow/example_dags/example_bash_operator.py took 0.066 seconds
[2024-07-11T08:37:29.359+0000] {logging_mixin.py:188} INFO - [2024-07-11T08:37:29.358+0000] {settings.py:249} DEBUG - Setting up DB connection pool (PID 112)
[2024-07-11T08:37:29.359+0000] {logging_mixin.py:188} INFO - [2024-07-11T08:37:29.359+0000] {settings.py:350} DEBUG - settings.prepare_engine_args(): Using pool settings. pool_size=5, max_overflow=10, pool_recycle=1800, pid=112
[2024-07-11T08:37:29.361+0000] {processor.py:161} INFO - Started process (PID=112) to work on /home/airflow/.local/lib/python3.10/site-packages/airflow/example_dags/example_bash_operator.py
[2024-07-11T08:37:29.362+0000] {processor.py:830} INFO - Processing file /home/airflow/.local/lib/python3.10/site-packages/airflow/example_dags/example_bash_operator.py for tasks to queue
[2024-07-11T08:37:29.362+0000] {logging_mixin.py:188} INFO - [2024-07-11T08:37:29.362+0000] {dagbag.py:540} INFO - Filling up the DagBag from /home/airflow/.local/lib/python3.10/site-packages/airflow/example_dags/example_bash_operator.py
[2024-07-11T08:37:29.363+0000] {logging_mixin.py:188} INFO - [2024-07-11T08:37:29.363+0000] {dagbag.py:332} DEBUG - Importing /home/airflow/.local/lib/python3.10/site-packages/airflow/example_dags/example_bash_operator.py
[2024-07-11T08:37:29.365+0000] {logging_mixin.py:188} INFO - [2024-07-11T08:37:29.365+0000] {GetText.py:65} DEBUG - /home/airflow/.local/lib/python3.10/site-packages/cron_descriptor/locale/en_US.mo Loaded
[2024-07-11T08:37:29.371+0000] {logging_mixin.py:188} INFO - [2024-07-11T08:37:29.371+0000] {dagbag.py:506} DEBUG - Loaded DAG <DAG: example_bash_operator>
[2024-07-11T08:37:29.372+0000] {logging_mixin.py:188} INFO - [2024-07-11T08:37:29.372+0000] {dagbag.py:506} DEBUG - Loaded DAG <DAG: example_bash_operator>
[2024-07-11T08:37:29.372+0000] {processor.py:840} INFO - DAG(s) 'example_bash_operator' retrieved from /home/airflow/.local/lib/python3.10/site-packages/airflow/example_dags/example_bash_operator.py
[2024-07-11T08:37:29.373+0000] {logging_mixin.py:188} INFO - [2024-07-11T08:37:29.373+0000] {dagbag.py:662} DEBUG - Running dagbag.sync_to_db with retries. Try 1 of 3
[2024-07-11T08:37:29.373+0000] {logging_mixin.py:188} INFO - [2024-07-11T08:37:29.373+0000] {dagbag.py:667} DEBUG - Calling the DAG.bulk_sync_to_db method
[2024-07-11T08:37:29.381+0000] {logging_mixin.py:188} INFO - [2024-07-11T08:37:29.381+0000] {serialized_dag.py:165} DEBUG - Checking if DAG (example_bash_operator) changed
[2024-07-11T08:37:29.383+0000] {logging_mixin.py:188} INFO - [2024-07-11T08:37:29.383+0000] {serialized_objects.py:529} DEBUG - Cast type <class 'airflow.models.param.ParamsDict'> to str in serialization.
[2024-07-11T08:37:29.385+0000] {logging_mixin.py:188} INFO - [2024-07-11T08:37:29.385+0000] {serialized_objects.py:529} DEBUG - Cast type <class 'airflow.models.param.ParamsDict'> to str in serialization.
[2024-07-11T08:37:29.386+0000] {logging_mixin.py:188} INFO - [2024-07-11T08:37:29.386+0000] {serialized_objects.py:529} DEBUG - Cast type <class 'airflow.models.param.ParamsDict'> to str in serialization.
[2024-07-11T08:37:29.388+0000] {logging_mixin.py:188} INFO - [2024-07-11T08:37:29.387+0000] {serialized_objects.py:529} DEBUG - Cast type <class 'airflow.models.param.ParamsDict'> to str in serialization.
[2024-07-11T08:37:29.389+0000] {logging_mixin.py:188} INFO - [2024-07-11T08:37:29.389+0000] {serialized_objects.py:529} DEBUG - Cast type <class 'airflow.models.param.ParamsDict'> to str in serialization.
[2024-07-11T08:37:29.390+0000] {logging_mixin.py:188} INFO - [2024-07-11T08:37:29.390+0000] {serialized_objects.py:529} DEBUG - Cast type <class 'airflow.models.param.ParamsDict'> to str in serialization.
[2024-07-11T08:37:29.391+0000] {logging_mixin.py:188} INFO - [2024-07-11T08:37:29.391+0000] {serialized_objects.py:529} DEBUG - Cast type <class 'airflow.models.param.ParamsDict'> to str in serialization.
[2024-07-11T08:37:29.395+0000] {logging_mixin.py:188} INFO - [2024-07-11T08:37:29.395+0000] {serialized_dag.py:179} DEBUG - Writing Serialized DAG: example_bash_operator to the DB
[2024-07-11T08:37:29.398+0000] {logging_mixin.py:188} INFO - [2024-07-11T08:37:29.398+0000] {serialized_dag.py:181} DEBUG - DAG: example_bash_operator written to the DB
[2024-07-11T08:37:29.399+0000] {logging_mixin.py:188} INFO - [2024-07-11T08:37:29.398+0000] {dagbag.py:696} DEBUG - Syncing DAG permissions: example_bash_operator to the DB
[2024-07-11T08:37:29.459+0000] {logging_mixin.py:188} INFO - [2024-07-11T08:37:29.459+0000] {override.py:1034} DEBUG - Not syncing DAG-level permissions for DAG 'DAG:example_bash_operator' as access control is unset.
[2024-07-11T08:37:29.459+0000] {logging_mixin.py:188} INFO - [2024-07-11T08:37:29.459+0000] {dag.py:3047} INFO - Sync 1 DAGs
[2024-07-11T08:37:29.474+0000] {logging_mixin.py:188} INFO - [2024-07-11T08:37:29.474+0000] {dag.py:3834} INFO - Setting next_dagrun for example_bash_operator to 2024-07-10 00:00:00+00:00, run_after=2024-07-11 00:00:00+00:00
[2024-07-11T08:37:29.489+0000] {processor.py:183} INFO - Processing /home/airflow/.local/lib/python3.10/site-packages/airflow/example_dags/example_bash_operator.py took 0.131 seconds
[2024-07-11T08:37:59.973+0000] {logging_mixin.py:188} INFO - [2024-07-11T08:37:59.972+0000] {settings.py:249} DEBUG - Setting up DB connection pool (PID 168)
[2024-07-11T08:37:59.973+0000] {logging_mixin.py:188} INFO - [2024-07-11T08:37:59.973+0000] {settings.py:350} DEBUG - settings.prepare_engine_args(): Using pool settings. pool_size=5, max_overflow=10, pool_recycle=1800, pid=168
[2024-07-11T08:37:59.975+0000] {processor.py:161} INFO - Started process (PID=168) to work on /home/airflow/.local/lib/python3.10/site-packages/airflow/example_dags/example_bash_operator.py
[2024-07-11T08:37:59.976+0000] {processor.py:830} INFO - Processing file /home/airflow/.local/lib/python3.10/site-packages/airflow/example_dags/example_bash_operator.py for tasks to queue
[2024-07-11T08:37:59.976+0000] {logging_mixin.py:188} INFO - [2024-07-11T08:37:59.976+0000] {dagbag.py:540} INFO - Filling up the DagBag from /home/airflow/.local/lib/python3.10/site-packages/airflow/example_dags/example_bash_operator.py
[2024-07-11T08:37:59.977+0000] {logging_mixin.py:188} INFO - [2024-07-11T08:37:59.977+0000] {dagbag.py:332} DEBUG - Importing /home/airflow/.local/lib/python3.10/site-packages/airflow/example_dags/example_bash_operator.py
[2024-07-11T08:37:59.979+0000] {logging_mixin.py:188} INFO - [2024-07-11T08:37:59.979+0000] {GetText.py:65} DEBUG - /home/airflow/.local/lib/python3.10/site-packages/cron_descriptor/locale/en_US.mo Loaded
[2024-07-11T08:37:59.985+0000] {logging_mixin.py:188} INFO - [2024-07-11T08:37:59.984+0000] {dagbag.py:506} DEBUG - Loaded DAG <DAG: example_bash_operator>
[2024-07-11T08:37:59.986+0000] {logging_mixin.py:188} INFO - [2024-07-11T08:37:59.986+0000] {dagbag.py:506} DEBUG - Loaded DAG <DAG: example_bash_operator>
[2024-07-11T08:37:59.986+0000] {processor.py:840} INFO - DAG(s) 'example_bash_operator' retrieved from /home/airflow/.local/lib/python3.10/site-packages/airflow/example_dags/example_bash_operator.py
[2024-07-11T08:37:59.987+0000] {logging_mixin.py:188} INFO - [2024-07-11T08:37:59.987+0000] {dagbag.py:662} DEBUG - Running dagbag.sync_to_db with retries. Try 1 of 3
[2024-07-11T08:37:59.987+0000] {logging_mixin.py:188} INFO - [2024-07-11T08:37:59.987+0000] {dagbag.py:667} DEBUG - Calling the DAG.bulk_sync_to_db method
[2024-07-11T08:37:59.995+0000] {logging_mixin.py:188} INFO - [2024-07-11T08:37:59.994+0000] {serialized_dag.py:165} DEBUG - Checking if DAG (example_bash_operator) changed
[2024-07-11T08:37:59.997+0000] {logging_mixin.py:188} INFO - [2024-07-11T08:37:59.997+0000] {serialized_objects.py:529} DEBUG - Cast type <class 'airflow.models.param.ParamsDict'> to str in serialization.
[2024-07-11T08:37:59.999+0000] {logging_mixin.py:188} INFO - [2024-07-11T08:37:59.999+0000] {serialized_objects.py:529} DEBUG - Cast type <class 'airflow.models.param.ParamsDict'> to str in serialization.
[2024-07-11T08:38:00.000+0000] {logging_mixin.py:188} INFO - [2024-07-11T08:38:00.000+0000] {serialized_objects.py:529} DEBUG - Cast type <class 'airflow.models.param.ParamsDict'> to str in serialization.
[2024-07-11T08:38:00.002+0000] {logging_mixin.py:188} INFO - [2024-07-11T08:38:00.002+0000] {serialized_objects.py:529} DEBUG - Cast type <class 'airflow.models.param.ParamsDict'> to str in serialization.
[2024-07-11T08:38:00.003+0000] {logging_mixin.py:188} INFO - [2024-07-11T08:38:00.003+0000] {serialized_objects.py:529} DEBUG - Cast type <class 'airflow.models.param.ParamsDict'> to str in serialization.
[2024-07-11T08:38:00.004+0000] {logging_mixin.py:188} INFO - [2024-07-11T08:38:00.004+0000] {serialized_objects.py:529} DEBUG - Cast type <class 'airflow.models.param.ParamsDict'> to str in serialization.
[2024-07-11T08:38:00.006+0000] {logging_mixin.py:188} INFO - [2024-07-11T08:38:00.005+0000] {serialized_objects.py:529} DEBUG - Cast type <class 'airflow.models.param.ParamsDict'> to str in serialization.
[2024-07-11T08:38:00.010+0000] {logging_mixin.py:188} INFO - [2024-07-11T08:38:00.010+0000] {serialized_dag.py:176} DEBUG - Serialized DAG (example_bash_operator) is unchanged. Skipping writing to DB
[2024-07-11T08:38:00.010+0000] {logging_mixin.py:188} INFO - [2024-07-11T08:38:00.010+0000] {dag.py:3047} INFO - Sync 1 DAGs
[2024-07-11T08:38:00.028+0000] {logging_mixin.py:188} INFO - [2024-07-11T08:38:00.027+0000] {dag.py:3834} INFO - Setting next_dagrun for example_bash_operator to 2024-07-10 00:00:00+00:00, run_after=2024-07-11 00:00:00+00:00
[2024-07-11T08:38:00.043+0000] {processor.py:183} INFO - Processing /home/airflow/.local/lib/python3.10/site-packages/airflow/example_dags/example_bash_operator.py took 0.071 seconds
[2024-07-11T08:38:30.191+0000] {logging_mixin.py:188} INFO - [2024-07-11T08:38:30.191+0000] {settings.py:249} DEBUG - Setting up DB connection pool (PID 224)
[2024-07-11T08:38:30.192+0000] {logging_mixin.py:188} INFO - [2024-07-11T08:38:30.192+0000] {settings.py:350} DEBUG - settings.prepare_engine_args(): Using pool settings. pool_size=5, max_overflow=10, pool_recycle=1800, pid=224
[2024-07-11T08:38:30.194+0000] {processor.py:161} INFO - Started process (PID=224) to work on /home/airflow/.local/lib/python3.10/site-packages/airflow/example_dags/example_bash_operator.py
[2024-07-11T08:38:30.195+0000] {processor.py:830} INFO - Processing file /home/airflow/.local/lib/python3.10/site-packages/airflow/example_dags/example_bash_operator.py for tasks to queue
[2024-07-11T08:38:30.195+0000] {logging_mixin.py:188} INFO - [2024-07-11T08:38:30.195+0000] {dagbag.py:540} INFO - Filling up the DagBag from /home/airflow/.local/lib/python3.10/site-packages/airflow/example_dags/example_bash_operator.py
[2024-07-11T08:38:30.196+0000] {logging_mixin.py:188} INFO - [2024-07-11T08:38:30.196+0000] {dagbag.py:332} DEBUG - Importing /home/airflow/.local/lib/python3.10/site-packages/airflow/example_dags/example_bash_operator.py
[2024-07-11T08:38:30.199+0000] {logging_mixin.py:188} INFO - [2024-07-11T08:38:30.199+0000] {GetText.py:65} DEBUG - /home/airflow/.local/lib/python3.10/site-packages/cron_descriptor/locale/en_US.mo Loaded
[2024-07-11T08:38:30.207+0000] {logging_mixin.py:188} INFO - [2024-07-11T08:38:30.206+0000] {dagbag.py:506} DEBUG - Loaded DAG <DAG: example_bash_operator>
[2024-07-11T08:38:30.208+0000] {logging_mixin.py:188} INFO - [2024-07-11T08:38:30.208+0000] {dagbag.py:506} DEBUG - Loaded DAG <DAG: example_bash_operator>
[2024-07-11T08:38:30.208+0000] {processor.py:840} INFO - DAG(s) 'example_bash_operator' retrieved from /home/airflow/.local/lib/python3.10/site-packages/airflow/example_dags/example_bash_operator.py
[2024-07-11T08:38:30.209+0000] {logging_mixin.py:188} INFO - [2024-07-11T08:38:30.209+0000] {dagbag.py:662} DEBUG - Running dagbag.sync_to_db with retries. Try 1 of 3
[2024-07-11T08:38:30.209+0000] {logging_mixin.py:188} INFO - [2024-07-11T08:38:30.209+0000] {dagbag.py:667} DEBUG - Calling the DAG.bulk_sync_to_db method
[2024-07-11T08:38:30.220+0000] {logging_mixin.py:188} INFO - [2024-07-11T08:38:30.220+0000] {serialized_dag.py:165} DEBUG - Checking if DAG (example_bash_operator) changed
[2024-07-11T08:38:30.224+0000] {logging_mixin.py:188} INFO - [2024-07-11T08:38:30.223+0000] {serialized_objects.py:529} DEBUG - Cast type <class 'airflow.models.param.ParamsDict'> to str in serialization.
[2024-07-11T08:38:30.226+0000] {logging_mixin.py:188} INFO - [2024-07-11T08:38:30.225+0000] {serialized_objects.py:529} DEBUG - Cast type <class 'airflow.models.param.ParamsDict'> to str in serialization.
[2024-07-11T08:38:30.227+0000] {logging_mixin.py:188} INFO - [2024-07-11T08:38:30.227+0000] {serialized_objects.py:529} DEBUG - Cast type <class 'airflow.models.param.ParamsDict'> to str in serialization.
[2024-07-11T08:38:30.228+0000] {logging_mixin.py:188} INFO - [2024-07-11T08:38:30.228+0000] {serialized_objects.py:529} DEBUG - Cast type <class 'airflow.models.param.ParamsDict'> to str in serialization.
[2024-07-11T08:38:30.230+0000] {logging_mixin.py:188} INFO - [2024-07-11T08:38:30.230+0000] {serialized_objects.py:529} DEBUG - Cast type <class 'airflow.models.param.ParamsDict'> to str in serialization.
[2024-07-11T08:38:30.231+0000] {logging_mixin.py:188} INFO - [2024-07-11T08:38:30.231+0000] {serialized_objects.py:529} DEBUG - Cast type <class 'airflow.models.param.ParamsDict'> to str in serialization.
[2024-07-11T08:38:30.233+0000] {logging_mixin.py:188} INFO - [2024-07-11T08:38:30.233+0000] {serialized_objects.py:529} DEBUG - Cast type <class 'airflow.models.param.ParamsDict'> to str in serialization.
[2024-07-11T08:38:30.237+0000] {logging_mixin.py:188} INFO - [2024-07-11T08:38:30.237+0000] {serialized_dag.py:176} DEBUG - Serialized DAG (example_bash_operator) is unchanged. Skipping writing to DB
[2024-07-11T08:38:30.238+0000] {logging_mixin.py:188} INFO - [2024-07-11T08:38:30.237+0000] {dag.py:3047} INFO - Sync 1 DAGs
[2024-07-11T08:38:30.256+0000] {logging_mixin.py:188} INFO - [2024-07-11T08:38:30.256+0000] {dag.py:3834} INFO - Setting next_dagrun for example_bash_operator to 2024-07-10 00:00:00+00:00, run_after=2024-07-11 00:00:00+00:00
[2024-07-11T08:38:30.270+0000] {processor.py:183} INFO - Processing /home/airflow/.local/lib/python3.10/site-packages/airflow/example_dags/example_bash_operator.py took 0.079 seconds
[2024-07-11T08:39:00.450+0000] {logging_mixin.py:188} INFO - [2024-07-11T08:39:00.450+0000] {settings.py:249} DEBUG - Setting up DB connection pool (PID 280)
[2024-07-11T08:39:00.451+0000] {logging_mixin.py:188} INFO - [2024-07-11T08:39:00.451+0000] {settings.py:350} DEBUG - settings.prepare_engine_args(): Using pool settings. pool_size=5, max_overflow=10, pool_recycle=1800, pid=280
[2024-07-11T08:39:00.453+0000] {processor.py:161} INFO - Started process (PID=280) to work on /home/airflow/.local/lib/python3.10/site-packages/airflow/example_dags/example_bash_operator.py
[2024-07-11T08:39:00.454+0000] {processor.py:830} INFO - Processing file /home/airflow/.local/lib/python3.10/site-packages/airflow/example_dags/example_bash_operator.py for tasks to queue
[2024-07-11T08:39:00.454+0000] {logging_mixin.py:188} INFO - [2024-07-11T08:39:00.454+0000] {dagbag.py:540} INFO - Filling up the DagBag from /home/airflow/.local/lib/python3.10/site-packages/airflow/example_dags/example_bash_operator.py
[2024-07-11T08:39:00.455+0000] {logging_mixin.py:188} INFO - [2024-07-11T08:39:00.455+0000] {dagbag.py:332} DEBUG - Importing /home/airflow/.local/lib/python3.10/site-packages/airflow/example_dags/example_bash_operator.py
[2024-07-11T08:39:00.457+0000] {logging_mixin.py:188} INFO - [2024-07-11T08:39:00.457+0000] {GetText.py:65} DEBUG - /home/airflow/.local/lib/python3.10/site-packages/cron_descriptor/locale/en_US.mo Loaded
[2024-07-11T08:39:00.465+0000] {logging_mixin.py:188} INFO - [2024-07-11T08:39:00.464+0000] {dagbag.py:506} DEBUG - Loaded DAG <DAG: example_bash_operator>
[2024-07-11T08:39:00.466+0000] {logging_mixin.py:188} INFO - [2024-07-11T08:39:00.466+0000] {dagbag.py:506} DEBUG - Loaded DAG <DAG: example_bash_operator>
[2024-07-11T08:39:00.466+0000] {processor.py:840} INFO - DAG(s) 'example_bash_operator' retrieved from /home/airflow/.local/lib/python3.10/site-packages/airflow/example_dags/example_bash_operator.py
[2024-07-11T08:39:00.467+0000] {logging_mixin.py:188} INFO - [2024-07-11T08:39:00.466+0000] {dagbag.py:662} DEBUG - Running dagbag.sync_to_db with retries. Try 1 of 3
[2024-07-11T08:39:00.467+0000] {logging_mixin.py:188} INFO - [2024-07-11T08:39:00.467+0000] {dagbag.py:667} DEBUG - Calling the DAG.bulk_sync_to_db method
[2024-07-11T08:39:00.475+0000] {logging_mixin.py:188} INFO - [2024-07-11T08:39:00.475+0000] {serialized_dag.py:165} DEBUG - Checking if DAG (example_bash_operator) changed
[2024-07-11T08:39:00.478+0000] {logging_mixin.py:188} INFO - [2024-07-11T08:39:00.478+0000] {serialized_objects.py:529} DEBUG - Cast type <class 'airflow.models.param.ParamsDict'> to str in serialization.
[2024-07-11T08:39:00.480+0000] {logging_mixin.py:188} INFO - [2024-07-11T08:39:00.480+0000] {serialized_objects.py:529} DEBUG - Cast type <class 'airflow.models.param.ParamsDict'> to str in serialization.
[2024-07-11T08:39:00.481+0000] {logging_mixin.py:188} INFO - [2024-07-11T08:39:00.481+0000] {serialized_objects.py:529} DEBUG - Cast type <class 'airflow.models.param.ParamsDict'> to str in serialization.
[2024-07-11T08:39:00.482+0000] {logging_mixin.py:188} INFO - [2024-07-11T08:39:00.482+0000] {serialized_objects.py:529} DEBUG - Cast type <class 'airflow.models.param.ParamsDict'> to str in serialization.
[2024-07-11T08:39:00.484+0000] {logging_mixin.py:188} INFO - [2024-07-11T08:39:00.484+0000] {serialized_objects.py:529} DEBUG - Cast type <class 'airflow.models.param.ParamsDict'> to str in serialization.
[2024-07-11T08:39:00.485+0000] {logging_mixin.py:188} INFO - [2024-07-11T08:39:00.485+0000] {serialized_objects.py:529} DEBUG - Cast type <class 'airflow.models.param.ParamsDict'> to str in serialization.
[2024-07-11T08:39:00.487+0000] {logging_mixin.py:188} INFO - [2024-07-11T08:39:00.487+0000] {serialized_objects.py:529} DEBUG - Cast type <class 'airflow.models.param.ParamsDict'> to str in serialization.
[2024-07-11T08:39:00.493+0000] {logging_mixin.py:188} INFO - [2024-07-11T08:39:00.493+0000] {serialized_dag.py:176} DEBUG - Serialized DAG (example_bash_operator) is unchanged. Skipping writing to DB
[2024-07-11T08:39:00.494+0000] {logging_mixin.py:188} INFO - [2024-07-11T08:39:00.493+0000] {dag.py:3047} INFO - Sync 1 DAGs
[2024-07-11T08:39:00.514+0000] {logging_mixin.py:188} INFO - [2024-07-11T08:39:00.514+0000] {dag.py:3834} INFO - Setting next_dagrun for example_bash_operator to 2024-07-10 00:00:00+00:00, run_after=2024-07-11 00:00:00+00:00
[2024-07-11T08:39:00.529+0000] {processor.py:183} INFO - Processing /home/airflow/.local/lib/python3.10/site-packages/airflow/example_dags/example_bash_operator.py took 0.079 seconds
[2024-07-11T08:39:30.770+0000] {logging_mixin.py:188} INFO - [2024-07-11T08:39:30.770+0000] {settings.py:249} DEBUG - Setting up DB connection pool (PID 336)
[2024-07-11T08:39:30.771+0000] {logging_mixin.py:188} INFO - [2024-07-11T08:39:30.771+0000] {settings.py:350} DEBUG - settings.prepare_engine_args(): Using pool settings. pool_size=5, max_overflow=10, pool_recycle=1800, pid=336
[2024-07-11T08:39:30.773+0000] {processor.py:161} INFO - Started process (PID=336) to work on /home/airflow/.local/lib/python3.10/site-packages/airflow/example_dags/example_bash_operator.py
[2024-07-11T08:39:30.773+0000] {processor.py:830} INFO - Processing file /home/airflow/.local/lib/python3.10/site-packages/airflow/example_dags/example_bash_operator.py for tasks to queue
[2024-07-11T08:39:30.773+0000] {logging_mixin.py:188} INFO - [2024-07-11T08:39:30.773+0000] {dagbag.py:540} INFO - Filling up the DagBag from /home/airflow/.local/lib/python3.10/site-packages/airflow/example_dags/example_bash_operator.py
[2024-07-11T08:39:30.774+0000] {logging_mixin.py:188} INFO - [2024-07-11T08:39:30.774+0000] {dagbag.py:332} DEBUG - Importing /home/airflow/.local/lib/python3.10/site-packages/airflow/example_dags/example_bash_operator.py
[2024-07-11T08:39:30.779+0000] {logging_mixin.py:188} INFO - [2024-07-11T08:39:30.779+0000] {GetText.py:65} DEBUG - /home/airflow/.local/lib/python3.10/site-packages/cron_descriptor/locale/en_US.mo Loaded
[2024-07-11T08:39:30.785+0000] {logging_mixin.py:188} INFO - [2024-07-11T08:39:30.784+0000] {dagbag.py:506} DEBUG - Loaded DAG <DAG: example_bash_operator>
[2024-07-11T08:39:30.786+0000] {logging_mixin.py:188} INFO - [2024-07-11T08:39:30.786+0000] {dagbag.py:506} DEBUG - Loaded DAG <DAG: example_bash_operator>
[2024-07-11T08:39:30.786+0000] {processor.py:840} INFO - DAG(s) 'example_bash_operator' retrieved from /home/airflow/.local/lib/python3.10/site-packages/airflow/example_dags/example_bash_operator.py
[2024-07-11T08:39:30.787+0000] {logging_mixin.py:188} INFO - [2024-07-11T08:39:30.787+0000] {dagbag.py:662} DEBUG - Running dagbag.sync_to_db with retries. Try 1 of 3
[2024-07-11T08:39:30.787+0000] {logging_mixin.py:188} INFO - [2024-07-11T08:39:30.787+0000] {dagbag.py:667} DEBUG - Calling the DAG.bulk_sync_to_db method
[2024-07-11T08:39:30.796+0000] {logging_mixin.py:188} INFO - [2024-07-11T08:39:30.795+0000] {serialized_dag.py:165} DEBUG - Checking if DAG (example_bash_operator) changed
[2024-07-11T08:39:30.798+0000] {logging_mixin.py:188} INFO - [2024-07-11T08:39:30.798+0000] {serialized_objects.py:529} DEBUG - Cast type <class 'airflow.models.param.ParamsDict'> to str in serialization.
[2024-07-11T08:39:30.800+0000] {logging_mixin.py:188} INFO - [2024-07-11T08:39:30.799+0000] {serialized_objects.py:529} DEBUG - Cast type <class 'airflow.models.param.ParamsDict'> to str in serialization.
[2024-07-11T08:39:30.801+0000] {logging_mixin.py:188} INFO - [2024-07-11T08:39:30.801+0000] {serialized_objects.py:529} DEBUG - Cast type <class 'airflow.models.param.ParamsDict'> to str in serialization.
[2024-07-11T08:39:30.802+0000] {logging_mixin.py:188} INFO - [2024-07-11T08:39:30.802+0000] {serialized_objects.py:529} DEBUG - Cast type <class 'airflow.models.param.ParamsDict'> to str in serialization.
[2024-07-11T08:39:30.803+0000] {logging_mixin.py:188} INFO - [2024-07-11T08:39:30.803+0000] {serialized_objects.py:529} DEBUG - Cast type <class 'airflow.models.param.ParamsDict'> to str in serialization.
[2024-07-11T08:39:30.805+0000] {logging_mixin.py:188} INFO - [2024-07-11T08:39:30.805+0000] {serialized_objects.py:529} DEBUG - Cast type <class 'airflow.models.param.ParamsDict'> to str in serialization.
[2024-07-11T08:39:30.806+0000] {logging_mixin.py:188} INFO - [2024-07-11T08:39:30.806+0000] {serialized_objects.py:529} DEBUG - Cast type <class 'airflow.models.param.ParamsDict'> to str in serialization.
[2024-07-11T08:39:30.810+0000] {logging_mixin.py:188} INFO - [2024-07-11T08:39:30.810+0000] {serialized_dag.py:176} DEBUG - Serialized DAG (example_bash_operator) is unchanged. Skipping writing to DB
[2024-07-11T08:39:30.810+0000] {logging_mixin.py:188} INFO - [2024-07-11T08:39:30.810+0000] {dag.py:3047} INFO - Sync 1 DAGs
[2024-07-11T08:39:30.828+0000] {logging_mixin.py:188} INFO - [2024-07-11T08:39:30.828+0000] {dag.py:3834} INFO - Setting next_dagrun for example_bash_operator to 2024-07-10 00:00:00+00:00, run_after=2024-07-11 00:00:00+00:00
[2024-07-11T08:39:30.841+0000] {processor.py:183} INFO - Processing /home/airflow/.local/lib/python3.10/site-packages/airflow/example_dags/example_bash_operator.py took 0.071 seconds
[2024-07-11T08:40:00.959+0000] {logging_mixin.py:188} INFO - [2024-07-11T08:40:00.958+0000] {settings.py:249} DEBUG - Setting up DB connection pool (PID 392)
[2024-07-11T08:40:00.960+0000] {logging_mixin.py:188} INFO - [2024-07-11T08:40:00.959+0000] {settings.py:350} DEBUG - settings.prepare_engine_args(): Using pool settings. pool_size=5, max_overflow=10, pool_recycle=1800, pid=392
[2024-07-11T08:40:00.962+0000] {processor.py:161} INFO - Started process (PID=392) to work on /home/airflow/.local/lib/python3.10/site-packages/airflow/example_dags/example_bash_operator.py
[2024-07-11T08:40:00.963+0000] {processor.py:830} INFO - Processing file /home/airflow/.local/lib/python3.10/site-packages/airflow/example_dags/example_bash_operator.py for tasks to queue
[2024-07-11T08:40:00.963+0000] {logging_mixin.py:188} INFO - [2024-07-11T08:40:00.963+0000] {dagbag.py:540} INFO - Filling up the DagBag from /home/airflow/.local/lib/python3.10/site-packages/airflow/example_dags/example_bash_operator.py
[2024-07-11T08:40:00.965+0000] {logging_mixin.py:188} INFO - [2024-07-11T08:40:00.964+0000] {dagbag.py:332} DEBUG - Importing /home/airflow/.local/lib/python3.10/site-packages/airflow/example_dags/example_bash_operator.py
[2024-07-11T08:40:00.967+0000] {logging_mixin.py:188} INFO - [2024-07-11T08:40:00.967+0000] {GetText.py:65} DEBUG - /home/airflow/.local/lib/python3.10/site-packages/cron_descriptor/locale/en_US.mo Loaded
[2024-07-11T08:40:00.976+0000] {logging_mixin.py:188} INFO - [2024-07-11T08:40:00.975+0000] {dagbag.py:506} DEBUG - Loaded DAG <DAG: example_bash_operator>
[2024-07-11T08:40:00.977+0000] {logging_mixin.py:188} INFO - [2024-07-11T08:40:00.977+0000] {dagbag.py:506} DEBUG - Loaded DAG <DAG: example_bash_operator>
[2024-07-11T08:40:00.977+0000] {processor.py:840} INFO - DAG(s) 'example_bash_operator' retrieved from /home/airflow/.local/lib/python3.10/site-packages/airflow/example_dags/example_bash_operator.py
[2024-07-11T08:40:00.978+0000] {logging_mixin.py:188} INFO - [2024-07-11T08:40:00.978+0000] {dagbag.py:662} DEBUG - Running dagbag.sync_to_db with retries. Try 1 of 3
[2024-07-11T08:40:00.978+0000] {logging_mixin.py:188} INFO - [2024-07-11T08:40:00.978+0000] {dagbag.py:667} DEBUG - Calling the DAG.bulk_sync_to_db method
[2024-07-11T08:40:00.986+0000] {logging_mixin.py:188} INFO - [2024-07-11T08:40:00.986+0000] {serialized_dag.py:165} DEBUG - Checking if DAG (example_bash_operator) changed
[2024-07-11T08:40:00.988+0000] {logging_mixin.py:188} INFO - [2024-07-11T08:40:00.988+0000] {serialized_objects.py:529} DEBUG - Cast type <class 'airflow.models.param.ParamsDict'> to str in serialization.
[2024-07-11T08:40:00.990+0000] {logging_mixin.py:188} INFO - [2024-07-11T08:40:00.990+0000] {serialized_objects.py:529} DEBUG - Cast type <class 'airflow.models.param.ParamsDict'> to str in serialization.
[2024-07-11T08:40:00.992+0000] {logging_mixin.py:188} INFO - [2024-07-11T08:40:00.991+0000] {serialized_objects.py:529} DEBUG - Cast type <class 'airflow.models.param.ParamsDict'> to str in serialization.
[2024-07-11T08:40:00.993+0000] {logging_mixin.py:188} INFO - [2024-07-11T08:40:00.993+0000] {serialized_objects.py:529} DEBUG - Cast type <class 'airflow.models.param.ParamsDict'> to str in serialization.
[2024-07-11T08:40:00.994+0000] {logging_mixin.py:188} INFO - [2024-07-11T08:40:00.994+0000] {serialized_objects.py:529} DEBUG - Cast type <class 'airflow.models.param.ParamsDict'> to str in serialization.
[2024-07-11T08:40:00.996+0000] {logging_mixin.py:188} INFO - [2024-07-11T08:40:00.995+0000] {serialized_objects.py:529} DEBUG - Cast type <class 'airflow.models.param.ParamsDict'> to str in serialization.
[2024-07-11T08:40:00.997+0000] {logging_mixin.py:188} INFO - [2024-07-11T08:40:00.997+0000] {serialized_objects.py:529} DEBUG - Cast type <class 'airflow.models.param.ParamsDict'> to str in serialization.
[2024-07-11T08:40:01.002+0000] {logging_mixin.py:188} INFO - [2024-07-11T08:40:01.002+0000] {serialized_dag.py:176} DEBUG - Serialized DAG (example_bash_operator) is unchanged. Skipping writing to DB
[2024-07-11T08:40:01.002+0000] {logging_mixin.py:188} INFO - [2024-07-11T08:40:01.002+0000] {dag.py:3047} INFO - Sync 1 DAGs
[2024-07-11T08:40:01.020+0000] {logging_mixin.py:188} INFO - [2024-07-11T08:40:01.020+0000] {dag.py:3834} INFO - Setting next_dagrun for example_bash_operator to 2024-07-10 00:00:00+00:00, run_after=2024-07-11 00:00:00+00:00
[2024-07-11T08:40:01.033+0000] {processor.py:183} INFO - Processing /home/airflow/.local/lib/python3.10/site-packages/airflow/example_dags/example_bash_operator.py took 0.074 seconds
[2024-07-11T08:41:12.881+0000] {logging_mixin.py:188} INFO - [2024-07-11T08:41:12.881+0000] {settings.py:249} DEBUG - Setting up DB connection pool (PID 56)
[2024-07-11T08:41:12.882+0000] {logging_mixin.py:188} INFO - [2024-07-11T08:41:12.882+0000] {settings.py:350} DEBUG - settings.prepare_engine_args(): Using pool settings. pool_size=5, max_overflow=10, pool_recycle=1800, pid=56
[2024-07-11T08:41:12.884+0000] {processor.py:161} INFO - Started process (PID=56) to work on /home/airflow/.local/lib/python3.10/site-packages/airflow/example_dags/example_bash_operator.py
[2024-07-11T08:41:12.884+0000] {processor.py:830} INFO - Processing file /home/airflow/.local/lib/python3.10/site-packages/airflow/example_dags/example_bash_operator.py for tasks to queue
[2024-07-11T08:41:12.885+0000] {logging_mixin.py:188} INFO - [2024-07-11T08:41:12.885+0000] {dagbag.py:540} INFO - Filling up the DagBag from /home/airflow/.local/lib/python3.10/site-packages/airflow/example_dags/example_bash_operator.py
[2024-07-11T08:41:12.886+0000] {logging_mixin.py:188} INFO - [2024-07-11T08:41:12.886+0000] {dagbag.py:332} DEBUG - Importing /home/airflow/.local/lib/python3.10/site-packages/airflow/example_dags/example_bash_operator.py
[2024-07-11T08:41:12.889+0000] {logging_mixin.py:188} INFO - [2024-07-11T08:41:12.888+0000] {GetText.py:65} DEBUG - /home/airflow/.local/lib/python3.10/site-packages/cron_descriptor/locale/en_US.mo Loaded
[2024-07-11T08:41:12.896+0000] {logging_mixin.py:188} INFO - [2024-07-11T08:41:12.895+0000] {dagbag.py:506} DEBUG - Loaded DAG <DAG: example_bash_operator>
[2024-07-11T08:41:12.898+0000] {logging_mixin.py:188} INFO - [2024-07-11T08:41:12.897+0000] {dagbag.py:506} DEBUG - Loaded DAG <DAG: example_bash_operator>
[2024-07-11T08:41:12.898+0000] {processor.py:840} INFO - DAG(s) 'example_bash_operator' retrieved from /home/airflow/.local/lib/python3.10/site-packages/airflow/example_dags/example_bash_operator.py
[2024-07-11T08:41:12.899+0000] {logging_mixin.py:188} INFO - [2024-07-11T08:41:12.899+0000] {dagbag.py:662} DEBUG - Running dagbag.sync_to_db with retries. Try 1 of 3
[2024-07-11T08:41:12.899+0000] {logging_mixin.py:188} INFO - [2024-07-11T08:41:12.899+0000] {dagbag.py:667} DEBUG - Calling the DAG.bulk_sync_to_db method
[2024-07-11T08:41:12.908+0000] {logging_mixin.py:188} INFO - [2024-07-11T08:41:12.908+0000] {dag.py:3047} INFO - Sync 1 DAGs
[2024-07-11T08:41:12.929+0000] {logging_mixin.py:188} INFO - [2024-07-11T08:41:12.929+0000] {dag.py:3834} INFO - Setting next_dagrun for example_bash_operator to 2024-07-10 00:00:00+00:00, run_after=2024-07-11 00:00:00+00:00
[2024-07-11T08:41:12.946+0000] {processor.py:183} INFO - Processing /home/airflow/.local/lib/python3.10/site-packages/airflow/example_dags/example_bash_operator.py took 0.065 seconds
[2024-07-11T08:41:44.019+0000] {logging_mixin.py:188} INFO - [2024-07-11T08:41:44.018+0000] {settings.py:249} DEBUG - Setting up DB connection pool (PID 112)
[2024-07-11T08:41:44.019+0000] {logging_mixin.py:188} INFO - [2024-07-11T08:41:44.019+0000] {settings.py:350} DEBUG - settings.prepare_engine_args(): Using pool settings. pool_size=5, max_overflow=10, pool_recycle=1800, pid=112
[2024-07-11T08:41:44.021+0000] {processor.py:161} INFO - Started process (PID=112) to work on /home/airflow/.local/lib/python3.10/site-packages/airflow/example_dags/example_bash_operator.py
[2024-07-11T08:41:44.021+0000] {processor.py:830} INFO - Processing file /home/airflow/.local/lib/python3.10/site-packages/airflow/example_dags/example_bash_operator.py for tasks to queue
[2024-07-11T08:41:44.022+0000] {logging_mixin.py:188} INFO - [2024-07-11T08:41:44.022+0000] {dagbag.py:540} INFO - Filling up the DagBag from /home/airflow/.local/lib/python3.10/site-packages/airflow/example_dags/example_bash_operator.py
[2024-07-11T08:41:44.022+0000] {logging_mixin.py:188} INFO - [2024-07-11T08:41:44.022+0000] {dagbag.py:332} DEBUG - Importing /home/airflow/.local/lib/python3.10/site-packages/airflow/example_dags/example_bash_operator.py
[2024-07-11T08:41:44.024+0000] {logging_mixin.py:188} INFO - [2024-07-11T08:41:44.024+0000] {GetText.py:65} DEBUG - /home/airflow/.local/lib/python3.10/site-packages/cron_descriptor/locale/en_US.mo Loaded
[2024-07-11T08:41:44.030+0000] {logging_mixin.py:188} INFO - [2024-07-11T08:41:44.030+0000] {dagbag.py:506} DEBUG - Loaded DAG <DAG: example_bash_operator>
[2024-07-11T08:41:44.031+0000] {logging_mixin.py:188} INFO - [2024-07-11T08:41:44.031+0000] {dagbag.py:506} DEBUG - Loaded DAG <DAG: example_bash_operator>
[2024-07-11T08:41:44.031+0000] {processor.py:840} INFO - DAG(s) 'example_bash_operator' retrieved from /home/airflow/.local/lib/python3.10/site-packages/airflow/example_dags/example_bash_operator.py
[2024-07-11T08:41:44.032+0000] {logging_mixin.py:188} INFO - [2024-07-11T08:41:44.032+0000] {dagbag.py:662} DEBUG - Running dagbag.sync_to_db with retries. Try 1 of 3
[2024-07-11T08:41:44.032+0000] {logging_mixin.py:188} INFO - [2024-07-11T08:41:44.032+0000] {dagbag.py:667} DEBUG - Calling the DAG.bulk_sync_to_db method
[2024-07-11T08:41:44.040+0000] {logging_mixin.py:188} INFO - [2024-07-11T08:41:44.040+0000] {serialized_dag.py:165} DEBUG - Checking if DAG (example_bash_operator) changed
[2024-07-11T08:41:44.043+0000] {logging_mixin.py:188} INFO - [2024-07-11T08:41:44.042+0000] {serialized_objects.py:529} DEBUG - Cast type <class 'airflow.models.param.ParamsDict'> to str in serialization.
[2024-07-11T08:41:44.044+0000] {logging_mixin.py:188} INFO - [2024-07-11T08:41:44.044+0000] {serialized_objects.py:529} DEBUG - Cast type <class 'airflow.models.param.ParamsDict'> to str in serialization.
[2024-07-11T08:41:44.046+0000] {logging_mixin.py:188} INFO - [2024-07-11T08:41:44.046+0000] {serialized_objects.py:529} DEBUG - Cast type <class 'airflow.models.param.ParamsDict'> to str in serialization.
[2024-07-11T08:41:44.047+0000] {logging_mixin.py:188} INFO - [2024-07-11T08:41:44.047+0000] {serialized_objects.py:529} DEBUG - Cast type <class 'airflow.models.param.ParamsDict'> to str in serialization.
[2024-07-11T08:41:44.048+0000] {logging_mixin.py:188} INFO - [2024-07-11T08:41:44.048+0000] {serialized_objects.py:529} DEBUG - Cast type <class 'airflow.models.param.ParamsDict'> to str in serialization.
[2024-07-11T08:41:44.050+0000] {logging_mixin.py:188} INFO - [2024-07-11T08:41:44.049+0000] {serialized_objects.py:529} DEBUG - Cast type <class 'airflow.models.param.ParamsDict'> to str in serialization.
[2024-07-11T08:41:44.051+0000] {logging_mixin.py:188} INFO - [2024-07-11T08:41:44.051+0000] {serialized_objects.py:529} DEBUG - Cast type <class 'airflow.models.param.ParamsDict'> to str in serialization.
[2024-07-11T08:41:44.055+0000] {logging_mixin.py:188} INFO - [2024-07-11T08:41:44.055+0000] {serialized_dag.py:179} DEBUG - Writing Serialized DAG: example_bash_operator to the DB
[2024-07-11T08:41:44.058+0000] {logging_mixin.py:188} INFO - [2024-07-11T08:41:44.058+0000] {serialized_dag.py:181} DEBUG - DAG: example_bash_operator written to the DB
[2024-07-11T08:41:44.058+0000] {logging_mixin.py:188} INFO - [2024-07-11T08:41:44.058+0000] {dagbag.py:696} DEBUG - Syncing DAG permissions: example_bash_operator to the DB
[2024-07-11T08:41:44.121+0000] {logging_mixin.py:188} INFO - [2024-07-11T08:41:44.121+0000] {override.py:1034} DEBUG - Not syncing DAG-level permissions for DAG 'DAG:example_bash_operator' as access control is unset.
[2024-07-11T08:41:44.121+0000] {logging_mixin.py:188} INFO - [2024-07-11T08:41:44.121+0000] {dag.py:3047} INFO - Sync 1 DAGs
[2024-07-11T08:41:44.139+0000] {logging_mixin.py:188} INFO - [2024-07-11T08:41:44.139+0000] {dag.py:3834} INFO - Setting next_dagrun for example_bash_operator to 2024-07-10 00:00:00+00:00, run_after=2024-07-11 00:00:00+00:00
[2024-07-11T08:41:44.154+0000] {processor.py:183} INFO - Processing /home/airflow/.local/lib/python3.10/site-packages/airflow/example_dags/example_bash_operator.py took 0.136 seconds
[2024-07-11T08:42:14.821+0000] {logging_mixin.py:188} INFO - [2024-07-11T08:42:14.821+0000] {settings.py:249} DEBUG - Setting up DB connection pool (PID 168)
[2024-07-11T08:42:14.822+0000] {logging_mixin.py:188} INFO - [2024-07-11T08:42:14.822+0000] {settings.py:350} DEBUG - settings.prepare_engine_args(): Using pool settings. pool_size=5, max_overflow=10, pool_recycle=1800, pid=168
[2024-07-11T08:42:14.824+0000] {processor.py:161} INFO - Started process (PID=168) to work on /home/airflow/.local/lib/python3.10/site-packages/airflow/example_dags/example_bash_operator.py
[2024-07-11T08:42:14.824+0000] {processor.py:830} INFO - Processing file /home/airflow/.local/lib/python3.10/site-packages/airflow/example_dags/example_bash_operator.py for tasks to queue
[2024-07-11T08:42:14.824+0000] {logging_mixin.py:188} INFO - [2024-07-11T08:42:14.824+0000] {dagbag.py:540} INFO - Filling up the DagBag from /home/airflow/.local/lib/python3.10/site-packages/airflow/example_dags/example_bash_operator.py
[2024-07-11T08:42:14.825+0000] {logging_mixin.py:188} INFO - [2024-07-11T08:42:14.825+0000] {dagbag.py:332} DEBUG - Importing /home/airflow/.local/lib/python3.10/site-packages/airflow/example_dags/example_bash_operator.py
[2024-07-11T08:42:14.827+0000] {logging_mixin.py:188} INFO - [2024-07-11T08:42:14.827+0000] {GetText.py:65} DEBUG - /home/airflow/.local/lib/python3.10/site-packages/cron_descriptor/locale/en_US.mo Loaded
[2024-07-11T08:42:14.833+0000] {logging_mixin.py:188} INFO - [2024-07-11T08:42:14.832+0000] {dagbag.py:506} DEBUG - Loaded DAG <DAG: example_bash_operator>
[2024-07-11T08:42:14.833+0000] {logging_mixin.py:188} INFO - [2024-07-11T08:42:14.833+0000] {dagbag.py:506} DEBUG - Loaded DAG <DAG: example_bash_operator>
[2024-07-11T08:42:14.834+0000] {processor.py:840} INFO - DAG(s) 'example_bash_operator' retrieved from /home/airflow/.local/lib/python3.10/site-packages/airflow/example_dags/example_bash_operator.py
[2024-07-11T08:42:14.834+0000] {logging_mixin.py:188} INFO - [2024-07-11T08:42:14.834+0000] {dagbag.py:662} DEBUG - Running dagbag.sync_to_db with retries. Try 1 of 3
[2024-07-11T08:42:14.834+0000] {logging_mixin.py:188} INFO - [2024-07-11T08:42:14.834+0000] {dagbag.py:667} DEBUG - Calling the DAG.bulk_sync_to_db method
[2024-07-11T08:42:14.842+0000] {logging_mixin.py:188} INFO - [2024-07-11T08:42:14.842+0000] {serialized_dag.py:165} DEBUG - Checking if DAG (example_bash_operator) changed
[2024-07-11T08:42:14.844+0000] {logging_mixin.py:188} INFO - [2024-07-11T08:42:14.844+0000] {serialized_objects.py:529} DEBUG - Cast type <class 'airflow.models.param.ParamsDict'> to str in serialization.
[2024-07-11T08:42:14.846+0000] {logging_mixin.py:188} INFO - [2024-07-11T08:42:14.846+0000] {serialized_objects.py:529} DEBUG - Cast type <class 'airflow.models.param.ParamsDict'> to str in serialization.
[2024-07-11T08:42:14.847+0000] {logging_mixin.py:188} INFO - [2024-07-11T08:42:14.847+0000] {serialized_objects.py:529} DEBUG - Cast type <class 'airflow.models.param.ParamsDict'> to str in serialization.
[2024-07-11T08:42:14.848+0000] {logging_mixin.py:188} INFO - [2024-07-11T08:42:14.848+0000] {serialized_objects.py:529} DEBUG - Cast type <class 'airflow.models.param.ParamsDict'> to str in serialization.
[2024-07-11T08:42:14.849+0000] {logging_mixin.py:188} INFO - [2024-07-11T08:42:14.849+0000] {serialized_objects.py:529} DEBUG - Cast type <class 'airflow.models.param.ParamsDict'> to str in serialization.
[2024-07-11T08:42:14.850+0000] {logging_mixin.py:188} INFO - [2024-07-11T08:42:14.850+0000] {serialized_objects.py:529} DEBUG - Cast type <class 'airflow.models.param.ParamsDict'> to str in serialization.
[2024-07-11T08:42:14.851+0000] {logging_mixin.py:188} INFO - [2024-07-11T08:42:14.851+0000] {serialized_objects.py:529} DEBUG - Cast type <class 'airflow.models.param.ParamsDict'> to str in serialization.
[2024-07-11T08:42:14.856+0000] {logging_mixin.py:188} INFO - [2024-07-11T08:42:14.855+0000] {serialized_dag.py:176} DEBUG - Serialized DAG (example_bash_operator) is unchanged. Skipping writing to DB
[2024-07-11T08:42:14.856+0000] {logging_mixin.py:188} INFO - [2024-07-11T08:42:14.856+0000] {dag.py:3047} INFO - Sync 1 DAGs
[2024-07-11T08:42:14.872+0000] {logging_mixin.py:188} INFO - [2024-07-11T08:42:14.872+0000] {dag.py:3834} INFO - Setting next_dagrun for example_bash_operator to 2024-07-10 00:00:00+00:00, run_after=2024-07-11 00:00:00+00:00
[2024-07-11T08:42:14.885+0000] {processor.py:183} INFO - Processing /home/airflow/.local/lib/python3.10/site-packages/airflow/example_dags/example_bash_operator.py took 0.064 seconds
[2024-07-11T08:42:44.988+0000] {logging_mixin.py:188} INFO - [2024-07-11T08:42:44.988+0000] {settings.py:249} DEBUG - Setting up DB connection pool (PID 224)
[2024-07-11T08:42:44.989+0000] {logging_mixin.py:188} INFO - [2024-07-11T08:42:44.989+0000] {settings.py:350} DEBUG - settings.prepare_engine_args(): Using pool settings. pool_size=5, max_overflow=10, pool_recycle=1800, pid=224
[2024-07-11T08:42:44.990+0000] {processor.py:161} INFO - Started process (PID=224) to work on /home/airflow/.local/lib/python3.10/site-packages/airflow/example_dags/example_bash_operator.py
[2024-07-11T08:42:44.991+0000] {processor.py:830} INFO - Processing file /home/airflow/.local/lib/python3.10/site-packages/airflow/example_dags/example_bash_operator.py for tasks to queue
[2024-07-11T08:42:44.991+0000] {logging_mixin.py:188} INFO - [2024-07-11T08:42:44.991+0000] {dagbag.py:540} INFO - Filling up the DagBag from /home/airflow/.local/lib/python3.10/site-packages/airflow/example_dags/example_bash_operator.py
[2024-07-11T08:42:44.992+0000] {logging_mixin.py:188} INFO - [2024-07-11T08:42:44.992+0000] {dagbag.py:332} DEBUG - Importing /home/airflow/.local/lib/python3.10/site-packages/airflow/example_dags/example_bash_operator.py
[2024-07-11T08:42:44.994+0000] {logging_mixin.py:188} INFO - [2024-07-11T08:42:44.994+0000] {GetText.py:65} DEBUG - /home/airflow/.local/lib/python3.10/site-packages/cron_descriptor/locale/en_US.mo Loaded
[2024-07-11T08:42:45.000+0000] {logging_mixin.py:188} INFO - [2024-07-11T08:42:44.999+0000] {dagbag.py:506} DEBUG - Loaded DAG <DAG: example_bash_operator>
[2024-07-11T08:42:45.001+0000] {logging_mixin.py:188} INFO - [2024-07-11T08:42:45.000+0000] {dagbag.py:506} DEBUG - Loaded DAG <DAG: example_bash_operator>
[2024-07-11T08:42:45.001+0000] {processor.py:840} INFO - DAG(s) 'example_bash_operator' retrieved from /home/airflow/.local/lib/python3.10/site-packages/airflow/example_dags/example_bash_operator.py
[2024-07-11T08:42:45.001+0000] {logging_mixin.py:188} INFO - [2024-07-11T08:42:45.001+0000] {dagbag.py:662} DEBUG - Running dagbag.sync_to_db with retries. Try 1 of 3
[2024-07-11T08:42:45.002+0000] {logging_mixin.py:188} INFO - [2024-07-11T08:42:45.001+0000] {dagbag.py:667} DEBUG - Calling the DAG.bulk_sync_to_db method
[2024-07-11T08:42:45.009+0000] {logging_mixin.py:188} INFO - [2024-07-11T08:42:45.008+0000] {serialized_dag.py:165} DEBUG - Checking if DAG (example_bash_operator) changed
[2024-07-11T08:42:45.011+0000] {logging_mixin.py:188} INFO - [2024-07-11T08:42:45.010+0000] {serialized_objects.py:529} DEBUG - Cast type <class 'airflow.models.param.ParamsDict'> to str in serialization.
[2024-07-11T08:42:45.012+0000] {logging_mixin.py:188} INFO - [2024-07-11T08:42:45.012+0000] {serialized_objects.py:529} DEBUG - Cast type <class 'airflow.models.param.ParamsDict'> to str in serialization.
[2024-07-11T08:42:45.013+0000] {logging_mixin.py:188} INFO - [2024-07-11T08:42:45.013+0000] {serialized_objects.py:529} DEBUG - Cast type <class 'airflow.models.param.ParamsDict'> to str in serialization.
[2024-07-11T08:42:45.014+0000] {logging_mixin.py:188} INFO - [2024-07-11T08:42:45.014+0000] {serialized_objects.py:529} DEBUG - Cast type <class 'airflow.models.param.ParamsDict'> to str in serialization.
[2024-07-11T08:42:45.016+0000] {logging_mixin.py:188} INFO - [2024-07-11T08:42:45.015+0000] {serialized_objects.py:529} DEBUG - Cast type <class 'airflow.models.param.ParamsDict'> to str in serialization.
[2024-07-11T08:42:45.017+0000] {logging_mixin.py:188} INFO - [2024-07-11T08:42:45.017+0000] {serialized_objects.py:529} DEBUG - Cast type <class 'airflow.models.param.ParamsDict'> to str in serialization.
[2024-07-11T08:42:45.018+0000] {logging_mixin.py:188} INFO - [2024-07-11T08:42:45.018+0000] {serialized_objects.py:529} DEBUG - Cast type <class 'airflow.models.param.ParamsDict'> to str in serialization.
[2024-07-11T08:42:45.022+0000] {logging_mixin.py:188} INFO - [2024-07-11T08:42:45.021+0000] {serialized_dag.py:176} DEBUG - Serialized DAG (example_bash_operator) is unchanged. Skipping writing to DB
[2024-07-11T08:42:45.022+0000] {logging_mixin.py:188} INFO - [2024-07-11T08:42:45.022+0000] {dag.py:3047} INFO - Sync 1 DAGs
[2024-07-11T08:42:45.038+0000] {logging_mixin.py:188} INFO - [2024-07-11T08:42:45.038+0000] {dag.py:3834} INFO - Setting next_dagrun for example_bash_operator to 2024-07-10 00:00:00+00:00, run_after=2024-07-11 00:00:00+00:00
[2024-07-11T08:42:45.050+0000] {processor.py:183} INFO - Processing /home/airflow/.local/lib/python3.10/site-packages/airflow/example_dags/example_bash_operator.py took 0.062 seconds
[2024-07-11T08:43:15.271+0000] {logging_mixin.py:188} INFO - [2024-07-11T08:43:15.271+0000] {settings.py:249} DEBUG - Setting up DB connection pool (PID 280)
[2024-07-11T08:43:15.272+0000] {logging_mixin.py:188} INFO - [2024-07-11T08:43:15.272+0000] {settings.py:350} DEBUG - settings.prepare_engine_args(): Using pool settings. pool_size=5, max_overflow=10, pool_recycle=1800, pid=280
[2024-07-11T08:43:15.273+0000] {processor.py:161} INFO - Started process (PID=280) to work on /home/airflow/.local/lib/python3.10/site-packages/airflow/example_dags/example_bash_operator.py
[2024-07-11T08:43:15.274+0000] {processor.py:830} INFO - Processing file /home/airflow/.local/lib/python3.10/site-packages/airflow/example_dags/example_bash_operator.py for tasks to queue
[2024-07-11T08:43:15.274+0000] {logging_mixin.py:188} INFO - [2024-07-11T08:43:15.274+0000] {dagbag.py:540} INFO - Filling up the DagBag from /home/airflow/.local/lib/python3.10/site-packages/airflow/example_dags/example_bash_operator.py
[2024-07-11T08:43:15.275+0000] {logging_mixin.py:188} INFO - [2024-07-11T08:43:15.275+0000] {dagbag.py:332} DEBUG - Importing /home/airflow/.local/lib/python3.10/site-packages/airflow/example_dags/example_bash_operator.py
[2024-07-11T08:43:15.276+0000] {logging_mixin.py:188} INFO - [2024-07-11T08:43:15.276+0000] {GetText.py:65} DEBUG - /home/airflow/.local/lib/python3.10/site-packages/cron_descriptor/locale/en_US.mo Loaded
[2024-07-11T08:43:15.283+0000] {logging_mixin.py:188} INFO - [2024-07-11T08:43:15.282+0000] {dagbag.py:506} DEBUG - Loaded DAG <DAG: example_bash_operator>
[2024-07-11T08:43:15.284+0000] {logging_mixin.py:188} INFO - [2024-07-11T08:43:15.284+0000] {dagbag.py:506} DEBUG - Loaded DAG <DAG: example_bash_operator>
[2024-07-11T08:43:15.285+0000] {processor.py:840} INFO - DAG(s) 'example_bash_operator' retrieved from /home/airflow/.local/lib/python3.10/site-packages/airflow/example_dags/example_bash_operator.py
[2024-07-11T08:43:15.285+0000] {logging_mixin.py:188} INFO - [2024-07-11T08:43:15.285+0000] {dagbag.py:662} DEBUG - Running dagbag.sync_to_db with retries. Try 1 of 3
[2024-07-11T08:43:15.286+0000] {logging_mixin.py:188} INFO - [2024-07-11T08:43:15.285+0000] {dagbag.py:667} DEBUG - Calling the DAG.bulk_sync_to_db method
[2024-07-11T08:43:15.293+0000] {logging_mixin.py:188} INFO - [2024-07-11T08:43:15.293+0000] {serialized_dag.py:165} DEBUG - Checking if DAG (example_bash_operator) changed
[2024-07-11T08:43:15.296+0000] {logging_mixin.py:188} INFO - [2024-07-11T08:43:15.295+0000] {serialized_objects.py:529} DEBUG - Cast type <class 'airflow.models.param.ParamsDict'> to str in serialization.
[2024-07-11T08:43:15.297+0000] {logging_mixin.py:188} INFO - [2024-07-11T08:43:15.297+0000] {serialized_objects.py:529} DEBUG - Cast type <class 'airflow.models.param.ParamsDict'> to str in serialization.
[2024-07-11T08:43:15.298+0000] {logging_mixin.py:188} INFO - [2024-07-11T08:43:15.298+0000] {serialized_objects.py:529} DEBUG - Cast type <class 'airflow.models.param.ParamsDict'> to str in serialization.
[2024-07-11T08:43:15.300+0000] {logging_mixin.py:188} INFO - [2024-07-11T08:43:15.299+0000] {serialized_objects.py:529} DEBUG - Cast type <class 'airflow.models.param.ParamsDict'> to str in serialization.
[2024-07-11T08:43:15.301+0000] {logging_mixin.py:188} INFO - [2024-07-11T08:43:15.301+0000] {serialized_objects.py:529} DEBUG - Cast type <class 'airflow.models.param.ParamsDict'> to str in serialization.
[2024-07-11T08:43:15.302+0000] {logging_mixin.py:188} INFO - [2024-07-11T08:43:15.302+0000] {serialized_objects.py:529} DEBUG - Cast type <class 'airflow.models.param.ParamsDict'> to str in serialization.
[2024-07-11T08:43:15.304+0000] {logging_mixin.py:188} INFO - [2024-07-11T08:43:15.303+0000] {serialized_objects.py:529} DEBUG - Cast type <class 'airflow.models.param.ParamsDict'> to str in serialization.
[2024-07-11T08:43:15.308+0000] {logging_mixin.py:188} INFO - [2024-07-11T08:43:15.307+0000] {serialized_dag.py:176} DEBUG - Serialized DAG (example_bash_operator) is unchanged. Skipping writing to DB
[2024-07-11T08:43:15.308+0000] {logging_mixin.py:188} INFO - [2024-07-11T08:43:15.308+0000] {dag.py:3047} INFO - Sync 1 DAGs
[2024-07-11T08:43:15.326+0000] {logging_mixin.py:188} INFO - [2024-07-11T08:43:15.326+0000] {dag.py:3834} INFO - Setting next_dagrun for example_bash_operator to 2024-07-10 00:00:00+00:00, run_after=2024-07-11 00:00:00+00:00
[2024-07-11T08:43:15.342+0000] {processor.py:183} INFO - Processing /home/airflow/.local/lib/python3.10/site-packages/airflow/example_dags/example_bash_operator.py took 0.071 seconds
[2024-07-11T08:43:45.465+0000] {logging_mixin.py:188} INFO - [2024-07-11T08:43:45.464+0000] {settings.py:249} DEBUG - Setting up DB connection pool (PID 336)
[2024-07-11T08:43:45.465+0000] {logging_mixin.py:188} INFO - [2024-07-11T08:43:45.465+0000] {settings.py:350} DEBUG - settings.prepare_engine_args(): Using pool settings. pool_size=5, max_overflow=10, pool_recycle=1800, pid=336
[2024-07-11T08:43:45.467+0000] {processor.py:161} INFO - Started process (PID=336) to work on /home/airflow/.local/lib/python3.10/site-packages/airflow/example_dags/example_bash_operator.py
[2024-07-11T08:43:45.467+0000] {processor.py:830} INFO - Processing file /home/airflow/.local/lib/python3.10/site-packages/airflow/example_dags/example_bash_operator.py for tasks to queue
[2024-07-11T08:43:45.468+0000] {logging_mixin.py:188} INFO - [2024-07-11T08:43:45.468+0000] {dagbag.py:540} INFO - Filling up the DagBag from /home/airflow/.local/lib/python3.10/site-packages/airflow/example_dags/example_bash_operator.py
[2024-07-11T08:43:45.469+0000] {logging_mixin.py:188} INFO - [2024-07-11T08:43:45.468+0000] {dagbag.py:332} DEBUG - Importing /home/airflow/.local/lib/python3.10/site-packages/airflow/example_dags/example_bash_operator.py
[2024-07-11T08:43:45.473+0000] {logging_mixin.py:188} INFO - [2024-07-11T08:43:45.473+0000] {GetText.py:65} DEBUG - /home/airflow/.local/lib/python3.10/site-packages/cron_descriptor/locale/en_US.mo Loaded
[2024-07-11T08:43:45.479+0000] {logging_mixin.py:188} INFO - [2024-07-11T08:43:45.478+0000] {dagbag.py:506} DEBUG - Loaded DAG <DAG: example_bash_operator>
[2024-07-11T08:43:45.480+0000] {logging_mixin.py:188} INFO - [2024-07-11T08:43:45.480+0000] {dagbag.py:506} DEBUG - Loaded DAG <DAG: example_bash_operator>
[2024-07-11T08:43:45.480+0000] {processor.py:840} INFO - DAG(s) 'example_bash_operator' retrieved from /home/airflow/.local/lib/python3.10/site-packages/airflow/example_dags/example_bash_operator.py
[2024-07-11T08:43:45.480+0000] {logging_mixin.py:188} INFO - [2024-07-11T08:43:45.480+0000] {dagbag.py:662} DEBUG - Running dagbag.sync_to_db with retries. Try 1 of 3
[2024-07-11T08:43:45.481+0000] {logging_mixin.py:188} INFO - [2024-07-11T08:43:45.481+0000] {dagbag.py:667} DEBUG - Calling the DAG.bulk_sync_to_db method
[2024-07-11T08:43:45.489+0000] {logging_mixin.py:188} INFO - [2024-07-11T08:43:45.488+0000] {serialized_dag.py:165} DEBUG - Checking if DAG (example_bash_operator) changed
[2024-07-11T08:43:45.491+0000] {logging_mixin.py:188} INFO - [2024-07-11T08:43:45.491+0000] {serialized_objects.py:529} DEBUG - Cast type <class 'airflow.models.param.ParamsDict'> to str in serialization.
[2024-07-11T08:43:45.493+0000] {logging_mixin.py:188} INFO - [2024-07-11T08:43:45.492+0000] {serialized_objects.py:529} DEBUG - Cast type <class 'airflow.models.param.ParamsDict'> to str in serialization.
[2024-07-11T08:43:45.494+0000] {logging_mixin.py:188} INFO - [2024-07-11T08:43:45.494+0000] {serialized_objects.py:529} DEBUG - Cast type <class 'airflow.models.param.ParamsDict'> to str in serialization.
[2024-07-11T08:43:45.495+0000] {logging_mixin.py:188} INFO - [2024-07-11T08:43:45.495+0000] {serialized_objects.py:529} DEBUG - Cast type <class 'airflow.models.param.ParamsDict'> to str in serialization.
[2024-07-11T08:43:45.496+0000] {logging_mixin.py:188} INFO - [2024-07-11T08:43:45.496+0000] {serialized_objects.py:529} DEBUG - Cast type <class 'airflow.models.param.ParamsDict'> to str in serialization.
[2024-07-11T08:43:45.497+0000] {logging_mixin.py:188} INFO - [2024-07-11T08:43:45.497+0000] {serialized_objects.py:529} DEBUG - Cast type <class 'airflow.models.param.ParamsDict'> to str in serialization.
[2024-07-11T08:43:45.498+0000] {logging_mixin.py:188} INFO - [2024-07-11T08:43:45.498+0000] {serialized_objects.py:529} DEBUG - Cast type <class 'airflow.models.param.ParamsDict'> to str in serialization.
[2024-07-11T08:43:45.502+0000] {logging_mixin.py:188} INFO - [2024-07-11T08:43:45.502+0000] {serialized_dag.py:176} DEBUG - Serialized DAG (example_bash_operator) is unchanged. Skipping writing to DB
[2024-07-11T08:43:45.502+0000] {logging_mixin.py:188} INFO - [2024-07-11T08:43:45.502+0000] {dag.py:3047} INFO - Sync 1 DAGs
[2024-07-11T08:43:45.518+0000] {logging_mixin.py:188} INFO - [2024-07-11T08:43:45.517+0000] {dag.py:3834} INFO - Setting next_dagrun for example_bash_operator to 2024-07-10 00:00:00+00:00, run_after=2024-07-11 00:00:00+00:00
[2024-07-11T08:43:45.530+0000] {processor.py:183} INFO - Processing /home/airflow/.local/lib/python3.10/site-packages/airflow/example_dags/example_bash_operator.py took 0.066 seconds
[2024-07-11T08:44:15.861+0000] {logging_mixin.py:188} INFO - [2024-07-11T08:44:15.860+0000] {settings.py:249} DEBUG - Setting up DB connection pool (PID 392)
[2024-07-11T08:44:15.862+0000] {logging_mixin.py:188} INFO - [2024-07-11T08:44:15.861+0000] {settings.py:350} DEBUG - settings.prepare_engine_args(): Using pool settings. pool_size=5, max_overflow=10, pool_recycle=1800, pid=392
[2024-07-11T08:44:15.864+0000] {processor.py:161} INFO - Started process (PID=392) to work on /home/airflow/.local/lib/python3.10/site-packages/airflow/example_dags/example_bash_operator.py
[2024-07-11T08:44:15.865+0000] {processor.py:830} INFO - Processing file /home/airflow/.local/lib/python3.10/site-packages/airflow/example_dags/example_bash_operator.py for tasks to queue
[2024-07-11T08:44:15.865+0000] {logging_mixin.py:188} INFO - [2024-07-11T08:44:15.865+0000] {dagbag.py:540} INFO - Filling up the DagBag from /home/airflow/.local/lib/python3.10/site-packages/airflow/example_dags/example_bash_operator.py
[2024-07-11T08:44:15.866+0000] {logging_mixin.py:188} INFO - [2024-07-11T08:44:15.866+0000] {dagbag.py:332} DEBUG - Importing /home/airflow/.local/lib/python3.10/site-packages/airflow/example_dags/example_bash_operator.py
[2024-07-11T08:44:15.868+0000] {logging_mixin.py:188} INFO - [2024-07-11T08:44:15.868+0000] {GetText.py:65} DEBUG - /home/airflow/.local/lib/python3.10/site-packages/cron_descriptor/locale/en_US.mo Loaded
[2024-07-11T08:44:15.875+0000] {logging_mixin.py:188} INFO - [2024-07-11T08:44:15.875+0000] {dagbag.py:506} DEBUG - Loaded DAG <DAG: example_bash_operator>
[2024-07-11T08:44:15.876+0000] {logging_mixin.py:188} INFO - [2024-07-11T08:44:15.876+0000] {dagbag.py:506} DEBUG - Loaded DAG <DAG: example_bash_operator>
[2024-07-11T08:44:15.876+0000] {processor.py:840} INFO - DAG(s) 'example_bash_operator' retrieved from /home/airflow/.local/lib/python3.10/site-packages/airflow/example_dags/example_bash_operator.py
[2024-07-11T08:44:15.877+0000] {logging_mixin.py:188} INFO - [2024-07-11T08:44:15.877+0000] {dagbag.py:662} DEBUG - Running dagbag.sync_to_db with retries. Try 1 of 3
[2024-07-11T08:44:15.877+0000] {logging_mixin.py:188} INFO - [2024-07-11T08:44:15.877+0000] {dagbag.py:667} DEBUG - Calling the DAG.bulk_sync_to_db method
[2024-07-11T08:44:15.887+0000] {logging_mixin.py:188} INFO - [2024-07-11T08:44:15.886+0000] {serialized_dag.py:165} DEBUG - Checking if DAG (example_bash_operator) changed
[2024-07-11T08:44:15.889+0000] {logging_mixin.py:188} INFO - [2024-07-11T08:44:15.889+0000] {serialized_objects.py:529} DEBUG - Cast type <class 'airflow.models.param.ParamsDict'> to str in serialization.
[2024-07-11T08:44:15.890+0000] {logging_mixin.py:188} INFO - [2024-07-11T08:44:15.890+0000] {serialized_objects.py:529} DEBUG - Cast type <class 'airflow.models.param.ParamsDict'> to str in serialization.
[2024-07-11T08:44:15.892+0000] {logging_mixin.py:188} INFO - [2024-07-11T08:44:15.892+0000] {serialized_objects.py:529} DEBUG - Cast type <class 'airflow.models.param.ParamsDict'> to str in serialization.
[2024-07-11T08:44:15.893+0000] {logging_mixin.py:188} INFO - [2024-07-11T08:44:15.893+0000] {serialized_objects.py:529} DEBUG - Cast type <class 'airflow.models.param.ParamsDict'> to str in serialization.
[2024-07-11T08:44:15.894+0000] {logging_mixin.py:188} INFO - [2024-07-11T08:44:15.894+0000] {serialized_objects.py:529} DEBUG - Cast type <class 'airflow.models.param.ParamsDict'> to str in serialization.
[2024-07-11T08:44:15.896+0000] {logging_mixin.py:188} INFO - [2024-07-11T08:44:15.896+0000] {serialized_objects.py:529} DEBUG - Cast type <class 'airflow.models.param.ParamsDict'> to str in serialization.
[2024-07-11T08:44:15.897+0000] {logging_mixin.py:188} INFO - [2024-07-11T08:44:15.897+0000] {serialized_objects.py:529} DEBUG - Cast type <class 'airflow.models.param.ParamsDict'> to str in serialization.
[2024-07-11T08:44:15.901+0000] {logging_mixin.py:188} INFO - [2024-07-11T08:44:15.901+0000] {serialized_dag.py:176} DEBUG - Serialized DAG (example_bash_operator) is unchanged. Skipping writing to DB
[2024-07-11T08:44:15.901+0000] {logging_mixin.py:188} INFO - [2024-07-11T08:44:15.901+0000] {dag.py:3047} INFO - Sync 1 DAGs
[2024-07-11T08:44:15.918+0000] {logging_mixin.py:188} INFO - [2024-07-11T08:44:15.918+0000] {dag.py:3834} INFO - Setting next_dagrun for example_bash_operator to 2024-07-10 00:00:00+00:00, run_after=2024-07-11 00:00:00+00:00
[2024-07-11T08:44:15.931+0000] {processor.py:183} INFO - Processing /home/airflow/.local/lib/python3.10/site-packages/airflow/example_dags/example_bash_operator.py took 0.071 seconds
[2024-07-11T08:44:46.253+0000] {logging_mixin.py:188} INFO - [2024-07-11T08:44:46.252+0000] {settings.py:249} DEBUG - Setting up DB connection pool (PID 448)
[2024-07-11T08:44:46.254+0000] {logging_mixin.py:188} INFO - [2024-07-11T08:44:46.253+0000] {settings.py:350} DEBUG - settings.prepare_engine_args(): Using pool settings. pool_size=5, max_overflow=10, pool_recycle=1800, pid=448
[2024-07-11T08:44:46.255+0000] {processor.py:161} INFO - Started process (PID=448) to work on /home/airflow/.local/lib/python3.10/site-packages/airflow/example_dags/example_bash_operator.py
[2024-07-11T08:44:46.255+0000] {processor.py:830} INFO - Processing file /home/airflow/.local/lib/python3.10/site-packages/airflow/example_dags/example_bash_operator.py for tasks to queue
[2024-07-11T08:44:46.256+0000] {logging_mixin.py:188} INFO - [2024-07-11T08:44:46.256+0000] {dagbag.py:540} INFO - Filling up the DagBag from /home/airflow/.local/lib/python3.10/site-packages/airflow/example_dags/example_bash_operator.py
[2024-07-11T08:44:46.257+0000] {logging_mixin.py:188} INFO - [2024-07-11T08:44:46.257+0000] {dagbag.py:332} DEBUG - Importing /home/airflow/.local/lib/python3.10/site-packages/airflow/example_dags/example_bash_operator.py
[2024-07-11T08:44:46.259+0000] {logging_mixin.py:188} INFO - [2024-07-11T08:44:46.259+0000] {GetText.py:65} DEBUG - /home/airflow/.local/lib/python3.10/site-packages/cron_descriptor/locale/en_US.mo Loaded
[2024-07-11T08:44:46.265+0000] {logging_mixin.py:188} INFO - [2024-07-11T08:44:46.264+0000] {dagbag.py:506} DEBUG - Loaded DAG <DAG: example_bash_operator>
[2024-07-11T08:44:46.266+0000] {logging_mixin.py:188} INFO - [2024-07-11T08:44:46.266+0000] {dagbag.py:506} DEBUG - Loaded DAG <DAG: example_bash_operator>
[2024-07-11T08:44:46.267+0000] {processor.py:840} INFO - DAG(s) 'example_bash_operator' retrieved from /home/airflow/.local/lib/python3.10/site-packages/airflow/example_dags/example_bash_operator.py
[2024-07-11T08:44:46.267+0000] {logging_mixin.py:188} INFO - [2024-07-11T08:44:46.267+0000] {dagbag.py:662} DEBUG - Running dagbag.sync_to_db with retries. Try 1 of 3
[2024-07-11T08:44:46.268+0000] {logging_mixin.py:188} INFO - [2024-07-11T08:44:46.268+0000] {dagbag.py:667} DEBUG - Calling the DAG.bulk_sync_to_db method
[2024-07-11T08:44:46.276+0000] {logging_mixin.py:188} INFO - [2024-07-11T08:44:46.276+0000] {serialized_dag.py:165} DEBUG - Checking if DAG (example_bash_operator) changed
[2024-07-11T08:44:46.280+0000] {logging_mixin.py:188} INFO - [2024-07-11T08:44:46.279+0000] {serialized_objects.py:529} DEBUG - Cast type <class 'airflow.models.param.ParamsDict'> to str in serialization.
[2024-07-11T08:44:46.282+0000] {logging_mixin.py:188} INFO - [2024-07-11T08:44:46.281+0000] {serialized_objects.py:529} DEBUG - Cast type <class 'airflow.models.param.ParamsDict'> to str in serialization.
[2024-07-11T08:44:46.283+0000] {logging_mixin.py:188} INFO - [2024-07-11T08:44:46.283+0000] {serialized_objects.py:529} DEBUG - Cast type <class 'airflow.models.param.ParamsDict'> to str in serialization.
[2024-07-11T08:44:46.284+0000] {logging_mixin.py:188} INFO - [2024-07-11T08:44:46.284+0000] {serialized_objects.py:529} DEBUG - Cast type <class 'airflow.models.param.ParamsDict'> to str in serialization.
[2024-07-11T08:44:46.286+0000] {logging_mixin.py:188} INFO - [2024-07-11T08:44:46.285+0000] {serialized_objects.py:529} DEBUG - Cast type <class 'airflow.models.param.ParamsDict'> to str in serialization.
[2024-07-11T08:44:46.287+0000] {logging_mixin.py:188} INFO - [2024-07-11T08:44:46.287+0000] {serialized_objects.py:529} DEBUG - Cast type <class 'airflow.models.param.ParamsDict'> to str in serialization.
[2024-07-11T08:44:46.288+0000] {logging_mixin.py:188} INFO - [2024-07-11T08:44:46.288+0000] {serialized_objects.py:529} DEBUG - Cast type <class 'airflow.models.param.ParamsDict'> to str in serialization.
[2024-07-11T08:44:46.293+0000] {logging_mixin.py:188} INFO - [2024-07-11T08:44:46.293+0000] {serialized_dag.py:176} DEBUG - Serialized DAG (example_bash_operator) is unchanged. Skipping writing to DB
[2024-07-11T08:44:46.293+0000] {logging_mixin.py:188} INFO - [2024-07-11T08:44:46.293+0000] {dag.py:3047} INFO - Sync 1 DAGs
[2024-07-11T08:44:46.309+0000] {logging_mixin.py:188} INFO - [2024-07-11T08:44:46.309+0000] {dag.py:3834} INFO - Setting next_dagrun for example_bash_operator to 2024-07-10 00:00:00+00:00, run_after=2024-07-11 00:00:00+00:00
[2024-07-11T08:44:46.322+0000] {processor.py:183} INFO - Processing /home/airflow/.local/lib/python3.10/site-packages/airflow/example_dags/example_bash_operator.py took 0.070 seconds
