[2024-07-11T08:36:59.843+0000] {logging_mixin.py:188} INFO - [2024-07-11T08:36:59.842+0000] {settings.py:249} DEBUG - Setting up DB connection pool (PID 73)
[2024-07-11T08:36:59.844+0000] {logging_mixin.py:188} INFO - [2024-07-11T08:36:59.843+0000] {settings.py:350} DEBUG - settings.prepare_engine_args(): Using pool settings. pool_size=5, max_overflow=10, pool_recycle=1800, pid=73
[2024-07-11T08:36:59.846+0000] {processor.py:161} INFO - Started process (PID=73) to work on /home/airflow/.local/lib/python3.10/site-packages/airflow/example_dags/example_task_group_decorator.py
[2024-07-11T08:36:59.846+0000] {processor.py:830} INFO - Processing file /home/airflow/.local/lib/python3.10/site-packages/airflow/example_dags/example_task_group_decorator.py for tasks to queue
[2024-07-11T08:36:59.846+0000] {logging_mixin.py:188} INFO - [2024-07-11T08:36:59.846+0000] {dagbag.py:540} INFO - Filling up the DagBag from /home/airflow/.local/lib/python3.10/site-packages/airflow/example_dags/example_task_group_decorator.py
[2024-07-11T08:36:59.847+0000] {logging_mixin.py:188} INFO - [2024-07-11T08:36:59.847+0000] {dagbag.py:332} DEBUG - Importing /home/airflow/.local/lib/python3.10/site-packages/airflow/example_dags/example_task_group_decorator.py
[2024-07-11T08:36:59.860+0000] {logging_mixin.py:188} INFO - [2024-07-11T08:36:59.860+0000] {dagbag.py:506} DEBUG - Loaded DAG <DAG: example_task_group_decorator>
[2024-07-11T08:36:59.861+0000] {processor.py:840} INFO - DAG(s) 'example_task_group_decorator' retrieved from /home/airflow/.local/lib/python3.10/site-packages/airflow/example_dags/example_task_group_decorator.py
[2024-07-11T08:36:59.862+0000] {logging_mixin.py:188} INFO - [2024-07-11T08:36:59.861+0000] {dagbag.py:662} DEBUG - Running dagbag.sync_to_db with retries. Try 1 of 3
[2024-07-11T08:36:59.862+0000] {logging_mixin.py:188} INFO - [2024-07-11T08:36:59.862+0000] {dagbag.py:667} DEBUG - Calling the DAG.bulk_sync_to_db method
[2024-07-11T08:36:59.872+0000] {logging_mixin.py:188} INFO - [2024-07-11T08:36:59.871+0000] {dag.py:3047} INFO - Sync 1 DAGs
[2024-07-11T08:36:59.896+0000] {logging_mixin.py:188} INFO - [2024-07-11T08:36:59.896+0000] {dag.py:3834} INFO - Setting next_dagrun for example_task_group_decorator to 2024-07-10 00:00:00+00:00, run_after=2024-07-11 00:00:00+00:00
[2024-07-11T08:36:59.919+0000] {processor.py:183} INFO - Processing /home/airflow/.local/lib/python3.10/site-packages/airflow/example_dags/example_task_group_decorator.py took 0.077 seconds
[2024-07-11T08:37:30.807+0000] {logging_mixin.py:188} INFO - [2024-07-11T08:37:30.806+0000] {settings.py:249} DEBUG - Setting up DB connection pool (PID 129)
[2024-07-11T08:37:30.807+0000] {logging_mixin.py:188} INFO - [2024-07-11T08:37:30.807+0000] {settings.py:350} DEBUG - settings.prepare_engine_args(): Using pool settings. pool_size=5, max_overflow=10, pool_recycle=1800, pid=129
[2024-07-11T08:37:30.809+0000] {processor.py:161} INFO - Started process (PID=129) to work on /home/airflow/.local/lib/python3.10/site-packages/airflow/example_dags/example_task_group_decorator.py
[2024-07-11T08:37:30.809+0000] {processor.py:830} INFO - Processing file /home/airflow/.local/lib/python3.10/site-packages/airflow/example_dags/example_task_group_decorator.py for tasks to queue
[2024-07-11T08:37:30.810+0000] {logging_mixin.py:188} INFO - [2024-07-11T08:37:30.809+0000] {dagbag.py:540} INFO - Filling up the DagBag from /home/airflow/.local/lib/python3.10/site-packages/airflow/example_dags/example_task_group_decorator.py
[2024-07-11T08:37:30.810+0000] {logging_mixin.py:188} INFO - [2024-07-11T08:37:30.810+0000] {dagbag.py:332} DEBUG - Importing /home/airflow/.local/lib/python3.10/site-packages/airflow/example_dags/example_task_group_decorator.py
[2024-07-11T08:37:30.820+0000] {logging_mixin.py:188} INFO - [2024-07-11T08:37:30.820+0000] {dagbag.py:506} DEBUG - Loaded DAG <DAG: example_task_group_decorator>
[2024-07-11T08:37:30.820+0000] {processor.py:840} INFO - DAG(s) 'example_task_group_decorator' retrieved from /home/airflow/.local/lib/python3.10/site-packages/airflow/example_dags/example_task_group_decorator.py
[2024-07-11T08:37:30.821+0000] {logging_mixin.py:188} INFO - [2024-07-11T08:37:30.821+0000] {dagbag.py:662} DEBUG - Running dagbag.sync_to_db with retries. Try 1 of 3
[2024-07-11T08:37:30.821+0000] {logging_mixin.py:188} INFO - [2024-07-11T08:37:30.821+0000] {dagbag.py:667} DEBUG - Calling the DAG.bulk_sync_to_db method
[2024-07-11T08:37:30.828+0000] {logging_mixin.py:188} INFO - [2024-07-11T08:37:30.828+0000] {serialized_dag.py:165} DEBUG - Checking if DAG (example_task_group_decorator) changed
[2024-07-11T08:37:30.837+0000] {logging_mixin.py:188} INFO - [2024-07-11T08:37:30.837+0000] {serialized_dag.py:179} DEBUG - Writing Serialized DAG: example_task_group_decorator to the DB
[2024-07-11T08:37:30.839+0000] {logging_mixin.py:188} INFO - [2024-07-11T08:37:30.839+0000] {serialized_dag.py:181} DEBUG - DAG: example_task_group_decorator written to the DB
[2024-07-11T08:37:30.840+0000] {logging_mixin.py:188} INFO - [2024-07-11T08:37:30.839+0000] {dagbag.py:696} DEBUG - Syncing DAG permissions: example_task_group_decorator to the DB
[2024-07-11T08:37:30.896+0000] {logging_mixin.py:188} INFO - [2024-07-11T08:37:30.896+0000] {override.py:1034} DEBUG - Not syncing DAG-level permissions for DAG 'DAG:example_task_group_decorator' as access control is unset.
[2024-07-11T08:37:30.896+0000] {logging_mixin.py:188} INFO - [2024-07-11T08:37:30.896+0000] {dag.py:3047} INFO - Sync 1 DAGs
[2024-07-11T08:37:30.911+0000] {logging_mixin.py:188} INFO - [2024-07-11T08:37:30.911+0000] {dag.py:3834} INFO - Setting next_dagrun for example_task_group_decorator to 2024-07-10 00:00:00+00:00, run_after=2024-07-11 00:00:00+00:00
[2024-07-11T08:37:30.924+0000] {processor.py:183} INFO - Processing /home/airflow/.local/lib/python3.10/site-packages/airflow/example_dags/example_task_group_decorator.py took 0.118 seconds
[2024-07-11T08:38:01.764+0000] {logging_mixin.py:188} INFO - [2024-07-11T08:38:01.764+0000] {settings.py:249} DEBUG - Setting up DB connection pool (PID 191)
[2024-07-11T08:38:01.765+0000] {logging_mixin.py:188} INFO - [2024-07-11T08:38:01.765+0000] {settings.py:350} DEBUG - settings.prepare_engine_args(): Using pool settings. pool_size=5, max_overflow=10, pool_recycle=1800, pid=191
[2024-07-11T08:38:01.767+0000] {processor.py:161} INFO - Started process (PID=191) to work on /home/airflow/.local/lib/python3.10/site-packages/airflow/example_dags/example_task_group_decorator.py
[2024-07-11T08:38:01.767+0000] {processor.py:830} INFO - Processing file /home/airflow/.local/lib/python3.10/site-packages/airflow/example_dags/example_task_group_decorator.py for tasks to queue
[2024-07-11T08:38:01.768+0000] {logging_mixin.py:188} INFO - [2024-07-11T08:38:01.767+0000] {dagbag.py:540} INFO - Filling up the DagBag from /home/airflow/.local/lib/python3.10/site-packages/airflow/example_dags/example_task_group_decorator.py
[2024-07-11T08:38:01.769+0000] {logging_mixin.py:188} INFO - [2024-07-11T08:38:01.768+0000] {dagbag.py:332} DEBUG - Importing /home/airflow/.local/lib/python3.10/site-packages/airflow/example_dags/example_task_group_decorator.py
[2024-07-11T08:38:01.780+0000] {logging_mixin.py:188} INFO - [2024-07-11T08:38:01.780+0000] {dagbag.py:506} DEBUG - Loaded DAG <DAG: example_task_group_decorator>
[2024-07-11T08:38:01.781+0000] {processor.py:840} INFO - DAG(s) 'example_task_group_decorator' retrieved from /home/airflow/.local/lib/python3.10/site-packages/airflow/example_dags/example_task_group_decorator.py
[2024-07-11T08:38:01.781+0000] {logging_mixin.py:188} INFO - [2024-07-11T08:38:01.781+0000] {dagbag.py:662} DEBUG - Running dagbag.sync_to_db with retries. Try 1 of 3
[2024-07-11T08:38:01.781+0000] {logging_mixin.py:188} INFO - [2024-07-11T08:38:01.781+0000] {dagbag.py:667} DEBUG - Calling the DAG.bulk_sync_to_db method
[2024-07-11T08:38:01.789+0000] {logging_mixin.py:188} INFO - [2024-07-11T08:38:01.789+0000] {serialized_dag.py:165} DEBUG - Checking if DAG (example_task_group_decorator) changed
[2024-07-11T08:38:01.798+0000] {logging_mixin.py:188} INFO - [2024-07-11T08:38:01.798+0000] {serialized_dag.py:176} DEBUG - Serialized DAG (example_task_group_decorator) is unchanged. Skipping writing to DB
[2024-07-11T08:38:01.799+0000] {logging_mixin.py:188} INFO - [2024-07-11T08:38:01.799+0000] {dag.py:3047} INFO - Sync 1 DAGs
[2024-07-11T08:38:01.814+0000] {logging_mixin.py:188} INFO - [2024-07-11T08:38:01.814+0000] {dag.py:3834} INFO - Setting next_dagrun for example_task_group_decorator to 2024-07-10 00:00:00+00:00, run_after=2024-07-11 00:00:00+00:00
[2024-07-11T08:38:01.826+0000] {processor.py:183} INFO - Processing /home/airflow/.local/lib/python3.10/site-packages/airflow/example_dags/example_task_group_decorator.py took 0.062 seconds
[2024-07-11T08:38:31.921+0000] {logging_mixin.py:188} INFO - [2024-07-11T08:38:31.921+0000] {settings.py:249} DEBUG - Setting up DB connection pool (PID 247)
[2024-07-11T08:38:31.922+0000] {logging_mixin.py:188} INFO - [2024-07-11T08:38:31.922+0000] {settings.py:350} DEBUG - settings.prepare_engine_args(): Using pool settings. pool_size=5, max_overflow=10, pool_recycle=1800, pid=247
[2024-07-11T08:38:31.924+0000] {processor.py:161} INFO - Started process (PID=247) to work on /home/airflow/.local/lib/python3.10/site-packages/airflow/example_dags/example_task_group_decorator.py
[2024-07-11T08:38:31.924+0000] {processor.py:830} INFO - Processing file /home/airflow/.local/lib/python3.10/site-packages/airflow/example_dags/example_task_group_decorator.py for tasks to queue
[2024-07-11T08:38:31.924+0000] {logging_mixin.py:188} INFO - [2024-07-11T08:38:31.924+0000] {dagbag.py:540} INFO - Filling up the DagBag from /home/airflow/.local/lib/python3.10/site-packages/airflow/example_dags/example_task_group_decorator.py
[2024-07-11T08:38:31.925+0000] {logging_mixin.py:188} INFO - [2024-07-11T08:38:31.925+0000] {dagbag.py:332} DEBUG - Importing /home/airflow/.local/lib/python3.10/site-packages/airflow/example_dags/example_task_group_decorator.py
[2024-07-11T08:38:31.936+0000] {logging_mixin.py:188} INFO - [2024-07-11T08:38:31.936+0000] {dagbag.py:506} DEBUG - Loaded DAG <DAG: example_task_group_decorator>
[2024-07-11T08:38:31.937+0000] {processor.py:840} INFO - DAG(s) 'example_task_group_decorator' retrieved from /home/airflow/.local/lib/python3.10/site-packages/airflow/example_dags/example_task_group_decorator.py
[2024-07-11T08:38:31.938+0000] {logging_mixin.py:188} INFO - [2024-07-11T08:38:31.937+0000] {dagbag.py:662} DEBUG - Running dagbag.sync_to_db with retries. Try 1 of 3
[2024-07-11T08:38:31.938+0000] {logging_mixin.py:188} INFO - [2024-07-11T08:38:31.938+0000] {dagbag.py:667} DEBUG - Calling the DAG.bulk_sync_to_db method
[2024-07-11T08:38:31.946+0000] {logging_mixin.py:188} INFO - [2024-07-11T08:38:31.945+0000] {serialized_dag.py:165} DEBUG - Checking if DAG (example_task_group_decorator) changed
[2024-07-11T08:38:31.955+0000] {logging_mixin.py:188} INFO - [2024-07-11T08:38:31.955+0000] {serialized_dag.py:176} DEBUG - Serialized DAG (example_task_group_decorator) is unchanged. Skipping writing to DB
[2024-07-11T08:38:31.956+0000] {logging_mixin.py:188} INFO - [2024-07-11T08:38:31.955+0000] {dag.py:3047} INFO - Sync 1 DAGs
[2024-07-11T08:38:31.972+0000] {logging_mixin.py:188} INFO - [2024-07-11T08:38:31.972+0000] {dag.py:3834} INFO - Setting next_dagrun for example_task_group_decorator to 2024-07-10 00:00:00+00:00, run_after=2024-07-11 00:00:00+00:00
[2024-07-11T08:38:31.986+0000] {processor.py:183} INFO - Processing /home/airflow/.local/lib/python3.10/site-packages/airflow/example_dags/example_task_group_decorator.py took 0.065 seconds
[2024-07-11T08:39:02.277+0000] {logging_mixin.py:188} INFO - [2024-07-11T08:39:02.277+0000] {settings.py:249} DEBUG - Setting up DB connection pool (PID 303)
[2024-07-11T08:39:02.278+0000] {logging_mixin.py:188} INFO - [2024-07-11T08:39:02.278+0000] {settings.py:350} DEBUG - settings.prepare_engine_args(): Using pool settings. pool_size=5, max_overflow=10, pool_recycle=1800, pid=303
[2024-07-11T08:39:02.280+0000] {processor.py:161} INFO - Started process (PID=303) to work on /home/airflow/.local/lib/python3.10/site-packages/airflow/example_dags/example_task_group_decorator.py
[2024-07-11T08:39:02.280+0000] {processor.py:830} INFO - Processing file /home/airflow/.local/lib/python3.10/site-packages/airflow/example_dags/example_task_group_decorator.py for tasks to queue
[2024-07-11T08:39:02.280+0000] {logging_mixin.py:188} INFO - [2024-07-11T08:39:02.280+0000] {dagbag.py:540} INFO - Filling up the DagBag from /home/airflow/.local/lib/python3.10/site-packages/airflow/example_dags/example_task_group_decorator.py
[2024-07-11T08:39:02.281+0000] {logging_mixin.py:188} INFO - [2024-07-11T08:39:02.281+0000] {dagbag.py:332} DEBUG - Importing /home/airflow/.local/lib/python3.10/site-packages/airflow/example_dags/example_task_group_decorator.py
[2024-07-11T08:39:02.292+0000] {logging_mixin.py:188} INFO - [2024-07-11T08:39:02.291+0000] {dagbag.py:506} DEBUG - Loaded DAG <DAG: example_task_group_decorator>
[2024-07-11T08:39:02.292+0000] {processor.py:840} INFO - DAG(s) 'example_task_group_decorator' retrieved from /home/airflow/.local/lib/python3.10/site-packages/airflow/example_dags/example_task_group_decorator.py
[2024-07-11T08:39:02.293+0000] {logging_mixin.py:188} INFO - [2024-07-11T08:39:02.293+0000] {dagbag.py:662} DEBUG - Running dagbag.sync_to_db with retries. Try 1 of 3
[2024-07-11T08:39:02.293+0000] {logging_mixin.py:188} INFO - [2024-07-11T08:39:02.293+0000] {dagbag.py:667} DEBUG - Calling the DAG.bulk_sync_to_db method
[2024-07-11T08:39:02.301+0000] {logging_mixin.py:188} INFO - [2024-07-11T08:39:02.301+0000] {serialized_dag.py:165} DEBUG - Checking if DAG (example_task_group_decorator) changed
[2024-07-11T08:39:02.312+0000] {logging_mixin.py:188} INFO - [2024-07-11T08:39:02.312+0000] {serialized_dag.py:176} DEBUG - Serialized DAG (example_task_group_decorator) is unchanged. Skipping writing to DB
[2024-07-11T08:39:02.312+0000] {logging_mixin.py:188} INFO - [2024-07-11T08:39:02.312+0000] {dag.py:3047} INFO - Sync 1 DAGs
[2024-07-11T08:39:02.329+0000] {logging_mixin.py:188} INFO - [2024-07-11T08:39:02.329+0000] {dag.py:3834} INFO - Setting next_dagrun for example_task_group_decorator to 2024-07-10 00:00:00+00:00, run_after=2024-07-11 00:00:00+00:00
[2024-07-11T08:39:02.345+0000] {processor.py:183} INFO - Processing /home/airflow/.local/lib/python3.10/site-packages/airflow/example_dags/example_task_group_decorator.py took 0.068 seconds
[2024-07-11T08:39:32.589+0000] {logging_mixin.py:188} INFO - [2024-07-11T08:39:32.588+0000] {settings.py:249} DEBUG - Setting up DB connection pool (PID 359)
[2024-07-11T08:39:32.589+0000] {logging_mixin.py:188} INFO - [2024-07-11T08:39:32.589+0000] {settings.py:350} DEBUG - settings.prepare_engine_args(): Using pool settings. pool_size=5, max_overflow=10, pool_recycle=1800, pid=359
[2024-07-11T08:39:32.591+0000] {processor.py:161} INFO - Started process (PID=359) to work on /home/airflow/.local/lib/python3.10/site-packages/airflow/example_dags/example_task_group_decorator.py
[2024-07-11T08:39:32.592+0000] {processor.py:830} INFO - Processing file /home/airflow/.local/lib/python3.10/site-packages/airflow/example_dags/example_task_group_decorator.py for tasks to queue
[2024-07-11T08:39:32.592+0000] {logging_mixin.py:188} INFO - [2024-07-11T08:39:32.592+0000] {dagbag.py:540} INFO - Filling up the DagBag from /home/airflow/.local/lib/python3.10/site-packages/airflow/example_dags/example_task_group_decorator.py
[2024-07-11T08:39:32.593+0000] {logging_mixin.py:188} INFO - [2024-07-11T08:39:32.593+0000] {dagbag.py:332} DEBUG - Importing /home/airflow/.local/lib/python3.10/site-packages/airflow/example_dags/example_task_group_decorator.py
[2024-07-11T08:39:32.603+0000] {logging_mixin.py:188} INFO - [2024-07-11T08:39:32.603+0000] {dagbag.py:506} DEBUG - Loaded DAG <DAG: example_task_group_decorator>
[2024-07-11T08:39:32.603+0000] {processor.py:840} INFO - DAG(s) 'example_task_group_decorator' retrieved from /home/airflow/.local/lib/python3.10/site-packages/airflow/example_dags/example_task_group_decorator.py
[2024-07-11T08:39:32.604+0000] {logging_mixin.py:188} INFO - [2024-07-11T08:39:32.604+0000] {dagbag.py:662} DEBUG - Running dagbag.sync_to_db with retries. Try 1 of 3
[2024-07-11T08:39:32.604+0000] {logging_mixin.py:188} INFO - [2024-07-11T08:39:32.604+0000] {dagbag.py:667} DEBUG - Calling the DAG.bulk_sync_to_db method
[2024-07-11T08:39:32.611+0000] {logging_mixin.py:188} INFO - [2024-07-11T08:39:32.611+0000] {serialized_dag.py:165} DEBUG - Checking if DAG (example_task_group_decorator) changed
[2024-07-11T08:39:32.620+0000] {logging_mixin.py:188} INFO - [2024-07-11T08:39:32.620+0000] {serialized_dag.py:176} DEBUG - Serialized DAG (example_task_group_decorator) is unchanged. Skipping writing to DB
[2024-07-11T08:39:32.621+0000] {logging_mixin.py:188} INFO - [2024-07-11T08:39:32.620+0000] {dag.py:3047} INFO - Sync 1 DAGs
[2024-07-11T08:39:32.636+0000] {logging_mixin.py:188} INFO - [2024-07-11T08:39:32.636+0000] {dag.py:3834} INFO - Setting next_dagrun for example_task_group_decorator to 2024-07-10 00:00:00+00:00, run_after=2024-07-11 00:00:00+00:00
[2024-07-11T08:39:32.649+0000] {processor.py:183} INFO - Processing /home/airflow/.local/lib/python3.10/site-packages/airflow/example_dags/example_task_group_decorator.py took 0.061 seconds
[2024-07-11T08:40:02.775+0000] {logging_mixin.py:188} INFO - [2024-07-11T08:40:02.775+0000] {settings.py:249} DEBUG - Setting up DB connection pool (PID 415)
[2024-07-11T08:40:02.776+0000] {logging_mixin.py:188} INFO - [2024-07-11T08:40:02.776+0000] {settings.py:350} DEBUG - settings.prepare_engine_args(): Using pool settings. pool_size=5, max_overflow=10, pool_recycle=1800, pid=415
[2024-07-11T08:40:02.778+0000] {processor.py:161} INFO - Started process (PID=415) to work on /home/airflow/.local/lib/python3.10/site-packages/airflow/example_dags/example_task_group_decorator.py
[2024-07-11T08:40:02.778+0000] {processor.py:830} INFO - Processing file /home/airflow/.local/lib/python3.10/site-packages/airflow/example_dags/example_task_group_decorator.py for tasks to queue
[2024-07-11T08:40:02.778+0000] {logging_mixin.py:188} INFO - [2024-07-11T08:40:02.778+0000] {dagbag.py:540} INFO - Filling up the DagBag from /home/airflow/.local/lib/python3.10/site-packages/airflow/example_dags/example_task_group_decorator.py
[2024-07-11T08:40:02.779+0000] {logging_mixin.py:188} INFO - [2024-07-11T08:40:02.779+0000] {dagbag.py:332} DEBUG - Importing /home/airflow/.local/lib/python3.10/site-packages/airflow/example_dags/example_task_group_decorator.py
[2024-07-11T08:40:02.790+0000] {logging_mixin.py:188} INFO - [2024-07-11T08:40:02.790+0000] {dagbag.py:506} DEBUG - Loaded DAG <DAG: example_task_group_decorator>
[2024-07-11T08:40:02.790+0000] {processor.py:840} INFO - DAG(s) 'example_task_group_decorator' retrieved from /home/airflow/.local/lib/python3.10/site-packages/airflow/example_dags/example_task_group_decorator.py
[2024-07-11T08:40:02.791+0000] {logging_mixin.py:188} INFO - [2024-07-11T08:40:02.791+0000] {dagbag.py:662} DEBUG - Running dagbag.sync_to_db with retries. Try 1 of 3
[2024-07-11T08:40:02.791+0000] {logging_mixin.py:188} INFO - [2024-07-11T08:40:02.791+0000] {dagbag.py:667} DEBUG - Calling the DAG.bulk_sync_to_db method
[2024-07-11T08:40:02.799+0000] {logging_mixin.py:188} INFO - [2024-07-11T08:40:02.799+0000] {serialized_dag.py:165} DEBUG - Checking if DAG (example_task_group_decorator) changed
[2024-07-11T08:40:02.809+0000] {logging_mixin.py:188} INFO - [2024-07-11T08:40:02.809+0000] {serialized_dag.py:176} DEBUG - Serialized DAG (example_task_group_decorator) is unchanged. Skipping writing to DB
[2024-07-11T08:40:02.810+0000] {logging_mixin.py:188} INFO - [2024-07-11T08:40:02.810+0000] {dag.py:3047} INFO - Sync 1 DAGs
[2024-07-11T08:40:02.829+0000] {logging_mixin.py:188} INFO - [2024-07-11T08:40:02.828+0000] {dag.py:3834} INFO - Setting next_dagrun for example_task_group_decorator to 2024-07-10 00:00:00+00:00, run_after=2024-07-11 00:00:00+00:00
[2024-07-11T08:40:02.844+0000] {processor.py:183} INFO - Processing /home/airflow/.local/lib/python3.10/site-packages/airflow/example_dags/example_task_group_decorator.py took 0.069 seconds
[2024-07-11T08:41:13.817+0000] {logging_mixin.py:188} INFO - [2024-07-11T08:41:13.816+0000] {settings.py:249} DEBUG - Setting up DB connection pool (PID 73)
[2024-07-11T08:41:13.818+0000] {logging_mixin.py:188} INFO - [2024-07-11T08:41:13.818+0000] {settings.py:350} DEBUG - settings.prepare_engine_args(): Using pool settings. pool_size=5, max_overflow=10, pool_recycle=1800, pid=73
[2024-07-11T08:41:13.820+0000] {processor.py:161} INFO - Started process (PID=73) to work on /home/airflow/.local/lib/python3.10/site-packages/airflow/example_dags/example_task_group_decorator.py
[2024-07-11T08:41:13.820+0000] {processor.py:830} INFO - Processing file /home/airflow/.local/lib/python3.10/site-packages/airflow/example_dags/example_task_group_decorator.py for tasks to queue
[2024-07-11T08:41:13.821+0000] {logging_mixin.py:188} INFO - [2024-07-11T08:41:13.821+0000] {dagbag.py:540} INFO - Filling up the DagBag from /home/airflow/.local/lib/python3.10/site-packages/airflow/example_dags/example_task_group_decorator.py
[2024-07-11T08:41:13.822+0000] {logging_mixin.py:188} INFO - [2024-07-11T08:41:13.822+0000] {dagbag.py:332} DEBUG - Importing /home/airflow/.local/lib/python3.10/site-packages/airflow/example_dags/example_task_group_decorator.py
[2024-07-11T08:41:13.834+0000] {logging_mixin.py:188} INFO - [2024-07-11T08:41:13.834+0000] {dagbag.py:506} DEBUG - Loaded DAG <DAG: example_task_group_decorator>
[2024-07-11T08:41:13.834+0000] {processor.py:840} INFO - DAG(s) 'example_task_group_decorator' retrieved from /home/airflow/.local/lib/python3.10/site-packages/airflow/example_dags/example_task_group_decorator.py
[2024-07-11T08:41:13.835+0000] {logging_mixin.py:188} INFO - [2024-07-11T08:41:13.835+0000] {dagbag.py:662} DEBUG - Running dagbag.sync_to_db with retries. Try 1 of 3
[2024-07-11T08:41:13.835+0000] {logging_mixin.py:188} INFO - [2024-07-11T08:41:13.835+0000] {dagbag.py:667} DEBUG - Calling the DAG.bulk_sync_to_db method
[2024-07-11T08:41:13.845+0000] {logging_mixin.py:188} INFO - [2024-07-11T08:41:13.845+0000] {dag.py:3047} INFO - Sync 1 DAGs
[2024-07-11T08:41:13.865+0000] {logging_mixin.py:188} INFO - [2024-07-11T08:41:13.865+0000] {dag.py:3834} INFO - Setting next_dagrun for example_task_group_decorator to 2024-07-10 00:00:00+00:00, run_after=2024-07-11 00:00:00+00:00
[2024-07-11T08:41:13.882+0000] {processor.py:183} INFO - Processing /home/airflow/.local/lib/python3.10/site-packages/airflow/example_dags/example_task_group_decorator.py took 0.065 seconds
[2024-07-11T08:41:45.559+0000] {logging_mixin.py:188} INFO - [2024-07-11T08:41:45.559+0000] {settings.py:249} DEBUG - Setting up DB connection pool (PID 129)
[2024-07-11T08:41:45.560+0000] {logging_mixin.py:188} INFO - [2024-07-11T08:41:45.560+0000] {settings.py:350} DEBUG - settings.prepare_engine_args(): Using pool settings. pool_size=5, max_overflow=10, pool_recycle=1800, pid=129
[2024-07-11T08:41:45.561+0000] {processor.py:161} INFO - Started process (PID=129) to work on /home/airflow/.local/lib/python3.10/site-packages/airflow/example_dags/example_task_group_decorator.py
[2024-07-11T08:41:45.562+0000] {processor.py:830} INFO - Processing file /home/airflow/.local/lib/python3.10/site-packages/airflow/example_dags/example_task_group_decorator.py for tasks to queue
[2024-07-11T08:41:45.562+0000] {logging_mixin.py:188} INFO - [2024-07-11T08:41:45.562+0000] {dagbag.py:540} INFO - Filling up the DagBag from /home/airflow/.local/lib/python3.10/site-packages/airflow/example_dags/example_task_group_decorator.py
[2024-07-11T08:41:45.563+0000] {logging_mixin.py:188} INFO - [2024-07-11T08:41:45.563+0000] {dagbag.py:332} DEBUG - Importing /home/airflow/.local/lib/python3.10/site-packages/airflow/example_dags/example_task_group_decorator.py
[2024-07-11T08:41:45.574+0000] {logging_mixin.py:188} INFO - [2024-07-11T08:41:45.573+0000] {dagbag.py:506} DEBUG - Loaded DAG <DAG: example_task_group_decorator>
[2024-07-11T08:41:45.574+0000] {processor.py:840} INFO - DAG(s) 'example_task_group_decorator' retrieved from /home/airflow/.local/lib/python3.10/site-packages/airflow/example_dags/example_task_group_decorator.py
[2024-07-11T08:41:45.575+0000] {logging_mixin.py:188} INFO - [2024-07-11T08:41:45.574+0000] {dagbag.py:662} DEBUG - Running dagbag.sync_to_db with retries. Try 1 of 3
[2024-07-11T08:41:45.575+0000] {logging_mixin.py:188} INFO - [2024-07-11T08:41:45.575+0000] {dagbag.py:667} DEBUG - Calling the DAG.bulk_sync_to_db method
[2024-07-11T08:41:45.582+0000] {logging_mixin.py:188} INFO - [2024-07-11T08:41:45.582+0000] {serialized_dag.py:165} DEBUG - Checking if DAG (example_task_group_decorator) changed
[2024-07-11T08:41:45.592+0000] {logging_mixin.py:188} INFO - [2024-07-11T08:41:45.591+0000] {serialized_dag.py:179} DEBUG - Writing Serialized DAG: example_task_group_decorator to the DB
[2024-07-11T08:41:45.594+0000] {logging_mixin.py:188} INFO - [2024-07-11T08:41:45.594+0000] {serialized_dag.py:181} DEBUG - DAG: example_task_group_decorator written to the DB
[2024-07-11T08:41:45.595+0000] {logging_mixin.py:188} INFO - [2024-07-11T08:41:45.595+0000] {dagbag.py:696} DEBUG - Syncing DAG permissions: example_task_group_decorator to the DB
[2024-07-11T08:41:45.655+0000] {logging_mixin.py:188} INFO - [2024-07-11T08:41:45.655+0000] {override.py:1034} DEBUG - Not syncing DAG-level permissions for DAG 'DAG:example_task_group_decorator' as access control is unset.
[2024-07-11T08:41:45.656+0000] {logging_mixin.py:188} INFO - [2024-07-11T08:41:45.655+0000] {dag.py:3047} INFO - Sync 1 DAGs
[2024-07-11T08:41:45.670+0000] {logging_mixin.py:188} INFO - [2024-07-11T08:41:45.670+0000] {dag.py:3834} INFO - Setting next_dagrun for example_task_group_decorator to 2024-07-10 00:00:00+00:00, run_after=2024-07-11 00:00:00+00:00
[2024-07-11T08:41:45.683+0000] {processor.py:183} INFO - Processing /home/airflow/.local/lib/python3.10/site-packages/airflow/example_dags/example_task_group_decorator.py took 0.125 seconds
[2024-07-11T08:42:16.511+0000] {logging_mixin.py:188} INFO - [2024-07-11T08:42:16.511+0000] {settings.py:249} DEBUG - Setting up DB connection pool (PID 185)
[2024-07-11T08:42:16.512+0000] {logging_mixin.py:188} INFO - [2024-07-11T08:42:16.512+0000] {settings.py:350} DEBUG - settings.prepare_engine_args(): Using pool settings. pool_size=5, max_overflow=10, pool_recycle=1800, pid=185
[2024-07-11T08:42:16.514+0000] {processor.py:161} INFO - Started process (PID=185) to work on /home/airflow/.local/lib/python3.10/site-packages/airflow/example_dags/example_task_group_decorator.py
[2024-07-11T08:42:16.514+0000] {processor.py:830} INFO - Processing file /home/airflow/.local/lib/python3.10/site-packages/airflow/example_dags/example_task_group_decorator.py for tasks to queue
[2024-07-11T08:42:16.515+0000] {logging_mixin.py:188} INFO - [2024-07-11T08:42:16.514+0000] {dagbag.py:540} INFO - Filling up the DagBag from /home/airflow/.local/lib/python3.10/site-packages/airflow/example_dags/example_task_group_decorator.py
[2024-07-11T08:42:16.515+0000] {logging_mixin.py:188} INFO - [2024-07-11T08:42:16.515+0000] {dagbag.py:332} DEBUG - Importing /home/airflow/.local/lib/python3.10/site-packages/airflow/example_dags/example_task_group_decorator.py
[2024-07-11T08:42:16.527+0000] {logging_mixin.py:188} INFO - [2024-07-11T08:42:16.526+0000] {dagbag.py:506} DEBUG - Loaded DAG <DAG: example_task_group_decorator>
[2024-07-11T08:42:16.527+0000] {processor.py:840} INFO - DAG(s) 'example_task_group_decorator' retrieved from /home/airflow/.local/lib/python3.10/site-packages/airflow/example_dags/example_task_group_decorator.py
[2024-07-11T08:42:16.527+0000] {logging_mixin.py:188} INFO - [2024-07-11T08:42:16.527+0000] {dagbag.py:662} DEBUG - Running dagbag.sync_to_db with retries. Try 1 of 3
[2024-07-11T08:42:16.528+0000] {logging_mixin.py:188} INFO - [2024-07-11T08:42:16.528+0000] {dagbag.py:667} DEBUG - Calling the DAG.bulk_sync_to_db method
[2024-07-11T08:42:16.536+0000] {logging_mixin.py:188} INFO - [2024-07-11T08:42:16.535+0000] {serialized_dag.py:165} DEBUG - Checking if DAG (example_task_group_decorator) changed
[2024-07-11T08:42:16.544+0000] {logging_mixin.py:188} INFO - [2024-07-11T08:42:16.544+0000] {serialized_dag.py:176} DEBUG - Serialized DAG (example_task_group_decorator) is unchanged. Skipping writing to DB
[2024-07-11T08:42:16.545+0000] {logging_mixin.py:188} INFO - [2024-07-11T08:42:16.544+0000] {dag.py:3047} INFO - Sync 1 DAGs
[2024-07-11T08:42:16.560+0000] {logging_mixin.py:188} INFO - [2024-07-11T08:42:16.560+0000] {dag.py:3834} INFO - Setting next_dagrun for example_task_group_decorator to 2024-07-10 00:00:00+00:00, run_after=2024-07-11 00:00:00+00:00
[2024-07-11T08:42:16.572+0000] {processor.py:183} INFO - Processing /home/airflow/.local/lib/python3.10/site-packages/airflow/example_dags/example_task_group_decorator.py took 0.062 seconds
[2024-07-11T08:42:46.768+0000] {logging_mixin.py:188} INFO - [2024-07-11T08:42:46.767+0000] {settings.py:249} DEBUG - Setting up DB connection pool (PID 241)
[2024-07-11T08:42:46.768+0000] {logging_mixin.py:188} INFO - [2024-07-11T08:42:46.768+0000] {settings.py:350} DEBUG - settings.prepare_engine_args(): Using pool settings. pool_size=5, max_overflow=10, pool_recycle=1800, pid=241
[2024-07-11T08:42:46.770+0000] {processor.py:161} INFO - Started process (PID=241) to work on /home/airflow/.local/lib/python3.10/site-packages/airflow/example_dags/example_task_group_decorator.py
[2024-07-11T08:42:46.770+0000] {processor.py:830} INFO - Processing file /home/airflow/.local/lib/python3.10/site-packages/airflow/example_dags/example_task_group_decorator.py for tasks to queue
[2024-07-11T08:42:46.771+0000] {logging_mixin.py:188} INFO - [2024-07-11T08:42:46.771+0000] {dagbag.py:540} INFO - Filling up the DagBag from /home/airflow/.local/lib/python3.10/site-packages/airflow/example_dags/example_task_group_decorator.py
[2024-07-11T08:42:46.772+0000] {logging_mixin.py:188} INFO - [2024-07-11T08:42:46.771+0000] {dagbag.py:332} DEBUG - Importing /home/airflow/.local/lib/python3.10/site-packages/airflow/example_dags/example_task_group_decorator.py
[2024-07-11T08:42:46.782+0000] {logging_mixin.py:188} INFO - [2024-07-11T08:42:46.781+0000] {dagbag.py:506} DEBUG - Loaded DAG <DAG: example_task_group_decorator>
[2024-07-11T08:42:46.782+0000] {processor.py:840} INFO - DAG(s) 'example_task_group_decorator' retrieved from /home/airflow/.local/lib/python3.10/site-packages/airflow/example_dags/example_task_group_decorator.py
[2024-07-11T08:42:46.782+0000] {logging_mixin.py:188} INFO - [2024-07-11T08:42:46.782+0000] {dagbag.py:662} DEBUG - Running dagbag.sync_to_db with retries. Try 1 of 3
[2024-07-11T08:42:46.783+0000] {logging_mixin.py:188} INFO - [2024-07-11T08:42:46.783+0000] {dagbag.py:667} DEBUG - Calling the DAG.bulk_sync_to_db method
[2024-07-11T08:42:46.790+0000] {logging_mixin.py:188} INFO - [2024-07-11T08:42:46.790+0000] {serialized_dag.py:165} DEBUG - Checking if DAG (example_task_group_decorator) changed
[2024-07-11T08:42:46.798+0000] {logging_mixin.py:188} INFO - [2024-07-11T08:42:46.798+0000] {serialized_dag.py:176} DEBUG - Serialized DAG (example_task_group_decorator) is unchanged. Skipping writing to DB
[2024-07-11T08:42:46.798+0000] {logging_mixin.py:188} INFO - [2024-07-11T08:42:46.798+0000] {dag.py:3047} INFO - Sync 1 DAGs
[2024-07-11T08:42:46.813+0000] {logging_mixin.py:188} INFO - [2024-07-11T08:42:46.812+0000] {dag.py:3834} INFO - Setting next_dagrun for example_task_group_decorator to 2024-07-10 00:00:00+00:00, run_after=2024-07-11 00:00:00+00:00
[2024-07-11T08:42:46.824+0000] {processor.py:183} INFO - Processing /home/airflow/.local/lib/python3.10/site-packages/airflow/example_dags/example_task_group_decorator.py took 0.057 seconds
[2024-07-11T08:43:16.992+0000] {logging_mixin.py:188} INFO - [2024-07-11T08:43:16.991+0000] {settings.py:249} DEBUG - Setting up DB connection pool (PID 303)
[2024-07-11T08:43:16.992+0000] {logging_mixin.py:188} INFO - [2024-07-11T08:43:16.992+0000] {settings.py:350} DEBUG - settings.prepare_engine_args(): Using pool settings. pool_size=5, max_overflow=10, pool_recycle=1800, pid=303
[2024-07-11T08:43:16.994+0000] {processor.py:161} INFO - Started process (PID=303) to work on /home/airflow/.local/lib/python3.10/site-packages/airflow/example_dags/example_task_group_decorator.py
[2024-07-11T08:43:16.995+0000] {processor.py:830} INFO - Processing file /home/airflow/.local/lib/python3.10/site-packages/airflow/example_dags/example_task_group_decorator.py for tasks to queue
[2024-07-11T08:43:16.995+0000] {logging_mixin.py:188} INFO - [2024-07-11T08:43:16.995+0000] {dagbag.py:540} INFO - Filling up the DagBag from /home/airflow/.local/lib/python3.10/site-packages/airflow/example_dags/example_task_group_decorator.py
[2024-07-11T08:43:16.996+0000] {logging_mixin.py:188} INFO - [2024-07-11T08:43:16.996+0000] {dagbag.py:332} DEBUG - Importing /home/airflow/.local/lib/python3.10/site-packages/airflow/example_dags/example_task_group_decorator.py
[2024-07-11T08:43:17.007+0000] {logging_mixin.py:188} INFO - [2024-07-11T08:43:17.006+0000] {dagbag.py:506} DEBUG - Loaded DAG <DAG: example_task_group_decorator>
[2024-07-11T08:43:17.007+0000] {processor.py:840} INFO - DAG(s) 'example_task_group_decorator' retrieved from /home/airflow/.local/lib/python3.10/site-packages/airflow/example_dags/example_task_group_decorator.py
[2024-07-11T08:43:17.008+0000] {logging_mixin.py:188} INFO - [2024-07-11T08:43:17.008+0000] {dagbag.py:662} DEBUG - Running dagbag.sync_to_db with retries. Try 1 of 3
[2024-07-11T08:43:17.008+0000] {logging_mixin.py:188} INFO - [2024-07-11T08:43:17.008+0000] {dagbag.py:667} DEBUG - Calling the DAG.bulk_sync_to_db method
[2024-07-11T08:43:17.015+0000] {logging_mixin.py:188} INFO - [2024-07-11T08:43:17.015+0000] {serialized_dag.py:165} DEBUG - Checking if DAG (example_task_group_decorator) changed
[2024-07-11T08:43:17.024+0000] {logging_mixin.py:188} INFO - [2024-07-11T08:43:17.024+0000] {serialized_dag.py:176} DEBUG - Serialized DAG (example_task_group_decorator) is unchanged. Skipping writing to DB
[2024-07-11T08:43:17.024+0000] {logging_mixin.py:188} INFO - [2024-07-11T08:43:17.024+0000] {dag.py:3047} INFO - Sync 1 DAGs
[2024-07-11T08:43:17.041+0000] {logging_mixin.py:188} INFO - [2024-07-11T08:43:17.041+0000] {dag.py:3834} INFO - Setting next_dagrun for example_task_group_decorator to 2024-07-10 00:00:00+00:00, run_after=2024-07-11 00:00:00+00:00
[2024-07-11T08:43:17.054+0000] {processor.py:183} INFO - Processing /home/airflow/.local/lib/python3.10/site-packages/airflow/example_dags/example_task_group_decorator.py took 0.063 seconds
[2024-07-11T08:43:47.208+0000] {logging_mixin.py:188} INFO - [2024-07-11T08:43:47.207+0000] {settings.py:249} DEBUG - Setting up DB connection pool (PID 359)
[2024-07-11T08:43:47.209+0000] {logging_mixin.py:188} INFO - [2024-07-11T08:43:47.209+0000] {settings.py:350} DEBUG - settings.prepare_engine_args(): Using pool settings. pool_size=5, max_overflow=10, pool_recycle=1800, pid=359
[2024-07-11T08:43:47.213+0000] {processor.py:161} INFO - Started process (PID=359) to work on /home/airflow/.local/lib/python3.10/site-packages/airflow/example_dags/example_task_group_decorator.py
[2024-07-11T08:43:47.213+0000] {processor.py:830} INFO - Processing file /home/airflow/.local/lib/python3.10/site-packages/airflow/example_dags/example_task_group_decorator.py for tasks to queue
[2024-07-11T08:43:47.214+0000] {logging_mixin.py:188} INFO - [2024-07-11T08:43:47.214+0000] {dagbag.py:540} INFO - Filling up the DagBag from /home/airflow/.local/lib/python3.10/site-packages/airflow/example_dags/example_task_group_decorator.py
[2024-07-11T08:43:47.216+0000] {logging_mixin.py:188} INFO - [2024-07-11T08:43:47.215+0000] {dagbag.py:332} DEBUG - Importing /home/airflow/.local/lib/python3.10/site-packages/airflow/example_dags/example_task_group_decorator.py
[2024-07-11T08:43:47.230+0000] {logging_mixin.py:188} INFO - [2024-07-11T08:43:47.230+0000] {dagbag.py:506} DEBUG - Loaded DAG <DAG: example_task_group_decorator>
[2024-07-11T08:43:47.230+0000] {processor.py:840} INFO - DAG(s) 'example_task_group_decorator' retrieved from /home/airflow/.local/lib/python3.10/site-packages/airflow/example_dags/example_task_group_decorator.py
[2024-07-11T08:43:47.231+0000] {logging_mixin.py:188} INFO - [2024-07-11T08:43:47.231+0000] {dagbag.py:662} DEBUG - Running dagbag.sync_to_db with retries. Try 1 of 3
[2024-07-11T08:43:47.231+0000] {logging_mixin.py:188} INFO - [2024-07-11T08:43:47.231+0000] {dagbag.py:667} DEBUG - Calling the DAG.bulk_sync_to_db method
[2024-07-11T08:43:47.241+0000] {logging_mixin.py:188} INFO - [2024-07-11T08:43:47.241+0000] {serialized_dag.py:165} DEBUG - Checking if DAG (example_task_group_decorator) changed
[2024-07-11T08:43:47.252+0000] {logging_mixin.py:188} INFO - [2024-07-11T08:43:47.252+0000] {serialized_dag.py:176} DEBUG - Serialized DAG (example_task_group_decorator) is unchanged. Skipping writing to DB
[2024-07-11T08:43:47.253+0000] {logging_mixin.py:188} INFO - [2024-07-11T08:43:47.253+0000] {dag.py:3047} INFO - Sync 1 DAGs
[2024-07-11T08:43:47.277+0000] {logging_mixin.py:188} INFO - [2024-07-11T08:43:47.276+0000] {dag.py:3834} INFO - Setting next_dagrun for example_task_group_decorator to 2024-07-10 00:00:00+00:00, run_after=2024-07-11 00:00:00+00:00
[2024-07-11T08:43:47.300+0000] {processor.py:183} INFO - Processing /home/airflow/.local/lib/python3.10/site-packages/airflow/example_dags/example_task_group_decorator.py took 0.092 seconds
[2024-07-11T08:44:17.725+0000] {logging_mixin.py:188} INFO - [2024-07-11T08:44:17.725+0000] {settings.py:249} DEBUG - Setting up DB connection pool (PID 415)
[2024-07-11T08:44:17.726+0000] {logging_mixin.py:188} INFO - [2024-07-11T08:44:17.726+0000] {settings.py:350} DEBUG - settings.prepare_engine_args(): Using pool settings. pool_size=5, max_overflow=10, pool_recycle=1800, pid=415
[2024-07-11T08:44:17.728+0000] {processor.py:161} INFO - Started process (PID=415) to work on /home/airflow/.local/lib/python3.10/site-packages/airflow/example_dags/example_task_group_decorator.py
[2024-07-11T08:44:17.728+0000] {processor.py:830} INFO - Processing file /home/airflow/.local/lib/python3.10/site-packages/airflow/example_dags/example_task_group_decorator.py for tasks to queue
[2024-07-11T08:44:17.728+0000] {logging_mixin.py:188} INFO - [2024-07-11T08:44:17.728+0000] {dagbag.py:540} INFO - Filling up the DagBag from /home/airflow/.local/lib/python3.10/site-packages/airflow/example_dags/example_task_group_decorator.py
[2024-07-11T08:44:17.729+0000] {logging_mixin.py:188} INFO - [2024-07-11T08:44:17.729+0000] {dagbag.py:332} DEBUG - Importing /home/airflow/.local/lib/python3.10/site-packages/airflow/example_dags/example_task_group_decorator.py
[2024-07-11T08:44:17.741+0000] {logging_mixin.py:188} INFO - [2024-07-11T08:44:17.740+0000] {dagbag.py:506} DEBUG - Loaded DAG <DAG: example_task_group_decorator>
[2024-07-11T08:44:17.741+0000] {processor.py:840} INFO - DAG(s) 'example_task_group_decorator' retrieved from /home/airflow/.local/lib/python3.10/site-packages/airflow/example_dags/example_task_group_decorator.py
[2024-07-11T08:44:17.741+0000] {logging_mixin.py:188} INFO - [2024-07-11T08:44:17.741+0000] {dagbag.py:662} DEBUG - Running dagbag.sync_to_db with retries. Try 1 of 3
[2024-07-11T08:44:17.742+0000] {logging_mixin.py:188} INFO - [2024-07-11T08:44:17.742+0000] {dagbag.py:667} DEBUG - Calling the DAG.bulk_sync_to_db method
[2024-07-11T08:44:17.749+0000] {logging_mixin.py:188} INFO - [2024-07-11T08:44:17.749+0000] {serialized_dag.py:165} DEBUG - Checking if DAG (example_task_group_decorator) changed
[2024-07-11T08:44:17.757+0000] {logging_mixin.py:188} INFO - [2024-07-11T08:44:17.757+0000] {serialized_dag.py:176} DEBUG - Serialized DAG (example_task_group_decorator) is unchanged. Skipping writing to DB
[2024-07-11T08:44:17.758+0000] {logging_mixin.py:188} INFO - [2024-07-11T08:44:17.758+0000] {dag.py:3047} INFO - Sync 1 DAGs
[2024-07-11T08:44:17.773+0000] {logging_mixin.py:188} INFO - [2024-07-11T08:44:17.772+0000] {dag.py:3834} INFO - Setting next_dagrun for example_task_group_decorator to 2024-07-10 00:00:00+00:00, run_after=2024-07-11 00:00:00+00:00
[2024-07-11T08:44:17.785+0000] {processor.py:183} INFO - Processing /home/airflow/.local/lib/python3.10/site-packages/airflow/example_dags/example_task_group_decorator.py took 0.060 seconds
[2024-07-11T08:44:47.988+0000] {logging_mixin.py:188} INFO - [2024-07-11T08:44:47.988+0000] {settings.py:249} DEBUG - Setting up DB connection pool (PID 471)
[2024-07-11T08:44:47.989+0000] {logging_mixin.py:188} INFO - [2024-07-11T08:44:47.989+0000] {settings.py:350} DEBUG - settings.prepare_engine_args(): Using pool settings. pool_size=5, max_overflow=10, pool_recycle=1800, pid=471
[2024-07-11T08:44:47.991+0000] {processor.py:161} INFO - Started process (PID=471) to work on /home/airflow/.local/lib/python3.10/site-packages/airflow/example_dags/example_task_group_decorator.py
[2024-07-11T08:44:47.991+0000] {processor.py:830} INFO - Processing file /home/airflow/.local/lib/python3.10/site-packages/airflow/example_dags/example_task_group_decorator.py for tasks to queue
[2024-07-11T08:44:47.991+0000] {logging_mixin.py:188} INFO - [2024-07-11T08:44:47.991+0000] {dagbag.py:540} INFO - Filling up the DagBag from /home/airflow/.local/lib/python3.10/site-packages/airflow/example_dags/example_task_group_decorator.py
[2024-07-11T08:44:47.992+0000] {logging_mixin.py:188} INFO - [2024-07-11T08:44:47.992+0000] {dagbag.py:332} DEBUG - Importing /home/airflow/.local/lib/python3.10/site-packages/airflow/example_dags/example_task_group_decorator.py
[2024-07-11T08:44:48.004+0000] {logging_mixin.py:188} INFO - [2024-07-11T08:44:48.004+0000] {dagbag.py:506} DEBUG - Loaded DAG <DAG: example_task_group_decorator>
[2024-07-11T08:44:48.004+0000] {processor.py:840} INFO - DAG(s) 'example_task_group_decorator' retrieved from /home/airflow/.local/lib/python3.10/site-packages/airflow/example_dags/example_task_group_decorator.py
[2024-07-11T08:44:48.005+0000] {logging_mixin.py:188} INFO - [2024-07-11T08:44:48.005+0000] {dagbag.py:662} DEBUG - Running dagbag.sync_to_db with retries. Try 1 of 3
[2024-07-11T08:44:48.005+0000] {logging_mixin.py:188} INFO - [2024-07-11T08:44:48.005+0000] {dagbag.py:667} DEBUG - Calling the DAG.bulk_sync_to_db method
[2024-07-11T08:44:48.013+0000] {logging_mixin.py:188} INFO - [2024-07-11T08:44:48.013+0000] {serialized_dag.py:165} DEBUG - Checking if DAG (example_task_group_decorator) changed
[2024-07-11T08:44:48.025+0000] {logging_mixin.py:188} INFO - [2024-07-11T08:44:48.025+0000] {serialized_dag.py:176} DEBUG - Serialized DAG (example_task_group_decorator) is unchanged. Skipping writing to DB
[2024-07-11T08:44:48.026+0000] {logging_mixin.py:188} INFO - [2024-07-11T08:44:48.026+0000] {dag.py:3047} INFO - Sync 1 DAGs
[2024-07-11T08:44:48.044+0000] {logging_mixin.py:188} INFO - [2024-07-11T08:44:48.044+0000] {dag.py:3834} INFO - Setting next_dagrun for example_task_group_decorator to 2024-07-10 00:00:00+00:00, run_after=2024-07-11 00:00:00+00:00
[2024-07-11T08:44:48.059+0000] {processor.py:183} INFO - Processing /home/airflow/.local/lib/python3.10/site-packages/airflow/example_dags/example_task_group_decorator.py took 0.072 seconds
