[2024-07-11T08:36:58.189+0000] {logging_mixin.py:188} INFO - [2024-07-11T08:36:58.188+0000] {settings.py:249} DEBUG - Setting up DB connection pool (PID 44)
[2024-07-11T08:36:58.189+0000] {logging_mixin.py:188} INFO - [2024-07-11T08:36:58.189+0000] {settings.py:350} DEBUG - settings.prepare_engine_args(): Using pool settings. pool_size=5, max_overflow=10, pool_recycle=1800, pid=44
[2024-07-11T08:36:58.192+0000] {processor.py:161} INFO - Started process (PID=44) to work on /home/airflow/.local/lib/python3.10/site-packages/airflow/example_dags/example_latest_only.py
[2024-07-11T08:36:58.192+0000] {processor.py:830} INFO - Processing file /home/airflow/.local/lib/python3.10/site-packages/airflow/example_dags/example_latest_only.py for tasks to queue
[2024-07-11T08:36:58.192+0000] {logging_mixin.py:188} INFO - [2024-07-11T08:36:58.192+0000] {dagbag.py:540} INFO - Filling up the DagBag from /home/airflow/.local/lib/python3.10/site-packages/airflow/example_dags/example_latest_only.py
[2024-07-11T08:36:58.194+0000] {logging_mixin.py:188} INFO - [2024-07-11T08:36:58.193+0000] {dagbag.py:332} DEBUG - Importing /home/airflow/.local/lib/python3.10/site-packages/airflow/example_dags/example_latest_only.py
[2024-07-11T08:36:58.198+0000] {logging_mixin.py:188} INFO - [2024-07-11T08:36:58.198+0000] {dagbag.py:506} DEBUG - Loaded DAG <DAG: latest_only>
[2024-07-11T08:36:58.198+0000] {processor.py:840} INFO - DAG(s) 'latest_only' retrieved from /home/airflow/.local/lib/python3.10/site-packages/airflow/example_dags/example_latest_only.py
[2024-07-11T08:36:58.199+0000] {logging_mixin.py:188} INFO - [2024-07-11T08:36:58.199+0000] {dagbag.py:662} DEBUG - Running dagbag.sync_to_db with retries. Try 1 of 3
[2024-07-11T08:36:58.200+0000] {logging_mixin.py:188} INFO - [2024-07-11T08:36:58.199+0000] {dagbag.py:667} DEBUG - Calling the DAG.bulk_sync_to_db method
[2024-07-11T08:36:58.209+0000] {logging_mixin.py:188} INFO - [2024-07-11T08:36:58.209+0000] {dag.py:3047} INFO - Sync 1 DAGs
[2024-07-11T08:36:58.232+0000] {logging_mixin.py:188} INFO - [2024-07-11T08:36:58.232+0000] {dag.py:3834} INFO - Setting next_dagrun for latest_only to 2024-07-11 04:00:00+00:00, run_after=2024-07-11 08:00:00+00:00
[2024-07-11T08:36:58.249+0000] {processor.py:183} INFO - Processing /home/airflow/.local/lib/python3.10/site-packages/airflow/example_dags/example_latest_only.py took 0.061 seconds
[2024-07-11T08:37:28.410+0000] {logging_mixin.py:188} INFO - [2024-07-11T08:37:28.409+0000] {settings.py:249} DEBUG - Setting up DB connection pool (PID 100)
[2024-07-11T08:37:28.410+0000] {logging_mixin.py:188} INFO - [2024-07-11T08:37:28.410+0000] {settings.py:350} DEBUG - settings.prepare_engine_args(): Using pool settings. pool_size=5, max_overflow=10, pool_recycle=1800, pid=100
[2024-07-11T08:37:28.412+0000] {processor.py:161} INFO - Started process (PID=100) to work on /home/airflow/.local/lib/python3.10/site-packages/airflow/example_dags/example_latest_only.py
[2024-07-11T08:37:28.412+0000] {processor.py:830} INFO - Processing file /home/airflow/.local/lib/python3.10/site-packages/airflow/example_dags/example_latest_only.py for tasks to queue
[2024-07-11T08:37:28.413+0000] {logging_mixin.py:188} INFO - [2024-07-11T08:37:28.413+0000] {dagbag.py:540} INFO - Filling up the DagBag from /home/airflow/.local/lib/python3.10/site-packages/airflow/example_dags/example_latest_only.py
[2024-07-11T08:37:28.414+0000] {logging_mixin.py:188} INFO - [2024-07-11T08:37:28.413+0000] {dagbag.py:332} DEBUG - Importing /home/airflow/.local/lib/python3.10/site-packages/airflow/example_dags/example_latest_only.py
[2024-07-11T08:37:28.417+0000] {logging_mixin.py:188} INFO - [2024-07-11T08:37:28.417+0000] {dagbag.py:506} DEBUG - Loaded DAG <DAG: latest_only>
[2024-07-11T08:37:28.417+0000] {processor.py:840} INFO - DAG(s) 'latest_only' retrieved from /home/airflow/.local/lib/python3.10/site-packages/airflow/example_dags/example_latest_only.py
[2024-07-11T08:37:28.418+0000] {logging_mixin.py:188} INFO - [2024-07-11T08:37:28.418+0000] {dagbag.py:662} DEBUG - Running dagbag.sync_to_db with retries. Try 1 of 3
[2024-07-11T08:37:28.418+0000] {logging_mixin.py:188} INFO - [2024-07-11T08:37:28.418+0000] {dagbag.py:667} DEBUG - Calling the DAG.bulk_sync_to_db method
[2024-07-11T08:37:28.425+0000] {logging_mixin.py:188} INFO - [2024-07-11T08:37:28.425+0000] {serialized_dag.py:165} DEBUG - Checking if DAG (latest_only) changed
[2024-07-11T08:37:28.430+0000] {logging_mixin.py:188} INFO - [2024-07-11T08:37:28.430+0000] {serialized_dag.py:179} DEBUG - Writing Serialized DAG: latest_only to the DB
[2024-07-11T08:37:28.433+0000] {logging_mixin.py:188} INFO - [2024-07-11T08:37:28.433+0000] {serialized_dag.py:181} DEBUG - DAG: latest_only written to the DB
[2024-07-11T08:37:28.433+0000] {logging_mixin.py:188} INFO - [2024-07-11T08:37:28.433+0000] {dagbag.py:696} DEBUG - Syncing DAG permissions: latest_only to the DB
[2024-07-11T08:37:28.490+0000] {logging_mixin.py:188} INFO - [2024-07-11T08:37:28.490+0000] {override.py:1034} DEBUG - Not syncing DAG-level permissions for DAG 'DAG:latest_only' as access control is unset.
[2024-07-11T08:37:28.490+0000] {logging_mixin.py:188} INFO - [2024-07-11T08:37:28.490+0000] {dag.py:3047} INFO - Sync 1 DAGs
[2024-07-11T08:37:28.505+0000] {logging_mixin.py:188} INFO - [2024-07-11T08:37:28.505+0000] {dag.py:3834} INFO - Setting next_dagrun for latest_only to 2024-07-11 04:00:00+00:00, run_after=2024-07-11 08:00:00+00:00
[2024-07-11T08:37:28.517+0000] {processor.py:183} INFO - Processing /home/airflow/.local/lib/python3.10/site-packages/airflow/example_dags/example_latest_only.py took 0.108 seconds
[2024-07-11T08:37:58.544+0000] {logging_mixin.py:188} INFO - [2024-07-11T08:37:58.544+0000] {settings.py:249} DEBUG - Setting up DB connection pool (PID 156)
[2024-07-11T08:37:58.545+0000] {logging_mixin.py:188} INFO - [2024-07-11T08:37:58.545+0000] {settings.py:350} DEBUG - settings.prepare_engine_args(): Using pool settings. pool_size=5, max_overflow=10, pool_recycle=1800, pid=156
[2024-07-11T08:37:58.547+0000] {processor.py:161} INFO - Started process (PID=156) to work on /home/airflow/.local/lib/python3.10/site-packages/airflow/example_dags/example_latest_only.py
[2024-07-11T08:37:58.547+0000] {processor.py:830} INFO - Processing file /home/airflow/.local/lib/python3.10/site-packages/airflow/example_dags/example_latest_only.py for tasks to queue
[2024-07-11T08:37:58.547+0000] {logging_mixin.py:188} INFO - [2024-07-11T08:37:58.547+0000] {dagbag.py:540} INFO - Filling up the DagBag from /home/airflow/.local/lib/python3.10/site-packages/airflow/example_dags/example_latest_only.py
[2024-07-11T08:37:58.548+0000] {logging_mixin.py:188} INFO - [2024-07-11T08:37:58.548+0000] {dagbag.py:332} DEBUG - Importing /home/airflow/.local/lib/python3.10/site-packages/airflow/example_dags/example_latest_only.py
[2024-07-11T08:37:58.551+0000] {logging_mixin.py:188} INFO - [2024-07-11T08:37:58.551+0000] {dagbag.py:506} DEBUG - Loaded DAG <DAG: latest_only>
[2024-07-11T08:37:58.552+0000] {processor.py:840} INFO - DAG(s) 'latest_only' retrieved from /home/airflow/.local/lib/python3.10/site-packages/airflow/example_dags/example_latest_only.py
[2024-07-11T08:37:58.552+0000] {logging_mixin.py:188} INFO - [2024-07-11T08:37:58.552+0000] {dagbag.py:662} DEBUG - Running dagbag.sync_to_db with retries. Try 1 of 3
[2024-07-11T08:37:58.552+0000] {logging_mixin.py:188} INFO - [2024-07-11T08:37:58.552+0000] {dagbag.py:667} DEBUG - Calling the DAG.bulk_sync_to_db method
[2024-07-11T08:37:58.560+0000] {logging_mixin.py:188} INFO - [2024-07-11T08:37:58.560+0000] {serialized_dag.py:165} DEBUG - Checking if DAG (latest_only) changed
[2024-07-11T08:37:58.565+0000] {logging_mixin.py:188} INFO - [2024-07-11T08:37:58.565+0000] {serialized_dag.py:176} DEBUG - Serialized DAG (latest_only) is unchanged. Skipping writing to DB
[2024-07-11T08:37:58.565+0000] {logging_mixin.py:188} INFO - [2024-07-11T08:37:58.565+0000] {dag.py:3047} INFO - Sync 1 DAGs
[2024-07-11T08:37:58.579+0000] {logging_mixin.py:188} INFO - [2024-07-11T08:37:58.579+0000] {dag.py:3834} INFO - Setting next_dagrun for latest_only to 2024-07-11 04:00:00+00:00, run_after=2024-07-11 08:00:00+00:00
[2024-07-11T08:37:58.591+0000] {processor.py:183} INFO - Processing /home/airflow/.local/lib/python3.10/site-packages/airflow/example_dags/example_latest_only.py took 0.047 seconds
[2024-07-11T08:38:28.652+0000] {logging_mixin.py:188} INFO - [2024-07-11T08:38:28.651+0000] {settings.py:249} DEBUG - Setting up DB connection pool (PID 212)
[2024-07-11T08:38:28.652+0000] {logging_mixin.py:188} INFO - [2024-07-11T08:38:28.652+0000] {settings.py:350} DEBUG - settings.prepare_engine_args(): Using pool settings. pool_size=5, max_overflow=10, pool_recycle=1800, pid=212
[2024-07-11T08:38:28.654+0000] {processor.py:161} INFO - Started process (PID=212) to work on /home/airflow/.local/lib/python3.10/site-packages/airflow/example_dags/example_latest_only.py
[2024-07-11T08:38:28.655+0000] {processor.py:830} INFO - Processing file /home/airflow/.local/lib/python3.10/site-packages/airflow/example_dags/example_latest_only.py for tasks to queue
[2024-07-11T08:38:28.655+0000] {logging_mixin.py:188} INFO - [2024-07-11T08:38:28.655+0000] {dagbag.py:540} INFO - Filling up the DagBag from /home/airflow/.local/lib/python3.10/site-packages/airflow/example_dags/example_latest_only.py
[2024-07-11T08:38:28.656+0000] {logging_mixin.py:188} INFO - [2024-07-11T08:38:28.656+0000] {dagbag.py:332} DEBUG - Importing /home/airflow/.local/lib/python3.10/site-packages/airflow/example_dags/example_latest_only.py
[2024-07-11T08:38:28.660+0000] {logging_mixin.py:188} INFO - [2024-07-11T08:38:28.659+0000] {dagbag.py:506} DEBUG - Loaded DAG <DAG: latest_only>
[2024-07-11T08:38:28.660+0000] {processor.py:840} INFO - DAG(s) 'latest_only' retrieved from /home/airflow/.local/lib/python3.10/site-packages/airflow/example_dags/example_latest_only.py
[2024-07-11T08:38:28.661+0000] {logging_mixin.py:188} INFO - [2024-07-11T08:38:28.661+0000] {dagbag.py:662} DEBUG - Running dagbag.sync_to_db with retries. Try 1 of 3
[2024-07-11T08:38:28.661+0000] {logging_mixin.py:188} INFO - [2024-07-11T08:38:28.661+0000] {dagbag.py:667} DEBUG - Calling the DAG.bulk_sync_to_db method
[2024-07-11T08:38:28.669+0000] {logging_mixin.py:188} INFO - [2024-07-11T08:38:28.668+0000] {serialized_dag.py:165} DEBUG - Checking if DAG (latest_only) changed
[2024-07-11T08:38:28.674+0000] {logging_mixin.py:188} INFO - [2024-07-11T08:38:28.674+0000] {serialized_dag.py:176} DEBUG - Serialized DAG (latest_only) is unchanged. Skipping writing to DB
[2024-07-11T08:38:28.675+0000] {logging_mixin.py:188} INFO - [2024-07-11T08:38:28.675+0000] {dag.py:3047} INFO - Sync 1 DAGs
[2024-07-11T08:38:28.691+0000] {logging_mixin.py:188} INFO - [2024-07-11T08:38:28.690+0000] {dag.py:3834} INFO - Setting next_dagrun for latest_only to 2024-07-11 04:00:00+00:00, run_after=2024-07-11 08:00:00+00:00
[2024-07-11T08:38:28.704+0000] {processor.py:183} INFO - Processing /home/airflow/.local/lib/python3.10/site-packages/airflow/example_dags/example_latest_only.py took 0.053 seconds
[2024-07-11T08:38:58.890+0000] {logging_mixin.py:188} INFO - [2024-07-11T08:38:58.890+0000] {settings.py:249} DEBUG - Setting up DB connection pool (PID 268)
[2024-07-11T08:38:58.891+0000] {logging_mixin.py:188} INFO - [2024-07-11T08:38:58.891+0000] {settings.py:350} DEBUG - settings.prepare_engine_args(): Using pool settings. pool_size=5, max_overflow=10, pool_recycle=1800, pid=268
[2024-07-11T08:38:58.894+0000] {processor.py:161} INFO - Started process (PID=268) to work on /home/airflow/.local/lib/python3.10/site-packages/airflow/example_dags/example_latest_only.py
[2024-07-11T08:38:58.894+0000] {processor.py:830} INFO - Processing file /home/airflow/.local/lib/python3.10/site-packages/airflow/example_dags/example_latest_only.py for tasks to queue
[2024-07-11T08:38:58.895+0000] {logging_mixin.py:188} INFO - [2024-07-11T08:38:58.895+0000] {dagbag.py:540} INFO - Filling up the DagBag from /home/airflow/.local/lib/python3.10/site-packages/airflow/example_dags/example_latest_only.py
[2024-07-11T08:38:58.896+0000] {logging_mixin.py:188} INFO - [2024-07-11T08:38:58.896+0000] {dagbag.py:332} DEBUG - Importing /home/airflow/.local/lib/python3.10/site-packages/airflow/example_dags/example_latest_only.py
[2024-07-11T08:38:58.900+0000] {logging_mixin.py:188} INFO - [2024-07-11T08:38:58.900+0000] {dagbag.py:506} DEBUG - Loaded DAG <DAG: latest_only>
[2024-07-11T08:38:58.900+0000] {processor.py:840} INFO - DAG(s) 'latest_only' retrieved from /home/airflow/.local/lib/python3.10/site-packages/airflow/example_dags/example_latest_only.py
[2024-07-11T08:38:58.901+0000] {logging_mixin.py:188} INFO - [2024-07-11T08:38:58.901+0000] {dagbag.py:662} DEBUG - Running dagbag.sync_to_db with retries. Try 1 of 3
[2024-07-11T08:38:58.902+0000] {logging_mixin.py:188} INFO - [2024-07-11T08:38:58.902+0000] {dagbag.py:667} DEBUG - Calling the DAG.bulk_sync_to_db method
[2024-07-11T08:38:58.912+0000] {logging_mixin.py:188} INFO - [2024-07-11T08:38:58.912+0000] {serialized_dag.py:165} DEBUG - Checking if DAG (latest_only) changed
[2024-07-11T08:38:58.919+0000] {logging_mixin.py:188} INFO - [2024-07-11T08:38:58.919+0000] {serialized_dag.py:176} DEBUG - Serialized DAG (latest_only) is unchanged. Skipping writing to DB
[2024-07-11T08:38:58.919+0000] {logging_mixin.py:188} INFO - [2024-07-11T08:38:58.919+0000] {dag.py:3047} INFO - Sync 1 DAGs
[2024-07-11T08:38:58.940+0000] {logging_mixin.py:188} INFO - [2024-07-11T08:38:58.939+0000] {dag.py:3834} INFO - Setting next_dagrun for latest_only to 2024-07-11 04:00:00+00:00, run_after=2024-07-11 08:00:00+00:00
[2024-07-11T08:38:58.958+0000] {processor.py:183} INFO - Processing /home/airflow/.local/lib/python3.10/site-packages/airflow/example_dags/example_latest_only.py took 0.068 seconds
[2024-07-11T08:39:29.224+0000] {logging_mixin.py:188} INFO - [2024-07-11T08:39:29.224+0000] {settings.py:249} DEBUG - Setting up DB connection pool (PID 324)
[2024-07-11T08:39:29.225+0000] {logging_mixin.py:188} INFO - [2024-07-11T08:39:29.224+0000] {settings.py:350} DEBUG - settings.prepare_engine_args(): Using pool settings. pool_size=5, max_overflow=10, pool_recycle=1800, pid=324
[2024-07-11T08:39:29.226+0000] {processor.py:161} INFO - Started process (PID=324) to work on /home/airflow/.local/lib/python3.10/site-packages/airflow/example_dags/example_latest_only.py
[2024-07-11T08:39:29.227+0000] {processor.py:830} INFO - Processing file /home/airflow/.local/lib/python3.10/site-packages/airflow/example_dags/example_latest_only.py for tasks to queue
[2024-07-11T08:39:29.227+0000] {logging_mixin.py:188} INFO - [2024-07-11T08:39:29.227+0000] {dagbag.py:540} INFO - Filling up the DagBag from /home/airflow/.local/lib/python3.10/site-packages/airflow/example_dags/example_latest_only.py
[2024-07-11T08:39:29.228+0000] {logging_mixin.py:188} INFO - [2024-07-11T08:39:29.228+0000] {dagbag.py:332} DEBUG - Importing /home/airflow/.local/lib/python3.10/site-packages/airflow/example_dags/example_latest_only.py
[2024-07-11T08:39:29.231+0000] {logging_mixin.py:188} INFO - [2024-07-11T08:39:29.231+0000] {dagbag.py:506} DEBUG - Loaded DAG <DAG: latest_only>
[2024-07-11T08:39:29.231+0000] {processor.py:840} INFO - DAG(s) 'latest_only' retrieved from /home/airflow/.local/lib/python3.10/site-packages/airflow/example_dags/example_latest_only.py
[2024-07-11T08:39:29.232+0000] {logging_mixin.py:188} INFO - [2024-07-11T08:39:29.232+0000] {dagbag.py:662} DEBUG - Running dagbag.sync_to_db with retries. Try 1 of 3
[2024-07-11T08:39:29.232+0000] {logging_mixin.py:188} INFO - [2024-07-11T08:39:29.232+0000] {dagbag.py:667} DEBUG - Calling the DAG.bulk_sync_to_db method
[2024-07-11T08:39:29.240+0000] {logging_mixin.py:188} INFO - [2024-07-11T08:39:29.239+0000] {serialized_dag.py:165} DEBUG - Checking if DAG (latest_only) changed
[2024-07-11T08:39:29.246+0000] {logging_mixin.py:188} INFO - [2024-07-11T08:39:29.246+0000] {serialized_dag.py:176} DEBUG - Serialized DAG (latest_only) is unchanged. Skipping writing to DB
[2024-07-11T08:39:29.246+0000] {logging_mixin.py:188} INFO - [2024-07-11T08:39:29.246+0000] {dag.py:3047} INFO - Sync 1 DAGs
[2024-07-11T08:39:29.262+0000] {logging_mixin.py:188} INFO - [2024-07-11T08:39:29.262+0000] {dag.py:3834} INFO - Setting next_dagrun for latest_only to 2024-07-11 04:00:00+00:00, run_after=2024-07-11 08:00:00+00:00
[2024-07-11T08:39:29.274+0000] {processor.py:183} INFO - Processing /home/airflow/.local/lib/python3.10/site-packages/airflow/example_dags/example_latest_only.py took 0.050 seconds
[2024-07-11T08:39:59.472+0000] {logging_mixin.py:188} INFO - [2024-07-11T08:39:59.471+0000] {settings.py:249} DEBUG - Setting up DB connection pool (PID 380)
[2024-07-11T08:39:59.473+0000] {logging_mixin.py:188} INFO - [2024-07-11T08:39:59.472+0000] {settings.py:350} DEBUG - settings.prepare_engine_args(): Using pool settings. pool_size=5, max_overflow=10, pool_recycle=1800, pid=380
[2024-07-11T08:39:59.475+0000] {processor.py:161} INFO - Started process (PID=380) to work on /home/airflow/.local/lib/python3.10/site-packages/airflow/example_dags/example_latest_only.py
[2024-07-11T08:39:59.476+0000] {processor.py:830} INFO - Processing file /home/airflow/.local/lib/python3.10/site-packages/airflow/example_dags/example_latest_only.py for tasks to queue
[2024-07-11T08:39:59.477+0000] {logging_mixin.py:188} INFO - [2024-07-11T08:39:59.477+0000] {dagbag.py:540} INFO - Filling up the DagBag from /home/airflow/.local/lib/python3.10/site-packages/airflow/example_dags/example_latest_only.py
[2024-07-11T08:39:59.478+0000] {logging_mixin.py:188} INFO - [2024-07-11T08:39:59.478+0000] {dagbag.py:332} DEBUG - Importing /home/airflow/.local/lib/python3.10/site-packages/airflow/example_dags/example_latest_only.py
[2024-07-11T08:39:59.483+0000] {logging_mixin.py:188} INFO - [2024-07-11T08:39:59.483+0000] {dagbag.py:506} DEBUG - Loaded DAG <DAG: latest_only>
[2024-07-11T08:39:59.484+0000] {processor.py:840} INFO - DAG(s) 'latest_only' retrieved from /home/airflow/.local/lib/python3.10/site-packages/airflow/example_dags/example_latest_only.py
[2024-07-11T08:39:59.485+0000] {logging_mixin.py:188} INFO - [2024-07-11T08:39:59.485+0000] {dagbag.py:662} DEBUG - Running dagbag.sync_to_db with retries. Try 1 of 3
[2024-07-11T08:39:59.485+0000] {logging_mixin.py:188} INFO - [2024-07-11T08:39:59.485+0000] {dagbag.py:667} DEBUG - Calling the DAG.bulk_sync_to_db method
[2024-07-11T08:39:59.497+0000] {logging_mixin.py:188} INFO - [2024-07-11T08:39:59.497+0000] {serialized_dag.py:165} DEBUG - Checking if DAG (latest_only) changed
[2024-07-11T08:39:59.506+0000] {logging_mixin.py:188} INFO - [2024-07-11T08:39:59.505+0000] {serialized_dag.py:176} DEBUG - Serialized DAG (latest_only) is unchanged. Skipping writing to DB
[2024-07-11T08:39:59.506+0000] {logging_mixin.py:188} INFO - [2024-07-11T08:39:59.506+0000] {dag.py:3047} INFO - Sync 1 DAGs
[2024-07-11T08:39:59.532+0000] {logging_mixin.py:188} INFO - [2024-07-11T08:39:59.531+0000] {dag.py:3834} INFO - Setting next_dagrun for latest_only to 2024-07-11 04:00:00+00:00, run_after=2024-07-11 08:00:00+00:00
[2024-07-11T08:39:59.553+0000] {processor.py:183} INFO - Processing /home/airflow/.local/lib/python3.10/site-packages/airflow/example_dags/example_latest_only.py took 0.082 seconds
[2024-07-11T08:41:12.404+0000] {logging_mixin.py:188} INFO - [2024-07-11T08:41:12.403+0000] {settings.py:249} DEBUG - Setting up DB connection pool (PID 44)
[2024-07-11T08:41:12.405+0000] {logging_mixin.py:188} INFO - [2024-07-11T08:41:12.405+0000] {settings.py:350} DEBUG - settings.prepare_engine_args(): Using pool settings. pool_size=5, max_overflow=10, pool_recycle=1800, pid=44
[2024-07-11T08:41:12.407+0000] {processor.py:161} INFO - Started process (PID=44) to work on /home/airflow/.local/lib/python3.10/site-packages/airflow/example_dags/example_latest_only.py
[2024-07-11T08:41:12.407+0000] {processor.py:830} INFO - Processing file /home/airflow/.local/lib/python3.10/site-packages/airflow/example_dags/example_latest_only.py for tasks to queue
[2024-07-11T08:41:12.408+0000] {logging_mixin.py:188} INFO - [2024-07-11T08:41:12.408+0000] {dagbag.py:540} INFO - Filling up the DagBag from /home/airflow/.local/lib/python3.10/site-packages/airflow/example_dags/example_latest_only.py
[2024-07-11T08:41:12.409+0000] {logging_mixin.py:188} INFO - [2024-07-11T08:41:12.409+0000] {dagbag.py:332} DEBUG - Importing /home/airflow/.local/lib/python3.10/site-packages/airflow/example_dags/example_latest_only.py
[2024-07-11T08:41:12.413+0000] {logging_mixin.py:188} INFO - [2024-07-11T08:41:12.413+0000] {dagbag.py:506} DEBUG - Loaded DAG <DAG: latest_only>
[2024-07-11T08:41:12.413+0000] {processor.py:840} INFO - DAG(s) 'latest_only' retrieved from /home/airflow/.local/lib/python3.10/site-packages/airflow/example_dags/example_latest_only.py
[2024-07-11T08:41:12.414+0000] {logging_mixin.py:188} INFO - [2024-07-11T08:41:12.414+0000] {dagbag.py:662} DEBUG - Running dagbag.sync_to_db with retries. Try 1 of 3
[2024-07-11T08:41:12.415+0000] {logging_mixin.py:188} INFO - [2024-07-11T08:41:12.414+0000] {dagbag.py:667} DEBUG - Calling the DAG.bulk_sync_to_db method
[2024-07-11T08:41:12.425+0000] {logging_mixin.py:188} INFO - [2024-07-11T08:41:12.424+0000] {dag.py:3047} INFO - Sync 1 DAGs
[2024-07-11T08:41:12.446+0000] {logging_mixin.py:188} INFO - [2024-07-11T08:41:12.446+0000] {dag.py:3834} INFO - Setting next_dagrun for latest_only to 2024-07-11 04:00:00+00:00, run_after=2024-07-11 08:00:00+00:00
[2024-07-11T08:41:12.460+0000] {processor.py:183} INFO - Processing /home/airflow/.local/lib/python3.10/site-packages/airflow/example_dags/example_latest_only.py took 0.057 seconds
[2024-07-11T08:41:43.210+0000] {logging_mixin.py:188} INFO - [2024-07-11T08:41:43.210+0000] {settings.py:249} DEBUG - Setting up DB connection pool (PID 100)
[2024-07-11T08:41:43.211+0000] {logging_mixin.py:188} INFO - [2024-07-11T08:41:43.210+0000] {settings.py:350} DEBUG - settings.prepare_engine_args(): Using pool settings. pool_size=5, max_overflow=10, pool_recycle=1800, pid=100
[2024-07-11T08:41:43.212+0000] {processor.py:161} INFO - Started process (PID=100) to work on /home/airflow/.local/lib/python3.10/site-packages/airflow/example_dags/example_latest_only.py
[2024-07-11T08:41:43.213+0000] {processor.py:830} INFO - Processing file /home/airflow/.local/lib/python3.10/site-packages/airflow/example_dags/example_latest_only.py for tasks to queue
[2024-07-11T08:41:43.213+0000] {logging_mixin.py:188} INFO - [2024-07-11T08:41:43.213+0000] {dagbag.py:540} INFO - Filling up the DagBag from /home/airflow/.local/lib/python3.10/site-packages/airflow/example_dags/example_latest_only.py
[2024-07-11T08:41:43.214+0000] {logging_mixin.py:188} INFO - [2024-07-11T08:41:43.214+0000] {dagbag.py:332} DEBUG - Importing /home/airflow/.local/lib/python3.10/site-packages/airflow/example_dags/example_latest_only.py
[2024-07-11T08:41:43.217+0000] {logging_mixin.py:188} INFO - [2024-07-11T08:41:43.217+0000] {dagbag.py:506} DEBUG - Loaded DAG <DAG: latest_only>
[2024-07-11T08:41:43.217+0000] {processor.py:840} INFO - DAG(s) 'latest_only' retrieved from /home/airflow/.local/lib/python3.10/site-packages/airflow/example_dags/example_latest_only.py
[2024-07-11T08:41:43.218+0000] {logging_mixin.py:188} INFO - [2024-07-11T08:41:43.218+0000] {dagbag.py:662} DEBUG - Running dagbag.sync_to_db with retries. Try 1 of 3
[2024-07-11T08:41:43.218+0000] {logging_mixin.py:188} INFO - [2024-07-11T08:41:43.218+0000] {dagbag.py:667} DEBUG - Calling the DAG.bulk_sync_to_db method
[2024-07-11T08:41:43.225+0000] {logging_mixin.py:188} INFO - [2024-07-11T08:41:43.225+0000] {serialized_dag.py:165} DEBUG - Checking if DAG (latest_only) changed
[2024-07-11T08:41:43.232+0000] {logging_mixin.py:188} INFO - [2024-07-11T08:41:43.231+0000] {serialized_dag.py:179} DEBUG - Writing Serialized DAG: latest_only to the DB
[2024-07-11T08:41:43.234+0000] {logging_mixin.py:188} INFO - [2024-07-11T08:41:43.234+0000] {serialized_dag.py:181} DEBUG - DAG: latest_only written to the DB
[2024-07-11T08:41:43.234+0000] {logging_mixin.py:188} INFO - [2024-07-11T08:41:43.234+0000] {dagbag.py:696} DEBUG - Syncing DAG permissions: latest_only to the DB
[2024-07-11T08:41:43.293+0000] {logging_mixin.py:188} INFO - [2024-07-11T08:41:43.292+0000] {override.py:1034} DEBUG - Not syncing DAG-level permissions for DAG 'DAG:latest_only' as access control is unset.
[2024-07-11T08:41:43.293+0000] {logging_mixin.py:188} INFO - [2024-07-11T08:41:43.293+0000] {dag.py:3047} INFO - Sync 1 DAGs
[2024-07-11T08:41:43.309+0000] {logging_mixin.py:188} INFO - [2024-07-11T08:41:43.308+0000] {dag.py:3834} INFO - Setting next_dagrun for latest_only to 2024-07-11 04:00:00+00:00, run_after=2024-07-11 08:00:00+00:00
[2024-07-11T08:41:43.321+0000] {processor.py:183} INFO - Processing /home/airflow/.local/lib/python3.10/site-packages/airflow/example_dags/example_latest_only.py took 0.112 seconds
[2024-07-11T08:42:13.366+0000] {logging_mixin.py:188} INFO - [2024-07-11T08:42:13.365+0000] {settings.py:249} DEBUG - Setting up DB connection pool (PID 156)
[2024-07-11T08:42:13.366+0000] {logging_mixin.py:188} INFO - [2024-07-11T08:42:13.366+0000] {settings.py:350} DEBUG - settings.prepare_engine_args(): Using pool settings. pool_size=5, max_overflow=10, pool_recycle=1800, pid=156
[2024-07-11T08:42:13.368+0000] {processor.py:161} INFO - Started process (PID=156) to work on /home/airflow/.local/lib/python3.10/site-packages/airflow/example_dags/example_latest_only.py
[2024-07-11T08:42:13.368+0000] {processor.py:830} INFO - Processing file /home/airflow/.local/lib/python3.10/site-packages/airflow/example_dags/example_latest_only.py for tasks to queue
[2024-07-11T08:42:13.369+0000] {logging_mixin.py:188} INFO - [2024-07-11T08:42:13.369+0000] {dagbag.py:540} INFO - Filling up the DagBag from /home/airflow/.local/lib/python3.10/site-packages/airflow/example_dags/example_latest_only.py
[2024-07-11T08:42:13.370+0000] {logging_mixin.py:188} INFO - [2024-07-11T08:42:13.370+0000] {dagbag.py:332} DEBUG - Importing /home/airflow/.local/lib/python3.10/site-packages/airflow/example_dags/example_latest_only.py
[2024-07-11T08:42:13.373+0000] {logging_mixin.py:188} INFO - [2024-07-11T08:42:13.373+0000] {dagbag.py:506} DEBUG - Loaded DAG <DAG: latest_only>
[2024-07-11T08:42:13.374+0000] {processor.py:840} INFO - DAG(s) 'latest_only' retrieved from /home/airflow/.local/lib/python3.10/site-packages/airflow/example_dags/example_latest_only.py
[2024-07-11T08:42:13.374+0000] {logging_mixin.py:188} INFO - [2024-07-11T08:42:13.374+0000] {dagbag.py:662} DEBUG - Running dagbag.sync_to_db with retries. Try 1 of 3
[2024-07-11T08:42:13.374+0000] {logging_mixin.py:188} INFO - [2024-07-11T08:42:13.374+0000] {dagbag.py:667} DEBUG - Calling the DAG.bulk_sync_to_db method
[2024-07-11T08:42:13.382+0000] {logging_mixin.py:188} INFO - [2024-07-11T08:42:13.382+0000] {serialized_dag.py:165} DEBUG - Checking if DAG (latest_only) changed
[2024-07-11T08:42:13.389+0000] {logging_mixin.py:188} INFO - [2024-07-11T08:42:13.389+0000] {serialized_dag.py:176} DEBUG - Serialized DAG (latest_only) is unchanged. Skipping writing to DB
[2024-07-11T08:42:13.389+0000] {logging_mixin.py:188} INFO - [2024-07-11T08:42:13.389+0000] {dag.py:3047} INFO - Sync 1 DAGs
[2024-07-11T08:42:13.407+0000] {logging_mixin.py:188} INFO - [2024-07-11T08:42:13.407+0000] {dag.py:3834} INFO - Setting next_dagrun for latest_only to 2024-07-11 04:00:00+00:00, run_after=2024-07-11 08:00:00+00:00
[2024-07-11T08:42:13.421+0000] {processor.py:183} INFO - Processing /home/airflow/.local/lib/python3.10/site-packages/airflow/example_dags/example_latest_only.py took 0.056 seconds
[2024-07-11T08:42:43.559+0000] {logging_mixin.py:188} INFO - [2024-07-11T08:42:43.558+0000] {settings.py:249} DEBUG - Setting up DB connection pool (PID 212)
[2024-07-11T08:42:43.559+0000] {logging_mixin.py:188} INFO - [2024-07-11T08:42:43.559+0000] {settings.py:350} DEBUG - settings.prepare_engine_args(): Using pool settings. pool_size=5, max_overflow=10, pool_recycle=1800, pid=212
[2024-07-11T08:42:43.561+0000] {processor.py:161} INFO - Started process (PID=212) to work on /home/airflow/.local/lib/python3.10/site-packages/airflow/example_dags/example_latest_only.py
[2024-07-11T08:42:43.561+0000] {processor.py:830} INFO - Processing file /home/airflow/.local/lib/python3.10/site-packages/airflow/example_dags/example_latest_only.py for tasks to queue
[2024-07-11T08:42:43.562+0000] {logging_mixin.py:188} INFO - [2024-07-11T08:42:43.561+0000] {dagbag.py:540} INFO - Filling up the DagBag from /home/airflow/.local/lib/python3.10/site-packages/airflow/example_dags/example_latest_only.py
[2024-07-11T08:42:43.562+0000] {logging_mixin.py:188} INFO - [2024-07-11T08:42:43.562+0000] {dagbag.py:332} DEBUG - Importing /home/airflow/.local/lib/python3.10/site-packages/airflow/example_dags/example_latest_only.py
[2024-07-11T08:42:43.566+0000] {logging_mixin.py:188} INFO - [2024-07-11T08:42:43.565+0000] {dagbag.py:506} DEBUG - Loaded DAG <DAG: latest_only>
[2024-07-11T08:42:43.566+0000] {processor.py:840} INFO - DAG(s) 'latest_only' retrieved from /home/airflow/.local/lib/python3.10/site-packages/airflow/example_dags/example_latest_only.py
[2024-07-11T08:42:43.566+0000] {logging_mixin.py:188} INFO - [2024-07-11T08:42:43.566+0000] {dagbag.py:662} DEBUG - Running dagbag.sync_to_db with retries. Try 1 of 3
[2024-07-11T08:42:43.567+0000] {logging_mixin.py:188} INFO - [2024-07-11T08:42:43.566+0000] {dagbag.py:667} DEBUG - Calling the DAG.bulk_sync_to_db method
[2024-07-11T08:42:43.574+0000] {logging_mixin.py:188} INFO - [2024-07-11T08:42:43.574+0000] {serialized_dag.py:165} DEBUG - Checking if DAG (latest_only) changed
[2024-07-11T08:42:43.579+0000] {logging_mixin.py:188} INFO - [2024-07-11T08:42:43.579+0000] {serialized_dag.py:176} DEBUG - Serialized DAG (latest_only) is unchanged. Skipping writing to DB
[2024-07-11T08:42:43.580+0000] {logging_mixin.py:188} INFO - [2024-07-11T08:42:43.580+0000] {dag.py:3047} INFO - Sync 1 DAGs
[2024-07-11T08:42:43.596+0000] {logging_mixin.py:188} INFO - [2024-07-11T08:42:43.595+0000] {dag.py:3834} INFO - Setting next_dagrun for latest_only to 2024-07-11 04:00:00+00:00, run_after=2024-07-11 08:00:00+00:00
[2024-07-11T08:42:43.607+0000] {processor.py:183} INFO - Processing /home/airflow/.local/lib/python3.10/site-packages/airflow/example_dags/example_latest_only.py took 0.049 seconds
[2024-07-11T08:43:13.720+0000] {logging_mixin.py:188} INFO - [2024-07-11T08:43:13.719+0000] {settings.py:249} DEBUG - Setting up DB connection pool (PID 268)
[2024-07-11T08:43:13.720+0000] {logging_mixin.py:188} INFO - [2024-07-11T08:43:13.720+0000] {settings.py:350} DEBUG - settings.prepare_engine_args(): Using pool settings. pool_size=5, max_overflow=10, pool_recycle=1800, pid=268
[2024-07-11T08:43:13.722+0000] {processor.py:161} INFO - Started process (PID=268) to work on /home/airflow/.local/lib/python3.10/site-packages/airflow/example_dags/example_latest_only.py
[2024-07-11T08:43:13.722+0000] {processor.py:830} INFO - Processing file /home/airflow/.local/lib/python3.10/site-packages/airflow/example_dags/example_latest_only.py for tasks to queue
[2024-07-11T08:43:13.723+0000] {logging_mixin.py:188} INFO - [2024-07-11T08:43:13.723+0000] {dagbag.py:540} INFO - Filling up the DagBag from /home/airflow/.local/lib/python3.10/site-packages/airflow/example_dags/example_latest_only.py
[2024-07-11T08:43:13.724+0000] {logging_mixin.py:188} INFO - [2024-07-11T08:43:13.723+0000] {dagbag.py:332} DEBUG - Importing /home/airflow/.local/lib/python3.10/site-packages/airflow/example_dags/example_latest_only.py
[2024-07-11T08:43:13.727+0000] {logging_mixin.py:188} INFO - [2024-07-11T08:43:13.727+0000] {dagbag.py:506} DEBUG - Loaded DAG <DAG: latest_only>
[2024-07-11T08:43:13.727+0000] {processor.py:840} INFO - DAG(s) 'latest_only' retrieved from /home/airflow/.local/lib/python3.10/site-packages/airflow/example_dags/example_latest_only.py
[2024-07-11T08:43:13.728+0000] {logging_mixin.py:188} INFO - [2024-07-11T08:43:13.727+0000] {dagbag.py:662} DEBUG - Running dagbag.sync_to_db with retries. Try 1 of 3
[2024-07-11T08:43:13.728+0000] {logging_mixin.py:188} INFO - [2024-07-11T08:43:13.728+0000] {dagbag.py:667} DEBUG - Calling the DAG.bulk_sync_to_db method
[2024-07-11T08:43:13.735+0000] {logging_mixin.py:188} INFO - [2024-07-11T08:43:13.735+0000] {serialized_dag.py:165} DEBUG - Checking if DAG (latest_only) changed
[2024-07-11T08:43:13.741+0000] {logging_mixin.py:188} INFO - [2024-07-11T08:43:13.741+0000] {serialized_dag.py:176} DEBUG - Serialized DAG (latest_only) is unchanged. Skipping writing to DB
[2024-07-11T08:43:13.742+0000] {logging_mixin.py:188} INFO - [2024-07-11T08:43:13.741+0000] {dag.py:3047} INFO - Sync 1 DAGs
[2024-07-11T08:43:13.756+0000] {logging_mixin.py:188} INFO - [2024-07-11T08:43:13.756+0000] {dag.py:3834} INFO - Setting next_dagrun for latest_only to 2024-07-11 04:00:00+00:00, run_after=2024-07-11 08:00:00+00:00
[2024-07-11T08:43:13.767+0000] {processor.py:183} INFO - Processing /home/airflow/.local/lib/python3.10/site-packages/airflow/example_dags/example_latest_only.py took 0.048 seconds
[2024-07-11T08:43:43.956+0000] {logging_mixin.py:188} INFO - [2024-07-11T08:43:43.955+0000] {settings.py:249} DEBUG - Setting up DB connection pool (PID 324)
[2024-07-11T08:43:43.957+0000] {logging_mixin.py:188} INFO - [2024-07-11T08:43:43.956+0000] {settings.py:350} DEBUG - settings.prepare_engine_args(): Using pool settings. pool_size=5, max_overflow=10, pool_recycle=1800, pid=324
[2024-07-11T08:43:43.959+0000] {processor.py:161} INFO - Started process (PID=324) to work on /home/airflow/.local/lib/python3.10/site-packages/airflow/example_dags/example_latest_only.py
[2024-07-11T08:43:43.959+0000] {processor.py:830} INFO - Processing file /home/airflow/.local/lib/python3.10/site-packages/airflow/example_dags/example_latest_only.py for tasks to queue
[2024-07-11T08:43:43.960+0000] {logging_mixin.py:188} INFO - [2024-07-11T08:43:43.960+0000] {dagbag.py:540} INFO - Filling up the DagBag from /home/airflow/.local/lib/python3.10/site-packages/airflow/example_dags/example_latest_only.py
[2024-07-11T08:43:43.961+0000] {logging_mixin.py:188} INFO - [2024-07-11T08:43:43.961+0000] {dagbag.py:332} DEBUG - Importing /home/airflow/.local/lib/python3.10/site-packages/airflow/example_dags/example_latest_only.py
[2024-07-11T08:43:43.966+0000] {logging_mixin.py:188} INFO - [2024-07-11T08:43:43.965+0000] {dagbag.py:506} DEBUG - Loaded DAG <DAG: latest_only>
[2024-07-11T08:43:43.966+0000] {processor.py:840} INFO - DAG(s) 'latest_only' retrieved from /home/airflow/.local/lib/python3.10/site-packages/airflow/example_dags/example_latest_only.py
[2024-07-11T08:43:43.966+0000] {logging_mixin.py:188} INFO - [2024-07-11T08:43:43.966+0000] {dagbag.py:662} DEBUG - Running dagbag.sync_to_db with retries. Try 1 of 3
[2024-07-11T08:43:43.967+0000] {logging_mixin.py:188} INFO - [2024-07-11T08:43:43.967+0000] {dagbag.py:667} DEBUG - Calling the DAG.bulk_sync_to_db method
[2024-07-11T08:43:43.975+0000] {logging_mixin.py:188} INFO - [2024-07-11T08:43:43.974+0000] {serialized_dag.py:165} DEBUG - Checking if DAG (latest_only) changed
[2024-07-11T08:43:43.982+0000] {logging_mixin.py:188} INFO - [2024-07-11T08:43:43.982+0000] {serialized_dag.py:176} DEBUG - Serialized DAG (latest_only) is unchanged. Skipping writing to DB
[2024-07-11T08:43:43.982+0000] {logging_mixin.py:188} INFO - [2024-07-11T08:43:43.982+0000] {dag.py:3047} INFO - Sync 1 DAGs
[2024-07-11T08:43:43.999+0000] {logging_mixin.py:188} INFO - [2024-07-11T08:43:43.999+0000] {dag.py:3834} INFO - Setting next_dagrun for latest_only to 2024-07-11 04:00:00+00:00, run_after=2024-07-11 08:00:00+00:00
[2024-07-11T08:43:44.014+0000] {processor.py:183} INFO - Processing /home/airflow/.local/lib/python3.10/site-packages/airflow/example_dags/example_latest_only.py took 0.058 seconds
[2024-07-11T08:44:14.364+0000] {logging_mixin.py:188} INFO - [2024-07-11T08:44:14.364+0000] {settings.py:249} DEBUG - Setting up DB connection pool (PID 380)
[2024-07-11T08:44:14.365+0000] {logging_mixin.py:188} INFO - [2024-07-11T08:44:14.365+0000] {settings.py:350} DEBUG - settings.prepare_engine_args(): Using pool settings. pool_size=5, max_overflow=10, pool_recycle=1800, pid=380
[2024-07-11T08:44:14.367+0000] {processor.py:161} INFO - Started process (PID=380) to work on /home/airflow/.local/lib/python3.10/site-packages/airflow/example_dags/example_latest_only.py
[2024-07-11T08:44:14.367+0000] {processor.py:830} INFO - Processing file /home/airflow/.local/lib/python3.10/site-packages/airflow/example_dags/example_latest_only.py for tasks to queue
[2024-07-11T08:44:14.368+0000] {logging_mixin.py:188} INFO - [2024-07-11T08:44:14.368+0000] {dagbag.py:540} INFO - Filling up the DagBag from /home/airflow/.local/lib/python3.10/site-packages/airflow/example_dags/example_latest_only.py
[2024-07-11T08:44:14.369+0000] {logging_mixin.py:188} INFO - [2024-07-11T08:44:14.369+0000] {dagbag.py:332} DEBUG - Importing /home/airflow/.local/lib/python3.10/site-packages/airflow/example_dags/example_latest_only.py
[2024-07-11T08:44:14.373+0000] {logging_mixin.py:188} INFO - [2024-07-11T08:44:14.372+0000] {dagbag.py:506} DEBUG - Loaded DAG <DAG: latest_only>
[2024-07-11T08:44:14.374+0000] {processor.py:840} INFO - DAG(s) 'latest_only' retrieved from /home/airflow/.local/lib/python3.10/site-packages/airflow/example_dags/example_latest_only.py
[2024-07-11T08:44:14.374+0000] {logging_mixin.py:188} INFO - [2024-07-11T08:44:14.374+0000] {dagbag.py:662} DEBUG - Running dagbag.sync_to_db with retries. Try 1 of 3
[2024-07-11T08:44:14.375+0000] {logging_mixin.py:188} INFO - [2024-07-11T08:44:14.375+0000] {dagbag.py:667} DEBUG - Calling the DAG.bulk_sync_to_db method
[2024-07-11T08:44:14.383+0000] {logging_mixin.py:188} INFO - [2024-07-11T08:44:14.382+0000] {serialized_dag.py:165} DEBUG - Checking if DAG (latest_only) changed
[2024-07-11T08:44:14.390+0000] {logging_mixin.py:188} INFO - [2024-07-11T08:44:14.390+0000] {serialized_dag.py:176} DEBUG - Serialized DAG (latest_only) is unchanged. Skipping writing to DB
[2024-07-11T08:44:14.390+0000] {logging_mixin.py:188} INFO - [2024-07-11T08:44:14.390+0000] {dag.py:3047} INFO - Sync 1 DAGs
[2024-07-11T08:44:14.409+0000] {logging_mixin.py:188} INFO - [2024-07-11T08:44:14.408+0000] {dag.py:3834} INFO - Setting next_dagrun for latest_only to 2024-07-11 04:00:00+00:00, run_after=2024-07-11 08:00:00+00:00
[2024-07-11T08:44:14.423+0000] {processor.py:183} INFO - Processing /home/airflow/.local/lib/python3.10/site-packages/airflow/example_dags/example_latest_only.py took 0.059 seconds
[2024-07-11T08:44:44.704+0000] {logging_mixin.py:188} INFO - [2024-07-11T08:44:44.704+0000] {settings.py:249} DEBUG - Setting up DB connection pool (PID 436)
[2024-07-11T08:44:44.705+0000] {logging_mixin.py:188} INFO - [2024-07-11T08:44:44.705+0000] {settings.py:350} DEBUG - settings.prepare_engine_args(): Using pool settings. pool_size=5, max_overflow=10, pool_recycle=1800, pid=436
[2024-07-11T08:44:44.707+0000] {processor.py:161} INFO - Started process (PID=436) to work on /home/airflow/.local/lib/python3.10/site-packages/airflow/example_dags/example_latest_only.py
[2024-07-11T08:44:44.707+0000] {processor.py:830} INFO - Processing file /home/airflow/.local/lib/python3.10/site-packages/airflow/example_dags/example_latest_only.py for tasks to queue
[2024-07-11T08:44:44.708+0000] {logging_mixin.py:188} INFO - [2024-07-11T08:44:44.707+0000] {dagbag.py:540} INFO - Filling up the DagBag from /home/airflow/.local/lib/python3.10/site-packages/airflow/example_dags/example_latest_only.py
[2024-07-11T08:44:44.708+0000] {logging_mixin.py:188} INFO - [2024-07-11T08:44:44.708+0000] {dagbag.py:332} DEBUG - Importing /home/airflow/.local/lib/python3.10/site-packages/airflow/example_dags/example_latest_only.py
[2024-07-11T08:44:44.712+0000] {logging_mixin.py:188} INFO - [2024-07-11T08:44:44.711+0000] {dagbag.py:506} DEBUG - Loaded DAG <DAG: latest_only>
[2024-07-11T08:44:44.712+0000] {processor.py:840} INFO - DAG(s) 'latest_only' retrieved from /home/airflow/.local/lib/python3.10/site-packages/airflow/example_dags/example_latest_only.py
[2024-07-11T08:44:44.712+0000] {logging_mixin.py:188} INFO - [2024-07-11T08:44:44.712+0000] {dagbag.py:662} DEBUG - Running dagbag.sync_to_db with retries. Try 1 of 3
[2024-07-11T08:44:44.712+0000] {logging_mixin.py:188} INFO - [2024-07-11T08:44:44.712+0000] {dagbag.py:667} DEBUG - Calling the DAG.bulk_sync_to_db method
[2024-07-11T08:44:44.719+0000] {logging_mixin.py:188} INFO - [2024-07-11T08:44:44.719+0000] {serialized_dag.py:165} DEBUG - Checking if DAG (latest_only) changed
[2024-07-11T08:44:44.726+0000] {logging_mixin.py:188} INFO - [2024-07-11T08:44:44.726+0000] {serialized_dag.py:176} DEBUG - Serialized DAG (latest_only) is unchanged. Skipping writing to DB
[2024-07-11T08:44:44.726+0000] {logging_mixin.py:188} INFO - [2024-07-11T08:44:44.726+0000] {dag.py:3047} INFO - Sync 1 DAGs
[2024-07-11T08:44:44.744+0000] {logging_mixin.py:188} INFO - [2024-07-11T08:44:44.744+0000] {dag.py:3834} INFO - Setting next_dagrun for latest_only to 2024-07-11 04:00:00+00:00, run_after=2024-07-11 08:00:00+00:00
[2024-07-11T08:44:44.758+0000] {processor.py:183} INFO - Processing /home/airflow/.local/lib/python3.10/site-packages/airflow/example_dags/example_latest_only.py took 0.054 seconds
