[2024-07-11T08:36:57.754+0000] {logging_mixin.py:188} INFO - [2024-07-11T08:36:57.753+0000] {settings.py:249} DEBUG - Setting up DB connection pool (PID 40)
[2024-07-11T08:36:57.754+0000] {logging_mixin.py:188} INFO - [2024-07-11T08:36:57.754+0000] {settings.py:350} DEBUG - settings.prepare_engine_args(): Using pool settings. pool_size=5, max_overflow=10, pool_recycle=1800, pid=40
[2024-07-11T08:36:57.756+0000] {processor.py:161} INFO - Started process (PID=40) to work on /home/airflow/.local/lib/python3.10/site-packages/airflow/example_dags/example_sensor_decorator.py
[2024-07-11T08:36:57.756+0000] {processor.py:830} INFO - Processing file /home/airflow/.local/lib/python3.10/site-packages/airflow/example_dags/example_sensor_decorator.py for tasks to queue
[2024-07-11T08:36:57.757+0000] {logging_mixin.py:188} INFO - [2024-07-11T08:36:57.757+0000] {dagbag.py:540} INFO - Filling up the DagBag from /home/airflow/.local/lib/python3.10/site-packages/airflow/example_dags/example_sensor_decorator.py
[2024-07-11T08:36:57.758+0000] {logging_mixin.py:188} INFO - [2024-07-11T08:36:57.758+0000] {dagbag.py:332} DEBUG - Importing /home/airflow/.local/lib/python3.10/site-packages/airflow/example_dags/example_sensor_decorator.py
[2024-07-11T08:36:57.765+0000] {logging_mixin.py:188} INFO - [2024-07-11T08:36:57.765+0000] {dagbag.py:506} DEBUG - Loaded DAG <DAG: example_sensor_decorator>
[2024-07-11T08:36:57.765+0000] {processor.py:840} INFO - DAG(s) 'example_sensor_decorator' retrieved from /home/airflow/.local/lib/python3.10/site-packages/airflow/example_dags/example_sensor_decorator.py
[2024-07-11T08:36:57.780+0000] {logging_mixin.py:188} INFO - [2024-07-11T08:36:57.780+0000] {dagbag.py:662} DEBUG - Running dagbag.sync_to_db with retries. Try 1 of 3
[2024-07-11T08:36:57.781+0000] {logging_mixin.py:188} INFO - [2024-07-11T08:36:57.781+0000] {dagbag.py:667} DEBUG - Calling the DAG.bulk_sync_to_db method
[2024-07-11T08:36:57.791+0000] {logging_mixin.py:188} INFO - [2024-07-11T08:36:57.791+0000] {dag.py:3047} INFO - Sync 1 DAGs
[2024-07-11T08:36:57.808+0000] {logging_mixin.py:188} INFO - [2024-07-11T08:36:57.808+0000] {dag.py:3834} INFO - Setting next_dagrun for example_sensor_decorator to None, run_after=None
[2024-07-11T08:36:57.835+0000] {processor.py:183} INFO - Processing /home/airflow/.local/lib/python3.10/site-packages/airflow/example_dags/example_sensor_decorator.py took 0.082 seconds
[2024-07-11T08:37:27.982+0000] {logging_mixin.py:188} INFO - [2024-07-11T08:37:27.981+0000] {settings.py:249} DEBUG - Setting up DB connection pool (PID 95)
[2024-07-11T08:37:27.984+0000] {logging_mixin.py:188} INFO - [2024-07-11T08:37:27.984+0000] {settings.py:350} DEBUG - settings.prepare_engine_args(): Using pool settings. pool_size=5, max_overflow=10, pool_recycle=1800, pid=95
[2024-07-11T08:37:27.989+0000] {processor.py:161} INFO - Started process (PID=95) to work on /home/airflow/.local/lib/python3.10/site-packages/airflow/example_dags/example_sensor_decorator.py
[2024-07-11T08:37:27.990+0000] {processor.py:830} INFO - Processing file /home/airflow/.local/lib/python3.10/site-packages/airflow/example_dags/example_sensor_decorator.py for tasks to queue
[2024-07-11T08:37:27.991+0000] {logging_mixin.py:188} INFO - [2024-07-11T08:37:27.991+0000] {dagbag.py:540} INFO - Filling up the DagBag from /home/airflow/.local/lib/python3.10/site-packages/airflow/example_dags/example_sensor_decorator.py
[2024-07-11T08:37:27.993+0000] {logging_mixin.py:188} INFO - [2024-07-11T08:37:27.993+0000] {dagbag.py:332} DEBUG - Importing /home/airflow/.local/lib/python3.10/site-packages/airflow/example_dags/example_sensor_decorator.py
[2024-07-11T08:37:28.000+0000] {logging_mixin.py:188} INFO - [2024-07-11T08:37:27.999+0000] {dagbag.py:506} DEBUG - Loaded DAG <DAG: example_sensor_decorator>
[2024-07-11T08:37:28.000+0000] {processor.py:840} INFO - DAG(s) 'example_sensor_decorator' retrieved from /home/airflow/.local/lib/python3.10/site-packages/airflow/example_dags/example_sensor_decorator.py
[2024-07-11T08:37:28.001+0000] {logging_mixin.py:188} INFO - [2024-07-11T08:37:28.001+0000] {dagbag.py:662} DEBUG - Running dagbag.sync_to_db with retries. Try 1 of 3
[2024-07-11T08:37:28.001+0000] {logging_mixin.py:188} INFO - [2024-07-11T08:37:28.001+0000] {dagbag.py:667} DEBUG - Calling the DAG.bulk_sync_to_db method
[2024-07-11T08:37:28.011+0000] {logging_mixin.py:188} INFO - [2024-07-11T08:37:28.010+0000] {serialized_dag.py:165} DEBUG - Checking if DAG (example_sensor_decorator) changed
[2024-07-11T08:37:28.013+0000] {logging_mixin.py:188} INFO - [2024-07-11T08:37:28.013+0000] {plugins_manager.py:322} DEBUG - Plugins are already loaded. Skipping.
[2024-07-11T08:37:28.013+0000] {logging_mixin.py:188} INFO - [2024-07-11T08:37:28.013+0000] {plugins_manager.py:400} DEBUG - Initialize custom taskinstance deps plugins
[2024-07-11T08:37:28.017+0000] {logging_mixin.py:188} INFO - [2024-07-11T08:37:28.017+0000] {serialized_dag.py:179} DEBUG - Writing Serialized DAG: example_sensor_decorator to the DB
[2024-07-11T08:37:28.020+0000] {logging_mixin.py:188} INFO - [2024-07-11T08:37:28.020+0000] {serialized_dag.py:181} DEBUG - DAG: example_sensor_decorator written to the DB
[2024-07-11T08:37:28.020+0000] {logging_mixin.py:188} INFO - [2024-07-11T08:37:28.020+0000] {dagbag.py:696} DEBUG - Syncing DAG permissions: example_sensor_decorator to the DB
[2024-07-11T08:37:28.075+0000] {logging_mixin.py:188} INFO - [2024-07-11T08:37:28.075+0000] {override.py:1034} DEBUG - Not syncing DAG-level permissions for DAG 'DAG:example_sensor_decorator' as access control is unset.
[2024-07-11T08:37:28.075+0000] {logging_mixin.py:188} INFO - [2024-07-11T08:37:28.075+0000] {dag.py:3047} INFO - Sync 1 DAGs
[2024-07-11T08:37:28.081+0000] {logging_mixin.py:188} INFO - [2024-07-11T08:37:28.081+0000] {dag.py:3834} INFO - Setting next_dagrun for example_sensor_decorator to None, run_after=None
[2024-07-11T08:37:28.093+0000] {processor.py:183} INFO - Processing /home/airflow/.local/lib/python3.10/site-packages/airflow/example_dags/example_sensor_decorator.py took 0.113 seconds
[2024-07-11T08:37:58.321+0000] {logging_mixin.py:188} INFO - [2024-07-11T08:37:58.321+0000] {settings.py:249} DEBUG - Setting up DB connection pool (PID 152)
[2024-07-11T08:37:58.323+0000] {logging_mixin.py:188} INFO - [2024-07-11T08:37:58.322+0000] {settings.py:350} DEBUG - settings.prepare_engine_args(): Using pool settings. pool_size=5, max_overflow=10, pool_recycle=1800, pid=152
[2024-07-11T08:37:58.326+0000] {processor.py:161} INFO - Started process (PID=152) to work on /home/airflow/.local/lib/python3.10/site-packages/airflow/example_dags/example_sensor_decorator.py
[2024-07-11T08:37:58.326+0000] {processor.py:830} INFO - Processing file /home/airflow/.local/lib/python3.10/site-packages/airflow/example_dags/example_sensor_decorator.py for tasks to queue
[2024-07-11T08:37:58.327+0000] {logging_mixin.py:188} INFO - [2024-07-11T08:37:58.327+0000] {dagbag.py:540} INFO - Filling up the DagBag from /home/airflow/.local/lib/python3.10/site-packages/airflow/example_dags/example_sensor_decorator.py
[2024-07-11T08:37:58.328+0000] {logging_mixin.py:188} INFO - [2024-07-11T08:37:58.328+0000] {dagbag.py:332} DEBUG - Importing /home/airflow/.local/lib/python3.10/site-packages/airflow/example_dags/example_sensor_decorator.py
[2024-07-11T08:37:58.334+0000] {logging_mixin.py:188} INFO - [2024-07-11T08:37:58.333+0000] {dagbag.py:506} DEBUG - Loaded DAG <DAG: example_sensor_decorator>
[2024-07-11T08:37:58.334+0000] {processor.py:840} INFO - DAG(s) 'example_sensor_decorator' retrieved from /home/airflow/.local/lib/python3.10/site-packages/airflow/example_dags/example_sensor_decorator.py
[2024-07-11T08:37:58.335+0000] {logging_mixin.py:188} INFO - [2024-07-11T08:37:58.335+0000] {dagbag.py:662} DEBUG - Running dagbag.sync_to_db with retries. Try 1 of 3
[2024-07-11T08:37:58.336+0000] {logging_mixin.py:188} INFO - [2024-07-11T08:37:58.336+0000] {dagbag.py:667} DEBUG - Calling the DAG.bulk_sync_to_db method
[2024-07-11T08:37:58.348+0000] {logging_mixin.py:188} INFO - [2024-07-11T08:37:58.348+0000] {serialized_dag.py:165} DEBUG - Checking if DAG (example_sensor_decorator) changed
[2024-07-11T08:37:58.351+0000] {logging_mixin.py:188} INFO - [2024-07-11T08:37:58.351+0000] {plugins_manager.py:322} DEBUG - Plugins are already loaded. Skipping.
[2024-07-11T08:37:58.351+0000] {logging_mixin.py:188} INFO - [2024-07-11T08:37:58.351+0000] {plugins_manager.py:400} DEBUG - Initialize custom taskinstance deps plugins
[2024-07-11T08:37:58.357+0000] {logging_mixin.py:188} INFO - [2024-07-11T08:37:58.356+0000] {serialized_dag.py:176} DEBUG - Serialized DAG (example_sensor_decorator) is unchanged. Skipping writing to DB
[2024-07-11T08:37:58.357+0000] {logging_mixin.py:188} INFO - [2024-07-11T08:37:58.357+0000] {dag.py:3047} INFO - Sync 1 DAGs
[2024-07-11T08:37:58.367+0000] {logging_mixin.py:188} INFO - [2024-07-11T08:37:58.367+0000] {dag.py:3834} INFO - Setting next_dagrun for example_sensor_decorator to None, run_after=None
[2024-07-11T08:37:58.380+0000] {processor.py:183} INFO - Processing /home/airflow/.local/lib/python3.10/site-packages/airflow/example_dags/example_sensor_decorator.py took 0.059 seconds
[2024-07-11T08:38:28.439+0000] {logging_mixin.py:188} INFO - [2024-07-11T08:38:28.438+0000] {settings.py:249} DEBUG - Setting up DB connection pool (PID 208)
[2024-07-11T08:38:28.440+0000] {logging_mixin.py:188} INFO - [2024-07-11T08:38:28.440+0000] {settings.py:350} DEBUG - settings.prepare_engine_args(): Using pool settings. pool_size=5, max_overflow=10, pool_recycle=1800, pid=208
[2024-07-11T08:38:28.441+0000] {processor.py:161} INFO - Started process (PID=208) to work on /home/airflow/.local/lib/python3.10/site-packages/airflow/example_dags/example_sensor_decorator.py
[2024-07-11T08:38:28.442+0000] {processor.py:830} INFO - Processing file /home/airflow/.local/lib/python3.10/site-packages/airflow/example_dags/example_sensor_decorator.py for tasks to queue
[2024-07-11T08:38:28.442+0000] {logging_mixin.py:188} INFO - [2024-07-11T08:38:28.442+0000] {dagbag.py:540} INFO - Filling up the DagBag from /home/airflow/.local/lib/python3.10/site-packages/airflow/example_dags/example_sensor_decorator.py
[2024-07-11T08:38:28.443+0000] {logging_mixin.py:188} INFO - [2024-07-11T08:38:28.443+0000] {dagbag.py:332} DEBUG - Importing /home/airflow/.local/lib/python3.10/site-packages/airflow/example_dags/example_sensor_decorator.py
[2024-07-11T08:38:28.447+0000] {logging_mixin.py:188} INFO - [2024-07-11T08:38:28.447+0000] {dagbag.py:506} DEBUG - Loaded DAG <DAG: example_sensor_decorator>
[2024-07-11T08:38:28.447+0000] {processor.py:840} INFO - DAG(s) 'example_sensor_decorator' retrieved from /home/airflow/.local/lib/python3.10/site-packages/airflow/example_dags/example_sensor_decorator.py
[2024-07-11T08:38:28.448+0000] {logging_mixin.py:188} INFO - [2024-07-11T08:38:28.448+0000] {dagbag.py:662} DEBUG - Running dagbag.sync_to_db with retries. Try 1 of 3
[2024-07-11T08:38:28.448+0000] {logging_mixin.py:188} INFO - [2024-07-11T08:38:28.448+0000] {dagbag.py:667} DEBUG - Calling the DAG.bulk_sync_to_db method
[2024-07-11T08:38:28.456+0000] {logging_mixin.py:188} INFO - [2024-07-11T08:38:28.456+0000] {serialized_dag.py:165} DEBUG - Checking if DAG (example_sensor_decorator) changed
[2024-07-11T08:38:28.458+0000] {logging_mixin.py:188} INFO - [2024-07-11T08:38:28.458+0000] {plugins_manager.py:322} DEBUG - Plugins are already loaded. Skipping.
[2024-07-11T08:38:28.458+0000] {logging_mixin.py:188} INFO - [2024-07-11T08:38:28.458+0000] {plugins_manager.py:400} DEBUG - Initialize custom taskinstance deps plugins
[2024-07-11T08:38:28.462+0000] {logging_mixin.py:188} INFO - [2024-07-11T08:38:28.462+0000] {serialized_dag.py:176} DEBUG - Serialized DAG (example_sensor_decorator) is unchanged. Skipping writing to DB
[2024-07-11T08:38:28.462+0000] {logging_mixin.py:188} INFO - [2024-07-11T08:38:28.462+0000] {dag.py:3047} INFO - Sync 1 DAGs
[2024-07-11T08:38:28.469+0000] {logging_mixin.py:188} INFO - [2024-07-11T08:38:28.469+0000] {dag.py:3834} INFO - Setting next_dagrun for example_sensor_decorator to None, run_after=None
[2024-07-11T08:38:28.481+0000] {processor.py:183} INFO - Processing /home/airflow/.local/lib/python3.10/site-packages/airflow/example_dags/example_sensor_decorator.py took 0.043 seconds
[2024-07-11T08:38:58.655+0000] {logging_mixin.py:188} INFO - [2024-07-11T08:38:58.654+0000] {settings.py:249} DEBUG - Setting up DB connection pool (PID 264)
[2024-07-11T08:38:58.656+0000] {logging_mixin.py:188} INFO - [2024-07-11T08:38:58.656+0000] {settings.py:350} DEBUG - settings.prepare_engine_args(): Using pool settings. pool_size=5, max_overflow=10, pool_recycle=1800, pid=264
[2024-07-11T08:38:58.659+0000] {processor.py:161} INFO - Started process (PID=264) to work on /home/airflow/.local/lib/python3.10/site-packages/airflow/example_dags/example_sensor_decorator.py
[2024-07-11T08:38:58.660+0000] {processor.py:830} INFO - Processing file /home/airflow/.local/lib/python3.10/site-packages/airflow/example_dags/example_sensor_decorator.py for tasks to queue
[2024-07-11T08:38:58.660+0000] {logging_mixin.py:188} INFO - [2024-07-11T08:38:58.660+0000] {dagbag.py:540} INFO - Filling up the DagBag from /home/airflow/.local/lib/python3.10/site-packages/airflow/example_dags/example_sensor_decorator.py
[2024-07-11T08:38:58.662+0000] {logging_mixin.py:188} INFO - [2024-07-11T08:38:58.661+0000] {dagbag.py:332} DEBUG - Importing /home/airflow/.local/lib/python3.10/site-packages/airflow/example_dags/example_sensor_decorator.py
[2024-07-11T08:38:58.667+0000] {logging_mixin.py:188} INFO - [2024-07-11T08:38:58.666+0000] {dagbag.py:506} DEBUG - Loaded DAG <DAG: example_sensor_decorator>
[2024-07-11T08:38:58.667+0000] {processor.py:840} INFO - DAG(s) 'example_sensor_decorator' retrieved from /home/airflow/.local/lib/python3.10/site-packages/airflow/example_dags/example_sensor_decorator.py
[2024-07-11T08:38:58.668+0000] {logging_mixin.py:188} INFO - [2024-07-11T08:38:58.667+0000] {dagbag.py:662} DEBUG - Running dagbag.sync_to_db with retries. Try 1 of 3
[2024-07-11T08:38:58.668+0000] {logging_mixin.py:188} INFO - [2024-07-11T08:38:58.668+0000] {dagbag.py:667} DEBUG - Calling the DAG.bulk_sync_to_db method
[2024-07-11T08:38:58.677+0000] {logging_mixin.py:188} INFO - [2024-07-11T08:38:58.677+0000] {serialized_dag.py:165} DEBUG - Checking if DAG (example_sensor_decorator) changed
[2024-07-11T08:38:58.680+0000] {logging_mixin.py:188} INFO - [2024-07-11T08:38:58.679+0000] {plugins_manager.py:322} DEBUG - Plugins are already loaded. Skipping.
[2024-07-11T08:38:58.680+0000] {logging_mixin.py:188} INFO - [2024-07-11T08:38:58.680+0000] {plugins_manager.py:400} DEBUG - Initialize custom taskinstance deps plugins
[2024-07-11T08:38:58.684+0000] {logging_mixin.py:188} INFO - [2024-07-11T08:38:58.683+0000] {serialized_dag.py:176} DEBUG - Serialized DAG (example_sensor_decorator) is unchanged. Skipping writing to DB
[2024-07-11T08:38:58.684+0000] {logging_mixin.py:188} INFO - [2024-07-11T08:38:58.684+0000] {dag.py:3047} INFO - Sync 1 DAGs
[2024-07-11T08:38:58.692+0000] {logging_mixin.py:188} INFO - [2024-07-11T08:38:58.692+0000] {dag.py:3834} INFO - Setting next_dagrun for example_sensor_decorator to None, run_after=None
[2024-07-11T08:38:58.706+0000] {processor.py:183} INFO - Processing /home/airflow/.local/lib/python3.10/site-packages/airflow/example_dags/example_sensor_decorator.py took 0.052 seconds
[2024-07-11T08:39:29.006+0000] {logging_mixin.py:188} INFO - [2024-07-11T08:39:29.005+0000] {settings.py:249} DEBUG - Setting up DB connection pool (PID 320)
[2024-07-11T08:39:29.008+0000] {logging_mixin.py:188} INFO - [2024-07-11T08:39:29.008+0000] {settings.py:350} DEBUG - settings.prepare_engine_args(): Using pool settings. pool_size=5, max_overflow=10, pool_recycle=1800, pid=320
[2024-07-11T08:39:29.011+0000] {processor.py:161} INFO - Started process (PID=320) to work on /home/airflow/.local/lib/python3.10/site-packages/airflow/example_dags/example_sensor_decorator.py
[2024-07-11T08:39:29.011+0000] {processor.py:830} INFO - Processing file /home/airflow/.local/lib/python3.10/site-packages/airflow/example_dags/example_sensor_decorator.py for tasks to queue
[2024-07-11T08:39:29.012+0000] {logging_mixin.py:188} INFO - [2024-07-11T08:39:29.012+0000] {dagbag.py:540} INFO - Filling up the DagBag from /home/airflow/.local/lib/python3.10/site-packages/airflow/example_dags/example_sensor_decorator.py
[2024-07-11T08:39:29.013+0000] {logging_mixin.py:188} INFO - [2024-07-11T08:39:29.013+0000] {dagbag.py:332} DEBUG - Importing /home/airflow/.local/lib/python3.10/site-packages/airflow/example_dags/example_sensor_decorator.py
[2024-07-11T08:39:29.018+0000] {logging_mixin.py:188} INFO - [2024-07-11T08:39:29.018+0000] {dagbag.py:506} DEBUG - Loaded DAG <DAG: example_sensor_decorator>
[2024-07-11T08:39:29.019+0000] {processor.py:840} INFO - DAG(s) 'example_sensor_decorator' retrieved from /home/airflow/.local/lib/python3.10/site-packages/airflow/example_dags/example_sensor_decorator.py
[2024-07-11T08:39:29.020+0000] {logging_mixin.py:188} INFO - [2024-07-11T08:39:29.019+0000] {dagbag.py:662} DEBUG - Running dagbag.sync_to_db with retries. Try 1 of 3
[2024-07-11T08:39:29.020+0000] {logging_mixin.py:188} INFO - [2024-07-11T08:39:29.020+0000] {dagbag.py:667} DEBUG - Calling the DAG.bulk_sync_to_db method
[2024-07-11T08:39:29.029+0000] {logging_mixin.py:188} INFO - [2024-07-11T08:39:29.029+0000] {serialized_dag.py:165} DEBUG - Checking if DAG (example_sensor_decorator) changed
[2024-07-11T08:39:29.032+0000] {logging_mixin.py:188} INFO - [2024-07-11T08:39:29.031+0000] {plugins_manager.py:322} DEBUG - Plugins are already loaded. Skipping.
[2024-07-11T08:39:29.032+0000] {logging_mixin.py:188} INFO - [2024-07-11T08:39:29.032+0000] {plugins_manager.py:400} DEBUG - Initialize custom taskinstance deps plugins
[2024-07-11T08:39:29.036+0000] {logging_mixin.py:188} INFO - [2024-07-11T08:39:29.036+0000] {serialized_dag.py:176} DEBUG - Serialized DAG (example_sensor_decorator) is unchanged. Skipping writing to DB
[2024-07-11T08:39:29.037+0000] {logging_mixin.py:188} INFO - [2024-07-11T08:39:29.036+0000] {dag.py:3047} INFO - Sync 1 DAGs
[2024-07-11T08:39:29.045+0000] {logging_mixin.py:188} INFO - [2024-07-11T08:39:29.045+0000] {dag.py:3834} INFO - Setting next_dagrun for example_sensor_decorator to None, run_after=None
[2024-07-11T08:39:29.059+0000] {processor.py:183} INFO - Processing /home/airflow/.local/lib/python3.10/site-packages/airflow/example_dags/example_sensor_decorator.py took 0.054 seconds
[2024-07-11T08:39:59.229+0000] {logging_mixin.py:188} INFO - [2024-07-11T08:39:59.229+0000] {settings.py:249} DEBUG - Setting up DB connection pool (PID 376)
[2024-07-11T08:39:59.232+0000] {logging_mixin.py:188} INFO - [2024-07-11T08:39:59.232+0000] {settings.py:350} DEBUG - settings.prepare_engine_args(): Using pool settings. pool_size=5, max_overflow=10, pool_recycle=1800, pid=376
[2024-07-11T08:39:59.235+0000] {processor.py:161} INFO - Started process (PID=376) to work on /home/airflow/.local/lib/python3.10/site-packages/airflow/example_dags/example_sensor_decorator.py
[2024-07-11T08:39:59.235+0000] {processor.py:830} INFO - Processing file /home/airflow/.local/lib/python3.10/site-packages/airflow/example_dags/example_sensor_decorator.py for tasks to queue
[2024-07-11T08:39:59.236+0000] {logging_mixin.py:188} INFO - [2024-07-11T08:39:59.236+0000] {dagbag.py:540} INFO - Filling up the DagBag from /home/airflow/.local/lib/python3.10/site-packages/airflow/example_dags/example_sensor_decorator.py
[2024-07-11T08:39:59.237+0000] {logging_mixin.py:188} INFO - [2024-07-11T08:39:59.237+0000] {dagbag.py:332} DEBUG - Importing /home/airflow/.local/lib/python3.10/site-packages/airflow/example_dags/example_sensor_decorator.py
[2024-07-11T08:39:59.243+0000] {logging_mixin.py:188} INFO - [2024-07-11T08:39:59.242+0000] {dagbag.py:506} DEBUG - Loaded DAG <DAG: example_sensor_decorator>
[2024-07-11T08:39:59.244+0000] {processor.py:840} INFO - DAG(s) 'example_sensor_decorator' retrieved from /home/airflow/.local/lib/python3.10/site-packages/airflow/example_dags/example_sensor_decorator.py
[2024-07-11T08:39:59.244+0000] {logging_mixin.py:188} INFO - [2024-07-11T08:39:59.244+0000] {dagbag.py:662} DEBUG - Running dagbag.sync_to_db with retries. Try 1 of 3
[2024-07-11T08:39:59.245+0000] {logging_mixin.py:188} INFO - [2024-07-11T08:39:59.245+0000] {dagbag.py:667} DEBUG - Calling the DAG.bulk_sync_to_db method
[2024-07-11T08:39:59.254+0000] {logging_mixin.py:188} INFO - [2024-07-11T08:39:59.254+0000] {serialized_dag.py:165} DEBUG - Checking if DAG (example_sensor_decorator) changed
[2024-07-11T08:39:59.257+0000] {logging_mixin.py:188} INFO - [2024-07-11T08:39:59.257+0000] {plugins_manager.py:322} DEBUG - Plugins are already loaded. Skipping.
[2024-07-11T08:39:59.258+0000] {logging_mixin.py:188} INFO - [2024-07-11T08:39:59.257+0000] {plugins_manager.py:400} DEBUG - Initialize custom taskinstance deps plugins
[2024-07-11T08:39:59.263+0000] {logging_mixin.py:188} INFO - [2024-07-11T08:39:59.262+0000] {serialized_dag.py:176} DEBUG - Serialized DAG (example_sensor_decorator) is unchanged. Skipping writing to DB
[2024-07-11T08:39:59.263+0000] {logging_mixin.py:188} INFO - [2024-07-11T08:39:59.263+0000] {dag.py:3047} INFO - Sync 1 DAGs
[2024-07-11T08:39:59.274+0000] {logging_mixin.py:188} INFO - [2024-07-11T08:39:59.274+0000] {dag.py:3834} INFO - Setting next_dagrun for example_sensor_decorator to None, run_after=None
[2024-07-11T08:39:59.293+0000] {processor.py:183} INFO - Processing /home/airflow/.local/lib/python3.10/site-packages/airflow/example_dags/example_sensor_decorator.py took 0.065 seconds
[2024-07-11T08:41:12.057+0000] {logging_mixin.py:188} INFO - [2024-07-11T08:41:12.057+0000] {settings.py:249} DEBUG - Setting up DB connection pool (PID 40)
[2024-07-11T08:41:12.058+0000] {logging_mixin.py:188} INFO - [2024-07-11T08:41:12.058+0000] {settings.py:350} DEBUG - settings.prepare_engine_args(): Using pool settings. pool_size=5, max_overflow=10, pool_recycle=1800, pid=40
[2024-07-11T08:41:12.060+0000] {processor.py:161} INFO - Started process (PID=40) to work on /home/airflow/.local/lib/python3.10/site-packages/airflow/example_dags/example_sensor_decorator.py
[2024-07-11T08:41:12.060+0000] {processor.py:830} INFO - Processing file /home/airflow/.local/lib/python3.10/site-packages/airflow/example_dags/example_sensor_decorator.py for tasks to queue
[2024-07-11T08:41:12.061+0000] {logging_mixin.py:188} INFO - [2024-07-11T08:41:12.061+0000] {dagbag.py:540} INFO - Filling up the DagBag from /home/airflow/.local/lib/python3.10/site-packages/airflow/example_dags/example_sensor_decorator.py
[2024-07-11T08:41:12.062+0000] {logging_mixin.py:188} INFO - [2024-07-11T08:41:12.062+0000] {dagbag.py:332} DEBUG - Importing /home/airflow/.local/lib/python3.10/site-packages/airflow/example_dags/example_sensor_decorator.py
[2024-07-11T08:41:12.069+0000] {logging_mixin.py:188} INFO - [2024-07-11T08:41:12.068+0000] {dagbag.py:506} DEBUG - Loaded DAG <DAG: example_sensor_decorator>
[2024-07-11T08:41:12.069+0000] {processor.py:840} INFO - DAG(s) 'example_sensor_decorator' retrieved from /home/airflow/.local/lib/python3.10/site-packages/airflow/example_dags/example_sensor_decorator.py
[2024-07-11T08:41:12.084+0000] {logging_mixin.py:188} INFO - [2024-07-11T08:41:12.084+0000] {dagbag.py:662} DEBUG - Running dagbag.sync_to_db with retries. Try 1 of 3
[2024-07-11T08:41:12.084+0000] {logging_mixin.py:188} INFO - [2024-07-11T08:41:12.084+0000] {dagbag.py:667} DEBUG - Calling the DAG.bulk_sync_to_db method
[2024-07-11T08:41:12.093+0000] {logging_mixin.py:188} INFO - [2024-07-11T08:41:12.093+0000] {dag.py:3047} INFO - Sync 1 DAGs
[2024-07-11T08:41:12.104+0000] {logging_mixin.py:188} INFO - [2024-07-11T08:41:12.103+0000] {dag.py:3834} INFO - Setting next_dagrun for example_sensor_decorator to None, run_after=None
[2024-07-11T08:41:12.123+0000] {processor.py:183} INFO - Processing /home/airflow/.local/lib/python3.10/site-packages/airflow/example_dags/example_sensor_decorator.py took 0.066 seconds
[2024-07-11T08:41:42.829+0000] {logging_mixin.py:188} INFO - [2024-07-11T08:41:42.828+0000] {settings.py:249} DEBUG - Setting up DB connection pool (PID 96)
[2024-07-11T08:41:42.830+0000] {logging_mixin.py:188} INFO - [2024-07-11T08:41:42.829+0000] {settings.py:350} DEBUG - settings.prepare_engine_args(): Using pool settings. pool_size=5, max_overflow=10, pool_recycle=1800, pid=96
[2024-07-11T08:41:42.831+0000] {processor.py:161} INFO - Started process (PID=96) to work on /home/airflow/.local/lib/python3.10/site-packages/airflow/example_dags/example_sensor_decorator.py
[2024-07-11T08:41:42.831+0000] {processor.py:830} INFO - Processing file /home/airflow/.local/lib/python3.10/site-packages/airflow/example_dags/example_sensor_decorator.py for tasks to queue
[2024-07-11T08:41:42.832+0000] {logging_mixin.py:188} INFO - [2024-07-11T08:41:42.832+0000] {dagbag.py:540} INFO - Filling up the DagBag from /home/airflow/.local/lib/python3.10/site-packages/airflow/example_dags/example_sensor_decorator.py
[2024-07-11T08:41:42.833+0000] {logging_mixin.py:188} INFO - [2024-07-11T08:41:42.833+0000] {dagbag.py:332} DEBUG - Importing /home/airflow/.local/lib/python3.10/site-packages/airflow/example_dags/example_sensor_decorator.py
[2024-07-11T08:41:42.837+0000] {logging_mixin.py:188} INFO - [2024-07-11T08:41:42.836+0000] {dagbag.py:506} DEBUG - Loaded DAG <DAG: example_sensor_decorator>
[2024-07-11T08:41:42.837+0000] {processor.py:840} INFO - DAG(s) 'example_sensor_decorator' retrieved from /home/airflow/.local/lib/python3.10/site-packages/airflow/example_dags/example_sensor_decorator.py
[2024-07-11T08:41:42.838+0000] {logging_mixin.py:188} INFO - [2024-07-11T08:41:42.838+0000] {dagbag.py:662} DEBUG - Running dagbag.sync_to_db with retries. Try 1 of 3
[2024-07-11T08:41:42.838+0000] {logging_mixin.py:188} INFO - [2024-07-11T08:41:42.838+0000] {dagbag.py:667} DEBUG - Calling the DAG.bulk_sync_to_db method
[2024-07-11T08:41:42.847+0000] {logging_mixin.py:188} INFO - [2024-07-11T08:41:42.846+0000] {serialized_dag.py:165} DEBUG - Checking if DAG (example_sensor_decorator) changed
[2024-07-11T08:41:42.849+0000] {logging_mixin.py:188} INFO - [2024-07-11T08:41:42.848+0000] {plugins_manager.py:322} DEBUG - Plugins are already loaded. Skipping.
[2024-07-11T08:41:42.849+0000] {logging_mixin.py:188} INFO - [2024-07-11T08:41:42.849+0000] {plugins_manager.py:400} DEBUG - Initialize custom taskinstance deps plugins
[2024-07-11T08:41:42.852+0000] {logging_mixin.py:188} INFO - [2024-07-11T08:41:42.852+0000] {serialized_dag.py:179} DEBUG - Writing Serialized DAG: example_sensor_decorator to the DB
[2024-07-11T08:41:42.855+0000] {logging_mixin.py:188} INFO - [2024-07-11T08:41:42.855+0000] {serialized_dag.py:181} DEBUG - DAG: example_sensor_decorator written to the DB
[2024-07-11T08:41:42.855+0000] {logging_mixin.py:188} INFO - [2024-07-11T08:41:42.855+0000] {dagbag.py:696} DEBUG - Syncing DAG permissions: example_sensor_decorator to the DB
[2024-07-11T08:41:42.911+0000] {logging_mixin.py:188} INFO - [2024-07-11T08:41:42.911+0000] {override.py:1034} DEBUG - Not syncing DAG-level permissions for DAG 'DAG:example_sensor_decorator' as access control is unset.
[2024-07-11T08:41:42.912+0000] {logging_mixin.py:188} INFO - [2024-07-11T08:41:42.911+0000] {dag.py:3047} INFO - Sync 1 DAGs
[2024-07-11T08:41:42.922+0000] {logging_mixin.py:188} INFO - [2024-07-11T08:41:42.921+0000] {dag.py:3834} INFO - Setting next_dagrun for example_sensor_decorator to None, run_after=None
[2024-07-11T08:41:42.935+0000] {processor.py:183} INFO - Processing /home/airflow/.local/lib/python3.10/site-packages/airflow/example_dags/example_sensor_decorator.py took 0.107 seconds
[2024-07-11T08:42:13.045+0000] {logging_mixin.py:188} INFO - [2024-07-11T08:42:13.045+0000] {settings.py:249} DEBUG - Setting up DB connection pool (PID 152)
[2024-07-11T08:42:13.051+0000] {logging_mixin.py:188} INFO - [2024-07-11T08:42:13.051+0000] {settings.py:350} DEBUG - settings.prepare_engine_args(): Using pool settings. pool_size=5, max_overflow=10, pool_recycle=1800, pid=152
[2024-07-11T08:42:13.053+0000] {processor.py:161} INFO - Started process (PID=152) to work on /home/airflow/.local/lib/python3.10/site-packages/airflow/example_dags/example_sensor_decorator.py
[2024-07-11T08:42:13.053+0000] {processor.py:830} INFO - Processing file /home/airflow/.local/lib/python3.10/site-packages/airflow/example_dags/example_sensor_decorator.py for tasks to queue
[2024-07-11T08:42:13.053+0000] {logging_mixin.py:188} INFO - [2024-07-11T08:42:13.053+0000] {dagbag.py:540} INFO - Filling up the DagBag from /home/airflow/.local/lib/python3.10/site-packages/airflow/example_dags/example_sensor_decorator.py
[2024-07-11T08:42:13.054+0000] {logging_mixin.py:188} INFO - [2024-07-11T08:42:13.054+0000] {dagbag.py:332} DEBUG - Importing /home/airflow/.local/lib/python3.10/site-packages/airflow/example_dags/example_sensor_decorator.py
[2024-07-11T08:42:13.058+0000] {logging_mixin.py:188} INFO - [2024-07-11T08:42:13.058+0000] {dagbag.py:506} DEBUG - Loaded DAG <DAG: example_sensor_decorator>
[2024-07-11T08:42:13.058+0000] {processor.py:840} INFO - DAG(s) 'example_sensor_decorator' retrieved from /home/airflow/.local/lib/python3.10/site-packages/airflow/example_dags/example_sensor_decorator.py
[2024-07-11T08:42:13.059+0000] {logging_mixin.py:188} INFO - [2024-07-11T08:42:13.059+0000] {dagbag.py:662} DEBUG - Running dagbag.sync_to_db with retries. Try 1 of 3
[2024-07-11T08:42:13.059+0000] {logging_mixin.py:188} INFO - [2024-07-11T08:42:13.059+0000] {dagbag.py:667} DEBUG - Calling the DAG.bulk_sync_to_db method
[2024-07-11T08:42:13.067+0000] {logging_mixin.py:188} INFO - [2024-07-11T08:42:13.067+0000] {serialized_dag.py:165} DEBUG - Checking if DAG (example_sensor_decorator) changed
[2024-07-11T08:42:13.069+0000] {logging_mixin.py:188} INFO - [2024-07-11T08:42:13.069+0000] {plugins_manager.py:322} DEBUG - Plugins are already loaded. Skipping.
[2024-07-11T08:42:13.070+0000] {logging_mixin.py:188} INFO - [2024-07-11T08:42:13.070+0000] {plugins_manager.py:400} DEBUG - Initialize custom taskinstance deps plugins
[2024-07-11T08:42:13.074+0000] {logging_mixin.py:188} INFO - [2024-07-11T08:42:13.074+0000] {serialized_dag.py:176} DEBUG - Serialized DAG (example_sensor_decorator) is unchanged. Skipping writing to DB
[2024-07-11T08:42:13.074+0000] {logging_mixin.py:188} INFO - [2024-07-11T08:42:13.074+0000] {dag.py:3047} INFO - Sync 1 DAGs
[2024-07-11T08:42:13.083+0000] {logging_mixin.py:188} INFO - [2024-07-11T08:42:13.083+0000] {dag.py:3834} INFO - Setting next_dagrun for example_sensor_decorator to None, run_after=None
[2024-07-11T08:42:13.097+0000] {processor.py:183} INFO - Processing /home/airflow/.local/lib/python3.10/site-packages/airflow/example_dags/example_sensor_decorator.py took 0.052 seconds
[2024-07-11T08:42:43.317+0000] {logging_mixin.py:188} INFO - [2024-07-11T08:42:43.316+0000] {settings.py:249} DEBUG - Setting up DB connection pool (PID 208)
[2024-07-11T08:42:43.318+0000] {logging_mixin.py:188} INFO - [2024-07-11T08:42:43.318+0000] {settings.py:350} DEBUG - settings.prepare_engine_args(): Using pool settings. pool_size=5, max_overflow=10, pool_recycle=1800, pid=208
[2024-07-11T08:42:43.321+0000] {processor.py:161} INFO - Started process (PID=208) to work on /home/airflow/.local/lib/python3.10/site-packages/airflow/example_dags/example_sensor_decorator.py
[2024-07-11T08:42:43.322+0000] {processor.py:830} INFO - Processing file /home/airflow/.local/lib/python3.10/site-packages/airflow/example_dags/example_sensor_decorator.py for tasks to queue
[2024-07-11T08:42:43.322+0000] {logging_mixin.py:188} INFO - [2024-07-11T08:42:43.322+0000] {dagbag.py:540} INFO - Filling up the DagBag from /home/airflow/.local/lib/python3.10/site-packages/airflow/example_dags/example_sensor_decorator.py
[2024-07-11T08:42:43.324+0000] {logging_mixin.py:188} INFO - [2024-07-11T08:42:43.323+0000] {dagbag.py:332} DEBUG - Importing /home/airflow/.local/lib/python3.10/site-packages/airflow/example_dags/example_sensor_decorator.py
[2024-07-11T08:42:43.329+0000] {logging_mixin.py:188} INFO - [2024-07-11T08:42:43.328+0000] {dagbag.py:506} DEBUG - Loaded DAG <DAG: example_sensor_decorator>
[2024-07-11T08:42:43.329+0000] {processor.py:840} INFO - DAG(s) 'example_sensor_decorator' retrieved from /home/airflow/.local/lib/python3.10/site-packages/airflow/example_dags/example_sensor_decorator.py
[2024-07-11T08:42:43.330+0000] {logging_mixin.py:188} INFO - [2024-07-11T08:42:43.330+0000] {dagbag.py:662} DEBUG - Running dagbag.sync_to_db with retries. Try 1 of 3
[2024-07-11T08:42:43.330+0000] {logging_mixin.py:188} INFO - [2024-07-11T08:42:43.330+0000] {dagbag.py:667} DEBUG - Calling the DAG.bulk_sync_to_db method
[2024-07-11T08:42:43.340+0000] {logging_mixin.py:188} INFO - [2024-07-11T08:42:43.339+0000] {serialized_dag.py:165} DEBUG - Checking if DAG (example_sensor_decorator) changed
[2024-07-11T08:42:43.342+0000] {logging_mixin.py:188} INFO - [2024-07-11T08:42:43.342+0000] {plugins_manager.py:322} DEBUG - Plugins are already loaded. Skipping.
[2024-07-11T08:42:43.343+0000] {logging_mixin.py:188} INFO - [2024-07-11T08:42:43.343+0000] {plugins_manager.py:400} DEBUG - Initialize custom taskinstance deps plugins
[2024-07-11T08:42:43.348+0000] {logging_mixin.py:188} INFO - [2024-07-11T08:42:43.348+0000] {serialized_dag.py:176} DEBUG - Serialized DAG (example_sensor_decorator) is unchanged. Skipping writing to DB
[2024-07-11T08:42:43.349+0000] {logging_mixin.py:188} INFO - [2024-07-11T08:42:43.348+0000] {dag.py:3047} INFO - Sync 1 DAGs
[2024-07-11T08:42:43.359+0000] {logging_mixin.py:188} INFO - [2024-07-11T08:42:43.359+0000] {dag.py:3834} INFO - Setting next_dagrun for example_sensor_decorator to None, run_after=None
[2024-07-11T08:42:43.373+0000] {processor.py:183} INFO - Processing /home/airflow/.local/lib/python3.10/site-packages/airflow/example_dags/example_sensor_decorator.py took 0.057 seconds
[2024-07-11T08:43:13.502+0000] {logging_mixin.py:188} INFO - [2024-07-11T08:43:13.501+0000] {settings.py:249} DEBUG - Setting up DB connection pool (PID 264)
[2024-07-11T08:43:13.503+0000] {logging_mixin.py:188} INFO - [2024-07-11T08:43:13.503+0000] {settings.py:350} DEBUG - settings.prepare_engine_args(): Using pool settings. pool_size=5, max_overflow=10, pool_recycle=1800, pid=264
[2024-07-11T08:43:13.505+0000] {processor.py:161} INFO - Started process (PID=264) to work on /home/airflow/.local/lib/python3.10/site-packages/airflow/example_dags/example_sensor_decorator.py
[2024-07-11T08:43:13.506+0000] {processor.py:830} INFO - Processing file /home/airflow/.local/lib/python3.10/site-packages/airflow/example_dags/example_sensor_decorator.py for tasks to queue
[2024-07-11T08:43:13.506+0000] {logging_mixin.py:188} INFO - [2024-07-11T08:43:13.506+0000] {dagbag.py:540} INFO - Filling up the DagBag from /home/airflow/.local/lib/python3.10/site-packages/airflow/example_dags/example_sensor_decorator.py
[2024-07-11T08:43:13.508+0000] {logging_mixin.py:188} INFO - [2024-07-11T08:43:13.508+0000] {dagbag.py:332} DEBUG - Importing /home/airflow/.local/lib/python3.10/site-packages/airflow/example_dags/example_sensor_decorator.py
[2024-07-11T08:43:13.514+0000] {logging_mixin.py:188} INFO - [2024-07-11T08:43:13.513+0000] {dagbag.py:506} DEBUG - Loaded DAG <DAG: example_sensor_decorator>
[2024-07-11T08:43:13.514+0000] {processor.py:840} INFO - DAG(s) 'example_sensor_decorator' retrieved from /home/airflow/.local/lib/python3.10/site-packages/airflow/example_dags/example_sensor_decorator.py
[2024-07-11T08:43:13.515+0000] {logging_mixin.py:188} INFO - [2024-07-11T08:43:13.515+0000] {dagbag.py:662} DEBUG - Running dagbag.sync_to_db with retries. Try 1 of 3
[2024-07-11T08:43:13.515+0000] {logging_mixin.py:188} INFO - [2024-07-11T08:43:13.515+0000] {dagbag.py:667} DEBUG - Calling the DAG.bulk_sync_to_db method
[2024-07-11T08:43:13.524+0000] {logging_mixin.py:188} INFO - [2024-07-11T08:43:13.524+0000] {serialized_dag.py:165} DEBUG - Checking if DAG (example_sensor_decorator) changed
[2024-07-11T08:43:13.527+0000] {logging_mixin.py:188} INFO - [2024-07-11T08:43:13.526+0000] {plugins_manager.py:322} DEBUG - Plugins are already loaded. Skipping.
[2024-07-11T08:43:13.527+0000] {logging_mixin.py:188} INFO - [2024-07-11T08:43:13.527+0000] {plugins_manager.py:400} DEBUG - Initialize custom taskinstance deps plugins
[2024-07-11T08:43:13.531+0000] {logging_mixin.py:188} INFO - [2024-07-11T08:43:13.531+0000] {serialized_dag.py:176} DEBUG - Serialized DAG (example_sensor_decorator) is unchanged. Skipping writing to DB
[2024-07-11T08:43:13.531+0000] {logging_mixin.py:188} INFO - [2024-07-11T08:43:13.531+0000] {dag.py:3047} INFO - Sync 1 DAGs
[2024-07-11T08:43:13.540+0000] {logging_mixin.py:188} INFO - [2024-07-11T08:43:13.539+0000] {dag.py:3834} INFO - Setting next_dagrun for example_sensor_decorator to None, run_after=None
[2024-07-11T08:43:13.554+0000] {processor.py:183} INFO - Processing /home/airflow/.local/lib/python3.10/site-packages/airflow/example_dags/example_sensor_decorator.py took 0.053 seconds
[2024-07-11T08:43:43.693+0000] {logging_mixin.py:188} INFO - [2024-07-11T08:43:43.693+0000] {settings.py:249} DEBUG - Setting up DB connection pool (PID 320)
[2024-07-11T08:43:43.699+0000] {logging_mixin.py:188} INFO - [2024-07-11T08:43:43.699+0000] {settings.py:350} DEBUG - settings.prepare_engine_args(): Using pool settings. pool_size=5, max_overflow=10, pool_recycle=1800, pid=320
[2024-07-11T08:43:43.701+0000] {processor.py:161} INFO - Started process (PID=320) to work on /home/airflow/.local/lib/python3.10/site-packages/airflow/example_dags/example_sensor_decorator.py
[2024-07-11T08:43:43.701+0000] {processor.py:830} INFO - Processing file /home/airflow/.local/lib/python3.10/site-packages/airflow/example_dags/example_sensor_decorator.py for tasks to queue
[2024-07-11T08:43:43.702+0000] {logging_mixin.py:188} INFO - [2024-07-11T08:43:43.702+0000] {dagbag.py:540} INFO - Filling up the DagBag from /home/airflow/.local/lib/python3.10/site-packages/airflow/example_dags/example_sensor_decorator.py
[2024-07-11T08:43:43.703+0000] {logging_mixin.py:188} INFO - [2024-07-11T08:43:43.702+0000] {dagbag.py:332} DEBUG - Importing /home/airflow/.local/lib/python3.10/site-packages/airflow/example_dags/example_sensor_decorator.py
[2024-07-11T08:43:43.709+0000] {logging_mixin.py:188} INFO - [2024-07-11T08:43:43.708+0000] {dagbag.py:506} DEBUG - Loaded DAG <DAG: example_sensor_decorator>
[2024-07-11T08:43:43.709+0000] {processor.py:840} INFO - DAG(s) 'example_sensor_decorator' retrieved from /home/airflow/.local/lib/python3.10/site-packages/airflow/example_dags/example_sensor_decorator.py
[2024-07-11T08:43:43.710+0000] {logging_mixin.py:188} INFO - [2024-07-11T08:43:43.710+0000] {dagbag.py:662} DEBUG - Running dagbag.sync_to_db with retries. Try 1 of 3
[2024-07-11T08:43:43.710+0000] {logging_mixin.py:188} INFO - [2024-07-11T08:43:43.710+0000] {dagbag.py:667} DEBUG - Calling the DAG.bulk_sync_to_db method
[2024-07-11T08:43:43.720+0000] {logging_mixin.py:188} INFO - [2024-07-11T08:43:43.720+0000] {serialized_dag.py:165} DEBUG - Checking if DAG (example_sensor_decorator) changed
[2024-07-11T08:43:43.724+0000] {logging_mixin.py:188} INFO - [2024-07-11T08:43:43.723+0000] {plugins_manager.py:322} DEBUG - Plugins are already loaded. Skipping.
[2024-07-11T08:43:43.724+0000] {logging_mixin.py:188} INFO - [2024-07-11T08:43:43.724+0000] {plugins_manager.py:400} DEBUG - Initialize custom taskinstance deps plugins
[2024-07-11T08:43:43.728+0000] {logging_mixin.py:188} INFO - [2024-07-11T08:43:43.728+0000] {serialized_dag.py:176} DEBUG - Serialized DAG (example_sensor_decorator) is unchanged. Skipping writing to DB
[2024-07-11T08:43:43.729+0000] {logging_mixin.py:188} INFO - [2024-07-11T08:43:43.728+0000] {dag.py:3047} INFO - Sync 1 DAGs
[2024-07-11T08:43:43.739+0000] {logging_mixin.py:188} INFO - [2024-07-11T08:43:43.739+0000] {dag.py:3834} INFO - Setting next_dagrun for example_sensor_decorator to None, run_after=None
[2024-07-11T08:43:43.754+0000] {processor.py:183} INFO - Processing /home/airflow/.local/lib/python3.10/site-packages/airflow/example_dags/example_sensor_decorator.py took 0.061 seconds
[2024-07-11T08:44:14.100+0000] {logging_mixin.py:188} INFO - [2024-07-11T08:44:14.099+0000] {settings.py:249} DEBUG - Setting up DB connection pool (PID 376)
[2024-07-11T08:44:14.101+0000] {logging_mixin.py:188} INFO - [2024-07-11T08:44:14.101+0000] {settings.py:350} DEBUG - settings.prepare_engine_args(): Using pool settings. pool_size=5, max_overflow=10, pool_recycle=1800, pid=376
[2024-07-11T08:44:14.103+0000] {processor.py:161} INFO - Started process (PID=376) to work on /home/airflow/.local/lib/python3.10/site-packages/airflow/example_dags/example_sensor_decorator.py
[2024-07-11T08:44:14.104+0000] {processor.py:830} INFO - Processing file /home/airflow/.local/lib/python3.10/site-packages/airflow/example_dags/example_sensor_decorator.py for tasks to queue
[2024-07-11T08:44:14.104+0000] {logging_mixin.py:188} INFO - [2024-07-11T08:44:14.104+0000] {dagbag.py:540} INFO - Filling up the DagBag from /home/airflow/.local/lib/python3.10/site-packages/airflow/example_dags/example_sensor_decorator.py
[2024-07-11T08:44:14.106+0000] {logging_mixin.py:188} INFO - [2024-07-11T08:44:14.106+0000] {dagbag.py:332} DEBUG - Importing /home/airflow/.local/lib/python3.10/site-packages/airflow/example_dags/example_sensor_decorator.py
[2024-07-11T08:44:14.111+0000] {logging_mixin.py:188} INFO - [2024-07-11T08:44:14.111+0000] {dagbag.py:506} DEBUG - Loaded DAG <DAG: example_sensor_decorator>
[2024-07-11T08:44:14.111+0000] {processor.py:840} INFO - DAG(s) 'example_sensor_decorator' retrieved from /home/airflow/.local/lib/python3.10/site-packages/airflow/example_dags/example_sensor_decorator.py
[2024-07-11T08:44:14.112+0000] {logging_mixin.py:188} INFO - [2024-07-11T08:44:14.112+0000] {dagbag.py:662} DEBUG - Running dagbag.sync_to_db with retries. Try 1 of 3
[2024-07-11T08:44:14.113+0000] {logging_mixin.py:188} INFO - [2024-07-11T08:44:14.113+0000] {dagbag.py:667} DEBUG - Calling the DAG.bulk_sync_to_db method
[2024-07-11T08:44:14.121+0000] {logging_mixin.py:188} INFO - [2024-07-11T08:44:14.121+0000] {serialized_dag.py:165} DEBUG - Checking if DAG (example_sensor_decorator) changed
[2024-07-11T08:44:14.123+0000] {logging_mixin.py:188} INFO - [2024-07-11T08:44:14.123+0000] {plugins_manager.py:322} DEBUG - Plugins are already loaded. Skipping.
[2024-07-11T08:44:14.123+0000] {logging_mixin.py:188} INFO - [2024-07-11T08:44:14.123+0000] {plugins_manager.py:400} DEBUG - Initialize custom taskinstance deps plugins
[2024-07-11T08:44:14.127+0000] {logging_mixin.py:188} INFO - [2024-07-11T08:44:14.127+0000] {serialized_dag.py:176} DEBUG - Serialized DAG (example_sensor_decorator) is unchanged. Skipping writing to DB
[2024-07-11T08:44:14.127+0000] {logging_mixin.py:188} INFO - [2024-07-11T08:44:14.127+0000] {dag.py:3047} INFO - Sync 1 DAGs
[2024-07-11T08:44:14.135+0000] {logging_mixin.py:188} INFO - [2024-07-11T08:44:14.135+0000] {dag.py:3834} INFO - Setting next_dagrun for example_sensor_decorator to None, run_after=None
[2024-07-11T08:44:14.147+0000] {processor.py:183} INFO - Processing /home/airflow/.local/lib/python3.10/site-packages/airflow/example_dags/example_sensor_decorator.py took 0.048 seconds
[2024-07-11T08:44:44.459+0000] {logging_mixin.py:188} INFO - [2024-07-11T08:44:44.458+0000] {settings.py:249} DEBUG - Setting up DB connection pool (PID 432)
[2024-07-11T08:44:44.461+0000] {logging_mixin.py:188} INFO - [2024-07-11T08:44:44.461+0000] {settings.py:350} DEBUG - settings.prepare_engine_args(): Using pool settings. pool_size=5, max_overflow=10, pool_recycle=1800, pid=432
[2024-07-11T08:44:44.464+0000] {processor.py:161} INFO - Started process (PID=432) to work on /home/airflow/.local/lib/python3.10/site-packages/airflow/example_dags/example_sensor_decorator.py
[2024-07-11T08:44:44.464+0000] {processor.py:830} INFO - Processing file /home/airflow/.local/lib/python3.10/site-packages/airflow/example_dags/example_sensor_decorator.py for tasks to queue
[2024-07-11T08:44:44.465+0000] {logging_mixin.py:188} INFO - [2024-07-11T08:44:44.464+0000] {dagbag.py:540} INFO - Filling up the DagBag from /home/airflow/.local/lib/python3.10/site-packages/airflow/example_dags/example_sensor_decorator.py
[2024-07-11T08:44:44.467+0000] {logging_mixin.py:188} INFO - [2024-07-11T08:44:44.466+0000] {dagbag.py:332} DEBUG - Importing /home/airflow/.local/lib/python3.10/site-packages/airflow/example_dags/example_sensor_decorator.py
[2024-07-11T08:44:44.472+0000] {logging_mixin.py:188} INFO - [2024-07-11T08:44:44.471+0000] {dagbag.py:506} DEBUG - Loaded DAG <DAG: example_sensor_decorator>
[2024-07-11T08:44:44.472+0000] {processor.py:840} INFO - DAG(s) 'example_sensor_decorator' retrieved from /home/airflow/.local/lib/python3.10/site-packages/airflow/example_dags/example_sensor_decorator.py
[2024-07-11T08:44:44.473+0000] {logging_mixin.py:188} INFO - [2024-07-11T08:44:44.473+0000] {dagbag.py:662} DEBUG - Running dagbag.sync_to_db with retries. Try 1 of 3
[2024-07-11T08:44:44.473+0000] {logging_mixin.py:188} INFO - [2024-07-11T08:44:44.473+0000] {dagbag.py:667} DEBUG - Calling the DAG.bulk_sync_to_db method
[2024-07-11T08:44:44.483+0000] {logging_mixin.py:188} INFO - [2024-07-11T08:44:44.483+0000] {serialized_dag.py:165} DEBUG - Checking if DAG (example_sensor_decorator) changed
[2024-07-11T08:44:44.485+0000] {logging_mixin.py:188} INFO - [2024-07-11T08:44:44.485+0000] {plugins_manager.py:322} DEBUG - Plugins are already loaded. Skipping.
[2024-07-11T08:44:44.485+0000] {logging_mixin.py:188} INFO - [2024-07-11T08:44:44.485+0000] {plugins_manager.py:400} DEBUG - Initialize custom taskinstance deps plugins
[2024-07-11T08:44:44.489+0000] {logging_mixin.py:188} INFO - [2024-07-11T08:44:44.489+0000] {serialized_dag.py:176} DEBUG - Serialized DAG (example_sensor_decorator) is unchanged. Skipping writing to DB
[2024-07-11T08:44:44.490+0000] {logging_mixin.py:188} INFO - [2024-07-11T08:44:44.489+0000] {dag.py:3047} INFO - Sync 1 DAGs
[2024-07-11T08:44:44.499+0000] {logging_mixin.py:188} INFO - [2024-07-11T08:44:44.498+0000] {dag.py:3834} INFO - Setting next_dagrun for example_sensor_decorator to None, run_after=None
[2024-07-11T08:44:44.511+0000] {processor.py:183} INFO - Processing /home/airflow/.local/lib/python3.10/site-packages/airflow/example_dags/example_sensor_decorator.py took 0.053 seconds
