[2024-07-11T08:36:58.729+0000] {logging_mixin.py:188} INFO - [2024-07-11T08:36:58.729+0000] {settings.py:249} DEBUG - Setting up DB connection pool (PID 54)
[2024-07-11T08:36:58.730+0000] {logging_mixin.py:188} INFO - [2024-07-11T08:36:58.730+0000] {settings.py:350} DEBUG - settings.prepare_engine_args(): Using pool settings. pool_size=5, max_overflow=10, pool_recycle=1800, pid=54
[2024-07-11T08:36:58.732+0000] {processor.py:161} INFO - Started process (PID=54) to work on /home/airflow/.local/lib/python3.10/site-packages/airflow/example_dags/example_branch_python_dop_operator_3.py
[2024-07-11T08:36:58.733+0000] {processor.py:830} INFO - Processing file /home/airflow/.local/lib/python3.10/site-packages/airflow/example_dags/example_branch_python_dop_operator_3.py for tasks to queue
[2024-07-11T08:36:58.733+0000] {logging_mixin.py:188} INFO - [2024-07-11T08:36:58.733+0000] {dagbag.py:540} INFO - Filling up the DagBag from /home/airflow/.local/lib/python3.10/site-packages/airflow/example_dags/example_branch_python_dop_operator_3.py
[2024-07-11T08:36:58.734+0000] {logging_mixin.py:188} INFO - [2024-07-11T08:36:58.734+0000] {dagbag.py:332} DEBUG - Importing /home/airflow/.local/lib/python3.10/site-packages/airflow/example_dags/example_branch_python_dop_operator_3.py
[2024-07-11T08:36:58.737+0000] {logging_mixin.py:188} INFO - [2024-07-11T08:36:58.737+0000] {GetText.py:65} DEBUG - /home/airflow/.local/lib/python3.10/site-packages/cron_descriptor/locale/en_US.mo Loaded
[2024-07-11T08:36:58.743+0000] {logging_mixin.py:188} INFO - [2024-07-11T08:36:58.742+0000] {dagbag.py:506} DEBUG - Loaded DAG <DAG: example_branch_dop_operator_v3>
[2024-07-11T08:36:58.743+0000] {processor.py:840} INFO - DAG(s) 'example_branch_dop_operator_v3' retrieved from /home/airflow/.local/lib/python3.10/site-packages/airflow/example_dags/example_branch_python_dop_operator_3.py
[2024-07-11T08:36:58.744+0000] {logging_mixin.py:188} INFO - [2024-07-11T08:36:58.744+0000] {dagbag.py:662} DEBUG - Running dagbag.sync_to_db with retries. Try 1 of 3
[2024-07-11T08:36:58.744+0000] {logging_mixin.py:188} INFO - [2024-07-11T08:36:58.744+0000] {dagbag.py:667} DEBUG - Calling the DAG.bulk_sync_to_db method
[2024-07-11T08:36:58.753+0000] {logging_mixin.py:188} INFO - [2024-07-11T08:36:58.753+0000] {dag.py:3047} INFO - Sync 1 DAGs
[2024-07-11T08:36:58.790+0000] {logging_mixin.py:188} INFO - [2024-07-11T08:36:58.789+0000] {dag.py:3834} INFO - Setting next_dagrun for example_branch_dop_operator_v3 to 2024-07-11 08:35:00+00:00, run_after=2024-07-11 08:36:00+00:00
[2024-07-11T08:36:58.812+0000] {processor.py:183} INFO - Processing /home/airflow/.local/lib/python3.10/site-packages/airflow/example_dags/example_branch_python_dop_operator_3.py took 0.083 seconds
[2024-07-11T08:37:29.209+0000] {logging_mixin.py:188} INFO - [2024-07-11T08:37:29.209+0000] {settings.py:249} DEBUG - Setting up DB connection pool (PID 110)
[2024-07-11T08:37:29.210+0000] {logging_mixin.py:188} INFO - [2024-07-11T08:37:29.209+0000] {settings.py:350} DEBUG - settings.prepare_engine_args(): Using pool settings. pool_size=5, max_overflow=10, pool_recycle=1800, pid=110
[2024-07-11T08:37:29.211+0000] {processor.py:161} INFO - Started process (PID=110) to work on /home/airflow/.local/lib/python3.10/site-packages/airflow/example_dags/example_branch_python_dop_operator_3.py
[2024-07-11T08:37:29.212+0000] {processor.py:830} INFO - Processing file /home/airflow/.local/lib/python3.10/site-packages/airflow/example_dags/example_branch_python_dop_operator_3.py for tasks to queue
[2024-07-11T08:37:29.212+0000] {logging_mixin.py:188} INFO - [2024-07-11T08:37:29.212+0000] {dagbag.py:540} INFO - Filling up the DagBag from /home/airflow/.local/lib/python3.10/site-packages/airflow/example_dags/example_branch_python_dop_operator_3.py
[2024-07-11T08:37:29.213+0000] {logging_mixin.py:188} INFO - [2024-07-11T08:37:29.213+0000] {dagbag.py:332} DEBUG - Importing /home/airflow/.local/lib/python3.10/site-packages/airflow/example_dags/example_branch_python_dop_operator_3.py
[2024-07-11T08:37:29.215+0000] {logging_mixin.py:188} INFO - [2024-07-11T08:37:29.215+0000] {GetText.py:65} DEBUG - /home/airflow/.local/lib/python3.10/site-packages/cron_descriptor/locale/en_US.mo Loaded
[2024-07-11T08:37:29.219+0000] {logging_mixin.py:188} INFO - [2024-07-11T08:37:29.219+0000] {dagbag.py:506} DEBUG - Loaded DAG <DAG: example_branch_dop_operator_v3>
[2024-07-11T08:37:29.219+0000] {processor.py:840} INFO - DAG(s) 'example_branch_dop_operator_v3' retrieved from /home/airflow/.local/lib/python3.10/site-packages/airflow/example_dags/example_branch_python_dop_operator_3.py
[2024-07-11T08:37:29.220+0000] {logging_mixin.py:188} INFO - [2024-07-11T08:37:29.220+0000] {dagbag.py:662} DEBUG - Running dagbag.sync_to_db with retries. Try 1 of 3
[2024-07-11T08:37:29.220+0000] {logging_mixin.py:188} INFO - [2024-07-11T08:37:29.220+0000] {dagbag.py:667} DEBUG - Calling the DAG.bulk_sync_to_db method
[2024-07-11T08:37:29.228+0000] {logging_mixin.py:188} INFO - [2024-07-11T08:37:29.228+0000] {serialized_dag.py:165} DEBUG - Checking if DAG (example_branch_dop_operator_v3) changed
[2024-07-11T08:37:29.234+0000] {logging_mixin.py:188} INFO - [2024-07-11T08:37:29.234+0000] {serialized_dag.py:179} DEBUG - Writing Serialized DAG: example_branch_dop_operator_v3 to the DB
[2024-07-11T08:37:29.236+0000] {logging_mixin.py:188} INFO - [2024-07-11T08:37:29.236+0000] {serialized_dag.py:181} DEBUG - DAG: example_branch_dop_operator_v3 written to the DB
[2024-07-11T08:37:29.237+0000] {logging_mixin.py:188} INFO - [2024-07-11T08:37:29.237+0000] {dagbag.py:696} DEBUG - Syncing DAG permissions: example_branch_dop_operator_v3 to the DB
[2024-07-11T08:37:29.295+0000] {logging_mixin.py:188} INFO - [2024-07-11T08:37:29.294+0000] {override.py:1034} DEBUG - Not syncing DAG-level permissions for DAG 'DAG:example_branch_dop_operator_v3' as access control is unset.
[2024-07-11T08:37:29.295+0000] {logging_mixin.py:188} INFO - [2024-07-11T08:37:29.295+0000] {dag.py:3047} INFO - Sync 1 DAGs
[2024-07-11T08:37:29.314+0000] {logging_mixin.py:188} INFO - [2024-07-11T08:37:29.313+0000] {dag.py:3834} INFO - Setting next_dagrun for example_branch_dop_operator_v3 to 2024-07-11 08:36:00+00:00, run_after=2024-07-11 08:37:00+00:00
[2024-07-11T08:37:29.338+0000] {processor.py:183} INFO - Processing /home/airflow/.local/lib/python3.10/site-packages/airflow/example_dags/example_branch_python_dop_operator_3.py took 0.130 seconds
[2024-07-11T08:37:59.898+0000] {logging_mixin.py:188} INFO - [2024-07-11T08:37:59.898+0000] {settings.py:249} DEBUG - Setting up DB connection pool (PID 166)
[2024-07-11T08:37:59.899+0000] {logging_mixin.py:188} INFO - [2024-07-11T08:37:59.899+0000] {settings.py:350} DEBUG - settings.prepare_engine_args(): Using pool settings. pool_size=5, max_overflow=10, pool_recycle=1800, pid=166
[2024-07-11T08:37:59.901+0000] {processor.py:161} INFO - Started process (PID=166) to work on /home/airflow/.local/lib/python3.10/site-packages/airflow/example_dags/example_branch_python_dop_operator_3.py
[2024-07-11T08:37:59.901+0000] {processor.py:830} INFO - Processing file /home/airflow/.local/lib/python3.10/site-packages/airflow/example_dags/example_branch_python_dop_operator_3.py for tasks to queue
[2024-07-11T08:37:59.901+0000] {logging_mixin.py:188} INFO - [2024-07-11T08:37:59.901+0000] {dagbag.py:540} INFO - Filling up the DagBag from /home/airflow/.local/lib/python3.10/site-packages/airflow/example_dags/example_branch_python_dop_operator_3.py
[2024-07-11T08:37:59.902+0000] {logging_mixin.py:188} INFO - [2024-07-11T08:37:59.902+0000] {dagbag.py:332} DEBUG - Importing /home/airflow/.local/lib/python3.10/site-packages/airflow/example_dags/example_branch_python_dop_operator_3.py
[2024-07-11T08:37:59.904+0000] {logging_mixin.py:188} INFO - [2024-07-11T08:37:59.904+0000] {GetText.py:65} DEBUG - /home/airflow/.local/lib/python3.10/site-packages/cron_descriptor/locale/en_US.mo Loaded
[2024-07-11T08:37:59.908+0000] {logging_mixin.py:188} INFO - [2024-07-11T08:37:59.908+0000] {dagbag.py:506} DEBUG - Loaded DAG <DAG: example_branch_dop_operator_v3>
[2024-07-11T08:37:59.908+0000] {processor.py:840} INFO - DAG(s) 'example_branch_dop_operator_v3' retrieved from /home/airflow/.local/lib/python3.10/site-packages/airflow/example_dags/example_branch_python_dop_operator_3.py
[2024-07-11T08:37:59.909+0000] {logging_mixin.py:188} INFO - [2024-07-11T08:37:59.909+0000] {dagbag.py:662} DEBUG - Running dagbag.sync_to_db with retries. Try 1 of 3
[2024-07-11T08:37:59.909+0000] {logging_mixin.py:188} INFO - [2024-07-11T08:37:59.909+0000] {dagbag.py:667} DEBUG - Calling the DAG.bulk_sync_to_db method
[2024-07-11T08:37:59.917+0000] {logging_mixin.py:188} INFO - [2024-07-11T08:37:59.916+0000] {serialized_dag.py:165} DEBUG - Checking if DAG (example_branch_dop_operator_v3) changed
[2024-07-11T08:37:59.922+0000] {logging_mixin.py:188} INFO - [2024-07-11T08:37:59.922+0000] {serialized_dag.py:176} DEBUG - Serialized DAG (example_branch_dop_operator_v3) is unchanged. Skipping writing to DB
[2024-07-11T08:37:59.922+0000] {logging_mixin.py:188} INFO - [2024-07-11T08:37:59.922+0000] {dag.py:3047} INFO - Sync 1 DAGs
[2024-07-11T08:37:59.941+0000] {logging_mixin.py:188} INFO - [2024-07-11T08:37:59.941+0000] {dag.py:3834} INFO - Setting next_dagrun for example_branch_dop_operator_v3 to 2024-07-11 08:36:00+00:00, run_after=2024-07-11 08:37:00+00:00
[2024-07-11T08:37:59.955+0000] {processor.py:183} INFO - Processing /home/airflow/.local/lib/python3.10/site-packages/airflow/example_dags/example_branch_python_dop_operator_3.py took 0.057 seconds
[2024-07-11T08:38:30.100+0000] {logging_mixin.py:188} INFO - [2024-07-11T08:38:30.100+0000] {settings.py:249} DEBUG - Setting up DB connection pool (PID 222)
[2024-07-11T08:38:30.101+0000] {logging_mixin.py:188} INFO - [2024-07-11T08:38:30.101+0000] {settings.py:350} DEBUG - settings.prepare_engine_args(): Using pool settings. pool_size=5, max_overflow=10, pool_recycle=1800, pid=222
[2024-07-11T08:38:30.104+0000] {processor.py:161} INFO - Started process (PID=222) to work on /home/airflow/.local/lib/python3.10/site-packages/airflow/example_dags/example_branch_python_dop_operator_3.py
[2024-07-11T08:38:30.104+0000] {processor.py:830} INFO - Processing file /home/airflow/.local/lib/python3.10/site-packages/airflow/example_dags/example_branch_python_dop_operator_3.py for tasks to queue
[2024-07-11T08:38:30.105+0000] {logging_mixin.py:188} INFO - [2024-07-11T08:38:30.105+0000] {dagbag.py:540} INFO - Filling up the DagBag from /home/airflow/.local/lib/python3.10/site-packages/airflow/example_dags/example_branch_python_dop_operator_3.py
[2024-07-11T08:38:30.106+0000] {logging_mixin.py:188} INFO - [2024-07-11T08:38:30.106+0000] {dagbag.py:332} DEBUG - Importing /home/airflow/.local/lib/python3.10/site-packages/airflow/example_dags/example_branch_python_dop_operator_3.py
[2024-07-11T08:38:30.109+0000] {logging_mixin.py:188} INFO - [2024-07-11T08:38:30.108+0000] {GetText.py:65} DEBUG - /home/airflow/.local/lib/python3.10/site-packages/cron_descriptor/locale/en_US.mo Loaded
[2024-07-11T08:38:30.114+0000] {logging_mixin.py:188} INFO - [2024-07-11T08:38:30.113+0000] {dagbag.py:506} DEBUG - Loaded DAG <DAG: example_branch_dop_operator_v3>
[2024-07-11T08:38:30.114+0000] {processor.py:840} INFO - DAG(s) 'example_branch_dop_operator_v3' retrieved from /home/airflow/.local/lib/python3.10/site-packages/airflow/example_dags/example_branch_python_dop_operator_3.py
[2024-07-11T08:38:30.116+0000] {logging_mixin.py:188} INFO - [2024-07-11T08:38:30.116+0000] {dagbag.py:662} DEBUG - Running dagbag.sync_to_db with retries. Try 1 of 3
[2024-07-11T08:38:30.116+0000] {logging_mixin.py:188} INFO - [2024-07-11T08:38:30.116+0000] {dagbag.py:667} DEBUG - Calling the DAG.bulk_sync_to_db method
[2024-07-11T08:38:30.125+0000] {logging_mixin.py:188} INFO - [2024-07-11T08:38:30.125+0000] {serialized_dag.py:165} DEBUG - Checking if DAG (example_branch_dop_operator_v3) changed
[2024-07-11T08:38:30.133+0000] {logging_mixin.py:188} INFO - [2024-07-11T08:38:30.133+0000] {serialized_dag.py:176} DEBUG - Serialized DAG (example_branch_dop_operator_v3) is unchanged. Skipping writing to DB
[2024-07-11T08:38:30.134+0000] {logging_mixin.py:188} INFO - [2024-07-11T08:38:30.133+0000] {dag.py:3047} INFO - Sync 1 DAGs
[2024-07-11T08:38:30.155+0000] {logging_mixin.py:188} INFO - [2024-07-11T08:38:30.155+0000] {dag.py:3834} INFO - Setting next_dagrun for example_branch_dop_operator_v3 to 2024-07-11 08:37:00+00:00, run_after=2024-07-11 08:38:00+00:00
[2024-07-11T08:38:30.172+0000] {processor.py:183} INFO - Processing /home/airflow/.local/lib/python3.10/site-packages/airflow/example_dags/example_branch_python_dop_operator_3.py took 0.072 seconds
[2024-07-11T08:39:00.356+0000] {logging_mixin.py:188} INFO - [2024-07-11T08:39:00.356+0000] {settings.py:249} DEBUG - Setting up DB connection pool (PID 278)
[2024-07-11T08:39:00.357+0000] {logging_mixin.py:188} INFO - [2024-07-11T08:39:00.357+0000] {settings.py:350} DEBUG - settings.prepare_engine_args(): Using pool settings. pool_size=5, max_overflow=10, pool_recycle=1800, pid=278
[2024-07-11T08:39:00.360+0000] {processor.py:161} INFO - Started process (PID=278) to work on /home/airflow/.local/lib/python3.10/site-packages/airflow/example_dags/example_branch_python_dop_operator_3.py
[2024-07-11T08:39:00.361+0000] {processor.py:830} INFO - Processing file /home/airflow/.local/lib/python3.10/site-packages/airflow/example_dags/example_branch_python_dop_operator_3.py for tasks to queue
[2024-07-11T08:39:00.362+0000] {logging_mixin.py:188} INFO - [2024-07-11T08:39:00.361+0000] {dagbag.py:540} INFO - Filling up the DagBag from /home/airflow/.local/lib/python3.10/site-packages/airflow/example_dags/example_branch_python_dop_operator_3.py
[2024-07-11T08:39:00.363+0000] {logging_mixin.py:188} INFO - [2024-07-11T08:39:00.363+0000] {dagbag.py:332} DEBUG - Importing /home/airflow/.local/lib/python3.10/site-packages/airflow/example_dags/example_branch_python_dop_operator_3.py
[2024-07-11T08:39:00.367+0000] {logging_mixin.py:188} INFO - [2024-07-11T08:39:00.366+0000] {GetText.py:65} DEBUG - /home/airflow/.local/lib/python3.10/site-packages/cron_descriptor/locale/en_US.mo Loaded
[2024-07-11T08:39:00.373+0000] {logging_mixin.py:188} INFO - [2024-07-11T08:39:00.372+0000] {dagbag.py:506} DEBUG - Loaded DAG <DAG: example_branch_dop_operator_v3>
[2024-07-11T08:39:00.374+0000] {processor.py:840} INFO - DAG(s) 'example_branch_dop_operator_v3' retrieved from /home/airflow/.local/lib/python3.10/site-packages/airflow/example_dags/example_branch_python_dop_operator_3.py
[2024-07-11T08:39:00.375+0000] {logging_mixin.py:188} INFO - [2024-07-11T08:39:00.374+0000] {dagbag.py:662} DEBUG - Running dagbag.sync_to_db with retries. Try 1 of 3
[2024-07-11T08:39:00.375+0000] {logging_mixin.py:188} INFO - [2024-07-11T08:39:00.375+0000] {dagbag.py:667} DEBUG - Calling the DAG.bulk_sync_to_db method
[2024-07-11T08:39:00.384+0000] {logging_mixin.py:188} INFO - [2024-07-11T08:39:00.384+0000] {serialized_dag.py:165} DEBUG - Checking if DAG (example_branch_dop_operator_v3) changed
[2024-07-11T08:39:00.392+0000] {logging_mixin.py:188} INFO - [2024-07-11T08:39:00.392+0000] {serialized_dag.py:176} DEBUG - Serialized DAG (example_branch_dop_operator_v3) is unchanged. Skipping writing to DB
[2024-07-11T08:39:00.393+0000] {logging_mixin.py:188} INFO - [2024-07-11T08:39:00.392+0000] {dag.py:3047} INFO - Sync 1 DAGs
[2024-07-11T08:39:00.417+0000] {logging_mixin.py:188} INFO - [2024-07-11T08:39:00.416+0000] {dag.py:3834} INFO - Setting next_dagrun for example_branch_dop_operator_v3 to 2024-07-11 08:38:00+00:00, run_after=2024-07-11 08:39:00+00:00
[2024-07-11T08:39:00.434+0000] {processor.py:183} INFO - Processing /home/airflow/.local/lib/python3.10/site-packages/airflow/example_dags/example_branch_python_dop_operator_3.py took 0.078 seconds
[2024-07-11T08:39:30.609+0000] {logging_mixin.py:188} INFO - [2024-07-11T08:39:30.609+0000] {settings.py:249} DEBUG - Setting up DB connection pool (PID 334)
[2024-07-11T08:39:30.610+0000] {logging_mixin.py:188} INFO - [2024-07-11T08:39:30.610+0000] {settings.py:350} DEBUG - settings.prepare_engine_args(): Using pool settings. pool_size=5, max_overflow=10, pool_recycle=1800, pid=334
[2024-07-11T08:39:30.612+0000] {processor.py:161} INFO - Started process (PID=334) to work on /home/airflow/.local/lib/python3.10/site-packages/airflow/example_dags/example_branch_python_dop_operator_3.py
[2024-07-11T08:39:30.612+0000] {processor.py:830} INFO - Processing file /home/airflow/.local/lib/python3.10/site-packages/airflow/example_dags/example_branch_python_dop_operator_3.py for tasks to queue
[2024-07-11T08:39:30.613+0000] {logging_mixin.py:188} INFO - [2024-07-11T08:39:30.613+0000] {dagbag.py:540} INFO - Filling up the DagBag from /home/airflow/.local/lib/python3.10/site-packages/airflow/example_dags/example_branch_python_dop_operator_3.py
[2024-07-11T08:39:30.614+0000] {logging_mixin.py:188} INFO - [2024-07-11T08:39:30.614+0000] {dagbag.py:332} DEBUG - Importing /home/airflow/.local/lib/python3.10/site-packages/airflow/example_dags/example_branch_python_dop_operator_3.py
[2024-07-11T08:39:30.617+0000] {logging_mixin.py:188} INFO - [2024-07-11T08:39:30.617+0000] {GetText.py:65} DEBUG - /home/airflow/.local/lib/python3.10/site-packages/cron_descriptor/locale/en_US.mo Loaded
[2024-07-11T08:39:30.622+0000] {logging_mixin.py:188} INFO - [2024-07-11T08:39:30.621+0000] {dagbag.py:506} DEBUG - Loaded DAG <DAG: example_branch_dop_operator_v3>
[2024-07-11T08:39:30.622+0000] {processor.py:840} INFO - DAG(s) 'example_branch_dop_operator_v3' retrieved from /home/airflow/.local/lib/python3.10/site-packages/airflow/example_dags/example_branch_python_dop_operator_3.py
[2024-07-11T08:39:30.623+0000] {logging_mixin.py:188} INFO - [2024-07-11T08:39:30.623+0000] {dagbag.py:662} DEBUG - Running dagbag.sync_to_db with retries. Try 1 of 3
[2024-07-11T08:39:30.623+0000] {logging_mixin.py:188} INFO - [2024-07-11T08:39:30.623+0000] {dagbag.py:667} DEBUG - Calling the DAG.bulk_sync_to_db method
[2024-07-11T08:39:30.632+0000] {logging_mixin.py:188} INFO - [2024-07-11T08:39:30.631+0000] {serialized_dag.py:165} DEBUG - Checking if DAG (example_branch_dop_operator_v3) changed
[2024-07-11T08:39:30.639+0000] {logging_mixin.py:188} INFO - [2024-07-11T08:39:30.638+0000] {serialized_dag.py:176} DEBUG - Serialized DAG (example_branch_dop_operator_v3) is unchanged. Skipping writing to DB
[2024-07-11T08:39:30.639+0000] {logging_mixin.py:188} INFO - [2024-07-11T08:39:30.639+0000] {dag.py:3047} INFO - Sync 1 DAGs
[2024-07-11T08:39:30.664+0000] {logging_mixin.py:188} INFO - [2024-07-11T08:39:30.664+0000] {dag.py:3834} INFO - Setting next_dagrun for example_branch_dop_operator_v3 to 2024-07-11 08:38:00+00:00, run_after=2024-07-11 08:39:00+00:00
[2024-07-11T08:39:30.680+0000] {processor.py:183} INFO - Processing /home/airflow/.local/lib/python3.10/site-packages/airflow/example_dags/example_branch_python_dop_operator_3.py took 0.071 seconds
[2024-07-11T08:40:00.876+0000] {logging_mixin.py:188} INFO - [2024-07-11T08:40:00.875+0000] {settings.py:249} DEBUG - Setting up DB connection pool (PID 390)
[2024-07-11T08:40:00.876+0000] {logging_mixin.py:188} INFO - [2024-07-11T08:40:00.876+0000] {settings.py:350} DEBUG - settings.prepare_engine_args(): Using pool settings. pool_size=5, max_overflow=10, pool_recycle=1800, pid=390
[2024-07-11T08:40:00.878+0000] {processor.py:161} INFO - Started process (PID=390) to work on /home/airflow/.local/lib/python3.10/site-packages/airflow/example_dags/example_branch_python_dop_operator_3.py
[2024-07-11T08:40:00.879+0000] {processor.py:830} INFO - Processing file /home/airflow/.local/lib/python3.10/site-packages/airflow/example_dags/example_branch_python_dop_operator_3.py for tasks to queue
[2024-07-11T08:40:00.879+0000] {logging_mixin.py:188} INFO - [2024-07-11T08:40:00.879+0000] {dagbag.py:540} INFO - Filling up the DagBag from /home/airflow/.local/lib/python3.10/site-packages/airflow/example_dags/example_branch_python_dop_operator_3.py
[2024-07-11T08:40:00.880+0000] {logging_mixin.py:188} INFO - [2024-07-11T08:40:00.880+0000] {dagbag.py:332} DEBUG - Importing /home/airflow/.local/lib/python3.10/site-packages/airflow/example_dags/example_branch_python_dop_operator_3.py
[2024-07-11T08:40:00.882+0000] {logging_mixin.py:188} INFO - [2024-07-11T08:40:00.882+0000] {GetText.py:65} DEBUG - /home/airflow/.local/lib/python3.10/site-packages/cron_descriptor/locale/en_US.mo Loaded
[2024-07-11T08:40:00.886+0000] {logging_mixin.py:188} INFO - [2024-07-11T08:40:00.885+0000] {dagbag.py:506} DEBUG - Loaded DAG <DAG: example_branch_dop_operator_v3>
[2024-07-11T08:40:00.886+0000] {processor.py:840} INFO - DAG(s) 'example_branch_dop_operator_v3' retrieved from /home/airflow/.local/lib/python3.10/site-packages/airflow/example_dags/example_branch_python_dop_operator_3.py
[2024-07-11T08:40:00.886+0000] {logging_mixin.py:188} INFO - [2024-07-11T08:40:00.886+0000] {dagbag.py:662} DEBUG - Running dagbag.sync_to_db with retries. Try 1 of 3
[2024-07-11T08:40:00.887+0000] {logging_mixin.py:188} INFO - [2024-07-11T08:40:00.887+0000] {dagbag.py:667} DEBUG - Calling the DAG.bulk_sync_to_db method
[2024-07-11T08:40:00.894+0000] {logging_mixin.py:188} INFO - [2024-07-11T08:40:00.894+0000] {serialized_dag.py:165} DEBUG - Checking if DAG (example_branch_dop_operator_v3) changed
[2024-07-11T08:40:00.901+0000] {logging_mixin.py:188} INFO - [2024-07-11T08:40:00.901+0000] {serialized_dag.py:176} DEBUG - Serialized DAG (example_branch_dop_operator_v3) is unchanged. Skipping writing to DB
[2024-07-11T08:40:00.901+0000] {logging_mixin.py:188} INFO - [2024-07-11T08:40:00.901+0000] {dag.py:3047} INFO - Sync 1 DAGs
[2024-07-11T08:40:00.922+0000] {logging_mixin.py:188} INFO - [2024-07-11T08:40:00.922+0000] {dag.py:3834} INFO - Setting next_dagrun for example_branch_dop_operator_v3 to 2024-07-11 08:39:00+00:00, run_after=2024-07-11 08:40:00+00:00
[2024-07-11T08:40:00.938+0000] {processor.py:183} INFO - Processing /home/airflow/.local/lib/python3.10/site-packages/airflow/example_dags/example_branch_python_dop_operator_3.py took 0.062 seconds
[2024-07-11T08:41:12.785+0000] {logging_mixin.py:188} INFO - [2024-07-11T08:41:12.785+0000] {settings.py:249} DEBUG - Setting up DB connection pool (PID 54)
[2024-07-11T08:41:12.786+0000] {logging_mixin.py:188} INFO - [2024-07-11T08:41:12.786+0000] {settings.py:350} DEBUG - settings.prepare_engine_args(): Using pool settings. pool_size=5, max_overflow=10, pool_recycle=1800, pid=54
[2024-07-11T08:41:12.788+0000] {processor.py:161} INFO - Started process (PID=54) to work on /home/airflow/.local/lib/python3.10/site-packages/airflow/example_dags/example_branch_python_dop_operator_3.py
[2024-07-11T08:41:12.788+0000] {processor.py:830} INFO - Processing file /home/airflow/.local/lib/python3.10/site-packages/airflow/example_dags/example_branch_python_dop_operator_3.py for tasks to queue
[2024-07-11T08:41:12.789+0000] {logging_mixin.py:188} INFO - [2024-07-11T08:41:12.789+0000] {dagbag.py:540} INFO - Filling up the DagBag from /home/airflow/.local/lib/python3.10/site-packages/airflow/example_dags/example_branch_python_dop_operator_3.py
[2024-07-11T08:41:12.790+0000] {logging_mixin.py:188} INFO - [2024-07-11T08:41:12.790+0000] {dagbag.py:332} DEBUG - Importing /home/airflow/.local/lib/python3.10/site-packages/airflow/example_dags/example_branch_python_dop_operator_3.py
[2024-07-11T08:41:12.793+0000] {logging_mixin.py:188} INFO - [2024-07-11T08:41:12.793+0000] {GetText.py:65} DEBUG - /home/airflow/.local/lib/python3.10/site-packages/cron_descriptor/locale/en_US.mo Loaded
[2024-07-11T08:41:12.798+0000] {logging_mixin.py:188} INFO - [2024-07-11T08:41:12.797+0000] {dagbag.py:506} DEBUG - Loaded DAG <DAG: example_branch_dop_operator_v3>
[2024-07-11T08:41:12.798+0000] {processor.py:840} INFO - DAG(s) 'example_branch_dop_operator_v3' retrieved from /home/airflow/.local/lib/python3.10/site-packages/airflow/example_dags/example_branch_python_dop_operator_3.py
[2024-07-11T08:41:12.799+0000] {logging_mixin.py:188} INFO - [2024-07-11T08:41:12.799+0000] {dagbag.py:662} DEBUG - Running dagbag.sync_to_db with retries. Try 1 of 3
[2024-07-11T08:41:12.799+0000] {logging_mixin.py:188} INFO - [2024-07-11T08:41:12.799+0000] {dagbag.py:667} DEBUG - Calling the DAG.bulk_sync_to_db method
[2024-07-11T08:41:12.808+0000] {logging_mixin.py:188} INFO - [2024-07-11T08:41:12.807+0000] {dag.py:3047} INFO - Sync 1 DAGs
[2024-07-11T08:41:12.840+0000] {logging_mixin.py:188} INFO - [2024-07-11T08:41:12.840+0000] {dag.py:3834} INFO - Setting next_dagrun for example_branch_dop_operator_v3 to 2024-07-11 08:40:00+00:00, run_after=2024-07-11 08:41:00+00:00
[2024-07-11T08:41:12.862+0000] {processor.py:183} INFO - Processing /home/airflow/.local/lib/python3.10/site-packages/airflow/example_dags/example_branch_python_dop_operator_3.py took 0.077 seconds
[2024-07-11T08:41:43.887+0000] {logging_mixin.py:188} INFO - [2024-07-11T08:41:43.886+0000] {settings.py:249} DEBUG - Setting up DB connection pool (PID 110)
[2024-07-11T08:41:43.887+0000] {logging_mixin.py:188} INFO - [2024-07-11T08:41:43.887+0000] {settings.py:350} DEBUG - settings.prepare_engine_args(): Using pool settings. pool_size=5, max_overflow=10, pool_recycle=1800, pid=110
[2024-07-11T08:41:43.889+0000] {processor.py:161} INFO - Started process (PID=110) to work on /home/airflow/.local/lib/python3.10/site-packages/airflow/example_dags/example_branch_python_dop_operator_3.py
[2024-07-11T08:41:43.889+0000] {processor.py:830} INFO - Processing file /home/airflow/.local/lib/python3.10/site-packages/airflow/example_dags/example_branch_python_dop_operator_3.py for tasks to queue
[2024-07-11T08:41:43.890+0000] {logging_mixin.py:188} INFO - [2024-07-11T08:41:43.890+0000] {dagbag.py:540} INFO - Filling up the DagBag from /home/airflow/.local/lib/python3.10/site-packages/airflow/example_dags/example_branch_python_dop_operator_3.py
[2024-07-11T08:41:43.891+0000] {logging_mixin.py:188} INFO - [2024-07-11T08:41:43.890+0000] {dagbag.py:332} DEBUG - Importing /home/airflow/.local/lib/python3.10/site-packages/airflow/example_dags/example_branch_python_dop_operator_3.py
[2024-07-11T08:41:43.893+0000] {logging_mixin.py:188} INFO - [2024-07-11T08:41:43.892+0000] {GetText.py:65} DEBUG - /home/airflow/.local/lib/python3.10/site-packages/cron_descriptor/locale/en_US.mo Loaded
[2024-07-11T08:41:43.897+0000] {logging_mixin.py:188} INFO - [2024-07-11T08:41:43.896+0000] {dagbag.py:506} DEBUG - Loaded DAG <DAG: example_branch_dop_operator_v3>
[2024-07-11T08:41:43.897+0000] {processor.py:840} INFO - DAG(s) 'example_branch_dop_operator_v3' retrieved from /home/airflow/.local/lib/python3.10/site-packages/airflow/example_dags/example_branch_python_dop_operator_3.py
[2024-07-11T08:41:43.898+0000] {logging_mixin.py:188} INFO - [2024-07-11T08:41:43.898+0000] {dagbag.py:662} DEBUG - Running dagbag.sync_to_db with retries. Try 1 of 3
[2024-07-11T08:41:43.898+0000] {logging_mixin.py:188} INFO - [2024-07-11T08:41:43.898+0000] {dagbag.py:667} DEBUG - Calling the DAG.bulk_sync_to_db method
[2024-07-11T08:41:43.906+0000] {logging_mixin.py:188} INFO - [2024-07-11T08:41:43.905+0000] {serialized_dag.py:165} DEBUG - Checking if DAG (example_branch_dop_operator_v3) changed
[2024-07-11T08:41:43.911+0000] {logging_mixin.py:188} INFO - [2024-07-11T08:41:43.911+0000] {serialized_dag.py:179} DEBUG - Writing Serialized DAG: example_branch_dop_operator_v3 to the DB
[2024-07-11T08:41:43.914+0000] {logging_mixin.py:188} INFO - [2024-07-11T08:41:43.914+0000] {serialized_dag.py:181} DEBUG - DAG: example_branch_dop_operator_v3 written to the DB
[2024-07-11T08:41:43.914+0000] {logging_mixin.py:188} INFO - [2024-07-11T08:41:43.914+0000] {dagbag.py:696} DEBUG - Syncing DAG permissions: example_branch_dop_operator_v3 to the DB
[2024-07-11T08:41:43.971+0000] {logging_mixin.py:188} INFO - [2024-07-11T08:41:43.971+0000] {override.py:1034} DEBUG - Not syncing DAG-level permissions for DAG 'DAG:example_branch_dop_operator_v3' as access control is unset.
[2024-07-11T08:41:43.972+0000] {logging_mixin.py:188} INFO - [2024-07-11T08:41:43.971+0000] {dag.py:3047} INFO - Sync 1 DAGs
[2024-07-11T08:41:43.991+0000] {logging_mixin.py:188} INFO - [2024-07-11T08:41:43.991+0000] {dag.py:3834} INFO - Setting next_dagrun for example_branch_dop_operator_v3 to 2024-07-11 08:40:00+00:00, run_after=2024-07-11 08:41:00+00:00
[2024-07-11T08:41:44.004+0000] {processor.py:183} INFO - Processing /home/airflow/.local/lib/python3.10/site-packages/airflow/example_dags/example_branch_python_dop_operator_3.py took 0.118 seconds
[2024-07-11T08:42:14.738+0000] {logging_mixin.py:188} INFO - [2024-07-11T08:42:14.737+0000] {settings.py:249} DEBUG - Setting up DB connection pool (PID 166)
[2024-07-11T08:42:14.739+0000] {logging_mixin.py:188} INFO - [2024-07-11T08:42:14.738+0000] {settings.py:350} DEBUG - settings.prepare_engine_args(): Using pool settings. pool_size=5, max_overflow=10, pool_recycle=1800, pid=166
[2024-07-11T08:42:14.740+0000] {processor.py:161} INFO - Started process (PID=166) to work on /home/airflow/.local/lib/python3.10/site-packages/airflow/example_dags/example_branch_python_dop_operator_3.py
[2024-07-11T08:42:14.741+0000] {processor.py:830} INFO - Processing file /home/airflow/.local/lib/python3.10/site-packages/airflow/example_dags/example_branch_python_dop_operator_3.py for tasks to queue
[2024-07-11T08:42:14.741+0000] {logging_mixin.py:188} INFO - [2024-07-11T08:42:14.741+0000] {dagbag.py:540} INFO - Filling up the DagBag from /home/airflow/.local/lib/python3.10/site-packages/airflow/example_dags/example_branch_python_dop_operator_3.py
[2024-07-11T08:42:14.742+0000] {logging_mixin.py:188} INFO - [2024-07-11T08:42:14.742+0000] {dagbag.py:332} DEBUG - Importing /home/airflow/.local/lib/python3.10/site-packages/airflow/example_dags/example_branch_python_dop_operator_3.py
[2024-07-11T08:42:14.744+0000] {logging_mixin.py:188} INFO - [2024-07-11T08:42:14.744+0000] {GetText.py:65} DEBUG - /home/airflow/.local/lib/python3.10/site-packages/cron_descriptor/locale/en_US.mo Loaded
[2024-07-11T08:42:14.748+0000] {logging_mixin.py:188} INFO - [2024-07-11T08:42:14.747+0000] {dagbag.py:506} DEBUG - Loaded DAG <DAG: example_branch_dop_operator_v3>
[2024-07-11T08:42:14.748+0000] {processor.py:840} INFO - DAG(s) 'example_branch_dop_operator_v3' retrieved from /home/airflow/.local/lib/python3.10/site-packages/airflow/example_dags/example_branch_python_dop_operator_3.py
[2024-07-11T08:42:14.749+0000] {logging_mixin.py:188} INFO - [2024-07-11T08:42:14.749+0000] {dagbag.py:662} DEBUG - Running dagbag.sync_to_db with retries. Try 1 of 3
[2024-07-11T08:42:14.749+0000] {logging_mixin.py:188} INFO - [2024-07-11T08:42:14.749+0000] {dagbag.py:667} DEBUG - Calling the DAG.bulk_sync_to_db method
[2024-07-11T08:42:14.756+0000] {logging_mixin.py:188} INFO - [2024-07-11T08:42:14.756+0000] {serialized_dag.py:165} DEBUG - Checking if DAG (example_branch_dop_operator_v3) changed
[2024-07-11T08:42:14.762+0000] {logging_mixin.py:188} INFO - [2024-07-11T08:42:14.762+0000] {serialized_dag.py:176} DEBUG - Serialized DAG (example_branch_dop_operator_v3) is unchanged. Skipping writing to DB
[2024-07-11T08:42:14.762+0000] {logging_mixin.py:188} INFO - [2024-07-11T08:42:14.762+0000] {dag.py:3047} INFO - Sync 1 DAGs
[2024-07-11T08:42:14.786+0000] {logging_mixin.py:188} INFO - [2024-07-11T08:42:14.786+0000] {dag.py:3834} INFO - Setting next_dagrun for example_branch_dop_operator_v3 to 2024-07-11 08:41:00+00:00, run_after=2024-07-11 08:42:00+00:00
[2024-07-11T08:42:14.804+0000] {processor.py:183} INFO - Processing /home/airflow/.local/lib/python3.10/site-packages/airflow/example_dags/example_branch_python_dop_operator_3.py took 0.067 seconds
[2024-07-11T08:42:44.916+0000] {logging_mixin.py:188} INFO - [2024-07-11T08:42:44.916+0000] {settings.py:249} DEBUG - Setting up DB connection pool (PID 222)
[2024-07-11T08:42:44.917+0000] {logging_mixin.py:188} INFO - [2024-07-11T08:42:44.917+0000] {settings.py:350} DEBUG - settings.prepare_engine_args(): Using pool settings. pool_size=5, max_overflow=10, pool_recycle=1800, pid=222
[2024-07-11T08:42:44.919+0000] {processor.py:161} INFO - Started process (PID=222) to work on /home/airflow/.local/lib/python3.10/site-packages/airflow/example_dags/example_branch_python_dop_operator_3.py
[2024-07-11T08:42:44.919+0000] {processor.py:830} INFO - Processing file /home/airflow/.local/lib/python3.10/site-packages/airflow/example_dags/example_branch_python_dop_operator_3.py for tasks to queue
[2024-07-11T08:42:44.920+0000] {logging_mixin.py:188} INFO - [2024-07-11T08:42:44.920+0000] {dagbag.py:540} INFO - Filling up the DagBag from /home/airflow/.local/lib/python3.10/site-packages/airflow/example_dags/example_branch_python_dop_operator_3.py
[2024-07-11T08:42:44.921+0000] {logging_mixin.py:188} INFO - [2024-07-11T08:42:44.921+0000] {dagbag.py:332} DEBUG - Importing /home/airflow/.local/lib/python3.10/site-packages/airflow/example_dags/example_branch_python_dop_operator_3.py
[2024-07-11T08:42:44.922+0000] {logging_mixin.py:188} INFO - [2024-07-11T08:42:44.922+0000] {GetText.py:65} DEBUG - /home/airflow/.local/lib/python3.10/site-packages/cron_descriptor/locale/en_US.mo Loaded
[2024-07-11T08:42:44.927+0000] {logging_mixin.py:188} INFO - [2024-07-11T08:42:44.926+0000] {dagbag.py:506} DEBUG - Loaded DAG <DAG: example_branch_dop_operator_v3>
[2024-07-11T08:42:44.927+0000] {processor.py:840} INFO - DAG(s) 'example_branch_dop_operator_v3' retrieved from /home/airflow/.local/lib/python3.10/site-packages/airflow/example_dags/example_branch_python_dop_operator_3.py
[2024-07-11T08:42:44.928+0000] {logging_mixin.py:188} INFO - [2024-07-11T08:42:44.927+0000] {dagbag.py:662} DEBUG - Running dagbag.sync_to_db with retries. Try 1 of 3
[2024-07-11T08:42:44.928+0000] {logging_mixin.py:188} INFO - [2024-07-11T08:42:44.928+0000] {dagbag.py:667} DEBUG - Calling the DAG.bulk_sync_to_db method
[2024-07-11T08:42:44.936+0000] {logging_mixin.py:188} INFO - [2024-07-11T08:42:44.935+0000] {serialized_dag.py:165} DEBUG - Checking if DAG (example_branch_dop_operator_v3) changed
[2024-07-11T08:42:44.941+0000] {logging_mixin.py:188} INFO - [2024-07-11T08:42:44.941+0000] {serialized_dag.py:176} DEBUG - Serialized DAG (example_branch_dop_operator_v3) is unchanged. Skipping writing to DB
[2024-07-11T08:42:44.941+0000] {logging_mixin.py:188} INFO - [2024-07-11T08:42:44.941+0000] {dag.py:3047} INFO - Sync 1 DAGs
[2024-07-11T08:42:44.959+0000] {logging_mixin.py:188} INFO - [2024-07-11T08:42:44.959+0000] {dag.py:3834} INFO - Setting next_dagrun for example_branch_dop_operator_v3 to 2024-07-11 08:41:00+00:00, run_after=2024-07-11 08:42:00+00:00
[2024-07-11T08:42:44.972+0000] {processor.py:183} INFO - Processing /home/airflow/.local/lib/python3.10/site-packages/airflow/example_dags/example_branch_python_dop_operator_3.py took 0.057 seconds
[2024-07-11T08:43:15.184+0000] {logging_mixin.py:188} INFO - [2024-07-11T08:43:15.184+0000] {settings.py:249} DEBUG - Setting up DB connection pool (PID 278)
[2024-07-11T08:43:15.185+0000] {logging_mixin.py:188} INFO - [2024-07-11T08:43:15.185+0000] {settings.py:350} DEBUG - settings.prepare_engine_args(): Using pool settings. pool_size=5, max_overflow=10, pool_recycle=1800, pid=278
[2024-07-11T08:43:15.188+0000] {processor.py:161} INFO - Started process (PID=278) to work on /home/airflow/.local/lib/python3.10/site-packages/airflow/example_dags/example_branch_python_dop_operator_3.py
[2024-07-11T08:43:15.188+0000] {processor.py:830} INFO - Processing file /home/airflow/.local/lib/python3.10/site-packages/airflow/example_dags/example_branch_python_dop_operator_3.py for tasks to queue
[2024-07-11T08:43:15.188+0000] {logging_mixin.py:188} INFO - [2024-07-11T08:43:15.188+0000] {dagbag.py:540} INFO - Filling up the DagBag from /home/airflow/.local/lib/python3.10/site-packages/airflow/example_dags/example_branch_python_dop_operator_3.py
[2024-07-11T08:43:15.189+0000] {logging_mixin.py:188} INFO - [2024-07-11T08:43:15.189+0000] {dagbag.py:332} DEBUG - Importing /home/airflow/.local/lib/python3.10/site-packages/airflow/example_dags/example_branch_python_dop_operator_3.py
[2024-07-11T08:43:15.192+0000] {logging_mixin.py:188} INFO - [2024-07-11T08:43:15.191+0000] {GetText.py:65} DEBUG - /home/airflow/.local/lib/python3.10/site-packages/cron_descriptor/locale/en_US.mo Loaded
[2024-07-11T08:43:15.198+0000] {logging_mixin.py:188} INFO - [2024-07-11T08:43:15.196+0000] {dagbag.py:506} DEBUG - Loaded DAG <DAG: example_branch_dop_operator_v3>
[2024-07-11T08:43:15.198+0000] {processor.py:840} INFO - DAG(s) 'example_branch_dop_operator_v3' retrieved from /home/airflow/.local/lib/python3.10/site-packages/airflow/example_dags/example_branch_python_dop_operator_3.py
[2024-07-11T08:43:15.199+0000] {logging_mixin.py:188} INFO - [2024-07-11T08:43:15.199+0000] {dagbag.py:662} DEBUG - Running dagbag.sync_to_db with retries. Try 1 of 3
[2024-07-11T08:43:15.199+0000] {logging_mixin.py:188} INFO - [2024-07-11T08:43:15.199+0000] {dagbag.py:667} DEBUG - Calling the DAG.bulk_sync_to_db method
[2024-07-11T08:43:15.207+0000] {logging_mixin.py:188} INFO - [2024-07-11T08:43:15.207+0000] {serialized_dag.py:165} DEBUG - Checking if DAG (example_branch_dop_operator_v3) changed
[2024-07-11T08:43:15.215+0000] {logging_mixin.py:188} INFO - [2024-07-11T08:43:15.215+0000] {serialized_dag.py:176} DEBUG - Serialized DAG (example_branch_dop_operator_v3) is unchanged. Skipping writing to DB
[2024-07-11T08:43:15.216+0000] {logging_mixin.py:188} INFO - [2024-07-11T08:43:15.215+0000] {dag.py:3047} INFO - Sync 1 DAGs
[2024-07-11T08:43:15.239+0000] {logging_mixin.py:188} INFO - [2024-07-11T08:43:15.238+0000] {dag.py:3834} INFO - Setting next_dagrun for example_branch_dop_operator_v3 to 2024-07-11 08:42:00+00:00, run_after=2024-07-11 08:43:00+00:00
[2024-07-11T08:43:15.254+0000] {processor.py:183} INFO - Processing /home/airflow/.local/lib/python3.10/site-packages/airflow/example_dags/example_branch_python_dop_operator_3.py took 0.070 seconds
[2024-07-11T08:43:45.334+0000] {logging_mixin.py:188} INFO - [2024-07-11T08:43:45.334+0000] {settings.py:249} DEBUG - Setting up DB connection pool (PID 334)
[2024-07-11T08:43:45.335+0000] {logging_mixin.py:188} INFO - [2024-07-11T08:43:45.335+0000] {settings.py:350} DEBUG - settings.prepare_engine_args(): Using pool settings. pool_size=5, max_overflow=10, pool_recycle=1800, pid=334
[2024-07-11T08:43:45.336+0000] {processor.py:161} INFO - Started process (PID=334) to work on /home/airflow/.local/lib/python3.10/site-packages/airflow/example_dags/example_branch_python_dop_operator_3.py
[2024-07-11T08:43:45.337+0000] {processor.py:830} INFO - Processing file /home/airflow/.local/lib/python3.10/site-packages/airflow/example_dags/example_branch_python_dop_operator_3.py for tasks to queue
[2024-07-11T08:43:45.337+0000] {logging_mixin.py:188} INFO - [2024-07-11T08:43:45.337+0000] {dagbag.py:540} INFO - Filling up the DagBag from /home/airflow/.local/lib/python3.10/site-packages/airflow/example_dags/example_branch_python_dop_operator_3.py
[2024-07-11T08:43:45.338+0000] {logging_mixin.py:188} INFO - [2024-07-11T08:43:45.338+0000] {dagbag.py:332} DEBUG - Importing /home/airflow/.local/lib/python3.10/site-packages/airflow/example_dags/example_branch_python_dop_operator_3.py
[2024-07-11T08:43:45.340+0000] {logging_mixin.py:188} INFO - [2024-07-11T08:43:45.340+0000] {GetText.py:65} DEBUG - /home/airflow/.local/lib/python3.10/site-packages/cron_descriptor/locale/en_US.mo Loaded
[2024-07-11T08:43:45.344+0000] {logging_mixin.py:188} INFO - [2024-07-11T08:43:45.343+0000] {dagbag.py:506} DEBUG - Loaded DAG <DAG: example_branch_dop_operator_v3>
[2024-07-11T08:43:45.344+0000] {processor.py:840} INFO - DAG(s) 'example_branch_dop_operator_v3' retrieved from /home/airflow/.local/lib/python3.10/site-packages/airflow/example_dags/example_branch_python_dop_operator_3.py
[2024-07-11T08:43:45.345+0000] {logging_mixin.py:188} INFO - [2024-07-11T08:43:45.345+0000] {dagbag.py:662} DEBUG - Running dagbag.sync_to_db with retries. Try 1 of 3
[2024-07-11T08:43:45.345+0000] {logging_mixin.py:188} INFO - [2024-07-11T08:43:45.345+0000] {dagbag.py:667} DEBUG - Calling the DAG.bulk_sync_to_db method
[2024-07-11T08:43:45.352+0000] {logging_mixin.py:188} INFO - [2024-07-11T08:43:45.352+0000] {serialized_dag.py:165} DEBUG - Checking if DAG (example_branch_dop_operator_v3) changed
[2024-07-11T08:43:45.357+0000] {logging_mixin.py:188} INFO - [2024-07-11T08:43:45.357+0000] {serialized_dag.py:176} DEBUG - Serialized DAG (example_branch_dop_operator_v3) is unchanged. Skipping writing to DB
[2024-07-11T08:43:45.357+0000] {logging_mixin.py:188} INFO - [2024-07-11T08:43:45.357+0000] {dag.py:3047} INFO - Sync 1 DAGs
[2024-07-11T08:43:45.373+0000] {logging_mixin.py:188} INFO - [2024-07-11T08:43:45.373+0000] {dag.py:3834} INFO - Setting next_dagrun for example_branch_dop_operator_v3 to 2024-07-11 08:42:00+00:00, run_after=2024-07-11 08:43:00+00:00
[2024-07-11T08:43:45.384+0000] {processor.py:183} INFO - Processing /home/airflow/.local/lib/python3.10/site-packages/airflow/example_dags/example_branch_python_dop_operator_3.py took 0.050 seconds
[2024-07-11T08:44:15.779+0000] {logging_mixin.py:188} INFO - [2024-07-11T08:44:15.779+0000] {settings.py:249} DEBUG - Setting up DB connection pool (PID 390)
[2024-07-11T08:44:15.780+0000] {logging_mixin.py:188} INFO - [2024-07-11T08:44:15.780+0000] {settings.py:350} DEBUG - settings.prepare_engine_args(): Using pool settings. pool_size=5, max_overflow=10, pool_recycle=1800, pid=390
[2024-07-11T08:44:15.782+0000] {processor.py:161} INFO - Started process (PID=390) to work on /home/airflow/.local/lib/python3.10/site-packages/airflow/example_dags/example_branch_python_dop_operator_3.py
[2024-07-11T08:44:15.782+0000] {processor.py:830} INFO - Processing file /home/airflow/.local/lib/python3.10/site-packages/airflow/example_dags/example_branch_python_dop_operator_3.py for tasks to queue
[2024-07-11T08:44:15.782+0000] {logging_mixin.py:188} INFO - [2024-07-11T08:44:15.782+0000] {dagbag.py:540} INFO - Filling up the DagBag from /home/airflow/.local/lib/python3.10/site-packages/airflow/example_dags/example_branch_python_dop_operator_3.py
[2024-07-11T08:44:15.783+0000] {logging_mixin.py:188} INFO - [2024-07-11T08:44:15.783+0000] {dagbag.py:332} DEBUG - Importing /home/airflow/.local/lib/python3.10/site-packages/airflow/example_dags/example_branch_python_dop_operator_3.py
[2024-07-11T08:44:15.785+0000] {logging_mixin.py:188} INFO - [2024-07-11T08:44:15.785+0000] {GetText.py:65} DEBUG - /home/airflow/.local/lib/python3.10/site-packages/cron_descriptor/locale/en_US.mo Loaded
[2024-07-11T08:44:15.790+0000] {logging_mixin.py:188} INFO - [2024-07-11T08:44:15.790+0000] {dagbag.py:506} DEBUG - Loaded DAG <DAG: example_branch_dop_operator_v3>
[2024-07-11T08:44:15.790+0000] {processor.py:840} INFO - DAG(s) 'example_branch_dop_operator_v3' retrieved from /home/airflow/.local/lib/python3.10/site-packages/airflow/example_dags/example_branch_python_dop_operator_3.py
[2024-07-11T08:44:15.791+0000] {logging_mixin.py:188} INFO - [2024-07-11T08:44:15.791+0000] {dagbag.py:662} DEBUG - Running dagbag.sync_to_db with retries. Try 1 of 3
[2024-07-11T08:44:15.791+0000] {logging_mixin.py:188} INFO - [2024-07-11T08:44:15.791+0000] {dagbag.py:667} DEBUG - Calling the DAG.bulk_sync_to_db method
[2024-07-11T08:44:15.799+0000] {logging_mixin.py:188} INFO - [2024-07-11T08:44:15.799+0000] {serialized_dag.py:165} DEBUG - Checking if DAG (example_branch_dop_operator_v3) changed
[2024-07-11T08:44:15.805+0000] {logging_mixin.py:188} INFO - [2024-07-11T08:44:15.805+0000] {serialized_dag.py:176} DEBUG - Serialized DAG (example_branch_dop_operator_v3) is unchanged. Skipping writing to DB
[2024-07-11T08:44:15.805+0000] {logging_mixin.py:188} INFO - [2024-07-11T08:44:15.805+0000] {dag.py:3047} INFO - Sync 1 DAGs
[2024-07-11T08:44:15.825+0000] {logging_mixin.py:188} INFO - [2024-07-11T08:44:15.825+0000] {dag.py:3834} INFO - Setting next_dagrun for example_branch_dop_operator_v3 to 2024-07-11 08:43:00+00:00, run_after=2024-07-11 08:44:00+00:00
[2024-07-11T08:44:15.840+0000] {processor.py:183} INFO - Processing /home/airflow/.local/lib/python3.10/site-packages/airflow/example_dags/example_branch_python_dop_operator_3.py took 0.061 seconds
[2024-07-11T08:44:46.174+0000] {logging_mixin.py:188} INFO - [2024-07-11T08:44:46.174+0000] {settings.py:249} DEBUG - Setting up DB connection pool (PID 446)
[2024-07-11T08:44:46.175+0000] {logging_mixin.py:188} INFO - [2024-07-11T08:44:46.175+0000] {settings.py:350} DEBUG - settings.prepare_engine_args(): Using pool settings. pool_size=5, max_overflow=10, pool_recycle=1800, pid=446
[2024-07-11T08:44:46.177+0000] {processor.py:161} INFO - Started process (PID=446) to work on /home/airflow/.local/lib/python3.10/site-packages/airflow/example_dags/example_branch_python_dop_operator_3.py
[2024-07-11T08:44:46.177+0000] {processor.py:830} INFO - Processing file /home/airflow/.local/lib/python3.10/site-packages/airflow/example_dags/example_branch_python_dop_operator_3.py for tasks to queue
[2024-07-11T08:44:46.177+0000] {logging_mixin.py:188} INFO - [2024-07-11T08:44:46.177+0000] {dagbag.py:540} INFO - Filling up the DagBag from /home/airflow/.local/lib/python3.10/site-packages/airflow/example_dags/example_branch_python_dop_operator_3.py
[2024-07-11T08:44:46.178+0000] {logging_mixin.py:188} INFO - [2024-07-11T08:44:46.178+0000] {dagbag.py:332} DEBUG - Importing /home/airflow/.local/lib/python3.10/site-packages/airflow/example_dags/example_branch_python_dop_operator_3.py
[2024-07-11T08:44:46.181+0000] {logging_mixin.py:188} INFO - [2024-07-11T08:44:46.181+0000] {GetText.py:65} DEBUG - /home/airflow/.local/lib/python3.10/site-packages/cron_descriptor/locale/en_US.mo Loaded
[2024-07-11T08:44:46.187+0000] {logging_mixin.py:188} INFO - [2024-07-11T08:44:46.186+0000] {dagbag.py:506} DEBUG - Loaded DAG <DAG: example_branch_dop_operator_v3>
[2024-07-11T08:44:46.187+0000] {processor.py:840} INFO - DAG(s) 'example_branch_dop_operator_v3' retrieved from /home/airflow/.local/lib/python3.10/site-packages/airflow/example_dags/example_branch_python_dop_operator_3.py
[2024-07-11T08:44:46.187+0000] {logging_mixin.py:188} INFO - [2024-07-11T08:44:46.187+0000] {dagbag.py:662} DEBUG - Running dagbag.sync_to_db with retries. Try 1 of 3
[2024-07-11T08:44:46.188+0000] {logging_mixin.py:188} INFO - [2024-07-11T08:44:46.188+0000] {dagbag.py:667} DEBUG - Calling the DAG.bulk_sync_to_db method
[2024-07-11T08:44:46.195+0000] {logging_mixin.py:188} INFO - [2024-07-11T08:44:46.195+0000] {serialized_dag.py:165} DEBUG - Checking if DAG (example_branch_dop_operator_v3) changed
[2024-07-11T08:44:46.202+0000] {logging_mixin.py:188} INFO - [2024-07-11T08:44:46.201+0000] {serialized_dag.py:176} DEBUG - Serialized DAG (example_branch_dop_operator_v3) is unchanged. Skipping writing to DB
[2024-07-11T08:44:46.202+0000] {logging_mixin.py:188} INFO - [2024-07-11T08:44:46.202+0000] {dag.py:3047} INFO - Sync 1 DAGs
[2024-07-11T08:44:46.224+0000] {logging_mixin.py:188} INFO - [2024-07-11T08:44:46.223+0000] {dag.py:3834} INFO - Setting next_dagrun for example_branch_dop_operator_v3 to 2024-07-11 08:43:00+00:00, run_after=2024-07-11 08:44:00+00:00
[2024-07-11T08:44:46.238+0000] {processor.py:183} INFO - Processing /home/airflow/.local/lib/python3.10/site-packages/airflow/example_dags/example_branch_python_dop_operator_3.py took 0.064 seconds
