[2024-07-11T08:37:00.481+0000] {logging_mixin.py:188} INFO - [2024-07-11T08:37:00.481+0000] {settings.py:249} DEBUG - Setting up DB connection pool (PID 82)
[2024-07-11T08:37:00.482+0000] {logging_mixin.py:188} INFO - [2024-07-11T08:37:00.482+0000] {settings.py:350} DEBUG - settings.prepare_engine_args(): Using pool settings. pool_size=5, max_overflow=10, pool_recycle=1800, pid=82
[2024-07-11T08:37:00.485+0000] {processor.py:161} INFO - Started process (PID=82) to work on /home/airflow/.local/lib/python3.10/site-packages/airflow/example_dags/example_dynamic_task_mapping_with_no_taskflow_operators.py
[2024-07-11T08:37:00.486+0000] {processor.py:830} INFO - Processing file /home/airflow/.local/lib/python3.10/site-packages/airflow/example_dags/example_dynamic_task_mapping_with_no_taskflow_operators.py for tasks to queue
[2024-07-11T08:37:00.486+0000] {logging_mixin.py:188} INFO - [2024-07-11T08:37:00.486+0000] {dagbag.py:540} INFO - Filling up the DagBag from /home/airflow/.local/lib/python3.10/site-packages/airflow/example_dags/example_dynamic_task_mapping_with_no_taskflow_operators.py
[2024-07-11T08:37:00.488+0000] {logging_mixin.py:188} INFO - [2024-07-11T08:37:00.488+0000] {dagbag.py:332} DEBUG - Importing /home/airflow/.local/lib/python3.10/site-packages/airflow/example_dags/example_dynamic_task_mapping_with_no_taskflow_operators.py
[2024-07-11T08:37:00.497+0000] {logging_mixin.py:188} INFO - [2024-07-11T08:37:00.496+0000] {dagbag.py:506} DEBUG - Loaded DAG <DAG: example_dynamic_task_mapping_with_no_taskflow_operators>
[2024-07-11T08:37:00.497+0000] {processor.py:840} INFO - DAG(s) 'example_dynamic_task_mapping_with_no_taskflow_operators' retrieved from /home/airflow/.local/lib/python3.10/site-packages/airflow/example_dags/example_dynamic_task_mapping_with_no_taskflow_operators.py
[2024-07-11T08:37:00.499+0000] {logging_mixin.py:188} INFO - [2024-07-11T08:37:00.498+0000] {dagbag.py:662} DEBUG - Running dagbag.sync_to_db with retries. Try 1 of 3
[2024-07-11T08:37:00.499+0000] {logging_mixin.py:188} INFO - [2024-07-11T08:37:00.499+0000] {dagbag.py:667} DEBUG - Calling the DAG.bulk_sync_to_db method
[2024-07-11T08:37:00.511+0000] {logging_mixin.py:188} INFO - [2024-07-11T08:37:00.511+0000] {dag.py:3047} INFO - Sync 1 DAGs
[2024-07-11T08:37:00.536+0000] {logging_mixin.py:188} INFO - [2024-07-11T08:37:00.536+0000] {dag.py:3834} INFO - Setting next_dagrun for example_dynamic_task_mapping_with_no_taskflow_operators to 2024-07-10 00:00:00+00:00, run_after=2024-07-11 00:00:00+00:00
[2024-07-11T08:37:00.557+0000] {processor.py:183} INFO - Processing /home/airflow/.local/lib/python3.10/site-packages/airflow/example_dags/example_dynamic_task_mapping_with_no_taskflow_operators.py took 0.076 seconds
[2024-07-11T08:37:31.462+0000] {logging_mixin.py:188} INFO - [2024-07-11T08:37:31.462+0000] {settings.py:249} DEBUG - Setting up DB connection pool (PID 144)
[2024-07-11T08:37:31.463+0000] {logging_mixin.py:188} INFO - [2024-07-11T08:37:31.463+0000] {settings.py:350} DEBUG - settings.prepare_engine_args(): Using pool settings. pool_size=5, max_overflow=10, pool_recycle=1800, pid=144
[2024-07-11T08:37:31.465+0000] {processor.py:161} INFO - Started process (PID=144) to work on /home/airflow/.local/lib/python3.10/site-packages/airflow/example_dags/example_dynamic_task_mapping_with_no_taskflow_operators.py
[2024-07-11T08:37:31.465+0000] {processor.py:830} INFO - Processing file /home/airflow/.local/lib/python3.10/site-packages/airflow/example_dags/example_dynamic_task_mapping_with_no_taskflow_operators.py for tasks to queue
[2024-07-11T08:37:31.465+0000] {logging_mixin.py:188} INFO - [2024-07-11T08:37:31.465+0000] {dagbag.py:540} INFO - Filling up the DagBag from /home/airflow/.local/lib/python3.10/site-packages/airflow/example_dags/example_dynamic_task_mapping_with_no_taskflow_operators.py
[2024-07-11T08:37:31.466+0000] {logging_mixin.py:188} INFO - [2024-07-11T08:37:31.466+0000] {dagbag.py:332} DEBUG - Importing /home/airflow/.local/lib/python3.10/site-packages/airflow/example_dags/example_dynamic_task_mapping_with_no_taskflow_operators.py
[2024-07-11T08:37:31.471+0000] {logging_mixin.py:188} INFO - [2024-07-11T08:37:31.471+0000] {dagbag.py:506} DEBUG - Loaded DAG <DAG: example_dynamic_task_mapping_with_no_taskflow_operators>
[2024-07-11T08:37:31.471+0000] {processor.py:840} INFO - DAG(s) 'example_dynamic_task_mapping_with_no_taskflow_operators' retrieved from /home/airflow/.local/lib/python3.10/site-packages/airflow/example_dags/example_dynamic_task_mapping_with_no_taskflow_operators.py
[2024-07-11T08:37:31.472+0000] {logging_mixin.py:188} INFO - [2024-07-11T08:37:31.472+0000] {dagbag.py:662} DEBUG - Running dagbag.sync_to_db with retries. Try 1 of 3
[2024-07-11T08:37:31.472+0000] {logging_mixin.py:188} INFO - [2024-07-11T08:37:31.472+0000] {dagbag.py:667} DEBUG - Calling the DAG.bulk_sync_to_db method
[2024-07-11T08:37:31.481+0000] {logging_mixin.py:188} INFO - [2024-07-11T08:37:31.480+0000] {serialized_dag.py:165} DEBUG - Checking if DAG (example_dynamic_task_mapping_with_no_taskflow_operators) changed
[2024-07-11T08:37:31.486+0000] {logging_mixin.py:188} INFO - [2024-07-11T08:37:31.486+0000] {serialized_dag.py:179} DEBUG - Writing Serialized DAG: example_dynamic_task_mapping_with_no_taskflow_operators to the DB
[2024-07-11T08:37:31.489+0000] {logging_mixin.py:188} INFO - [2024-07-11T08:37:31.489+0000] {serialized_dag.py:181} DEBUG - DAG: example_dynamic_task_mapping_with_no_taskflow_operators written to the DB
[2024-07-11T08:37:31.489+0000] {logging_mixin.py:188} INFO - [2024-07-11T08:37:31.489+0000] {dagbag.py:696} DEBUG - Syncing DAG permissions: example_dynamic_task_mapping_with_no_taskflow_operators to the DB
[2024-07-11T08:37:31.561+0000] {logging_mixin.py:188} INFO - [2024-07-11T08:37:31.560+0000] {override.py:1034} DEBUG - Not syncing DAG-level permissions for DAG 'DAG:example_dynamic_task_mapping_with_no_taskflow_operators' as access control is unset.
[2024-07-11T08:37:31.561+0000] {logging_mixin.py:188} INFO - [2024-07-11T08:37:31.561+0000] {dag.py:3047} INFO - Sync 1 DAGs
[2024-07-11T08:37:31.584+0000] {logging_mixin.py:188} INFO - [2024-07-11T08:37:31.584+0000] {dag.py:3834} INFO - Setting next_dagrun for example_dynamic_task_mapping_with_no_taskflow_operators to 2024-07-10 00:00:00+00:00, run_after=2024-07-11 00:00:00+00:00
[2024-07-11T08:37:31.604+0000] {processor.py:183} INFO - Processing /home/airflow/.local/lib/python3.10/site-packages/airflow/example_dags/example_dynamic_task_mapping_with_no_taskflow_operators.py took 0.142 seconds
[2024-07-11T08:38:02.047+0000] {logging_mixin.py:188} INFO - [2024-07-11T08:38:02.046+0000] {settings.py:249} DEBUG - Setting up DB connection pool (PID 200)
[2024-07-11T08:38:02.047+0000] {logging_mixin.py:188} INFO - [2024-07-11T08:38:02.047+0000] {settings.py:350} DEBUG - settings.prepare_engine_args(): Using pool settings. pool_size=5, max_overflow=10, pool_recycle=1800, pid=200
[2024-07-11T08:38:02.049+0000] {processor.py:161} INFO - Started process (PID=200) to work on /home/airflow/.local/lib/python3.10/site-packages/airflow/example_dags/example_dynamic_task_mapping_with_no_taskflow_operators.py
[2024-07-11T08:38:02.049+0000] {processor.py:830} INFO - Processing file /home/airflow/.local/lib/python3.10/site-packages/airflow/example_dags/example_dynamic_task_mapping_with_no_taskflow_operators.py for tasks to queue
[2024-07-11T08:38:02.050+0000] {logging_mixin.py:188} INFO - [2024-07-11T08:38:02.050+0000] {dagbag.py:540} INFO - Filling up the DagBag from /home/airflow/.local/lib/python3.10/site-packages/airflow/example_dags/example_dynamic_task_mapping_with_no_taskflow_operators.py
[2024-07-11T08:38:02.051+0000] {logging_mixin.py:188} INFO - [2024-07-11T08:38:02.051+0000] {dagbag.py:332} DEBUG - Importing /home/airflow/.local/lib/python3.10/site-packages/airflow/example_dags/example_dynamic_task_mapping_with_no_taskflow_operators.py
[2024-07-11T08:38:02.055+0000] {logging_mixin.py:188} INFO - [2024-07-11T08:38:02.054+0000] {dagbag.py:506} DEBUG - Loaded DAG <DAG: example_dynamic_task_mapping_with_no_taskflow_operators>
[2024-07-11T08:38:02.055+0000] {processor.py:840} INFO - DAG(s) 'example_dynamic_task_mapping_with_no_taskflow_operators' retrieved from /home/airflow/.local/lib/python3.10/site-packages/airflow/example_dags/example_dynamic_task_mapping_with_no_taskflow_operators.py
[2024-07-11T08:38:02.056+0000] {logging_mixin.py:188} INFO - [2024-07-11T08:38:02.055+0000] {dagbag.py:662} DEBUG - Running dagbag.sync_to_db with retries. Try 1 of 3
[2024-07-11T08:38:02.056+0000] {logging_mixin.py:188} INFO - [2024-07-11T08:38:02.056+0000] {dagbag.py:667} DEBUG - Calling the DAG.bulk_sync_to_db method
[2024-07-11T08:38:02.063+0000] {logging_mixin.py:188} INFO - [2024-07-11T08:38:02.063+0000] {serialized_dag.py:165} DEBUG - Checking if DAG (example_dynamic_task_mapping_with_no_taskflow_operators) changed
[2024-07-11T08:38:02.068+0000] {logging_mixin.py:188} INFO - [2024-07-11T08:38:02.068+0000] {serialized_dag.py:176} DEBUG - Serialized DAG (example_dynamic_task_mapping_with_no_taskflow_operators) is unchanged. Skipping writing to DB
[2024-07-11T08:38:02.068+0000] {logging_mixin.py:188} INFO - [2024-07-11T08:38:02.068+0000] {dag.py:3047} INFO - Sync 1 DAGs
[2024-07-11T08:38:02.084+0000] {logging_mixin.py:188} INFO - [2024-07-11T08:38:02.084+0000] {dag.py:3834} INFO - Setting next_dagrun for example_dynamic_task_mapping_with_no_taskflow_operators to 2024-07-10 00:00:00+00:00, run_after=2024-07-11 00:00:00+00:00
[2024-07-11T08:38:02.096+0000] {processor.py:183} INFO - Processing /home/airflow/.local/lib/python3.10/site-packages/airflow/example_dags/example_dynamic_task_mapping_with_no_taskflow_operators.py took 0.050 seconds
[2024-07-11T08:38:32.263+0000] {logging_mixin.py:188} INFO - [2024-07-11T08:38:32.262+0000] {settings.py:249} DEBUG - Setting up DB connection pool (PID 256)
[2024-07-11T08:38:32.263+0000] {logging_mixin.py:188} INFO - [2024-07-11T08:38:32.263+0000] {settings.py:350} DEBUG - settings.prepare_engine_args(): Using pool settings. pool_size=5, max_overflow=10, pool_recycle=1800, pid=256
[2024-07-11T08:38:32.265+0000] {processor.py:161} INFO - Started process (PID=256) to work on /home/airflow/.local/lib/python3.10/site-packages/airflow/example_dags/example_dynamic_task_mapping_with_no_taskflow_operators.py
[2024-07-11T08:38:32.265+0000] {processor.py:830} INFO - Processing file /home/airflow/.local/lib/python3.10/site-packages/airflow/example_dags/example_dynamic_task_mapping_with_no_taskflow_operators.py for tasks to queue
[2024-07-11T08:38:32.266+0000] {logging_mixin.py:188} INFO - [2024-07-11T08:38:32.266+0000] {dagbag.py:540} INFO - Filling up the DagBag from /home/airflow/.local/lib/python3.10/site-packages/airflow/example_dags/example_dynamic_task_mapping_with_no_taskflow_operators.py
[2024-07-11T08:38:32.266+0000] {logging_mixin.py:188} INFO - [2024-07-11T08:38:32.266+0000] {dagbag.py:332} DEBUG - Importing /home/airflow/.local/lib/python3.10/site-packages/airflow/example_dags/example_dynamic_task_mapping_with_no_taskflow_operators.py
[2024-07-11T08:38:32.271+0000] {logging_mixin.py:188} INFO - [2024-07-11T08:38:32.270+0000] {dagbag.py:506} DEBUG - Loaded DAG <DAG: example_dynamic_task_mapping_with_no_taskflow_operators>
[2024-07-11T08:38:32.271+0000] {processor.py:840} INFO - DAG(s) 'example_dynamic_task_mapping_with_no_taskflow_operators' retrieved from /home/airflow/.local/lib/python3.10/site-packages/airflow/example_dags/example_dynamic_task_mapping_with_no_taskflow_operators.py
[2024-07-11T08:38:32.271+0000] {logging_mixin.py:188} INFO - [2024-07-11T08:38:32.271+0000] {dagbag.py:662} DEBUG - Running dagbag.sync_to_db with retries. Try 1 of 3
[2024-07-11T08:38:32.272+0000] {logging_mixin.py:188} INFO - [2024-07-11T08:38:32.272+0000] {dagbag.py:667} DEBUG - Calling the DAG.bulk_sync_to_db method
[2024-07-11T08:38:32.279+0000] {logging_mixin.py:188} INFO - [2024-07-11T08:38:32.279+0000] {serialized_dag.py:165} DEBUG - Checking if DAG (example_dynamic_task_mapping_with_no_taskflow_operators) changed
[2024-07-11T08:38:32.285+0000] {logging_mixin.py:188} INFO - [2024-07-11T08:38:32.284+0000] {serialized_dag.py:176} DEBUG - Serialized DAG (example_dynamic_task_mapping_with_no_taskflow_operators) is unchanged. Skipping writing to DB
[2024-07-11T08:38:32.285+0000] {logging_mixin.py:188} INFO - [2024-07-11T08:38:32.285+0000] {dag.py:3047} INFO - Sync 1 DAGs
[2024-07-11T08:38:32.302+0000] {logging_mixin.py:188} INFO - [2024-07-11T08:38:32.302+0000] {dag.py:3834} INFO - Setting next_dagrun for example_dynamic_task_mapping_with_no_taskflow_operators to 2024-07-10 00:00:00+00:00, run_after=2024-07-11 00:00:00+00:00
[2024-07-11T08:38:32.315+0000] {processor.py:183} INFO - Processing /home/airflow/.local/lib/python3.10/site-packages/airflow/example_dags/example_dynamic_task_mapping_with_no_taskflow_operators.py took 0.053 seconds
[2024-07-11T08:39:02.618+0000] {logging_mixin.py:188} INFO - [2024-07-11T08:39:02.617+0000] {settings.py:249} DEBUG - Setting up DB connection pool (PID 312)
[2024-07-11T08:39:02.618+0000] {logging_mixin.py:188} INFO - [2024-07-11T08:39:02.618+0000] {settings.py:350} DEBUG - settings.prepare_engine_args(): Using pool settings. pool_size=5, max_overflow=10, pool_recycle=1800, pid=312
[2024-07-11T08:39:02.620+0000] {processor.py:161} INFO - Started process (PID=312) to work on /home/airflow/.local/lib/python3.10/site-packages/airflow/example_dags/example_dynamic_task_mapping_with_no_taskflow_operators.py
[2024-07-11T08:39:02.621+0000] {processor.py:830} INFO - Processing file /home/airflow/.local/lib/python3.10/site-packages/airflow/example_dags/example_dynamic_task_mapping_with_no_taskflow_operators.py for tasks to queue
[2024-07-11T08:39:02.622+0000] {logging_mixin.py:188} INFO - [2024-07-11T08:39:02.621+0000] {dagbag.py:540} INFO - Filling up the DagBag from /home/airflow/.local/lib/python3.10/site-packages/airflow/example_dags/example_dynamic_task_mapping_with_no_taskflow_operators.py
[2024-07-11T08:39:02.623+0000] {logging_mixin.py:188} INFO - [2024-07-11T08:39:02.623+0000] {dagbag.py:332} DEBUG - Importing /home/airflow/.local/lib/python3.10/site-packages/airflow/example_dags/example_dynamic_task_mapping_with_no_taskflow_operators.py
[2024-07-11T08:39:02.628+0000] {logging_mixin.py:188} INFO - [2024-07-11T08:39:02.627+0000] {dagbag.py:506} DEBUG - Loaded DAG <DAG: example_dynamic_task_mapping_with_no_taskflow_operators>
[2024-07-11T08:39:02.628+0000] {processor.py:840} INFO - DAG(s) 'example_dynamic_task_mapping_with_no_taskflow_operators' retrieved from /home/airflow/.local/lib/python3.10/site-packages/airflow/example_dags/example_dynamic_task_mapping_with_no_taskflow_operators.py
[2024-07-11T08:39:02.628+0000] {logging_mixin.py:188} INFO - [2024-07-11T08:39:02.628+0000] {dagbag.py:662} DEBUG - Running dagbag.sync_to_db with retries. Try 1 of 3
[2024-07-11T08:39:02.629+0000] {logging_mixin.py:188} INFO - [2024-07-11T08:39:02.628+0000] {dagbag.py:667} DEBUG - Calling the DAG.bulk_sync_to_db method
[2024-07-11T08:39:02.636+0000] {logging_mixin.py:188} INFO - [2024-07-11T08:39:02.636+0000] {serialized_dag.py:165} DEBUG - Checking if DAG (example_dynamic_task_mapping_with_no_taskflow_operators) changed
[2024-07-11T08:39:02.642+0000] {logging_mixin.py:188} INFO - [2024-07-11T08:39:02.642+0000] {serialized_dag.py:176} DEBUG - Serialized DAG (example_dynamic_task_mapping_with_no_taskflow_operators) is unchanged. Skipping writing to DB
[2024-07-11T08:39:02.642+0000] {logging_mixin.py:188} INFO - [2024-07-11T08:39:02.642+0000] {dag.py:3047} INFO - Sync 1 DAGs
[2024-07-11T08:39:02.660+0000] {logging_mixin.py:188} INFO - [2024-07-11T08:39:02.659+0000] {dag.py:3834} INFO - Setting next_dagrun for example_dynamic_task_mapping_with_no_taskflow_operators to 2024-07-10 00:00:00+00:00, run_after=2024-07-11 00:00:00+00:00
[2024-07-11T08:39:02.674+0000] {processor.py:183} INFO - Processing /home/airflow/.local/lib/python3.10/site-packages/airflow/example_dags/example_dynamic_task_mapping_with_no_taskflow_operators.py took 0.057 seconds
[2024-07-11T08:39:32.872+0000] {logging_mixin.py:188} INFO - [2024-07-11T08:39:32.871+0000] {settings.py:249} DEBUG - Setting up DB connection pool (PID 368)
[2024-07-11T08:39:32.873+0000] {logging_mixin.py:188} INFO - [2024-07-11T08:39:32.872+0000] {settings.py:350} DEBUG - settings.prepare_engine_args(): Using pool settings. pool_size=5, max_overflow=10, pool_recycle=1800, pid=368
[2024-07-11T08:39:32.874+0000] {processor.py:161} INFO - Started process (PID=368) to work on /home/airflow/.local/lib/python3.10/site-packages/airflow/example_dags/example_dynamic_task_mapping_with_no_taskflow_operators.py
[2024-07-11T08:39:32.875+0000] {processor.py:830} INFO - Processing file /home/airflow/.local/lib/python3.10/site-packages/airflow/example_dags/example_dynamic_task_mapping_with_no_taskflow_operators.py for tasks to queue
[2024-07-11T08:39:32.875+0000] {logging_mixin.py:188} INFO - [2024-07-11T08:39:32.875+0000] {dagbag.py:540} INFO - Filling up the DagBag from /home/airflow/.local/lib/python3.10/site-packages/airflow/example_dags/example_dynamic_task_mapping_with_no_taskflow_operators.py
[2024-07-11T08:39:32.876+0000] {logging_mixin.py:188} INFO - [2024-07-11T08:39:32.876+0000] {dagbag.py:332} DEBUG - Importing /home/airflow/.local/lib/python3.10/site-packages/airflow/example_dags/example_dynamic_task_mapping_with_no_taskflow_operators.py
[2024-07-11T08:39:32.880+0000] {logging_mixin.py:188} INFO - [2024-07-11T08:39:32.880+0000] {dagbag.py:506} DEBUG - Loaded DAG <DAG: example_dynamic_task_mapping_with_no_taskflow_operators>
[2024-07-11T08:39:32.880+0000] {processor.py:840} INFO - DAG(s) 'example_dynamic_task_mapping_with_no_taskflow_operators' retrieved from /home/airflow/.local/lib/python3.10/site-packages/airflow/example_dags/example_dynamic_task_mapping_with_no_taskflow_operators.py
[2024-07-11T08:39:32.881+0000] {logging_mixin.py:188} INFO - [2024-07-11T08:39:32.881+0000] {dagbag.py:662} DEBUG - Running dagbag.sync_to_db with retries. Try 1 of 3
[2024-07-11T08:39:32.881+0000] {logging_mixin.py:188} INFO - [2024-07-11T08:39:32.881+0000] {dagbag.py:667} DEBUG - Calling the DAG.bulk_sync_to_db method
[2024-07-11T08:39:32.889+0000] {logging_mixin.py:188} INFO - [2024-07-11T08:39:32.889+0000] {serialized_dag.py:165} DEBUG - Checking if DAG (example_dynamic_task_mapping_with_no_taskflow_operators) changed
[2024-07-11T08:39:32.896+0000] {logging_mixin.py:188} INFO - [2024-07-11T08:39:32.896+0000] {serialized_dag.py:176} DEBUG - Serialized DAG (example_dynamic_task_mapping_with_no_taskflow_operators) is unchanged. Skipping writing to DB
[2024-07-11T08:39:32.897+0000] {logging_mixin.py:188} INFO - [2024-07-11T08:39:32.896+0000] {dag.py:3047} INFO - Sync 1 DAGs
[2024-07-11T08:39:32.917+0000] {logging_mixin.py:188} INFO - [2024-07-11T08:39:32.917+0000] {dag.py:3834} INFO - Setting next_dagrun for example_dynamic_task_mapping_with_no_taskflow_operators to 2024-07-10 00:00:00+00:00, run_after=2024-07-11 00:00:00+00:00
[2024-07-11T08:39:32.932+0000] {processor.py:183} INFO - Processing /home/airflow/.local/lib/python3.10/site-packages/airflow/example_dags/example_dynamic_task_mapping_with_no_taskflow_operators.py took 0.060 seconds
[2024-07-11T08:40:03.180+0000] {logging_mixin.py:188} INFO - [2024-07-11T08:40:03.180+0000] {settings.py:249} DEBUG - Setting up DB connection pool (PID 424)
[2024-07-11T08:40:03.181+0000] {logging_mixin.py:188} INFO - [2024-07-11T08:40:03.181+0000] {settings.py:350} DEBUG - settings.prepare_engine_args(): Using pool settings. pool_size=5, max_overflow=10, pool_recycle=1800, pid=424
[2024-07-11T08:40:03.183+0000] {processor.py:161} INFO - Started process (PID=424) to work on /home/airflow/.local/lib/python3.10/site-packages/airflow/example_dags/example_dynamic_task_mapping_with_no_taskflow_operators.py
[2024-07-11T08:40:03.183+0000] {processor.py:830} INFO - Processing file /home/airflow/.local/lib/python3.10/site-packages/airflow/example_dags/example_dynamic_task_mapping_with_no_taskflow_operators.py for tasks to queue
[2024-07-11T08:40:03.184+0000] {logging_mixin.py:188} INFO - [2024-07-11T08:40:03.183+0000] {dagbag.py:540} INFO - Filling up the DagBag from /home/airflow/.local/lib/python3.10/site-packages/airflow/example_dags/example_dynamic_task_mapping_with_no_taskflow_operators.py
[2024-07-11T08:40:03.184+0000] {logging_mixin.py:188} INFO - [2024-07-11T08:40:03.184+0000] {dagbag.py:332} DEBUG - Importing /home/airflow/.local/lib/python3.10/site-packages/airflow/example_dags/example_dynamic_task_mapping_with_no_taskflow_operators.py
[2024-07-11T08:40:03.188+0000] {logging_mixin.py:188} INFO - [2024-07-11T08:40:03.188+0000] {dagbag.py:506} DEBUG - Loaded DAG <DAG: example_dynamic_task_mapping_with_no_taskflow_operators>
[2024-07-11T08:40:03.189+0000] {processor.py:840} INFO - DAG(s) 'example_dynamic_task_mapping_with_no_taskflow_operators' retrieved from /home/airflow/.local/lib/python3.10/site-packages/airflow/example_dags/example_dynamic_task_mapping_with_no_taskflow_operators.py
[2024-07-11T08:40:03.189+0000] {logging_mixin.py:188} INFO - [2024-07-11T08:40:03.189+0000] {dagbag.py:662} DEBUG - Running dagbag.sync_to_db with retries. Try 1 of 3
[2024-07-11T08:40:03.190+0000] {logging_mixin.py:188} INFO - [2024-07-11T08:40:03.189+0000] {dagbag.py:667} DEBUG - Calling the DAG.bulk_sync_to_db method
[2024-07-11T08:40:03.197+0000] {logging_mixin.py:188} INFO - [2024-07-11T08:40:03.197+0000] {serialized_dag.py:165} DEBUG - Checking if DAG (example_dynamic_task_mapping_with_no_taskflow_operators) changed
[2024-07-11T08:40:03.203+0000] {logging_mixin.py:188} INFO - [2024-07-11T08:40:03.202+0000] {serialized_dag.py:176} DEBUG - Serialized DAG (example_dynamic_task_mapping_with_no_taskflow_operators) is unchanged. Skipping writing to DB
[2024-07-11T08:40:03.203+0000] {logging_mixin.py:188} INFO - [2024-07-11T08:40:03.203+0000] {dag.py:3047} INFO - Sync 1 DAGs
[2024-07-11T08:40:03.219+0000] {logging_mixin.py:188} INFO - [2024-07-11T08:40:03.218+0000] {dag.py:3834} INFO - Setting next_dagrun for example_dynamic_task_mapping_with_no_taskflow_operators to 2024-07-10 00:00:00+00:00, run_after=2024-07-11 00:00:00+00:00
[2024-07-11T08:40:03.230+0000] {processor.py:183} INFO - Processing /home/airflow/.local/lib/python3.10/site-packages/airflow/example_dags/example_dynamic_task_mapping_with_no_taskflow_operators.py took 0.050 seconds
[2024-07-11T08:41:14.359+0000] {logging_mixin.py:188} INFO - [2024-07-11T08:41:14.358+0000] {settings.py:249} DEBUG - Setting up DB connection pool (PID 82)
[2024-07-11T08:41:14.360+0000] {logging_mixin.py:188} INFO - [2024-07-11T08:41:14.359+0000] {settings.py:350} DEBUG - settings.prepare_engine_args(): Using pool settings. pool_size=5, max_overflow=10, pool_recycle=1800, pid=82
[2024-07-11T08:41:14.362+0000] {processor.py:161} INFO - Started process (PID=82) to work on /home/airflow/.local/lib/python3.10/site-packages/airflow/example_dags/example_dynamic_task_mapping_with_no_taskflow_operators.py
[2024-07-11T08:41:14.362+0000] {processor.py:830} INFO - Processing file /home/airflow/.local/lib/python3.10/site-packages/airflow/example_dags/example_dynamic_task_mapping_with_no_taskflow_operators.py for tasks to queue
[2024-07-11T08:41:14.363+0000] {logging_mixin.py:188} INFO - [2024-07-11T08:41:14.363+0000] {dagbag.py:540} INFO - Filling up the DagBag from /home/airflow/.local/lib/python3.10/site-packages/airflow/example_dags/example_dynamic_task_mapping_with_no_taskflow_operators.py
[2024-07-11T08:41:14.364+0000] {logging_mixin.py:188} INFO - [2024-07-11T08:41:14.364+0000] {dagbag.py:332} DEBUG - Importing /home/airflow/.local/lib/python3.10/site-packages/airflow/example_dags/example_dynamic_task_mapping_with_no_taskflow_operators.py
[2024-07-11T08:41:14.370+0000] {logging_mixin.py:188} INFO - [2024-07-11T08:41:14.369+0000] {dagbag.py:506} DEBUG - Loaded DAG <DAG: example_dynamic_task_mapping_with_no_taskflow_operators>
[2024-07-11T08:41:14.370+0000] {processor.py:840} INFO - DAG(s) 'example_dynamic_task_mapping_with_no_taskflow_operators' retrieved from /home/airflow/.local/lib/python3.10/site-packages/airflow/example_dags/example_dynamic_task_mapping_with_no_taskflow_operators.py
[2024-07-11T08:41:14.371+0000] {logging_mixin.py:188} INFO - [2024-07-11T08:41:14.371+0000] {dagbag.py:662} DEBUG - Running dagbag.sync_to_db with retries. Try 1 of 3
[2024-07-11T08:41:14.371+0000] {logging_mixin.py:188} INFO - [2024-07-11T08:41:14.371+0000] {dagbag.py:667} DEBUG - Calling the DAG.bulk_sync_to_db method
[2024-07-11T08:41:14.380+0000] {logging_mixin.py:188} INFO - [2024-07-11T08:41:14.380+0000] {dag.py:3047} INFO - Sync 1 DAGs
[2024-07-11T08:41:14.400+0000] {logging_mixin.py:188} INFO - [2024-07-11T08:41:14.400+0000] {dag.py:3834} INFO - Setting next_dagrun for example_dynamic_task_mapping_with_no_taskflow_operators to 2024-07-10 00:00:00+00:00, run_after=2024-07-11 00:00:00+00:00
[2024-07-11T08:41:14.415+0000] {processor.py:183} INFO - Processing /home/airflow/.local/lib/python3.10/site-packages/airflow/example_dags/example_dynamic_task_mapping_with_no_taskflow_operators.py took 0.057 seconds
[2024-07-11T08:41:46.189+0000] {logging_mixin.py:188} INFO - [2024-07-11T08:41:46.188+0000] {settings.py:249} DEBUG - Setting up DB connection pool (PID 138)
[2024-07-11T08:41:46.190+0000] {logging_mixin.py:188} INFO - [2024-07-11T08:41:46.189+0000] {settings.py:350} DEBUG - settings.prepare_engine_args(): Using pool settings. pool_size=5, max_overflow=10, pool_recycle=1800, pid=138
[2024-07-11T08:41:46.192+0000] {processor.py:161} INFO - Started process (PID=138) to work on /home/airflow/.local/lib/python3.10/site-packages/airflow/example_dags/example_dynamic_task_mapping_with_no_taskflow_operators.py
[2024-07-11T08:41:46.192+0000] {processor.py:830} INFO - Processing file /home/airflow/.local/lib/python3.10/site-packages/airflow/example_dags/example_dynamic_task_mapping_with_no_taskflow_operators.py for tasks to queue
[2024-07-11T08:41:46.193+0000] {logging_mixin.py:188} INFO - [2024-07-11T08:41:46.193+0000] {dagbag.py:540} INFO - Filling up the DagBag from /home/airflow/.local/lib/python3.10/site-packages/airflow/example_dags/example_dynamic_task_mapping_with_no_taskflow_operators.py
[2024-07-11T08:41:46.195+0000] {logging_mixin.py:188} INFO - [2024-07-11T08:41:46.195+0000] {dagbag.py:332} DEBUG - Importing /home/airflow/.local/lib/python3.10/site-packages/airflow/example_dags/example_dynamic_task_mapping_with_no_taskflow_operators.py
[2024-07-11T08:41:46.201+0000] {logging_mixin.py:188} INFO - [2024-07-11T08:41:46.200+0000] {dagbag.py:506} DEBUG - Loaded DAG <DAG: example_dynamic_task_mapping_with_no_taskflow_operators>
[2024-07-11T08:41:46.201+0000] {processor.py:840} INFO - DAG(s) 'example_dynamic_task_mapping_with_no_taskflow_operators' retrieved from /home/airflow/.local/lib/python3.10/site-packages/airflow/example_dags/example_dynamic_task_mapping_with_no_taskflow_operators.py
[2024-07-11T08:41:46.203+0000] {logging_mixin.py:188} INFO - [2024-07-11T08:41:46.202+0000] {dagbag.py:662} DEBUG - Running dagbag.sync_to_db with retries. Try 1 of 3
[2024-07-11T08:41:46.203+0000] {logging_mixin.py:188} INFO - [2024-07-11T08:41:46.203+0000] {dagbag.py:667} DEBUG - Calling the DAG.bulk_sync_to_db method
[2024-07-11T08:41:46.216+0000] {logging_mixin.py:188} INFO - [2024-07-11T08:41:46.216+0000] {serialized_dag.py:165} DEBUG - Checking if DAG (example_dynamic_task_mapping_with_no_taskflow_operators) changed
[2024-07-11T08:41:46.227+0000] {logging_mixin.py:188} INFO - [2024-07-11T08:41:46.226+0000] {serialized_dag.py:179} DEBUG - Writing Serialized DAG: example_dynamic_task_mapping_with_no_taskflow_operators to the DB
[2024-07-11T08:41:46.234+0000] {logging_mixin.py:188} INFO - [2024-07-11T08:41:46.233+0000] {serialized_dag.py:181} DEBUG - DAG: example_dynamic_task_mapping_with_no_taskflow_operators written to the DB
[2024-07-11T08:41:46.234+0000] {logging_mixin.py:188} INFO - [2024-07-11T08:41:46.234+0000] {dagbag.py:696} DEBUG - Syncing DAG permissions: example_dynamic_task_mapping_with_no_taskflow_operators to the DB
[2024-07-11T08:41:46.331+0000] {logging_mixin.py:188} INFO - [2024-07-11T08:41:46.330+0000] {override.py:1034} DEBUG - Not syncing DAG-level permissions for DAG 'DAG:example_dynamic_task_mapping_with_no_taskflow_operators' as access control is unset.
[2024-07-11T08:41:46.331+0000] {logging_mixin.py:188} INFO - [2024-07-11T08:41:46.331+0000] {dag.py:3047} INFO - Sync 1 DAGs
[2024-07-11T08:41:46.351+0000] {logging_mixin.py:188} INFO - [2024-07-11T08:41:46.351+0000] {dag.py:3834} INFO - Setting next_dagrun for example_dynamic_task_mapping_with_no_taskflow_operators to 2024-07-10 00:00:00+00:00, run_after=2024-07-11 00:00:00+00:00
[2024-07-11T08:41:46.371+0000] {processor.py:183} INFO - Processing /home/airflow/.local/lib/python3.10/site-packages/airflow/example_dags/example_dynamic_task_mapping_with_no_taskflow_operators.py took 0.183 seconds
[2024-07-11T08:42:16.929+0000] {logging_mixin.py:188} INFO - [2024-07-11T08:42:16.929+0000] {settings.py:249} DEBUG - Setting up DB connection pool (PID 200)
[2024-07-11T08:42:16.930+0000] {logging_mixin.py:188} INFO - [2024-07-11T08:42:16.930+0000] {settings.py:350} DEBUG - settings.prepare_engine_args(): Using pool settings. pool_size=5, max_overflow=10, pool_recycle=1800, pid=200
[2024-07-11T08:42:16.932+0000] {processor.py:161} INFO - Started process (PID=200) to work on /home/airflow/.local/lib/python3.10/site-packages/airflow/example_dags/example_dynamic_task_mapping_with_no_taskflow_operators.py
[2024-07-11T08:42:16.932+0000] {processor.py:830} INFO - Processing file /home/airflow/.local/lib/python3.10/site-packages/airflow/example_dags/example_dynamic_task_mapping_with_no_taskflow_operators.py for tasks to queue
[2024-07-11T08:42:16.933+0000] {logging_mixin.py:188} INFO - [2024-07-11T08:42:16.933+0000] {dagbag.py:540} INFO - Filling up the DagBag from /home/airflow/.local/lib/python3.10/site-packages/airflow/example_dags/example_dynamic_task_mapping_with_no_taskflow_operators.py
[2024-07-11T08:42:16.934+0000] {logging_mixin.py:188} INFO - [2024-07-11T08:42:16.934+0000] {dagbag.py:332} DEBUG - Importing /home/airflow/.local/lib/python3.10/site-packages/airflow/example_dags/example_dynamic_task_mapping_with_no_taskflow_operators.py
[2024-07-11T08:42:16.938+0000] {logging_mixin.py:188} INFO - [2024-07-11T08:42:16.938+0000] {dagbag.py:506} DEBUG - Loaded DAG <DAG: example_dynamic_task_mapping_with_no_taskflow_operators>
[2024-07-11T08:42:16.938+0000] {processor.py:840} INFO - DAG(s) 'example_dynamic_task_mapping_with_no_taskflow_operators' retrieved from /home/airflow/.local/lib/python3.10/site-packages/airflow/example_dags/example_dynamic_task_mapping_with_no_taskflow_operators.py
[2024-07-11T08:42:16.939+0000] {logging_mixin.py:188} INFO - [2024-07-11T08:42:16.939+0000] {dagbag.py:662} DEBUG - Running dagbag.sync_to_db with retries. Try 1 of 3
[2024-07-11T08:42:16.940+0000] {logging_mixin.py:188} INFO - [2024-07-11T08:42:16.939+0000] {dagbag.py:667} DEBUG - Calling the DAG.bulk_sync_to_db method
[2024-07-11T08:42:16.947+0000] {logging_mixin.py:188} INFO - [2024-07-11T08:42:16.947+0000] {serialized_dag.py:165} DEBUG - Checking if DAG (example_dynamic_task_mapping_with_no_taskflow_operators) changed
[2024-07-11T08:42:16.953+0000] {logging_mixin.py:188} INFO - [2024-07-11T08:42:16.953+0000] {serialized_dag.py:176} DEBUG - Serialized DAG (example_dynamic_task_mapping_with_no_taskflow_operators) is unchanged. Skipping writing to DB
[2024-07-11T08:42:16.953+0000] {logging_mixin.py:188} INFO - [2024-07-11T08:42:16.953+0000] {dag.py:3047} INFO - Sync 1 DAGs
[2024-07-11T08:42:16.970+0000] {logging_mixin.py:188} INFO - [2024-07-11T08:42:16.969+0000] {dag.py:3834} INFO - Setting next_dagrun for example_dynamic_task_mapping_with_no_taskflow_operators to 2024-07-10 00:00:00+00:00, run_after=2024-07-11 00:00:00+00:00
[2024-07-11T08:42:16.982+0000] {processor.py:183} INFO - Processing /home/airflow/.local/lib/python3.10/site-packages/airflow/example_dags/example_dynamic_task_mapping_with_no_taskflow_operators.py took 0.053 seconds
[2024-07-11T08:42:47.098+0000] {logging_mixin.py:188} INFO - [2024-07-11T08:42:47.097+0000] {settings.py:249} DEBUG - Setting up DB connection pool (PID 256)
[2024-07-11T08:42:47.098+0000] {logging_mixin.py:188} INFO - [2024-07-11T08:42:47.098+0000] {settings.py:350} DEBUG - settings.prepare_engine_args(): Using pool settings. pool_size=5, max_overflow=10, pool_recycle=1800, pid=256
[2024-07-11T08:42:47.100+0000] {processor.py:161} INFO - Started process (PID=256) to work on /home/airflow/.local/lib/python3.10/site-packages/airflow/example_dags/example_dynamic_task_mapping_with_no_taskflow_operators.py
[2024-07-11T08:42:47.100+0000] {processor.py:830} INFO - Processing file /home/airflow/.local/lib/python3.10/site-packages/airflow/example_dags/example_dynamic_task_mapping_with_no_taskflow_operators.py for tasks to queue
[2024-07-11T08:42:47.101+0000] {logging_mixin.py:188} INFO - [2024-07-11T08:42:47.101+0000] {dagbag.py:540} INFO - Filling up the DagBag from /home/airflow/.local/lib/python3.10/site-packages/airflow/example_dags/example_dynamic_task_mapping_with_no_taskflow_operators.py
[2024-07-11T08:42:47.102+0000] {logging_mixin.py:188} INFO - [2024-07-11T08:42:47.102+0000] {dagbag.py:332} DEBUG - Importing /home/airflow/.local/lib/python3.10/site-packages/airflow/example_dags/example_dynamic_task_mapping_with_no_taskflow_operators.py
[2024-07-11T08:42:47.106+0000] {logging_mixin.py:188} INFO - [2024-07-11T08:42:47.106+0000] {dagbag.py:506} DEBUG - Loaded DAG <DAG: example_dynamic_task_mapping_with_no_taskflow_operators>
[2024-07-11T08:42:47.106+0000] {processor.py:840} INFO - DAG(s) 'example_dynamic_task_mapping_with_no_taskflow_operators' retrieved from /home/airflow/.local/lib/python3.10/site-packages/airflow/example_dags/example_dynamic_task_mapping_with_no_taskflow_operators.py
[2024-07-11T08:42:47.107+0000] {logging_mixin.py:188} INFO - [2024-07-11T08:42:47.107+0000] {dagbag.py:662} DEBUG - Running dagbag.sync_to_db with retries. Try 1 of 3
[2024-07-11T08:42:47.107+0000] {logging_mixin.py:188} INFO - [2024-07-11T08:42:47.107+0000] {dagbag.py:667} DEBUG - Calling the DAG.bulk_sync_to_db method
[2024-07-11T08:42:47.115+0000] {logging_mixin.py:188} INFO - [2024-07-11T08:42:47.115+0000] {serialized_dag.py:165} DEBUG - Checking if DAG (example_dynamic_task_mapping_with_no_taskflow_operators) changed
[2024-07-11T08:42:47.120+0000] {logging_mixin.py:188} INFO - [2024-07-11T08:42:47.120+0000] {serialized_dag.py:176} DEBUG - Serialized DAG (example_dynamic_task_mapping_with_no_taskflow_operators) is unchanged. Skipping writing to DB
[2024-07-11T08:42:47.120+0000] {logging_mixin.py:188} INFO - [2024-07-11T08:42:47.120+0000] {dag.py:3047} INFO - Sync 1 DAGs
[2024-07-11T08:42:47.136+0000] {logging_mixin.py:188} INFO - [2024-07-11T08:42:47.136+0000] {dag.py:3834} INFO - Setting next_dagrun for example_dynamic_task_mapping_with_no_taskflow_operators to 2024-07-10 00:00:00+00:00, run_after=2024-07-11 00:00:00+00:00
[2024-07-11T08:42:47.149+0000] {processor.py:183} INFO - Processing /home/airflow/.local/lib/python3.10/site-packages/airflow/example_dags/example_dynamic_task_mapping_with_no_taskflow_operators.py took 0.051 seconds
[2024-07-11T08:43:17.323+0000] {logging_mixin.py:188} INFO - [2024-07-11T08:43:17.322+0000] {settings.py:249} DEBUG - Setting up DB connection pool (PID 312)
[2024-07-11T08:43:17.323+0000] {logging_mixin.py:188} INFO - [2024-07-11T08:43:17.323+0000] {settings.py:350} DEBUG - settings.prepare_engine_args(): Using pool settings. pool_size=5, max_overflow=10, pool_recycle=1800, pid=312
[2024-07-11T08:43:17.325+0000] {processor.py:161} INFO - Started process (PID=312) to work on /home/airflow/.local/lib/python3.10/site-packages/airflow/example_dags/example_dynamic_task_mapping_with_no_taskflow_operators.py
[2024-07-11T08:43:17.325+0000] {processor.py:830} INFO - Processing file /home/airflow/.local/lib/python3.10/site-packages/airflow/example_dags/example_dynamic_task_mapping_with_no_taskflow_operators.py for tasks to queue
[2024-07-11T08:43:17.326+0000] {logging_mixin.py:188} INFO - [2024-07-11T08:43:17.326+0000] {dagbag.py:540} INFO - Filling up the DagBag from /home/airflow/.local/lib/python3.10/site-packages/airflow/example_dags/example_dynamic_task_mapping_with_no_taskflow_operators.py
[2024-07-11T08:43:17.327+0000] {logging_mixin.py:188} INFO - [2024-07-11T08:43:17.326+0000] {dagbag.py:332} DEBUG - Importing /home/airflow/.local/lib/python3.10/site-packages/airflow/example_dags/example_dynamic_task_mapping_with_no_taskflow_operators.py
[2024-07-11T08:43:17.331+0000] {logging_mixin.py:188} INFO - [2024-07-11T08:43:17.331+0000] {dagbag.py:506} DEBUG - Loaded DAG <DAG: example_dynamic_task_mapping_with_no_taskflow_operators>
[2024-07-11T08:43:17.331+0000] {processor.py:840} INFO - DAG(s) 'example_dynamic_task_mapping_with_no_taskflow_operators' retrieved from /home/airflow/.local/lib/python3.10/site-packages/airflow/example_dags/example_dynamic_task_mapping_with_no_taskflow_operators.py
[2024-07-11T08:43:17.332+0000] {logging_mixin.py:188} INFO - [2024-07-11T08:43:17.332+0000] {dagbag.py:662} DEBUG - Running dagbag.sync_to_db with retries. Try 1 of 3
[2024-07-11T08:43:17.332+0000] {logging_mixin.py:188} INFO - [2024-07-11T08:43:17.332+0000] {dagbag.py:667} DEBUG - Calling the DAG.bulk_sync_to_db method
[2024-07-11T08:43:17.339+0000] {logging_mixin.py:188} INFO - [2024-07-11T08:43:17.339+0000] {serialized_dag.py:165} DEBUG - Checking if DAG (example_dynamic_task_mapping_with_no_taskflow_operators) changed
[2024-07-11T08:43:17.344+0000] {logging_mixin.py:188} INFO - [2024-07-11T08:43:17.344+0000] {serialized_dag.py:176} DEBUG - Serialized DAG (example_dynamic_task_mapping_with_no_taskflow_operators) is unchanged. Skipping writing to DB
[2024-07-11T08:43:17.345+0000] {logging_mixin.py:188} INFO - [2024-07-11T08:43:17.344+0000] {dag.py:3047} INFO - Sync 1 DAGs
[2024-07-11T08:43:17.361+0000] {logging_mixin.py:188} INFO - [2024-07-11T08:43:17.361+0000] {dag.py:3834} INFO - Setting next_dagrun for example_dynamic_task_mapping_with_no_taskflow_operators to 2024-07-10 00:00:00+00:00, run_after=2024-07-11 00:00:00+00:00
[2024-07-11T08:43:17.373+0000] {processor.py:183} INFO - Processing /home/airflow/.local/lib/python3.10/site-packages/airflow/example_dags/example_dynamic_task_mapping_with_no_taskflow_operators.py took 0.051 seconds
[2024-07-11T08:43:47.696+0000] {logging_mixin.py:188} INFO - [2024-07-11T08:43:47.695+0000] {settings.py:249} DEBUG - Setting up DB connection pool (PID 368)
[2024-07-11T08:43:47.696+0000] {logging_mixin.py:188} INFO - [2024-07-11T08:43:47.696+0000] {settings.py:350} DEBUG - settings.prepare_engine_args(): Using pool settings. pool_size=5, max_overflow=10, pool_recycle=1800, pid=368
[2024-07-11T08:43:47.698+0000] {processor.py:161} INFO - Started process (PID=368) to work on /home/airflow/.local/lib/python3.10/site-packages/airflow/example_dags/example_dynamic_task_mapping_with_no_taskflow_operators.py
[2024-07-11T08:43:47.698+0000] {processor.py:830} INFO - Processing file /home/airflow/.local/lib/python3.10/site-packages/airflow/example_dags/example_dynamic_task_mapping_with_no_taskflow_operators.py for tasks to queue
[2024-07-11T08:43:47.699+0000] {logging_mixin.py:188} INFO - [2024-07-11T08:43:47.699+0000] {dagbag.py:540} INFO - Filling up the DagBag from /home/airflow/.local/lib/python3.10/site-packages/airflow/example_dags/example_dynamic_task_mapping_with_no_taskflow_operators.py
[2024-07-11T08:43:47.699+0000] {logging_mixin.py:188} INFO - [2024-07-11T08:43:47.699+0000] {dagbag.py:332} DEBUG - Importing /home/airflow/.local/lib/python3.10/site-packages/airflow/example_dags/example_dynamic_task_mapping_with_no_taskflow_operators.py
[2024-07-11T08:43:47.703+0000] {logging_mixin.py:188} INFO - [2024-07-11T08:43:47.703+0000] {dagbag.py:506} DEBUG - Loaded DAG <DAG: example_dynamic_task_mapping_with_no_taskflow_operators>
[2024-07-11T08:43:47.704+0000] {processor.py:840} INFO - DAG(s) 'example_dynamic_task_mapping_with_no_taskflow_operators' retrieved from /home/airflow/.local/lib/python3.10/site-packages/airflow/example_dags/example_dynamic_task_mapping_with_no_taskflow_operators.py
[2024-07-11T08:43:47.704+0000] {logging_mixin.py:188} INFO - [2024-07-11T08:43:47.704+0000] {dagbag.py:662} DEBUG - Running dagbag.sync_to_db with retries. Try 1 of 3
[2024-07-11T08:43:47.705+0000] {logging_mixin.py:188} INFO - [2024-07-11T08:43:47.704+0000] {dagbag.py:667} DEBUG - Calling the DAG.bulk_sync_to_db method
[2024-07-11T08:43:47.712+0000] {logging_mixin.py:188} INFO - [2024-07-11T08:43:47.712+0000] {serialized_dag.py:165} DEBUG - Checking if DAG (example_dynamic_task_mapping_with_no_taskflow_operators) changed
[2024-07-11T08:43:47.718+0000] {logging_mixin.py:188} INFO - [2024-07-11T08:43:47.717+0000] {serialized_dag.py:176} DEBUG - Serialized DAG (example_dynamic_task_mapping_with_no_taskflow_operators) is unchanged. Skipping writing to DB
[2024-07-11T08:43:47.718+0000] {logging_mixin.py:188} INFO - [2024-07-11T08:43:47.718+0000] {dag.py:3047} INFO - Sync 1 DAGs
[2024-07-11T08:43:47.735+0000] {logging_mixin.py:188} INFO - [2024-07-11T08:43:47.735+0000] {dag.py:3834} INFO - Setting next_dagrun for example_dynamic_task_mapping_with_no_taskflow_operators to 2024-07-10 00:00:00+00:00, run_after=2024-07-11 00:00:00+00:00
[2024-07-11T08:43:47.748+0000] {processor.py:183} INFO - Processing /home/airflow/.local/lib/python3.10/site-packages/airflow/example_dags/example_dynamic_task_mapping_with_no_taskflow_operators.py took 0.052 seconds
[2024-07-11T08:44:18.053+0000] {logging_mixin.py:188} INFO - [2024-07-11T08:44:18.053+0000] {settings.py:249} DEBUG - Setting up DB connection pool (PID 424)
[2024-07-11T08:44:18.054+0000] {logging_mixin.py:188} INFO - [2024-07-11T08:44:18.054+0000] {settings.py:350} DEBUG - settings.prepare_engine_args(): Using pool settings. pool_size=5, max_overflow=10, pool_recycle=1800, pid=424
[2024-07-11T08:44:18.055+0000] {processor.py:161} INFO - Started process (PID=424) to work on /home/airflow/.local/lib/python3.10/site-packages/airflow/example_dags/example_dynamic_task_mapping_with_no_taskflow_operators.py
[2024-07-11T08:44:18.056+0000] {processor.py:830} INFO - Processing file /home/airflow/.local/lib/python3.10/site-packages/airflow/example_dags/example_dynamic_task_mapping_with_no_taskflow_operators.py for tasks to queue
[2024-07-11T08:44:18.056+0000] {logging_mixin.py:188} INFO - [2024-07-11T08:44:18.056+0000] {dagbag.py:540} INFO - Filling up the DagBag from /home/airflow/.local/lib/python3.10/site-packages/airflow/example_dags/example_dynamic_task_mapping_with_no_taskflow_operators.py
[2024-07-11T08:44:18.057+0000] {logging_mixin.py:188} INFO - [2024-07-11T08:44:18.057+0000] {dagbag.py:332} DEBUG - Importing /home/airflow/.local/lib/python3.10/site-packages/airflow/example_dags/example_dynamic_task_mapping_with_no_taskflow_operators.py
[2024-07-11T08:44:18.061+0000] {logging_mixin.py:188} INFO - [2024-07-11T08:44:18.060+0000] {dagbag.py:506} DEBUG - Loaded DAG <DAG: example_dynamic_task_mapping_with_no_taskflow_operators>
[2024-07-11T08:44:18.061+0000] {processor.py:840} INFO - DAG(s) 'example_dynamic_task_mapping_with_no_taskflow_operators' retrieved from /home/airflow/.local/lib/python3.10/site-packages/airflow/example_dags/example_dynamic_task_mapping_with_no_taskflow_operators.py
[2024-07-11T08:44:18.061+0000] {logging_mixin.py:188} INFO - [2024-07-11T08:44:18.061+0000] {dagbag.py:662} DEBUG - Running dagbag.sync_to_db with retries. Try 1 of 3
[2024-07-11T08:44:18.062+0000] {logging_mixin.py:188} INFO - [2024-07-11T08:44:18.062+0000] {dagbag.py:667} DEBUG - Calling the DAG.bulk_sync_to_db method
[2024-07-11T08:44:18.069+0000] {logging_mixin.py:188} INFO - [2024-07-11T08:44:18.069+0000] {serialized_dag.py:165} DEBUG - Checking if DAG (example_dynamic_task_mapping_with_no_taskflow_operators) changed
[2024-07-11T08:44:18.074+0000] {logging_mixin.py:188} INFO - [2024-07-11T08:44:18.074+0000] {serialized_dag.py:176} DEBUG - Serialized DAG (example_dynamic_task_mapping_with_no_taskflow_operators) is unchanged. Skipping writing to DB
[2024-07-11T08:44:18.074+0000] {logging_mixin.py:188} INFO - [2024-07-11T08:44:18.074+0000] {dag.py:3047} INFO - Sync 1 DAGs
[2024-07-11T08:44:18.090+0000] {logging_mixin.py:188} INFO - [2024-07-11T08:44:18.090+0000] {dag.py:3834} INFO - Setting next_dagrun for example_dynamic_task_mapping_with_no_taskflow_operators to 2024-07-10 00:00:00+00:00, run_after=2024-07-11 00:00:00+00:00
[2024-07-11T08:44:18.102+0000] {processor.py:183} INFO - Processing /home/airflow/.local/lib/python3.10/site-packages/airflow/example_dags/example_dynamic_task_mapping_with_no_taskflow_operators.py took 0.050 seconds
[2024-07-11T08:44:48.340+0000] {logging_mixin.py:188} INFO - [2024-07-11T08:44:48.340+0000] {settings.py:249} DEBUG - Setting up DB connection pool (PID 480)
[2024-07-11T08:44:48.342+0000] {logging_mixin.py:188} INFO - [2024-07-11T08:44:48.341+0000] {settings.py:350} DEBUG - settings.prepare_engine_args(): Using pool settings. pool_size=5, max_overflow=10, pool_recycle=1800, pid=480
[2024-07-11T08:44:48.344+0000] {processor.py:161} INFO - Started process (PID=480) to work on /home/airflow/.local/lib/python3.10/site-packages/airflow/example_dags/example_dynamic_task_mapping_with_no_taskflow_operators.py
[2024-07-11T08:44:48.344+0000] {processor.py:830} INFO - Processing file /home/airflow/.local/lib/python3.10/site-packages/airflow/example_dags/example_dynamic_task_mapping_with_no_taskflow_operators.py for tasks to queue
[2024-07-11T08:44:48.345+0000] {logging_mixin.py:188} INFO - [2024-07-11T08:44:48.345+0000] {dagbag.py:540} INFO - Filling up the DagBag from /home/airflow/.local/lib/python3.10/site-packages/airflow/example_dags/example_dynamic_task_mapping_with_no_taskflow_operators.py
[2024-07-11T08:44:48.346+0000] {logging_mixin.py:188} INFO - [2024-07-11T08:44:48.346+0000] {dagbag.py:332} DEBUG - Importing /home/airflow/.local/lib/python3.10/site-packages/airflow/example_dags/example_dynamic_task_mapping_with_no_taskflow_operators.py
[2024-07-11T08:44:48.352+0000] {logging_mixin.py:188} INFO - [2024-07-11T08:44:48.351+0000] {dagbag.py:506} DEBUG - Loaded DAG <DAG: example_dynamic_task_mapping_with_no_taskflow_operators>
[2024-07-11T08:44:48.352+0000] {processor.py:840} INFO - DAG(s) 'example_dynamic_task_mapping_with_no_taskflow_operators' retrieved from /home/airflow/.local/lib/python3.10/site-packages/airflow/example_dags/example_dynamic_task_mapping_with_no_taskflow_operators.py
[2024-07-11T08:44:48.353+0000] {logging_mixin.py:188} INFO - [2024-07-11T08:44:48.353+0000] {dagbag.py:662} DEBUG - Running dagbag.sync_to_db with retries. Try 1 of 3
[2024-07-11T08:44:48.353+0000] {logging_mixin.py:188} INFO - [2024-07-11T08:44:48.353+0000] {dagbag.py:667} DEBUG - Calling the DAG.bulk_sync_to_db method
[2024-07-11T08:44:48.362+0000] {logging_mixin.py:188} INFO - [2024-07-11T08:44:48.361+0000] {serialized_dag.py:165} DEBUG - Checking if DAG (example_dynamic_task_mapping_with_no_taskflow_operators) changed
[2024-07-11T08:44:48.368+0000] {logging_mixin.py:188} INFO - [2024-07-11T08:44:48.368+0000] {serialized_dag.py:176} DEBUG - Serialized DAG (example_dynamic_task_mapping_with_no_taskflow_operators) is unchanged. Skipping writing to DB
[2024-07-11T08:44:48.369+0000] {logging_mixin.py:188} INFO - [2024-07-11T08:44:48.368+0000] {dag.py:3047} INFO - Sync 1 DAGs
[2024-07-11T08:44:48.386+0000] {logging_mixin.py:188} INFO - [2024-07-11T08:44:48.386+0000] {dag.py:3834} INFO - Setting next_dagrun for example_dynamic_task_mapping_with_no_taskflow_operators to 2024-07-10 00:00:00+00:00, run_after=2024-07-11 00:00:00+00:00
[2024-07-11T08:44:48.400+0000] {processor.py:183} INFO - Processing /home/airflow/.local/lib/python3.10/site-packages/airflow/example_dags/example_dynamic_task_mapping_with_no_taskflow_operators.py took 0.061 seconds
