[2024-07-11T08:36:59.613+0000] {logging_mixin.py:188} INFO - [2024-07-11T08:36:59.613+0000] {settings.py:249} DEBUG - Setting up DB connection pool (PID 70)
[2024-07-11T08:36:59.614+0000] {logging_mixin.py:188} INFO - [2024-07-11T08:36:59.614+0000] {settings.py:350} DEBUG - settings.prepare_engine_args(): Using pool settings. pool_size=5, max_overflow=10, pool_recycle=1800, pid=70
[2024-07-11T08:36:59.617+0000] {processor.py:161} INFO - Started process (PID=70) to work on /home/airflow/.local/lib/python3.10/site-packages/airflow/example_dags/example_dag_decorator.py
[2024-07-11T08:36:59.618+0000] {processor.py:830} INFO - Processing file /home/airflow/.local/lib/python3.10/site-packages/airflow/example_dags/example_dag_decorator.py for tasks to queue
[2024-07-11T08:36:59.618+0000] {logging_mixin.py:188} INFO - [2024-07-11T08:36:59.618+0000] {dagbag.py:540} INFO - Filling up the DagBag from /home/airflow/.local/lib/python3.10/site-packages/airflow/example_dags/example_dag_decorator.py
[2024-07-11T08:36:59.619+0000] {logging_mixin.py:188} INFO - [2024-07-11T08:36:59.619+0000] {dagbag.py:332} DEBUG - Importing /home/airflow/.local/lib/python3.10/site-packages/airflow/example_dags/example_dag_decorator.py
[2024-07-11T08:36:59.798+0000] {logging_mixin.py:188} INFO - [2024-07-11T08:36:59.797+0000] {dagbag.py:506} DEBUG - Loaded DAG <DAG: example_dag_decorator>
[2024-07-11T08:36:59.798+0000] {processor.py:840} INFO - DAG(s) 'example_dag_decorator' retrieved from /home/airflow/.local/lib/python3.10/site-packages/airflow/example_dags/example_dag_decorator.py
[2024-07-11T08:36:59.799+0000] {logging_mixin.py:188} INFO - [2024-07-11T08:36:59.799+0000] {dagbag.py:662} DEBUG - Running dagbag.sync_to_db with retries. Try 1 of 3
[2024-07-11T08:36:59.799+0000] {logging_mixin.py:188} INFO - [2024-07-11T08:36:59.799+0000] {dagbag.py:667} DEBUG - Calling the DAG.bulk_sync_to_db method
[2024-07-11T08:36:59.808+0000] {logging_mixin.py:188} INFO - [2024-07-11T08:36:59.807+0000] {dag.py:3047} INFO - Sync 1 DAGs
[2024-07-11T08:36:59.818+0000] {logging_mixin.py:188} INFO - [2024-07-11T08:36:59.818+0000] {dag.py:3834} INFO - Setting next_dagrun for example_dag_decorator to None, run_after=None
[2024-07-11T08:36:59.834+0000] {processor.py:183} INFO - Processing /home/airflow/.local/lib/python3.10/site-packages/airflow/example_dags/example_dag_decorator.py took 0.222 seconds
[2024-07-11T08:37:30.630+0000] {logging_mixin.py:188} INFO - [2024-07-11T08:37:30.630+0000] {settings.py:249} DEBUG - Setting up DB connection pool (PID 127)
[2024-07-11T08:37:30.631+0000] {logging_mixin.py:188} INFO - [2024-07-11T08:37:30.631+0000] {settings.py:350} DEBUG - settings.prepare_engine_args(): Using pool settings. pool_size=5, max_overflow=10, pool_recycle=1800, pid=127
[2024-07-11T08:37:30.633+0000] {processor.py:161} INFO - Started process (PID=127) to work on /home/airflow/.local/lib/python3.10/site-packages/airflow/example_dags/example_dag_decorator.py
[2024-07-11T08:37:30.633+0000] {processor.py:830} INFO - Processing file /home/airflow/.local/lib/python3.10/site-packages/airflow/example_dags/example_dag_decorator.py for tasks to queue
[2024-07-11T08:37:30.633+0000] {logging_mixin.py:188} INFO - [2024-07-11T08:37:30.633+0000] {dagbag.py:540} INFO - Filling up the DagBag from /home/airflow/.local/lib/python3.10/site-packages/airflow/example_dags/example_dag_decorator.py
[2024-07-11T08:37:30.634+0000] {logging_mixin.py:188} INFO - [2024-07-11T08:37:30.634+0000] {dagbag.py:332} DEBUG - Importing /home/airflow/.local/lib/python3.10/site-packages/airflow/example_dags/example_dag_decorator.py
[2024-07-11T08:37:30.698+0000] {logging_mixin.py:188} INFO - [2024-07-11T08:37:30.696+0000] {dagbag.py:506} DEBUG - Loaded DAG <DAG: example_dag_decorator>
[2024-07-11T08:37:30.698+0000] {processor.py:840} INFO - DAG(s) 'example_dag_decorator' retrieved from /home/airflow/.local/lib/python3.10/site-packages/airflow/example_dags/example_dag_decorator.py
[2024-07-11T08:37:30.699+0000] {logging_mixin.py:188} INFO - [2024-07-11T08:37:30.698+0000] {dagbag.py:662} DEBUG - Running dagbag.sync_to_db with retries. Try 1 of 3
[2024-07-11T08:37:30.699+0000] {logging_mixin.py:188} INFO - [2024-07-11T08:37:30.699+0000] {dagbag.py:667} DEBUG - Calling the DAG.bulk_sync_to_db method
[2024-07-11T08:37:30.706+0000] {logging_mixin.py:188} INFO - [2024-07-11T08:37:30.706+0000] {serialized_dag.py:165} DEBUG - Checking if DAG (example_dag_decorator) changed
[2024-07-11T08:37:30.708+0000] {logging_mixin.py:188} INFO - [2024-07-11T08:37:30.708+0000] {serialized_objects.py:529} DEBUG - Cast type <class 'airflow.models.param.ParamsDict'> to str in serialization.
[2024-07-11T08:37:30.710+0000] {logging_mixin.py:188} INFO - [2024-07-11T08:37:30.710+0000] {serialized_objects.py:529} DEBUG - Cast type <class 'airflow.models.param.ParamsDict'> to str in serialization.
[2024-07-11T08:37:30.711+0000] {logging_mixin.py:188} INFO - [2024-07-11T08:37:30.711+0000] {serialized_objects.py:529} DEBUG - Cast type <class 'airflow.models.param.ParamsDict'> to str in serialization.
[2024-07-11T08:37:30.714+0000] {logging_mixin.py:188} INFO - [2024-07-11T08:37:30.714+0000] {serialized_dag.py:179} DEBUG - Writing Serialized DAG: example_dag_decorator to the DB
[2024-07-11T08:37:30.716+0000] {logging_mixin.py:188} INFO - [2024-07-11T08:37:30.716+0000] {serialized_dag.py:181} DEBUG - DAG: example_dag_decorator written to the DB
[2024-07-11T08:37:30.716+0000] {logging_mixin.py:188} INFO - [2024-07-11T08:37:30.716+0000] {dagbag.py:696} DEBUG - Syncing DAG permissions: example_dag_decorator to the DB
[2024-07-11T08:37:30.768+0000] {logging_mixin.py:188} INFO - [2024-07-11T08:37:30.768+0000] {override.py:1034} DEBUG - Not syncing DAG-level permissions for DAG 'DAG:example_dag_decorator' as access control is unset.
[2024-07-11T08:37:30.769+0000] {logging_mixin.py:188} INFO - [2024-07-11T08:37:30.769+0000] {dag.py:3047} INFO - Sync 1 DAGs
[2024-07-11T08:37:30.775+0000] {logging_mixin.py:188} INFO - [2024-07-11T08:37:30.775+0000] {dag.py:3834} INFO - Setting next_dagrun for example_dag_decorator to None, run_after=None
[2024-07-11T08:37:30.787+0000] {processor.py:183} INFO - Processing /home/airflow/.local/lib/python3.10/site-packages/airflow/example_dags/example_dag_decorator.py took 0.158 seconds
[2024-07-11T08:38:01.572+0000] {logging_mixin.py:188} INFO - [2024-07-11T08:38:01.571+0000] {settings.py:249} DEBUG - Setting up DB connection pool (PID 188)
[2024-07-11T08:38:01.573+0000] {logging_mixin.py:188} INFO - [2024-07-11T08:38:01.573+0000] {settings.py:350} DEBUG - settings.prepare_engine_args(): Using pool settings. pool_size=5, max_overflow=10, pool_recycle=1800, pid=188
[2024-07-11T08:38:01.576+0000] {processor.py:161} INFO - Started process (PID=188) to work on /home/airflow/.local/lib/python3.10/site-packages/airflow/example_dags/example_dag_decorator.py
[2024-07-11T08:38:01.576+0000] {processor.py:830} INFO - Processing file /home/airflow/.local/lib/python3.10/site-packages/airflow/example_dags/example_dag_decorator.py for tasks to queue
[2024-07-11T08:38:01.577+0000] {logging_mixin.py:188} INFO - [2024-07-11T08:38:01.577+0000] {dagbag.py:540} INFO - Filling up the DagBag from /home/airflow/.local/lib/python3.10/site-packages/airflow/example_dags/example_dag_decorator.py
[2024-07-11T08:38:01.579+0000] {logging_mixin.py:188} INFO - [2024-07-11T08:38:01.578+0000] {dagbag.py:332} DEBUG - Importing /home/airflow/.local/lib/python3.10/site-packages/airflow/example_dags/example_dag_decorator.py
[2024-07-11T08:38:01.647+0000] {logging_mixin.py:188} INFO - [2024-07-11T08:38:01.646+0000] {dagbag.py:506} DEBUG - Loaded DAG <DAG: example_dag_decorator>
[2024-07-11T08:38:01.647+0000] {processor.py:840} INFO - DAG(s) 'example_dag_decorator' retrieved from /home/airflow/.local/lib/python3.10/site-packages/airflow/example_dags/example_dag_decorator.py
[2024-07-11T08:38:01.647+0000] {logging_mixin.py:188} INFO - [2024-07-11T08:38:01.647+0000] {dagbag.py:662} DEBUG - Running dagbag.sync_to_db with retries. Try 1 of 3
[2024-07-11T08:38:01.648+0000] {logging_mixin.py:188} INFO - [2024-07-11T08:38:01.647+0000] {dagbag.py:667} DEBUG - Calling the DAG.bulk_sync_to_db method
[2024-07-11T08:38:01.655+0000] {logging_mixin.py:188} INFO - [2024-07-11T08:38:01.655+0000] {serialized_dag.py:165} DEBUG - Checking if DAG (example_dag_decorator) changed
[2024-07-11T08:38:01.658+0000] {logging_mixin.py:188} INFO - [2024-07-11T08:38:01.658+0000] {serialized_objects.py:529} DEBUG - Cast type <class 'airflow.models.param.ParamsDict'> to str in serialization.
[2024-07-11T08:38:01.659+0000] {logging_mixin.py:188} INFO - [2024-07-11T08:38:01.659+0000] {serialized_objects.py:529} DEBUG - Cast type <class 'airflow.models.param.ParamsDict'> to str in serialization.
[2024-07-11T08:38:01.661+0000] {logging_mixin.py:188} INFO - [2024-07-11T08:38:01.661+0000] {serialized_objects.py:529} DEBUG - Cast type <class 'airflow.models.param.ParamsDict'> to str in serialization.
[2024-07-11T08:38:01.664+0000] {logging_mixin.py:188} INFO - [2024-07-11T08:38:01.664+0000] {serialized_dag.py:179} DEBUG - Writing Serialized DAG: example_dag_decorator to the DB
[2024-07-11T08:38:01.668+0000] {logging_mixin.py:188} INFO - [2024-07-11T08:38:01.668+0000] {serialized_dag.py:181} DEBUG - DAG: example_dag_decorator written to the DB
[2024-07-11T08:38:01.668+0000] {logging_mixin.py:188} INFO - [2024-07-11T08:38:01.668+0000] {dagbag.py:696} DEBUG - Syncing DAG permissions: example_dag_decorator to the DB
[2024-07-11T08:38:01.727+0000] {logging_mixin.py:188} INFO - [2024-07-11T08:38:01.727+0000] {override.py:1034} DEBUG - Not syncing DAG-level permissions for DAG 'DAG:example_dag_decorator' as access control is unset.
[2024-07-11T08:38:01.727+0000] {logging_mixin.py:188} INFO - [2024-07-11T08:38:01.727+0000] {dag.py:3047} INFO - Sync 1 DAGs
[2024-07-11T08:38:01.734+0000] {logging_mixin.py:188} INFO - [2024-07-11T08:38:01.734+0000] {dag.py:3834} INFO - Setting next_dagrun for example_dag_decorator to None, run_after=None
[2024-07-11T08:38:01.748+0000] {processor.py:183} INFO - Processing /home/airflow/.local/lib/python3.10/site-packages/airflow/example_dags/example_dag_decorator.py took 0.177 seconds
[2024-07-11T08:38:31.836+0000] {logging_mixin.py:188} INFO - [2024-07-11T08:38:31.836+0000] {settings.py:249} DEBUG - Setting up DB connection pool (PID 245)
[2024-07-11T08:38:31.837+0000] {logging_mixin.py:188} INFO - [2024-07-11T08:38:31.837+0000] {settings.py:350} DEBUG - settings.prepare_engine_args(): Using pool settings. pool_size=5, max_overflow=10, pool_recycle=1800, pid=245
[2024-07-11T08:38:31.839+0000] {processor.py:161} INFO - Started process (PID=245) to work on /home/airflow/.local/lib/python3.10/site-packages/airflow/example_dags/example_dag_decorator.py
[2024-07-11T08:38:31.839+0000] {processor.py:830} INFO - Processing file /home/airflow/.local/lib/python3.10/site-packages/airflow/example_dags/example_dag_decorator.py for tasks to queue
[2024-07-11T08:38:31.839+0000] {logging_mixin.py:188} INFO - [2024-07-11T08:38:31.839+0000] {dagbag.py:540} INFO - Filling up the DagBag from /home/airflow/.local/lib/python3.10/site-packages/airflow/example_dags/example_dag_decorator.py
[2024-07-11T08:38:31.840+0000] {logging_mixin.py:188} INFO - [2024-07-11T08:38:31.840+0000] {dagbag.py:332} DEBUG - Importing /home/airflow/.local/lib/python3.10/site-packages/airflow/example_dags/example_dag_decorator.py
[2024-07-11T08:38:31.905+0000] {logging_mixin.py:188} INFO - [2024-07-11T08:38:31.904+0000] {dagbag.py:506} DEBUG - Loaded DAG <DAG: example_dag_decorator>
[2024-07-11T08:38:31.905+0000] {processor.py:840} INFO - DAG(s) 'example_dag_decorator' retrieved from /home/airflow/.local/lib/python3.10/site-packages/airflow/example_dags/example_dag_decorator.py
[2024-07-11T08:38:31.906+0000] {logging_mixin.py:188} INFO - [2024-07-11T08:38:31.906+0000] {dagbag.py:662} DEBUG - Running dagbag.sync_to_db with retries. Try 1 of 3
[2024-07-11T08:38:31.906+0000] {logging_mixin.py:188} INFO - [2024-07-11T08:38:31.906+0000] {dagbag.py:667} DEBUG - Calling the DAG.bulk_sync_to_db method
[2024-07-11T08:38:31.913+0000] {logging_mixin.py:188} INFO - [2024-07-11T08:38:31.913+0000] {serialized_dag.py:165} DEBUG - Checking if DAG (example_dag_decorator) changed
[2024-07-11T08:38:31.916+0000] {logging_mixin.py:188} INFO - [2024-07-11T08:38:31.916+0000] {serialized_objects.py:529} DEBUG - Cast type <class 'airflow.models.param.ParamsDict'> to str in serialization.
[2024-07-11T08:38:31.918+0000] {logging_mixin.py:188} INFO - [2024-07-11T08:38:31.918+0000] {serialized_objects.py:529} DEBUG - Cast type <class 'airflow.models.param.ParamsDict'> to str in serialization.
[2024-07-11T08:38:31.919+0000] {logging_mixin.py:188} INFO - [2024-07-11T08:38:31.919+0000] {serialized_objects.py:529} DEBUG - Cast type <class 'airflow.models.param.ParamsDict'> to str in serialization.
[2024-07-11T08:38:31.923+0000] {logging_mixin.py:188} INFO - [2024-07-11T08:38:31.923+0000] {serialized_dag.py:179} DEBUG - Writing Serialized DAG: example_dag_decorator to the DB
[2024-07-11T08:38:31.925+0000] {logging_mixin.py:188} INFO - [2024-07-11T08:38:31.925+0000] {serialized_dag.py:181} DEBUG - DAG: example_dag_decorator written to the DB
[2024-07-11T08:38:31.926+0000] {logging_mixin.py:188} INFO - [2024-07-11T08:38:31.925+0000] {dagbag.py:696} DEBUG - Syncing DAG permissions: example_dag_decorator to the DB
[2024-07-11T08:38:31.983+0000] {logging_mixin.py:188} INFO - [2024-07-11T08:38:31.983+0000] {override.py:1034} DEBUG - Not syncing DAG-level permissions for DAG 'DAG:example_dag_decorator' as access control is unset.
[2024-07-11T08:38:31.983+0000] {logging_mixin.py:188} INFO - [2024-07-11T08:38:31.983+0000] {dag.py:3047} INFO - Sync 1 DAGs
[2024-07-11T08:38:31.992+0000] {logging_mixin.py:188} INFO - [2024-07-11T08:38:31.992+0000] {dag.py:3834} INFO - Setting next_dagrun for example_dag_decorator to None, run_after=None
[2024-07-11T08:38:32.006+0000] {processor.py:183} INFO - Processing /home/airflow/.local/lib/python3.10/site-packages/airflow/example_dags/example_dag_decorator.py took 0.170 seconds
[2024-07-11T08:39:02.125+0000] {logging_mixin.py:188} INFO - [2024-07-11T08:39:02.124+0000] {settings.py:249} DEBUG - Setting up DB connection pool (PID 300)
[2024-07-11T08:39:02.127+0000] {logging_mixin.py:188} INFO - [2024-07-11T08:39:02.126+0000] {settings.py:350} DEBUG - settings.prepare_engine_args(): Using pool settings. pool_size=5, max_overflow=10, pool_recycle=1800, pid=300
[2024-07-11T08:39:02.130+0000] {processor.py:161} INFO - Started process (PID=300) to work on /home/airflow/.local/lib/python3.10/site-packages/airflow/example_dags/example_dag_decorator.py
[2024-07-11T08:39:02.130+0000] {processor.py:830} INFO - Processing file /home/airflow/.local/lib/python3.10/site-packages/airflow/example_dags/example_dag_decorator.py for tasks to queue
[2024-07-11T08:39:02.131+0000] {logging_mixin.py:188} INFO - [2024-07-11T08:39:02.131+0000] {dagbag.py:540} INFO - Filling up the DagBag from /home/airflow/.local/lib/python3.10/site-packages/airflow/example_dags/example_dag_decorator.py
[2024-07-11T08:39:02.132+0000] {logging_mixin.py:188} INFO - [2024-07-11T08:39:02.132+0000] {dagbag.py:332} DEBUG - Importing /home/airflow/.local/lib/python3.10/site-packages/airflow/example_dags/example_dag_decorator.py
[2024-07-11T08:39:02.201+0000] {logging_mixin.py:188} INFO - [2024-07-11T08:39:02.201+0000] {dagbag.py:506} DEBUG - Loaded DAG <DAG: example_dag_decorator>
[2024-07-11T08:39:02.202+0000] {processor.py:840} INFO - DAG(s) 'example_dag_decorator' retrieved from /home/airflow/.local/lib/python3.10/site-packages/airflow/example_dags/example_dag_decorator.py
[2024-07-11T08:39:02.202+0000] {logging_mixin.py:188} INFO - [2024-07-11T08:39:02.202+0000] {dagbag.py:662} DEBUG - Running dagbag.sync_to_db with retries. Try 1 of 3
[2024-07-11T08:39:02.202+0000] {logging_mixin.py:188} INFO - [2024-07-11T08:39:02.202+0000] {dagbag.py:667} DEBUG - Calling the DAG.bulk_sync_to_db method
[2024-07-11T08:39:02.211+0000] {logging_mixin.py:188} INFO - [2024-07-11T08:39:02.210+0000] {serialized_dag.py:165} DEBUG - Checking if DAG (example_dag_decorator) changed
[2024-07-11T08:39:02.214+0000] {logging_mixin.py:188} INFO - [2024-07-11T08:39:02.213+0000] {serialized_objects.py:529} DEBUG - Cast type <class 'airflow.models.param.ParamsDict'> to str in serialization.
[2024-07-11T08:39:02.216+0000] {logging_mixin.py:188} INFO - [2024-07-11T08:39:02.216+0000] {serialized_objects.py:529} DEBUG - Cast type <class 'airflow.models.param.ParamsDict'> to str in serialization.
[2024-07-11T08:39:02.218+0000] {logging_mixin.py:188} INFO - [2024-07-11T08:39:02.217+0000] {serialized_objects.py:529} DEBUG - Cast type <class 'airflow.models.param.ParamsDict'> to str in serialization.
[2024-07-11T08:39:02.221+0000] {logging_mixin.py:188} INFO - [2024-07-11T08:39:02.221+0000] {serialized_dag.py:176} DEBUG - Serialized DAG (example_dag_decorator) is unchanged. Skipping writing to DB
[2024-07-11T08:39:02.221+0000] {logging_mixin.py:188} INFO - [2024-07-11T08:39:02.221+0000] {dag.py:3047} INFO - Sync 1 DAGs
[2024-07-11T08:39:02.229+0000] {logging_mixin.py:188} INFO - [2024-07-11T08:39:02.229+0000] {dag.py:3834} INFO - Setting next_dagrun for example_dag_decorator to None, run_after=None
[2024-07-11T08:39:02.243+0000] {processor.py:183} INFO - Processing /home/airflow/.local/lib/python3.10/site-packages/airflow/example_dags/example_dag_decorator.py took 0.119 seconds
[2024-07-11T08:39:32.402+0000] {logging_mixin.py:188} INFO - [2024-07-11T08:39:32.401+0000] {settings.py:249} DEBUG - Setting up DB connection pool (PID 356)
[2024-07-11T08:39:32.403+0000] {logging_mixin.py:188} INFO - [2024-07-11T08:39:32.403+0000] {settings.py:350} DEBUG - settings.prepare_engine_args(): Using pool settings. pool_size=5, max_overflow=10, pool_recycle=1800, pid=356
[2024-07-11T08:39:32.406+0000] {processor.py:161} INFO - Started process (PID=356) to work on /home/airflow/.local/lib/python3.10/site-packages/airflow/example_dags/example_dag_decorator.py
[2024-07-11T08:39:32.406+0000] {processor.py:830} INFO - Processing file /home/airflow/.local/lib/python3.10/site-packages/airflow/example_dags/example_dag_decorator.py for tasks to queue
[2024-07-11T08:39:32.407+0000] {logging_mixin.py:188} INFO - [2024-07-11T08:39:32.407+0000] {dagbag.py:540} INFO - Filling up the DagBag from /home/airflow/.local/lib/python3.10/site-packages/airflow/example_dags/example_dag_decorator.py
[2024-07-11T08:39:32.408+0000] {logging_mixin.py:188} INFO - [2024-07-11T08:39:32.408+0000] {dagbag.py:332} DEBUG - Importing /home/airflow/.local/lib/python3.10/site-packages/airflow/example_dags/example_dag_decorator.py
[2024-07-11T08:39:32.476+0000] {logging_mixin.py:188} INFO - [2024-07-11T08:39:32.475+0000] {dagbag.py:506} DEBUG - Loaded DAG <DAG: example_dag_decorator>
[2024-07-11T08:39:32.476+0000] {processor.py:840} INFO - DAG(s) 'example_dag_decorator' retrieved from /home/airflow/.local/lib/python3.10/site-packages/airflow/example_dags/example_dag_decorator.py
[2024-07-11T08:39:32.476+0000] {logging_mixin.py:188} INFO - [2024-07-11T08:39:32.476+0000] {dagbag.py:662} DEBUG - Running dagbag.sync_to_db with retries. Try 1 of 3
[2024-07-11T08:39:32.476+0000] {logging_mixin.py:188} INFO - [2024-07-11T08:39:32.476+0000] {dagbag.py:667} DEBUG - Calling the DAG.bulk_sync_to_db method
[2024-07-11T08:39:32.483+0000] {logging_mixin.py:188} INFO - [2024-07-11T08:39:32.483+0000] {serialized_dag.py:165} DEBUG - Checking if DAG (example_dag_decorator) changed
[2024-07-11T08:39:32.487+0000] {logging_mixin.py:188} INFO - [2024-07-11T08:39:32.486+0000] {serialized_objects.py:529} DEBUG - Cast type <class 'airflow.models.param.ParamsDict'> to str in serialization.
[2024-07-11T08:39:32.488+0000] {logging_mixin.py:188} INFO - [2024-07-11T08:39:32.488+0000] {serialized_objects.py:529} DEBUG - Cast type <class 'airflow.models.param.ParamsDict'> to str in serialization.
[2024-07-11T08:39:32.490+0000] {logging_mixin.py:188} INFO - [2024-07-11T08:39:32.489+0000] {serialized_objects.py:529} DEBUG - Cast type <class 'airflow.models.param.ParamsDict'> to str in serialization.
[2024-07-11T08:39:32.494+0000] {logging_mixin.py:188} INFO - [2024-07-11T08:39:32.494+0000] {serialized_dag.py:179} DEBUG - Writing Serialized DAG: example_dag_decorator to the DB
[2024-07-11T08:39:32.496+0000] {logging_mixin.py:188} INFO - [2024-07-11T08:39:32.496+0000] {serialized_dag.py:181} DEBUG - DAG: example_dag_decorator written to the DB
[2024-07-11T08:39:32.497+0000] {logging_mixin.py:188} INFO - [2024-07-11T08:39:32.496+0000] {dagbag.py:696} DEBUG - Syncing DAG permissions: example_dag_decorator to the DB
[2024-07-11T08:39:32.553+0000] {logging_mixin.py:188} INFO - [2024-07-11T08:39:32.553+0000] {override.py:1034} DEBUG - Not syncing DAG-level permissions for DAG 'DAG:example_dag_decorator' as access control is unset.
[2024-07-11T08:39:32.554+0000] {logging_mixin.py:188} INFO - [2024-07-11T08:39:32.553+0000] {dag.py:3047} INFO - Sync 1 DAGs
[2024-07-11T08:39:32.561+0000] {logging_mixin.py:188} INFO - [2024-07-11T08:39:32.561+0000] {dag.py:3834} INFO - Setting next_dagrun for example_dag_decorator to None, run_after=None
[2024-07-11T08:39:32.574+0000] {processor.py:183} INFO - Processing /home/airflow/.local/lib/python3.10/site-packages/airflow/example_dags/example_dag_decorator.py took 0.173 seconds
[2024-07-11T08:40:02.604+0000] {logging_mixin.py:188} INFO - [2024-07-11T08:40:02.603+0000] {settings.py:249} DEBUG - Setting up DB connection pool (PID 412)
[2024-07-11T08:40:02.604+0000] {logging_mixin.py:188} INFO - [2024-07-11T08:40:02.604+0000] {settings.py:350} DEBUG - settings.prepare_engine_args(): Using pool settings. pool_size=5, max_overflow=10, pool_recycle=1800, pid=412
[2024-07-11T08:40:02.606+0000] {processor.py:161} INFO - Started process (PID=412) to work on /home/airflow/.local/lib/python3.10/site-packages/airflow/example_dags/example_dag_decorator.py
[2024-07-11T08:40:02.607+0000] {processor.py:830} INFO - Processing file /home/airflow/.local/lib/python3.10/site-packages/airflow/example_dags/example_dag_decorator.py for tasks to queue
[2024-07-11T08:40:02.607+0000] {logging_mixin.py:188} INFO - [2024-07-11T08:40:02.607+0000] {dagbag.py:540} INFO - Filling up the DagBag from /home/airflow/.local/lib/python3.10/site-packages/airflow/example_dags/example_dag_decorator.py
[2024-07-11T08:40:02.608+0000] {logging_mixin.py:188} INFO - [2024-07-11T08:40:02.608+0000] {dagbag.py:332} DEBUG - Importing /home/airflow/.local/lib/python3.10/site-packages/airflow/example_dags/example_dag_decorator.py
[2024-07-11T08:40:02.669+0000] {logging_mixin.py:188} INFO - [2024-07-11T08:40:02.669+0000] {dagbag.py:506} DEBUG - Loaded DAG <DAG: example_dag_decorator>
[2024-07-11T08:40:02.669+0000] {processor.py:840} INFO - DAG(s) 'example_dag_decorator' retrieved from /home/airflow/.local/lib/python3.10/site-packages/airflow/example_dags/example_dag_decorator.py
[2024-07-11T08:40:02.670+0000] {logging_mixin.py:188} INFO - [2024-07-11T08:40:02.670+0000] {dagbag.py:662} DEBUG - Running dagbag.sync_to_db with retries. Try 1 of 3
[2024-07-11T08:40:02.670+0000] {logging_mixin.py:188} INFO - [2024-07-11T08:40:02.670+0000] {dagbag.py:667} DEBUG - Calling the DAG.bulk_sync_to_db method
[2024-07-11T08:40:02.677+0000] {logging_mixin.py:188} INFO - [2024-07-11T08:40:02.677+0000] {serialized_dag.py:165} DEBUG - Checking if DAG (example_dag_decorator) changed
[2024-07-11T08:40:02.680+0000] {logging_mixin.py:188} INFO - [2024-07-11T08:40:02.680+0000] {serialized_objects.py:529} DEBUG - Cast type <class 'airflow.models.param.ParamsDict'> to str in serialization.
[2024-07-11T08:40:02.681+0000] {logging_mixin.py:188} INFO - [2024-07-11T08:40:02.681+0000] {serialized_objects.py:529} DEBUG - Cast type <class 'airflow.models.param.ParamsDict'> to str in serialization.
[2024-07-11T08:40:02.683+0000] {logging_mixin.py:188} INFO - [2024-07-11T08:40:02.682+0000] {serialized_objects.py:529} DEBUG - Cast type <class 'airflow.models.param.ParamsDict'> to str in serialization.
[2024-07-11T08:40:02.686+0000] {logging_mixin.py:188} INFO - [2024-07-11T08:40:02.686+0000] {serialized_dag.py:179} DEBUG - Writing Serialized DAG: example_dag_decorator to the DB
[2024-07-11T08:40:02.689+0000] {logging_mixin.py:188} INFO - [2024-07-11T08:40:02.688+0000] {serialized_dag.py:181} DEBUG - DAG: example_dag_decorator written to the DB
[2024-07-11T08:40:02.689+0000] {logging_mixin.py:188} INFO - [2024-07-11T08:40:02.689+0000] {dagbag.py:696} DEBUG - Syncing DAG permissions: example_dag_decorator to the DB
[2024-07-11T08:40:02.747+0000] {logging_mixin.py:188} INFO - [2024-07-11T08:40:02.747+0000] {override.py:1034} DEBUG - Not syncing DAG-level permissions for DAG 'DAG:example_dag_decorator' as access control is unset.
[2024-07-11T08:40:02.747+0000] {logging_mixin.py:188} INFO - [2024-07-11T08:40:02.747+0000] {dag.py:3047} INFO - Sync 1 DAGs
[2024-07-11T08:40:02.755+0000] {logging_mixin.py:188} INFO - [2024-07-11T08:40:02.755+0000] {dag.py:3834} INFO - Setting next_dagrun for example_dag_decorator to None, run_after=None
[2024-07-11T08:40:02.769+0000] {processor.py:183} INFO - Processing /home/airflow/.local/lib/python3.10/site-packages/airflow/example_dags/example_dag_decorator.py took 0.166 seconds
[2024-07-11T08:41:13.528+0000] {logging_mixin.py:188} INFO - [2024-07-11T08:41:13.527+0000] {settings.py:249} DEBUG - Setting up DB connection pool (PID 70)
[2024-07-11T08:41:13.529+0000] {logging_mixin.py:188} INFO - [2024-07-11T08:41:13.529+0000] {settings.py:350} DEBUG - settings.prepare_engine_args(): Using pool settings. pool_size=5, max_overflow=10, pool_recycle=1800, pid=70
[2024-07-11T08:41:13.531+0000] {processor.py:161} INFO - Started process (PID=70) to work on /home/airflow/.local/lib/python3.10/site-packages/airflow/example_dags/example_dag_decorator.py
[2024-07-11T08:41:13.531+0000] {processor.py:830} INFO - Processing file /home/airflow/.local/lib/python3.10/site-packages/airflow/example_dags/example_dag_decorator.py for tasks to queue
[2024-07-11T08:41:13.532+0000] {logging_mixin.py:188} INFO - [2024-07-11T08:41:13.532+0000] {dagbag.py:540} INFO - Filling up the DagBag from /home/airflow/.local/lib/python3.10/site-packages/airflow/example_dags/example_dag_decorator.py
[2024-07-11T08:41:13.533+0000] {logging_mixin.py:188} INFO - [2024-07-11T08:41:13.533+0000] {dagbag.py:332} DEBUG - Importing /home/airflow/.local/lib/python3.10/site-packages/airflow/example_dags/example_dag_decorator.py
[2024-07-11T08:41:13.760+0000] {logging_mixin.py:188} INFO - [2024-07-11T08:41:13.760+0000] {dagbag.py:506} DEBUG - Loaded DAG <DAG: example_dag_decorator>
[2024-07-11T08:41:13.761+0000] {processor.py:840} INFO - DAG(s) 'example_dag_decorator' retrieved from /home/airflow/.local/lib/python3.10/site-packages/airflow/example_dags/example_dag_decorator.py
[2024-07-11T08:41:13.762+0000] {logging_mixin.py:188} INFO - [2024-07-11T08:41:13.761+0000] {dagbag.py:662} DEBUG - Running dagbag.sync_to_db with retries. Try 1 of 3
[2024-07-11T08:41:13.762+0000] {logging_mixin.py:188} INFO - [2024-07-11T08:41:13.762+0000] {dagbag.py:667} DEBUG - Calling the DAG.bulk_sync_to_db method
[2024-07-11T08:41:13.771+0000] {logging_mixin.py:188} INFO - [2024-07-11T08:41:13.770+0000] {dag.py:3047} INFO - Sync 1 DAGs
[2024-07-11T08:41:13.781+0000] {logging_mixin.py:188} INFO - [2024-07-11T08:41:13.781+0000] {dag.py:3834} INFO - Setting next_dagrun for example_dag_decorator to None, run_after=None
[2024-07-11T08:41:13.798+0000] {processor.py:183} INFO - Processing /home/airflow/.local/lib/python3.10/site-packages/airflow/example_dags/example_dag_decorator.py took 0.271 seconds
[2024-07-11T08:41:45.302+0000] {logging_mixin.py:188} INFO - [2024-07-11T08:41:45.302+0000] {settings.py:249} DEBUG - Setting up DB connection pool (PID 126)
[2024-07-11T08:41:45.303+0000] {logging_mixin.py:188} INFO - [2024-07-11T08:41:45.303+0000] {settings.py:350} DEBUG - settings.prepare_engine_args(): Using pool settings. pool_size=5, max_overflow=10, pool_recycle=1800, pid=126
[2024-07-11T08:41:45.304+0000] {processor.py:161} INFO - Started process (PID=126) to work on /home/airflow/.local/lib/python3.10/site-packages/airflow/example_dags/example_dag_decorator.py
[2024-07-11T08:41:45.305+0000] {processor.py:830} INFO - Processing file /home/airflow/.local/lib/python3.10/site-packages/airflow/example_dags/example_dag_decorator.py for tasks to queue
[2024-07-11T08:41:45.305+0000] {logging_mixin.py:188} INFO - [2024-07-11T08:41:45.305+0000] {dagbag.py:540} INFO - Filling up the DagBag from /home/airflow/.local/lib/python3.10/site-packages/airflow/example_dags/example_dag_decorator.py
[2024-07-11T08:41:45.306+0000] {logging_mixin.py:188} INFO - [2024-07-11T08:41:45.306+0000] {dagbag.py:332} DEBUG - Importing /home/airflow/.local/lib/python3.10/site-packages/airflow/example_dags/example_dag_decorator.py
[2024-07-11T08:41:45.375+0000] {logging_mixin.py:188} INFO - [2024-07-11T08:41:45.373+0000] {dagbag.py:506} DEBUG - Loaded DAG <DAG: example_dag_decorator>
[2024-07-11T08:41:45.375+0000] {processor.py:840} INFO - DAG(s) 'example_dag_decorator' retrieved from /home/airflow/.local/lib/python3.10/site-packages/airflow/example_dags/example_dag_decorator.py
[2024-07-11T08:41:45.376+0000] {logging_mixin.py:188} INFO - [2024-07-11T08:41:45.375+0000] {dagbag.py:662} DEBUG - Running dagbag.sync_to_db with retries. Try 1 of 3
[2024-07-11T08:41:45.376+0000] {logging_mixin.py:188} INFO - [2024-07-11T08:41:45.376+0000] {dagbag.py:667} DEBUG - Calling the DAG.bulk_sync_to_db method
[2024-07-11T08:41:45.384+0000] {logging_mixin.py:188} INFO - [2024-07-11T08:41:45.384+0000] {serialized_dag.py:165} DEBUG - Checking if DAG (example_dag_decorator) changed
[2024-07-11T08:41:45.387+0000] {logging_mixin.py:188} INFO - [2024-07-11T08:41:45.387+0000] {serialized_objects.py:529} DEBUG - Cast type <class 'airflow.models.param.ParamsDict'> to str in serialization.
[2024-07-11T08:41:45.389+0000] {logging_mixin.py:188} INFO - [2024-07-11T08:41:45.389+0000] {serialized_objects.py:529} DEBUG - Cast type <class 'airflow.models.param.ParamsDict'> to str in serialization.
[2024-07-11T08:41:45.390+0000] {logging_mixin.py:188} INFO - [2024-07-11T08:41:45.390+0000] {serialized_objects.py:529} DEBUG - Cast type <class 'airflow.models.param.ParamsDict'> to str in serialization.
[2024-07-11T08:41:45.395+0000] {logging_mixin.py:188} INFO - [2024-07-11T08:41:45.394+0000] {serialized_dag.py:179} DEBUG - Writing Serialized DAG: example_dag_decorator to the DB
[2024-07-11T08:41:45.398+0000] {logging_mixin.py:188} INFO - [2024-07-11T08:41:45.397+0000] {serialized_dag.py:181} DEBUG - DAG: example_dag_decorator written to the DB
[2024-07-11T08:41:45.398+0000] {logging_mixin.py:188} INFO - [2024-07-11T08:41:45.398+0000] {dagbag.py:696} DEBUG - Syncing DAG permissions: example_dag_decorator to the DB
[2024-07-11T08:41:45.456+0000] {logging_mixin.py:188} INFO - [2024-07-11T08:41:45.456+0000] {override.py:1034} DEBUG - Not syncing DAG-level permissions for DAG 'DAG:example_dag_decorator' as access control is unset.
[2024-07-11T08:41:45.457+0000] {logging_mixin.py:188} INFO - [2024-07-11T08:41:45.457+0000] {dag.py:3047} INFO - Sync 1 DAGs
[2024-07-11T08:41:45.464+0000] {logging_mixin.py:188} INFO - [2024-07-11T08:41:45.464+0000] {dag.py:3834} INFO - Setting next_dagrun for example_dag_decorator to None, run_after=None
[2024-07-11T08:41:45.478+0000] {processor.py:183} INFO - Processing /home/airflow/.local/lib/python3.10/site-packages/airflow/example_dags/example_dag_decorator.py took 0.177 seconds
[2024-07-11T08:42:16.327+0000] {logging_mixin.py:188} INFO - [2024-07-11T08:42:16.327+0000] {settings.py:249} DEBUG - Setting up DB connection pool (PID 182)
[2024-07-11T08:42:16.333+0000] {logging_mixin.py:188} INFO - [2024-07-11T08:42:16.333+0000] {settings.py:350} DEBUG - settings.prepare_engine_args(): Using pool settings. pool_size=5, max_overflow=10, pool_recycle=1800, pid=182
[2024-07-11T08:42:16.335+0000] {processor.py:161} INFO - Started process (PID=182) to work on /home/airflow/.local/lib/python3.10/site-packages/airflow/example_dags/example_dag_decorator.py
[2024-07-11T08:42:16.335+0000] {processor.py:830} INFO - Processing file /home/airflow/.local/lib/python3.10/site-packages/airflow/example_dags/example_dag_decorator.py for tasks to queue
[2024-07-11T08:42:16.335+0000] {logging_mixin.py:188} INFO - [2024-07-11T08:42:16.335+0000] {dagbag.py:540} INFO - Filling up the DagBag from /home/airflow/.local/lib/python3.10/site-packages/airflow/example_dags/example_dag_decorator.py
[2024-07-11T08:42:16.336+0000] {logging_mixin.py:188} INFO - [2024-07-11T08:42:16.336+0000] {dagbag.py:332} DEBUG - Importing /home/airflow/.local/lib/python3.10/site-packages/airflow/example_dags/example_dag_decorator.py
[2024-07-11T08:42:16.394+0000] {logging_mixin.py:188} INFO - [2024-07-11T08:42:16.393+0000] {dagbag.py:506} DEBUG - Loaded DAG <DAG: example_dag_decorator>
[2024-07-11T08:42:16.394+0000] {processor.py:840} INFO - DAG(s) 'example_dag_decorator' retrieved from /home/airflow/.local/lib/python3.10/site-packages/airflow/example_dags/example_dag_decorator.py
[2024-07-11T08:42:16.394+0000] {logging_mixin.py:188} INFO - [2024-07-11T08:42:16.394+0000] {dagbag.py:662} DEBUG - Running dagbag.sync_to_db with retries. Try 1 of 3
[2024-07-11T08:42:16.395+0000] {logging_mixin.py:188} INFO - [2024-07-11T08:42:16.395+0000] {dagbag.py:667} DEBUG - Calling the DAG.bulk_sync_to_db method
[2024-07-11T08:42:16.402+0000] {logging_mixin.py:188} INFO - [2024-07-11T08:42:16.402+0000] {serialized_dag.py:165} DEBUG - Checking if DAG (example_dag_decorator) changed
[2024-07-11T08:42:16.405+0000] {logging_mixin.py:188} INFO - [2024-07-11T08:42:16.404+0000] {serialized_objects.py:529} DEBUG - Cast type <class 'airflow.models.param.ParamsDict'> to str in serialization.
[2024-07-11T08:42:16.406+0000] {logging_mixin.py:188} INFO - [2024-07-11T08:42:16.406+0000] {serialized_objects.py:529} DEBUG - Cast type <class 'airflow.models.param.ParamsDict'> to str in serialization.
[2024-07-11T08:42:16.408+0000] {logging_mixin.py:188} INFO - [2024-07-11T08:42:16.407+0000] {serialized_objects.py:529} DEBUG - Cast type <class 'airflow.models.param.ParamsDict'> to str in serialization.
[2024-07-11T08:42:16.412+0000] {logging_mixin.py:188} INFO - [2024-07-11T08:42:16.412+0000] {serialized_dag.py:179} DEBUG - Writing Serialized DAG: example_dag_decorator to the DB
[2024-07-11T08:42:16.414+0000] {logging_mixin.py:188} INFO - [2024-07-11T08:42:16.414+0000] {serialized_dag.py:181} DEBUG - DAG: example_dag_decorator written to the DB
[2024-07-11T08:42:16.415+0000] {logging_mixin.py:188} INFO - [2024-07-11T08:42:16.415+0000] {dagbag.py:696} DEBUG - Syncing DAG permissions: example_dag_decorator to the DB
[2024-07-11T08:42:16.475+0000] {logging_mixin.py:188} INFO - [2024-07-11T08:42:16.474+0000] {override.py:1034} DEBUG - Not syncing DAG-level permissions for DAG 'DAG:example_dag_decorator' as access control is unset.
[2024-07-11T08:42:16.475+0000] {logging_mixin.py:188} INFO - [2024-07-11T08:42:16.475+0000] {dag.py:3047} INFO - Sync 1 DAGs
[2024-07-11T08:42:16.483+0000] {logging_mixin.py:188} INFO - [2024-07-11T08:42:16.483+0000] {dag.py:3834} INFO - Setting next_dagrun for example_dag_decorator to None, run_after=None
[2024-07-11T08:42:16.495+0000] {processor.py:183} INFO - Processing /home/airflow/.local/lib/python3.10/site-packages/airflow/example_dags/example_dag_decorator.py took 0.169 seconds
[2024-07-11T08:42:46.540+0000] {logging_mixin.py:188} INFO - [2024-07-11T08:42:46.539+0000] {settings.py:249} DEBUG - Setting up DB connection pool (PID 238)
[2024-07-11T08:42:46.547+0000] {logging_mixin.py:188} INFO - [2024-07-11T08:42:46.546+0000] {settings.py:350} DEBUG - settings.prepare_engine_args(): Using pool settings. pool_size=5, max_overflow=10, pool_recycle=1800, pid=238
[2024-07-11T08:42:46.554+0000] {processor.py:161} INFO - Started process (PID=238) to work on /home/airflow/.local/lib/python3.10/site-packages/airflow/example_dags/example_dag_decorator.py
[2024-07-11T08:42:46.556+0000] {processor.py:830} INFO - Processing file /home/airflow/.local/lib/python3.10/site-packages/airflow/example_dags/example_dag_decorator.py for tasks to queue
[2024-07-11T08:42:46.557+0000] {logging_mixin.py:188} INFO - [2024-07-11T08:42:46.557+0000] {dagbag.py:540} INFO - Filling up the DagBag from /home/airflow/.local/lib/python3.10/site-packages/airflow/example_dags/example_dag_decorator.py
[2024-07-11T08:42:46.561+0000] {logging_mixin.py:188} INFO - [2024-07-11T08:42:46.560+0000] {dagbag.py:332} DEBUG - Importing /home/airflow/.local/lib/python3.10/site-packages/airflow/example_dags/example_dag_decorator.py
[2024-07-11T08:42:46.659+0000] {logging_mixin.py:188} INFO - [2024-07-11T08:42:46.658+0000] {dagbag.py:506} DEBUG - Loaded DAG <DAG: example_dag_decorator>
[2024-07-11T08:42:46.659+0000] {processor.py:840} INFO - DAG(s) 'example_dag_decorator' retrieved from /home/airflow/.local/lib/python3.10/site-packages/airflow/example_dags/example_dag_decorator.py
[2024-07-11T08:42:46.660+0000] {logging_mixin.py:188} INFO - [2024-07-11T08:42:46.659+0000] {dagbag.py:662} DEBUG - Running dagbag.sync_to_db with retries. Try 1 of 3
[2024-07-11T08:42:46.660+0000] {logging_mixin.py:188} INFO - [2024-07-11T08:42:46.660+0000] {dagbag.py:667} DEBUG - Calling the DAG.bulk_sync_to_db method
[2024-07-11T08:42:46.667+0000] {logging_mixin.py:188} INFO - [2024-07-11T08:42:46.667+0000] {serialized_dag.py:165} DEBUG - Checking if DAG (example_dag_decorator) changed
[2024-07-11T08:42:46.669+0000] {logging_mixin.py:188} INFO - [2024-07-11T08:42:46.669+0000] {serialized_objects.py:529} DEBUG - Cast type <class 'airflow.models.param.ParamsDict'> to str in serialization.
[2024-07-11T08:42:46.671+0000] {logging_mixin.py:188} INFO - [2024-07-11T08:42:46.671+0000] {serialized_objects.py:529} DEBUG - Cast type <class 'airflow.models.param.ParamsDict'> to str in serialization.
[2024-07-11T08:42:46.672+0000] {logging_mixin.py:188} INFO - [2024-07-11T08:42:46.672+0000] {serialized_objects.py:529} DEBUG - Cast type <class 'airflow.models.param.ParamsDict'> to str in serialization.
[2024-07-11T08:42:46.675+0000] {logging_mixin.py:188} INFO - [2024-07-11T08:42:46.675+0000] {serialized_dag.py:179} DEBUG - Writing Serialized DAG: example_dag_decorator to the DB
[2024-07-11T08:42:46.678+0000] {logging_mixin.py:188} INFO - [2024-07-11T08:42:46.678+0000] {serialized_dag.py:181} DEBUG - DAG: example_dag_decorator written to the DB
[2024-07-11T08:42:46.678+0000] {logging_mixin.py:188} INFO - [2024-07-11T08:42:46.678+0000] {dagbag.py:696} DEBUG - Syncing DAG permissions: example_dag_decorator to the DB
[2024-07-11T08:42:46.733+0000] {logging_mixin.py:188} INFO - [2024-07-11T08:42:46.733+0000] {override.py:1034} DEBUG - Not syncing DAG-level permissions for DAG 'DAG:example_dag_decorator' as access control is unset.
[2024-07-11T08:42:46.733+0000] {logging_mixin.py:188} INFO - [2024-07-11T08:42:46.733+0000] {dag.py:3047} INFO - Sync 1 DAGs
[2024-07-11T08:42:46.740+0000] {logging_mixin.py:188} INFO - [2024-07-11T08:42:46.740+0000] {dag.py:3834} INFO - Setting next_dagrun for example_dag_decorator to None, run_after=None
[2024-07-11T08:42:46.753+0000] {processor.py:183} INFO - Processing /home/airflow/.local/lib/python3.10/site-packages/airflow/example_dags/example_dag_decorator.py took 0.214 seconds
[2024-07-11T08:43:16.846+0000] {logging_mixin.py:188} INFO - [2024-07-11T08:43:16.846+0000] {settings.py:249} DEBUG - Setting up DB connection pool (PID 294)
[2024-07-11T08:43:16.852+0000] {logging_mixin.py:188} INFO - [2024-07-11T08:43:16.852+0000] {settings.py:350} DEBUG - settings.prepare_engine_args(): Using pool settings. pool_size=5, max_overflow=10, pool_recycle=1800, pid=294
[2024-07-11T08:43:16.854+0000] {processor.py:161} INFO - Started process (PID=294) to work on /home/airflow/.local/lib/python3.10/site-packages/airflow/example_dags/example_dag_decorator.py
[2024-07-11T08:43:16.854+0000] {processor.py:830} INFO - Processing file /home/airflow/.local/lib/python3.10/site-packages/airflow/example_dags/example_dag_decorator.py for tasks to queue
[2024-07-11T08:43:16.854+0000] {logging_mixin.py:188} INFO - [2024-07-11T08:43:16.854+0000] {dagbag.py:540} INFO - Filling up the DagBag from /home/airflow/.local/lib/python3.10/site-packages/airflow/example_dags/example_dag_decorator.py
[2024-07-11T08:43:16.855+0000] {logging_mixin.py:188} INFO - [2024-07-11T08:43:16.855+0000] {dagbag.py:332} DEBUG - Importing /home/airflow/.local/lib/python3.10/site-packages/airflow/example_dags/example_dag_decorator.py
[2024-07-11T08:43:16.921+0000] {logging_mixin.py:188} INFO - [2024-07-11T08:43:16.921+0000] {dagbag.py:506} DEBUG - Loaded DAG <DAG: example_dag_decorator>
[2024-07-11T08:43:16.921+0000] {processor.py:840} INFO - DAG(s) 'example_dag_decorator' retrieved from /home/airflow/.local/lib/python3.10/site-packages/airflow/example_dags/example_dag_decorator.py
[2024-07-11T08:43:16.922+0000] {logging_mixin.py:188} INFO - [2024-07-11T08:43:16.922+0000] {dagbag.py:662} DEBUG - Running dagbag.sync_to_db with retries. Try 1 of 3
[2024-07-11T08:43:16.922+0000] {logging_mixin.py:188} INFO - [2024-07-11T08:43:16.922+0000] {dagbag.py:667} DEBUG - Calling the DAG.bulk_sync_to_db method
[2024-07-11T08:43:16.930+0000] {logging_mixin.py:188} INFO - [2024-07-11T08:43:16.930+0000] {serialized_dag.py:165} DEBUG - Checking if DAG (example_dag_decorator) changed
[2024-07-11T08:43:16.933+0000] {logging_mixin.py:188} INFO - [2024-07-11T08:43:16.932+0000] {serialized_objects.py:529} DEBUG - Cast type <class 'airflow.models.param.ParamsDict'> to str in serialization.
[2024-07-11T08:43:16.934+0000] {logging_mixin.py:188} INFO - [2024-07-11T08:43:16.934+0000] {serialized_objects.py:529} DEBUG - Cast type <class 'airflow.models.param.ParamsDict'> to str in serialization.
[2024-07-11T08:43:16.935+0000] {logging_mixin.py:188} INFO - [2024-07-11T08:43:16.935+0000] {serialized_objects.py:529} DEBUG - Cast type <class 'airflow.models.param.ParamsDict'> to str in serialization.
[2024-07-11T08:43:16.940+0000] {logging_mixin.py:188} INFO - [2024-07-11T08:43:16.939+0000] {serialized_dag.py:176} DEBUG - Serialized DAG (example_dag_decorator) is unchanged. Skipping writing to DB
[2024-07-11T08:43:16.940+0000] {logging_mixin.py:188} INFO - [2024-07-11T08:43:16.940+0000] {dag.py:3047} INFO - Sync 1 DAGs
[2024-07-11T08:43:16.951+0000] {logging_mixin.py:188} INFO - [2024-07-11T08:43:16.951+0000] {dag.py:3834} INFO - Setting next_dagrun for example_dag_decorator to None, run_after=None
[2024-07-11T08:43:16.964+0000] {processor.py:183} INFO - Processing /home/airflow/.local/lib/python3.10/site-packages/airflow/example_dags/example_dag_decorator.py took 0.118 seconds
[2024-07-11T08:43:46.986+0000] {logging_mixin.py:188} INFO - [2024-07-11T08:43:46.985+0000] {settings.py:249} DEBUG - Setting up DB connection pool (PID 350)
[2024-07-11T08:43:46.991+0000] {logging_mixin.py:188} INFO - [2024-07-11T08:43:46.991+0000] {settings.py:350} DEBUG - settings.prepare_engine_args(): Using pool settings. pool_size=5, max_overflow=10, pool_recycle=1800, pid=350
[2024-07-11T08:43:46.993+0000] {processor.py:161} INFO - Started process (PID=350) to work on /home/airflow/.local/lib/python3.10/site-packages/airflow/example_dags/example_dag_decorator.py
[2024-07-11T08:43:46.993+0000] {processor.py:830} INFO - Processing file /home/airflow/.local/lib/python3.10/site-packages/airflow/example_dags/example_dag_decorator.py for tasks to queue
[2024-07-11T08:43:46.994+0000] {logging_mixin.py:188} INFO - [2024-07-11T08:43:46.994+0000] {dagbag.py:540} INFO - Filling up the DagBag from /home/airflow/.local/lib/python3.10/site-packages/airflow/example_dags/example_dag_decorator.py
[2024-07-11T08:43:46.995+0000] {logging_mixin.py:188} INFO - [2024-07-11T08:43:46.995+0000] {dagbag.py:332} DEBUG - Importing /home/airflow/.local/lib/python3.10/site-packages/airflow/example_dags/example_dag_decorator.py
[2024-07-11T08:43:47.075+0000] {logging_mixin.py:188} INFO - [2024-07-11T08:43:47.074+0000] {dagbag.py:506} DEBUG - Loaded DAG <DAG: example_dag_decorator>
[2024-07-11T08:43:47.075+0000] {processor.py:840} INFO - DAG(s) 'example_dag_decorator' retrieved from /home/airflow/.local/lib/python3.10/site-packages/airflow/example_dags/example_dag_decorator.py
[2024-07-11T08:43:47.076+0000] {logging_mixin.py:188} INFO - [2024-07-11T08:43:47.076+0000] {dagbag.py:662} DEBUG - Running dagbag.sync_to_db with retries. Try 1 of 3
[2024-07-11T08:43:47.076+0000] {logging_mixin.py:188} INFO - [2024-07-11T08:43:47.076+0000] {dagbag.py:667} DEBUG - Calling the DAG.bulk_sync_to_db method
[2024-07-11T08:43:47.084+0000] {logging_mixin.py:188} INFO - [2024-07-11T08:43:47.084+0000] {serialized_dag.py:165} DEBUG - Checking if DAG (example_dag_decorator) changed
[2024-07-11T08:43:47.087+0000] {logging_mixin.py:188} INFO - [2024-07-11T08:43:47.087+0000] {serialized_objects.py:529} DEBUG - Cast type <class 'airflow.models.param.ParamsDict'> to str in serialization.
[2024-07-11T08:43:47.089+0000] {logging_mixin.py:188} INFO - [2024-07-11T08:43:47.089+0000] {serialized_objects.py:529} DEBUG - Cast type <class 'airflow.models.param.ParamsDict'> to str in serialization.
[2024-07-11T08:43:47.090+0000] {logging_mixin.py:188} INFO - [2024-07-11T08:43:47.090+0000] {serialized_objects.py:529} DEBUG - Cast type <class 'airflow.models.param.ParamsDict'> to str in serialization.
[2024-07-11T08:43:47.094+0000] {logging_mixin.py:188} INFO - [2024-07-11T08:43:47.094+0000] {serialized_dag.py:179} DEBUG - Writing Serialized DAG: example_dag_decorator to the DB
[2024-07-11T08:43:47.097+0000] {logging_mixin.py:188} INFO - [2024-07-11T08:43:47.096+0000] {serialized_dag.py:181} DEBUG - DAG: example_dag_decorator written to the DB
[2024-07-11T08:43:47.097+0000] {logging_mixin.py:188} INFO - [2024-07-11T08:43:47.097+0000] {dagbag.py:696} DEBUG - Syncing DAG permissions: example_dag_decorator to the DB
[2024-07-11T08:43:47.160+0000] {logging_mixin.py:188} INFO - [2024-07-11T08:43:47.160+0000] {override.py:1034} DEBUG - Not syncing DAG-level permissions for DAG 'DAG:example_dag_decorator' as access control is unset.
[2024-07-11T08:43:47.161+0000] {logging_mixin.py:188} INFO - [2024-07-11T08:43:47.161+0000] {dag.py:3047} INFO - Sync 1 DAGs
[2024-07-11T08:43:47.170+0000] {logging_mixin.py:188} INFO - [2024-07-11T08:43:47.169+0000] {dag.py:3834} INFO - Setting next_dagrun for example_dag_decorator to None, run_after=None
[2024-07-11T08:43:47.189+0000] {processor.py:183} INFO - Processing /home/airflow/.local/lib/python3.10/site-packages/airflow/example_dags/example_dag_decorator.py took 0.204 seconds
[2024-07-11T08:44:17.521+0000] {logging_mixin.py:188} INFO - [2024-07-11T08:44:17.520+0000] {settings.py:249} DEBUG - Setting up DB connection pool (PID 412)
[2024-07-11T08:44:17.522+0000] {logging_mixin.py:188} INFO - [2024-07-11T08:44:17.522+0000] {settings.py:350} DEBUG - settings.prepare_engine_args(): Using pool settings. pool_size=5, max_overflow=10, pool_recycle=1800, pid=412
[2024-07-11T08:44:17.526+0000] {processor.py:161} INFO - Started process (PID=412) to work on /home/airflow/.local/lib/python3.10/site-packages/airflow/example_dags/example_dag_decorator.py
[2024-07-11T08:44:17.526+0000] {processor.py:830} INFO - Processing file /home/airflow/.local/lib/python3.10/site-packages/airflow/example_dags/example_dag_decorator.py for tasks to queue
[2024-07-11T08:44:17.526+0000] {logging_mixin.py:188} INFO - [2024-07-11T08:44:17.526+0000] {dagbag.py:540} INFO - Filling up the DagBag from /home/airflow/.local/lib/python3.10/site-packages/airflow/example_dags/example_dag_decorator.py
[2024-07-11T08:44:17.527+0000] {logging_mixin.py:188} INFO - [2024-07-11T08:44:17.527+0000] {dagbag.py:332} DEBUG - Importing /home/airflow/.local/lib/python3.10/site-packages/airflow/example_dags/example_dag_decorator.py
[2024-07-11T08:44:17.595+0000] {logging_mixin.py:188} INFO - [2024-07-11T08:44:17.594+0000] {dagbag.py:506} DEBUG - Loaded DAG <DAG: example_dag_decorator>
[2024-07-11T08:44:17.595+0000] {processor.py:840} INFO - DAG(s) 'example_dag_decorator' retrieved from /home/airflow/.local/lib/python3.10/site-packages/airflow/example_dags/example_dag_decorator.py
[2024-07-11T08:44:17.595+0000] {logging_mixin.py:188} INFO - [2024-07-11T08:44:17.595+0000] {dagbag.py:662} DEBUG - Running dagbag.sync_to_db with retries. Try 1 of 3
[2024-07-11T08:44:17.596+0000] {logging_mixin.py:188} INFO - [2024-07-11T08:44:17.595+0000] {dagbag.py:667} DEBUG - Calling the DAG.bulk_sync_to_db method
[2024-07-11T08:44:17.604+0000] {logging_mixin.py:188} INFO - [2024-07-11T08:44:17.604+0000] {serialized_dag.py:165} DEBUG - Checking if DAG (example_dag_decorator) changed
[2024-07-11T08:44:17.607+0000] {logging_mixin.py:188} INFO - [2024-07-11T08:44:17.607+0000] {serialized_objects.py:529} DEBUG - Cast type <class 'airflow.models.param.ParamsDict'> to str in serialization.
[2024-07-11T08:44:17.609+0000] {logging_mixin.py:188} INFO - [2024-07-11T08:44:17.609+0000] {serialized_objects.py:529} DEBUG - Cast type <class 'airflow.models.param.ParamsDict'> to str in serialization.
[2024-07-11T08:44:17.611+0000] {logging_mixin.py:188} INFO - [2024-07-11T08:44:17.611+0000] {serialized_objects.py:529} DEBUG - Cast type <class 'airflow.models.param.ParamsDict'> to str in serialization.
[2024-07-11T08:44:17.615+0000] {logging_mixin.py:188} INFO - [2024-07-11T08:44:17.615+0000] {serialized_dag.py:179} DEBUG - Writing Serialized DAG: example_dag_decorator to the DB
[2024-07-11T08:44:17.618+0000] {logging_mixin.py:188} INFO - [2024-07-11T08:44:17.618+0000] {serialized_dag.py:181} DEBUG - DAG: example_dag_decorator written to the DB
[2024-07-11T08:44:17.618+0000] {logging_mixin.py:188} INFO - [2024-07-11T08:44:17.618+0000] {dagbag.py:696} DEBUG - Syncing DAG permissions: example_dag_decorator to the DB
[2024-07-11T08:44:17.687+0000] {logging_mixin.py:188} INFO - [2024-07-11T08:44:17.687+0000] {override.py:1034} DEBUG - Not syncing DAG-level permissions for DAG 'DAG:example_dag_decorator' as access control is unset.
[2024-07-11T08:44:17.687+0000] {logging_mixin.py:188} INFO - [2024-07-11T08:44:17.687+0000] {dag.py:3047} INFO - Sync 1 DAGs
[2024-07-11T08:44:17.695+0000] {logging_mixin.py:188} INFO - [2024-07-11T08:44:17.695+0000] {dag.py:3834} INFO - Setting next_dagrun for example_dag_decorator to None, run_after=None
[2024-07-11T08:44:17.710+0000] {processor.py:183} INFO - Processing /home/airflow/.local/lib/python3.10/site-packages/airflow/example_dags/example_dag_decorator.py took 0.189 seconds
[2024-07-11T08:44:47.801+0000] {logging_mixin.py:188} INFO - [2024-07-11T08:44:47.800+0000] {settings.py:249} DEBUG - Setting up DB connection pool (PID 468)
[2024-07-11T08:44:47.806+0000] {logging_mixin.py:188} INFO - [2024-07-11T08:44:47.806+0000] {settings.py:350} DEBUG - settings.prepare_engine_args(): Using pool settings. pool_size=5, max_overflow=10, pool_recycle=1800, pid=468
[2024-07-11T08:44:47.808+0000] {processor.py:161} INFO - Started process (PID=468) to work on /home/airflow/.local/lib/python3.10/site-packages/airflow/example_dags/example_dag_decorator.py
[2024-07-11T08:44:47.808+0000] {processor.py:830} INFO - Processing file /home/airflow/.local/lib/python3.10/site-packages/airflow/example_dags/example_dag_decorator.py for tasks to queue
[2024-07-11T08:44:47.808+0000] {logging_mixin.py:188} INFO - [2024-07-11T08:44:47.808+0000] {dagbag.py:540} INFO - Filling up the DagBag from /home/airflow/.local/lib/python3.10/site-packages/airflow/example_dags/example_dag_decorator.py
[2024-07-11T08:44:47.809+0000] {logging_mixin.py:188} INFO - [2024-07-11T08:44:47.809+0000] {dagbag.py:332} DEBUG - Importing /home/airflow/.local/lib/python3.10/site-packages/airflow/example_dags/example_dag_decorator.py
[2024-07-11T08:44:47.894+0000] {logging_mixin.py:188} INFO - [2024-07-11T08:44:47.893+0000] {dagbag.py:506} DEBUG - Loaded DAG <DAG: example_dag_decorator>
[2024-07-11T08:44:47.894+0000] {processor.py:840} INFO - DAG(s) 'example_dag_decorator' retrieved from /home/airflow/.local/lib/python3.10/site-packages/airflow/example_dags/example_dag_decorator.py
[2024-07-11T08:44:47.895+0000] {logging_mixin.py:188} INFO - [2024-07-11T08:44:47.895+0000] {dagbag.py:662} DEBUG - Running dagbag.sync_to_db with retries. Try 1 of 3
[2024-07-11T08:44:47.895+0000] {logging_mixin.py:188} INFO - [2024-07-11T08:44:47.895+0000] {dagbag.py:667} DEBUG - Calling the DAG.bulk_sync_to_db method
[2024-07-11T08:44:47.903+0000] {logging_mixin.py:188} INFO - [2024-07-11T08:44:47.903+0000] {serialized_dag.py:165} DEBUG - Checking if DAG (example_dag_decorator) changed
[2024-07-11T08:44:47.906+0000] {logging_mixin.py:188} INFO - [2024-07-11T08:44:47.906+0000] {serialized_objects.py:529} DEBUG - Cast type <class 'airflow.models.param.ParamsDict'> to str in serialization.
[2024-07-11T08:44:47.907+0000] {logging_mixin.py:188} INFO - [2024-07-11T08:44:47.907+0000] {serialized_objects.py:529} DEBUG - Cast type <class 'airflow.models.param.ParamsDict'> to str in serialization.
[2024-07-11T08:44:47.909+0000] {logging_mixin.py:188} INFO - [2024-07-11T08:44:47.909+0000] {serialized_objects.py:529} DEBUG - Cast type <class 'airflow.models.param.ParamsDict'> to str in serialization.
[2024-07-11T08:44:47.914+0000] {logging_mixin.py:188} INFO - [2024-07-11T08:44:47.914+0000] {serialized_dag.py:176} DEBUG - Serialized DAG (example_dag_decorator) is unchanged. Skipping writing to DB
[2024-07-11T08:44:47.915+0000] {logging_mixin.py:188} INFO - [2024-07-11T08:44:47.914+0000] {dag.py:3047} INFO - Sync 1 DAGs
[2024-07-11T08:44:47.924+0000] {logging_mixin.py:188} INFO - [2024-07-11T08:44:47.924+0000] {dag.py:3834} INFO - Setting next_dagrun for example_dag_decorator to None, run_after=None
[2024-07-11T08:44:47.940+0000] {processor.py:183} INFO - Processing /home/airflow/.local/lib/python3.10/site-packages/airflow/example_dags/example_dag_decorator.py took 0.140 seconds
