[2024-07-11T08:37:00.562+0000] {logging_mixin.py:188} INFO - [2024-07-11T08:37:00.561+0000] {settings.py:249} DEBUG - Setting up DB connection pool (PID 83)
[2024-07-11T08:37:00.563+0000] {logging_mixin.py:188} INFO - [2024-07-11T08:37:00.562+0000] {settings.py:350} DEBUG - settings.prepare_engine_args(): Using pool settings. pool_size=5, max_overflow=10, pool_recycle=1800, pid=83
[2024-07-11T08:37:00.565+0000] {processor.py:161} INFO - Started process (PID=83) to work on /home/airflow/.local/lib/python3.10/site-packages/airflow/example_dags/example_local_kubernetes_executor.py
[2024-07-11T08:37:00.566+0000] {processor.py:830} INFO - Processing file /home/airflow/.local/lib/python3.10/site-packages/airflow/example_dags/example_local_kubernetes_executor.py for tasks to queue
[2024-07-11T08:37:00.566+0000] {logging_mixin.py:188} INFO - [2024-07-11T08:37:00.566+0000] {dagbag.py:540} INFO - Filling up the DagBag from /home/airflow/.local/lib/python3.10/site-packages/airflow/example_dags/example_local_kubernetes_executor.py
[2024-07-11T08:37:00.568+0000] {logging_mixin.py:188} INFO - [2024-07-11T08:37:00.568+0000] {dagbag.py:332} DEBUG - Importing /home/airflow/.local/lib/python3.10/site-packages/airflow/example_dags/example_local_kubernetes_executor.py
[2024-07-11T08:37:00.578+0000] {logging_mixin.py:188} INFO - [2024-07-11T08:37:00.577+0000] {dagbag.py:506} DEBUG - Loaded DAG <DAG: example_local_kubernetes_executor>
[2024-07-11T08:37:00.578+0000] {processor.py:840} INFO - DAG(s) 'example_local_kubernetes_executor' retrieved from /home/airflow/.local/lib/python3.10/site-packages/airflow/example_dags/example_local_kubernetes_executor.py
[2024-07-11T08:37:00.579+0000] {logging_mixin.py:188} INFO - [2024-07-11T08:37:00.579+0000] {dagbag.py:662} DEBUG - Running dagbag.sync_to_db with retries. Try 1 of 3
[2024-07-11T08:37:00.579+0000] {logging_mixin.py:188} INFO - [2024-07-11T08:37:00.579+0000] {dagbag.py:667} DEBUG - Calling the DAG.bulk_sync_to_db method
[2024-07-11T08:37:00.592+0000] {logging_mixin.py:188} INFO - [2024-07-11T08:37:00.592+0000] {dag.py:3047} INFO - Sync 1 DAGs
[2024-07-11T08:37:00.613+0000] {logging_mixin.py:188} INFO - [2024-07-11T08:37:00.613+0000] {dag.py:3834} INFO - Setting next_dagrun for example_local_kubernetes_executor to None, run_after=None
[2024-07-11T08:37:00.641+0000] {processor.py:183} INFO - Processing /home/airflow/.local/lib/python3.10/site-packages/airflow/example_dags/example_local_kubernetes_executor.py took 0.080 seconds
[2024-07-11T08:37:31.611+0000] {logging_mixin.py:188} INFO - [2024-07-11T08:37:31.611+0000] {settings.py:249} DEBUG - Setting up DB connection pool (PID 145)
[2024-07-11T08:37:31.612+0000] {logging_mixin.py:188} INFO - [2024-07-11T08:37:31.612+0000] {settings.py:350} DEBUG - settings.prepare_engine_args(): Using pool settings. pool_size=5, max_overflow=10, pool_recycle=1800, pid=145
[2024-07-11T08:37:31.614+0000] {processor.py:161} INFO - Started process (PID=145) to work on /home/airflow/.local/lib/python3.10/site-packages/airflow/example_dags/example_local_kubernetes_executor.py
[2024-07-11T08:37:31.614+0000] {processor.py:830} INFO - Processing file /home/airflow/.local/lib/python3.10/site-packages/airflow/example_dags/example_local_kubernetes_executor.py for tasks to queue
[2024-07-11T08:37:31.615+0000] {logging_mixin.py:188} INFO - [2024-07-11T08:37:31.615+0000] {dagbag.py:540} INFO - Filling up the DagBag from /home/airflow/.local/lib/python3.10/site-packages/airflow/example_dags/example_local_kubernetes_executor.py
[2024-07-11T08:37:31.616+0000] {logging_mixin.py:188} INFO - [2024-07-11T08:37:31.615+0000] {dagbag.py:332} DEBUG - Importing /home/airflow/.local/lib/python3.10/site-packages/airflow/example_dags/example_local_kubernetes_executor.py
[2024-07-11T08:37:31.621+0000] {logging_mixin.py:188} INFO - [2024-07-11T08:37:31.621+0000] {dagbag.py:506} DEBUG - Loaded DAG <DAG: example_local_kubernetes_executor>
[2024-07-11T08:37:31.621+0000] {processor.py:840} INFO - DAG(s) 'example_local_kubernetes_executor' retrieved from /home/airflow/.local/lib/python3.10/site-packages/airflow/example_dags/example_local_kubernetes_executor.py
[2024-07-11T08:37:31.622+0000] {logging_mixin.py:188} INFO - [2024-07-11T08:37:31.622+0000] {dagbag.py:662} DEBUG - Running dagbag.sync_to_db with retries. Try 1 of 3
[2024-07-11T08:37:31.622+0000] {logging_mixin.py:188} INFO - [2024-07-11T08:37:31.622+0000] {dagbag.py:667} DEBUG - Calling the DAG.bulk_sync_to_db method
[2024-07-11T08:37:31.630+0000] {logging_mixin.py:188} INFO - [2024-07-11T08:37:31.630+0000] {serialized_dag.py:165} DEBUG - Checking if DAG (example_local_kubernetes_executor) changed
[2024-07-11T08:37:31.648+0000] {logging_mixin.py:188} INFO - [2024-07-11T08:37:31.647+0000] {serialized_dag.py:179} DEBUG - Writing Serialized DAG: example_local_kubernetes_executor to the DB
[2024-07-11T08:37:31.651+0000] {logging_mixin.py:188} INFO - [2024-07-11T08:37:31.650+0000] {serialized_dag.py:181} DEBUG - DAG: example_local_kubernetes_executor written to the DB
[2024-07-11T08:37:31.651+0000] {logging_mixin.py:188} INFO - [2024-07-11T08:37:31.651+0000] {dagbag.py:696} DEBUG - Syncing DAG permissions: example_local_kubernetes_executor to the DB
[2024-07-11T08:37:31.710+0000] {logging_mixin.py:188} INFO - [2024-07-11T08:37:31.709+0000] {override.py:1034} DEBUG - Not syncing DAG-level permissions for DAG 'DAG:example_local_kubernetes_executor' as access control is unset.
[2024-07-11T08:37:31.710+0000] {logging_mixin.py:188} INFO - [2024-07-11T08:37:31.710+0000] {dag.py:3047} INFO - Sync 1 DAGs
[2024-07-11T08:37:31.717+0000] {logging_mixin.py:188} INFO - [2024-07-11T08:37:31.717+0000] {dag.py:3834} INFO - Setting next_dagrun for example_local_kubernetes_executor to None, run_after=None
[2024-07-11T08:37:31.731+0000] {processor.py:183} INFO - Processing /home/airflow/.local/lib/python3.10/site-packages/airflow/example_dags/example_local_kubernetes_executor.py took 0.120 seconds
[2024-07-11T08:38:02.084+0000] {logging_mixin.py:188} INFO - [2024-07-11T08:38:02.084+0000] {settings.py:249} DEBUG - Setting up DB connection pool (PID 201)
[2024-07-11T08:38:02.085+0000] {logging_mixin.py:188} INFO - [2024-07-11T08:38:02.085+0000] {settings.py:350} DEBUG - settings.prepare_engine_args(): Using pool settings. pool_size=5, max_overflow=10, pool_recycle=1800, pid=201
[2024-07-11T08:38:02.087+0000] {processor.py:161} INFO - Started process (PID=201) to work on /home/airflow/.local/lib/python3.10/site-packages/airflow/example_dags/example_local_kubernetes_executor.py
[2024-07-11T08:38:02.087+0000] {processor.py:830} INFO - Processing file /home/airflow/.local/lib/python3.10/site-packages/airflow/example_dags/example_local_kubernetes_executor.py for tasks to queue
[2024-07-11T08:38:02.087+0000] {logging_mixin.py:188} INFO - [2024-07-11T08:38:02.087+0000] {dagbag.py:540} INFO - Filling up the DagBag from /home/airflow/.local/lib/python3.10/site-packages/airflow/example_dags/example_local_kubernetes_executor.py
[2024-07-11T08:38:02.088+0000] {logging_mixin.py:188} INFO - [2024-07-11T08:38:02.088+0000] {dagbag.py:332} DEBUG - Importing /home/airflow/.local/lib/python3.10/site-packages/airflow/example_dags/example_local_kubernetes_executor.py
[2024-07-11T08:38:02.093+0000] {logging_mixin.py:188} INFO - [2024-07-11T08:38:02.093+0000] {dagbag.py:506} DEBUG - Loaded DAG <DAG: example_local_kubernetes_executor>
[2024-07-11T08:38:02.093+0000] {processor.py:840} INFO - DAG(s) 'example_local_kubernetes_executor' retrieved from /home/airflow/.local/lib/python3.10/site-packages/airflow/example_dags/example_local_kubernetes_executor.py
[2024-07-11T08:38:02.094+0000] {logging_mixin.py:188} INFO - [2024-07-11T08:38:02.094+0000] {dagbag.py:662} DEBUG - Running dagbag.sync_to_db with retries. Try 1 of 3
[2024-07-11T08:38:02.094+0000] {logging_mixin.py:188} INFO - [2024-07-11T08:38:02.094+0000] {dagbag.py:667} DEBUG - Calling the DAG.bulk_sync_to_db method
[2024-07-11T08:38:02.102+0000] {logging_mixin.py:188} INFO - [2024-07-11T08:38:02.102+0000] {serialized_dag.py:165} DEBUG - Checking if DAG (example_local_kubernetes_executor) changed
[2024-07-11T08:38:02.119+0000] {logging_mixin.py:188} INFO - [2024-07-11T08:38:02.119+0000] {serialized_dag.py:176} DEBUG - Serialized DAG (example_local_kubernetes_executor) is unchanged. Skipping writing to DB
[2024-07-11T08:38:02.119+0000] {logging_mixin.py:188} INFO - [2024-07-11T08:38:02.119+0000] {dag.py:3047} INFO - Sync 1 DAGs
[2024-07-11T08:38:02.131+0000] {logging_mixin.py:188} INFO - [2024-07-11T08:38:02.131+0000] {dag.py:3834} INFO - Setting next_dagrun for example_local_kubernetes_executor to None, run_after=None
[2024-07-11T08:38:02.145+0000] {processor.py:183} INFO - Processing /home/airflow/.local/lib/python3.10/site-packages/airflow/example_dags/example_local_kubernetes_executor.py took 0.061 seconds
[2024-07-11T08:38:32.312+0000] {logging_mixin.py:188} INFO - [2024-07-11T08:38:32.312+0000] {settings.py:249} DEBUG - Setting up DB connection pool (PID 258)
[2024-07-11T08:38:32.313+0000] {logging_mixin.py:188} INFO - [2024-07-11T08:38:32.312+0000] {settings.py:350} DEBUG - settings.prepare_engine_args(): Using pool settings. pool_size=5, max_overflow=10, pool_recycle=1800, pid=258
[2024-07-11T08:38:32.314+0000] {processor.py:161} INFO - Started process (PID=258) to work on /home/airflow/.local/lib/python3.10/site-packages/airflow/example_dags/example_local_kubernetes_executor.py
[2024-07-11T08:38:32.315+0000] {processor.py:830} INFO - Processing file /home/airflow/.local/lib/python3.10/site-packages/airflow/example_dags/example_local_kubernetes_executor.py for tasks to queue
[2024-07-11T08:38:32.315+0000] {logging_mixin.py:188} INFO - [2024-07-11T08:38:32.315+0000] {dagbag.py:540} INFO - Filling up the DagBag from /home/airflow/.local/lib/python3.10/site-packages/airflow/example_dags/example_local_kubernetes_executor.py
[2024-07-11T08:38:32.316+0000] {logging_mixin.py:188} INFO - [2024-07-11T08:38:32.316+0000] {dagbag.py:332} DEBUG - Importing /home/airflow/.local/lib/python3.10/site-packages/airflow/example_dags/example_local_kubernetes_executor.py
[2024-07-11T08:38:32.321+0000] {logging_mixin.py:188} INFO - [2024-07-11T08:38:32.320+0000] {dagbag.py:506} DEBUG - Loaded DAG <DAG: example_local_kubernetes_executor>
[2024-07-11T08:38:32.321+0000] {processor.py:840} INFO - DAG(s) 'example_local_kubernetes_executor' retrieved from /home/airflow/.local/lib/python3.10/site-packages/airflow/example_dags/example_local_kubernetes_executor.py
[2024-07-11T08:38:32.322+0000] {logging_mixin.py:188} INFO - [2024-07-11T08:38:32.322+0000] {dagbag.py:662} DEBUG - Running dagbag.sync_to_db with retries. Try 1 of 3
[2024-07-11T08:38:32.322+0000] {logging_mixin.py:188} INFO - [2024-07-11T08:38:32.322+0000] {dagbag.py:667} DEBUG - Calling the DAG.bulk_sync_to_db method
[2024-07-11T08:38:32.330+0000] {logging_mixin.py:188} INFO - [2024-07-11T08:38:32.330+0000] {serialized_dag.py:165} DEBUG - Checking if DAG (example_local_kubernetes_executor) changed
[2024-07-11T08:38:32.348+0000] {logging_mixin.py:188} INFO - [2024-07-11T08:38:32.348+0000] {serialized_dag.py:176} DEBUG - Serialized DAG (example_local_kubernetes_executor) is unchanged. Skipping writing to DB
[2024-07-11T08:38:32.348+0000] {logging_mixin.py:188} INFO - [2024-07-11T08:38:32.348+0000] {dag.py:3047} INFO - Sync 1 DAGs
[2024-07-11T08:38:32.359+0000] {logging_mixin.py:188} INFO - [2024-07-11T08:38:32.359+0000] {dag.py:3834} INFO - Setting next_dagrun for example_local_kubernetes_executor to None, run_after=None
[2024-07-11T08:38:32.372+0000] {processor.py:183} INFO - Processing /home/airflow/.local/lib/python3.10/site-packages/airflow/example_dags/example_local_kubernetes_executor.py took 0.061 seconds
[2024-07-11T08:39:02.638+0000] {logging_mixin.py:188} INFO - [2024-07-11T08:39:02.637+0000] {settings.py:249} DEBUG - Setting up DB connection pool (PID 313)
[2024-07-11T08:39:02.638+0000] {logging_mixin.py:188} INFO - [2024-07-11T08:39:02.638+0000] {settings.py:350} DEBUG - settings.prepare_engine_args(): Using pool settings. pool_size=5, max_overflow=10, pool_recycle=1800, pid=313
[2024-07-11T08:39:02.640+0000] {processor.py:161} INFO - Started process (PID=313) to work on /home/airflow/.local/lib/python3.10/site-packages/airflow/example_dags/example_local_kubernetes_executor.py
[2024-07-11T08:39:02.640+0000] {processor.py:830} INFO - Processing file /home/airflow/.local/lib/python3.10/site-packages/airflow/example_dags/example_local_kubernetes_executor.py for tasks to queue
[2024-07-11T08:39:02.641+0000] {logging_mixin.py:188} INFO - [2024-07-11T08:39:02.641+0000] {dagbag.py:540} INFO - Filling up the DagBag from /home/airflow/.local/lib/python3.10/site-packages/airflow/example_dags/example_local_kubernetes_executor.py
[2024-07-11T08:39:02.642+0000] {logging_mixin.py:188} INFO - [2024-07-11T08:39:02.642+0000] {dagbag.py:332} DEBUG - Importing /home/airflow/.local/lib/python3.10/site-packages/airflow/example_dags/example_local_kubernetes_executor.py
[2024-07-11T08:39:02.647+0000] {logging_mixin.py:188} INFO - [2024-07-11T08:39:02.647+0000] {dagbag.py:506} DEBUG - Loaded DAG <DAG: example_local_kubernetes_executor>
[2024-07-11T08:39:02.648+0000] {processor.py:840} INFO - DAG(s) 'example_local_kubernetes_executor' retrieved from /home/airflow/.local/lib/python3.10/site-packages/airflow/example_dags/example_local_kubernetes_executor.py
[2024-07-11T08:39:02.648+0000] {logging_mixin.py:188} INFO - [2024-07-11T08:39:02.648+0000] {dagbag.py:662} DEBUG - Running dagbag.sync_to_db with retries. Try 1 of 3
[2024-07-11T08:39:02.649+0000] {logging_mixin.py:188} INFO - [2024-07-11T08:39:02.649+0000] {dagbag.py:667} DEBUG - Calling the DAG.bulk_sync_to_db method
[2024-07-11T08:39:02.657+0000] {logging_mixin.py:188} INFO - [2024-07-11T08:39:02.656+0000] {serialized_dag.py:165} DEBUG - Checking if DAG (example_local_kubernetes_executor) changed
[2024-07-11T08:39:02.674+0000] {logging_mixin.py:188} INFO - [2024-07-11T08:39:02.674+0000] {serialized_dag.py:176} DEBUG - Serialized DAG (example_local_kubernetes_executor) is unchanged. Skipping writing to DB
[2024-07-11T08:39:02.675+0000] {logging_mixin.py:188} INFO - [2024-07-11T08:39:02.674+0000] {dag.py:3047} INFO - Sync 1 DAGs
[2024-07-11T08:39:02.684+0000] {logging_mixin.py:188} INFO - [2024-07-11T08:39:02.683+0000] {dag.py:3834} INFO - Setting next_dagrun for example_local_kubernetes_executor to None, run_after=None
[2024-07-11T08:39:02.699+0000] {processor.py:183} INFO - Processing /home/airflow/.local/lib/python3.10/site-packages/airflow/example_dags/example_local_kubernetes_executor.py took 0.062 seconds
[2024-07-11T08:39:32.917+0000] {logging_mixin.py:188} INFO - [2024-07-11T08:39:32.916+0000] {settings.py:249} DEBUG - Setting up DB connection pool (PID 369)
[2024-07-11T08:39:32.918+0000] {logging_mixin.py:188} INFO - [2024-07-11T08:39:32.917+0000] {settings.py:350} DEBUG - settings.prepare_engine_args(): Using pool settings. pool_size=5, max_overflow=10, pool_recycle=1800, pid=369
[2024-07-11T08:39:32.920+0000] {processor.py:161} INFO - Started process (PID=369) to work on /home/airflow/.local/lib/python3.10/site-packages/airflow/example_dags/example_local_kubernetes_executor.py
[2024-07-11T08:39:32.920+0000] {processor.py:830} INFO - Processing file /home/airflow/.local/lib/python3.10/site-packages/airflow/example_dags/example_local_kubernetes_executor.py for tasks to queue
[2024-07-11T08:39:32.920+0000] {logging_mixin.py:188} INFO - [2024-07-11T08:39:32.920+0000] {dagbag.py:540} INFO - Filling up the DagBag from /home/airflow/.local/lib/python3.10/site-packages/airflow/example_dags/example_local_kubernetes_executor.py
[2024-07-11T08:39:32.921+0000] {logging_mixin.py:188} INFO - [2024-07-11T08:39:32.921+0000] {dagbag.py:332} DEBUG - Importing /home/airflow/.local/lib/python3.10/site-packages/airflow/example_dags/example_local_kubernetes_executor.py
[2024-07-11T08:39:32.927+0000] {logging_mixin.py:188} INFO - [2024-07-11T08:39:32.927+0000] {dagbag.py:506} DEBUG - Loaded DAG <DAG: example_local_kubernetes_executor>
[2024-07-11T08:39:32.927+0000] {processor.py:840} INFO - DAG(s) 'example_local_kubernetes_executor' retrieved from /home/airflow/.local/lib/python3.10/site-packages/airflow/example_dags/example_local_kubernetes_executor.py
[2024-07-11T08:39:32.928+0000] {logging_mixin.py:188} INFO - [2024-07-11T08:39:32.928+0000] {dagbag.py:662} DEBUG - Running dagbag.sync_to_db with retries. Try 1 of 3
[2024-07-11T08:39:32.928+0000] {logging_mixin.py:188} INFO - [2024-07-11T08:39:32.928+0000] {dagbag.py:667} DEBUG - Calling the DAG.bulk_sync_to_db method
[2024-07-11T08:39:32.938+0000] {logging_mixin.py:188} INFO - [2024-07-11T08:39:32.938+0000] {serialized_dag.py:165} DEBUG - Checking if DAG (example_local_kubernetes_executor) changed
[2024-07-11T08:39:32.957+0000] {logging_mixin.py:188} INFO - [2024-07-11T08:39:32.957+0000] {serialized_dag.py:176} DEBUG - Serialized DAG (example_local_kubernetes_executor) is unchanged. Skipping writing to DB
[2024-07-11T08:39:32.957+0000] {logging_mixin.py:188} INFO - [2024-07-11T08:39:32.957+0000] {dag.py:3047} INFO - Sync 1 DAGs
[2024-07-11T08:39:32.968+0000] {logging_mixin.py:188} INFO - [2024-07-11T08:39:32.967+0000] {dag.py:3834} INFO - Setting next_dagrun for example_local_kubernetes_executor to None, run_after=None
[2024-07-11T08:39:32.983+0000] {processor.py:183} INFO - Processing /home/airflow/.local/lib/python3.10/site-packages/airflow/example_dags/example_local_kubernetes_executor.py took 0.067 seconds
[2024-07-11T08:40:03.244+0000] {logging_mixin.py:188} INFO - [2024-07-11T08:40:03.244+0000] {settings.py:249} DEBUG - Setting up DB connection pool (PID 425)
[2024-07-11T08:40:03.245+0000] {logging_mixin.py:188} INFO - [2024-07-11T08:40:03.245+0000] {settings.py:350} DEBUG - settings.prepare_engine_args(): Using pool settings. pool_size=5, max_overflow=10, pool_recycle=1800, pid=425
[2024-07-11T08:40:03.246+0000] {processor.py:161} INFO - Started process (PID=425) to work on /home/airflow/.local/lib/python3.10/site-packages/airflow/example_dags/example_local_kubernetes_executor.py
[2024-07-11T08:40:03.247+0000] {processor.py:830} INFO - Processing file /home/airflow/.local/lib/python3.10/site-packages/airflow/example_dags/example_local_kubernetes_executor.py for tasks to queue
[2024-07-11T08:40:03.247+0000] {logging_mixin.py:188} INFO - [2024-07-11T08:40:03.247+0000] {dagbag.py:540} INFO - Filling up the DagBag from /home/airflow/.local/lib/python3.10/site-packages/airflow/example_dags/example_local_kubernetes_executor.py
[2024-07-11T08:40:03.248+0000] {logging_mixin.py:188} INFO - [2024-07-11T08:40:03.248+0000] {dagbag.py:332} DEBUG - Importing /home/airflow/.local/lib/python3.10/site-packages/airflow/example_dags/example_local_kubernetes_executor.py
[2024-07-11T08:40:03.254+0000] {logging_mixin.py:188} INFO - [2024-07-11T08:40:03.253+0000] {dagbag.py:506} DEBUG - Loaded DAG <DAG: example_local_kubernetes_executor>
[2024-07-11T08:40:03.254+0000] {processor.py:840} INFO - DAG(s) 'example_local_kubernetes_executor' retrieved from /home/airflow/.local/lib/python3.10/site-packages/airflow/example_dags/example_local_kubernetes_executor.py
[2024-07-11T08:40:03.254+0000] {logging_mixin.py:188} INFO - [2024-07-11T08:40:03.254+0000] {dagbag.py:662} DEBUG - Running dagbag.sync_to_db with retries. Try 1 of 3
[2024-07-11T08:40:03.255+0000] {logging_mixin.py:188} INFO - [2024-07-11T08:40:03.255+0000] {dagbag.py:667} DEBUG - Calling the DAG.bulk_sync_to_db method
[2024-07-11T08:40:03.263+0000] {logging_mixin.py:188} INFO - [2024-07-11T08:40:03.262+0000] {serialized_dag.py:165} DEBUG - Checking if DAG (example_local_kubernetes_executor) changed
[2024-07-11T08:40:03.279+0000] {logging_mixin.py:188} INFO - [2024-07-11T08:40:03.279+0000] {serialized_dag.py:176} DEBUG - Serialized DAG (example_local_kubernetes_executor) is unchanged. Skipping writing to DB
[2024-07-11T08:40:03.280+0000] {logging_mixin.py:188} INFO - [2024-07-11T08:40:03.280+0000] {dag.py:3047} INFO - Sync 1 DAGs
[2024-07-11T08:40:03.288+0000] {logging_mixin.py:188} INFO - [2024-07-11T08:40:03.288+0000] {dag.py:3834} INFO - Setting next_dagrun for example_local_kubernetes_executor to None, run_after=None
[2024-07-11T08:40:03.301+0000] {processor.py:183} INFO - Processing /home/airflow/.local/lib/python3.10/site-packages/airflow/example_dags/example_local_kubernetes_executor.py took 0.058 seconds
[2024-07-11T08:41:14.432+0000] {logging_mixin.py:188} INFO - [2024-07-11T08:41:14.431+0000] {settings.py:249} DEBUG - Setting up DB connection pool (PID 83)
[2024-07-11T08:41:14.432+0000] {logging_mixin.py:188} INFO - [2024-07-11T08:41:14.432+0000] {settings.py:350} DEBUG - settings.prepare_engine_args(): Using pool settings. pool_size=5, max_overflow=10, pool_recycle=1800, pid=83
[2024-07-11T08:41:14.434+0000] {processor.py:161} INFO - Started process (PID=83) to work on /home/airflow/.local/lib/python3.10/site-packages/airflow/example_dags/example_local_kubernetes_executor.py
[2024-07-11T08:41:14.435+0000] {processor.py:830} INFO - Processing file /home/airflow/.local/lib/python3.10/site-packages/airflow/example_dags/example_local_kubernetes_executor.py for tasks to queue
[2024-07-11T08:41:14.435+0000] {logging_mixin.py:188} INFO - [2024-07-11T08:41:14.435+0000] {dagbag.py:540} INFO - Filling up the DagBag from /home/airflow/.local/lib/python3.10/site-packages/airflow/example_dags/example_local_kubernetes_executor.py
[2024-07-11T08:41:14.436+0000] {logging_mixin.py:188} INFO - [2024-07-11T08:41:14.436+0000] {dagbag.py:332} DEBUG - Importing /home/airflow/.local/lib/python3.10/site-packages/airflow/example_dags/example_local_kubernetes_executor.py
[2024-07-11T08:41:14.443+0000] {logging_mixin.py:188} INFO - [2024-07-11T08:41:14.442+0000] {dagbag.py:506} DEBUG - Loaded DAG <DAG: example_local_kubernetes_executor>
[2024-07-11T08:41:14.443+0000] {processor.py:840} INFO - DAG(s) 'example_local_kubernetes_executor' retrieved from /home/airflow/.local/lib/python3.10/site-packages/airflow/example_dags/example_local_kubernetes_executor.py
[2024-07-11T08:41:14.444+0000] {logging_mixin.py:188} INFO - [2024-07-11T08:41:14.444+0000] {dagbag.py:662} DEBUG - Running dagbag.sync_to_db with retries. Try 1 of 3
[2024-07-11T08:41:14.444+0000] {logging_mixin.py:188} INFO - [2024-07-11T08:41:14.444+0000] {dagbag.py:667} DEBUG - Calling the DAG.bulk_sync_to_db method
[2024-07-11T08:41:14.453+0000] {logging_mixin.py:188} INFO - [2024-07-11T08:41:14.453+0000] {dag.py:3047} INFO - Sync 1 DAGs
[2024-07-11T08:41:14.464+0000] {logging_mixin.py:188} INFO - [2024-07-11T08:41:14.464+0000] {dag.py:3834} INFO - Setting next_dagrun for example_local_kubernetes_executor to None, run_after=None
[2024-07-11T08:41:14.481+0000] {processor.py:183} INFO - Processing /home/airflow/.local/lib/python3.10/site-packages/airflow/example_dags/example_local_kubernetes_executor.py took 0.050 seconds
[2024-07-11T08:41:46.277+0000] {logging_mixin.py:188} INFO - [2024-07-11T08:41:46.276+0000] {settings.py:249} DEBUG - Setting up DB connection pool (PID 139)
[2024-07-11T08:41:46.278+0000] {logging_mixin.py:188} INFO - [2024-07-11T08:41:46.278+0000] {settings.py:350} DEBUG - settings.prepare_engine_args(): Using pool settings. pool_size=5, max_overflow=10, pool_recycle=1800, pid=139
[2024-07-11T08:41:46.280+0000] {processor.py:161} INFO - Started process (PID=139) to work on /home/airflow/.local/lib/python3.10/site-packages/airflow/example_dags/example_local_kubernetes_executor.py
[2024-07-11T08:41:46.281+0000] {processor.py:830} INFO - Processing file /home/airflow/.local/lib/python3.10/site-packages/airflow/example_dags/example_local_kubernetes_executor.py for tasks to queue
[2024-07-11T08:41:46.281+0000] {logging_mixin.py:188} INFO - [2024-07-11T08:41:46.281+0000] {dagbag.py:540} INFO - Filling up the DagBag from /home/airflow/.local/lib/python3.10/site-packages/airflow/example_dags/example_local_kubernetes_executor.py
[2024-07-11T08:41:46.282+0000] {logging_mixin.py:188} INFO - [2024-07-11T08:41:46.282+0000] {dagbag.py:332} DEBUG - Importing /home/airflow/.local/lib/python3.10/site-packages/airflow/example_dags/example_local_kubernetes_executor.py
[2024-07-11T08:41:46.291+0000] {logging_mixin.py:188} INFO - [2024-07-11T08:41:46.290+0000] {dagbag.py:506} DEBUG - Loaded DAG <DAG: example_local_kubernetes_executor>
[2024-07-11T08:41:46.291+0000] {processor.py:840} INFO - DAG(s) 'example_local_kubernetes_executor' retrieved from /home/airflow/.local/lib/python3.10/site-packages/airflow/example_dags/example_local_kubernetes_executor.py
[2024-07-11T08:41:46.293+0000] {logging_mixin.py:188} INFO - [2024-07-11T08:41:46.292+0000] {dagbag.py:662} DEBUG - Running dagbag.sync_to_db with retries. Try 1 of 3
[2024-07-11T08:41:46.293+0000] {logging_mixin.py:188} INFO - [2024-07-11T08:41:46.293+0000] {dagbag.py:667} DEBUG - Calling the DAG.bulk_sync_to_db method
[2024-07-11T08:41:46.303+0000] {logging_mixin.py:188} INFO - [2024-07-11T08:41:46.303+0000] {serialized_dag.py:165} DEBUG - Checking if DAG (example_local_kubernetes_executor) changed
[2024-07-11T08:41:46.328+0000] {logging_mixin.py:188} INFO - [2024-07-11T08:41:46.328+0000] {serialized_dag.py:179} DEBUG - Writing Serialized DAG: example_local_kubernetes_executor to the DB
[2024-07-11T08:41:46.331+0000] {logging_mixin.py:188} INFO - [2024-07-11T08:41:46.331+0000] {serialized_dag.py:181} DEBUG - DAG: example_local_kubernetes_executor written to the DB
[2024-07-11T08:41:46.332+0000] {logging_mixin.py:188} INFO - [2024-07-11T08:41:46.331+0000] {dagbag.py:696} DEBUG - Syncing DAG permissions: example_local_kubernetes_executor to the DB
[2024-07-11T08:41:46.419+0000] {logging_mixin.py:188} INFO - [2024-07-11T08:41:46.419+0000] {override.py:1034} DEBUG - Not syncing DAG-level permissions for DAG 'DAG:example_local_kubernetes_executor' as access control is unset.
[2024-07-11T08:41:46.420+0000] {logging_mixin.py:188} INFO - [2024-07-11T08:41:46.419+0000] {dag.py:3047} INFO - Sync 1 DAGs
[2024-07-11T08:41:46.433+0000] {logging_mixin.py:188} INFO - [2024-07-11T08:41:46.433+0000] {dag.py:3834} INFO - Setting next_dagrun for example_local_kubernetes_executor to None, run_after=None
[2024-07-11T08:41:46.457+0000] {processor.py:183} INFO - Processing /home/airflow/.local/lib/python3.10/site-packages/airflow/example_dags/example_local_kubernetes_executor.py took 0.181 seconds
[2024-07-11T08:42:16.935+0000] {logging_mixin.py:188} INFO - [2024-07-11T08:42:16.935+0000] {settings.py:249} DEBUG - Setting up DB connection pool (PID 201)
[2024-07-11T08:42:16.936+0000] {logging_mixin.py:188} INFO - [2024-07-11T08:42:16.936+0000] {settings.py:350} DEBUG - settings.prepare_engine_args(): Using pool settings. pool_size=5, max_overflow=10, pool_recycle=1800, pid=201
[2024-07-11T08:42:16.938+0000] {processor.py:161} INFO - Started process (PID=201) to work on /home/airflow/.local/lib/python3.10/site-packages/airflow/example_dags/example_local_kubernetes_executor.py
[2024-07-11T08:42:16.938+0000] {processor.py:830} INFO - Processing file /home/airflow/.local/lib/python3.10/site-packages/airflow/example_dags/example_local_kubernetes_executor.py for tasks to queue
[2024-07-11T08:42:16.939+0000] {logging_mixin.py:188} INFO - [2024-07-11T08:42:16.938+0000] {dagbag.py:540} INFO - Filling up the DagBag from /home/airflow/.local/lib/python3.10/site-packages/airflow/example_dags/example_local_kubernetes_executor.py
[2024-07-11T08:42:16.939+0000] {logging_mixin.py:188} INFO - [2024-07-11T08:42:16.939+0000] {dagbag.py:332} DEBUG - Importing /home/airflow/.local/lib/python3.10/site-packages/airflow/example_dags/example_local_kubernetes_executor.py
[2024-07-11T08:42:16.945+0000] {logging_mixin.py:188} INFO - [2024-07-11T08:42:16.944+0000] {dagbag.py:506} DEBUG - Loaded DAG <DAG: example_local_kubernetes_executor>
[2024-07-11T08:42:16.945+0000] {processor.py:840} INFO - DAG(s) 'example_local_kubernetes_executor' retrieved from /home/airflow/.local/lib/python3.10/site-packages/airflow/example_dags/example_local_kubernetes_executor.py
[2024-07-11T08:42:16.946+0000] {logging_mixin.py:188} INFO - [2024-07-11T08:42:16.946+0000] {dagbag.py:662} DEBUG - Running dagbag.sync_to_db with retries. Try 1 of 3
[2024-07-11T08:42:16.946+0000] {logging_mixin.py:188} INFO - [2024-07-11T08:42:16.946+0000] {dagbag.py:667} DEBUG - Calling the DAG.bulk_sync_to_db method
[2024-07-11T08:42:16.954+0000] {logging_mixin.py:188} INFO - [2024-07-11T08:42:16.954+0000] {serialized_dag.py:165} DEBUG - Checking if DAG (example_local_kubernetes_executor) changed
[2024-07-11T08:42:16.970+0000] {logging_mixin.py:188} INFO - [2024-07-11T08:42:16.970+0000] {serialized_dag.py:176} DEBUG - Serialized DAG (example_local_kubernetes_executor) is unchanged. Skipping writing to DB
[2024-07-11T08:42:16.970+0000] {logging_mixin.py:188} INFO - [2024-07-11T08:42:16.970+0000] {dag.py:3047} INFO - Sync 1 DAGs
[2024-07-11T08:42:16.979+0000] {logging_mixin.py:188} INFO - [2024-07-11T08:42:16.979+0000] {dag.py:3834} INFO - Setting next_dagrun for example_local_kubernetes_executor to None, run_after=None
[2024-07-11T08:42:16.993+0000] {processor.py:183} INFO - Processing /home/airflow/.local/lib/python3.10/site-packages/airflow/example_dags/example_local_kubernetes_executor.py took 0.058 seconds
[2024-07-11T08:42:47.151+0000] {logging_mixin.py:188} INFO - [2024-07-11T08:42:47.150+0000] {settings.py:249} DEBUG - Setting up DB connection pool (PID 257)
[2024-07-11T08:42:47.151+0000] {logging_mixin.py:188} INFO - [2024-07-11T08:42:47.151+0000] {settings.py:350} DEBUG - settings.prepare_engine_args(): Using pool settings. pool_size=5, max_overflow=10, pool_recycle=1800, pid=257
[2024-07-11T08:42:47.153+0000] {processor.py:161} INFO - Started process (PID=257) to work on /home/airflow/.local/lib/python3.10/site-packages/airflow/example_dags/example_local_kubernetes_executor.py
[2024-07-11T08:42:47.153+0000] {processor.py:830} INFO - Processing file /home/airflow/.local/lib/python3.10/site-packages/airflow/example_dags/example_local_kubernetes_executor.py for tasks to queue
[2024-07-11T08:42:47.154+0000] {logging_mixin.py:188} INFO - [2024-07-11T08:42:47.154+0000] {dagbag.py:540} INFO - Filling up the DagBag from /home/airflow/.local/lib/python3.10/site-packages/airflow/example_dags/example_local_kubernetes_executor.py
[2024-07-11T08:42:47.155+0000] {logging_mixin.py:188} INFO - [2024-07-11T08:42:47.154+0000] {dagbag.py:332} DEBUG - Importing /home/airflow/.local/lib/python3.10/site-packages/airflow/example_dags/example_local_kubernetes_executor.py
[2024-07-11T08:42:47.160+0000] {logging_mixin.py:188} INFO - [2024-07-11T08:42:47.159+0000] {dagbag.py:506} DEBUG - Loaded DAG <DAG: example_local_kubernetes_executor>
[2024-07-11T08:42:47.160+0000] {processor.py:840} INFO - DAG(s) 'example_local_kubernetes_executor' retrieved from /home/airflow/.local/lib/python3.10/site-packages/airflow/example_dags/example_local_kubernetes_executor.py
[2024-07-11T08:42:47.160+0000] {logging_mixin.py:188} INFO - [2024-07-11T08:42:47.160+0000] {dagbag.py:662} DEBUG - Running dagbag.sync_to_db with retries. Try 1 of 3
[2024-07-11T08:42:47.161+0000] {logging_mixin.py:188} INFO - [2024-07-11T08:42:47.160+0000] {dagbag.py:667} DEBUG - Calling the DAG.bulk_sync_to_db method
[2024-07-11T08:42:47.168+0000] {logging_mixin.py:188} INFO - [2024-07-11T08:42:47.168+0000] {serialized_dag.py:165} DEBUG - Checking if DAG (example_local_kubernetes_executor) changed
[2024-07-11T08:42:47.186+0000] {logging_mixin.py:188} INFO - [2024-07-11T08:42:47.186+0000] {serialized_dag.py:176} DEBUG - Serialized DAG (example_local_kubernetes_executor) is unchanged. Skipping writing to DB
[2024-07-11T08:42:47.186+0000] {logging_mixin.py:188} INFO - [2024-07-11T08:42:47.186+0000] {dag.py:3047} INFO - Sync 1 DAGs
[2024-07-11T08:42:47.195+0000] {logging_mixin.py:188} INFO - [2024-07-11T08:42:47.195+0000] {dag.py:3834} INFO - Setting next_dagrun for example_local_kubernetes_executor to None, run_after=None
[2024-07-11T08:42:47.208+0000] {processor.py:183} INFO - Processing /home/airflow/.local/lib/python3.10/site-packages/airflow/example_dags/example_local_kubernetes_executor.py took 0.058 seconds
[2024-07-11T08:43:17.361+0000] {logging_mixin.py:188} INFO - [2024-07-11T08:43:17.361+0000] {settings.py:249} DEBUG - Setting up DB connection pool (PID 314)
[2024-07-11T08:43:17.362+0000] {logging_mixin.py:188} INFO - [2024-07-11T08:43:17.361+0000] {settings.py:350} DEBUG - settings.prepare_engine_args(): Using pool settings. pool_size=5, max_overflow=10, pool_recycle=1800, pid=314
[2024-07-11T08:43:17.363+0000] {processor.py:161} INFO - Started process (PID=314) to work on /home/airflow/.local/lib/python3.10/site-packages/airflow/example_dags/example_local_kubernetes_executor.py
[2024-07-11T08:43:17.363+0000] {processor.py:830} INFO - Processing file /home/airflow/.local/lib/python3.10/site-packages/airflow/example_dags/example_local_kubernetes_executor.py for tasks to queue
[2024-07-11T08:43:17.364+0000] {logging_mixin.py:188} INFO - [2024-07-11T08:43:17.364+0000] {dagbag.py:540} INFO - Filling up the DagBag from /home/airflow/.local/lib/python3.10/site-packages/airflow/example_dags/example_local_kubernetes_executor.py
[2024-07-11T08:43:17.365+0000] {logging_mixin.py:188} INFO - [2024-07-11T08:43:17.365+0000] {dagbag.py:332} DEBUG - Importing /home/airflow/.local/lib/python3.10/site-packages/airflow/example_dags/example_local_kubernetes_executor.py
[2024-07-11T08:43:17.370+0000] {logging_mixin.py:188} INFO - [2024-07-11T08:43:17.369+0000] {dagbag.py:506} DEBUG - Loaded DAG <DAG: example_local_kubernetes_executor>
[2024-07-11T08:43:17.370+0000] {processor.py:840} INFO - DAG(s) 'example_local_kubernetes_executor' retrieved from /home/airflow/.local/lib/python3.10/site-packages/airflow/example_dags/example_local_kubernetes_executor.py
[2024-07-11T08:43:17.371+0000] {logging_mixin.py:188} INFO - [2024-07-11T08:43:17.370+0000] {dagbag.py:662} DEBUG - Running dagbag.sync_to_db with retries. Try 1 of 3
[2024-07-11T08:43:17.371+0000] {logging_mixin.py:188} INFO - [2024-07-11T08:43:17.371+0000] {dagbag.py:667} DEBUG - Calling the DAG.bulk_sync_to_db method
[2024-07-11T08:43:17.378+0000] {logging_mixin.py:188} INFO - [2024-07-11T08:43:17.378+0000] {serialized_dag.py:165} DEBUG - Checking if DAG (example_local_kubernetes_executor) changed
[2024-07-11T08:43:17.396+0000] {logging_mixin.py:188} INFO - [2024-07-11T08:43:17.396+0000] {serialized_dag.py:176} DEBUG - Serialized DAG (example_local_kubernetes_executor) is unchanged. Skipping writing to DB
[2024-07-11T08:43:17.396+0000] {logging_mixin.py:188} INFO - [2024-07-11T08:43:17.396+0000] {dag.py:3047} INFO - Sync 1 DAGs
[2024-07-11T08:43:17.405+0000] {logging_mixin.py:188} INFO - [2024-07-11T08:43:17.405+0000] {dag.py:3834} INFO - Setting next_dagrun for example_local_kubernetes_executor to None, run_after=None
[2024-07-11T08:43:17.418+0000] {processor.py:183} INFO - Processing /home/airflow/.local/lib/python3.10/site-packages/airflow/example_dags/example_local_kubernetes_executor.py took 0.058 seconds
[2024-07-11T08:43:47.701+0000] {logging_mixin.py:188} INFO - [2024-07-11T08:43:47.701+0000] {settings.py:249} DEBUG - Setting up DB connection pool (PID 369)
[2024-07-11T08:43:47.702+0000] {logging_mixin.py:188} INFO - [2024-07-11T08:43:47.701+0000] {settings.py:350} DEBUG - settings.prepare_engine_args(): Using pool settings. pool_size=5, max_overflow=10, pool_recycle=1800, pid=369
[2024-07-11T08:43:47.703+0000] {processor.py:161} INFO - Started process (PID=369) to work on /home/airflow/.local/lib/python3.10/site-packages/airflow/example_dags/example_local_kubernetes_executor.py
[2024-07-11T08:43:47.704+0000] {processor.py:830} INFO - Processing file /home/airflow/.local/lib/python3.10/site-packages/airflow/example_dags/example_local_kubernetes_executor.py for tasks to queue
[2024-07-11T08:43:47.704+0000] {logging_mixin.py:188} INFO - [2024-07-11T08:43:47.704+0000] {dagbag.py:540} INFO - Filling up the DagBag from /home/airflow/.local/lib/python3.10/site-packages/airflow/example_dags/example_local_kubernetes_executor.py
[2024-07-11T08:43:47.705+0000] {logging_mixin.py:188} INFO - [2024-07-11T08:43:47.705+0000] {dagbag.py:332} DEBUG - Importing /home/airflow/.local/lib/python3.10/site-packages/airflow/example_dags/example_local_kubernetes_executor.py
[2024-07-11T08:43:47.710+0000] {logging_mixin.py:188} INFO - [2024-07-11T08:43:47.709+0000] {dagbag.py:506} DEBUG - Loaded DAG <DAG: example_local_kubernetes_executor>
[2024-07-11T08:43:47.710+0000] {processor.py:840} INFO - DAG(s) 'example_local_kubernetes_executor' retrieved from /home/airflow/.local/lib/python3.10/site-packages/airflow/example_dags/example_local_kubernetes_executor.py
[2024-07-11T08:43:47.711+0000] {logging_mixin.py:188} INFO - [2024-07-11T08:43:47.711+0000] {dagbag.py:662} DEBUG - Running dagbag.sync_to_db with retries. Try 1 of 3
[2024-07-11T08:43:47.711+0000] {logging_mixin.py:188} INFO - [2024-07-11T08:43:47.711+0000] {dagbag.py:667} DEBUG - Calling the DAG.bulk_sync_to_db method
[2024-07-11T08:43:47.719+0000] {logging_mixin.py:188} INFO - [2024-07-11T08:43:47.718+0000] {serialized_dag.py:165} DEBUG - Checking if DAG (example_local_kubernetes_executor) changed
[2024-07-11T08:43:47.736+0000] {logging_mixin.py:188} INFO - [2024-07-11T08:43:47.736+0000] {serialized_dag.py:176} DEBUG - Serialized DAG (example_local_kubernetes_executor) is unchanged. Skipping writing to DB
[2024-07-11T08:43:47.736+0000] {logging_mixin.py:188} INFO - [2024-07-11T08:43:47.736+0000] {dag.py:3047} INFO - Sync 1 DAGs
[2024-07-11T08:43:47.745+0000] {logging_mixin.py:188} INFO - [2024-07-11T08:43:47.745+0000] {dag.py:3834} INFO - Setting next_dagrun for example_local_kubernetes_executor to None, run_after=None
[2024-07-11T08:43:47.759+0000] {processor.py:183} INFO - Processing /home/airflow/.local/lib/python3.10/site-packages/airflow/example_dags/example_local_kubernetes_executor.py took 0.059 seconds
[2024-07-11T08:44:18.116+0000] {logging_mixin.py:188} INFO - [2024-07-11T08:44:18.116+0000] {settings.py:249} DEBUG - Setting up DB connection pool (PID 425)
[2024-07-11T08:44:18.117+0000] {logging_mixin.py:188} INFO - [2024-07-11T08:44:18.117+0000] {settings.py:350} DEBUG - settings.prepare_engine_args(): Using pool settings. pool_size=5, max_overflow=10, pool_recycle=1800, pid=425
[2024-07-11T08:44:18.119+0000] {processor.py:161} INFO - Started process (PID=425) to work on /home/airflow/.local/lib/python3.10/site-packages/airflow/example_dags/example_local_kubernetes_executor.py
[2024-07-11T08:44:18.119+0000] {processor.py:830} INFO - Processing file /home/airflow/.local/lib/python3.10/site-packages/airflow/example_dags/example_local_kubernetes_executor.py for tasks to queue
[2024-07-11T08:44:18.119+0000] {logging_mixin.py:188} INFO - [2024-07-11T08:44:18.119+0000] {dagbag.py:540} INFO - Filling up the DagBag from /home/airflow/.local/lib/python3.10/site-packages/airflow/example_dags/example_local_kubernetes_executor.py
[2024-07-11T08:44:18.120+0000] {logging_mixin.py:188} INFO - [2024-07-11T08:44:18.120+0000] {dagbag.py:332} DEBUG - Importing /home/airflow/.local/lib/python3.10/site-packages/airflow/example_dags/example_local_kubernetes_executor.py
[2024-07-11T08:44:18.126+0000] {logging_mixin.py:188} INFO - [2024-07-11T08:44:18.125+0000] {dagbag.py:506} DEBUG - Loaded DAG <DAG: example_local_kubernetes_executor>
[2024-07-11T08:44:18.126+0000] {processor.py:840} INFO - DAG(s) 'example_local_kubernetes_executor' retrieved from /home/airflow/.local/lib/python3.10/site-packages/airflow/example_dags/example_local_kubernetes_executor.py
[2024-07-11T08:44:18.127+0000] {logging_mixin.py:188} INFO - [2024-07-11T08:44:18.127+0000] {dagbag.py:662} DEBUG - Running dagbag.sync_to_db with retries. Try 1 of 3
[2024-07-11T08:44:18.127+0000] {logging_mixin.py:188} INFO - [2024-07-11T08:44:18.127+0000] {dagbag.py:667} DEBUG - Calling the DAG.bulk_sync_to_db method
[2024-07-11T08:44:18.135+0000] {logging_mixin.py:188} INFO - [2024-07-11T08:44:18.135+0000] {serialized_dag.py:165} DEBUG - Checking if DAG (example_local_kubernetes_executor) changed
[2024-07-11T08:44:18.153+0000] {logging_mixin.py:188} INFO - [2024-07-11T08:44:18.153+0000] {serialized_dag.py:176} DEBUG - Serialized DAG (example_local_kubernetes_executor) is unchanged. Skipping writing to DB
[2024-07-11T08:44:18.153+0000] {logging_mixin.py:188} INFO - [2024-07-11T08:44:18.153+0000] {dag.py:3047} INFO - Sync 1 DAGs
[2024-07-11T08:44:18.164+0000] {logging_mixin.py:188} INFO - [2024-07-11T08:44:18.163+0000] {dag.py:3834} INFO - Setting next_dagrun for example_local_kubernetes_executor to None, run_after=None
[2024-07-11T08:44:18.181+0000] {processor.py:183} INFO - Processing /home/airflow/.local/lib/python3.10/site-packages/airflow/example_dags/example_local_kubernetes_executor.py took 0.065 seconds
[2024-07-11T08:44:48.368+0000] {logging_mixin.py:188} INFO - [2024-07-11T08:44:48.367+0000] {settings.py:249} DEBUG - Setting up DB connection pool (PID 481)
[2024-07-11T08:44:48.368+0000] {logging_mixin.py:188} INFO - [2024-07-11T08:44:48.368+0000] {settings.py:350} DEBUG - settings.prepare_engine_args(): Using pool settings. pool_size=5, max_overflow=10, pool_recycle=1800, pid=481
[2024-07-11T08:44:48.370+0000] {processor.py:161} INFO - Started process (PID=481) to work on /home/airflow/.local/lib/python3.10/site-packages/airflow/example_dags/example_local_kubernetes_executor.py
[2024-07-11T08:44:48.371+0000] {processor.py:830} INFO - Processing file /home/airflow/.local/lib/python3.10/site-packages/airflow/example_dags/example_local_kubernetes_executor.py for tasks to queue
[2024-07-11T08:44:48.371+0000] {logging_mixin.py:188} INFO - [2024-07-11T08:44:48.371+0000] {dagbag.py:540} INFO - Filling up the DagBag from /home/airflow/.local/lib/python3.10/site-packages/airflow/example_dags/example_local_kubernetes_executor.py
[2024-07-11T08:44:48.372+0000] {logging_mixin.py:188} INFO - [2024-07-11T08:44:48.372+0000] {dagbag.py:332} DEBUG - Importing /home/airflow/.local/lib/python3.10/site-packages/airflow/example_dags/example_local_kubernetes_executor.py
[2024-07-11T08:44:48.377+0000] {logging_mixin.py:188} INFO - [2024-07-11T08:44:48.377+0000] {dagbag.py:506} DEBUG - Loaded DAG <DAG: example_local_kubernetes_executor>
[2024-07-11T08:44:48.377+0000] {processor.py:840} INFO - DAG(s) 'example_local_kubernetes_executor' retrieved from /home/airflow/.local/lib/python3.10/site-packages/airflow/example_dags/example_local_kubernetes_executor.py
[2024-07-11T08:44:48.378+0000] {logging_mixin.py:188} INFO - [2024-07-11T08:44:48.378+0000] {dagbag.py:662} DEBUG - Running dagbag.sync_to_db with retries. Try 1 of 3
[2024-07-11T08:44:48.378+0000] {logging_mixin.py:188} INFO - [2024-07-11T08:44:48.378+0000] {dagbag.py:667} DEBUG - Calling the DAG.bulk_sync_to_db method
[2024-07-11T08:44:48.386+0000] {logging_mixin.py:188} INFO - [2024-07-11T08:44:48.386+0000] {serialized_dag.py:165} DEBUG - Checking if DAG (example_local_kubernetes_executor) changed
[2024-07-11T08:44:48.405+0000] {logging_mixin.py:188} INFO - [2024-07-11T08:44:48.405+0000] {serialized_dag.py:176} DEBUG - Serialized DAG (example_local_kubernetes_executor) is unchanged. Skipping writing to DB
[2024-07-11T08:44:48.405+0000] {logging_mixin.py:188} INFO - [2024-07-11T08:44:48.405+0000] {dag.py:3047} INFO - Sync 1 DAGs
[2024-07-11T08:44:48.414+0000] {logging_mixin.py:188} INFO - [2024-07-11T08:44:48.414+0000] {dag.py:3834} INFO - Setting next_dagrun for example_local_kubernetes_executor to None, run_after=None
[2024-07-11T08:44:48.430+0000] {processor.py:183} INFO - Processing /home/airflow/.local/lib/python3.10/site-packages/airflow/example_dags/example_local_kubernetes_executor.py took 0.063 seconds
