[2024-07-11T08:36:59.133+0000] {logging_mixin.py:188} INFO - [2024-07-11T08:36:59.132+0000] {settings.py:249} DEBUG - Setting up DB connection pool (PID 61)
[2024-07-11T08:36:59.134+0000] {logging_mixin.py:188} INFO - [2024-07-11T08:36:59.133+0000] {settings.py:350} DEBUG - settings.prepare_engine_args(): Using pool settings. pool_size=5, max_overflow=10, pool_recycle=1800, pid=61
[2024-07-11T08:36:59.136+0000] {processor.py:161} INFO - Started process (PID=61) to work on /home/airflow/.local/lib/python3.10/site-packages/airflow/example_dags/example_branch_datetime_operator.py
[2024-07-11T08:36:59.136+0000] {processor.py:830} INFO - Processing file /home/airflow/.local/lib/python3.10/site-packages/airflow/example_dags/example_branch_datetime_operator.py for tasks to queue
[2024-07-11T08:36:59.137+0000] {logging_mixin.py:188} INFO - [2024-07-11T08:36:59.137+0000] {dagbag.py:540} INFO - Filling up the DagBag from /home/airflow/.local/lib/python3.10/site-packages/airflow/example_dags/example_branch_datetime_operator.py
[2024-07-11T08:36:59.138+0000] {logging_mixin.py:188} INFO - [2024-07-11T08:36:59.138+0000] {dagbag.py:332} DEBUG - Importing /home/airflow/.local/lib/python3.10/site-packages/airflow/example_dags/example_branch_datetime_operator.py
[2024-07-11T08:36:59.141+0000] {logging_mixin.py:188} INFO - [2024-07-11T08:36:59.141+0000] {GetText.py:65} DEBUG - /home/airflow/.local/lib/python3.10/site-packages/cron_descriptor/locale/en_US.mo Loaded
[2024-07-11T08:36:59.144+0000] {logging_mixin.py:188} INFO - [2024-07-11T08:36:59.144+0000] {GetText.py:65} DEBUG - /home/airflow/.local/lib/python3.10/site-packages/cron_descriptor/locale/en_US.mo Loaded
[2024-07-11T08:36:59.145+0000] {logging_mixin.py:188} INFO - [2024-07-11T08:36:59.145+0000] {GetText.py:65} DEBUG - /home/airflow/.local/lib/python3.10/site-packages/cron_descriptor/locale/en_US.mo Loaded
[2024-07-11T08:36:59.146+0000] {logging_mixin.py:188} INFO - [2024-07-11T08:36:59.146+0000] {GetText.py:65} DEBUG - /home/airflow/.local/lib/python3.10/site-packages/cron_descriptor/locale/en_US.mo Loaded
[2024-07-11T08:36:59.148+0000] {logging_mixin.py:188} INFO - [2024-07-11T08:36:59.147+0000] {dagbag.py:506} DEBUG - Loaded DAG <DAG: example_branch_datetime_operator>
[2024-07-11T08:36:59.149+0000] {logging_mixin.py:188} INFO - [2024-07-11T08:36:59.149+0000] {GetText.py:65} DEBUG - /home/airflow/.local/lib/python3.10/site-packages/cron_descriptor/locale/en_US.mo Loaded
[2024-07-11T08:36:59.149+0000] {logging_mixin.py:188} INFO - [2024-07-11T08:36:59.149+0000] {dagbag.py:506} DEBUG - Loaded DAG <DAG: example_branch_datetime_operator_2>
[2024-07-11T08:36:59.150+0000] {logging_mixin.py:188} INFO - [2024-07-11T08:36:59.150+0000] {GetText.py:65} DEBUG - /home/airflow/.local/lib/python3.10/site-packages/cron_descriptor/locale/en_US.mo Loaded
[2024-07-11T08:36:59.150+0000] {logging_mixin.py:188} INFO - [2024-07-11T08:36:59.150+0000] {dagbag.py:506} DEBUG - Loaded DAG <DAG: example_branch_datetime_operator_3>
[2024-07-11T08:36:59.151+0000] {processor.py:840} INFO - DAG(s) 'example_branch_datetime_operator', 'example_branch_datetime_operator_2', 'example_branch_datetime_operator_3' retrieved from /home/airflow/.local/lib/python3.10/site-packages/airflow/example_dags/example_branch_datetime_operator.py
[2024-07-11T08:36:59.151+0000] {logging_mixin.py:188} INFO - [2024-07-11T08:36:59.151+0000] {dagbag.py:662} DEBUG - Running dagbag.sync_to_db with retries. Try 1 of 3
[2024-07-11T08:36:59.152+0000] {logging_mixin.py:188} INFO - [2024-07-11T08:36:59.151+0000] {dagbag.py:667} DEBUG - Calling the DAG.bulk_sync_to_db method
[2024-07-11T08:36:59.163+0000] {logging_mixin.py:188} INFO - [2024-07-11T08:36:59.163+0000] {dag.py:3047} INFO - Sync 3 DAGs
[2024-07-11T08:36:59.186+0000] {logging_mixin.py:188} INFO - [2024-07-11T08:36:59.185+0000] {dag.py:3834} INFO - Setting next_dagrun for example_branch_datetime_operator to 2024-07-10 00:00:00+00:00, run_after=2024-07-11 00:00:00+00:00
[2024-07-11T08:36:59.191+0000] {logging_mixin.py:188} INFO - [2024-07-11T08:36:59.190+0000] {dag.py:3834} INFO - Setting next_dagrun for example_branch_datetime_operator_2 to 2024-07-10 00:00:00+00:00, run_after=2024-07-11 00:00:00+00:00
[2024-07-11T08:36:59.193+0000] {logging_mixin.py:188} INFO - [2024-07-11T08:36:59.193+0000] {dag.py:3834} INFO - Setting next_dagrun for example_branch_datetime_operator_3 to 2024-07-10 00:00:00+00:00, run_after=2024-07-11 00:00:00+00:00
[2024-07-11T08:36:59.208+0000] {processor.py:183} INFO - Processing /home/airflow/.local/lib/python3.10/site-packages/airflow/example_dags/example_branch_datetime_operator.py took 0.075 seconds
[2024-07-11T08:37:29.822+0000] {logging_mixin.py:188} INFO - [2024-07-11T08:37:29.822+0000] {settings.py:249} DEBUG - Setting up DB connection pool (PID 117)
[2024-07-11T08:37:29.823+0000] {logging_mixin.py:188} INFO - [2024-07-11T08:37:29.823+0000] {settings.py:350} DEBUG - settings.prepare_engine_args(): Using pool settings. pool_size=5, max_overflow=10, pool_recycle=1800, pid=117
[2024-07-11T08:37:29.825+0000] {processor.py:161} INFO - Started process (PID=117) to work on /home/airflow/.local/lib/python3.10/site-packages/airflow/example_dags/example_branch_datetime_operator.py
[2024-07-11T08:37:29.825+0000] {processor.py:830} INFO - Processing file /home/airflow/.local/lib/python3.10/site-packages/airflow/example_dags/example_branch_datetime_operator.py for tasks to queue
[2024-07-11T08:37:29.826+0000] {logging_mixin.py:188} INFO - [2024-07-11T08:37:29.825+0000] {dagbag.py:540} INFO - Filling up the DagBag from /home/airflow/.local/lib/python3.10/site-packages/airflow/example_dags/example_branch_datetime_operator.py
[2024-07-11T08:37:29.826+0000] {logging_mixin.py:188} INFO - [2024-07-11T08:37:29.826+0000] {dagbag.py:332} DEBUG - Importing /home/airflow/.local/lib/python3.10/site-packages/airflow/example_dags/example_branch_datetime_operator.py
[2024-07-11T08:37:29.828+0000] {logging_mixin.py:188} INFO - [2024-07-11T08:37:29.828+0000] {GetText.py:65} DEBUG - /home/airflow/.local/lib/python3.10/site-packages/cron_descriptor/locale/en_US.mo Loaded
[2024-07-11T08:37:29.831+0000] {logging_mixin.py:188} INFO - [2024-07-11T08:37:29.831+0000] {GetText.py:65} DEBUG - /home/airflow/.local/lib/python3.10/site-packages/cron_descriptor/locale/en_US.mo Loaded
[2024-07-11T08:37:29.832+0000] {logging_mixin.py:188} INFO - [2024-07-11T08:37:29.832+0000] {GetText.py:65} DEBUG - /home/airflow/.local/lib/python3.10/site-packages/cron_descriptor/locale/en_US.mo Loaded
[2024-07-11T08:37:29.833+0000] {logging_mixin.py:188} INFO - [2024-07-11T08:37:29.833+0000] {GetText.py:65} DEBUG - /home/airflow/.local/lib/python3.10/site-packages/cron_descriptor/locale/en_US.mo Loaded
[2024-07-11T08:37:29.834+0000] {logging_mixin.py:188} INFO - [2024-07-11T08:37:29.834+0000] {dagbag.py:506} DEBUG - Loaded DAG <DAG: example_branch_datetime_operator>
[2024-07-11T08:37:29.835+0000] {logging_mixin.py:188} INFO - [2024-07-11T08:37:29.835+0000] {GetText.py:65} DEBUG - /home/airflow/.local/lib/python3.10/site-packages/cron_descriptor/locale/en_US.mo Loaded
[2024-07-11T08:37:29.835+0000] {logging_mixin.py:188} INFO - [2024-07-11T08:37:29.835+0000] {dagbag.py:506} DEBUG - Loaded DAG <DAG: example_branch_datetime_operator_2>
[2024-07-11T08:37:29.836+0000] {logging_mixin.py:188} INFO - [2024-07-11T08:37:29.836+0000] {GetText.py:65} DEBUG - /home/airflow/.local/lib/python3.10/site-packages/cron_descriptor/locale/en_US.mo Loaded
[2024-07-11T08:37:29.836+0000] {logging_mixin.py:188} INFO - [2024-07-11T08:37:29.836+0000] {dagbag.py:506} DEBUG - Loaded DAG <DAG: example_branch_datetime_operator_3>
[2024-07-11T08:37:29.836+0000] {processor.py:840} INFO - DAG(s) 'example_branch_datetime_operator', 'example_branch_datetime_operator_2', 'example_branch_datetime_operator_3' retrieved from /home/airflow/.local/lib/python3.10/site-packages/airflow/example_dags/example_branch_datetime_operator.py
[2024-07-11T08:37:29.837+0000] {logging_mixin.py:188} INFO - [2024-07-11T08:37:29.837+0000] {dagbag.py:662} DEBUG - Running dagbag.sync_to_db with retries. Try 1 of 3
[2024-07-11T08:37:29.837+0000] {logging_mixin.py:188} INFO - [2024-07-11T08:37:29.837+0000] {dagbag.py:667} DEBUG - Calling the DAG.bulk_sync_to_db method
[2024-07-11T08:37:29.845+0000] {logging_mixin.py:188} INFO - [2024-07-11T08:37:29.845+0000] {serialized_dag.py:165} DEBUG - Checking if DAG (example_branch_datetime_operator) changed
[2024-07-11T08:37:29.851+0000] {logging_mixin.py:188} INFO - [2024-07-11T08:37:29.851+0000] {serialized_dag.py:179} DEBUG - Writing Serialized DAG: example_branch_datetime_operator to the DB
[2024-07-11T08:37:29.854+0000] {logging_mixin.py:188} INFO - [2024-07-11T08:37:29.854+0000] {serialized_dag.py:181} DEBUG - DAG: example_branch_datetime_operator written to the DB
[2024-07-11T08:37:29.854+0000] {logging_mixin.py:188} INFO - [2024-07-11T08:37:29.854+0000] {dagbag.py:696} DEBUG - Syncing DAG permissions: example_branch_datetime_operator to the DB
[2024-07-11T08:37:29.914+0000] {logging_mixin.py:188} INFO - [2024-07-11T08:37:29.914+0000] {override.py:1034} DEBUG - Not syncing DAG-level permissions for DAG 'DAG:example_branch_datetime_operator' as access control is unset.
[2024-07-11T08:37:29.915+0000] {logging_mixin.py:188} INFO - [2024-07-11T08:37:29.915+0000] {serialized_dag.py:165} DEBUG - Checking if DAG (example_branch_datetime_operator_2) changed
[2024-07-11T08:37:29.918+0000] {logging_mixin.py:188} INFO - [2024-07-11T08:37:29.917+0000] {serialized_dag.py:179} DEBUG - Writing Serialized DAG: example_branch_datetime_operator_2 to the DB
[2024-07-11T08:37:29.918+0000] {logging_mixin.py:188} INFO - [2024-07-11T08:37:29.918+0000] {serialized_dag.py:181} DEBUG - DAG: example_branch_datetime_operator_2 written to the DB
[2024-07-11T08:37:29.919+0000] {logging_mixin.py:188} INFO - [2024-07-11T08:37:29.919+0000] {dagbag.py:696} DEBUG - Syncing DAG permissions: example_branch_datetime_operator_2 to the DB
[2024-07-11T08:37:29.924+0000] {logging_mixin.py:188} INFO - [2024-07-11T08:37:29.924+0000] {override.py:1034} DEBUG - Not syncing DAG-level permissions for DAG 'DAG:example_branch_datetime_operator_2' as access control is unset.
[2024-07-11T08:37:29.925+0000] {logging_mixin.py:188} INFO - [2024-07-11T08:37:29.925+0000] {serialized_dag.py:165} DEBUG - Checking if DAG (example_branch_datetime_operator_3) changed
[2024-07-11T08:37:29.927+0000] {logging_mixin.py:188} INFO - [2024-07-11T08:37:29.927+0000] {serialized_dag.py:179} DEBUG - Writing Serialized DAG: example_branch_datetime_operator_3 to the DB
[2024-07-11T08:37:29.928+0000] {logging_mixin.py:188} INFO - [2024-07-11T08:37:29.928+0000] {serialized_dag.py:181} DEBUG - DAG: example_branch_datetime_operator_3 written to the DB
[2024-07-11T08:37:29.928+0000] {logging_mixin.py:188} INFO - [2024-07-11T08:37:29.928+0000] {dagbag.py:696} DEBUG - Syncing DAG permissions: example_branch_datetime_operator_3 to the DB
[2024-07-11T08:37:29.933+0000] {logging_mixin.py:188} INFO - [2024-07-11T08:37:29.933+0000] {override.py:1034} DEBUG - Not syncing DAG-level permissions for DAG 'DAG:example_branch_datetime_operator_3' as access control is unset.
[2024-07-11T08:37:29.934+0000] {logging_mixin.py:188} INFO - [2024-07-11T08:37:29.934+0000] {dag.py:3047} INFO - Sync 3 DAGs
[2024-07-11T08:37:29.951+0000] {logging_mixin.py:188} INFO - [2024-07-11T08:37:29.951+0000] {dag.py:3834} INFO - Setting next_dagrun for example_branch_datetime_operator to 2024-07-10 00:00:00+00:00, run_after=2024-07-11 00:00:00+00:00
[2024-07-11T08:37:29.955+0000] {logging_mixin.py:188} INFO - [2024-07-11T08:37:29.954+0000] {dag.py:3834} INFO - Setting next_dagrun for example_branch_datetime_operator_2 to 2024-07-10 00:00:00+00:00, run_after=2024-07-11 00:00:00+00:00
[2024-07-11T08:37:29.957+0000] {logging_mixin.py:188} INFO - [2024-07-11T08:37:29.957+0000] {dag.py:3834} INFO - Setting next_dagrun for example_branch_datetime_operator_3 to 2024-07-10 00:00:00+00:00, run_after=2024-07-11 00:00:00+00:00
[2024-07-11T08:37:29.969+0000] {processor.py:183} INFO - Processing /home/airflow/.local/lib/python3.10/site-packages/airflow/example_dags/example_branch_datetime_operator.py took 0.148 seconds
[2024-07-11T08:38:00.170+0000] {logging_mixin.py:188} INFO - [2024-07-11T08:38:00.169+0000] {settings.py:249} DEBUG - Setting up DB connection pool (PID 173)
[2024-07-11T08:38:00.170+0000] {logging_mixin.py:188} INFO - [2024-07-11T08:38:00.170+0000] {settings.py:350} DEBUG - settings.prepare_engine_args(): Using pool settings. pool_size=5, max_overflow=10, pool_recycle=1800, pid=173
[2024-07-11T08:38:00.172+0000] {processor.py:161} INFO - Started process (PID=173) to work on /home/airflow/.local/lib/python3.10/site-packages/airflow/example_dags/example_branch_datetime_operator.py
[2024-07-11T08:38:00.173+0000] {processor.py:830} INFO - Processing file /home/airflow/.local/lib/python3.10/site-packages/airflow/example_dags/example_branch_datetime_operator.py for tasks to queue
[2024-07-11T08:38:00.173+0000] {logging_mixin.py:188} INFO - [2024-07-11T08:38:00.173+0000] {dagbag.py:540} INFO - Filling up the DagBag from /home/airflow/.local/lib/python3.10/site-packages/airflow/example_dags/example_branch_datetime_operator.py
[2024-07-11T08:38:00.174+0000] {logging_mixin.py:188} INFO - [2024-07-11T08:38:00.174+0000] {dagbag.py:332} DEBUG - Importing /home/airflow/.local/lib/python3.10/site-packages/airflow/example_dags/example_branch_datetime_operator.py
[2024-07-11T08:38:00.176+0000] {logging_mixin.py:188} INFO - [2024-07-11T08:38:00.176+0000] {GetText.py:65} DEBUG - /home/airflow/.local/lib/python3.10/site-packages/cron_descriptor/locale/en_US.mo Loaded
[2024-07-11T08:38:00.178+0000] {logging_mixin.py:188} INFO - [2024-07-11T08:38:00.178+0000] {GetText.py:65} DEBUG - /home/airflow/.local/lib/python3.10/site-packages/cron_descriptor/locale/en_US.mo Loaded
[2024-07-11T08:38:00.179+0000] {logging_mixin.py:188} INFO - [2024-07-11T08:38:00.179+0000] {GetText.py:65} DEBUG - /home/airflow/.local/lib/python3.10/site-packages/cron_descriptor/locale/en_US.mo Loaded
[2024-07-11T08:38:00.180+0000] {logging_mixin.py:188} INFO - [2024-07-11T08:38:00.180+0000] {GetText.py:65} DEBUG - /home/airflow/.local/lib/python3.10/site-packages/cron_descriptor/locale/en_US.mo Loaded
[2024-07-11T08:38:00.182+0000] {logging_mixin.py:188} INFO - [2024-07-11T08:38:00.181+0000] {dagbag.py:506} DEBUG - Loaded DAG <DAG: example_branch_datetime_operator_3>
[2024-07-11T08:38:00.182+0000] {logging_mixin.py:188} INFO - [2024-07-11T08:38:00.182+0000] {GetText.py:65} DEBUG - /home/airflow/.local/lib/python3.10/site-packages/cron_descriptor/locale/en_US.mo Loaded
[2024-07-11T08:38:00.182+0000] {logging_mixin.py:188} INFO - [2024-07-11T08:38:00.182+0000] {dagbag.py:506} DEBUG - Loaded DAG <DAG: example_branch_datetime_operator_2>
[2024-07-11T08:38:00.183+0000] {logging_mixin.py:188} INFO - [2024-07-11T08:38:00.183+0000] {GetText.py:65} DEBUG - /home/airflow/.local/lib/python3.10/site-packages/cron_descriptor/locale/en_US.mo Loaded
[2024-07-11T08:38:00.183+0000] {logging_mixin.py:188} INFO - [2024-07-11T08:38:00.183+0000] {dagbag.py:506} DEBUG - Loaded DAG <DAG: example_branch_datetime_operator>
[2024-07-11T08:38:00.184+0000] {processor.py:840} INFO - DAG(s) 'example_branch_datetime_operator_3', 'example_branch_datetime_operator_2', 'example_branch_datetime_operator' retrieved from /home/airflow/.local/lib/python3.10/site-packages/airflow/example_dags/example_branch_datetime_operator.py
[2024-07-11T08:38:00.184+0000] {logging_mixin.py:188} INFO - [2024-07-11T08:38:00.184+0000] {dagbag.py:662} DEBUG - Running dagbag.sync_to_db with retries. Try 1 of 3
[2024-07-11T08:38:00.184+0000] {logging_mixin.py:188} INFO - [2024-07-11T08:38:00.184+0000] {dagbag.py:667} DEBUG - Calling the DAG.bulk_sync_to_db method
[2024-07-11T08:38:00.193+0000] {logging_mixin.py:188} INFO - [2024-07-11T08:38:00.192+0000] {serialized_dag.py:165} DEBUG - Checking if DAG (example_branch_datetime_operator_3) changed
[2024-07-11T08:38:00.199+0000] {logging_mixin.py:188} INFO - [2024-07-11T08:38:00.199+0000] {serialized_dag.py:176} DEBUG - Serialized DAG (example_branch_datetime_operator_3) is unchanged. Skipping writing to DB
[2024-07-11T08:38:00.200+0000] {logging_mixin.py:188} INFO - [2024-07-11T08:38:00.199+0000] {serialized_dag.py:165} DEBUG - Checking if DAG (example_branch_datetime_operator_2) changed
[2024-07-11T08:38:00.202+0000] {logging_mixin.py:188} INFO - [2024-07-11T08:38:00.202+0000] {serialized_dag.py:176} DEBUG - Serialized DAG (example_branch_datetime_operator_2) is unchanged. Skipping writing to DB
[2024-07-11T08:38:00.203+0000] {logging_mixin.py:188} INFO - [2024-07-11T08:38:00.203+0000] {serialized_dag.py:165} DEBUG - Checking if DAG (example_branch_datetime_operator) changed
[2024-07-11T08:38:00.206+0000] {logging_mixin.py:188} INFO - [2024-07-11T08:38:00.205+0000] {serialized_dag.py:176} DEBUG - Serialized DAG (example_branch_datetime_operator) is unchanged. Skipping writing to DB
[2024-07-11T08:38:00.206+0000] {logging_mixin.py:188} INFO - [2024-07-11T08:38:00.206+0000] {dag.py:3047} INFO - Sync 3 DAGs
[2024-07-11T08:38:00.224+0000] {logging_mixin.py:188} INFO - [2024-07-11T08:38:00.224+0000] {dag.py:3834} INFO - Setting next_dagrun for example_branch_datetime_operator to 2024-07-10 00:00:00+00:00, run_after=2024-07-11 00:00:00+00:00
[2024-07-11T08:38:00.229+0000] {logging_mixin.py:188} INFO - [2024-07-11T08:38:00.229+0000] {dag.py:3834} INFO - Setting next_dagrun for example_branch_datetime_operator_2 to 2024-07-10 00:00:00+00:00, run_after=2024-07-11 00:00:00+00:00
[2024-07-11T08:38:00.231+0000] {logging_mixin.py:188} INFO - [2024-07-11T08:38:00.231+0000] {dag.py:3834} INFO - Setting next_dagrun for example_branch_datetime_operator_3 to 2024-07-10 00:00:00+00:00, run_after=2024-07-11 00:00:00+00:00
[2024-07-11T08:38:00.244+0000] {processor.py:183} INFO - Processing /home/airflow/.local/lib/python3.10/site-packages/airflow/example_dags/example_branch_datetime_operator.py took 0.075 seconds
[2024-07-11T08:38:30.401+0000] {logging_mixin.py:188} INFO - [2024-07-11T08:38:30.400+0000] {settings.py:249} DEBUG - Setting up DB connection pool (PID 229)
[2024-07-11T08:38:30.402+0000] {logging_mixin.py:188} INFO - [2024-07-11T08:38:30.402+0000] {settings.py:350} DEBUG - settings.prepare_engine_args(): Using pool settings. pool_size=5, max_overflow=10, pool_recycle=1800, pid=229
[2024-07-11T08:38:30.404+0000] {processor.py:161} INFO - Started process (PID=229) to work on /home/airflow/.local/lib/python3.10/site-packages/airflow/example_dags/example_branch_datetime_operator.py
[2024-07-11T08:38:30.404+0000] {processor.py:830} INFO - Processing file /home/airflow/.local/lib/python3.10/site-packages/airflow/example_dags/example_branch_datetime_operator.py for tasks to queue
[2024-07-11T08:38:30.405+0000] {logging_mixin.py:188} INFO - [2024-07-11T08:38:30.404+0000] {dagbag.py:540} INFO - Filling up the DagBag from /home/airflow/.local/lib/python3.10/site-packages/airflow/example_dags/example_branch_datetime_operator.py
[2024-07-11T08:38:30.405+0000] {logging_mixin.py:188} INFO - [2024-07-11T08:38:30.405+0000] {dagbag.py:332} DEBUG - Importing /home/airflow/.local/lib/python3.10/site-packages/airflow/example_dags/example_branch_datetime_operator.py
[2024-07-11T08:38:30.407+0000] {logging_mixin.py:188} INFO - [2024-07-11T08:38:30.407+0000] {GetText.py:65} DEBUG - /home/airflow/.local/lib/python3.10/site-packages/cron_descriptor/locale/en_US.mo Loaded
[2024-07-11T08:38:30.410+0000] {logging_mixin.py:188} INFO - [2024-07-11T08:38:30.410+0000] {GetText.py:65} DEBUG - /home/airflow/.local/lib/python3.10/site-packages/cron_descriptor/locale/en_US.mo Loaded
[2024-07-11T08:38:30.411+0000] {logging_mixin.py:188} INFO - [2024-07-11T08:38:30.411+0000] {GetText.py:65} DEBUG - /home/airflow/.local/lib/python3.10/site-packages/cron_descriptor/locale/en_US.mo Loaded
[2024-07-11T08:38:30.412+0000] {logging_mixin.py:188} INFO - [2024-07-11T08:38:30.412+0000] {GetText.py:65} DEBUG - /home/airflow/.local/lib/python3.10/site-packages/cron_descriptor/locale/en_US.mo Loaded
[2024-07-11T08:38:30.414+0000] {logging_mixin.py:188} INFO - [2024-07-11T08:38:30.413+0000] {dagbag.py:506} DEBUG - Loaded DAG <DAG: example_branch_datetime_operator_3>
[2024-07-11T08:38:30.415+0000] {logging_mixin.py:188} INFO - [2024-07-11T08:38:30.414+0000] {GetText.py:65} DEBUG - /home/airflow/.local/lib/python3.10/site-packages/cron_descriptor/locale/en_US.mo Loaded
[2024-07-11T08:38:30.415+0000] {logging_mixin.py:188} INFO - [2024-07-11T08:38:30.415+0000] {dagbag.py:506} DEBUG - Loaded DAG <DAG: example_branch_datetime_operator_2>
[2024-07-11T08:38:30.416+0000] {logging_mixin.py:188} INFO - [2024-07-11T08:38:30.416+0000] {GetText.py:65} DEBUG - /home/airflow/.local/lib/python3.10/site-packages/cron_descriptor/locale/en_US.mo Loaded
[2024-07-11T08:38:30.416+0000] {logging_mixin.py:188} INFO - [2024-07-11T08:38:30.416+0000] {dagbag.py:506} DEBUG - Loaded DAG <DAG: example_branch_datetime_operator>
[2024-07-11T08:38:30.417+0000] {processor.py:840} INFO - DAG(s) 'example_branch_datetime_operator_3', 'example_branch_datetime_operator_2', 'example_branch_datetime_operator' retrieved from /home/airflow/.local/lib/python3.10/site-packages/airflow/example_dags/example_branch_datetime_operator.py
[2024-07-11T08:38:30.418+0000] {logging_mixin.py:188} INFO - [2024-07-11T08:38:30.417+0000] {dagbag.py:662} DEBUG - Running dagbag.sync_to_db with retries. Try 1 of 3
[2024-07-11T08:38:30.418+0000] {logging_mixin.py:188} INFO - [2024-07-11T08:38:30.418+0000] {dagbag.py:667} DEBUG - Calling the DAG.bulk_sync_to_db method
[2024-07-11T08:38:30.426+0000] {logging_mixin.py:188} INFO - [2024-07-11T08:38:30.426+0000] {serialized_dag.py:165} DEBUG - Checking if DAG (example_branch_datetime_operator_3) changed
[2024-07-11T08:38:30.433+0000] {logging_mixin.py:188} INFO - [2024-07-11T08:38:30.433+0000] {serialized_dag.py:176} DEBUG - Serialized DAG (example_branch_datetime_operator_3) is unchanged. Skipping writing to DB
[2024-07-11T08:38:30.434+0000] {logging_mixin.py:188} INFO - [2024-07-11T08:38:30.433+0000] {serialized_dag.py:165} DEBUG - Checking if DAG (example_branch_datetime_operator_2) changed
[2024-07-11T08:38:30.436+0000] {logging_mixin.py:188} INFO - [2024-07-11T08:38:30.436+0000] {serialized_dag.py:176} DEBUG - Serialized DAG (example_branch_datetime_operator_2) is unchanged. Skipping writing to DB
[2024-07-11T08:38:30.438+0000] {logging_mixin.py:188} INFO - [2024-07-11T08:38:30.437+0000] {serialized_dag.py:165} DEBUG - Checking if DAG (example_branch_datetime_operator) changed
[2024-07-11T08:38:30.441+0000] {logging_mixin.py:188} INFO - [2024-07-11T08:38:30.441+0000] {serialized_dag.py:176} DEBUG - Serialized DAG (example_branch_datetime_operator) is unchanged. Skipping writing to DB
[2024-07-11T08:38:30.441+0000] {logging_mixin.py:188} INFO - [2024-07-11T08:38:30.441+0000] {dag.py:3047} INFO - Sync 3 DAGs
[2024-07-11T08:38:30.461+0000] {logging_mixin.py:188} INFO - [2024-07-11T08:38:30.461+0000] {dag.py:3834} INFO - Setting next_dagrun for example_branch_datetime_operator to 2024-07-10 00:00:00+00:00, run_after=2024-07-11 00:00:00+00:00
[2024-07-11T08:38:30.466+0000] {logging_mixin.py:188} INFO - [2024-07-11T08:38:30.466+0000] {dag.py:3834} INFO - Setting next_dagrun for example_branch_datetime_operator_2 to 2024-07-10 00:00:00+00:00, run_after=2024-07-11 00:00:00+00:00
[2024-07-11T08:38:30.468+0000] {logging_mixin.py:188} INFO - [2024-07-11T08:38:30.468+0000] {dag.py:3834} INFO - Setting next_dagrun for example_branch_datetime_operator_3 to 2024-07-10 00:00:00+00:00, run_after=2024-07-11 00:00:00+00:00
[2024-07-11T08:38:30.481+0000] {processor.py:183} INFO - Processing /home/airflow/.local/lib/python3.10/site-packages/airflow/example_dags/example_branch_datetime_operator.py took 0.080 seconds
[2024-07-11T08:39:00.706+0000] {logging_mixin.py:188} INFO - [2024-07-11T08:39:00.705+0000] {settings.py:249} DEBUG - Setting up DB connection pool (PID 285)
[2024-07-11T08:39:00.707+0000] {logging_mixin.py:188} INFO - [2024-07-11T08:39:00.707+0000] {settings.py:350} DEBUG - settings.prepare_engine_args(): Using pool settings. pool_size=5, max_overflow=10, pool_recycle=1800, pid=285
[2024-07-11T08:39:00.709+0000] {processor.py:161} INFO - Started process (PID=285) to work on /home/airflow/.local/lib/python3.10/site-packages/airflow/example_dags/example_branch_datetime_operator.py
[2024-07-11T08:39:00.709+0000] {processor.py:830} INFO - Processing file /home/airflow/.local/lib/python3.10/site-packages/airflow/example_dags/example_branch_datetime_operator.py for tasks to queue
[2024-07-11T08:39:00.710+0000] {logging_mixin.py:188} INFO - [2024-07-11T08:39:00.710+0000] {dagbag.py:540} INFO - Filling up the DagBag from /home/airflow/.local/lib/python3.10/site-packages/airflow/example_dags/example_branch_datetime_operator.py
[2024-07-11T08:39:00.711+0000] {logging_mixin.py:188} INFO - [2024-07-11T08:39:00.711+0000] {dagbag.py:332} DEBUG - Importing /home/airflow/.local/lib/python3.10/site-packages/airflow/example_dags/example_branch_datetime_operator.py
[2024-07-11T08:39:00.713+0000] {logging_mixin.py:188} INFO - [2024-07-11T08:39:00.713+0000] {GetText.py:65} DEBUG - /home/airflow/.local/lib/python3.10/site-packages/cron_descriptor/locale/en_US.mo Loaded
[2024-07-11T08:39:00.716+0000] {logging_mixin.py:188} INFO - [2024-07-11T08:39:00.716+0000] {GetText.py:65} DEBUG - /home/airflow/.local/lib/python3.10/site-packages/cron_descriptor/locale/en_US.mo Loaded
[2024-07-11T08:39:00.717+0000] {logging_mixin.py:188} INFO - [2024-07-11T08:39:00.717+0000] {GetText.py:65} DEBUG - /home/airflow/.local/lib/python3.10/site-packages/cron_descriptor/locale/en_US.mo Loaded
[2024-07-11T08:39:00.718+0000] {logging_mixin.py:188} INFO - [2024-07-11T08:39:00.718+0000] {GetText.py:65} DEBUG - /home/airflow/.local/lib/python3.10/site-packages/cron_descriptor/locale/en_US.mo Loaded
[2024-07-11T08:39:00.720+0000] {logging_mixin.py:188} INFO - [2024-07-11T08:39:00.719+0000] {dagbag.py:506} DEBUG - Loaded DAG <DAG: example_branch_datetime_operator_3>
[2024-07-11T08:39:00.720+0000] {logging_mixin.py:188} INFO - [2024-07-11T08:39:00.720+0000] {GetText.py:65} DEBUG - /home/airflow/.local/lib/python3.10/site-packages/cron_descriptor/locale/en_US.mo Loaded
[2024-07-11T08:39:00.721+0000] {logging_mixin.py:188} INFO - [2024-07-11T08:39:00.721+0000] {dagbag.py:506} DEBUG - Loaded DAG <DAG: example_branch_datetime_operator>
[2024-07-11T08:39:00.721+0000] {logging_mixin.py:188} INFO - [2024-07-11T08:39:00.721+0000] {GetText.py:65} DEBUG - /home/airflow/.local/lib/python3.10/site-packages/cron_descriptor/locale/en_US.mo Loaded
[2024-07-11T08:39:00.722+0000] {logging_mixin.py:188} INFO - [2024-07-11T08:39:00.722+0000] {dagbag.py:506} DEBUG - Loaded DAG <DAG: example_branch_datetime_operator_2>
[2024-07-11T08:39:00.722+0000] {processor.py:840} INFO - DAG(s) 'example_branch_datetime_operator_3', 'example_branch_datetime_operator', 'example_branch_datetime_operator_2' retrieved from /home/airflow/.local/lib/python3.10/site-packages/airflow/example_dags/example_branch_datetime_operator.py
[2024-07-11T08:39:00.723+0000] {logging_mixin.py:188} INFO - [2024-07-11T08:39:00.723+0000] {dagbag.py:662} DEBUG - Running dagbag.sync_to_db with retries. Try 1 of 3
[2024-07-11T08:39:00.723+0000] {logging_mixin.py:188} INFO - [2024-07-11T08:39:00.723+0000] {dagbag.py:667} DEBUG - Calling the DAG.bulk_sync_to_db method
[2024-07-11T08:39:00.732+0000] {logging_mixin.py:188} INFO - [2024-07-11T08:39:00.732+0000] {serialized_dag.py:165} DEBUG - Checking if DAG (example_branch_datetime_operator_3) changed
[2024-07-11T08:39:00.738+0000] {logging_mixin.py:188} INFO - [2024-07-11T08:39:00.738+0000] {serialized_dag.py:176} DEBUG - Serialized DAG (example_branch_datetime_operator_3) is unchanged. Skipping writing to DB
[2024-07-11T08:39:00.739+0000] {logging_mixin.py:188} INFO - [2024-07-11T08:39:00.739+0000] {serialized_dag.py:165} DEBUG - Checking if DAG (example_branch_datetime_operator) changed
[2024-07-11T08:39:00.742+0000] {logging_mixin.py:188} INFO - [2024-07-11T08:39:00.742+0000] {serialized_dag.py:176} DEBUG - Serialized DAG (example_branch_datetime_operator) is unchanged. Skipping writing to DB
[2024-07-11T08:39:00.743+0000] {logging_mixin.py:188} INFO - [2024-07-11T08:39:00.743+0000] {serialized_dag.py:165} DEBUG - Checking if DAG (example_branch_datetime_operator_2) changed
[2024-07-11T08:39:00.746+0000] {logging_mixin.py:188} INFO - [2024-07-11T08:39:00.746+0000] {serialized_dag.py:176} DEBUG - Serialized DAG (example_branch_datetime_operator_2) is unchanged. Skipping writing to DB
[2024-07-11T08:39:00.746+0000] {logging_mixin.py:188} INFO - [2024-07-11T08:39:00.746+0000] {dag.py:3047} INFO - Sync 3 DAGs
[2024-07-11T08:39:00.765+0000] {logging_mixin.py:188} INFO - [2024-07-11T08:39:00.764+0000] {dag.py:3834} INFO - Setting next_dagrun for example_branch_datetime_operator to 2024-07-10 00:00:00+00:00, run_after=2024-07-11 00:00:00+00:00
[2024-07-11T08:39:00.770+0000] {logging_mixin.py:188} INFO - [2024-07-11T08:39:00.769+0000] {dag.py:3834} INFO - Setting next_dagrun for example_branch_datetime_operator_2 to 2024-07-10 00:00:00+00:00, run_after=2024-07-11 00:00:00+00:00
[2024-07-11T08:39:00.772+0000] {logging_mixin.py:188} INFO - [2024-07-11T08:39:00.772+0000] {dag.py:3834} INFO - Setting next_dagrun for example_branch_datetime_operator_3 to 2024-07-10 00:00:00+00:00, run_after=2024-07-11 00:00:00+00:00
[2024-07-11T08:39:00.785+0000] {processor.py:183} INFO - Processing /home/airflow/.local/lib/python3.10/site-packages/airflow/example_dags/example_branch_datetime_operator.py took 0.080 seconds
[2024-07-11T08:39:30.980+0000] {logging_mixin.py:188} INFO - [2024-07-11T08:39:30.980+0000] {settings.py:249} DEBUG - Setting up DB connection pool (PID 341)
[2024-07-11T08:39:30.981+0000] {logging_mixin.py:188} INFO - [2024-07-11T08:39:30.981+0000] {settings.py:350} DEBUG - settings.prepare_engine_args(): Using pool settings. pool_size=5, max_overflow=10, pool_recycle=1800, pid=341
[2024-07-11T08:39:30.983+0000] {processor.py:161} INFO - Started process (PID=341) to work on /home/airflow/.local/lib/python3.10/site-packages/airflow/example_dags/example_branch_datetime_operator.py
[2024-07-11T08:39:30.983+0000] {processor.py:830} INFO - Processing file /home/airflow/.local/lib/python3.10/site-packages/airflow/example_dags/example_branch_datetime_operator.py for tasks to queue
[2024-07-11T08:39:30.983+0000] {logging_mixin.py:188} INFO - [2024-07-11T08:39:30.983+0000] {dagbag.py:540} INFO - Filling up the DagBag from /home/airflow/.local/lib/python3.10/site-packages/airflow/example_dags/example_branch_datetime_operator.py
[2024-07-11T08:39:30.984+0000] {logging_mixin.py:188} INFO - [2024-07-11T08:39:30.984+0000] {dagbag.py:332} DEBUG - Importing /home/airflow/.local/lib/python3.10/site-packages/airflow/example_dags/example_branch_datetime_operator.py
[2024-07-11T08:39:30.986+0000] {logging_mixin.py:188} INFO - [2024-07-11T08:39:30.986+0000] {GetText.py:65} DEBUG - /home/airflow/.local/lib/python3.10/site-packages/cron_descriptor/locale/en_US.mo Loaded
[2024-07-11T08:39:30.988+0000] {logging_mixin.py:188} INFO - [2024-07-11T08:39:30.988+0000] {GetText.py:65} DEBUG - /home/airflow/.local/lib/python3.10/site-packages/cron_descriptor/locale/en_US.mo Loaded
[2024-07-11T08:39:30.990+0000] {logging_mixin.py:188} INFO - [2024-07-11T08:39:30.989+0000] {GetText.py:65} DEBUG - /home/airflow/.local/lib/python3.10/site-packages/cron_descriptor/locale/en_US.mo Loaded
[2024-07-11T08:39:30.990+0000] {logging_mixin.py:188} INFO - [2024-07-11T08:39:30.990+0000] {GetText.py:65} DEBUG - /home/airflow/.local/lib/python3.10/site-packages/cron_descriptor/locale/en_US.mo Loaded
[2024-07-11T08:39:30.991+0000] {logging_mixin.py:188} INFO - [2024-07-11T08:39:30.991+0000] {dagbag.py:506} DEBUG - Loaded DAG <DAG: example_branch_datetime_operator>
[2024-07-11T08:39:30.992+0000] {logging_mixin.py:188} INFO - [2024-07-11T08:39:30.992+0000] {GetText.py:65} DEBUG - /home/airflow/.local/lib/python3.10/site-packages/cron_descriptor/locale/en_US.mo Loaded
[2024-07-11T08:39:30.992+0000] {logging_mixin.py:188} INFO - [2024-07-11T08:39:30.992+0000] {dagbag.py:506} DEBUG - Loaded DAG <DAG: example_branch_datetime_operator_2>
[2024-07-11T08:39:30.993+0000] {logging_mixin.py:188} INFO - [2024-07-11T08:39:30.993+0000] {GetText.py:65} DEBUG - /home/airflow/.local/lib/python3.10/site-packages/cron_descriptor/locale/en_US.mo Loaded
[2024-07-11T08:39:30.993+0000] {logging_mixin.py:188} INFO - [2024-07-11T08:39:30.993+0000] {dagbag.py:506} DEBUG - Loaded DAG <DAG: example_branch_datetime_operator_3>
[2024-07-11T08:39:30.993+0000] {processor.py:840} INFO - DAG(s) 'example_branch_datetime_operator', 'example_branch_datetime_operator_2', 'example_branch_datetime_operator_3' retrieved from /home/airflow/.local/lib/python3.10/site-packages/airflow/example_dags/example_branch_datetime_operator.py
[2024-07-11T08:39:30.994+0000] {logging_mixin.py:188} INFO - [2024-07-11T08:39:30.994+0000] {dagbag.py:662} DEBUG - Running dagbag.sync_to_db with retries. Try 1 of 3
[2024-07-11T08:39:30.994+0000] {logging_mixin.py:188} INFO - [2024-07-11T08:39:30.994+0000] {dagbag.py:667} DEBUG - Calling the DAG.bulk_sync_to_db method
[2024-07-11T08:39:31.002+0000] {logging_mixin.py:188} INFO - [2024-07-11T08:39:31.001+0000] {serialized_dag.py:165} DEBUG - Checking if DAG (example_branch_datetime_operator) changed
[2024-07-11T08:39:31.008+0000] {logging_mixin.py:188} INFO - [2024-07-11T08:39:31.007+0000] {serialized_dag.py:176} DEBUG - Serialized DAG (example_branch_datetime_operator) is unchanged. Skipping writing to DB
[2024-07-11T08:39:31.008+0000] {logging_mixin.py:188} INFO - [2024-07-11T08:39:31.008+0000] {serialized_dag.py:165} DEBUG - Checking if DAG (example_branch_datetime_operator_2) changed
[2024-07-11T08:39:31.010+0000] {logging_mixin.py:188} INFO - [2024-07-11T08:39:31.010+0000] {serialized_dag.py:176} DEBUG - Serialized DAG (example_branch_datetime_operator_2) is unchanged. Skipping writing to DB
[2024-07-11T08:39:31.011+0000] {logging_mixin.py:188} INFO - [2024-07-11T08:39:31.011+0000] {serialized_dag.py:165} DEBUG - Checking if DAG (example_branch_datetime_operator_3) changed
[2024-07-11T08:39:31.013+0000] {logging_mixin.py:188} INFO - [2024-07-11T08:39:31.013+0000] {serialized_dag.py:176} DEBUG - Serialized DAG (example_branch_datetime_operator_3) is unchanged. Skipping writing to DB
[2024-07-11T08:39:31.013+0000] {logging_mixin.py:188} INFO - [2024-07-11T08:39:31.013+0000] {dag.py:3047} INFO - Sync 3 DAGs
[2024-07-11T08:39:31.031+0000] {logging_mixin.py:188} INFO - [2024-07-11T08:39:31.030+0000] {dag.py:3834} INFO - Setting next_dagrun for example_branch_datetime_operator to 2024-07-10 00:00:00+00:00, run_after=2024-07-11 00:00:00+00:00
[2024-07-11T08:39:31.034+0000] {logging_mixin.py:188} INFO - [2024-07-11T08:39:31.034+0000] {dag.py:3834} INFO - Setting next_dagrun for example_branch_datetime_operator_2 to 2024-07-10 00:00:00+00:00, run_after=2024-07-11 00:00:00+00:00
[2024-07-11T08:39:31.037+0000] {logging_mixin.py:188} INFO - [2024-07-11T08:39:31.036+0000] {dag.py:3834} INFO - Setting next_dagrun for example_branch_datetime_operator_3 to 2024-07-10 00:00:00+00:00, run_after=2024-07-11 00:00:00+00:00
[2024-07-11T08:39:31.048+0000] {processor.py:183} INFO - Processing /home/airflow/.local/lib/python3.10/site-packages/airflow/example_dags/example_branch_datetime_operator.py took 0.068 seconds
[2024-07-11T08:40:01.183+0000] {logging_mixin.py:188} INFO - [2024-07-11T08:40:01.182+0000] {settings.py:249} DEBUG - Setting up DB connection pool (PID 397)
[2024-07-11T08:40:01.183+0000] {logging_mixin.py:188} INFO - [2024-07-11T08:40:01.183+0000] {settings.py:350} DEBUG - settings.prepare_engine_args(): Using pool settings. pool_size=5, max_overflow=10, pool_recycle=1800, pid=397
[2024-07-11T08:40:01.185+0000] {processor.py:161} INFO - Started process (PID=397) to work on /home/airflow/.local/lib/python3.10/site-packages/airflow/example_dags/example_branch_datetime_operator.py
[2024-07-11T08:40:01.186+0000] {processor.py:830} INFO - Processing file /home/airflow/.local/lib/python3.10/site-packages/airflow/example_dags/example_branch_datetime_operator.py for tasks to queue
[2024-07-11T08:40:01.186+0000] {logging_mixin.py:188} INFO - [2024-07-11T08:40:01.186+0000] {dagbag.py:540} INFO - Filling up the DagBag from /home/airflow/.local/lib/python3.10/site-packages/airflow/example_dags/example_branch_datetime_operator.py
[2024-07-11T08:40:01.187+0000] {logging_mixin.py:188} INFO - [2024-07-11T08:40:01.187+0000] {dagbag.py:332} DEBUG - Importing /home/airflow/.local/lib/python3.10/site-packages/airflow/example_dags/example_branch_datetime_operator.py
[2024-07-11T08:40:01.189+0000] {logging_mixin.py:188} INFO - [2024-07-11T08:40:01.189+0000] {GetText.py:65} DEBUG - /home/airflow/.local/lib/python3.10/site-packages/cron_descriptor/locale/en_US.mo Loaded
[2024-07-11T08:40:01.191+0000] {logging_mixin.py:188} INFO - [2024-07-11T08:40:01.191+0000] {GetText.py:65} DEBUG - /home/airflow/.local/lib/python3.10/site-packages/cron_descriptor/locale/en_US.mo Loaded
[2024-07-11T08:40:01.192+0000] {logging_mixin.py:188} INFO - [2024-07-11T08:40:01.192+0000] {GetText.py:65} DEBUG - /home/airflow/.local/lib/python3.10/site-packages/cron_descriptor/locale/en_US.mo Loaded
[2024-07-11T08:40:01.193+0000] {logging_mixin.py:188} INFO - [2024-07-11T08:40:01.193+0000] {GetText.py:65} DEBUG - /home/airflow/.local/lib/python3.10/site-packages/cron_descriptor/locale/en_US.mo Loaded
[2024-07-11T08:40:01.194+0000] {logging_mixin.py:188} INFO - [2024-07-11T08:40:01.193+0000] {dagbag.py:506} DEBUG - Loaded DAG <DAG: example_branch_datetime_operator_2>
[2024-07-11T08:40:01.194+0000] {logging_mixin.py:188} INFO - [2024-07-11T08:40:01.194+0000] {GetText.py:65} DEBUG - /home/airflow/.local/lib/python3.10/site-packages/cron_descriptor/locale/en_US.mo Loaded
[2024-07-11T08:40:01.195+0000] {logging_mixin.py:188} INFO - [2024-07-11T08:40:01.195+0000] {dagbag.py:506} DEBUG - Loaded DAG <DAG: example_branch_datetime_operator>
[2024-07-11T08:40:01.195+0000] {logging_mixin.py:188} INFO - [2024-07-11T08:40:01.195+0000] {GetText.py:65} DEBUG - /home/airflow/.local/lib/python3.10/site-packages/cron_descriptor/locale/en_US.mo Loaded
[2024-07-11T08:40:01.195+0000] {logging_mixin.py:188} INFO - [2024-07-11T08:40:01.195+0000] {dagbag.py:506} DEBUG - Loaded DAG <DAG: example_branch_datetime_operator_3>
[2024-07-11T08:40:01.196+0000] {processor.py:840} INFO - DAG(s) 'example_branch_datetime_operator_2', 'example_branch_datetime_operator', 'example_branch_datetime_operator_3' retrieved from /home/airflow/.local/lib/python3.10/site-packages/airflow/example_dags/example_branch_datetime_operator.py
[2024-07-11T08:40:01.196+0000] {logging_mixin.py:188} INFO - [2024-07-11T08:40:01.196+0000] {dagbag.py:662} DEBUG - Running dagbag.sync_to_db with retries. Try 1 of 3
[2024-07-11T08:40:01.196+0000] {logging_mixin.py:188} INFO - [2024-07-11T08:40:01.196+0000] {dagbag.py:667} DEBUG - Calling the DAG.bulk_sync_to_db method
[2024-07-11T08:40:01.204+0000] {logging_mixin.py:188} INFO - [2024-07-11T08:40:01.204+0000] {serialized_dag.py:165} DEBUG - Checking if DAG (example_branch_datetime_operator_2) changed
[2024-07-11T08:40:01.210+0000] {logging_mixin.py:188} INFO - [2024-07-11T08:40:01.210+0000] {serialized_dag.py:176} DEBUG - Serialized DAG (example_branch_datetime_operator_2) is unchanged. Skipping writing to DB
[2024-07-11T08:40:01.211+0000] {logging_mixin.py:188} INFO - [2024-07-11T08:40:01.211+0000] {serialized_dag.py:165} DEBUG - Checking if DAG (example_branch_datetime_operator) changed
[2024-07-11T08:40:01.213+0000] {logging_mixin.py:188} INFO - [2024-07-11T08:40:01.213+0000] {serialized_dag.py:176} DEBUG - Serialized DAG (example_branch_datetime_operator) is unchanged. Skipping writing to DB
[2024-07-11T08:40:01.214+0000] {logging_mixin.py:188} INFO - [2024-07-11T08:40:01.214+0000] {serialized_dag.py:165} DEBUG - Checking if DAG (example_branch_datetime_operator_3) changed
[2024-07-11T08:40:01.216+0000] {logging_mixin.py:188} INFO - [2024-07-11T08:40:01.216+0000] {serialized_dag.py:176} DEBUG - Serialized DAG (example_branch_datetime_operator_3) is unchanged. Skipping writing to DB
[2024-07-11T08:40:01.216+0000] {logging_mixin.py:188} INFO - [2024-07-11T08:40:01.216+0000] {dag.py:3047} INFO - Sync 3 DAGs
[2024-07-11T08:40:01.232+0000] {logging_mixin.py:188} INFO - [2024-07-11T08:40:01.232+0000] {dag.py:3834} INFO - Setting next_dagrun for example_branch_datetime_operator to 2024-07-10 00:00:00+00:00, run_after=2024-07-11 00:00:00+00:00
[2024-07-11T08:40:01.236+0000] {logging_mixin.py:188} INFO - [2024-07-11T08:40:01.236+0000] {dag.py:3834} INFO - Setting next_dagrun for example_branch_datetime_operator_2 to 2024-07-10 00:00:00+00:00, run_after=2024-07-11 00:00:00+00:00
[2024-07-11T08:40:01.238+0000] {logging_mixin.py:188} INFO - [2024-07-11T08:40:01.238+0000] {dag.py:3834} INFO - Setting next_dagrun for example_branch_datetime_operator_3 to 2024-07-10 00:00:00+00:00, run_after=2024-07-11 00:00:00+00:00
[2024-07-11T08:40:01.250+0000] {processor.py:183} INFO - Processing /home/airflow/.local/lib/python3.10/site-packages/airflow/example_dags/example_branch_datetime_operator.py took 0.068 seconds
[2024-07-11T08:41:13.085+0000] {logging_mixin.py:188} INFO - [2024-07-11T08:41:13.084+0000] {settings.py:249} DEBUG - Setting up DB connection pool (PID 61)
[2024-07-11T08:41:13.086+0000] {logging_mixin.py:188} INFO - [2024-07-11T08:41:13.085+0000] {settings.py:350} DEBUG - settings.prepare_engine_args(): Using pool settings. pool_size=5, max_overflow=10, pool_recycle=1800, pid=61
[2024-07-11T08:41:13.088+0000] {processor.py:161} INFO - Started process (PID=61) to work on /home/airflow/.local/lib/python3.10/site-packages/airflow/example_dags/example_branch_datetime_operator.py
[2024-07-11T08:41:13.088+0000] {processor.py:830} INFO - Processing file /home/airflow/.local/lib/python3.10/site-packages/airflow/example_dags/example_branch_datetime_operator.py for tasks to queue
[2024-07-11T08:41:13.088+0000] {logging_mixin.py:188} INFO - [2024-07-11T08:41:13.088+0000] {dagbag.py:540} INFO - Filling up the DagBag from /home/airflow/.local/lib/python3.10/site-packages/airflow/example_dags/example_branch_datetime_operator.py
[2024-07-11T08:41:13.089+0000] {logging_mixin.py:188} INFO - [2024-07-11T08:41:13.089+0000] {dagbag.py:332} DEBUG - Importing /home/airflow/.local/lib/python3.10/site-packages/airflow/example_dags/example_branch_datetime_operator.py
[2024-07-11T08:41:13.092+0000] {logging_mixin.py:188} INFO - [2024-07-11T08:41:13.092+0000] {GetText.py:65} DEBUG - /home/airflow/.local/lib/python3.10/site-packages/cron_descriptor/locale/en_US.mo Loaded
[2024-07-11T08:41:13.095+0000] {logging_mixin.py:188} INFO - [2024-07-11T08:41:13.095+0000] {GetText.py:65} DEBUG - /home/airflow/.local/lib/python3.10/site-packages/cron_descriptor/locale/en_US.mo Loaded
[2024-07-11T08:41:13.096+0000] {logging_mixin.py:188} INFO - [2024-07-11T08:41:13.096+0000] {GetText.py:65} DEBUG - /home/airflow/.local/lib/python3.10/site-packages/cron_descriptor/locale/en_US.mo Loaded
[2024-07-11T08:41:13.098+0000] {logging_mixin.py:188} INFO - [2024-07-11T08:41:13.098+0000] {GetText.py:65} DEBUG - /home/airflow/.local/lib/python3.10/site-packages/cron_descriptor/locale/en_US.mo Loaded
[2024-07-11T08:41:13.099+0000] {logging_mixin.py:188} INFO - [2024-07-11T08:41:13.098+0000] {dagbag.py:506} DEBUG - Loaded DAG <DAG: example_branch_datetime_operator_3>
[2024-07-11T08:41:13.100+0000] {logging_mixin.py:188} INFO - [2024-07-11T08:41:13.100+0000] {GetText.py:65} DEBUG - /home/airflow/.local/lib/python3.10/site-packages/cron_descriptor/locale/en_US.mo Loaded
[2024-07-11T08:41:13.100+0000] {logging_mixin.py:188} INFO - [2024-07-11T08:41:13.100+0000] {dagbag.py:506} DEBUG - Loaded DAG <DAG: example_branch_datetime_operator>
[2024-07-11T08:41:13.101+0000] {logging_mixin.py:188} INFO - [2024-07-11T08:41:13.101+0000] {GetText.py:65} DEBUG - /home/airflow/.local/lib/python3.10/site-packages/cron_descriptor/locale/en_US.mo Loaded
[2024-07-11T08:41:13.102+0000] {logging_mixin.py:188} INFO - [2024-07-11T08:41:13.101+0000] {dagbag.py:506} DEBUG - Loaded DAG <DAG: example_branch_datetime_operator_2>
[2024-07-11T08:41:13.102+0000] {processor.py:840} INFO - DAG(s) 'example_branch_datetime_operator_3', 'example_branch_datetime_operator', 'example_branch_datetime_operator_2' retrieved from /home/airflow/.local/lib/python3.10/site-packages/airflow/example_dags/example_branch_datetime_operator.py
[2024-07-11T08:41:13.102+0000] {logging_mixin.py:188} INFO - [2024-07-11T08:41:13.102+0000] {dagbag.py:662} DEBUG - Running dagbag.sync_to_db with retries. Try 1 of 3
[2024-07-11T08:41:13.103+0000] {logging_mixin.py:188} INFO - [2024-07-11T08:41:13.103+0000] {dagbag.py:667} DEBUG - Calling the DAG.bulk_sync_to_db method
[2024-07-11T08:41:13.114+0000] {logging_mixin.py:188} INFO - [2024-07-11T08:41:13.114+0000] {dag.py:3047} INFO - Sync 3 DAGs
[2024-07-11T08:41:13.148+0000] {logging_mixin.py:188} INFO - [2024-07-11T08:41:13.148+0000] {dag.py:3834} INFO - Setting next_dagrun for example_branch_datetime_operator to 2024-07-10 00:00:00+00:00, run_after=2024-07-11 00:00:00+00:00
[2024-07-11T08:41:13.156+0000] {logging_mixin.py:188} INFO - [2024-07-11T08:41:13.155+0000] {dag.py:3834} INFO - Setting next_dagrun for example_branch_datetime_operator_2 to 2024-07-10 00:00:00+00:00, run_after=2024-07-11 00:00:00+00:00
[2024-07-11T08:41:13.160+0000] {logging_mixin.py:188} INFO - [2024-07-11T08:41:13.159+0000] {dag.py:3834} INFO - Setting next_dagrun for example_branch_datetime_operator_3 to 2024-07-10 00:00:00+00:00, run_after=2024-07-11 00:00:00+00:00
[2024-07-11T08:41:13.179+0000] {processor.py:183} INFO - Processing /home/airflow/.local/lib/python3.10/site-packages/airflow/example_dags/example_branch_datetime_operator.py took 0.095 seconds
[2024-07-11T08:41:44.470+0000] {logging_mixin.py:188} INFO - [2024-07-11T08:41:44.469+0000] {settings.py:249} DEBUG - Setting up DB connection pool (PID 117)
[2024-07-11T08:41:44.471+0000] {logging_mixin.py:188} INFO - [2024-07-11T08:41:44.470+0000] {settings.py:350} DEBUG - settings.prepare_engine_args(): Using pool settings. pool_size=5, max_overflow=10, pool_recycle=1800, pid=117
[2024-07-11T08:41:44.473+0000] {processor.py:161} INFO - Started process (PID=117) to work on /home/airflow/.local/lib/python3.10/site-packages/airflow/example_dags/example_branch_datetime_operator.py
[2024-07-11T08:41:44.473+0000] {processor.py:830} INFO - Processing file /home/airflow/.local/lib/python3.10/site-packages/airflow/example_dags/example_branch_datetime_operator.py for tasks to queue
[2024-07-11T08:41:44.474+0000] {logging_mixin.py:188} INFO - [2024-07-11T08:41:44.473+0000] {dagbag.py:540} INFO - Filling up the DagBag from /home/airflow/.local/lib/python3.10/site-packages/airflow/example_dags/example_branch_datetime_operator.py
[2024-07-11T08:41:44.475+0000] {logging_mixin.py:188} INFO - [2024-07-11T08:41:44.474+0000] {dagbag.py:332} DEBUG - Importing /home/airflow/.local/lib/python3.10/site-packages/airflow/example_dags/example_branch_datetime_operator.py
[2024-07-11T08:41:44.476+0000] {logging_mixin.py:188} INFO - [2024-07-11T08:41:44.476+0000] {GetText.py:65} DEBUG - /home/airflow/.local/lib/python3.10/site-packages/cron_descriptor/locale/en_US.mo Loaded
[2024-07-11T08:41:44.479+0000] {logging_mixin.py:188} INFO - [2024-07-11T08:41:44.479+0000] {GetText.py:65} DEBUG - /home/airflow/.local/lib/python3.10/site-packages/cron_descriptor/locale/en_US.mo Loaded
[2024-07-11T08:41:44.480+0000] {logging_mixin.py:188} INFO - [2024-07-11T08:41:44.480+0000] {GetText.py:65} DEBUG - /home/airflow/.local/lib/python3.10/site-packages/cron_descriptor/locale/en_US.mo Loaded
[2024-07-11T08:41:44.481+0000] {logging_mixin.py:188} INFO - [2024-07-11T08:41:44.481+0000] {GetText.py:65} DEBUG - /home/airflow/.local/lib/python3.10/site-packages/cron_descriptor/locale/en_US.mo Loaded
[2024-07-11T08:41:44.483+0000] {logging_mixin.py:188} INFO - [2024-07-11T08:41:44.482+0000] {dagbag.py:506} DEBUG - Loaded DAG <DAG: example_branch_datetime_operator_3>
[2024-07-11T08:41:44.483+0000] {logging_mixin.py:188} INFO - [2024-07-11T08:41:44.483+0000] {GetText.py:65} DEBUG - /home/airflow/.local/lib/python3.10/site-packages/cron_descriptor/locale/en_US.mo Loaded
[2024-07-11T08:41:44.484+0000] {logging_mixin.py:188} INFO - [2024-07-11T08:41:44.484+0000] {dagbag.py:506} DEBUG - Loaded DAG <DAG: example_branch_datetime_operator_2>
[2024-07-11T08:41:44.484+0000] {logging_mixin.py:188} INFO - [2024-07-11T08:41:44.484+0000] {GetText.py:65} DEBUG - /home/airflow/.local/lib/python3.10/site-packages/cron_descriptor/locale/en_US.mo Loaded
[2024-07-11T08:41:44.485+0000] {logging_mixin.py:188} INFO - [2024-07-11T08:41:44.485+0000] {dagbag.py:506} DEBUG - Loaded DAG <DAG: example_branch_datetime_operator>
[2024-07-11T08:41:44.485+0000] {processor.py:840} INFO - DAG(s) 'example_branch_datetime_operator_3', 'example_branch_datetime_operator_2', 'example_branch_datetime_operator' retrieved from /home/airflow/.local/lib/python3.10/site-packages/airflow/example_dags/example_branch_datetime_operator.py
[2024-07-11T08:41:44.486+0000] {logging_mixin.py:188} INFO - [2024-07-11T08:41:44.486+0000] {dagbag.py:662} DEBUG - Running dagbag.sync_to_db with retries. Try 1 of 3
[2024-07-11T08:41:44.486+0000] {logging_mixin.py:188} INFO - [2024-07-11T08:41:44.486+0000] {dagbag.py:667} DEBUG - Calling the DAG.bulk_sync_to_db method
[2024-07-11T08:41:44.494+0000] {logging_mixin.py:188} INFO - [2024-07-11T08:41:44.494+0000] {serialized_dag.py:165} DEBUG - Checking if DAG (example_branch_datetime_operator_3) changed
[2024-07-11T08:41:44.501+0000] {logging_mixin.py:188} INFO - [2024-07-11T08:41:44.501+0000] {serialized_dag.py:179} DEBUG - Writing Serialized DAG: example_branch_datetime_operator_3 to the DB
[2024-07-11T08:41:44.504+0000] {logging_mixin.py:188} INFO - [2024-07-11T08:41:44.504+0000] {serialized_dag.py:181} DEBUG - DAG: example_branch_datetime_operator_3 written to the DB
[2024-07-11T08:41:44.505+0000] {logging_mixin.py:188} INFO - [2024-07-11T08:41:44.504+0000] {dagbag.py:696} DEBUG - Syncing DAG permissions: example_branch_datetime_operator_3 to the DB
[2024-07-11T08:41:44.569+0000] {logging_mixin.py:188} INFO - [2024-07-11T08:41:44.569+0000] {override.py:1034} DEBUG - Not syncing DAG-level permissions for DAG 'DAG:example_branch_datetime_operator_3' as access control is unset.
[2024-07-11T08:41:44.570+0000] {logging_mixin.py:188} INFO - [2024-07-11T08:41:44.570+0000] {serialized_dag.py:165} DEBUG - Checking if DAG (example_branch_datetime_operator_2) changed
[2024-07-11T08:41:44.573+0000] {logging_mixin.py:188} INFO - [2024-07-11T08:41:44.572+0000] {serialized_dag.py:179} DEBUG - Writing Serialized DAG: example_branch_datetime_operator_2 to the DB
[2024-07-11T08:41:44.574+0000] {logging_mixin.py:188} INFO - [2024-07-11T08:41:44.573+0000] {serialized_dag.py:181} DEBUG - DAG: example_branch_datetime_operator_2 written to the DB
[2024-07-11T08:41:44.574+0000] {logging_mixin.py:188} INFO - [2024-07-11T08:41:44.574+0000] {dagbag.py:696} DEBUG - Syncing DAG permissions: example_branch_datetime_operator_2 to the DB
[2024-07-11T08:41:44.580+0000] {logging_mixin.py:188} INFO - [2024-07-11T08:41:44.580+0000] {override.py:1034} DEBUG - Not syncing DAG-level permissions for DAG 'DAG:example_branch_datetime_operator_2' as access control is unset.
[2024-07-11T08:41:44.581+0000] {logging_mixin.py:188} INFO - [2024-07-11T08:41:44.581+0000] {serialized_dag.py:165} DEBUG - Checking if DAG (example_branch_datetime_operator) changed
[2024-07-11T08:41:44.584+0000] {logging_mixin.py:188} INFO - [2024-07-11T08:41:44.583+0000] {serialized_dag.py:179} DEBUG - Writing Serialized DAG: example_branch_datetime_operator to the DB
[2024-07-11T08:41:44.585+0000] {logging_mixin.py:188} INFO - [2024-07-11T08:41:44.584+0000] {serialized_dag.py:181} DEBUG - DAG: example_branch_datetime_operator written to the DB
[2024-07-11T08:41:44.585+0000] {logging_mixin.py:188} INFO - [2024-07-11T08:41:44.585+0000] {dagbag.py:696} DEBUG - Syncing DAG permissions: example_branch_datetime_operator to the DB
[2024-07-11T08:41:44.591+0000] {logging_mixin.py:188} INFO - [2024-07-11T08:41:44.591+0000] {override.py:1034} DEBUG - Not syncing DAG-level permissions for DAG 'DAG:example_branch_datetime_operator' as access control is unset.
[2024-07-11T08:41:44.591+0000] {logging_mixin.py:188} INFO - [2024-07-11T08:41:44.591+0000] {dag.py:3047} INFO - Sync 3 DAGs
[2024-07-11T08:41:44.610+0000] {logging_mixin.py:188} INFO - [2024-07-11T08:41:44.610+0000] {dag.py:3834} INFO - Setting next_dagrun for example_branch_datetime_operator to 2024-07-10 00:00:00+00:00, run_after=2024-07-11 00:00:00+00:00
[2024-07-11T08:41:44.614+0000] {logging_mixin.py:188} INFO - [2024-07-11T08:41:44.614+0000] {dag.py:3834} INFO - Setting next_dagrun for example_branch_datetime_operator_2 to 2024-07-10 00:00:00+00:00, run_after=2024-07-11 00:00:00+00:00
[2024-07-11T08:41:44.617+0000] {logging_mixin.py:188} INFO - [2024-07-11T08:41:44.616+0000] {dag.py:3834} INFO - Setting next_dagrun for example_branch_datetime_operator_3 to 2024-07-10 00:00:00+00:00, run_after=2024-07-11 00:00:00+00:00
[2024-07-11T08:41:44.640+0000] {processor.py:183} INFO - Processing /home/airflow/.local/lib/python3.10/site-packages/airflow/example_dags/example_branch_datetime_operator.py took 0.171 seconds
[2024-07-11T08:42:14.996+0000] {logging_mixin.py:188} INFO - [2024-07-11T08:42:14.995+0000] {settings.py:249} DEBUG - Setting up DB connection pool (PID 173)
[2024-07-11T08:42:14.997+0000] {logging_mixin.py:188} INFO - [2024-07-11T08:42:14.997+0000] {settings.py:350} DEBUG - settings.prepare_engine_args(): Using pool settings. pool_size=5, max_overflow=10, pool_recycle=1800, pid=173
[2024-07-11T08:42:14.999+0000] {processor.py:161} INFO - Started process (PID=173) to work on /home/airflow/.local/lib/python3.10/site-packages/airflow/example_dags/example_branch_datetime_operator.py
[2024-07-11T08:42:14.999+0000] {processor.py:830} INFO - Processing file /home/airflow/.local/lib/python3.10/site-packages/airflow/example_dags/example_branch_datetime_operator.py for tasks to queue
[2024-07-11T08:42:14.999+0000] {logging_mixin.py:188} INFO - [2024-07-11T08:42:14.999+0000] {dagbag.py:540} INFO - Filling up the DagBag from /home/airflow/.local/lib/python3.10/site-packages/airflow/example_dags/example_branch_datetime_operator.py
[2024-07-11T08:42:15.000+0000] {logging_mixin.py:188} INFO - [2024-07-11T08:42:15.000+0000] {dagbag.py:332} DEBUG - Importing /home/airflow/.local/lib/python3.10/site-packages/airflow/example_dags/example_branch_datetime_operator.py
[2024-07-11T08:42:15.002+0000] {logging_mixin.py:188} INFO - [2024-07-11T08:42:15.002+0000] {GetText.py:65} DEBUG - /home/airflow/.local/lib/python3.10/site-packages/cron_descriptor/locale/en_US.mo Loaded
[2024-07-11T08:42:15.005+0000] {logging_mixin.py:188} INFO - [2024-07-11T08:42:15.004+0000] {GetText.py:65} DEBUG - /home/airflow/.local/lib/python3.10/site-packages/cron_descriptor/locale/en_US.mo Loaded
[2024-07-11T08:42:15.006+0000] {logging_mixin.py:188} INFO - [2024-07-11T08:42:15.005+0000] {GetText.py:65} DEBUG - /home/airflow/.local/lib/python3.10/site-packages/cron_descriptor/locale/en_US.mo Loaded
[2024-07-11T08:42:15.007+0000] {logging_mixin.py:188} INFO - [2024-07-11T08:42:15.006+0000] {GetText.py:65} DEBUG - /home/airflow/.local/lib/python3.10/site-packages/cron_descriptor/locale/en_US.mo Loaded
[2024-07-11T08:42:15.008+0000] {logging_mixin.py:188} INFO - [2024-07-11T08:42:15.007+0000] {dagbag.py:506} DEBUG - Loaded DAG <DAG: example_branch_datetime_operator_3>
[2024-07-11T08:42:15.008+0000] {logging_mixin.py:188} INFO - [2024-07-11T08:42:15.008+0000] {GetText.py:65} DEBUG - /home/airflow/.local/lib/python3.10/site-packages/cron_descriptor/locale/en_US.mo Loaded
[2024-07-11T08:42:15.009+0000] {logging_mixin.py:188} INFO - [2024-07-11T08:42:15.008+0000] {dagbag.py:506} DEBUG - Loaded DAG <DAG: example_branch_datetime_operator_2>
[2024-07-11T08:42:15.009+0000] {logging_mixin.py:188} INFO - [2024-07-11T08:42:15.009+0000] {GetText.py:65} DEBUG - /home/airflow/.local/lib/python3.10/site-packages/cron_descriptor/locale/en_US.mo Loaded
[2024-07-11T08:42:15.009+0000] {logging_mixin.py:188} INFO - [2024-07-11T08:42:15.009+0000] {dagbag.py:506} DEBUG - Loaded DAG <DAG: example_branch_datetime_operator>
[2024-07-11T08:42:15.010+0000] {processor.py:840} INFO - DAG(s) 'example_branch_datetime_operator_3', 'example_branch_datetime_operator_2', 'example_branch_datetime_operator' retrieved from /home/airflow/.local/lib/python3.10/site-packages/airflow/example_dags/example_branch_datetime_operator.py
[2024-07-11T08:42:15.010+0000] {logging_mixin.py:188} INFO - [2024-07-11T08:42:15.010+0000] {dagbag.py:662} DEBUG - Running dagbag.sync_to_db with retries. Try 1 of 3
[2024-07-11T08:42:15.011+0000] {logging_mixin.py:188} INFO - [2024-07-11T08:42:15.010+0000] {dagbag.py:667} DEBUG - Calling the DAG.bulk_sync_to_db method
[2024-07-11T08:42:15.018+0000] {logging_mixin.py:188} INFO - [2024-07-11T08:42:15.018+0000] {serialized_dag.py:165} DEBUG - Checking if DAG (example_branch_datetime_operator_3) changed
[2024-07-11T08:42:15.025+0000] {logging_mixin.py:188} INFO - [2024-07-11T08:42:15.025+0000] {serialized_dag.py:176} DEBUG - Serialized DAG (example_branch_datetime_operator_3) is unchanged. Skipping writing to DB
[2024-07-11T08:42:15.026+0000] {logging_mixin.py:188} INFO - [2024-07-11T08:42:15.026+0000] {serialized_dag.py:165} DEBUG - Checking if DAG (example_branch_datetime_operator_2) changed
[2024-07-11T08:42:15.029+0000] {logging_mixin.py:188} INFO - [2024-07-11T08:42:15.029+0000] {serialized_dag.py:176} DEBUG - Serialized DAG (example_branch_datetime_operator_2) is unchanged. Skipping writing to DB
[2024-07-11T08:42:15.030+0000] {logging_mixin.py:188} INFO - [2024-07-11T08:42:15.030+0000] {serialized_dag.py:165} DEBUG - Checking if DAG (example_branch_datetime_operator) changed
[2024-07-11T08:42:15.034+0000] {logging_mixin.py:188} INFO - [2024-07-11T08:42:15.034+0000] {serialized_dag.py:176} DEBUG - Serialized DAG (example_branch_datetime_operator) is unchanged. Skipping writing to DB
[2024-07-11T08:42:15.034+0000] {logging_mixin.py:188} INFO - [2024-07-11T08:42:15.034+0000] {dag.py:3047} INFO - Sync 3 DAGs
[2024-07-11T08:42:15.053+0000] {logging_mixin.py:188} INFO - [2024-07-11T08:42:15.052+0000] {dag.py:3834} INFO - Setting next_dagrun for example_branch_datetime_operator to 2024-07-10 00:00:00+00:00, run_after=2024-07-11 00:00:00+00:00
[2024-07-11T08:42:15.057+0000] {logging_mixin.py:188} INFO - [2024-07-11T08:42:15.056+0000] {dag.py:3834} INFO - Setting next_dagrun for example_branch_datetime_operator_2 to 2024-07-10 00:00:00+00:00, run_after=2024-07-11 00:00:00+00:00
[2024-07-11T08:42:15.059+0000] {logging_mixin.py:188} INFO - [2024-07-11T08:42:15.058+0000] {dag.py:3834} INFO - Setting next_dagrun for example_branch_datetime_operator_3 to 2024-07-10 00:00:00+00:00, run_after=2024-07-11 00:00:00+00:00
[2024-07-11T08:42:15.070+0000] {processor.py:183} INFO - Processing /home/airflow/.local/lib/python3.10/site-packages/airflow/example_dags/example_branch_datetime_operator.py took 0.075 seconds
[2024-07-11T08:42:45.207+0000] {logging_mixin.py:188} INFO - [2024-07-11T08:42:45.207+0000] {settings.py:249} DEBUG - Setting up DB connection pool (PID 229)
[2024-07-11T08:42:45.208+0000] {logging_mixin.py:188} INFO - [2024-07-11T08:42:45.208+0000] {settings.py:350} DEBUG - settings.prepare_engine_args(): Using pool settings. pool_size=5, max_overflow=10, pool_recycle=1800, pid=229
[2024-07-11T08:42:45.210+0000] {processor.py:161} INFO - Started process (PID=229) to work on /home/airflow/.local/lib/python3.10/site-packages/airflow/example_dags/example_branch_datetime_operator.py
[2024-07-11T08:42:45.210+0000] {processor.py:830} INFO - Processing file /home/airflow/.local/lib/python3.10/site-packages/airflow/example_dags/example_branch_datetime_operator.py for tasks to queue
[2024-07-11T08:42:45.210+0000] {logging_mixin.py:188} INFO - [2024-07-11T08:42:45.210+0000] {dagbag.py:540} INFO - Filling up the DagBag from /home/airflow/.local/lib/python3.10/site-packages/airflow/example_dags/example_branch_datetime_operator.py
[2024-07-11T08:42:45.211+0000] {logging_mixin.py:188} INFO - [2024-07-11T08:42:45.211+0000] {dagbag.py:332} DEBUG - Importing /home/airflow/.local/lib/python3.10/site-packages/airflow/example_dags/example_branch_datetime_operator.py
[2024-07-11T08:42:45.213+0000] {logging_mixin.py:188} INFO - [2024-07-11T08:42:45.213+0000] {GetText.py:65} DEBUG - /home/airflow/.local/lib/python3.10/site-packages/cron_descriptor/locale/en_US.mo Loaded
[2024-07-11T08:42:45.215+0000] {logging_mixin.py:188} INFO - [2024-07-11T08:42:45.215+0000] {GetText.py:65} DEBUG - /home/airflow/.local/lib/python3.10/site-packages/cron_descriptor/locale/en_US.mo Loaded
[2024-07-11T08:42:45.216+0000] {logging_mixin.py:188} INFO - [2024-07-11T08:42:45.216+0000] {GetText.py:65} DEBUG - /home/airflow/.local/lib/python3.10/site-packages/cron_descriptor/locale/en_US.mo Loaded
[2024-07-11T08:42:45.217+0000] {logging_mixin.py:188} INFO - [2024-07-11T08:42:45.217+0000] {GetText.py:65} DEBUG - /home/airflow/.local/lib/python3.10/site-packages/cron_descriptor/locale/en_US.mo Loaded
[2024-07-11T08:42:45.218+0000] {logging_mixin.py:188} INFO - [2024-07-11T08:42:45.218+0000] {dagbag.py:506} DEBUG - Loaded DAG <DAG: example_branch_datetime_operator>
[2024-07-11T08:42:45.219+0000] {logging_mixin.py:188} INFO - [2024-07-11T08:42:45.219+0000] {GetText.py:65} DEBUG - /home/airflow/.local/lib/python3.10/site-packages/cron_descriptor/locale/en_US.mo Loaded
[2024-07-11T08:42:45.219+0000] {logging_mixin.py:188} INFO - [2024-07-11T08:42:45.219+0000] {dagbag.py:506} DEBUG - Loaded DAG <DAG: example_branch_datetime_operator_2>
[2024-07-11T08:42:45.220+0000] {logging_mixin.py:188} INFO - [2024-07-11T08:42:45.219+0000] {GetText.py:65} DEBUG - /home/airflow/.local/lib/python3.10/site-packages/cron_descriptor/locale/en_US.mo Loaded
[2024-07-11T08:42:45.220+0000] {logging_mixin.py:188} INFO - [2024-07-11T08:42:45.220+0000] {dagbag.py:506} DEBUG - Loaded DAG <DAG: example_branch_datetime_operator_3>
[2024-07-11T08:42:45.220+0000] {processor.py:840} INFO - DAG(s) 'example_branch_datetime_operator', 'example_branch_datetime_operator_2', 'example_branch_datetime_operator_3' retrieved from /home/airflow/.local/lib/python3.10/site-packages/airflow/example_dags/example_branch_datetime_operator.py
[2024-07-11T08:42:45.221+0000] {logging_mixin.py:188} INFO - [2024-07-11T08:42:45.221+0000] {dagbag.py:662} DEBUG - Running dagbag.sync_to_db with retries. Try 1 of 3
[2024-07-11T08:42:45.221+0000] {logging_mixin.py:188} INFO - [2024-07-11T08:42:45.221+0000] {dagbag.py:667} DEBUG - Calling the DAG.bulk_sync_to_db method
[2024-07-11T08:42:45.228+0000] {logging_mixin.py:188} INFO - [2024-07-11T08:42:45.228+0000] {serialized_dag.py:165} DEBUG - Checking if DAG (example_branch_datetime_operator) changed
[2024-07-11T08:42:45.234+0000] {logging_mixin.py:188} INFO - [2024-07-11T08:42:45.234+0000] {serialized_dag.py:176} DEBUG - Serialized DAG (example_branch_datetime_operator) is unchanged. Skipping writing to DB
[2024-07-11T08:42:45.235+0000] {logging_mixin.py:188} INFO - [2024-07-11T08:42:45.235+0000] {serialized_dag.py:165} DEBUG - Checking if DAG (example_branch_datetime_operator_2) changed
[2024-07-11T08:42:45.239+0000] {logging_mixin.py:188} INFO - [2024-07-11T08:42:45.239+0000] {serialized_dag.py:176} DEBUG - Serialized DAG (example_branch_datetime_operator_2) is unchanged. Skipping writing to DB
[2024-07-11T08:42:45.240+0000] {logging_mixin.py:188} INFO - [2024-07-11T08:42:45.240+0000] {serialized_dag.py:165} DEBUG - Checking if DAG (example_branch_datetime_operator_3) changed
[2024-07-11T08:42:45.242+0000] {logging_mixin.py:188} INFO - [2024-07-11T08:42:45.242+0000] {serialized_dag.py:176} DEBUG - Serialized DAG (example_branch_datetime_operator_3) is unchanged. Skipping writing to DB
[2024-07-11T08:42:45.243+0000] {logging_mixin.py:188} INFO - [2024-07-11T08:42:45.242+0000] {dag.py:3047} INFO - Sync 3 DAGs
[2024-07-11T08:42:45.262+0000] {logging_mixin.py:188} INFO - [2024-07-11T08:42:45.262+0000] {dag.py:3834} INFO - Setting next_dagrun for example_branch_datetime_operator to 2024-07-10 00:00:00+00:00, run_after=2024-07-11 00:00:00+00:00
[2024-07-11T08:42:45.266+0000] {logging_mixin.py:188} INFO - [2024-07-11T08:42:45.266+0000] {dag.py:3834} INFO - Setting next_dagrun for example_branch_datetime_operator_2 to 2024-07-10 00:00:00+00:00, run_after=2024-07-11 00:00:00+00:00
[2024-07-11T08:42:45.268+0000] {logging_mixin.py:188} INFO - [2024-07-11T08:42:45.268+0000] {dag.py:3834} INFO - Setting next_dagrun for example_branch_datetime_operator_3 to 2024-07-10 00:00:00+00:00, run_after=2024-07-11 00:00:00+00:00
[2024-07-11T08:42:45.280+0000] {processor.py:183} INFO - Processing /home/airflow/.local/lib/python3.10/site-packages/airflow/example_dags/example_branch_datetime_operator.py took 0.073 seconds
[2024-07-11T08:43:15.474+0000] {logging_mixin.py:188} INFO - [2024-07-11T08:43:15.473+0000] {settings.py:249} DEBUG - Setting up DB connection pool (PID 285)
[2024-07-11T08:43:15.474+0000] {logging_mixin.py:188} INFO - [2024-07-11T08:43:15.474+0000] {settings.py:350} DEBUG - settings.prepare_engine_args(): Using pool settings. pool_size=5, max_overflow=10, pool_recycle=1800, pid=285
[2024-07-11T08:43:15.477+0000] {processor.py:161} INFO - Started process (PID=285) to work on /home/airflow/.local/lib/python3.10/site-packages/airflow/example_dags/example_branch_datetime_operator.py
[2024-07-11T08:43:15.477+0000] {processor.py:830} INFO - Processing file /home/airflow/.local/lib/python3.10/site-packages/airflow/example_dags/example_branch_datetime_operator.py for tasks to queue
[2024-07-11T08:43:15.478+0000] {logging_mixin.py:188} INFO - [2024-07-11T08:43:15.477+0000] {dagbag.py:540} INFO - Filling up the DagBag from /home/airflow/.local/lib/python3.10/site-packages/airflow/example_dags/example_branch_datetime_operator.py
[2024-07-11T08:43:15.479+0000] {logging_mixin.py:188} INFO - [2024-07-11T08:43:15.478+0000] {dagbag.py:332} DEBUG - Importing /home/airflow/.local/lib/python3.10/site-packages/airflow/example_dags/example_branch_datetime_operator.py
[2024-07-11T08:43:15.480+0000] {logging_mixin.py:188} INFO - [2024-07-11T08:43:15.480+0000] {GetText.py:65} DEBUG - /home/airflow/.local/lib/python3.10/site-packages/cron_descriptor/locale/en_US.mo Loaded
[2024-07-11T08:43:15.483+0000] {logging_mixin.py:188} INFO - [2024-07-11T08:43:15.483+0000] {GetText.py:65} DEBUG - /home/airflow/.local/lib/python3.10/site-packages/cron_descriptor/locale/en_US.mo Loaded
[2024-07-11T08:43:15.484+0000] {logging_mixin.py:188} INFO - [2024-07-11T08:43:15.484+0000] {GetText.py:65} DEBUG - /home/airflow/.local/lib/python3.10/site-packages/cron_descriptor/locale/en_US.mo Loaded
[2024-07-11T08:43:15.485+0000] {logging_mixin.py:188} INFO - [2024-07-11T08:43:15.484+0000] {GetText.py:65} DEBUG - /home/airflow/.local/lib/python3.10/site-packages/cron_descriptor/locale/en_US.mo Loaded
[2024-07-11T08:43:15.486+0000] {logging_mixin.py:188} INFO - [2024-07-11T08:43:15.485+0000] {dagbag.py:506} DEBUG - Loaded DAG <DAG: example_branch_datetime_operator_2>
[2024-07-11T08:43:15.486+0000] {logging_mixin.py:188} INFO - [2024-07-11T08:43:15.486+0000] {GetText.py:65} DEBUG - /home/airflow/.local/lib/python3.10/site-packages/cron_descriptor/locale/en_US.mo Loaded
[2024-07-11T08:43:15.487+0000] {logging_mixin.py:188} INFO - [2024-07-11T08:43:15.487+0000] {dagbag.py:506} DEBUG - Loaded DAG <DAG: example_branch_datetime_operator>
[2024-07-11T08:43:15.487+0000] {logging_mixin.py:188} INFO - [2024-07-11T08:43:15.487+0000] {GetText.py:65} DEBUG - /home/airflow/.local/lib/python3.10/site-packages/cron_descriptor/locale/en_US.mo Loaded
[2024-07-11T08:43:15.488+0000] {logging_mixin.py:188} INFO - [2024-07-11T08:43:15.488+0000] {dagbag.py:506} DEBUG - Loaded DAG <DAG: example_branch_datetime_operator_3>
[2024-07-11T08:43:15.488+0000] {processor.py:840} INFO - DAG(s) 'example_branch_datetime_operator_2', 'example_branch_datetime_operator', 'example_branch_datetime_operator_3' retrieved from /home/airflow/.local/lib/python3.10/site-packages/airflow/example_dags/example_branch_datetime_operator.py
[2024-07-11T08:43:15.489+0000] {logging_mixin.py:188} INFO - [2024-07-11T08:43:15.488+0000] {dagbag.py:662} DEBUG - Running dagbag.sync_to_db with retries. Try 1 of 3
[2024-07-11T08:43:15.489+0000] {logging_mixin.py:188} INFO - [2024-07-11T08:43:15.489+0000] {dagbag.py:667} DEBUG - Calling the DAG.bulk_sync_to_db method
[2024-07-11T08:43:15.499+0000] {logging_mixin.py:188} INFO - [2024-07-11T08:43:15.499+0000] {serialized_dag.py:165} DEBUG - Checking if DAG (example_branch_datetime_operator_2) changed
[2024-07-11T08:43:15.506+0000] {logging_mixin.py:188} INFO - [2024-07-11T08:43:15.506+0000] {serialized_dag.py:176} DEBUG - Serialized DAG (example_branch_datetime_operator_2) is unchanged. Skipping writing to DB
[2024-07-11T08:43:15.507+0000] {logging_mixin.py:188} INFO - [2024-07-11T08:43:15.507+0000] {serialized_dag.py:165} DEBUG - Checking if DAG (example_branch_datetime_operator) changed
[2024-07-11T08:43:15.510+0000] {logging_mixin.py:188} INFO - [2024-07-11T08:43:15.510+0000] {serialized_dag.py:176} DEBUG - Serialized DAG (example_branch_datetime_operator) is unchanged. Skipping writing to DB
[2024-07-11T08:43:15.511+0000] {logging_mixin.py:188} INFO - [2024-07-11T08:43:15.510+0000] {serialized_dag.py:165} DEBUG - Checking if DAG (example_branch_datetime_operator_3) changed
[2024-07-11T08:43:15.513+0000] {logging_mixin.py:188} INFO - [2024-07-11T08:43:15.513+0000] {serialized_dag.py:176} DEBUG - Serialized DAG (example_branch_datetime_operator_3) is unchanged. Skipping writing to DB
[2024-07-11T08:43:15.513+0000] {logging_mixin.py:188} INFO - [2024-07-11T08:43:15.513+0000] {dag.py:3047} INFO - Sync 3 DAGs
[2024-07-11T08:43:15.532+0000] {logging_mixin.py:188} INFO - [2024-07-11T08:43:15.531+0000] {dag.py:3834} INFO - Setting next_dagrun for example_branch_datetime_operator to 2024-07-10 00:00:00+00:00, run_after=2024-07-11 00:00:00+00:00
[2024-07-11T08:43:15.536+0000] {logging_mixin.py:188} INFO - [2024-07-11T08:43:15.536+0000] {dag.py:3834} INFO - Setting next_dagrun for example_branch_datetime_operator_2 to 2024-07-10 00:00:00+00:00, run_after=2024-07-11 00:00:00+00:00
[2024-07-11T08:43:15.538+0000] {logging_mixin.py:188} INFO - [2024-07-11T08:43:15.538+0000] {dag.py:3834} INFO - Setting next_dagrun for example_branch_datetime_operator_3 to 2024-07-10 00:00:00+00:00, run_after=2024-07-11 00:00:00+00:00
[2024-07-11T08:43:15.552+0000] {processor.py:183} INFO - Processing /home/airflow/.local/lib/python3.10/site-packages/airflow/example_dags/example_branch_datetime_operator.py took 0.078 seconds
[2024-07-11T08:43:45.665+0000] {logging_mixin.py:188} INFO - [2024-07-11T08:43:45.665+0000] {settings.py:249} DEBUG - Setting up DB connection pool (PID 341)
[2024-07-11T08:43:45.666+0000] {logging_mixin.py:188} INFO - [2024-07-11T08:43:45.666+0000] {settings.py:350} DEBUG - settings.prepare_engine_args(): Using pool settings. pool_size=5, max_overflow=10, pool_recycle=1800, pid=341
[2024-07-11T08:43:45.668+0000] {processor.py:161} INFO - Started process (PID=341) to work on /home/airflow/.local/lib/python3.10/site-packages/airflow/example_dags/example_branch_datetime_operator.py
[2024-07-11T08:43:45.668+0000] {processor.py:830} INFO - Processing file /home/airflow/.local/lib/python3.10/site-packages/airflow/example_dags/example_branch_datetime_operator.py for tasks to queue
[2024-07-11T08:43:45.668+0000] {logging_mixin.py:188} INFO - [2024-07-11T08:43:45.668+0000] {dagbag.py:540} INFO - Filling up the DagBag from /home/airflow/.local/lib/python3.10/site-packages/airflow/example_dags/example_branch_datetime_operator.py
[2024-07-11T08:43:45.669+0000] {logging_mixin.py:188} INFO - [2024-07-11T08:43:45.669+0000] {dagbag.py:332} DEBUG - Importing /home/airflow/.local/lib/python3.10/site-packages/airflow/example_dags/example_branch_datetime_operator.py
[2024-07-11T08:43:45.671+0000] {logging_mixin.py:188} INFO - [2024-07-11T08:43:45.671+0000] {GetText.py:65} DEBUG - /home/airflow/.local/lib/python3.10/site-packages/cron_descriptor/locale/en_US.mo Loaded
[2024-07-11T08:43:45.674+0000] {logging_mixin.py:188} INFO - [2024-07-11T08:43:45.673+0000] {GetText.py:65} DEBUG - /home/airflow/.local/lib/python3.10/site-packages/cron_descriptor/locale/en_US.mo Loaded
[2024-07-11T08:43:45.675+0000] {logging_mixin.py:188} INFO - [2024-07-11T08:43:45.674+0000] {GetText.py:65} DEBUG - /home/airflow/.local/lib/python3.10/site-packages/cron_descriptor/locale/en_US.mo Loaded
[2024-07-11T08:43:45.676+0000] {logging_mixin.py:188} INFO - [2024-07-11T08:43:45.675+0000] {GetText.py:65} DEBUG - /home/airflow/.local/lib/python3.10/site-packages/cron_descriptor/locale/en_US.mo Loaded
[2024-07-11T08:43:45.677+0000] {logging_mixin.py:188} INFO - [2024-07-11T08:43:45.676+0000] {dagbag.py:506} DEBUG - Loaded DAG <DAG: example_branch_datetime_operator>
[2024-07-11T08:43:45.677+0000] {logging_mixin.py:188} INFO - [2024-07-11T08:43:45.677+0000] {GetText.py:65} DEBUG - /home/airflow/.local/lib/python3.10/site-packages/cron_descriptor/locale/en_US.mo Loaded
[2024-07-11T08:43:45.678+0000] {logging_mixin.py:188} INFO - [2024-07-11T08:43:45.678+0000] {dagbag.py:506} DEBUG - Loaded DAG <DAG: example_branch_datetime_operator_3>
[2024-07-11T08:43:45.678+0000] {logging_mixin.py:188} INFO - [2024-07-11T08:43:45.678+0000] {GetText.py:65} DEBUG - /home/airflow/.local/lib/python3.10/site-packages/cron_descriptor/locale/en_US.mo Loaded
[2024-07-11T08:43:45.679+0000] {logging_mixin.py:188} INFO - [2024-07-11T08:43:45.678+0000] {dagbag.py:506} DEBUG - Loaded DAG <DAG: example_branch_datetime_operator_2>
[2024-07-11T08:43:45.679+0000] {processor.py:840} INFO - DAG(s) 'example_branch_datetime_operator', 'example_branch_datetime_operator_3', 'example_branch_datetime_operator_2' retrieved from /home/airflow/.local/lib/python3.10/site-packages/airflow/example_dags/example_branch_datetime_operator.py
[2024-07-11T08:43:45.679+0000] {logging_mixin.py:188} INFO - [2024-07-11T08:43:45.679+0000] {dagbag.py:662} DEBUG - Running dagbag.sync_to_db with retries. Try 1 of 3
[2024-07-11T08:43:45.680+0000] {logging_mixin.py:188} INFO - [2024-07-11T08:43:45.679+0000] {dagbag.py:667} DEBUG - Calling the DAG.bulk_sync_to_db method
[2024-07-11T08:43:45.687+0000] {logging_mixin.py:188} INFO - [2024-07-11T08:43:45.687+0000] {serialized_dag.py:165} DEBUG - Checking if DAG (example_branch_datetime_operator) changed
[2024-07-11T08:43:45.693+0000] {logging_mixin.py:188} INFO - [2024-07-11T08:43:45.693+0000] {serialized_dag.py:176} DEBUG - Serialized DAG (example_branch_datetime_operator) is unchanged. Skipping writing to DB
[2024-07-11T08:43:45.694+0000] {logging_mixin.py:188} INFO - [2024-07-11T08:43:45.694+0000] {serialized_dag.py:165} DEBUG - Checking if DAG (example_branch_datetime_operator_3) changed
[2024-07-11T08:43:45.696+0000] {logging_mixin.py:188} INFO - [2024-07-11T08:43:45.696+0000] {serialized_dag.py:176} DEBUG - Serialized DAG (example_branch_datetime_operator_3) is unchanged. Skipping writing to DB
[2024-07-11T08:43:45.697+0000] {logging_mixin.py:188} INFO - [2024-07-11T08:43:45.697+0000] {serialized_dag.py:165} DEBUG - Checking if DAG (example_branch_datetime_operator_2) changed
[2024-07-11T08:43:45.699+0000] {logging_mixin.py:188} INFO - [2024-07-11T08:43:45.699+0000] {serialized_dag.py:176} DEBUG - Serialized DAG (example_branch_datetime_operator_2) is unchanged. Skipping writing to DB
[2024-07-11T08:43:45.699+0000] {logging_mixin.py:188} INFO - [2024-07-11T08:43:45.699+0000] {dag.py:3047} INFO - Sync 3 DAGs
[2024-07-11T08:43:45.716+0000] {logging_mixin.py:188} INFO - [2024-07-11T08:43:45.716+0000] {dag.py:3834} INFO - Setting next_dagrun for example_branch_datetime_operator to 2024-07-10 00:00:00+00:00, run_after=2024-07-11 00:00:00+00:00
[2024-07-11T08:43:45.719+0000] {logging_mixin.py:188} INFO - [2024-07-11T08:43:45.719+0000] {dag.py:3834} INFO - Setting next_dagrun for example_branch_datetime_operator_2 to 2024-07-10 00:00:00+00:00, run_after=2024-07-11 00:00:00+00:00
[2024-07-11T08:43:45.722+0000] {logging_mixin.py:188} INFO - [2024-07-11T08:43:45.721+0000] {dag.py:3834} INFO - Setting next_dagrun for example_branch_datetime_operator_3 to 2024-07-10 00:00:00+00:00, run_after=2024-07-11 00:00:00+00:00
[2024-07-11T08:43:45.733+0000] {processor.py:183} INFO - Processing /home/airflow/.local/lib/python3.10/site-packages/airflow/example_dags/example_branch_datetime_operator.py took 0.069 seconds
[2024-07-11T08:44:16.095+0000] {logging_mixin.py:188} INFO - [2024-07-11T08:44:16.095+0000] {settings.py:249} DEBUG - Setting up DB connection pool (PID 397)
[2024-07-11T08:44:16.096+0000] {logging_mixin.py:188} INFO - [2024-07-11T08:44:16.096+0000] {settings.py:350} DEBUG - settings.prepare_engine_args(): Using pool settings. pool_size=5, max_overflow=10, pool_recycle=1800, pid=397
[2024-07-11T08:44:16.098+0000] {processor.py:161} INFO - Started process (PID=397) to work on /home/airflow/.local/lib/python3.10/site-packages/airflow/example_dags/example_branch_datetime_operator.py
[2024-07-11T08:44:16.098+0000] {processor.py:830} INFO - Processing file /home/airflow/.local/lib/python3.10/site-packages/airflow/example_dags/example_branch_datetime_operator.py for tasks to queue
[2024-07-11T08:44:16.098+0000] {logging_mixin.py:188} INFO - [2024-07-11T08:44:16.098+0000] {dagbag.py:540} INFO - Filling up the DagBag from /home/airflow/.local/lib/python3.10/site-packages/airflow/example_dags/example_branch_datetime_operator.py
[2024-07-11T08:44:16.099+0000] {logging_mixin.py:188} INFO - [2024-07-11T08:44:16.099+0000] {dagbag.py:332} DEBUG - Importing /home/airflow/.local/lib/python3.10/site-packages/airflow/example_dags/example_branch_datetime_operator.py
[2024-07-11T08:44:16.101+0000] {logging_mixin.py:188} INFO - [2024-07-11T08:44:16.101+0000] {GetText.py:65} DEBUG - /home/airflow/.local/lib/python3.10/site-packages/cron_descriptor/locale/en_US.mo Loaded
[2024-07-11T08:44:16.103+0000] {logging_mixin.py:188} INFO - [2024-07-11T08:44:16.103+0000] {GetText.py:65} DEBUG - /home/airflow/.local/lib/python3.10/site-packages/cron_descriptor/locale/en_US.mo Loaded
[2024-07-11T08:44:16.105+0000] {logging_mixin.py:188} INFO - [2024-07-11T08:44:16.105+0000] {GetText.py:65} DEBUG - /home/airflow/.local/lib/python3.10/site-packages/cron_descriptor/locale/en_US.mo Loaded
[2024-07-11T08:44:16.106+0000] {logging_mixin.py:188} INFO - [2024-07-11T08:44:16.106+0000] {GetText.py:65} DEBUG - /home/airflow/.local/lib/python3.10/site-packages/cron_descriptor/locale/en_US.mo Loaded
[2024-07-11T08:44:16.108+0000] {logging_mixin.py:188} INFO - [2024-07-11T08:44:16.106+0000] {dagbag.py:506} DEBUG - Loaded DAG <DAG: example_branch_datetime_operator_3>
[2024-07-11T08:44:16.108+0000] {logging_mixin.py:188} INFO - [2024-07-11T08:44:16.108+0000] {GetText.py:65} DEBUG - /home/airflow/.local/lib/python3.10/site-packages/cron_descriptor/locale/en_US.mo Loaded
[2024-07-11T08:44:16.109+0000] {logging_mixin.py:188} INFO - [2024-07-11T08:44:16.109+0000] {dagbag.py:506} DEBUG - Loaded DAG <DAG: example_branch_datetime_operator_2>
[2024-07-11T08:44:16.109+0000] {logging_mixin.py:188} INFO - [2024-07-11T08:44:16.109+0000] {GetText.py:65} DEBUG - /home/airflow/.local/lib/python3.10/site-packages/cron_descriptor/locale/en_US.mo Loaded
[2024-07-11T08:44:16.110+0000] {logging_mixin.py:188} INFO - [2024-07-11T08:44:16.110+0000] {dagbag.py:506} DEBUG - Loaded DAG <DAG: example_branch_datetime_operator>
[2024-07-11T08:44:16.110+0000] {processor.py:840} INFO - DAG(s) 'example_branch_datetime_operator_3', 'example_branch_datetime_operator_2', 'example_branch_datetime_operator' retrieved from /home/airflow/.local/lib/python3.10/site-packages/airflow/example_dags/example_branch_datetime_operator.py
[2024-07-11T08:44:16.111+0000] {logging_mixin.py:188} INFO - [2024-07-11T08:44:16.110+0000] {dagbag.py:662} DEBUG - Running dagbag.sync_to_db with retries. Try 1 of 3
[2024-07-11T08:44:16.111+0000] {logging_mixin.py:188} INFO - [2024-07-11T08:44:16.111+0000] {dagbag.py:667} DEBUG - Calling the DAG.bulk_sync_to_db method
[2024-07-11T08:44:16.118+0000] {logging_mixin.py:188} INFO - [2024-07-11T08:44:16.118+0000] {serialized_dag.py:165} DEBUG - Checking if DAG (example_branch_datetime_operator_3) changed
[2024-07-11T08:44:16.126+0000] {logging_mixin.py:188} INFO - [2024-07-11T08:44:16.126+0000] {serialized_dag.py:176} DEBUG - Serialized DAG (example_branch_datetime_operator_3) is unchanged. Skipping writing to DB
[2024-07-11T08:44:16.127+0000] {logging_mixin.py:188} INFO - [2024-07-11T08:44:16.127+0000] {serialized_dag.py:165} DEBUG - Checking if DAG (example_branch_datetime_operator_2) changed
[2024-07-11T08:44:16.129+0000] {logging_mixin.py:188} INFO - [2024-07-11T08:44:16.129+0000] {serialized_dag.py:176} DEBUG - Serialized DAG (example_branch_datetime_operator_2) is unchanged. Skipping writing to DB
[2024-07-11T08:44:16.130+0000] {logging_mixin.py:188} INFO - [2024-07-11T08:44:16.130+0000] {serialized_dag.py:165} DEBUG - Checking if DAG (example_branch_datetime_operator) changed
[2024-07-11T08:44:16.132+0000] {logging_mixin.py:188} INFO - [2024-07-11T08:44:16.132+0000] {serialized_dag.py:176} DEBUG - Serialized DAG (example_branch_datetime_operator) is unchanged. Skipping writing to DB
[2024-07-11T08:44:16.133+0000] {logging_mixin.py:188} INFO - [2024-07-11T08:44:16.132+0000] {dag.py:3047} INFO - Sync 3 DAGs
[2024-07-11T08:44:16.152+0000] {logging_mixin.py:188} INFO - [2024-07-11T08:44:16.152+0000] {dag.py:3834} INFO - Setting next_dagrun for example_branch_datetime_operator to 2024-07-10 00:00:00+00:00, run_after=2024-07-11 00:00:00+00:00
[2024-07-11T08:44:16.157+0000] {logging_mixin.py:188} INFO - [2024-07-11T08:44:16.157+0000] {dag.py:3834} INFO - Setting next_dagrun for example_branch_datetime_operator_2 to 2024-07-10 00:00:00+00:00, run_after=2024-07-11 00:00:00+00:00
[2024-07-11T08:44:16.159+0000] {logging_mixin.py:188} INFO - [2024-07-11T08:44:16.159+0000] {dag.py:3834} INFO - Setting next_dagrun for example_branch_datetime_operator_3 to 2024-07-10 00:00:00+00:00, run_after=2024-07-11 00:00:00+00:00
[2024-07-11T08:44:16.174+0000] {processor.py:183} INFO - Processing /home/airflow/.local/lib/python3.10/site-packages/airflow/example_dags/example_branch_datetime_operator.py took 0.080 seconds
[2024-07-11T08:44:46.450+0000] {logging_mixin.py:188} INFO - [2024-07-11T08:44:46.449+0000] {settings.py:249} DEBUG - Setting up DB connection pool (PID 453)
[2024-07-11T08:44:46.450+0000] {logging_mixin.py:188} INFO - [2024-07-11T08:44:46.450+0000] {settings.py:350} DEBUG - settings.prepare_engine_args(): Using pool settings. pool_size=5, max_overflow=10, pool_recycle=1800, pid=453
[2024-07-11T08:44:46.452+0000] {processor.py:161} INFO - Started process (PID=453) to work on /home/airflow/.local/lib/python3.10/site-packages/airflow/example_dags/example_branch_datetime_operator.py
[2024-07-11T08:44:46.453+0000] {processor.py:830} INFO - Processing file /home/airflow/.local/lib/python3.10/site-packages/airflow/example_dags/example_branch_datetime_operator.py for tasks to queue
[2024-07-11T08:44:46.453+0000] {logging_mixin.py:188} INFO - [2024-07-11T08:44:46.453+0000] {dagbag.py:540} INFO - Filling up the DagBag from /home/airflow/.local/lib/python3.10/site-packages/airflow/example_dags/example_branch_datetime_operator.py
[2024-07-11T08:44:46.454+0000] {logging_mixin.py:188} INFO - [2024-07-11T08:44:46.454+0000] {dagbag.py:332} DEBUG - Importing /home/airflow/.local/lib/python3.10/site-packages/airflow/example_dags/example_branch_datetime_operator.py
[2024-07-11T08:44:46.456+0000] {logging_mixin.py:188} INFO - [2024-07-11T08:44:46.455+0000] {GetText.py:65} DEBUG - /home/airflow/.local/lib/python3.10/site-packages/cron_descriptor/locale/en_US.mo Loaded
[2024-07-11T08:44:46.458+0000] {logging_mixin.py:188} INFO - [2024-07-11T08:44:46.458+0000] {GetText.py:65} DEBUG - /home/airflow/.local/lib/python3.10/site-packages/cron_descriptor/locale/en_US.mo Loaded
[2024-07-11T08:44:46.459+0000] {logging_mixin.py:188} INFO - [2024-07-11T08:44:46.459+0000] {GetText.py:65} DEBUG - /home/airflow/.local/lib/python3.10/site-packages/cron_descriptor/locale/en_US.mo Loaded
[2024-07-11T08:44:46.460+0000] {logging_mixin.py:188} INFO - [2024-07-11T08:44:46.460+0000] {GetText.py:65} DEBUG - /home/airflow/.local/lib/python3.10/site-packages/cron_descriptor/locale/en_US.mo Loaded
[2024-07-11T08:44:46.461+0000] {logging_mixin.py:188} INFO - [2024-07-11T08:44:46.460+0000] {dagbag.py:506} DEBUG - Loaded DAG <DAG: example_branch_datetime_operator>
[2024-07-11T08:44:46.462+0000] {logging_mixin.py:188} INFO - [2024-07-11T08:44:46.462+0000] {GetText.py:65} DEBUG - /home/airflow/.local/lib/python3.10/site-packages/cron_descriptor/locale/en_US.mo Loaded
[2024-07-11T08:44:46.462+0000] {logging_mixin.py:188} INFO - [2024-07-11T08:44:46.462+0000] {dagbag.py:506} DEBUG - Loaded DAG <DAG: example_branch_datetime_operator_2>
[2024-07-11T08:44:46.462+0000] {logging_mixin.py:188} INFO - [2024-07-11T08:44:46.462+0000] {GetText.py:65} DEBUG - /home/airflow/.local/lib/python3.10/site-packages/cron_descriptor/locale/en_US.mo Loaded
[2024-07-11T08:44:46.463+0000] {logging_mixin.py:188} INFO - [2024-07-11T08:44:46.463+0000] {dagbag.py:506} DEBUG - Loaded DAG <DAG: example_branch_datetime_operator_3>
[2024-07-11T08:44:46.463+0000] {processor.py:840} INFO - DAG(s) 'example_branch_datetime_operator', 'example_branch_datetime_operator_2', 'example_branch_datetime_operator_3' retrieved from /home/airflow/.local/lib/python3.10/site-packages/airflow/example_dags/example_branch_datetime_operator.py
[2024-07-11T08:44:46.464+0000] {logging_mixin.py:188} INFO - [2024-07-11T08:44:46.464+0000] {dagbag.py:662} DEBUG - Running dagbag.sync_to_db with retries. Try 1 of 3
[2024-07-11T08:44:46.464+0000] {logging_mixin.py:188} INFO - [2024-07-11T08:44:46.464+0000] {dagbag.py:667} DEBUG - Calling the DAG.bulk_sync_to_db method
[2024-07-11T08:44:46.472+0000] {logging_mixin.py:188} INFO - [2024-07-11T08:44:46.472+0000] {serialized_dag.py:165} DEBUG - Checking if DAG (example_branch_datetime_operator) changed
[2024-07-11T08:44:46.478+0000] {logging_mixin.py:188} INFO - [2024-07-11T08:44:46.478+0000] {serialized_dag.py:176} DEBUG - Serialized DAG (example_branch_datetime_operator) is unchanged. Skipping writing to DB
[2024-07-11T08:44:46.479+0000] {logging_mixin.py:188} INFO - [2024-07-11T08:44:46.479+0000] {serialized_dag.py:165} DEBUG - Checking if DAG (example_branch_datetime_operator_2) changed
[2024-07-11T08:44:46.482+0000] {logging_mixin.py:188} INFO - [2024-07-11T08:44:46.482+0000] {serialized_dag.py:176} DEBUG - Serialized DAG (example_branch_datetime_operator_2) is unchanged. Skipping writing to DB
[2024-07-11T08:44:46.483+0000] {logging_mixin.py:188} INFO - [2024-07-11T08:44:46.483+0000] {serialized_dag.py:165} DEBUG - Checking if DAG (example_branch_datetime_operator_3) changed
[2024-07-11T08:44:46.485+0000] {logging_mixin.py:188} INFO - [2024-07-11T08:44:46.485+0000] {serialized_dag.py:176} DEBUG - Serialized DAG (example_branch_datetime_operator_3) is unchanged. Skipping writing to DB
[2024-07-11T08:44:46.486+0000] {logging_mixin.py:188} INFO - [2024-07-11T08:44:46.486+0000] {dag.py:3047} INFO - Sync 3 DAGs
[2024-07-11T08:44:46.505+0000] {logging_mixin.py:188} INFO - [2024-07-11T08:44:46.505+0000] {dag.py:3834} INFO - Setting next_dagrun for example_branch_datetime_operator to 2024-07-10 00:00:00+00:00, run_after=2024-07-11 00:00:00+00:00
[2024-07-11T08:44:46.509+0000] {logging_mixin.py:188} INFO - [2024-07-11T08:44:46.509+0000] {dag.py:3834} INFO - Setting next_dagrun for example_branch_datetime_operator_2 to 2024-07-10 00:00:00+00:00, run_after=2024-07-11 00:00:00+00:00
[2024-07-11T08:44:46.511+0000] {logging_mixin.py:188} INFO - [2024-07-11T08:44:46.511+0000] {dag.py:3834} INFO - Setting next_dagrun for example_branch_datetime_operator_3 to 2024-07-10 00:00:00+00:00, run_after=2024-07-11 00:00:00+00:00
[2024-07-11T08:44:46.525+0000] {processor.py:183} INFO - Processing /home/airflow/.local/lib/python3.10/site-packages/airflow/example_dags/example_branch_datetime_operator.py took 0.076 seconds
