[2024-07-11T08:36:58.495+0000] {logging_mixin.py:188} INFO - [2024-07-11T08:36:58.494+0000] {settings.py:249} DEBUG - Setting up DB connection pool (PID 49)
[2024-07-11T08:36:58.496+0000] {logging_mixin.py:188} INFO - [2024-07-11T08:36:58.495+0000] {settings.py:350} DEBUG - settings.prepare_engine_args(): Using pool settings. pool_size=5, max_overflow=10, pool_recycle=1800, pid=49
[2024-07-11T08:36:58.498+0000] {processor.py:161} INFO - Started process (PID=49) to work on /home/airflow/.local/lib/python3.10/site-packages/airflow/example_dags/example_latest_only_with_trigger.py
[2024-07-11T08:36:58.498+0000] {processor.py:830} INFO - Processing file /home/airflow/.local/lib/python3.10/site-packages/airflow/example_dags/example_latest_only_with_trigger.py for tasks to queue
[2024-07-11T08:36:58.499+0000] {logging_mixin.py:188} INFO - [2024-07-11T08:36:58.499+0000] {dagbag.py:540} INFO - Filling up the DagBag from /home/airflow/.local/lib/python3.10/site-packages/airflow/example_dags/example_latest_only_with_trigger.py
[2024-07-11T08:36:58.500+0000] {logging_mixin.py:188} INFO - [2024-07-11T08:36:58.500+0000] {dagbag.py:332} DEBUG - Importing /home/airflow/.local/lib/python3.10/site-packages/airflow/example_dags/example_latest_only_with_trigger.py
[2024-07-11T08:36:58.505+0000] {logging_mixin.py:188} INFO - [2024-07-11T08:36:58.504+0000] {dagbag.py:506} DEBUG - Loaded DAG <DAG: latest_only_with_trigger>
[2024-07-11T08:36:58.505+0000] {processor.py:840} INFO - DAG(s) 'latest_only_with_trigger' retrieved from /home/airflow/.local/lib/python3.10/site-packages/airflow/example_dags/example_latest_only_with_trigger.py
[2024-07-11T08:36:58.506+0000] {logging_mixin.py:188} INFO - [2024-07-11T08:36:58.506+0000] {dagbag.py:662} DEBUG - Running dagbag.sync_to_db with retries. Try 1 of 3
[2024-07-11T08:36:58.506+0000] {logging_mixin.py:188} INFO - [2024-07-11T08:36:58.506+0000] {dagbag.py:667} DEBUG - Calling the DAG.bulk_sync_to_db method
[2024-07-11T08:36:58.516+0000] {logging_mixin.py:188} INFO - [2024-07-11T08:36:58.516+0000] {dag.py:3047} INFO - Sync 1 DAGs
[2024-07-11T08:36:58.546+0000] {logging_mixin.py:188} INFO - [2024-07-11T08:36:58.545+0000] {dag.py:3834} INFO - Setting next_dagrun for latest_only_with_trigger to 2024-07-11 04:00:00+00:00, run_after=2024-07-11 08:00:00+00:00
[2024-07-11T08:36:58.568+0000] {processor.py:183} INFO - Processing /home/airflow/.local/lib/python3.10/site-packages/airflow/example_dags/example_latest_only_with_trigger.py took 0.073 seconds
[2024-07-11T08:37:28.825+0000] {logging_mixin.py:188} INFO - [2024-07-11T08:37:28.825+0000] {settings.py:249} DEBUG - Setting up DB connection pool (PID 105)
[2024-07-11T08:37:28.825+0000] {logging_mixin.py:188} INFO - [2024-07-11T08:37:28.825+0000] {settings.py:350} DEBUG - settings.prepare_engine_args(): Using pool settings. pool_size=5, max_overflow=10, pool_recycle=1800, pid=105
[2024-07-11T08:37:28.827+0000] {processor.py:161} INFO - Started process (PID=105) to work on /home/airflow/.local/lib/python3.10/site-packages/airflow/example_dags/example_latest_only_with_trigger.py
[2024-07-11T08:37:28.828+0000] {processor.py:830} INFO - Processing file /home/airflow/.local/lib/python3.10/site-packages/airflow/example_dags/example_latest_only_with_trigger.py for tasks to queue
[2024-07-11T08:37:28.828+0000] {logging_mixin.py:188} INFO - [2024-07-11T08:37:28.828+0000] {dagbag.py:540} INFO - Filling up the DagBag from /home/airflow/.local/lib/python3.10/site-packages/airflow/example_dags/example_latest_only_with_trigger.py
[2024-07-11T08:37:28.829+0000] {logging_mixin.py:188} INFO - [2024-07-11T08:37:28.829+0000] {dagbag.py:332} DEBUG - Importing /home/airflow/.local/lib/python3.10/site-packages/airflow/example_dags/example_latest_only_with_trigger.py
[2024-07-11T08:37:28.832+0000] {logging_mixin.py:188} INFO - [2024-07-11T08:37:28.832+0000] {dagbag.py:506} DEBUG - Loaded DAG <DAG: latest_only_with_trigger>
[2024-07-11T08:37:28.832+0000] {processor.py:840} INFO - DAG(s) 'latest_only_with_trigger' retrieved from /home/airflow/.local/lib/python3.10/site-packages/airflow/example_dags/example_latest_only_with_trigger.py
[2024-07-11T08:37:28.833+0000] {logging_mixin.py:188} INFO - [2024-07-11T08:37:28.833+0000] {dagbag.py:662} DEBUG - Running dagbag.sync_to_db with retries. Try 1 of 3
[2024-07-11T08:37:28.833+0000] {logging_mixin.py:188} INFO - [2024-07-11T08:37:28.833+0000] {dagbag.py:667} DEBUG - Calling the DAG.bulk_sync_to_db method
[2024-07-11T08:37:28.841+0000] {logging_mixin.py:188} INFO - [2024-07-11T08:37:28.840+0000] {serialized_dag.py:165} DEBUG - Checking if DAG (latest_only_with_trigger) changed
[2024-07-11T08:37:28.847+0000] {logging_mixin.py:188} INFO - [2024-07-11T08:37:28.847+0000] {serialized_dag.py:179} DEBUG - Writing Serialized DAG: latest_only_with_trigger to the DB
[2024-07-11T08:37:28.850+0000] {logging_mixin.py:188} INFO - [2024-07-11T08:37:28.849+0000] {serialized_dag.py:181} DEBUG - DAG: latest_only_with_trigger written to the DB
[2024-07-11T08:37:28.850+0000] {logging_mixin.py:188} INFO - [2024-07-11T08:37:28.850+0000] {dagbag.py:696} DEBUG - Syncing DAG permissions: latest_only_with_trigger to the DB
[2024-07-11T08:37:28.909+0000] {logging_mixin.py:188} INFO - [2024-07-11T08:37:28.909+0000] {override.py:1034} DEBUG - Not syncing DAG-level permissions for DAG 'DAG:latest_only_with_trigger' as access control is unset.
[2024-07-11T08:37:28.909+0000] {logging_mixin.py:188} INFO - [2024-07-11T08:37:28.909+0000] {dag.py:3047} INFO - Sync 1 DAGs
[2024-07-11T08:37:28.924+0000] {logging_mixin.py:188} INFO - [2024-07-11T08:37:28.924+0000] {dag.py:3834} INFO - Setting next_dagrun for latest_only_with_trigger to 2024-07-11 04:00:00+00:00, run_after=2024-07-11 08:00:00+00:00
[2024-07-11T08:37:28.936+0000] {processor.py:183} INFO - Processing /home/airflow/.local/lib/python3.10/site-packages/airflow/example_dags/example_latest_only_with_trigger.py took 0.112 seconds
[2024-07-11T08:37:59.729+0000] {logging_mixin.py:188} INFO - [2024-07-11T08:37:59.729+0000] {settings.py:249} DEBUG - Setting up DB connection pool (PID 161)
[2024-07-11T08:37:59.730+0000] {logging_mixin.py:188} INFO - [2024-07-11T08:37:59.730+0000] {settings.py:350} DEBUG - settings.prepare_engine_args(): Using pool settings. pool_size=5, max_overflow=10, pool_recycle=1800, pid=161
[2024-07-11T08:37:59.731+0000] {processor.py:161} INFO - Started process (PID=161) to work on /home/airflow/.local/lib/python3.10/site-packages/airflow/example_dags/example_latest_only_with_trigger.py
[2024-07-11T08:37:59.732+0000] {processor.py:830} INFO - Processing file /home/airflow/.local/lib/python3.10/site-packages/airflow/example_dags/example_latest_only_with_trigger.py for tasks to queue
[2024-07-11T08:37:59.732+0000] {logging_mixin.py:188} INFO - [2024-07-11T08:37:59.732+0000] {dagbag.py:540} INFO - Filling up the DagBag from /home/airflow/.local/lib/python3.10/site-packages/airflow/example_dags/example_latest_only_with_trigger.py
[2024-07-11T08:37:59.733+0000] {logging_mixin.py:188} INFO - [2024-07-11T08:37:59.732+0000] {dagbag.py:332} DEBUG - Importing /home/airflow/.local/lib/python3.10/site-packages/airflow/example_dags/example_latest_only_with_trigger.py
[2024-07-11T08:37:59.736+0000] {logging_mixin.py:188} INFO - [2024-07-11T08:37:59.736+0000] {dagbag.py:506} DEBUG - Loaded DAG <DAG: latest_only_with_trigger>
[2024-07-11T08:37:59.736+0000] {processor.py:840} INFO - DAG(s) 'latest_only_with_trigger' retrieved from /home/airflow/.local/lib/python3.10/site-packages/airflow/example_dags/example_latest_only_with_trigger.py
[2024-07-11T08:37:59.737+0000] {logging_mixin.py:188} INFO - [2024-07-11T08:37:59.737+0000] {dagbag.py:662} DEBUG - Running dagbag.sync_to_db with retries. Try 1 of 3
[2024-07-11T08:37:59.737+0000] {logging_mixin.py:188} INFO - [2024-07-11T08:37:59.737+0000] {dagbag.py:667} DEBUG - Calling the DAG.bulk_sync_to_db method
[2024-07-11T08:37:59.745+0000] {logging_mixin.py:188} INFO - [2024-07-11T08:37:59.744+0000] {serialized_dag.py:165} DEBUG - Checking if DAG (latest_only_with_trigger) changed
[2024-07-11T08:37:59.751+0000] {logging_mixin.py:188} INFO - [2024-07-11T08:37:59.751+0000] {serialized_dag.py:176} DEBUG - Serialized DAG (latest_only_with_trigger) is unchanged. Skipping writing to DB
[2024-07-11T08:37:59.751+0000] {logging_mixin.py:188} INFO - [2024-07-11T08:37:59.751+0000] {dag.py:3047} INFO - Sync 1 DAGs
[2024-07-11T08:37:59.765+0000] {logging_mixin.py:188} INFO - [2024-07-11T08:37:59.765+0000] {dag.py:3834} INFO - Setting next_dagrun for latest_only_with_trigger to 2024-07-11 04:00:00+00:00, run_after=2024-07-11 08:00:00+00:00
[2024-07-11T08:37:59.779+0000] {processor.py:183} INFO - Processing /home/airflow/.local/lib/python3.10/site-packages/airflow/example_dags/example_latest_only_with_trigger.py took 0.050 seconds
[2024-07-11T08:38:29.860+0000] {logging_mixin.py:188} INFO - [2024-07-11T08:38:29.860+0000] {settings.py:249} DEBUG - Setting up DB connection pool (PID 217)
[2024-07-11T08:38:29.861+0000] {logging_mixin.py:188} INFO - [2024-07-11T08:38:29.861+0000] {settings.py:350} DEBUG - settings.prepare_engine_args(): Using pool settings. pool_size=5, max_overflow=10, pool_recycle=1800, pid=217
[2024-07-11T08:38:29.863+0000] {processor.py:161} INFO - Started process (PID=217) to work on /home/airflow/.local/lib/python3.10/site-packages/airflow/example_dags/example_latest_only_with_trigger.py
[2024-07-11T08:38:29.863+0000] {processor.py:830} INFO - Processing file /home/airflow/.local/lib/python3.10/site-packages/airflow/example_dags/example_latest_only_with_trigger.py for tasks to queue
[2024-07-11T08:38:29.863+0000] {logging_mixin.py:188} INFO - [2024-07-11T08:38:29.863+0000] {dagbag.py:540} INFO - Filling up the DagBag from /home/airflow/.local/lib/python3.10/site-packages/airflow/example_dags/example_latest_only_with_trigger.py
[2024-07-11T08:38:29.864+0000] {logging_mixin.py:188} INFO - [2024-07-11T08:38:29.864+0000] {dagbag.py:332} DEBUG - Importing /home/airflow/.local/lib/python3.10/site-packages/airflow/example_dags/example_latest_only_with_trigger.py
[2024-07-11T08:38:29.868+0000] {logging_mixin.py:188} INFO - [2024-07-11T08:38:29.868+0000] {dagbag.py:506} DEBUG - Loaded DAG <DAG: latest_only_with_trigger>
[2024-07-11T08:38:29.868+0000] {processor.py:840} INFO - DAG(s) 'latest_only_with_trigger' retrieved from /home/airflow/.local/lib/python3.10/site-packages/airflow/example_dags/example_latest_only_with_trigger.py
[2024-07-11T08:38:29.869+0000] {logging_mixin.py:188} INFO - [2024-07-11T08:38:29.869+0000] {dagbag.py:662} DEBUG - Running dagbag.sync_to_db with retries. Try 1 of 3
[2024-07-11T08:38:29.869+0000] {logging_mixin.py:188} INFO - [2024-07-11T08:38:29.869+0000] {dagbag.py:667} DEBUG - Calling the DAG.bulk_sync_to_db method
[2024-07-11T08:38:29.878+0000] {logging_mixin.py:188} INFO - [2024-07-11T08:38:29.878+0000] {serialized_dag.py:165} DEBUG - Checking if DAG (latest_only_with_trigger) changed
[2024-07-11T08:38:29.884+0000] {logging_mixin.py:188} INFO - [2024-07-11T08:38:29.884+0000] {serialized_dag.py:176} DEBUG - Serialized DAG (latest_only_with_trigger) is unchanged. Skipping writing to DB
[2024-07-11T08:38:29.885+0000] {logging_mixin.py:188} INFO - [2024-07-11T08:38:29.885+0000] {dag.py:3047} INFO - Sync 1 DAGs
[2024-07-11T08:38:29.901+0000] {logging_mixin.py:188} INFO - [2024-07-11T08:38:29.901+0000] {dag.py:3834} INFO - Setting next_dagrun for latest_only_with_trigger to 2024-07-11 04:00:00+00:00, run_after=2024-07-11 08:00:00+00:00
[2024-07-11T08:38:29.923+0000] {processor.py:183} INFO - Processing /home/airflow/.local/lib/python3.10/site-packages/airflow/example_dags/example_latest_only_with_trigger.py took 0.064 seconds
[2024-07-11T08:39:00.103+0000] {logging_mixin.py:188} INFO - [2024-07-11T08:39:00.102+0000] {settings.py:249} DEBUG - Setting up DB connection pool (PID 273)
[2024-07-11T08:39:00.104+0000] {logging_mixin.py:188} INFO - [2024-07-11T08:39:00.104+0000] {settings.py:350} DEBUG - settings.prepare_engine_args(): Using pool settings. pool_size=5, max_overflow=10, pool_recycle=1800, pid=273
[2024-07-11T08:39:00.106+0000] {processor.py:161} INFO - Started process (PID=273) to work on /home/airflow/.local/lib/python3.10/site-packages/airflow/example_dags/example_latest_only_with_trigger.py
[2024-07-11T08:39:00.106+0000] {processor.py:830} INFO - Processing file /home/airflow/.local/lib/python3.10/site-packages/airflow/example_dags/example_latest_only_with_trigger.py for tasks to queue
[2024-07-11T08:39:00.106+0000] {logging_mixin.py:188} INFO - [2024-07-11T08:39:00.106+0000] {dagbag.py:540} INFO - Filling up the DagBag from /home/airflow/.local/lib/python3.10/site-packages/airflow/example_dags/example_latest_only_with_trigger.py
[2024-07-11T08:39:00.107+0000] {logging_mixin.py:188} INFO - [2024-07-11T08:39:00.107+0000] {dagbag.py:332} DEBUG - Importing /home/airflow/.local/lib/python3.10/site-packages/airflow/example_dags/example_latest_only_with_trigger.py
[2024-07-11T08:39:00.112+0000] {logging_mixin.py:188} INFO - [2024-07-11T08:39:00.111+0000] {dagbag.py:506} DEBUG - Loaded DAG <DAG: latest_only_with_trigger>
[2024-07-11T08:39:00.112+0000] {processor.py:840} INFO - DAG(s) 'latest_only_with_trigger' retrieved from /home/airflow/.local/lib/python3.10/site-packages/airflow/example_dags/example_latest_only_with_trigger.py
[2024-07-11T08:39:00.113+0000] {logging_mixin.py:188} INFO - [2024-07-11T08:39:00.112+0000] {dagbag.py:662} DEBUG - Running dagbag.sync_to_db with retries. Try 1 of 3
[2024-07-11T08:39:00.113+0000] {logging_mixin.py:188} INFO - [2024-07-11T08:39:00.113+0000] {dagbag.py:667} DEBUG - Calling the DAG.bulk_sync_to_db method
[2024-07-11T08:39:00.124+0000] {logging_mixin.py:188} INFO - [2024-07-11T08:39:00.123+0000] {serialized_dag.py:165} DEBUG - Checking if DAG (latest_only_with_trigger) changed
[2024-07-11T08:39:00.132+0000] {logging_mixin.py:188} INFO - [2024-07-11T08:39:00.132+0000] {serialized_dag.py:176} DEBUG - Serialized DAG (latest_only_with_trigger) is unchanged. Skipping writing to DB
[2024-07-11T08:39:00.133+0000] {logging_mixin.py:188} INFO - [2024-07-11T08:39:00.133+0000] {dag.py:3047} INFO - Sync 1 DAGs
[2024-07-11T08:39:00.152+0000] {logging_mixin.py:188} INFO - [2024-07-11T08:39:00.152+0000] {dag.py:3834} INFO - Setting next_dagrun for latest_only_with_trigger to 2024-07-11 04:00:00+00:00, run_after=2024-07-11 08:00:00+00:00
[2024-07-11T08:39:00.170+0000] {processor.py:183} INFO - Processing /home/airflow/.local/lib/python3.10/site-packages/airflow/example_dags/example_latest_only_with_trigger.py took 0.068 seconds
[2024-07-11T08:39:30.391+0000] {logging_mixin.py:188} INFO - [2024-07-11T08:39:30.391+0000] {settings.py:249} DEBUG - Setting up DB connection pool (PID 329)
[2024-07-11T08:39:30.392+0000] {logging_mixin.py:188} INFO - [2024-07-11T08:39:30.392+0000] {settings.py:350} DEBUG - settings.prepare_engine_args(): Using pool settings. pool_size=5, max_overflow=10, pool_recycle=1800, pid=329
[2024-07-11T08:39:30.394+0000] {processor.py:161} INFO - Started process (PID=329) to work on /home/airflow/.local/lib/python3.10/site-packages/airflow/example_dags/example_latest_only_with_trigger.py
[2024-07-11T08:39:30.394+0000] {processor.py:830} INFO - Processing file /home/airflow/.local/lib/python3.10/site-packages/airflow/example_dags/example_latest_only_with_trigger.py for tasks to queue
[2024-07-11T08:39:30.394+0000] {logging_mixin.py:188} INFO - [2024-07-11T08:39:30.394+0000] {dagbag.py:540} INFO - Filling up the DagBag from /home/airflow/.local/lib/python3.10/site-packages/airflow/example_dags/example_latest_only_with_trigger.py
[2024-07-11T08:39:30.395+0000] {logging_mixin.py:188} INFO - [2024-07-11T08:39:30.395+0000] {dagbag.py:332} DEBUG - Importing /home/airflow/.local/lib/python3.10/site-packages/airflow/example_dags/example_latest_only_with_trigger.py
[2024-07-11T08:39:30.399+0000] {logging_mixin.py:188} INFO - [2024-07-11T08:39:30.398+0000] {dagbag.py:506} DEBUG - Loaded DAG <DAG: latest_only_with_trigger>
[2024-07-11T08:39:30.399+0000] {processor.py:840} INFO - DAG(s) 'latest_only_with_trigger' retrieved from /home/airflow/.local/lib/python3.10/site-packages/airflow/example_dags/example_latest_only_with_trigger.py
[2024-07-11T08:39:30.400+0000] {logging_mixin.py:188} INFO - [2024-07-11T08:39:30.400+0000] {dagbag.py:662} DEBUG - Running dagbag.sync_to_db with retries. Try 1 of 3
[2024-07-11T08:39:30.400+0000] {logging_mixin.py:188} INFO - [2024-07-11T08:39:30.400+0000] {dagbag.py:667} DEBUG - Calling the DAG.bulk_sync_to_db method
[2024-07-11T08:39:30.408+0000] {logging_mixin.py:188} INFO - [2024-07-11T08:39:30.408+0000] {serialized_dag.py:165} DEBUG - Checking if DAG (latest_only_with_trigger) changed
[2024-07-11T08:39:30.415+0000] {logging_mixin.py:188} INFO - [2024-07-11T08:39:30.415+0000] {serialized_dag.py:176} DEBUG - Serialized DAG (latest_only_with_trigger) is unchanged. Skipping writing to DB
[2024-07-11T08:39:30.415+0000] {logging_mixin.py:188} INFO - [2024-07-11T08:39:30.415+0000] {dag.py:3047} INFO - Sync 1 DAGs
[2024-07-11T08:39:30.432+0000] {logging_mixin.py:188} INFO - [2024-07-11T08:39:30.432+0000] {dag.py:3834} INFO - Setting next_dagrun for latest_only_with_trigger to 2024-07-11 04:00:00+00:00, run_after=2024-07-11 08:00:00+00:00
[2024-07-11T08:39:30.447+0000] {processor.py:183} INFO - Processing /home/airflow/.local/lib/python3.10/site-packages/airflow/example_dags/example_latest_only_with_trigger.py took 0.056 seconds
[2024-07-11T08:40:00.701+0000] {logging_mixin.py:188} INFO - [2024-07-11T08:40:00.700+0000] {settings.py:249} DEBUG - Setting up DB connection pool (PID 385)
[2024-07-11T08:40:00.701+0000] {logging_mixin.py:188} INFO - [2024-07-11T08:40:00.701+0000] {settings.py:350} DEBUG - settings.prepare_engine_args(): Using pool settings. pool_size=5, max_overflow=10, pool_recycle=1800, pid=385
[2024-07-11T08:40:00.703+0000] {processor.py:161} INFO - Started process (PID=385) to work on /home/airflow/.local/lib/python3.10/site-packages/airflow/example_dags/example_latest_only_with_trigger.py
[2024-07-11T08:40:00.703+0000] {processor.py:830} INFO - Processing file /home/airflow/.local/lib/python3.10/site-packages/airflow/example_dags/example_latest_only_with_trigger.py for tasks to queue
[2024-07-11T08:40:00.704+0000] {logging_mixin.py:188} INFO - [2024-07-11T08:40:00.704+0000] {dagbag.py:540} INFO - Filling up the DagBag from /home/airflow/.local/lib/python3.10/site-packages/airflow/example_dags/example_latest_only_with_trigger.py
[2024-07-11T08:40:00.704+0000] {logging_mixin.py:188} INFO - [2024-07-11T08:40:00.704+0000] {dagbag.py:332} DEBUG - Importing /home/airflow/.local/lib/python3.10/site-packages/airflow/example_dags/example_latest_only_with_trigger.py
[2024-07-11T08:40:00.708+0000] {logging_mixin.py:188} INFO - [2024-07-11T08:40:00.708+0000] {dagbag.py:506} DEBUG - Loaded DAG <DAG: latest_only_with_trigger>
[2024-07-11T08:40:00.708+0000] {processor.py:840} INFO - DAG(s) 'latest_only_with_trigger' retrieved from /home/airflow/.local/lib/python3.10/site-packages/airflow/example_dags/example_latest_only_with_trigger.py
[2024-07-11T08:40:00.709+0000] {logging_mixin.py:188} INFO - [2024-07-11T08:40:00.709+0000] {dagbag.py:662} DEBUG - Running dagbag.sync_to_db with retries. Try 1 of 3
[2024-07-11T08:40:00.709+0000] {logging_mixin.py:188} INFO - [2024-07-11T08:40:00.709+0000] {dagbag.py:667} DEBUG - Calling the DAG.bulk_sync_to_db method
[2024-07-11T08:40:00.717+0000] {logging_mixin.py:188} INFO - [2024-07-11T08:40:00.716+0000] {serialized_dag.py:165} DEBUG - Checking if DAG (latest_only_with_trigger) changed
[2024-07-11T08:40:00.723+0000] {logging_mixin.py:188} INFO - [2024-07-11T08:40:00.722+0000] {serialized_dag.py:176} DEBUG - Serialized DAG (latest_only_with_trigger) is unchanged. Skipping writing to DB
[2024-07-11T08:40:00.723+0000] {logging_mixin.py:188} INFO - [2024-07-11T08:40:00.723+0000] {dag.py:3047} INFO - Sync 1 DAGs
[2024-07-11T08:40:00.738+0000] {logging_mixin.py:188} INFO - [2024-07-11T08:40:00.738+0000] {dag.py:3834} INFO - Setting next_dagrun for latest_only_with_trigger to 2024-07-11 04:00:00+00:00, run_after=2024-07-11 08:00:00+00:00
[2024-07-11T08:40:00.750+0000] {processor.py:183} INFO - Processing /home/airflow/.local/lib/python3.10/site-packages/airflow/example_dags/example_latest_only_with_trigger.py took 0.050 seconds
[2024-07-11T08:41:12.615+0000] {logging_mixin.py:188} INFO - [2024-07-11T08:41:12.614+0000] {settings.py:249} DEBUG - Setting up DB connection pool (PID 49)
[2024-07-11T08:41:12.615+0000] {logging_mixin.py:188} INFO - [2024-07-11T08:41:12.615+0000] {settings.py:350} DEBUG - settings.prepare_engine_args(): Using pool settings. pool_size=5, max_overflow=10, pool_recycle=1800, pid=49
[2024-07-11T08:41:12.617+0000] {processor.py:161} INFO - Started process (PID=49) to work on /home/airflow/.local/lib/python3.10/site-packages/airflow/example_dags/example_latest_only_with_trigger.py
[2024-07-11T08:41:12.618+0000] {processor.py:830} INFO - Processing file /home/airflow/.local/lib/python3.10/site-packages/airflow/example_dags/example_latest_only_with_trigger.py for tasks to queue
[2024-07-11T08:41:12.618+0000] {logging_mixin.py:188} INFO - [2024-07-11T08:41:12.618+0000] {dagbag.py:540} INFO - Filling up the DagBag from /home/airflow/.local/lib/python3.10/site-packages/airflow/example_dags/example_latest_only_with_trigger.py
[2024-07-11T08:41:12.619+0000] {logging_mixin.py:188} INFO - [2024-07-11T08:41:12.619+0000] {dagbag.py:332} DEBUG - Importing /home/airflow/.local/lib/python3.10/site-packages/airflow/example_dags/example_latest_only_with_trigger.py
[2024-07-11T08:41:12.624+0000] {logging_mixin.py:188} INFO - [2024-07-11T08:41:12.623+0000] {dagbag.py:506} DEBUG - Loaded DAG <DAG: latest_only_with_trigger>
[2024-07-11T08:41:12.624+0000] {processor.py:840} INFO - DAG(s) 'latest_only_with_trigger' retrieved from /home/airflow/.local/lib/python3.10/site-packages/airflow/example_dags/example_latest_only_with_trigger.py
[2024-07-11T08:41:12.625+0000] {logging_mixin.py:188} INFO - [2024-07-11T08:41:12.624+0000] {dagbag.py:662} DEBUG - Running dagbag.sync_to_db with retries. Try 1 of 3
[2024-07-11T08:41:12.625+0000] {logging_mixin.py:188} INFO - [2024-07-11T08:41:12.625+0000] {dagbag.py:667} DEBUG - Calling the DAG.bulk_sync_to_db method
[2024-07-11T08:41:12.633+0000] {logging_mixin.py:188} INFO - [2024-07-11T08:41:12.633+0000] {dag.py:3047} INFO - Sync 1 DAGs
[2024-07-11T08:41:12.653+0000] {logging_mixin.py:188} INFO - [2024-07-11T08:41:12.652+0000] {dag.py:3834} INFO - Setting next_dagrun for latest_only_with_trigger to 2024-07-11 04:00:00+00:00, run_after=2024-07-11 08:00:00+00:00
[2024-07-11T08:41:12.667+0000] {processor.py:183} INFO - Processing /home/airflow/.local/lib/python3.10/site-packages/airflow/example_dags/example_latest_only_with_trigger.py took 0.053 seconds
[2024-07-11T08:41:43.618+0000] {logging_mixin.py:188} INFO - [2024-07-11T08:41:43.618+0000] {settings.py:249} DEBUG - Setting up DB connection pool (PID 105)
[2024-07-11T08:41:43.619+0000] {logging_mixin.py:188} INFO - [2024-07-11T08:41:43.619+0000] {settings.py:350} DEBUG - settings.prepare_engine_args(): Using pool settings. pool_size=5, max_overflow=10, pool_recycle=1800, pid=105
[2024-07-11T08:41:43.620+0000] {processor.py:161} INFO - Started process (PID=105) to work on /home/airflow/.local/lib/python3.10/site-packages/airflow/example_dags/example_latest_only_with_trigger.py
[2024-07-11T08:41:43.621+0000] {processor.py:830} INFO - Processing file /home/airflow/.local/lib/python3.10/site-packages/airflow/example_dags/example_latest_only_with_trigger.py for tasks to queue
[2024-07-11T08:41:43.621+0000] {logging_mixin.py:188} INFO - [2024-07-11T08:41:43.621+0000] {dagbag.py:540} INFO - Filling up the DagBag from /home/airflow/.local/lib/python3.10/site-packages/airflow/example_dags/example_latest_only_with_trigger.py
[2024-07-11T08:41:43.622+0000] {logging_mixin.py:188} INFO - [2024-07-11T08:41:43.622+0000] {dagbag.py:332} DEBUG - Importing /home/airflow/.local/lib/python3.10/site-packages/airflow/example_dags/example_latest_only_with_trigger.py
[2024-07-11T08:41:43.626+0000] {logging_mixin.py:188} INFO - [2024-07-11T08:41:43.625+0000] {dagbag.py:506} DEBUG - Loaded DAG <DAG: latest_only_with_trigger>
[2024-07-11T08:41:43.626+0000] {processor.py:840} INFO - DAG(s) 'latest_only_with_trigger' retrieved from /home/airflow/.local/lib/python3.10/site-packages/airflow/example_dags/example_latest_only_with_trigger.py
[2024-07-11T08:41:43.627+0000] {logging_mixin.py:188} INFO - [2024-07-11T08:41:43.626+0000] {dagbag.py:662} DEBUG - Running dagbag.sync_to_db with retries. Try 1 of 3
[2024-07-11T08:41:43.627+0000] {logging_mixin.py:188} INFO - [2024-07-11T08:41:43.627+0000] {dagbag.py:667} DEBUG - Calling the DAG.bulk_sync_to_db method
[2024-07-11T08:41:43.634+0000] {logging_mixin.py:188} INFO - [2024-07-11T08:41:43.633+0000] {serialized_dag.py:165} DEBUG - Checking if DAG (latest_only_with_trigger) changed
[2024-07-11T08:41:43.640+0000] {logging_mixin.py:188} INFO - [2024-07-11T08:41:43.640+0000] {serialized_dag.py:179} DEBUG - Writing Serialized DAG: latest_only_with_trigger to the DB
[2024-07-11T08:41:43.642+0000] {logging_mixin.py:188} INFO - [2024-07-11T08:41:43.642+0000] {serialized_dag.py:181} DEBUG - DAG: latest_only_with_trigger written to the DB
[2024-07-11T08:41:43.643+0000] {logging_mixin.py:188} INFO - [2024-07-11T08:41:43.642+0000] {dagbag.py:696} DEBUG - Syncing DAG permissions: latest_only_with_trigger to the DB
[2024-07-11T08:41:43.700+0000] {logging_mixin.py:188} INFO - [2024-07-11T08:41:43.700+0000] {override.py:1034} DEBUG - Not syncing DAG-level permissions for DAG 'DAG:latest_only_with_trigger' as access control is unset.
[2024-07-11T08:41:43.700+0000] {logging_mixin.py:188} INFO - [2024-07-11T08:41:43.700+0000] {dag.py:3047} INFO - Sync 1 DAGs
[2024-07-11T08:41:43.716+0000] {logging_mixin.py:188} INFO - [2024-07-11T08:41:43.716+0000] {dag.py:3834} INFO - Setting next_dagrun for latest_only_with_trigger to 2024-07-11 04:00:00+00:00, run_after=2024-07-11 08:00:00+00:00
[2024-07-11T08:41:43.729+0000] {processor.py:183} INFO - Processing /home/airflow/.local/lib/python3.10/site-packages/airflow/example_dags/example_latest_only_with_trigger.py took 0.111 seconds
[2024-07-11T08:42:14.563+0000] {logging_mixin.py:188} INFO - [2024-07-11T08:42:14.562+0000] {settings.py:249} DEBUG - Setting up DB connection pool (PID 161)
[2024-07-11T08:42:14.563+0000] {logging_mixin.py:188} INFO - [2024-07-11T08:42:14.563+0000] {settings.py:350} DEBUG - settings.prepare_engine_args(): Using pool settings. pool_size=5, max_overflow=10, pool_recycle=1800, pid=161
[2024-07-11T08:42:14.565+0000] {processor.py:161} INFO - Started process (PID=161) to work on /home/airflow/.local/lib/python3.10/site-packages/airflow/example_dags/example_latest_only_with_trigger.py
[2024-07-11T08:42:14.565+0000] {processor.py:830} INFO - Processing file /home/airflow/.local/lib/python3.10/site-packages/airflow/example_dags/example_latest_only_with_trigger.py for tasks to queue
[2024-07-11T08:42:14.565+0000] {logging_mixin.py:188} INFO - [2024-07-11T08:42:14.565+0000] {dagbag.py:540} INFO - Filling up the DagBag from /home/airflow/.local/lib/python3.10/site-packages/airflow/example_dags/example_latest_only_with_trigger.py
[2024-07-11T08:42:14.566+0000] {logging_mixin.py:188} INFO - [2024-07-11T08:42:14.566+0000] {dagbag.py:332} DEBUG - Importing /home/airflow/.local/lib/python3.10/site-packages/airflow/example_dags/example_latest_only_with_trigger.py
[2024-07-11T08:42:14.570+0000] {logging_mixin.py:188} INFO - [2024-07-11T08:42:14.569+0000] {dagbag.py:506} DEBUG - Loaded DAG <DAG: latest_only_with_trigger>
[2024-07-11T08:42:14.570+0000] {processor.py:840} INFO - DAG(s) 'latest_only_with_trigger' retrieved from /home/airflow/.local/lib/python3.10/site-packages/airflow/example_dags/example_latest_only_with_trigger.py
[2024-07-11T08:42:14.570+0000] {logging_mixin.py:188} INFO - [2024-07-11T08:42:14.570+0000] {dagbag.py:662} DEBUG - Running dagbag.sync_to_db with retries. Try 1 of 3
[2024-07-11T08:42:14.571+0000] {logging_mixin.py:188} INFO - [2024-07-11T08:42:14.571+0000] {dagbag.py:667} DEBUG - Calling the DAG.bulk_sync_to_db method
[2024-07-11T08:42:14.578+0000] {logging_mixin.py:188} INFO - [2024-07-11T08:42:14.578+0000] {serialized_dag.py:165} DEBUG - Checking if DAG (latest_only_with_trigger) changed
[2024-07-11T08:42:14.584+0000] {logging_mixin.py:188} INFO - [2024-07-11T08:42:14.584+0000] {serialized_dag.py:176} DEBUG - Serialized DAG (latest_only_with_trigger) is unchanged. Skipping writing to DB
[2024-07-11T08:42:14.584+0000] {logging_mixin.py:188} INFO - [2024-07-11T08:42:14.584+0000] {dag.py:3047} INFO - Sync 1 DAGs
[2024-07-11T08:42:14.600+0000] {logging_mixin.py:188} INFO - [2024-07-11T08:42:14.600+0000] {dag.py:3834} INFO - Setting next_dagrun for latest_only_with_trigger to 2024-07-11 04:00:00+00:00, run_after=2024-07-11 08:00:00+00:00
[2024-07-11T08:42:14.613+0000] {processor.py:183} INFO - Processing /home/airflow/.local/lib/python3.10/site-packages/airflow/example_dags/example_latest_only_with_trigger.py took 0.051 seconds
[2024-07-11T08:42:44.731+0000] {logging_mixin.py:188} INFO - [2024-07-11T08:42:44.730+0000] {settings.py:249} DEBUG - Setting up DB connection pool (PID 217)
[2024-07-11T08:42:44.732+0000] {logging_mixin.py:188} INFO - [2024-07-11T08:42:44.732+0000] {settings.py:350} DEBUG - settings.prepare_engine_args(): Using pool settings. pool_size=5, max_overflow=10, pool_recycle=1800, pid=217
[2024-07-11T08:42:44.734+0000] {processor.py:161} INFO - Started process (PID=217) to work on /home/airflow/.local/lib/python3.10/site-packages/airflow/example_dags/example_latest_only_with_trigger.py
[2024-07-11T08:42:44.734+0000] {processor.py:830} INFO - Processing file /home/airflow/.local/lib/python3.10/site-packages/airflow/example_dags/example_latest_only_with_trigger.py for tasks to queue
[2024-07-11T08:42:44.734+0000] {logging_mixin.py:188} INFO - [2024-07-11T08:42:44.734+0000] {dagbag.py:540} INFO - Filling up the DagBag from /home/airflow/.local/lib/python3.10/site-packages/airflow/example_dags/example_latest_only_with_trigger.py
[2024-07-11T08:42:44.735+0000] {logging_mixin.py:188} INFO - [2024-07-11T08:42:44.735+0000] {dagbag.py:332} DEBUG - Importing /home/airflow/.local/lib/python3.10/site-packages/airflow/example_dags/example_latest_only_with_trigger.py
[2024-07-11T08:42:44.739+0000] {logging_mixin.py:188} INFO - [2024-07-11T08:42:44.739+0000] {dagbag.py:506} DEBUG - Loaded DAG <DAG: latest_only_with_trigger>
[2024-07-11T08:42:44.740+0000] {processor.py:840} INFO - DAG(s) 'latest_only_with_trigger' retrieved from /home/airflow/.local/lib/python3.10/site-packages/airflow/example_dags/example_latest_only_with_trigger.py
[2024-07-11T08:42:44.740+0000] {logging_mixin.py:188} INFO - [2024-07-11T08:42:44.740+0000] {dagbag.py:662} DEBUG - Running dagbag.sync_to_db with retries. Try 1 of 3
[2024-07-11T08:42:44.741+0000] {logging_mixin.py:188} INFO - [2024-07-11T08:42:44.740+0000] {dagbag.py:667} DEBUG - Calling the DAG.bulk_sync_to_db method
[2024-07-11T08:42:44.749+0000] {logging_mixin.py:188} INFO - [2024-07-11T08:42:44.749+0000] {serialized_dag.py:165} DEBUG - Checking if DAG (latest_only_with_trigger) changed
[2024-07-11T08:42:44.756+0000] {logging_mixin.py:188} INFO - [2024-07-11T08:42:44.755+0000] {serialized_dag.py:176} DEBUG - Serialized DAG (latest_only_with_trigger) is unchanged. Skipping writing to DB
[2024-07-11T08:42:44.756+0000] {logging_mixin.py:188} INFO - [2024-07-11T08:42:44.756+0000] {dag.py:3047} INFO - Sync 1 DAGs
[2024-07-11T08:42:44.772+0000] {logging_mixin.py:188} INFO - [2024-07-11T08:42:44.771+0000] {dag.py:3834} INFO - Setting next_dagrun for latest_only_with_trigger to 2024-07-11 04:00:00+00:00, run_after=2024-07-11 08:00:00+00:00
[2024-07-11T08:42:44.785+0000] {processor.py:183} INFO - Processing /home/airflow/.local/lib/python3.10/site-packages/airflow/example_dags/example_latest_only_with_trigger.py took 0.055 seconds
[2024-07-11T08:43:14.911+0000] {logging_mixin.py:188} INFO - [2024-07-11T08:43:14.910+0000] {settings.py:249} DEBUG - Setting up DB connection pool (PID 273)
[2024-07-11T08:43:14.912+0000] {logging_mixin.py:188} INFO - [2024-07-11T08:43:14.912+0000] {settings.py:350} DEBUG - settings.prepare_engine_args(): Using pool settings. pool_size=5, max_overflow=10, pool_recycle=1800, pid=273
[2024-07-11T08:43:14.915+0000] {processor.py:161} INFO - Started process (PID=273) to work on /home/airflow/.local/lib/python3.10/site-packages/airflow/example_dags/example_latest_only_with_trigger.py
[2024-07-11T08:43:14.916+0000] {processor.py:830} INFO - Processing file /home/airflow/.local/lib/python3.10/site-packages/airflow/example_dags/example_latest_only_with_trigger.py for tasks to queue
[2024-07-11T08:43:14.917+0000] {logging_mixin.py:188} INFO - [2024-07-11T08:43:14.916+0000] {dagbag.py:540} INFO - Filling up the DagBag from /home/airflow/.local/lib/python3.10/site-packages/airflow/example_dags/example_latest_only_with_trigger.py
[2024-07-11T08:43:14.918+0000] {logging_mixin.py:188} INFO - [2024-07-11T08:43:14.918+0000] {dagbag.py:332} DEBUG - Importing /home/airflow/.local/lib/python3.10/site-packages/airflow/example_dags/example_latest_only_with_trigger.py
[2024-07-11T08:43:14.923+0000] {logging_mixin.py:188} INFO - [2024-07-11T08:43:14.922+0000] {dagbag.py:506} DEBUG - Loaded DAG <DAG: latest_only_with_trigger>
[2024-07-11T08:43:14.923+0000] {processor.py:840} INFO - DAG(s) 'latest_only_with_trigger' retrieved from /home/airflow/.local/lib/python3.10/site-packages/airflow/example_dags/example_latest_only_with_trigger.py
[2024-07-11T08:43:14.925+0000] {logging_mixin.py:188} INFO - [2024-07-11T08:43:14.925+0000] {dagbag.py:662} DEBUG - Running dagbag.sync_to_db with retries. Try 1 of 3
[2024-07-11T08:43:14.925+0000] {logging_mixin.py:188} INFO - [2024-07-11T08:43:14.925+0000] {dagbag.py:667} DEBUG - Calling the DAG.bulk_sync_to_db method
[2024-07-11T08:43:14.938+0000] {logging_mixin.py:188} INFO - [2024-07-11T08:43:14.938+0000] {serialized_dag.py:165} DEBUG - Checking if DAG (latest_only_with_trigger) changed
[2024-07-11T08:43:14.946+0000] {logging_mixin.py:188} INFO - [2024-07-11T08:43:14.946+0000] {serialized_dag.py:176} DEBUG - Serialized DAG (latest_only_with_trigger) is unchanged. Skipping writing to DB
[2024-07-11T08:43:14.947+0000] {logging_mixin.py:188} INFO - [2024-07-11T08:43:14.947+0000] {dag.py:3047} INFO - Sync 1 DAGs
[2024-07-11T08:43:14.973+0000] {logging_mixin.py:188} INFO - [2024-07-11T08:43:14.973+0000] {dag.py:3834} INFO - Setting next_dagrun for latest_only_with_trigger to 2024-07-11 04:00:00+00:00, run_after=2024-07-11 08:00:00+00:00
[2024-07-11T08:43:14.998+0000] {processor.py:183} INFO - Processing /home/airflow/.local/lib/python3.10/site-packages/airflow/example_dags/example_latest_only_with_trigger.py took 0.088 seconds
[2024-07-11T08:43:45.150+0000] {logging_mixin.py:188} INFO - [2024-07-11T08:43:45.150+0000] {settings.py:249} DEBUG - Setting up DB connection pool (PID 329)
[2024-07-11T08:43:45.151+0000] {logging_mixin.py:188} INFO - [2024-07-11T08:43:45.151+0000] {settings.py:350} DEBUG - settings.prepare_engine_args(): Using pool settings. pool_size=5, max_overflow=10, pool_recycle=1800, pid=329
[2024-07-11T08:43:45.153+0000] {processor.py:161} INFO - Started process (PID=329) to work on /home/airflow/.local/lib/python3.10/site-packages/airflow/example_dags/example_latest_only_with_trigger.py
[2024-07-11T08:43:45.153+0000] {processor.py:830} INFO - Processing file /home/airflow/.local/lib/python3.10/site-packages/airflow/example_dags/example_latest_only_with_trigger.py for tasks to queue
[2024-07-11T08:43:45.154+0000] {logging_mixin.py:188} INFO - [2024-07-11T08:43:45.154+0000] {dagbag.py:540} INFO - Filling up the DagBag from /home/airflow/.local/lib/python3.10/site-packages/airflow/example_dags/example_latest_only_with_trigger.py
[2024-07-11T08:43:45.154+0000] {logging_mixin.py:188} INFO - [2024-07-11T08:43:45.154+0000] {dagbag.py:332} DEBUG - Importing /home/airflow/.local/lib/python3.10/site-packages/airflow/example_dags/example_latest_only_with_trigger.py
[2024-07-11T08:43:45.158+0000] {logging_mixin.py:188} INFO - [2024-07-11T08:43:45.158+0000] {dagbag.py:506} DEBUG - Loaded DAG <DAG: latest_only_with_trigger>
[2024-07-11T08:43:45.158+0000] {processor.py:840} INFO - DAG(s) 'latest_only_with_trigger' retrieved from /home/airflow/.local/lib/python3.10/site-packages/airflow/example_dags/example_latest_only_with_trigger.py
[2024-07-11T08:43:45.159+0000] {logging_mixin.py:188} INFO - [2024-07-11T08:43:45.159+0000] {dagbag.py:662} DEBUG - Running dagbag.sync_to_db with retries. Try 1 of 3
[2024-07-11T08:43:45.159+0000] {logging_mixin.py:188} INFO - [2024-07-11T08:43:45.159+0000] {dagbag.py:667} DEBUG - Calling the DAG.bulk_sync_to_db method
[2024-07-11T08:43:45.166+0000] {logging_mixin.py:188} INFO - [2024-07-11T08:43:45.166+0000] {serialized_dag.py:165} DEBUG - Checking if DAG (latest_only_with_trigger) changed
[2024-07-11T08:43:45.173+0000] {logging_mixin.py:188} INFO - [2024-07-11T08:43:45.172+0000] {serialized_dag.py:176} DEBUG - Serialized DAG (latest_only_with_trigger) is unchanged. Skipping writing to DB
[2024-07-11T08:43:45.173+0000] {logging_mixin.py:188} INFO - [2024-07-11T08:43:45.173+0000] {dag.py:3047} INFO - Sync 1 DAGs
[2024-07-11T08:43:45.188+0000] {logging_mixin.py:188} INFO - [2024-07-11T08:43:45.187+0000] {dag.py:3834} INFO - Setting next_dagrun for latest_only_with_trigger to 2024-07-11 04:00:00+00:00, run_after=2024-07-11 08:00:00+00:00
[2024-07-11T08:43:45.200+0000] {processor.py:183} INFO - Processing /home/airflow/.local/lib/python3.10/site-packages/airflow/example_dags/example_latest_only_with_trigger.py took 0.051 seconds
[2024-07-11T08:44:15.567+0000] {logging_mixin.py:188} INFO - [2024-07-11T08:44:15.567+0000] {settings.py:249} DEBUG - Setting up DB connection pool (PID 385)
[2024-07-11T08:44:15.568+0000] {logging_mixin.py:188} INFO - [2024-07-11T08:44:15.568+0000] {settings.py:350} DEBUG - settings.prepare_engine_args(): Using pool settings. pool_size=5, max_overflow=10, pool_recycle=1800, pid=385
[2024-07-11T08:44:15.570+0000] {processor.py:161} INFO - Started process (PID=385) to work on /home/airflow/.local/lib/python3.10/site-packages/airflow/example_dags/example_latest_only_with_trigger.py
[2024-07-11T08:44:15.570+0000] {processor.py:830} INFO - Processing file /home/airflow/.local/lib/python3.10/site-packages/airflow/example_dags/example_latest_only_with_trigger.py for tasks to queue
[2024-07-11T08:44:15.571+0000] {logging_mixin.py:188} INFO - [2024-07-11T08:44:15.571+0000] {dagbag.py:540} INFO - Filling up the DagBag from /home/airflow/.local/lib/python3.10/site-packages/airflow/example_dags/example_latest_only_with_trigger.py
[2024-07-11T08:44:15.572+0000] {logging_mixin.py:188} INFO - [2024-07-11T08:44:15.572+0000] {dagbag.py:332} DEBUG - Importing /home/airflow/.local/lib/python3.10/site-packages/airflow/example_dags/example_latest_only_with_trigger.py
[2024-07-11T08:44:15.577+0000] {logging_mixin.py:188} INFO - [2024-07-11T08:44:15.576+0000] {dagbag.py:506} DEBUG - Loaded DAG <DAG: latest_only_with_trigger>
[2024-07-11T08:44:15.577+0000] {processor.py:840} INFO - DAG(s) 'latest_only_with_trigger' retrieved from /home/airflow/.local/lib/python3.10/site-packages/airflow/example_dags/example_latest_only_with_trigger.py
[2024-07-11T08:44:15.577+0000] {logging_mixin.py:188} INFO - [2024-07-11T08:44:15.577+0000] {dagbag.py:662} DEBUG - Running dagbag.sync_to_db with retries. Try 1 of 3
[2024-07-11T08:44:15.578+0000] {logging_mixin.py:188} INFO - [2024-07-11T08:44:15.578+0000] {dagbag.py:667} DEBUG - Calling the DAG.bulk_sync_to_db method
[2024-07-11T08:44:15.585+0000] {logging_mixin.py:188} INFO - [2024-07-11T08:44:15.585+0000] {serialized_dag.py:165} DEBUG - Checking if DAG (latest_only_with_trigger) changed
[2024-07-11T08:44:15.592+0000] {logging_mixin.py:188} INFO - [2024-07-11T08:44:15.592+0000] {serialized_dag.py:176} DEBUG - Serialized DAG (latest_only_with_trigger) is unchanged. Skipping writing to DB
[2024-07-11T08:44:15.593+0000] {logging_mixin.py:188} INFO - [2024-07-11T08:44:15.593+0000] {dag.py:3047} INFO - Sync 1 DAGs
[2024-07-11T08:44:15.609+0000] {logging_mixin.py:188} INFO - [2024-07-11T08:44:15.609+0000] {dag.py:3834} INFO - Setting next_dagrun for latest_only_with_trigger to 2024-07-11 04:00:00+00:00, run_after=2024-07-11 08:00:00+00:00
[2024-07-11T08:44:15.626+0000] {processor.py:183} INFO - Processing /home/airflow/.local/lib/python3.10/site-packages/airflow/example_dags/example_latest_only_with_trigger.py took 0.060 seconds
[2024-07-11T08:44:45.900+0000] {logging_mixin.py:188} INFO - [2024-07-11T08:44:45.900+0000] {settings.py:249} DEBUG - Setting up DB connection pool (PID 441)
[2024-07-11T08:44:45.901+0000] {logging_mixin.py:188} INFO - [2024-07-11T08:44:45.901+0000] {settings.py:350} DEBUG - settings.prepare_engine_args(): Using pool settings. pool_size=5, max_overflow=10, pool_recycle=1800, pid=441
[2024-07-11T08:44:45.903+0000] {processor.py:161} INFO - Started process (PID=441) to work on /home/airflow/.local/lib/python3.10/site-packages/airflow/example_dags/example_latest_only_with_trigger.py
[2024-07-11T08:44:45.903+0000] {processor.py:830} INFO - Processing file /home/airflow/.local/lib/python3.10/site-packages/airflow/example_dags/example_latest_only_with_trigger.py for tasks to queue
[2024-07-11T08:44:45.904+0000] {logging_mixin.py:188} INFO - [2024-07-11T08:44:45.904+0000] {dagbag.py:540} INFO - Filling up the DagBag from /home/airflow/.local/lib/python3.10/site-packages/airflow/example_dags/example_latest_only_with_trigger.py
[2024-07-11T08:44:45.904+0000] {logging_mixin.py:188} INFO - [2024-07-11T08:44:45.904+0000] {dagbag.py:332} DEBUG - Importing /home/airflow/.local/lib/python3.10/site-packages/airflow/example_dags/example_latest_only_with_trigger.py
[2024-07-11T08:44:45.908+0000] {logging_mixin.py:188} INFO - [2024-07-11T08:44:45.908+0000] {dagbag.py:506} DEBUG - Loaded DAG <DAG: latest_only_with_trigger>
[2024-07-11T08:44:45.908+0000] {processor.py:840} INFO - DAG(s) 'latest_only_with_trigger' retrieved from /home/airflow/.local/lib/python3.10/site-packages/airflow/example_dags/example_latest_only_with_trigger.py
[2024-07-11T08:44:45.909+0000] {logging_mixin.py:188} INFO - [2024-07-11T08:44:45.909+0000] {dagbag.py:662} DEBUG - Running dagbag.sync_to_db with retries. Try 1 of 3
[2024-07-11T08:44:45.909+0000] {logging_mixin.py:188} INFO - [2024-07-11T08:44:45.909+0000] {dagbag.py:667} DEBUG - Calling the DAG.bulk_sync_to_db method
[2024-07-11T08:44:45.917+0000] {logging_mixin.py:188} INFO - [2024-07-11T08:44:45.917+0000] {serialized_dag.py:165} DEBUG - Checking if DAG (latest_only_with_trigger) changed
[2024-07-11T08:44:45.925+0000] {logging_mixin.py:188} INFO - [2024-07-11T08:44:45.924+0000] {serialized_dag.py:176} DEBUG - Serialized DAG (latest_only_with_trigger) is unchanged. Skipping writing to DB
[2024-07-11T08:44:45.925+0000] {logging_mixin.py:188} INFO - [2024-07-11T08:44:45.925+0000] {dag.py:3047} INFO - Sync 1 DAGs
[2024-07-11T08:44:45.941+0000] {logging_mixin.py:188} INFO - [2024-07-11T08:44:45.940+0000] {dag.py:3834} INFO - Setting next_dagrun for latest_only_with_trigger to 2024-07-11 04:00:00+00:00, run_after=2024-07-11 08:00:00+00:00
[2024-07-11T08:44:45.956+0000] {processor.py:183} INFO - Processing /home/airflow/.local/lib/python3.10/site-packages/airflow/example_dags/example_latest_only_with_trigger.py took 0.056 seconds
