[2024-07-11T08:36:59.303+0000] {logging_mixin.py:188} INFO - [2024-07-11T08:36:59.303+0000] {settings.py:249} DEBUG - Setting up DB connection pool (PID 64)
[2024-07-11T08:36:59.304+0000] {logging_mixin.py:188} INFO - [2024-07-11T08:36:59.304+0000] {settings.py:350} DEBUG - settings.prepare_engine_args(): Using pool settings. pool_size=5, max_overflow=10, pool_recycle=1800, pid=64
[2024-07-11T08:36:59.306+0000] {processor.py:161} INFO - Started process (PID=64) to work on /home/airflow/.local/lib/python3.10/site-packages/airflow/example_dags/example_params_trigger_ui.py
[2024-07-11T08:36:59.306+0000] {processor.py:830} INFO - Processing file /home/airflow/.local/lib/python3.10/site-packages/airflow/example_dags/example_params_trigger_ui.py for tasks to queue
[2024-07-11T08:36:59.307+0000] {logging_mixin.py:188} INFO - [2024-07-11T08:36:59.307+0000] {dagbag.py:540} INFO - Filling up the DagBag from /home/airflow/.local/lib/python3.10/site-packages/airflow/example_dags/example_params_trigger_ui.py
[2024-07-11T08:36:59.308+0000] {logging_mixin.py:188} INFO - [2024-07-11T08:36:59.308+0000] {dagbag.py:332} DEBUG - Importing /home/airflow/.local/lib/python3.10/site-packages/airflow/example_dags/example_params_trigger_ui.py
[2024-07-11T08:36:59.320+0000] {logging_mixin.py:188} INFO - [2024-07-11T08:36:59.320+0000] {dagbag.py:506} DEBUG - Loaded DAG <DAG: example_params_trigger_ui>
[2024-07-11T08:36:59.320+0000] {processor.py:840} INFO - DAG(s) 'example_params_trigger_ui' retrieved from /home/airflow/.local/lib/python3.10/site-packages/airflow/example_dags/example_params_trigger_ui.py
[2024-07-11T08:36:59.321+0000] {logging_mixin.py:188} INFO - [2024-07-11T08:36:59.321+0000] {dagbag.py:662} DEBUG - Running dagbag.sync_to_db with retries. Try 1 of 3
[2024-07-11T08:36:59.321+0000] {logging_mixin.py:188} INFO - [2024-07-11T08:36:59.321+0000] {dagbag.py:667} DEBUG - Calling the DAG.bulk_sync_to_db method
[2024-07-11T08:36:59.330+0000] {logging_mixin.py:188} INFO - [2024-07-11T08:36:59.330+0000] {dag.py:3047} INFO - Sync 1 DAGs
[2024-07-11T08:36:59.340+0000] {logging_mixin.py:188} INFO - [2024-07-11T08:36:59.340+0000] {dag.py:3834} INFO - Setting next_dagrun for example_params_trigger_ui to None, run_after=None
[2024-07-11T08:36:59.355+0000] {processor.py:183} INFO - Processing /home/airflow/.local/lib/python3.10/site-packages/airflow/example_dags/example_params_trigger_ui.py took 0.053 seconds
[2024-07-11T08:37:30.084+0000] {logging_mixin.py:188} INFO - [2024-07-11T08:37:30.084+0000] {settings.py:249} DEBUG - Setting up DB connection pool (PID 120)
[2024-07-11T08:37:30.085+0000] {logging_mixin.py:188} INFO - [2024-07-11T08:37:30.085+0000] {settings.py:350} DEBUG - settings.prepare_engine_args(): Using pool settings. pool_size=5, max_overflow=10, pool_recycle=1800, pid=120
[2024-07-11T08:37:30.086+0000] {processor.py:161} INFO - Started process (PID=120) to work on /home/airflow/.local/lib/python3.10/site-packages/airflow/example_dags/example_params_trigger_ui.py
[2024-07-11T08:37:30.087+0000] {processor.py:830} INFO - Processing file /home/airflow/.local/lib/python3.10/site-packages/airflow/example_dags/example_params_trigger_ui.py for tasks to queue
[2024-07-11T08:37:30.087+0000] {logging_mixin.py:188} INFO - [2024-07-11T08:37:30.087+0000] {dagbag.py:540} INFO - Filling up the DagBag from /home/airflow/.local/lib/python3.10/site-packages/airflow/example_dags/example_params_trigger_ui.py
[2024-07-11T08:37:30.088+0000] {logging_mixin.py:188} INFO - [2024-07-11T08:37:30.088+0000] {dagbag.py:332} DEBUG - Importing /home/airflow/.local/lib/python3.10/site-packages/airflow/example_dags/example_params_trigger_ui.py
[2024-07-11T08:37:30.097+0000] {logging_mixin.py:188} INFO - [2024-07-11T08:37:30.097+0000] {dagbag.py:506} DEBUG - Loaded DAG <DAG: example_params_trigger_ui>
[2024-07-11T08:37:30.097+0000] {processor.py:840} INFO - DAG(s) 'example_params_trigger_ui' retrieved from /home/airflow/.local/lib/python3.10/site-packages/airflow/example_dags/example_params_trigger_ui.py
[2024-07-11T08:37:30.098+0000] {logging_mixin.py:188} INFO - [2024-07-11T08:37:30.098+0000] {dagbag.py:662} DEBUG - Running dagbag.sync_to_db with retries. Try 1 of 3
[2024-07-11T08:37:30.098+0000] {logging_mixin.py:188} INFO - [2024-07-11T08:37:30.098+0000] {dagbag.py:667} DEBUG - Calling the DAG.bulk_sync_to_db method
[2024-07-11T08:37:30.106+0000] {logging_mixin.py:188} INFO - [2024-07-11T08:37:30.105+0000] {serialized_dag.py:165} DEBUG - Checking if DAG (example_params_trigger_ui) changed
[2024-07-11T08:37:30.110+0000] {logging_mixin.py:188} INFO - [2024-07-11T08:37:30.110+0000] {serialized_objects.py:529} DEBUG - Cast type <class 'airflow.models.param.ParamsDict'> to str in serialization.
[2024-07-11T08:37:30.115+0000] {logging_mixin.py:188} INFO - [2024-07-11T08:37:30.114+0000] {serialized_objects.py:529} DEBUG - Cast type <class 'airflow.models.param.ParamsDict'> to str in serialization.
[2024-07-11T08:37:30.118+0000] {logging_mixin.py:188} INFO - [2024-07-11T08:37:30.118+0000] {serialized_objects.py:529} DEBUG - Cast type <class 'airflow.models.param.ParamsDict'> to str in serialization.
[2024-07-11T08:37:30.123+0000] {logging_mixin.py:188} INFO - [2024-07-11T08:37:30.123+0000] {serialized_objects.py:529} DEBUG - Cast type <class 'airflow.models.param.ParamsDict'> to str in serialization.
[2024-07-11T08:37:30.127+0000] {logging_mixin.py:188} INFO - [2024-07-11T08:37:30.127+0000] {serialized_objects.py:529} DEBUG - Cast type <class 'airflow.models.param.ParamsDict'> to str in serialization.
[2024-07-11T08:37:30.131+0000] {logging_mixin.py:188} INFO - [2024-07-11T08:37:30.130+0000] {serialized_objects.py:529} DEBUG - Cast type <class 'airflow.models.param.ParamsDict'> to str in serialization.
[2024-07-11T08:37:30.136+0000] {logging_mixin.py:188} INFO - [2024-07-11T08:37:30.136+0000] {serialized_dag.py:179} DEBUG - Writing Serialized DAG: example_params_trigger_ui to the DB
[2024-07-11T08:37:30.139+0000] {logging_mixin.py:188} INFO - [2024-07-11T08:37:30.139+0000] {serialized_dag.py:181} DEBUG - DAG: example_params_trigger_ui written to the DB
[2024-07-11T08:37:30.139+0000] {logging_mixin.py:188} INFO - [2024-07-11T08:37:30.139+0000] {dagbag.py:696} DEBUG - Syncing DAG permissions: example_params_trigger_ui to the DB
[2024-07-11T08:37:30.198+0000] {logging_mixin.py:188} INFO - [2024-07-11T08:37:30.197+0000] {override.py:1034} DEBUG - Not syncing DAG-level permissions for DAG 'DAG:example_params_trigger_ui' as access control is unset.
[2024-07-11T08:37:30.198+0000] {logging_mixin.py:188} INFO - [2024-07-11T08:37:30.198+0000] {dag.py:3047} INFO - Sync 1 DAGs
[2024-07-11T08:37:30.205+0000] {logging_mixin.py:188} INFO - [2024-07-11T08:37:30.205+0000] {dag.py:3834} INFO - Setting next_dagrun for example_params_trigger_ui to None, run_after=None
[2024-07-11T08:37:30.218+0000] {processor.py:183} INFO - Processing /home/airflow/.local/lib/python3.10/site-packages/airflow/example_dags/example_params_trigger_ui.py took 0.135 seconds
[2024-07-11T08:38:00.295+0000] {logging_mixin.py:188} INFO - [2024-07-11T08:38:00.295+0000] {settings.py:249} DEBUG - Setting up DB connection pool (PID 176)
[2024-07-11T08:38:00.296+0000] {logging_mixin.py:188} INFO - [2024-07-11T08:38:00.296+0000] {settings.py:350} DEBUG - settings.prepare_engine_args(): Using pool settings. pool_size=5, max_overflow=10, pool_recycle=1800, pid=176
[2024-07-11T08:38:00.298+0000] {processor.py:161} INFO - Started process (PID=176) to work on /home/airflow/.local/lib/python3.10/site-packages/airflow/example_dags/example_params_trigger_ui.py
[2024-07-11T08:38:00.298+0000] {processor.py:830} INFO - Processing file /home/airflow/.local/lib/python3.10/site-packages/airflow/example_dags/example_params_trigger_ui.py for tasks to queue
[2024-07-11T08:38:00.299+0000] {logging_mixin.py:188} INFO - [2024-07-11T08:38:00.299+0000] {dagbag.py:540} INFO - Filling up the DagBag from /home/airflow/.local/lib/python3.10/site-packages/airflow/example_dags/example_params_trigger_ui.py
[2024-07-11T08:38:00.300+0000] {logging_mixin.py:188} INFO - [2024-07-11T08:38:00.300+0000] {dagbag.py:332} DEBUG - Importing /home/airflow/.local/lib/python3.10/site-packages/airflow/example_dags/example_params_trigger_ui.py
[2024-07-11T08:38:00.311+0000] {logging_mixin.py:188} INFO - [2024-07-11T08:38:00.310+0000] {dagbag.py:506} DEBUG - Loaded DAG <DAG: example_params_trigger_ui>
[2024-07-11T08:38:00.311+0000] {processor.py:840} INFO - DAG(s) 'example_params_trigger_ui' retrieved from /home/airflow/.local/lib/python3.10/site-packages/airflow/example_dags/example_params_trigger_ui.py
[2024-07-11T08:38:00.312+0000] {logging_mixin.py:188} INFO - [2024-07-11T08:38:00.312+0000] {dagbag.py:662} DEBUG - Running dagbag.sync_to_db with retries. Try 1 of 3
[2024-07-11T08:38:00.312+0000] {logging_mixin.py:188} INFO - [2024-07-11T08:38:00.312+0000] {dagbag.py:667} DEBUG - Calling the DAG.bulk_sync_to_db method
[2024-07-11T08:38:00.320+0000] {logging_mixin.py:188} INFO - [2024-07-11T08:38:00.320+0000] {serialized_dag.py:165} DEBUG - Checking if DAG (example_params_trigger_ui) changed
[2024-07-11T08:38:00.326+0000] {logging_mixin.py:188} INFO - [2024-07-11T08:38:00.326+0000] {serialized_objects.py:529} DEBUG - Cast type <class 'airflow.models.param.ParamsDict'> to str in serialization.
[2024-07-11T08:38:00.332+0000] {logging_mixin.py:188} INFO - [2024-07-11T08:38:00.332+0000] {serialized_objects.py:529} DEBUG - Cast type <class 'airflow.models.param.ParamsDict'> to str in serialization.
[2024-07-11T08:38:00.338+0000] {logging_mixin.py:188} INFO - [2024-07-11T08:38:00.338+0000] {serialized_objects.py:529} DEBUG - Cast type <class 'airflow.models.param.ParamsDict'> to str in serialization.
[2024-07-11T08:38:00.343+0000] {logging_mixin.py:188} INFO - [2024-07-11T08:38:00.343+0000] {serialized_objects.py:529} DEBUG - Cast type <class 'airflow.models.param.ParamsDict'> to str in serialization.
[2024-07-11T08:38:00.348+0000] {logging_mixin.py:188} INFO - [2024-07-11T08:38:00.348+0000] {serialized_objects.py:529} DEBUG - Cast type <class 'airflow.models.param.ParamsDict'> to str in serialization.
[2024-07-11T08:38:00.353+0000] {logging_mixin.py:188} INFO - [2024-07-11T08:38:00.352+0000] {serialized_objects.py:529} DEBUG - Cast type <class 'airflow.models.param.ParamsDict'> to str in serialization.
[2024-07-11T08:38:00.359+0000] {logging_mixin.py:188} INFO - [2024-07-11T08:38:00.359+0000] {serialized_dag.py:176} DEBUG - Serialized DAG (example_params_trigger_ui) is unchanged. Skipping writing to DB
[2024-07-11T08:38:00.359+0000] {logging_mixin.py:188} INFO - [2024-07-11T08:38:00.359+0000] {dag.py:3047} INFO - Sync 1 DAGs
[2024-07-11T08:38:00.371+0000] {logging_mixin.py:188} INFO - [2024-07-11T08:38:00.370+0000] {dag.py:3834} INFO - Setting next_dagrun for example_params_trigger_ui to None, run_after=None
[2024-07-11T08:38:00.387+0000] {processor.py:183} INFO - Processing /home/airflow/.local/lib/python3.10/site-packages/airflow/example_dags/example_params_trigger_ui.py took 0.092 seconds
[2024-07-11T08:38:30.516+0000] {logging_mixin.py:188} INFO - [2024-07-11T08:38:30.516+0000] {settings.py:249} DEBUG - Setting up DB connection pool (PID 232)
[2024-07-11T08:38:30.517+0000] {logging_mixin.py:188} INFO - [2024-07-11T08:38:30.517+0000] {settings.py:350} DEBUG - settings.prepare_engine_args(): Using pool settings. pool_size=5, max_overflow=10, pool_recycle=1800, pid=232
[2024-07-11T08:38:30.519+0000] {processor.py:161} INFO - Started process (PID=232) to work on /home/airflow/.local/lib/python3.10/site-packages/airflow/example_dags/example_params_trigger_ui.py
[2024-07-11T08:38:30.519+0000] {processor.py:830} INFO - Processing file /home/airflow/.local/lib/python3.10/site-packages/airflow/example_dags/example_params_trigger_ui.py for tasks to queue
[2024-07-11T08:38:30.519+0000] {logging_mixin.py:188} INFO - [2024-07-11T08:38:30.519+0000] {dagbag.py:540} INFO - Filling up the DagBag from /home/airflow/.local/lib/python3.10/site-packages/airflow/example_dags/example_params_trigger_ui.py
[2024-07-11T08:38:30.520+0000] {logging_mixin.py:188} INFO - [2024-07-11T08:38:30.520+0000] {dagbag.py:332} DEBUG - Importing /home/airflow/.local/lib/python3.10/site-packages/airflow/example_dags/example_params_trigger_ui.py
[2024-07-11T08:38:30.529+0000] {logging_mixin.py:188} INFO - [2024-07-11T08:38:30.528+0000] {dagbag.py:506} DEBUG - Loaded DAG <DAG: example_params_trigger_ui>
[2024-07-11T08:38:30.529+0000] {processor.py:840} INFO - DAG(s) 'example_params_trigger_ui' retrieved from /home/airflow/.local/lib/python3.10/site-packages/airflow/example_dags/example_params_trigger_ui.py
[2024-07-11T08:38:30.530+0000] {logging_mixin.py:188} INFO - [2024-07-11T08:38:30.530+0000] {dagbag.py:662} DEBUG - Running dagbag.sync_to_db with retries. Try 1 of 3
[2024-07-11T08:38:30.530+0000] {logging_mixin.py:188} INFO - [2024-07-11T08:38:30.530+0000] {dagbag.py:667} DEBUG - Calling the DAG.bulk_sync_to_db method
[2024-07-11T08:38:30.538+0000] {logging_mixin.py:188} INFO - [2024-07-11T08:38:30.538+0000] {serialized_dag.py:165} DEBUG - Checking if DAG (example_params_trigger_ui) changed
[2024-07-11T08:38:30.542+0000] {logging_mixin.py:188} INFO - [2024-07-11T08:38:30.542+0000] {serialized_objects.py:529} DEBUG - Cast type <class 'airflow.models.param.ParamsDict'> to str in serialization.
[2024-07-11T08:38:30.546+0000] {logging_mixin.py:188} INFO - [2024-07-11T08:38:30.546+0000] {serialized_objects.py:529} DEBUG - Cast type <class 'airflow.models.param.ParamsDict'> to str in serialization.
[2024-07-11T08:38:30.549+0000] {logging_mixin.py:188} INFO - [2024-07-11T08:38:30.549+0000] {serialized_objects.py:529} DEBUG - Cast type <class 'airflow.models.param.ParamsDict'> to str in serialization.
[2024-07-11T08:38:30.554+0000] {logging_mixin.py:188} INFO - [2024-07-11T08:38:30.553+0000] {serialized_objects.py:529} DEBUG - Cast type <class 'airflow.models.param.ParamsDict'> to str in serialization.
[2024-07-11T08:38:30.558+0000] {logging_mixin.py:188} INFO - [2024-07-11T08:38:30.557+0000] {serialized_objects.py:529} DEBUG - Cast type <class 'airflow.models.param.ParamsDict'> to str in serialization.
[2024-07-11T08:38:30.562+0000] {logging_mixin.py:188} INFO - [2024-07-11T08:38:30.562+0000] {serialized_objects.py:529} DEBUG - Cast type <class 'airflow.models.param.ParamsDict'> to str in serialization.
[2024-07-11T08:38:30.568+0000] {logging_mixin.py:188} INFO - [2024-07-11T08:38:30.568+0000] {serialized_dag.py:176} DEBUG - Serialized DAG (example_params_trigger_ui) is unchanged. Skipping writing to DB
[2024-07-11T08:38:30.568+0000] {logging_mixin.py:188} INFO - [2024-07-11T08:38:30.568+0000] {dag.py:3047} INFO - Sync 1 DAGs
[2024-07-11T08:38:30.578+0000] {logging_mixin.py:188} INFO - [2024-07-11T08:38:30.578+0000] {dag.py:3834} INFO - Setting next_dagrun for example_params_trigger_ui to None, run_after=None
[2024-07-11T08:38:30.592+0000] {processor.py:183} INFO - Processing /home/airflow/.local/lib/python3.10/site-packages/airflow/example_dags/example_params_trigger_ui.py took 0.077 seconds
[2024-07-11T08:39:00.881+0000] {logging_mixin.py:188} INFO - [2024-07-11T08:39:00.880+0000] {settings.py:249} DEBUG - Setting up DB connection pool (PID 288)
[2024-07-11T08:39:00.881+0000] {logging_mixin.py:188} INFO - [2024-07-11T08:39:00.881+0000] {settings.py:350} DEBUG - settings.prepare_engine_args(): Using pool settings. pool_size=5, max_overflow=10, pool_recycle=1800, pid=288
[2024-07-11T08:39:00.883+0000] {processor.py:161} INFO - Started process (PID=288) to work on /home/airflow/.local/lib/python3.10/site-packages/airflow/example_dags/example_params_trigger_ui.py
[2024-07-11T08:39:00.884+0000] {processor.py:830} INFO - Processing file /home/airflow/.local/lib/python3.10/site-packages/airflow/example_dags/example_params_trigger_ui.py for tasks to queue
[2024-07-11T08:39:00.884+0000] {logging_mixin.py:188} INFO - [2024-07-11T08:39:00.884+0000] {dagbag.py:540} INFO - Filling up the DagBag from /home/airflow/.local/lib/python3.10/site-packages/airflow/example_dags/example_params_trigger_ui.py
[2024-07-11T08:39:00.885+0000] {logging_mixin.py:188} INFO - [2024-07-11T08:39:00.885+0000] {dagbag.py:332} DEBUG - Importing /home/airflow/.local/lib/python3.10/site-packages/airflow/example_dags/example_params_trigger_ui.py
[2024-07-11T08:39:00.898+0000] {logging_mixin.py:188} INFO - [2024-07-11T08:39:00.898+0000] {dagbag.py:506} DEBUG - Loaded DAG <DAG: example_params_trigger_ui>
[2024-07-11T08:39:00.899+0000] {processor.py:840} INFO - DAG(s) 'example_params_trigger_ui' retrieved from /home/airflow/.local/lib/python3.10/site-packages/airflow/example_dags/example_params_trigger_ui.py
[2024-07-11T08:39:00.899+0000] {logging_mixin.py:188} INFO - [2024-07-11T08:39:00.899+0000] {dagbag.py:662} DEBUG - Running dagbag.sync_to_db with retries. Try 1 of 3
[2024-07-11T08:39:00.899+0000] {logging_mixin.py:188} INFO - [2024-07-11T08:39:00.899+0000] {dagbag.py:667} DEBUG - Calling the DAG.bulk_sync_to_db method
[2024-07-11T08:39:00.909+0000] {logging_mixin.py:188} INFO - [2024-07-11T08:39:00.909+0000] {serialized_dag.py:165} DEBUG - Checking if DAG (example_params_trigger_ui) changed
[2024-07-11T08:39:00.914+0000] {logging_mixin.py:188} INFO - [2024-07-11T08:39:00.913+0000] {serialized_objects.py:529} DEBUG - Cast type <class 'airflow.models.param.ParamsDict'> to str in serialization.
[2024-07-11T08:39:00.917+0000] {logging_mixin.py:188} INFO - [2024-07-11T08:39:00.917+0000] {serialized_objects.py:529} DEBUG - Cast type <class 'airflow.models.param.ParamsDict'> to str in serialization.
[2024-07-11T08:39:00.921+0000] {logging_mixin.py:188} INFO - [2024-07-11T08:39:00.921+0000] {serialized_objects.py:529} DEBUG - Cast type <class 'airflow.models.param.ParamsDict'> to str in serialization.
[2024-07-11T08:39:00.926+0000] {logging_mixin.py:188} INFO - [2024-07-11T08:39:00.926+0000] {serialized_objects.py:529} DEBUG - Cast type <class 'airflow.models.param.ParamsDict'> to str in serialization.
[2024-07-11T08:39:00.930+0000] {logging_mixin.py:188} INFO - [2024-07-11T08:39:00.930+0000] {serialized_objects.py:529} DEBUG - Cast type <class 'airflow.models.param.ParamsDict'> to str in serialization.
[2024-07-11T08:39:00.936+0000] {logging_mixin.py:188} INFO - [2024-07-11T08:39:00.935+0000] {serialized_objects.py:529} DEBUG - Cast type <class 'airflow.models.param.ParamsDict'> to str in serialization.
[2024-07-11T08:39:00.943+0000] {logging_mixin.py:188} INFO - [2024-07-11T08:39:00.943+0000] {serialized_dag.py:176} DEBUG - Serialized DAG (example_params_trigger_ui) is unchanged. Skipping writing to DB
[2024-07-11T08:39:00.943+0000] {logging_mixin.py:188} INFO - [2024-07-11T08:39:00.943+0000] {dag.py:3047} INFO - Sync 1 DAGs
[2024-07-11T08:39:00.953+0000] {logging_mixin.py:188} INFO - [2024-07-11T08:39:00.953+0000] {dag.py:3834} INFO - Setting next_dagrun for example_params_trigger_ui to None, run_after=None
[2024-07-11T08:39:00.972+0000] {processor.py:183} INFO - Processing /home/airflow/.local/lib/python3.10/site-packages/airflow/example_dags/example_params_trigger_ui.py took 0.092 seconds
[2024-07-11T08:39:31.188+0000] {logging_mixin.py:188} INFO - [2024-07-11T08:39:31.187+0000] {settings.py:249} DEBUG - Setting up DB connection pool (PID 345)
[2024-07-11T08:39:31.189+0000] {logging_mixin.py:188} INFO - [2024-07-11T08:39:31.188+0000] {settings.py:350} DEBUG - settings.prepare_engine_args(): Using pool settings. pool_size=5, max_overflow=10, pool_recycle=1800, pid=345
[2024-07-11T08:39:31.191+0000] {processor.py:161} INFO - Started process (PID=345) to work on /home/airflow/.local/lib/python3.10/site-packages/airflow/example_dags/example_params_trigger_ui.py
[2024-07-11T08:39:31.191+0000] {processor.py:830} INFO - Processing file /home/airflow/.local/lib/python3.10/site-packages/airflow/example_dags/example_params_trigger_ui.py for tasks to queue
[2024-07-11T08:39:31.191+0000] {logging_mixin.py:188} INFO - [2024-07-11T08:39:31.191+0000] {dagbag.py:540} INFO - Filling up the DagBag from /home/airflow/.local/lib/python3.10/site-packages/airflow/example_dags/example_params_trigger_ui.py
[2024-07-11T08:39:31.192+0000] {logging_mixin.py:188} INFO - [2024-07-11T08:39:31.192+0000] {dagbag.py:332} DEBUG - Importing /home/airflow/.local/lib/python3.10/site-packages/airflow/example_dags/example_params_trigger_ui.py
[2024-07-11T08:39:31.202+0000] {logging_mixin.py:188} INFO - [2024-07-11T08:39:31.202+0000] {dagbag.py:506} DEBUG - Loaded DAG <DAG: example_params_trigger_ui>
[2024-07-11T08:39:31.203+0000] {processor.py:840} INFO - DAG(s) 'example_params_trigger_ui' retrieved from /home/airflow/.local/lib/python3.10/site-packages/airflow/example_dags/example_params_trigger_ui.py
[2024-07-11T08:39:31.204+0000] {logging_mixin.py:188} INFO - [2024-07-11T08:39:31.204+0000] {dagbag.py:662} DEBUG - Running dagbag.sync_to_db with retries. Try 1 of 3
[2024-07-11T08:39:31.204+0000] {logging_mixin.py:188} INFO - [2024-07-11T08:39:31.204+0000] {dagbag.py:667} DEBUG - Calling the DAG.bulk_sync_to_db method
[2024-07-11T08:39:31.214+0000] {logging_mixin.py:188} INFO - [2024-07-11T08:39:31.214+0000] {serialized_dag.py:165} DEBUG - Checking if DAG (example_params_trigger_ui) changed
[2024-07-11T08:39:31.219+0000] {logging_mixin.py:188} INFO - [2024-07-11T08:39:31.219+0000] {serialized_objects.py:529} DEBUG - Cast type <class 'airflow.models.param.ParamsDict'> to str in serialization.
[2024-07-11T08:39:31.223+0000] {logging_mixin.py:188} INFO - [2024-07-11T08:39:31.223+0000] {serialized_objects.py:529} DEBUG - Cast type <class 'airflow.models.param.ParamsDict'> to str in serialization.
[2024-07-11T08:39:31.227+0000] {logging_mixin.py:188} INFO - [2024-07-11T08:39:31.227+0000] {serialized_objects.py:529} DEBUG - Cast type <class 'airflow.models.param.ParamsDict'> to str in serialization.
[2024-07-11T08:39:31.231+0000] {logging_mixin.py:188} INFO - [2024-07-11T08:39:31.231+0000] {serialized_objects.py:529} DEBUG - Cast type <class 'airflow.models.param.ParamsDict'> to str in serialization.
[2024-07-11T08:39:31.235+0000] {logging_mixin.py:188} INFO - [2024-07-11T08:39:31.235+0000] {serialized_objects.py:529} DEBUG - Cast type <class 'airflow.models.param.ParamsDict'> to str in serialization.
[2024-07-11T08:39:31.239+0000] {logging_mixin.py:188} INFO - [2024-07-11T08:39:31.239+0000] {serialized_objects.py:529} DEBUG - Cast type <class 'airflow.models.param.ParamsDict'> to str in serialization.
[2024-07-11T08:39:31.246+0000] {logging_mixin.py:188} INFO - [2024-07-11T08:39:31.245+0000] {serialized_dag.py:176} DEBUG - Serialized DAG (example_params_trigger_ui) is unchanged. Skipping writing to DB
[2024-07-11T08:39:31.246+0000] {logging_mixin.py:188} INFO - [2024-07-11T08:39:31.246+0000] {dag.py:3047} INFO - Sync 1 DAGs
[2024-07-11T08:39:31.258+0000] {logging_mixin.py:188} INFO - [2024-07-11T08:39:31.258+0000] {dag.py:3834} INFO - Setting next_dagrun for example_params_trigger_ui to None, run_after=None
[2024-07-11T08:39:31.272+0000] {processor.py:183} INFO - Processing /home/airflow/.local/lib/python3.10/site-packages/airflow/example_dags/example_params_trigger_ui.py took 0.084 seconds
[2024-07-11T08:40:01.407+0000] {logging_mixin.py:188} INFO - [2024-07-11T08:40:01.406+0000] {settings.py:249} DEBUG - Setting up DB connection pool (PID 401)
[2024-07-11T08:40:01.407+0000] {logging_mixin.py:188} INFO - [2024-07-11T08:40:01.407+0000] {settings.py:350} DEBUG - settings.prepare_engine_args(): Using pool settings. pool_size=5, max_overflow=10, pool_recycle=1800, pid=401
[2024-07-11T08:40:01.409+0000] {processor.py:161} INFO - Started process (PID=401) to work on /home/airflow/.local/lib/python3.10/site-packages/airflow/example_dags/example_params_trigger_ui.py
[2024-07-11T08:40:01.410+0000] {processor.py:830} INFO - Processing file /home/airflow/.local/lib/python3.10/site-packages/airflow/example_dags/example_params_trigger_ui.py for tasks to queue
[2024-07-11T08:40:01.410+0000] {logging_mixin.py:188} INFO - [2024-07-11T08:40:01.410+0000] {dagbag.py:540} INFO - Filling up the DagBag from /home/airflow/.local/lib/python3.10/site-packages/airflow/example_dags/example_params_trigger_ui.py
[2024-07-11T08:40:01.411+0000] {logging_mixin.py:188} INFO - [2024-07-11T08:40:01.411+0000] {dagbag.py:332} DEBUG - Importing /home/airflow/.local/lib/python3.10/site-packages/airflow/example_dags/example_params_trigger_ui.py
[2024-07-11T08:40:01.421+0000] {logging_mixin.py:188} INFO - [2024-07-11T08:40:01.421+0000] {dagbag.py:506} DEBUG - Loaded DAG <DAG: example_params_trigger_ui>
[2024-07-11T08:40:01.421+0000] {processor.py:840} INFO - DAG(s) 'example_params_trigger_ui' retrieved from /home/airflow/.local/lib/python3.10/site-packages/airflow/example_dags/example_params_trigger_ui.py
[2024-07-11T08:40:01.422+0000] {logging_mixin.py:188} INFO - [2024-07-11T08:40:01.422+0000] {dagbag.py:662} DEBUG - Running dagbag.sync_to_db with retries. Try 1 of 3
[2024-07-11T08:40:01.422+0000] {logging_mixin.py:188} INFO - [2024-07-11T08:40:01.422+0000] {dagbag.py:667} DEBUG - Calling the DAG.bulk_sync_to_db method
[2024-07-11T08:40:01.431+0000] {logging_mixin.py:188} INFO - [2024-07-11T08:40:01.430+0000] {serialized_dag.py:165} DEBUG - Checking if DAG (example_params_trigger_ui) changed
[2024-07-11T08:40:01.435+0000] {logging_mixin.py:188} INFO - [2024-07-11T08:40:01.435+0000] {serialized_objects.py:529} DEBUG - Cast type <class 'airflow.models.param.ParamsDict'> to str in serialization.
[2024-07-11T08:40:01.439+0000] {logging_mixin.py:188} INFO - [2024-07-11T08:40:01.439+0000] {serialized_objects.py:529} DEBUG - Cast type <class 'airflow.models.param.ParamsDict'> to str in serialization.
[2024-07-11T08:40:01.444+0000] {logging_mixin.py:188} INFO - [2024-07-11T08:40:01.443+0000] {serialized_objects.py:529} DEBUG - Cast type <class 'airflow.models.param.ParamsDict'> to str in serialization.
[2024-07-11T08:40:01.448+0000] {logging_mixin.py:188} INFO - [2024-07-11T08:40:01.448+0000] {serialized_objects.py:529} DEBUG - Cast type <class 'airflow.models.param.ParamsDict'> to str in serialization.
[2024-07-11T08:40:01.452+0000] {logging_mixin.py:188} INFO - [2024-07-11T08:40:01.452+0000] {serialized_objects.py:529} DEBUG - Cast type <class 'airflow.models.param.ParamsDict'> to str in serialization.
[2024-07-11T08:40:01.456+0000] {logging_mixin.py:188} INFO - [2024-07-11T08:40:01.456+0000] {serialized_objects.py:529} DEBUG - Cast type <class 'airflow.models.param.ParamsDict'> to str in serialization.
[2024-07-11T08:40:01.462+0000] {logging_mixin.py:188} INFO - [2024-07-11T08:40:01.462+0000] {serialized_dag.py:176} DEBUG - Serialized DAG (example_params_trigger_ui) is unchanged. Skipping writing to DB
[2024-07-11T08:40:01.462+0000] {logging_mixin.py:188} INFO - [2024-07-11T08:40:01.462+0000] {dag.py:3047} INFO - Sync 1 DAGs
[2024-07-11T08:40:01.472+0000] {logging_mixin.py:188} INFO - [2024-07-11T08:40:01.471+0000] {dag.py:3834} INFO - Setting next_dagrun for example_params_trigger_ui to None, run_after=None
[2024-07-11T08:40:01.486+0000] {processor.py:183} INFO - Processing /home/airflow/.local/lib/python3.10/site-packages/airflow/example_dags/example_params_trigger_ui.py took 0.080 seconds
[2024-07-11T08:41:13.271+0000] {logging_mixin.py:188} INFO - [2024-07-11T08:41:13.270+0000] {settings.py:249} DEBUG - Setting up DB connection pool (PID 64)
[2024-07-11T08:41:13.272+0000] {logging_mixin.py:188} INFO - [2024-07-11T08:41:13.272+0000] {settings.py:350} DEBUG - settings.prepare_engine_args(): Using pool settings. pool_size=5, max_overflow=10, pool_recycle=1800, pid=64
[2024-07-11T08:41:13.274+0000] {processor.py:161} INFO - Started process (PID=64) to work on /home/airflow/.local/lib/python3.10/site-packages/airflow/example_dags/example_params_trigger_ui.py
[2024-07-11T08:41:13.274+0000] {processor.py:830} INFO - Processing file /home/airflow/.local/lib/python3.10/site-packages/airflow/example_dags/example_params_trigger_ui.py for tasks to queue
[2024-07-11T08:41:13.275+0000] {logging_mixin.py:188} INFO - [2024-07-11T08:41:13.275+0000] {dagbag.py:540} INFO - Filling up the DagBag from /home/airflow/.local/lib/python3.10/site-packages/airflow/example_dags/example_params_trigger_ui.py
[2024-07-11T08:41:13.276+0000] {logging_mixin.py:188} INFO - [2024-07-11T08:41:13.275+0000] {dagbag.py:332} DEBUG - Importing /home/airflow/.local/lib/python3.10/site-packages/airflow/example_dags/example_params_trigger_ui.py
[2024-07-11T08:41:13.287+0000] {logging_mixin.py:188} INFO - [2024-07-11T08:41:13.287+0000] {dagbag.py:506} DEBUG - Loaded DAG <DAG: example_params_trigger_ui>
[2024-07-11T08:41:13.287+0000] {processor.py:840} INFO - DAG(s) 'example_params_trigger_ui' retrieved from /home/airflow/.local/lib/python3.10/site-packages/airflow/example_dags/example_params_trigger_ui.py
[2024-07-11T08:41:13.288+0000] {logging_mixin.py:188} INFO - [2024-07-11T08:41:13.288+0000] {dagbag.py:662} DEBUG - Running dagbag.sync_to_db with retries. Try 1 of 3
[2024-07-11T08:41:13.288+0000] {logging_mixin.py:188} INFO - [2024-07-11T08:41:13.288+0000] {dagbag.py:667} DEBUG - Calling the DAG.bulk_sync_to_db method
[2024-07-11T08:41:13.298+0000] {logging_mixin.py:188} INFO - [2024-07-11T08:41:13.297+0000] {dag.py:3047} INFO - Sync 1 DAGs
[2024-07-11T08:41:13.308+0000] {logging_mixin.py:188} INFO - [2024-07-11T08:41:13.308+0000] {dag.py:3834} INFO - Setting next_dagrun for example_params_trigger_ui to None, run_after=None
[2024-07-11T08:41:13.325+0000] {processor.py:183} INFO - Processing /home/airflow/.local/lib/python3.10/site-packages/airflow/example_dags/example_params_trigger_ui.py took 0.055 seconds
[2024-07-11T08:41:44.814+0000] {logging_mixin.py:188} INFO - [2024-07-11T08:41:44.814+0000] {settings.py:249} DEBUG - Setting up DB connection pool (PID 120)
[2024-07-11T08:41:44.815+0000] {logging_mixin.py:188} INFO - [2024-07-11T08:41:44.815+0000] {settings.py:350} DEBUG - settings.prepare_engine_args(): Using pool settings. pool_size=5, max_overflow=10, pool_recycle=1800, pid=120
[2024-07-11T08:41:44.817+0000] {processor.py:161} INFO - Started process (PID=120) to work on /home/airflow/.local/lib/python3.10/site-packages/airflow/example_dags/example_params_trigger_ui.py
[2024-07-11T08:41:44.817+0000] {processor.py:830} INFO - Processing file /home/airflow/.local/lib/python3.10/site-packages/airflow/example_dags/example_params_trigger_ui.py for tasks to queue
[2024-07-11T08:41:44.818+0000] {logging_mixin.py:188} INFO - [2024-07-11T08:41:44.818+0000] {dagbag.py:540} INFO - Filling up the DagBag from /home/airflow/.local/lib/python3.10/site-packages/airflow/example_dags/example_params_trigger_ui.py
[2024-07-11T08:41:44.819+0000] {logging_mixin.py:188} INFO - [2024-07-11T08:41:44.818+0000] {dagbag.py:332} DEBUG - Importing /home/airflow/.local/lib/python3.10/site-packages/airflow/example_dags/example_params_trigger_ui.py
[2024-07-11T08:41:44.829+0000] {logging_mixin.py:188} INFO - [2024-07-11T08:41:44.829+0000] {dagbag.py:506} DEBUG - Loaded DAG <DAG: example_params_trigger_ui>
[2024-07-11T08:41:44.829+0000] {processor.py:840} INFO - DAG(s) 'example_params_trigger_ui' retrieved from /home/airflow/.local/lib/python3.10/site-packages/airflow/example_dags/example_params_trigger_ui.py
[2024-07-11T08:41:44.830+0000] {logging_mixin.py:188} INFO - [2024-07-11T08:41:44.830+0000] {dagbag.py:662} DEBUG - Running dagbag.sync_to_db with retries. Try 1 of 3
[2024-07-11T08:41:44.830+0000] {logging_mixin.py:188} INFO - [2024-07-11T08:41:44.830+0000] {dagbag.py:667} DEBUG - Calling the DAG.bulk_sync_to_db method
[2024-07-11T08:41:44.839+0000] {logging_mixin.py:188} INFO - [2024-07-11T08:41:44.839+0000] {serialized_dag.py:165} DEBUG - Checking if DAG (example_params_trigger_ui) changed
[2024-07-11T08:41:44.847+0000] {logging_mixin.py:188} INFO - [2024-07-11T08:41:44.847+0000] {serialized_objects.py:529} DEBUG - Cast type <class 'airflow.models.param.ParamsDict'> to str in serialization.
[2024-07-11T08:41:44.856+0000] {logging_mixin.py:188} INFO - [2024-07-11T08:41:44.856+0000] {serialized_objects.py:529} DEBUG - Cast type <class 'airflow.models.param.ParamsDict'> to str in serialization.
[2024-07-11T08:41:44.864+0000] {logging_mixin.py:188} INFO - [2024-07-11T08:41:44.863+0000] {serialized_objects.py:529} DEBUG - Cast type <class 'airflow.models.param.ParamsDict'> to str in serialization.
[2024-07-11T08:41:44.872+0000] {logging_mixin.py:188} INFO - [2024-07-11T08:41:44.872+0000] {serialized_objects.py:529} DEBUG - Cast type <class 'airflow.models.param.ParamsDict'> to str in serialization.
[2024-07-11T08:41:44.878+0000] {logging_mixin.py:188} INFO - [2024-07-11T08:41:44.878+0000] {serialized_objects.py:529} DEBUG - Cast type <class 'airflow.models.param.ParamsDict'> to str in serialization.
[2024-07-11T08:41:44.882+0000] {logging_mixin.py:188} INFO - [2024-07-11T08:41:44.882+0000] {serialized_objects.py:529} DEBUG - Cast type <class 'airflow.models.param.ParamsDict'> to str in serialization.
[2024-07-11T08:41:44.889+0000] {logging_mixin.py:188} INFO - [2024-07-11T08:41:44.888+0000] {serialized_dag.py:179} DEBUG - Writing Serialized DAG: example_params_trigger_ui to the DB
[2024-07-11T08:41:44.892+0000] {logging_mixin.py:188} INFO - [2024-07-11T08:41:44.891+0000] {serialized_dag.py:181} DEBUG - DAG: example_params_trigger_ui written to the DB
[2024-07-11T08:41:44.892+0000] {logging_mixin.py:188} INFO - [2024-07-11T08:41:44.892+0000] {dagbag.py:696} DEBUG - Syncing DAG permissions: example_params_trigger_ui to the DB
[2024-07-11T08:41:44.953+0000] {logging_mixin.py:188} INFO - [2024-07-11T08:41:44.952+0000] {override.py:1034} DEBUG - Not syncing DAG-level permissions for DAG 'DAG:example_params_trigger_ui' as access control is unset.
[2024-07-11T08:41:44.953+0000] {logging_mixin.py:188} INFO - [2024-07-11T08:41:44.953+0000] {dag.py:3047} INFO - Sync 1 DAGs
[2024-07-11T08:41:44.961+0000] {logging_mixin.py:188} INFO - [2024-07-11T08:41:44.961+0000] {dag.py:3834} INFO - Setting next_dagrun for example_params_trigger_ui to None, run_after=None
[2024-07-11T08:41:44.976+0000] {processor.py:183} INFO - Processing /home/airflow/.local/lib/python3.10/site-packages/airflow/example_dags/example_params_trigger_ui.py took 0.162 seconds
[2024-07-11T08:42:15.102+0000] {logging_mixin.py:188} INFO - [2024-07-11T08:42:15.101+0000] {settings.py:249} DEBUG - Setting up DB connection pool (PID 176)
[2024-07-11T08:42:15.103+0000] {logging_mixin.py:188} INFO - [2024-07-11T08:42:15.102+0000] {settings.py:350} DEBUG - settings.prepare_engine_args(): Using pool settings. pool_size=5, max_overflow=10, pool_recycle=1800, pid=176
[2024-07-11T08:42:15.104+0000] {processor.py:161} INFO - Started process (PID=176) to work on /home/airflow/.local/lib/python3.10/site-packages/airflow/example_dags/example_params_trigger_ui.py
[2024-07-11T08:42:15.105+0000] {processor.py:830} INFO - Processing file /home/airflow/.local/lib/python3.10/site-packages/airflow/example_dags/example_params_trigger_ui.py for tasks to queue
[2024-07-11T08:42:15.105+0000] {logging_mixin.py:188} INFO - [2024-07-11T08:42:15.105+0000] {dagbag.py:540} INFO - Filling up the DagBag from /home/airflow/.local/lib/python3.10/site-packages/airflow/example_dags/example_params_trigger_ui.py
[2024-07-11T08:42:15.106+0000] {logging_mixin.py:188} INFO - [2024-07-11T08:42:15.106+0000] {dagbag.py:332} DEBUG - Importing /home/airflow/.local/lib/python3.10/site-packages/airflow/example_dags/example_params_trigger_ui.py
[2024-07-11T08:42:15.114+0000] {logging_mixin.py:188} INFO - [2024-07-11T08:42:15.114+0000] {dagbag.py:506} DEBUG - Loaded DAG <DAG: example_params_trigger_ui>
[2024-07-11T08:42:15.114+0000] {processor.py:840} INFO - DAG(s) 'example_params_trigger_ui' retrieved from /home/airflow/.local/lib/python3.10/site-packages/airflow/example_dags/example_params_trigger_ui.py
[2024-07-11T08:42:15.115+0000] {logging_mixin.py:188} INFO - [2024-07-11T08:42:15.115+0000] {dagbag.py:662} DEBUG - Running dagbag.sync_to_db with retries. Try 1 of 3
[2024-07-11T08:42:15.115+0000] {logging_mixin.py:188} INFO - [2024-07-11T08:42:15.115+0000] {dagbag.py:667} DEBUG - Calling the DAG.bulk_sync_to_db method
[2024-07-11T08:42:15.122+0000] {logging_mixin.py:188} INFO - [2024-07-11T08:42:15.122+0000] {serialized_dag.py:165} DEBUG - Checking if DAG (example_params_trigger_ui) changed
[2024-07-11T08:42:15.126+0000] {logging_mixin.py:188} INFO - [2024-07-11T08:42:15.126+0000] {serialized_objects.py:529} DEBUG - Cast type <class 'airflow.models.param.ParamsDict'> to str in serialization.
[2024-07-11T08:42:15.130+0000] {logging_mixin.py:188} INFO - [2024-07-11T08:42:15.130+0000] {serialized_objects.py:529} DEBUG - Cast type <class 'airflow.models.param.ParamsDict'> to str in serialization.
[2024-07-11T08:42:15.133+0000] {logging_mixin.py:188} INFO - [2024-07-11T08:42:15.133+0000] {serialized_objects.py:529} DEBUG - Cast type <class 'airflow.models.param.ParamsDict'> to str in serialization.
[2024-07-11T08:42:15.137+0000] {logging_mixin.py:188} INFO - [2024-07-11T08:42:15.137+0000] {serialized_objects.py:529} DEBUG - Cast type <class 'airflow.models.param.ParamsDict'> to str in serialization.
[2024-07-11T08:42:15.141+0000] {logging_mixin.py:188} INFO - [2024-07-11T08:42:15.141+0000] {serialized_objects.py:529} DEBUG - Cast type <class 'airflow.models.param.ParamsDict'> to str in serialization.
[2024-07-11T08:42:15.145+0000] {logging_mixin.py:188} INFO - [2024-07-11T08:42:15.145+0000] {serialized_objects.py:529} DEBUG - Cast type <class 'airflow.models.param.ParamsDict'> to str in serialization.
[2024-07-11T08:42:15.151+0000] {logging_mixin.py:188} INFO - [2024-07-11T08:42:15.151+0000] {serialized_dag.py:176} DEBUG - Serialized DAG (example_params_trigger_ui) is unchanged. Skipping writing to DB
[2024-07-11T08:42:15.151+0000] {logging_mixin.py:188} INFO - [2024-07-11T08:42:15.151+0000] {dag.py:3047} INFO - Sync 1 DAGs
[2024-07-11T08:42:15.160+0000] {logging_mixin.py:188} INFO - [2024-07-11T08:42:15.160+0000] {dag.py:3834} INFO - Setting next_dagrun for example_params_trigger_ui to None, run_after=None
[2024-07-11T08:42:15.172+0000] {processor.py:183} INFO - Processing /home/airflow/.local/lib/python3.10/site-packages/airflow/example_dags/example_params_trigger_ui.py took 0.071 seconds
[2024-07-11T08:42:45.354+0000] {logging_mixin.py:188} INFO - [2024-07-11T08:42:45.353+0000] {settings.py:249} DEBUG - Setting up DB connection pool (PID 232)
[2024-07-11T08:42:45.354+0000] {logging_mixin.py:188} INFO - [2024-07-11T08:42:45.354+0000] {settings.py:350} DEBUG - settings.prepare_engine_args(): Using pool settings. pool_size=5, max_overflow=10, pool_recycle=1800, pid=232
[2024-07-11T08:42:45.356+0000] {processor.py:161} INFO - Started process (PID=232) to work on /home/airflow/.local/lib/python3.10/site-packages/airflow/example_dags/example_params_trigger_ui.py
[2024-07-11T08:42:45.356+0000] {processor.py:830} INFO - Processing file /home/airflow/.local/lib/python3.10/site-packages/airflow/example_dags/example_params_trigger_ui.py for tasks to queue
[2024-07-11T08:42:45.357+0000] {logging_mixin.py:188} INFO - [2024-07-11T08:42:45.357+0000] {dagbag.py:540} INFO - Filling up the DagBag from /home/airflow/.local/lib/python3.10/site-packages/airflow/example_dags/example_params_trigger_ui.py
[2024-07-11T08:42:45.358+0000] {logging_mixin.py:188} INFO - [2024-07-11T08:42:45.357+0000] {dagbag.py:332} DEBUG - Importing /home/airflow/.local/lib/python3.10/site-packages/airflow/example_dags/example_params_trigger_ui.py
[2024-07-11T08:42:45.366+0000] {logging_mixin.py:188} INFO - [2024-07-11T08:42:45.366+0000] {dagbag.py:506} DEBUG - Loaded DAG <DAG: example_params_trigger_ui>
[2024-07-11T08:42:45.367+0000] {processor.py:840} INFO - DAG(s) 'example_params_trigger_ui' retrieved from /home/airflow/.local/lib/python3.10/site-packages/airflow/example_dags/example_params_trigger_ui.py
[2024-07-11T08:42:45.367+0000] {logging_mixin.py:188} INFO - [2024-07-11T08:42:45.367+0000] {dagbag.py:662} DEBUG - Running dagbag.sync_to_db with retries. Try 1 of 3
[2024-07-11T08:42:45.367+0000] {logging_mixin.py:188} INFO - [2024-07-11T08:42:45.367+0000] {dagbag.py:667} DEBUG - Calling the DAG.bulk_sync_to_db method
[2024-07-11T08:42:45.375+0000] {logging_mixin.py:188} INFO - [2024-07-11T08:42:45.375+0000] {serialized_dag.py:165} DEBUG - Checking if DAG (example_params_trigger_ui) changed
[2024-07-11T08:42:45.379+0000] {logging_mixin.py:188} INFO - [2024-07-11T08:42:45.379+0000] {serialized_objects.py:529} DEBUG - Cast type <class 'airflow.models.param.ParamsDict'> to str in serialization.
[2024-07-11T08:42:45.383+0000] {logging_mixin.py:188} INFO - [2024-07-11T08:42:45.383+0000] {serialized_objects.py:529} DEBUG - Cast type <class 'airflow.models.param.ParamsDict'> to str in serialization.
[2024-07-11T08:42:45.387+0000] {logging_mixin.py:188} INFO - [2024-07-11T08:42:45.387+0000] {serialized_objects.py:529} DEBUG - Cast type <class 'airflow.models.param.ParamsDict'> to str in serialization.
[2024-07-11T08:42:45.391+0000] {logging_mixin.py:188} INFO - [2024-07-11T08:42:45.391+0000] {serialized_objects.py:529} DEBUG - Cast type <class 'airflow.models.param.ParamsDict'> to str in serialization.
[2024-07-11T08:42:45.395+0000] {logging_mixin.py:188} INFO - [2024-07-11T08:42:45.395+0000] {serialized_objects.py:529} DEBUG - Cast type <class 'airflow.models.param.ParamsDict'> to str in serialization.
[2024-07-11T08:42:45.399+0000] {logging_mixin.py:188} INFO - [2024-07-11T08:42:45.399+0000] {serialized_objects.py:529} DEBUG - Cast type <class 'airflow.models.param.ParamsDict'> to str in serialization.
[2024-07-11T08:42:45.405+0000] {logging_mixin.py:188} INFO - [2024-07-11T08:42:45.405+0000] {serialized_dag.py:176} DEBUG - Serialized DAG (example_params_trigger_ui) is unchanged. Skipping writing to DB
[2024-07-11T08:42:45.405+0000] {logging_mixin.py:188} INFO - [2024-07-11T08:42:45.405+0000] {dag.py:3047} INFO - Sync 1 DAGs
[2024-07-11T08:42:45.414+0000] {logging_mixin.py:188} INFO - [2024-07-11T08:42:45.414+0000] {dag.py:3834} INFO - Setting next_dagrun for example_params_trigger_ui to None, run_after=None
[2024-07-11T08:42:45.427+0000] {processor.py:183} INFO - Processing /home/airflow/.local/lib/python3.10/site-packages/airflow/example_dags/example_params_trigger_ui.py took 0.074 seconds
[2024-07-11T08:43:15.581+0000] {logging_mixin.py:188} INFO - [2024-07-11T08:43:15.581+0000] {settings.py:249} DEBUG - Setting up DB connection pool (PID 288)
[2024-07-11T08:43:15.582+0000] {logging_mixin.py:188} INFO - [2024-07-11T08:43:15.582+0000] {settings.py:350} DEBUG - settings.prepare_engine_args(): Using pool settings. pool_size=5, max_overflow=10, pool_recycle=1800, pid=288
[2024-07-11T08:43:15.584+0000] {processor.py:161} INFO - Started process (PID=288) to work on /home/airflow/.local/lib/python3.10/site-packages/airflow/example_dags/example_params_trigger_ui.py
[2024-07-11T08:43:15.585+0000] {processor.py:830} INFO - Processing file /home/airflow/.local/lib/python3.10/site-packages/airflow/example_dags/example_params_trigger_ui.py for tasks to queue
[2024-07-11T08:43:15.586+0000] {logging_mixin.py:188} INFO - [2024-07-11T08:43:15.585+0000] {dagbag.py:540} INFO - Filling up the DagBag from /home/airflow/.local/lib/python3.10/site-packages/airflow/example_dags/example_params_trigger_ui.py
[2024-07-11T08:43:15.586+0000] {logging_mixin.py:188} INFO - [2024-07-11T08:43:15.586+0000] {dagbag.py:332} DEBUG - Importing /home/airflow/.local/lib/python3.10/site-packages/airflow/example_dags/example_params_trigger_ui.py
[2024-07-11T08:43:15.598+0000] {logging_mixin.py:188} INFO - [2024-07-11T08:43:15.597+0000] {dagbag.py:506} DEBUG - Loaded DAG <DAG: example_params_trigger_ui>
[2024-07-11T08:43:15.598+0000] {processor.py:840} INFO - DAG(s) 'example_params_trigger_ui' retrieved from /home/airflow/.local/lib/python3.10/site-packages/airflow/example_dags/example_params_trigger_ui.py
[2024-07-11T08:43:15.599+0000] {logging_mixin.py:188} INFO - [2024-07-11T08:43:15.599+0000] {dagbag.py:662} DEBUG - Running dagbag.sync_to_db with retries. Try 1 of 3
[2024-07-11T08:43:15.599+0000] {logging_mixin.py:188} INFO - [2024-07-11T08:43:15.599+0000] {dagbag.py:667} DEBUG - Calling the DAG.bulk_sync_to_db method
[2024-07-11T08:43:15.608+0000] {logging_mixin.py:188} INFO - [2024-07-11T08:43:15.608+0000] {serialized_dag.py:165} DEBUG - Checking if DAG (example_params_trigger_ui) changed
[2024-07-11T08:43:15.612+0000] {logging_mixin.py:188} INFO - [2024-07-11T08:43:15.612+0000] {serialized_objects.py:529} DEBUG - Cast type <class 'airflow.models.param.ParamsDict'> to str in serialization.
[2024-07-11T08:43:15.617+0000] {logging_mixin.py:188} INFO - [2024-07-11T08:43:15.617+0000] {serialized_objects.py:529} DEBUG - Cast type <class 'airflow.models.param.ParamsDict'> to str in serialization.
[2024-07-11T08:43:15.621+0000] {logging_mixin.py:188} INFO - [2024-07-11T08:43:15.621+0000] {serialized_objects.py:529} DEBUG - Cast type <class 'airflow.models.param.ParamsDict'> to str in serialization.
[2024-07-11T08:43:15.626+0000] {logging_mixin.py:188} INFO - [2024-07-11T08:43:15.626+0000] {serialized_objects.py:529} DEBUG - Cast type <class 'airflow.models.param.ParamsDict'> to str in serialization.
[2024-07-11T08:43:15.630+0000] {logging_mixin.py:188} INFO - [2024-07-11T08:43:15.630+0000] {serialized_objects.py:529} DEBUG - Cast type <class 'airflow.models.param.ParamsDict'> to str in serialization.
[2024-07-11T08:43:15.635+0000] {logging_mixin.py:188} INFO - [2024-07-11T08:43:15.634+0000] {serialized_objects.py:529} DEBUG - Cast type <class 'airflow.models.param.ParamsDict'> to str in serialization.
[2024-07-11T08:43:15.641+0000] {logging_mixin.py:188} INFO - [2024-07-11T08:43:15.641+0000] {serialized_dag.py:176} DEBUG - Serialized DAG (example_params_trigger_ui) is unchanged. Skipping writing to DB
[2024-07-11T08:43:15.641+0000] {logging_mixin.py:188} INFO - [2024-07-11T08:43:15.641+0000] {dag.py:3047} INFO - Sync 1 DAGs
[2024-07-11T08:43:15.653+0000] {logging_mixin.py:188} INFO - [2024-07-11T08:43:15.653+0000] {dag.py:3834} INFO - Setting next_dagrun for example_params_trigger_ui to None, run_after=None
[2024-07-11T08:43:15.667+0000] {processor.py:183} INFO - Processing /home/airflow/.local/lib/python3.10/site-packages/airflow/example_dags/example_params_trigger_ui.py took 0.086 seconds
[2024-07-11T08:43:45.809+0000] {logging_mixin.py:188} INFO - [2024-07-11T08:43:45.808+0000] {settings.py:249} DEBUG - Setting up DB connection pool (PID 344)
[2024-07-11T08:43:45.809+0000] {logging_mixin.py:188} INFO - [2024-07-11T08:43:45.809+0000] {settings.py:350} DEBUG - settings.prepare_engine_args(): Using pool settings. pool_size=5, max_overflow=10, pool_recycle=1800, pid=344
[2024-07-11T08:43:45.811+0000] {processor.py:161} INFO - Started process (PID=344) to work on /home/airflow/.local/lib/python3.10/site-packages/airflow/example_dags/example_params_trigger_ui.py
[2024-07-11T08:43:45.811+0000] {processor.py:830} INFO - Processing file /home/airflow/.local/lib/python3.10/site-packages/airflow/example_dags/example_params_trigger_ui.py for tasks to queue
[2024-07-11T08:43:45.812+0000] {logging_mixin.py:188} INFO - [2024-07-11T08:43:45.812+0000] {dagbag.py:540} INFO - Filling up the DagBag from /home/airflow/.local/lib/python3.10/site-packages/airflow/example_dags/example_params_trigger_ui.py
[2024-07-11T08:43:45.812+0000] {logging_mixin.py:188} INFO - [2024-07-11T08:43:45.812+0000] {dagbag.py:332} DEBUG - Importing /home/airflow/.local/lib/python3.10/site-packages/airflow/example_dags/example_params_trigger_ui.py
[2024-07-11T08:43:45.821+0000] {logging_mixin.py:188} INFO - [2024-07-11T08:43:45.821+0000] {dagbag.py:506} DEBUG - Loaded DAG <DAG: example_params_trigger_ui>
[2024-07-11T08:43:45.822+0000] {processor.py:840} INFO - DAG(s) 'example_params_trigger_ui' retrieved from /home/airflow/.local/lib/python3.10/site-packages/airflow/example_dags/example_params_trigger_ui.py
[2024-07-11T08:43:45.822+0000] {logging_mixin.py:188} INFO - [2024-07-11T08:43:45.822+0000] {dagbag.py:662} DEBUG - Running dagbag.sync_to_db with retries. Try 1 of 3
[2024-07-11T08:43:45.822+0000] {logging_mixin.py:188} INFO - [2024-07-11T08:43:45.822+0000] {dagbag.py:667} DEBUG - Calling the DAG.bulk_sync_to_db method
[2024-07-11T08:43:45.830+0000] {logging_mixin.py:188} INFO - [2024-07-11T08:43:45.830+0000] {serialized_dag.py:165} DEBUG - Checking if DAG (example_params_trigger_ui) changed
[2024-07-11T08:43:45.834+0000] {logging_mixin.py:188} INFO - [2024-07-11T08:43:45.834+0000] {serialized_objects.py:529} DEBUG - Cast type <class 'airflow.models.param.ParamsDict'> to str in serialization.
[2024-07-11T08:43:45.838+0000] {logging_mixin.py:188} INFO - [2024-07-11T08:43:45.838+0000] {serialized_objects.py:529} DEBUG - Cast type <class 'airflow.models.param.ParamsDict'> to str in serialization.
[2024-07-11T08:43:45.842+0000] {logging_mixin.py:188} INFO - [2024-07-11T08:43:45.842+0000] {serialized_objects.py:529} DEBUG - Cast type <class 'airflow.models.param.ParamsDict'> to str in serialization.
[2024-07-11T08:43:45.847+0000] {logging_mixin.py:188} INFO - [2024-07-11T08:43:45.846+0000] {serialized_objects.py:529} DEBUG - Cast type <class 'airflow.models.param.ParamsDict'> to str in serialization.
[2024-07-11T08:43:45.851+0000] {logging_mixin.py:188} INFO - [2024-07-11T08:43:45.850+0000] {serialized_objects.py:529} DEBUG - Cast type <class 'airflow.models.param.ParamsDict'> to str in serialization.
[2024-07-11T08:43:45.854+0000] {logging_mixin.py:188} INFO - [2024-07-11T08:43:45.854+0000] {serialized_objects.py:529} DEBUG - Cast type <class 'airflow.models.param.ParamsDict'> to str in serialization.
[2024-07-11T08:43:45.860+0000] {logging_mixin.py:188} INFO - [2024-07-11T08:43:45.860+0000] {serialized_dag.py:176} DEBUG - Serialized DAG (example_params_trigger_ui) is unchanged. Skipping writing to DB
[2024-07-11T08:43:45.860+0000] {logging_mixin.py:188} INFO - [2024-07-11T08:43:45.860+0000] {dag.py:3047} INFO - Sync 1 DAGs
[2024-07-11T08:43:45.869+0000] {logging_mixin.py:188} INFO - [2024-07-11T08:43:45.869+0000] {dag.py:3834} INFO - Setting next_dagrun for example_params_trigger_ui to None, run_after=None
[2024-07-11T08:43:45.882+0000] {processor.py:183} INFO - Processing /home/airflow/.local/lib/python3.10/site-packages/airflow/example_dags/example_params_trigger_ui.py took 0.074 seconds
[2024-07-11T08:44:16.246+0000] {logging_mixin.py:188} INFO - [2024-07-11T08:44:16.246+0000] {settings.py:249} DEBUG - Setting up DB connection pool (PID 400)
[2024-07-11T08:44:16.247+0000] {logging_mixin.py:188} INFO - [2024-07-11T08:44:16.247+0000] {settings.py:350} DEBUG - settings.prepare_engine_args(): Using pool settings. pool_size=5, max_overflow=10, pool_recycle=1800, pid=400
[2024-07-11T08:44:16.249+0000] {processor.py:161} INFO - Started process (PID=400) to work on /home/airflow/.local/lib/python3.10/site-packages/airflow/example_dags/example_params_trigger_ui.py
[2024-07-11T08:44:16.249+0000] {processor.py:830} INFO - Processing file /home/airflow/.local/lib/python3.10/site-packages/airflow/example_dags/example_params_trigger_ui.py for tasks to queue
[2024-07-11T08:44:16.250+0000] {logging_mixin.py:188} INFO - [2024-07-11T08:44:16.250+0000] {dagbag.py:540} INFO - Filling up the DagBag from /home/airflow/.local/lib/python3.10/site-packages/airflow/example_dags/example_params_trigger_ui.py
[2024-07-11T08:44:16.251+0000] {logging_mixin.py:188} INFO - [2024-07-11T08:44:16.251+0000] {dagbag.py:332} DEBUG - Importing /home/airflow/.local/lib/python3.10/site-packages/airflow/example_dags/example_params_trigger_ui.py
[2024-07-11T08:44:16.261+0000] {logging_mixin.py:188} INFO - [2024-07-11T08:44:16.261+0000] {dagbag.py:506} DEBUG - Loaded DAG <DAG: example_params_trigger_ui>
[2024-07-11T08:44:16.261+0000] {processor.py:840} INFO - DAG(s) 'example_params_trigger_ui' retrieved from /home/airflow/.local/lib/python3.10/site-packages/airflow/example_dags/example_params_trigger_ui.py
[2024-07-11T08:44:16.262+0000] {logging_mixin.py:188} INFO - [2024-07-11T08:44:16.262+0000] {dagbag.py:662} DEBUG - Running dagbag.sync_to_db with retries. Try 1 of 3
[2024-07-11T08:44:16.262+0000] {logging_mixin.py:188} INFO - [2024-07-11T08:44:16.262+0000] {dagbag.py:667} DEBUG - Calling the DAG.bulk_sync_to_db method
[2024-07-11T08:44:16.270+0000] {logging_mixin.py:188} INFO - [2024-07-11T08:44:16.270+0000] {serialized_dag.py:165} DEBUG - Checking if DAG (example_params_trigger_ui) changed
[2024-07-11T08:44:16.274+0000] {logging_mixin.py:188} INFO - [2024-07-11T08:44:16.274+0000] {serialized_objects.py:529} DEBUG - Cast type <class 'airflow.models.param.ParamsDict'> to str in serialization.
[2024-07-11T08:44:16.278+0000] {logging_mixin.py:188} INFO - [2024-07-11T08:44:16.278+0000] {serialized_objects.py:529} DEBUG - Cast type <class 'airflow.models.param.ParamsDict'> to str in serialization.
[2024-07-11T08:44:16.283+0000] {logging_mixin.py:188} INFO - [2024-07-11T08:44:16.283+0000] {serialized_objects.py:529} DEBUG - Cast type <class 'airflow.models.param.ParamsDict'> to str in serialization.
[2024-07-11T08:44:16.288+0000] {logging_mixin.py:188} INFO - [2024-07-11T08:44:16.288+0000] {serialized_objects.py:529} DEBUG - Cast type <class 'airflow.models.param.ParamsDict'> to str in serialization.
[2024-07-11T08:44:16.292+0000] {logging_mixin.py:188} INFO - [2024-07-11T08:44:16.292+0000] {serialized_objects.py:529} DEBUG - Cast type <class 'airflow.models.param.ParamsDict'> to str in serialization.
[2024-07-11T08:44:16.296+0000] {logging_mixin.py:188} INFO - [2024-07-11T08:44:16.296+0000] {serialized_objects.py:529} DEBUG - Cast type <class 'airflow.models.param.ParamsDict'> to str in serialization.
[2024-07-11T08:44:16.303+0000] {logging_mixin.py:188} INFO - [2024-07-11T08:44:16.302+0000] {serialized_dag.py:176} DEBUG - Serialized DAG (example_params_trigger_ui) is unchanged. Skipping writing to DB
[2024-07-11T08:44:16.303+0000] {logging_mixin.py:188} INFO - [2024-07-11T08:44:16.303+0000] {dag.py:3047} INFO - Sync 1 DAGs
[2024-07-11T08:44:16.312+0000] {logging_mixin.py:188} INFO - [2024-07-11T08:44:16.312+0000] {dag.py:3834} INFO - Setting next_dagrun for example_params_trigger_ui to None, run_after=None
[2024-07-11T08:44:16.326+0000] {processor.py:183} INFO - Processing /home/airflow/.local/lib/python3.10/site-packages/airflow/example_dags/example_params_trigger_ui.py took 0.080 seconds
[2024-07-11T08:44:46.564+0000] {logging_mixin.py:188} INFO - [2024-07-11T08:44:46.563+0000] {settings.py:249} DEBUG - Setting up DB connection pool (PID 456)
[2024-07-11T08:44:46.564+0000] {logging_mixin.py:188} INFO - [2024-07-11T08:44:46.564+0000] {settings.py:350} DEBUG - settings.prepare_engine_args(): Using pool settings. pool_size=5, max_overflow=10, pool_recycle=1800, pid=456
[2024-07-11T08:44:46.566+0000] {processor.py:161} INFO - Started process (PID=456) to work on /home/airflow/.local/lib/python3.10/site-packages/airflow/example_dags/example_params_trigger_ui.py
[2024-07-11T08:44:46.566+0000] {processor.py:830} INFO - Processing file /home/airflow/.local/lib/python3.10/site-packages/airflow/example_dags/example_params_trigger_ui.py for tasks to queue
[2024-07-11T08:44:46.567+0000] {logging_mixin.py:188} INFO - [2024-07-11T08:44:46.567+0000] {dagbag.py:540} INFO - Filling up the DagBag from /home/airflow/.local/lib/python3.10/site-packages/airflow/example_dags/example_params_trigger_ui.py
[2024-07-11T08:44:46.568+0000] {logging_mixin.py:188} INFO - [2024-07-11T08:44:46.568+0000] {dagbag.py:332} DEBUG - Importing /home/airflow/.local/lib/python3.10/site-packages/airflow/example_dags/example_params_trigger_ui.py
[2024-07-11T08:44:46.579+0000] {logging_mixin.py:188} INFO - [2024-07-11T08:44:46.579+0000] {dagbag.py:506} DEBUG - Loaded DAG <DAG: example_params_trigger_ui>
[2024-07-11T08:44:46.579+0000] {processor.py:840} INFO - DAG(s) 'example_params_trigger_ui' retrieved from /home/airflow/.local/lib/python3.10/site-packages/airflow/example_dags/example_params_trigger_ui.py
[2024-07-11T08:44:46.580+0000] {logging_mixin.py:188} INFO - [2024-07-11T08:44:46.580+0000] {dagbag.py:662} DEBUG - Running dagbag.sync_to_db with retries. Try 1 of 3
[2024-07-11T08:44:46.580+0000] {logging_mixin.py:188} INFO - [2024-07-11T08:44:46.580+0000] {dagbag.py:667} DEBUG - Calling the DAG.bulk_sync_to_db method
[2024-07-11T08:44:46.591+0000] {logging_mixin.py:188} INFO - [2024-07-11T08:44:46.590+0000] {serialized_dag.py:165} DEBUG - Checking if DAG (example_params_trigger_ui) changed
[2024-07-11T08:44:46.595+0000] {logging_mixin.py:188} INFO - [2024-07-11T08:44:46.595+0000] {serialized_objects.py:529} DEBUG - Cast type <class 'airflow.models.param.ParamsDict'> to str in serialization.
[2024-07-11T08:44:46.600+0000] {logging_mixin.py:188} INFO - [2024-07-11T08:44:46.600+0000] {serialized_objects.py:529} DEBUG - Cast type <class 'airflow.models.param.ParamsDict'> to str in serialization.
[2024-07-11T08:44:46.604+0000] {logging_mixin.py:188} INFO - [2024-07-11T08:44:46.604+0000] {serialized_objects.py:529} DEBUG - Cast type <class 'airflow.models.param.ParamsDict'> to str in serialization.
[2024-07-11T08:44:46.608+0000] {logging_mixin.py:188} INFO - [2024-07-11T08:44:46.608+0000] {serialized_objects.py:529} DEBUG - Cast type <class 'airflow.models.param.ParamsDict'> to str in serialization.
[2024-07-11T08:44:46.612+0000] {logging_mixin.py:188} INFO - [2024-07-11T08:44:46.612+0000] {serialized_objects.py:529} DEBUG - Cast type <class 'airflow.models.param.ParamsDict'> to str in serialization.
[2024-07-11T08:44:46.616+0000] {logging_mixin.py:188} INFO - [2024-07-11T08:44:46.616+0000] {serialized_objects.py:529} DEBUG - Cast type <class 'airflow.models.param.ParamsDict'> to str in serialization.
[2024-07-11T08:44:46.623+0000] {logging_mixin.py:188} INFO - [2024-07-11T08:44:46.623+0000] {serialized_dag.py:176} DEBUG - Serialized DAG (example_params_trigger_ui) is unchanged. Skipping writing to DB
[2024-07-11T08:44:46.624+0000] {logging_mixin.py:188} INFO - [2024-07-11T08:44:46.624+0000] {dag.py:3047} INFO - Sync 1 DAGs
[2024-07-11T08:44:46.633+0000] {logging_mixin.py:188} INFO - [2024-07-11T08:44:46.633+0000] {dag.py:3834} INFO - Setting next_dagrun for example_params_trigger_ui to None, run_after=None
[2024-07-11T08:44:46.647+0000] {processor.py:183} INFO - Processing /home/airflow/.local/lib/python3.10/site-packages/airflow/example_dags/example_params_trigger_ui.py took 0.084 seconds
