[2024-07-11T08:36:58.435+0000] {logging_mixin.py:188} INFO - [2024-07-11T08:36:58.435+0000] {settings.py:249} DEBUG - Setting up DB connection pool (PID 48)
[2024-07-11T08:36:58.436+0000] {logging_mixin.py:188} INFO - [2024-07-11T08:36:58.436+0000] {settings.py:350} DEBUG - settings.prepare_engine_args(): Using pool settings. pool_size=5, max_overflow=10, pool_recycle=1800, pid=48
[2024-07-11T08:36:58.438+0000] {processor.py:161} INFO - Started process (PID=48) to work on /home/airflow/.local/lib/python3.10/site-packages/airflow/example_dags/example_complex.py
[2024-07-11T08:36:58.438+0000] {processor.py:830} INFO - Processing file /home/airflow/.local/lib/python3.10/site-packages/airflow/example_dags/example_complex.py for tasks to queue
[2024-07-11T08:36:58.439+0000] {logging_mixin.py:188} INFO - [2024-07-11T08:36:58.439+0000] {dagbag.py:540} INFO - Filling up the DagBag from /home/airflow/.local/lib/python3.10/site-packages/airflow/example_dags/example_complex.py
[2024-07-11T08:36:58.440+0000] {logging_mixin.py:188} INFO - [2024-07-11T08:36:58.440+0000] {dagbag.py:332} DEBUG - Importing /home/airflow/.local/lib/python3.10/site-packages/airflow/example_dags/example_complex.py
[2024-07-11T08:36:58.451+0000] {logging_mixin.py:188} INFO - [2024-07-11T08:36:58.450+0000] {dagbag.py:506} DEBUG - Loaded DAG <DAG: example_complex>
[2024-07-11T08:36:58.451+0000] {processor.py:840} INFO - DAG(s) 'example_complex' retrieved from /home/airflow/.local/lib/python3.10/site-packages/airflow/example_dags/example_complex.py
[2024-07-11T08:36:58.452+0000] {logging_mixin.py:188} INFO - [2024-07-11T08:36:58.452+0000] {dagbag.py:662} DEBUG - Running dagbag.sync_to_db with retries. Try 1 of 3
[2024-07-11T08:36:58.452+0000] {logging_mixin.py:188} INFO - [2024-07-11T08:36:58.452+0000] {dagbag.py:667} DEBUG - Calling the DAG.bulk_sync_to_db method
[2024-07-11T08:36:58.462+0000] {logging_mixin.py:188} INFO - [2024-07-11T08:36:58.462+0000] {dag.py:3047} INFO - Sync 1 DAGs
[2024-07-11T08:36:58.475+0000] {logging_mixin.py:188} INFO - [2024-07-11T08:36:58.474+0000] {dag.py:3834} INFO - Setting next_dagrun for example_complex to None, run_after=None
[2024-07-11T08:36:58.495+0000] {processor.py:183} INFO - Processing /home/airflow/.local/lib/python3.10/site-packages/airflow/example_dags/example_complex.py took 0.060 seconds
[2024-07-11T08:37:28.687+0000] {logging_mixin.py:188} INFO - [2024-07-11T08:37:28.686+0000] {settings.py:249} DEBUG - Setting up DB connection pool (PID 104)
[2024-07-11T08:37:28.688+0000] {logging_mixin.py:188} INFO - [2024-07-11T08:37:28.687+0000] {settings.py:350} DEBUG - settings.prepare_engine_args(): Using pool settings. pool_size=5, max_overflow=10, pool_recycle=1800, pid=104
[2024-07-11T08:37:28.689+0000] {processor.py:161} INFO - Started process (PID=104) to work on /home/airflow/.local/lib/python3.10/site-packages/airflow/example_dags/example_complex.py
[2024-07-11T08:37:28.690+0000] {processor.py:830} INFO - Processing file /home/airflow/.local/lib/python3.10/site-packages/airflow/example_dags/example_complex.py for tasks to queue
[2024-07-11T08:37:28.690+0000] {logging_mixin.py:188} INFO - [2024-07-11T08:37:28.690+0000] {dagbag.py:540} INFO - Filling up the DagBag from /home/airflow/.local/lib/python3.10/site-packages/airflow/example_dags/example_complex.py
[2024-07-11T08:37:28.691+0000] {logging_mixin.py:188} INFO - [2024-07-11T08:37:28.691+0000] {dagbag.py:332} DEBUG - Importing /home/airflow/.local/lib/python3.10/site-packages/airflow/example_dags/example_complex.py
[2024-07-11T08:37:28.698+0000] {logging_mixin.py:188} INFO - [2024-07-11T08:37:28.697+0000] {dagbag.py:506} DEBUG - Loaded DAG <DAG: example_complex>
[2024-07-11T08:37:28.698+0000] {processor.py:840} INFO - DAG(s) 'example_complex' retrieved from /home/airflow/.local/lib/python3.10/site-packages/airflow/example_dags/example_complex.py
[2024-07-11T08:37:28.699+0000] {logging_mixin.py:188} INFO - [2024-07-11T08:37:28.699+0000] {dagbag.py:662} DEBUG - Running dagbag.sync_to_db with retries. Try 1 of 3
[2024-07-11T08:37:28.699+0000] {logging_mixin.py:188} INFO - [2024-07-11T08:37:28.699+0000] {dagbag.py:667} DEBUG - Calling the DAG.bulk_sync_to_db method
[2024-07-11T08:37:28.706+0000] {logging_mixin.py:188} INFO - [2024-07-11T08:37:28.706+0000] {serialized_dag.py:165} DEBUG - Checking if DAG (example_complex) changed
[2024-07-11T08:37:28.719+0000] {logging_mixin.py:188} INFO - [2024-07-11T08:37:28.719+0000] {serialized_dag.py:179} DEBUG - Writing Serialized DAG: example_complex to the DB
[2024-07-11T08:37:28.721+0000] {logging_mixin.py:188} INFO - [2024-07-11T08:37:28.721+0000] {serialized_dag.py:181} DEBUG - DAG: example_complex written to the DB
[2024-07-11T08:37:28.722+0000] {logging_mixin.py:188} INFO - [2024-07-11T08:37:28.722+0000] {dagbag.py:696} DEBUG - Syncing DAG permissions: example_complex to the DB
[2024-07-11T08:37:28.779+0000] {logging_mixin.py:188} INFO - [2024-07-11T08:37:28.779+0000] {override.py:1034} DEBUG - Not syncing DAG-level permissions for DAG 'DAG:example_complex' as access control is unset.
[2024-07-11T08:37:28.779+0000] {logging_mixin.py:188} INFO - [2024-07-11T08:37:28.779+0000] {dag.py:3047} INFO - Sync 1 DAGs
[2024-07-11T08:37:28.787+0000] {logging_mixin.py:188} INFO - [2024-07-11T08:37:28.787+0000] {dag.py:3834} INFO - Setting next_dagrun for example_complex to None, run_after=None
[2024-07-11T08:37:28.812+0000] {processor.py:183} INFO - Processing /home/airflow/.local/lib/python3.10/site-packages/airflow/example_dags/example_complex.py took 0.125 seconds
[2024-07-11T08:37:59.710+0000] {logging_mixin.py:188} INFO - [2024-07-11T08:37:59.710+0000] {settings.py:249} DEBUG - Setting up DB connection pool (PID 160)
[2024-07-11T08:37:59.711+0000] {logging_mixin.py:188} INFO - [2024-07-11T08:37:59.711+0000] {settings.py:350} DEBUG - settings.prepare_engine_args(): Using pool settings. pool_size=5, max_overflow=10, pool_recycle=1800, pid=160
[2024-07-11T08:37:59.712+0000] {processor.py:161} INFO - Started process (PID=160) to work on /home/airflow/.local/lib/python3.10/site-packages/airflow/example_dags/example_complex.py
[2024-07-11T08:37:59.713+0000] {processor.py:830} INFO - Processing file /home/airflow/.local/lib/python3.10/site-packages/airflow/example_dags/example_complex.py for tasks to queue
[2024-07-11T08:37:59.713+0000] {logging_mixin.py:188} INFO - [2024-07-11T08:37:59.713+0000] {dagbag.py:540} INFO - Filling up the DagBag from /home/airflow/.local/lib/python3.10/site-packages/airflow/example_dags/example_complex.py
[2024-07-11T08:37:59.714+0000] {logging_mixin.py:188} INFO - [2024-07-11T08:37:59.714+0000] {dagbag.py:332} DEBUG - Importing /home/airflow/.local/lib/python3.10/site-packages/airflow/example_dags/example_complex.py
[2024-07-11T08:37:59.721+0000] {logging_mixin.py:188} INFO - [2024-07-11T08:37:59.720+0000] {dagbag.py:506} DEBUG - Loaded DAG <DAG: example_complex>
[2024-07-11T08:37:59.721+0000] {processor.py:840} INFO - DAG(s) 'example_complex' retrieved from /home/airflow/.local/lib/python3.10/site-packages/airflow/example_dags/example_complex.py
[2024-07-11T08:37:59.722+0000] {logging_mixin.py:188} INFO - [2024-07-11T08:37:59.722+0000] {dagbag.py:662} DEBUG - Running dagbag.sync_to_db with retries. Try 1 of 3
[2024-07-11T08:37:59.722+0000] {logging_mixin.py:188} INFO - [2024-07-11T08:37:59.722+0000] {dagbag.py:667} DEBUG - Calling the DAG.bulk_sync_to_db method
[2024-07-11T08:37:59.729+0000] {logging_mixin.py:188} INFO - [2024-07-11T08:37:59.729+0000] {serialized_dag.py:165} DEBUG - Checking if DAG (example_complex) changed
[2024-07-11T08:37:59.742+0000] {logging_mixin.py:188} INFO - [2024-07-11T08:37:59.741+0000] {serialized_dag.py:176} DEBUG - Serialized DAG (example_complex) is unchanged. Skipping writing to DB
[2024-07-11T08:37:59.742+0000] {logging_mixin.py:188} INFO - [2024-07-11T08:37:59.742+0000] {dag.py:3047} INFO - Sync 1 DAGs
[2024-07-11T08:37:59.750+0000] {logging_mixin.py:188} INFO - [2024-07-11T08:37:59.750+0000] {dag.py:3834} INFO - Setting next_dagrun for example_complex to None, run_after=None
[2024-07-11T08:37:59.762+0000] {processor.py:183} INFO - Processing /home/airflow/.local/lib/python3.10/site-packages/airflow/example_dags/example_complex.py took 0.052 seconds
[2024-07-11T08:38:29.839+0000] {logging_mixin.py:188} INFO - [2024-07-11T08:38:29.838+0000] {settings.py:249} DEBUG - Setting up DB connection pool (PID 216)
[2024-07-11T08:38:29.840+0000] {logging_mixin.py:188} INFO - [2024-07-11T08:38:29.839+0000] {settings.py:350} DEBUG - settings.prepare_engine_args(): Using pool settings. pool_size=5, max_overflow=10, pool_recycle=1800, pid=216
[2024-07-11T08:38:29.842+0000] {processor.py:161} INFO - Started process (PID=216) to work on /home/airflow/.local/lib/python3.10/site-packages/airflow/example_dags/example_complex.py
[2024-07-11T08:38:29.842+0000] {processor.py:830} INFO - Processing file /home/airflow/.local/lib/python3.10/site-packages/airflow/example_dags/example_complex.py for tasks to queue
[2024-07-11T08:38:29.842+0000] {logging_mixin.py:188} INFO - [2024-07-11T08:38:29.842+0000] {dagbag.py:540} INFO - Filling up the DagBag from /home/airflow/.local/lib/python3.10/site-packages/airflow/example_dags/example_complex.py
[2024-07-11T08:38:29.843+0000] {logging_mixin.py:188} INFO - [2024-07-11T08:38:29.843+0000] {dagbag.py:332} DEBUG - Importing /home/airflow/.local/lib/python3.10/site-packages/airflow/example_dags/example_complex.py
[2024-07-11T08:38:29.852+0000] {logging_mixin.py:188} INFO - [2024-07-11T08:38:29.851+0000] {dagbag.py:506} DEBUG - Loaded DAG <DAG: example_complex>
[2024-07-11T08:38:29.852+0000] {processor.py:840} INFO - DAG(s) 'example_complex' retrieved from /home/airflow/.local/lib/python3.10/site-packages/airflow/example_dags/example_complex.py
[2024-07-11T08:38:29.853+0000] {logging_mixin.py:188} INFO - [2024-07-11T08:38:29.852+0000] {dagbag.py:662} DEBUG - Running dagbag.sync_to_db with retries. Try 1 of 3
[2024-07-11T08:38:29.853+0000] {logging_mixin.py:188} INFO - [2024-07-11T08:38:29.853+0000] {dagbag.py:667} DEBUG - Calling the DAG.bulk_sync_to_db method
[2024-07-11T08:38:29.862+0000] {logging_mixin.py:188} INFO - [2024-07-11T08:38:29.862+0000] {serialized_dag.py:165} DEBUG - Checking if DAG (example_complex) changed
[2024-07-11T08:38:29.877+0000] {logging_mixin.py:188} INFO - [2024-07-11T08:38:29.876+0000] {serialized_dag.py:176} DEBUG - Serialized DAG (example_complex) is unchanged. Skipping writing to DB
[2024-07-11T08:38:29.877+0000] {logging_mixin.py:188} INFO - [2024-07-11T08:38:29.877+0000] {dag.py:3047} INFO - Sync 1 DAGs
[2024-07-11T08:38:29.886+0000] {logging_mixin.py:188} INFO - [2024-07-11T08:38:29.886+0000] {dag.py:3834} INFO - Setting next_dagrun for example_complex to None, run_after=None
[2024-07-11T08:38:29.899+0000] {processor.py:183} INFO - Processing /home/airflow/.local/lib/python3.10/site-packages/airflow/example_dags/example_complex.py took 0.061 seconds
[2024-07-11T08:39:00.078+0000] {logging_mixin.py:188} INFO - [2024-07-11T08:39:00.077+0000] {settings.py:249} DEBUG - Setting up DB connection pool (PID 272)
[2024-07-11T08:39:00.079+0000] {logging_mixin.py:188} INFO - [2024-07-11T08:39:00.079+0000] {settings.py:350} DEBUG - settings.prepare_engine_args(): Using pool settings. pool_size=5, max_overflow=10, pool_recycle=1800, pid=272
[2024-07-11T08:39:00.083+0000] {processor.py:161} INFO - Started process (PID=272) to work on /home/airflow/.local/lib/python3.10/site-packages/airflow/example_dags/example_complex.py
[2024-07-11T08:39:00.084+0000] {processor.py:830} INFO - Processing file /home/airflow/.local/lib/python3.10/site-packages/airflow/example_dags/example_complex.py for tasks to queue
[2024-07-11T08:39:00.085+0000] {logging_mixin.py:188} INFO - [2024-07-11T08:39:00.084+0000] {dagbag.py:540} INFO - Filling up the DagBag from /home/airflow/.local/lib/python3.10/site-packages/airflow/example_dags/example_complex.py
[2024-07-11T08:39:00.086+0000] {logging_mixin.py:188} INFO - [2024-07-11T08:39:00.086+0000] {dagbag.py:332} DEBUG - Importing /home/airflow/.local/lib/python3.10/site-packages/airflow/example_dags/example_complex.py
[2024-07-11T08:39:00.094+0000] {logging_mixin.py:188} INFO - [2024-07-11T08:39:00.093+0000] {dagbag.py:506} DEBUG - Loaded DAG <DAG: example_complex>
[2024-07-11T08:39:00.095+0000] {processor.py:840} INFO - DAG(s) 'example_complex' retrieved from /home/airflow/.local/lib/python3.10/site-packages/airflow/example_dags/example_complex.py
[2024-07-11T08:39:00.096+0000] {logging_mixin.py:188} INFO - [2024-07-11T08:39:00.096+0000] {dagbag.py:662} DEBUG - Running dagbag.sync_to_db with retries. Try 1 of 3
[2024-07-11T08:39:00.096+0000] {logging_mixin.py:188} INFO - [2024-07-11T08:39:00.096+0000] {dagbag.py:667} DEBUG - Calling the DAG.bulk_sync_to_db method
[2024-07-11T08:39:00.107+0000] {logging_mixin.py:188} INFO - [2024-07-11T08:39:00.106+0000] {serialized_dag.py:165} DEBUG - Checking if DAG (example_complex) changed
[2024-07-11T08:39:00.123+0000] {logging_mixin.py:188} INFO - [2024-07-11T08:39:00.123+0000] {serialized_dag.py:176} DEBUG - Serialized DAG (example_complex) is unchanged. Skipping writing to DB
[2024-07-11T08:39:00.124+0000] {logging_mixin.py:188} INFO - [2024-07-11T08:39:00.124+0000] {dag.py:3047} INFO - Sync 1 DAGs
[2024-07-11T08:39:00.135+0000] {logging_mixin.py:188} INFO - [2024-07-11T08:39:00.134+0000] {dag.py:3834} INFO - Setting next_dagrun for example_complex to None, run_after=None
[2024-07-11T08:39:00.152+0000] {processor.py:183} INFO - Processing /home/airflow/.local/lib/python3.10/site-packages/airflow/example_dags/example_complex.py took 0.075 seconds
[2024-07-11T08:39:30.369+0000] {logging_mixin.py:188} INFO - [2024-07-11T08:39:30.368+0000] {settings.py:249} DEBUG - Setting up DB connection pool (PID 328)
[2024-07-11T08:39:30.369+0000] {logging_mixin.py:188} INFO - [2024-07-11T08:39:30.369+0000] {settings.py:350} DEBUG - settings.prepare_engine_args(): Using pool settings. pool_size=5, max_overflow=10, pool_recycle=1800, pid=328
[2024-07-11T08:39:30.371+0000] {processor.py:161} INFO - Started process (PID=328) to work on /home/airflow/.local/lib/python3.10/site-packages/airflow/example_dags/example_complex.py
[2024-07-11T08:39:30.372+0000] {processor.py:830} INFO - Processing file /home/airflow/.local/lib/python3.10/site-packages/airflow/example_dags/example_complex.py for tasks to queue
[2024-07-11T08:39:30.372+0000] {logging_mixin.py:188} INFO - [2024-07-11T08:39:30.372+0000] {dagbag.py:540} INFO - Filling up the DagBag from /home/airflow/.local/lib/python3.10/site-packages/airflow/example_dags/example_complex.py
[2024-07-11T08:39:30.373+0000] {logging_mixin.py:188} INFO - [2024-07-11T08:39:30.373+0000] {dagbag.py:332} DEBUG - Importing /home/airflow/.local/lib/python3.10/site-packages/airflow/example_dags/example_complex.py
[2024-07-11T08:39:30.381+0000] {logging_mixin.py:188} INFO - [2024-07-11T08:39:30.380+0000] {dagbag.py:506} DEBUG - Loaded DAG <DAG: example_complex>
[2024-07-11T08:39:30.381+0000] {processor.py:840} INFO - DAG(s) 'example_complex' retrieved from /home/airflow/.local/lib/python3.10/site-packages/airflow/example_dags/example_complex.py
[2024-07-11T08:39:30.382+0000] {logging_mixin.py:188} INFO - [2024-07-11T08:39:30.382+0000] {dagbag.py:662} DEBUG - Running dagbag.sync_to_db with retries. Try 1 of 3
[2024-07-11T08:39:30.382+0000] {logging_mixin.py:188} INFO - [2024-07-11T08:39:30.382+0000] {dagbag.py:667} DEBUG - Calling the DAG.bulk_sync_to_db method
[2024-07-11T08:39:30.390+0000] {logging_mixin.py:188} INFO - [2024-07-11T08:39:30.390+0000] {serialized_dag.py:165} DEBUG - Checking if DAG (example_complex) changed
[2024-07-11T08:39:30.404+0000] {logging_mixin.py:188} INFO - [2024-07-11T08:39:30.403+0000] {serialized_dag.py:176} DEBUG - Serialized DAG (example_complex) is unchanged. Skipping writing to DB
[2024-07-11T08:39:30.404+0000] {logging_mixin.py:188} INFO - [2024-07-11T08:39:30.404+0000] {dag.py:3047} INFO - Sync 1 DAGs
[2024-07-11T08:39:30.413+0000] {logging_mixin.py:188} INFO - [2024-07-11T08:39:30.413+0000] {dag.py:3834} INFO - Setting next_dagrun for example_complex to None, run_after=None
[2024-07-11T08:39:30.429+0000] {processor.py:183} INFO - Processing /home/airflow/.local/lib/python3.10/site-packages/airflow/example_dags/example_complex.py took 0.060 seconds
[2024-07-11T08:40:00.680+0000] {logging_mixin.py:188} INFO - [2024-07-11T08:40:00.679+0000] {settings.py:249} DEBUG - Setting up DB connection pool (PID 384)
[2024-07-11T08:40:00.680+0000] {logging_mixin.py:188} INFO - [2024-07-11T08:40:00.680+0000] {settings.py:350} DEBUG - settings.prepare_engine_args(): Using pool settings. pool_size=5, max_overflow=10, pool_recycle=1800, pid=384
[2024-07-11T08:40:00.682+0000] {processor.py:161} INFO - Started process (PID=384) to work on /home/airflow/.local/lib/python3.10/site-packages/airflow/example_dags/example_complex.py
[2024-07-11T08:40:00.682+0000] {processor.py:830} INFO - Processing file /home/airflow/.local/lib/python3.10/site-packages/airflow/example_dags/example_complex.py for tasks to queue
[2024-07-11T08:40:00.683+0000] {logging_mixin.py:188} INFO - [2024-07-11T08:40:00.682+0000] {dagbag.py:540} INFO - Filling up the DagBag from /home/airflow/.local/lib/python3.10/site-packages/airflow/example_dags/example_complex.py
[2024-07-11T08:40:00.683+0000] {logging_mixin.py:188} INFO - [2024-07-11T08:40:00.683+0000] {dagbag.py:332} DEBUG - Importing /home/airflow/.local/lib/python3.10/site-packages/airflow/example_dags/example_complex.py
[2024-07-11T08:40:00.691+0000] {logging_mixin.py:188} INFO - [2024-07-11T08:40:00.690+0000] {dagbag.py:506} DEBUG - Loaded DAG <DAG: example_complex>
[2024-07-11T08:40:00.691+0000] {processor.py:840} INFO - DAG(s) 'example_complex' retrieved from /home/airflow/.local/lib/python3.10/site-packages/airflow/example_dags/example_complex.py
[2024-07-11T08:40:00.692+0000] {logging_mixin.py:188} INFO - [2024-07-11T08:40:00.692+0000] {dagbag.py:662} DEBUG - Running dagbag.sync_to_db with retries. Try 1 of 3
[2024-07-11T08:40:00.692+0000] {logging_mixin.py:188} INFO - [2024-07-11T08:40:00.692+0000] {dagbag.py:667} DEBUG - Calling the DAG.bulk_sync_to_db method
[2024-07-11T08:40:00.699+0000] {logging_mixin.py:188} INFO - [2024-07-11T08:40:00.699+0000] {serialized_dag.py:165} DEBUG - Checking if DAG (example_complex) changed
[2024-07-11T08:40:00.713+0000] {logging_mixin.py:188} INFO - [2024-07-11T08:40:00.712+0000] {serialized_dag.py:176} DEBUG - Serialized DAG (example_complex) is unchanged. Skipping writing to DB
[2024-07-11T08:40:00.713+0000] {logging_mixin.py:188} INFO - [2024-07-11T08:40:00.713+0000] {dag.py:3047} INFO - Sync 1 DAGs
[2024-07-11T08:40:00.721+0000] {logging_mixin.py:188} INFO - [2024-07-11T08:40:00.721+0000] {dag.py:3834} INFO - Setting next_dagrun for example_complex to None, run_after=None
[2024-07-11T08:40:00.733+0000] {processor.py:183} INFO - Processing /home/airflow/.local/lib/python3.10/site-packages/airflow/example_dags/example_complex.py took 0.053 seconds
[2024-07-11T08:41:12.575+0000] {logging_mixin.py:188} INFO - [2024-07-11T08:41:12.574+0000] {settings.py:249} DEBUG - Setting up DB connection pool (PID 48)
[2024-07-11T08:41:12.575+0000] {logging_mixin.py:188} INFO - [2024-07-11T08:41:12.575+0000] {settings.py:350} DEBUG - settings.prepare_engine_args(): Using pool settings. pool_size=5, max_overflow=10, pool_recycle=1800, pid=48
[2024-07-11T08:41:12.577+0000] {processor.py:161} INFO - Started process (PID=48) to work on /home/airflow/.local/lib/python3.10/site-packages/airflow/example_dags/example_complex.py
[2024-07-11T08:41:12.578+0000] {processor.py:830} INFO - Processing file /home/airflow/.local/lib/python3.10/site-packages/airflow/example_dags/example_complex.py for tasks to queue
[2024-07-11T08:41:12.578+0000] {logging_mixin.py:188} INFO - [2024-07-11T08:41:12.578+0000] {dagbag.py:540} INFO - Filling up the DagBag from /home/airflow/.local/lib/python3.10/site-packages/airflow/example_dags/example_complex.py
[2024-07-11T08:41:12.579+0000] {logging_mixin.py:188} INFO - [2024-07-11T08:41:12.579+0000] {dagbag.py:332} DEBUG - Importing /home/airflow/.local/lib/python3.10/site-packages/airflow/example_dags/example_complex.py
[2024-07-11T08:41:12.589+0000] {logging_mixin.py:188} INFO - [2024-07-11T08:41:12.588+0000] {dagbag.py:506} DEBUG - Loaded DAG <DAG: example_complex>
[2024-07-11T08:41:12.589+0000] {processor.py:840} INFO - DAG(s) 'example_complex' retrieved from /home/airflow/.local/lib/python3.10/site-packages/airflow/example_dags/example_complex.py
[2024-07-11T08:41:12.590+0000] {logging_mixin.py:188} INFO - [2024-07-11T08:41:12.590+0000] {dagbag.py:662} DEBUG - Running dagbag.sync_to_db with retries. Try 1 of 3
[2024-07-11T08:41:12.590+0000] {logging_mixin.py:188} INFO - [2024-07-11T08:41:12.590+0000] {dagbag.py:667} DEBUG - Calling the DAG.bulk_sync_to_db method
[2024-07-11T08:41:12.600+0000] {logging_mixin.py:188} INFO - [2024-07-11T08:41:12.599+0000] {dag.py:3047} INFO - Sync 1 DAGs
[2024-07-11T08:41:12.611+0000] {logging_mixin.py:188} INFO - [2024-07-11T08:41:12.611+0000] {dag.py:3834} INFO - Setting next_dagrun for example_complex to None, run_after=None
[2024-07-11T08:41:12.627+0000] {processor.py:183} INFO - Processing /home/airflow/.local/lib/python3.10/site-packages/airflow/example_dags/example_complex.py took 0.053 seconds
[2024-07-11T08:41:43.506+0000] {logging_mixin.py:188} INFO - [2024-07-11T08:41:43.505+0000] {settings.py:249} DEBUG - Setting up DB connection pool (PID 104)
[2024-07-11T08:41:43.507+0000] {logging_mixin.py:188} INFO - [2024-07-11T08:41:43.506+0000] {settings.py:350} DEBUG - settings.prepare_engine_args(): Using pool settings. pool_size=5, max_overflow=10, pool_recycle=1800, pid=104
[2024-07-11T08:41:43.509+0000] {processor.py:161} INFO - Started process (PID=104) to work on /home/airflow/.local/lib/python3.10/site-packages/airflow/example_dags/example_complex.py
[2024-07-11T08:41:43.509+0000] {processor.py:830} INFO - Processing file /home/airflow/.local/lib/python3.10/site-packages/airflow/example_dags/example_complex.py for tasks to queue
[2024-07-11T08:41:43.510+0000] {logging_mixin.py:188} INFO - [2024-07-11T08:41:43.509+0000] {dagbag.py:540} INFO - Filling up the DagBag from /home/airflow/.local/lib/python3.10/site-packages/airflow/example_dags/example_complex.py
[2024-07-11T08:41:43.511+0000] {logging_mixin.py:188} INFO - [2024-07-11T08:41:43.510+0000] {dagbag.py:332} DEBUG - Importing /home/airflow/.local/lib/python3.10/site-packages/airflow/example_dags/example_complex.py
[2024-07-11T08:41:43.519+0000] {logging_mixin.py:188} INFO - [2024-07-11T08:41:43.518+0000] {dagbag.py:506} DEBUG - Loaded DAG <DAG: example_complex>
[2024-07-11T08:41:43.519+0000] {processor.py:840} INFO - DAG(s) 'example_complex' retrieved from /home/airflow/.local/lib/python3.10/site-packages/airflow/example_dags/example_complex.py
[2024-07-11T08:41:43.519+0000] {logging_mixin.py:188} INFO - [2024-07-11T08:41:43.519+0000] {dagbag.py:662} DEBUG - Running dagbag.sync_to_db with retries. Try 1 of 3
[2024-07-11T08:41:43.520+0000] {logging_mixin.py:188} INFO - [2024-07-11T08:41:43.520+0000] {dagbag.py:667} DEBUG - Calling the DAG.bulk_sync_to_db method
[2024-07-11T08:41:43.527+0000] {logging_mixin.py:188} INFO - [2024-07-11T08:41:43.526+0000] {serialized_dag.py:165} DEBUG - Checking if DAG (example_complex) changed
[2024-07-11T08:41:43.539+0000] {logging_mixin.py:188} INFO - [2024-07-11T08:41:43.539+0000] {serialized_dag.py:179} DEBUG - Writing Serialized DAG: example_complex to the DB
[2024-07-11T08:41:43.542+0000] {logging_mixin.py:188} INFO - [2024-07-11T08:41:43.542+0000] {serialized_dag.py:181} DEBUG - DAG: example_complex written to the DB
[2024-07-11T08:41:43.542+0000] {logging_mixin.py:188} INFO - [2024-07-11T08:41:43.542+0000] {dagbag.py:696} DEBUG - Syncing DAG permissions: example_complex to the DB
[2024-07-11T08:41:43.599+0000] {logging_mixin.py:188} INFO - [2024-07-11T08:41:43.599+0000] {override.py:1034} DEBUG - Not syncing DAG-level permissions for DAG 'DAG:example_complex' as access control is unset.
[2024-07-11T08:41:43.599+0000] {logging_mixin.py:188} INFO - [2024-07-11T08:41:43.599+0000] {dag.py:3047} INFO - Sync 1 DAGs
[2024-07-11T08:41:43.607+0000] {logging_mixin.py:188} INFO - [2024-07-11T08:41:43.607+0000] {dag.py:3834} INFO - Setting next_dagrun for example_complex to None, run_after=None
[2024-07-11T08:41:43.621+0000] {processor.py:183} INFO - Processing /home/airflow/.local/lib/python3.10/site-packages/airflow/example_dags/example_complex.py took 0.116 seconds
[2024-07-11T08:42:14.542+0000] {logging_mixin.py:188} INFO - [2024-07-11T08:42:14.542+0000] {settings.py:249} DEBUG - Setting up DB connection pool (PID 160)
[2024-07-11T08:42:14.543+0000] {logging_mixin.py:188} INFO - [2024-07-11T08:42:14.543+0000] {settings.py:350} DEBUG - settings.prepare_engine_args(): Using pool settings. pool_size=5, max_overflow=10, pool_recycle=1800, pid=160
[2024-07-11T08:42:14.545+0000] {processor.py:161} INFO - Started process (PID=160) to work on /home/airflow/.local/lib/python3.10/site-packages/airflow/example_dags/example_complex.py
[2024-07-11T08:42:14.545+0000] {processor.py:830} INFO - Processing file /home/airflow/.local/lib/python3.10/site-packages/airflow/example_dags/example_complex.py for tasks to queue
[2024-07-11T08:42:14.546+0000] {logging_mixin.py:188} INFO - [2024-07-11T08:42:14.546+0000] {dagbag.py:540} INFO - Filling up the DagBag from /home/airflow/.local/lib/python3.10/site-packages/airflow/example_dags/example_complex.py
[2024-07-11T08:42:14.546+0000] {logging_mixin.py:188} INFO - [2024-07-11T08:42:14.546+0000] {dagbag.py:332} DEBUG - Importing /home/airflow/.local/lib/python3.10/site-packages/airflow/example_dags/example_complex.py
[2024-07-11T08:42:14.554+0000] {logging_mixin.py:188} INFO - [2024-07-11T08:42:14.553+0000] {dagbag.py:506} DEBUG - Loaded DAG <DAG: example_complex>
[2024-07-11T08:42:14.554+0000] {processor.py:840} INFO - DAG(s) 'example_complex' retrieved from /home/airflow/.local/lib/python3.10/site-packages/airflow/example_dags/example_complex.py
[2024-07-11T08:42:14.555+0000] {logging_mixin.py:188} INFO - [2024-07-11T08:42:14.554+0000] {dagbag.py:662} DEBUG - Running dagbag.sync_to_db with retries. Try 1 of 3
[2024-07-11T08:42:14.555+0000] {logging_mixin.py:188} INFO - [2024-07-11T08:42:14.555+0000] {dagbag.py:667} DEBUG - Calling the DAG.bulk_sync_to_db method
[2024-07-11T08:42:14.562+0000] {logging_mixin.py:188} INFO - [2024-07-11T08:42:14.562+0000] {serialized_dag.py:165} DEBUG - Checking if DAG (example_complex) changed
[2024-07-11T08:42:14.574+0000] {logging_mixin.py:188} INFO - [2024-07-11T08:42:14.574+0000] {serialized_dag.py:176} DEBUG - Serialized DAG (example_complex) is unchanged. Skipping writing to DB
[2024-07-11T08:42:14.574+0000] {logging_mixin.py:188} INFO - [2024-07-11T08:42:14.574+0000] {dag.py:3047} INFO - Sync 1 DAGs
[2024-07-11T08:42:14.583+0000] {logging_mixin.py:188} INFO - [2024-07-11T08:42:14.583+0000] {dag.py:3834} INFO - Setting next_dagrun for example_complex to None, run_after=None
[2024-07-11T08:42:14.596+0000] {processor.py:183} INFO - Processing /home/airflow/.local/lib/python3.10/site-packages/airflow/example_dags/example_complex.py took 0.055 seconds
[2024-07-11T08:42:44.708+0000] {logging_mixin.py:188} INFO - [2024-07-11T08:42:44.708+0000] {settings.py:249} DEBUG - Setting up DB connection pool (PID 216)
[2024-07-11T08:42:44.709+0000] {logging_mixin.py:188} INFO - [2024-07-11T08:42:44.709+0000] {settings.py:350} DEBUG - settings.prepare_engine_args(): Using pool settings. pool_size=5, max_overflow=10, pool_recycle=1800, pid=216
[2024-07-11T08:42:44.711+0000] {processor.py:161} INFO - Started process (PID=216) to work on /home/airflow/.local/lib/python3.10/site-packages/airflow/example_dags/example_complex.py
[2024-07-11T08:42:44.711+0000] {processor.py:830} INFO - Processing file /home/airflow/.local/lib/python3.10/site-packages/airflow/example_dags/example_complex.py for tasks to queue
[2024-07-11T08:42:44.712+0000] {logging_mixin.py:188} INFO - [2024-07-11T08:42:44.712+0000] {dagbag.py:540} INFO - Filling up the DagBag from /home/airflow/.local/lib/python3.10/site-packages/airflow/example_dags/example_complex.py
[2024-07-11T08:42:44.713+0000] {logging_mixin.py:188} INFO - [2024-07-11T08:42:44.712+0000] {dagbag.py:332} DEBUG - Importing /home/airflow/.local/lib/python3.10/site-packages/airflow/example_dags/example_complex.py
[2024-07-11T08:42:44.721+0000] {logging_mixin.py:188} INFO - [2024-07-11T08:42:44.720+0000] {dagbag.py:506} DEBUG - Loaded DAG <DAG: example_complex>
[2024-07-11T08:42:44.721+0000] {processor.py:840} INFO - DAG(s) 'example_complex' retrieved from /home/airflow/.local/lib/python3.10/site-packages/airflow/example_dags/example_complex.py
[2024-07-11T08:42:44.722+0000] {logging_mixin.py:188} INFO - [2024-07-11T08:42:44.722+0000] {dagbag.py:662} DEBUG - Running dagbag.sync_to_db with retries. Try 1 of 3
[2024-07-11T08:42:44.722+0000] {logging_mixin.py:188} INFO - [2024-07-11T08:42:44.722+0000] {dagbag.py:667} DEBUG - Calling the DAG.bulk_sync_to_db method
[2024-07-11T08:42:44.730+0000] {logging_mixin.py:188} INFO - [2024-07-11T08:42:44.730+0000] {serialized_dag.py:165} DEBUG - Checking if DAG (example_complex) changed
[2024-07-11T08:42:44.744+0000] {logging_mixin.py:188} INFO - [2024-07-11T08:42:44.744+0000] {serialized_dag.py:176} DEBUG - Serialized DAG (example_complex) is unchanged. Skipping writing to DB
[2024-07-11T08:42:44.745+0000] {logging_mixin.py:188} INFO - [2024-07-11T08:42:44.744+0000] {dag.py:3047} INFO - Sync 1 DAGs
[2024-07-11T08:42:44.753+0000] {logging_mixin.py:188} INFO - [2024-07-11T08:42:44.753+0000] {dag.py:3834} INFO - Setting next_dagrun for example_complex to None, run_after=None
[2024-07-11T08:42:44.766+0000] {processor.py:183} INFO - Processing /home/airflow/.local/lib/python3.10/site-packages/airflow/example_dags/example_complex.py took 0.058 seconds
[2024-07-11T08:43:14.879+0000] {logging_mixin.py:188} INFO - [2024-07-11T08:43:14.878+0000] {settings.py:249} DEBUG - Setting up DB connection pool (PID 272)
[2024-07-11T08:43:14.879+0000] {logging_mixin.py:188} INFO - [2024-07-11T08:43:14.879+0000] {settings.py:350} DEBUG - settings.prepare_engine_args(): Using pool settings. pool_size=5, max_overflow=10, pool_recycle=1800, pid=272
[2024-07-11T08:43:14.881+0000] {processor.py:161} INFO - Started process (PID=272) to work on /home/airflow/.local/lib/python3.10/site-packages/airflow/example_dags/example_complex.py
[2024-07-11T08:43:14.882+0000] {processor.py:830} INFO - Processing file /home/airflow/.local/lib/python3.10/site-packages/airflow/example_dags/example_complex.py for tasks to queue
[2024-07-11T08:43:14.883+0000] {logging_mixin.py:188} INFO - [2024-07-11T08:43:14.882+0000] {dagbag.py:540} INFO - Filling up the DagBag from /home/airflow/.local/lib/python3.10/site-packages/airflow/example_dags/example_complex.py
[2024-07-11T08:43:14.885+0000] {logging_mixin.py:188} INFO - [2024-07-11T08:43:14.884+0000] {dagbag.py:332} DEBUG - Importing /home/airflow/.local/lib/python3.10/site-packages/airflow/example_dags/example_complex.py
[2024-07-11T08:43:14.894+0000] {logging_mixin.py:188} INFO - [2024-07-11T08:43:14.893+0000] {dagbag.py:506} DEBUG - Loaded DAG <DAG: example_complex>
[2024-07-11T08:43:14.894+0000] {processor.py:840} INFO - DAG(s) 'example_complex' retrieved from /home/airflow/.local/lib/python3.10/site-packages/airflow/example_dags/example_complex.py
[2024-07-11T08:43:14.895+0000] {logging_mixin.py:188} INFO - [2024-07-11T08:43:14.895+0000] {dagbag.py:662} DEBUG - Running dagbag.sync_to_db with retries. Try 1 of 3
[2024-07-11T08:43:14.895+0000] {logging_mixin.py:188} INFO - [2024-07-11T08:43:14.895+0000] {dagbag.py:667} DEBUG - Calling the DAG.bulk_sync_to_db method
[2024-07-11T08:43:14.909+0000] {logging_mixin.py:188} INFO - [2024-07-11T08:43:14.908+0000] {serialized_dag.py:165} DEBUG - Checking if DAG (example_complex) changed
[2024-07-11T08:43:14.930+0000] {logging_mixin.py:188} INFO - [2024-07-11T08:43:14.929+0000] {serialized_dag.py:176} DEBUG - Serialized DAG (example_complex) is unchanged. Skipping writing to DB
[2024-07-11T08:43:14.930+0000] {logging_mixin.py:188} INFO - [2024-07-11T08:43:14.930+0000] {dag.py:3047} INFO - Sync 1 DAGs
[2024-07-11T08:43:14.942+0000] {logging_mixin.py:188} INFO - [2024-07-11T08:43:14.942+0000] {dag.py:3834} INFO - Setting next_dagrun for example_complex to None, run_after=None
[2024-07-11T08:43:14.964+0000] {processor.py:183} INFO - Processing /home/airflow/.local/lib/python3.10/site-packages/airflow/example_dags/example_complex.py took 0.086 seconds
[2024-07-11T08:43:45.135+0000] {logging_mixin.py:188} INFO - [2024-07-11T08:43:45.134+0000] {settings.py:249} DEBUG - Setting up DB connection pool (PID 328)
[2024-07-11T08:43:45.135+0000] {logging_mixin.py:188} INFO - [2024-07-11T08:43:45.135+0000] {settings.py:350} DEBUG - settings.prepare_engine_args(): Using pool settings. pool_size=5, max_overflow=10, pool_recycle=1800, pid=328
[2024-07-11T08:43:45.137+0000] {processor.py:161} INFO - Started process (PID=328) to work on /home/airflow/.local/lib/python3.10/site-packages/airflow/example_dags/example_complex.py
[2024-07-11T08:43:45.138+0000] {processor.py:830} INFO - Processing file /home/airflow/.local/lib/python3.10/site-packages/airflow/example_dags/example_complex.py for tasks to queue
[2024-07-11T08:43:45.138+0000] {logging_mixin.py:188} INFO - [2024-07-11T08:43:45.138+0000] {dagbag.py:540} INFO - Filling up the DagBag from /home/airflow/.local/lib/python3.10/site-packages/airflow/example_dags/example_complex.py
[2024-07-11T08:43:45.139+0000] {logging_mixin.py:188} INFO - [2024-07-11T08:43:45.139+0000] {dagbag.py:332} DEBUG - Importing /home/airflow/.local/lib/python3.10/site-packages/airflow/example_dags/example_complex.py
[2024-07-11T08:43:45.147+0000] {logging_mixin.py:188} INFO - [2024-07-11T08:43:45.146+0000] {dagbag.py:506} DEBUG - Loaded DAG <DAG: example_complex>
[2024-07-11T08:43:45.147+0000] {processor.py:840} INFO - DAG(s) 'example_complex' retrieved from /home/airflow/.local/lib/python3.10/site-packages/airflow/example_dags/example_complex.py
[2024-07-11T08:43:45.147+0000] {logging_mixin.py:188} INFO - [2024-07-11T08:43:45.147+0000] {dagbag.py:662} DEBUG - Running dagbag.sync_to_db with retries. Try 1 of 3
[2024-07-11T08:43:45.148+0000] {logging_mixin.py:188} INFO - [2024-07-11T08:43:45.148+0000] {dagbag.py:667} DEBUG - Calling the DAG.bulk_sync_to_db method
[2024-07-11T08:43:45.155+0000] {logging_mixin.py:188} INFO - [2024-07-11T08:43:45.155+0000] {serialized_dag.py:165} DEBUG - Checking if DAG (example_complex) changed
[2024-07-11T08:43:45.168+0000] {logging_mixin.py:188} INFO - [2024-07-11T08:43:45.168+0000] {serialized_dag.py:176} DEBUG - Serialized DAG (example_complex) is unchanged. Skipping writing to DB
[2024-07-11T08:43:45.168+0000] {logging_mixin.py:188} INFO - [2024-07-11T08:43:45.168+0000] {dag.py:3047} INFO - Sync 1 DAGs
[2024-07-11T08:43:45.177+0000] {logging_mixin.py:188} INFO - [2024-07-11T08:43:45.176+0000] {dag.py:3834} INFO - Setting next_dagrun for example_complex to None, run_after=None
[2024-07-11T08:43:45.189+0000] {processor.py:183} INFO - Processing /home/airflow/.local/lib/python3.10/site-packages/airflow/example_dags/example_complex.py took 0.054 seconds
[2024-07-11T08:44:15.550+0000] {logging_mixin.py:188} INFO - [2024-07-11T08:44:15.550+0000] {settings.py:249} DEBUG - Setting up DB connection pool (PID 384)
[2024-07-11T08:44:15.551+0000] {logging_mixin.py:188} INFO - [2024-07-11T08:44:15.551+0000] {settings.py:350} DEBUG - settings.prepare_engine_args(): Using pool settings. pool_size=5, max_overflow=10, pool_recycle=1800, pid=384
[2024-07-11T08:44:15.553+0000] {processor.py:161} INFO - Started process (PID=384) to work on /home/airflow/.local/lib/python3.10/site-packages/airflow/example_dags/example_complex.py
[2024-07-11T08:44:15.553+0000] {processor.py:830} INFO - Processing file /home/airflow/.local/lib/python3.10/site-packages/airflow/example_dags/example_complex.py for tasks to queue
[2024-07-11T08:44:15.553+0000] {logging_mixin.py:188} INFO - [2024-07-11T08:44:15.553+0000] {dagbag.py:540} INFO - Filling up the DagBag from /home/airflow/.local/lib/python3.10/site-packages/airflow/example_dags/example_complex.py
[2024-07-11T08:44:15.554+0000] {logging_mixin.py:188} INFO - [2024-07-11T08:44:15.554+0000] {dagbag.py:332} DEBUG - Importing /home/airflow/.local/lib/python3.10/site-packages/airflow/example_dags/example_complex.py
[2024-07-11T08:44:15.562+0000] {logging_mixin.py:188} INFO - [2024-07-11T08:44:15.562+0000] {dagbag.py:506} DEBUG - Loaded DAG <DAG: example_complex>
[2024-07-11T08:44:15.563+0000] {processor.py:840} INFO - DAG(s) 'example_complex' retrieved from /home/airflow/.local/lib/python3.10/site-packages/airflow/example_dags/example_complex.py
[2024-07-11T08:44:15.563+0000] {logging_mixin.py:188} INFO - [2024-07-11T08:44:15.563+0000] {dagbag.py:662} DEBUG - Running dagbag.sync_to_db with retries. Try 1 of 3
[2024-07-11T08:44:15.563+0000] {logging_mixin.py:188} INFO - [2024-07-11T08:44:15.563+0000] {dagbag.py:667} DEBUG - Calling the DAG.bulk_sync_to_db method
[2024-07-11T08:44:15.574+0000] {logging_mixin.py:188} INFO - [2024-07-11T08:44:15.573+0000] {serialized_dag.py:165} DEBUG - Checking if DAG (example_complex) changed
[2024-07-11T08:44:15.587+0000] {logging_mixin.py:188} INFO - [2024-07-11T08:44:15.587+0000] {serialized_dag.py:176} DEBUG - Serialized DAG (example_complex) is unchanged. Skipping writing to DB
[2024-07-11T08:44:15.588+0000] {logging_mixin.py:188} INFO - [2024-07-11T08:44:15.587+0000] {dag.py:3047} INFO - Sync 1 DAGs
[2024-07-11T08:44:15.597+0000] {logging_mixin.py:188} INFO - [2024-07-11T08:44:15.597+0000] {dag.py:3834} INFO - Setting next_dagrun for example_complex to None, run_after=None
[2024-07-11T08:44:15.611+0000] {processor.py:183} INFO - Processing /home/airflow/.local/lib/python3.10/site-packages/airflow/example_dags/example_complex.py took 0.062 seconds
[2024-07-11T08:44:45.884+0000] {logging_mixin.py:188} INFO - [2024-07-11T08:44:45.883+0000] {settings.py:249} DEBUG - Setting up DB connection pool (PID 440)
[2024-07-11T08:44:45.884+0000] {logging_mixin.py:188} INFO - [2024-07-11T08:44:45.884+0000] {settings.py:350} DEBUG - settings.prepare_engine_args(): Using pool settings. pool_size=5, max_overflow=10, pool_recycle=1800, pid=440
[2024-07-11T08:44:45.886+0000] {processor.py:161} INFO - Started process (PID=440) to work on /home/airflow/.local/lib/python3.10/site-packages/airflow/example_dags/example_complex.py
[2024-07-11T08:44:45.887+0000] {processor.py:830} INFO - Processing file /home/airflow/.local/lib/python3.10/site-packages/airflow/example_dags/example_complex.py for tasks to queue
[2024-07-11T08:44:45.887+0000] {logging_mixin.py:188} INFO - [2024-07-11T08:44:45.887+0000] {dagbag.py:540} INFO - Filling up the DagBag from /home/airflow/.local/lib/python3.10/site-packages/airflow/example_dags/example_complex.py
[2024-07-11T08:44:45.888+0000] {logging_mixin.py:188} INFO - [2024-07-11T08:44:45.888+0000] {dagbag.py:332} DEBUG - Importing /home/airflow/.local/lib/python3.10/site-packages/airflow/example_dags/example_complex.py
[2024-07-11T08:44:45.898+0000] {logging_mixin.py:188} INFO - [2024-07-11T08:44:45.897+0000] {dagbag.py:506} DEBUG - Loaded DAG <DAG: example_complex>
[2024-07-11T08:44:45.898+0000] {processor.py:840} INFO - DAG(s) 'example_complex' retrieved from /home/airflow/.local/lib/python3.10/site-packages/airflow/example_dags/example_complex.py
[2024-07-11T08:44:45.899+0000] {logging_mixin.py:188} INFO - [2024-07-11T08:44:45.898+0000] {dagbag.py:662} DEBUG - Running dagbag.sync_to_db with retries. Try 1 of 3
[2024-07-11T08:44:45.899+0000] {logging_mixin.py:188} INFO - [2024-07-11T08:44:45.899+0000] {dagbag.py:667} DEBUG - Calling the DAG.bulk_sync_to_db method
[2024-07-11T08:44:45.906+0000] {logging_mixin.py:188} INFO - [2024-07-11T08:44:45.906+0000] {serialized_dag.py:165} DEBUG - Checking if DAG (example_complex) changed
[2024-07-11T08:44:45.921+0000] {logging_mixin.py:188} INFO - [2024-07-11T08:44:45.920+0000] {serialized_dag.py:176} DEBUG - Serialized DAG (example_complex) is unchanged. Skipping writing to DB
[2024-07-11T08:44:45.921+0000] {logging_mixin.py:188} INFO - [2024-07-11T08:44:45.921+0000] {dag.py:3047} INFO - Sync 1 DAGs
[2024-07-11T08:44:45.929+0000] {logging_mixin.py:188} INFO - [2024-07-11T08:44:45.929+0000] {dag.py:3834} INFO - Setting next_dagrun for example_complex to None, run_after=None
[2024-07-11T08:44:45.944+0000] {processor.py:183} INFO - Processing /home/airflow/.local/lib/python3.10/site-packages/airflow/example_dags/example_complex.py took 0.061 seconds
