[2024-07-11T08:36:59.293+0000] {logging_mixin.py:188} INFO - [2024-07-11T08:36:59.292+0000] {settings.py:249} DEBUG - Setting up DB connection pool (PID 63)
[2024-07-11T08:36:59.294+0000] {logging_mixin.py:188} INFO - [2024-07-11T08:36:59.293+0000] {settings.py:350} DEBUG - settings.prepare_engine_args(): Using pool settings. pool_size=5, max_overflow=10, pool_recycle=1800, pid=63
[2024-07-11T08:36:59.296+0000] {processor.py:161} INFO - Started process (PID=63) to work on /home/airflow/.local/lib/python3.10/site-packages/airflow/example_dags/example_short_circuit_operator.py
[2024-07-11T08:36:59.296+0000] {processor.py:830} INFO - Processing file /home/airflow/.local/lib/python3.10/site-packages/airflow/example_dags/example_short_circuit_operator.py for tasks to queue
[2024-07-11T08:36:59.297+0000] {logging_mixin.py:188} INFO - [2024-07-11T08:36:59.296+0000] {dagbag.py:540} INFO - Filling up the DagBag from /home/airflow/.local/lib/python3.10/site-packages/airflow/example_dags/example_short_circuit_operator.py
[2024-07-11T08:36:59.297+0000] {logging_mixin.py:188} INFO - [2024-07-11T08:36:59.297+0000] {dagbag.py:332} DEBUG - Importing /home/airflow/.local/lib/python3.10/site-packages/airflow/example_dags/example_short_circuit_operator.py
[2024-07-11T08:36:59.304+0000] {logging_mixin.py:188} INFO - [2024-07-11T08:36:59.304+0000] {dagbag.py:506} DEBUG - Loaded DAG <DAG: example_short_circuit_operator>
[2024-07-11T08:36:59.304+0000] {processor.py:840} INFO - DAG(s) 'example_short_circuit_operator' retrieved from /home/airflow/.local/lib/python3.10/site-packages/airflow/example_dags/example_short_circuit_operator.py
[2024-07-11T08:36:59.305+0000] {logging_mixin.py:188} INFO - [2024-07-11T08:36:59.305+0000] {dagbag.py:662} DEBUG - Running dagbag.sync_to_db with retries. Try 1 of 3
[2024-07-11T08:36:59.305+0000] {logging_mixin.py:188} INFO - [2024-07-11T08:36:59.305+0000] {dagbag.py:667} DEBUG - Calling the DAG.bulk_sync_to_db method
[2024-07-11T08:36:59.315+0000] {logging_mixin.py:188} INFO - [2024-07-11T08:36:59.315+0000] {dag.py:3047} INFO - Sync 1 DAGs
[2024-07-11T08:36:59.339+0000] {logging_mixin.py:188} INFO - [2024-07-11T08:36:59.338+0000] {dag.py:3834} INFO - Setting next_dagrun for example_short_circuit_operator to 2024-07-10 00:00:00+00:00, run_after=2024-07-11 00:00:00+00:00
[2024-07-11T08:36:59.359+0000] {processor.py:183} INFO - Processing /home/airflow/.local/lib/python3.10/site-packages/airflow/example_dags/example_short_circuit_operator.py took 0.067 seconds
[2024-07-11T08:37:29.983+0000] {logging_mixin.py:188} INFO - [2024-07-11T08:37:29.983+0000] {settings.py:249} DEBUG - Setting up DB connection pool (PID 119)
[2024-07-11T08:37:29.984+0000] {logging_mixin.py:188} INFO - [2024-07-11T08:37:29.984+0000] {settings.py:350} DEBUG - settings.prepare_engine_args(): Using pool settings. pool_size=5, max_overflow=10, pool_recycle=1800, pid=119
[2024-07-11T08:37:29.986+0000] {processor.py:161} INFO - Started process (PID=119) to work on /home/airflow/.local/lib/python3.10/site-packages/airflow/example_dags/example_short_circuit_operator.py
[2024-07-11T08:37:29.986+0000] {processor.py:830} INFO - Processing file /home/airflow/.local/lib/python3.10/site-packages/airflow/example_dags/example_short_circuit_operator.py for tasks to queue
[2024-07-11T08:37:29.987+0000] {logging_mixin.py:188} INFO - [2024-07-11T08:37:29.986+0000] {dagbag.py:540} INFO - Filling up the DagBag from /home/airflow/.local/lib/python3.10/site-packages/airflow/example_dags/example_short_circuit_operator.py
[2024-07-11T08:37:29.987+0000] {logging_mixin.py:188} INFO - [2024-07-11T08:37:29.987+0000] {dagbag.py:332} DEBUG - Importing /home/airflow/.local/lib/python3.10/site-packages/airflow/example_dags/example_short_circuit_operator.py
[2024-07-11T08:37:29.993+0000] {logging_mixin.py:188} INFO - [2024-07-11T08:37:29.992+0000] {dagbag.py:506} DEBUG - Loaded DAG <DAG: example_short_circuit_operator>
[2024-07-11T08:37:29.993+0000] {processor.py:840} INFO - DAG(s) 'example_short_circuit_operator' retrieved from /home/airflow/.local/lib/python3.10/site-packages/airflow/example_dags/example_short_circuit_operator.py
[2024-07-11T08:37:29.993+0000] {logging_mixin.py:188} INFO - [2024-07-11T08:37:29.993+0000] {dagbag.py:662} DEBUG - Running dagbag.sync_to_db with retries. Try 1 of 3
[2024-07-11T08:37:29.994+0000] {logging_mixin.py:188} INFO - [2024-07-11T08:37:29.994+0000] {dagbag.py:667} DEBUG - Calling the DAG.bulk_sync_to_db method
[2024-07-11T08:37:30.002+0000] {logging_mixin.py:188} INFO - [2024-07-11T08:37:30.001+0000] {serialized_dag.py:165} DEBUG - Checking if DAG (example_short_circuit_operator) changed
[2024-07-11T08:37:30.010+0000] {logging_mixin.py:188} INFO - [2024-07-11T08:37:30.010+0000] {serialized_dag.py:179} DEBUG - Writing Serialized DAG: example_short_circuit_operator to the DB
[2024-07-11T08:37:30.013+0000] {logging_mixin.py:188} INFO - [2024-07-11T08:37:30.013+0000] {serialized_dag.py:181} DEBUG - DAG: example_short_circuit_operator written to the DB
[2024-07-11T08:37:30.013+0000] {logging_mixin.py:188} INFO - [2024-07-11T08:37:30.013+0000] {dagbag.py:696} DEBUG - Syncing DAG permissions: example_short_circuit_operator to the DB
[2024-07-11T08:37:30.072+0000] {logging_mixin.py:188} INFO - [2024-07-11T08:37:30.072+0000] {override.py:1034} DEBUG - Not syncing DAG-level permissions for DAG 'DAG:example_short_circuit_operator' as access control is unset.
[2024-07-11T08:37:30.073+0000] {logging_mixin.py:188} INFO - [2024-07-11T08:37:30.073+0000] {dag.py:3047} INFO - Sync 1 DAGs
[2024-07-11T08:37:30.087+0000] {logging_mixin.py:188} INFO - [2024-07-11T08:37:30.087+0000] {dag.py:3834} INFO - Setting next_dagrun for example_short_circuit_operator to 2024-07-10 00:00:00+00:00, run_after=2024-07-11 00:00:00+00:00
[2024-07-11T08:37:30.100+0000] {processor.py:183} INFO - Processing /home/airflow/.local/lib/python3.10/site-packages/airflow/example_dags/example_short_circuit_operator.py took 0.117 seconds
[2024-07-11T08:38:00.263+0000] {logging_mixin.py:188} INFO - [2024-07-11T08:38:00.262+0000] {settings.py:249} DEBUG - Setting up DB connection pool (PID 175)
[2024-07-11T08:38:00.263+0000] {logging_mixin.py:188} INFO - [2024-07-11T08:38:00.263+0000] {settings.py:350} DEBUG - settings.prepare_engine_args(): Using pool settings. pool_size=5, max_overflow=10, pool_recycle=1800, pid=175
[2024-07-11T08:38:00.265+0000] {processor.py:161} INFO - Started process (PID=175) to work on /home/airflow/.local/lib/python3.10/site-packages/airflow/example_dags/example_short_circuit_operator.py
[2024-07-11T08:38:00.265+0000] {processor.py:830} INFO - Processing file /home/airflow/.local/lib/python3.10/site-packages/airflow/example_dags/example_short_circuit_operator.py for tasks to queue
[2024-07-11T08:38:00.266+0000] {logging_mixin.py:188} INFO - [2024-07-11T08:38:00.266+0000] {dagbag.py:540} INFO - Filling up the DagBag from /home/airflow/.local/lib/python3.10/site-packages/airflow/example_dags/example_short_circuit_operator.py
[2024-07-11T08:38:00.267+0000] {logging_mixin.py:188} INFO - [2024-07-11T08:38:00.267+0000] {dagbag.py:332} DEBUG - Importing /home/airflow/.local/lib/python3.10/site-packages/airflow/example_dags/example_short_circuit_operator.py
[2024-07-11T08:38:00.272+0000] {logging_mixin.py:188} INFO - [2024-07-11T08:38:00.271+0000] {dagbag.py:506} DEBUG - Loaded DAG <DAG: example_short_circuit_operator>
[2024-07-11T08:38:00.272+0000] {processor.py:840} INFO - DAG(s) 'example_short_circuit_operator' retrieved from /home/airflow/.local/lib/python3.10/site-packages/airflow/example_dags/example_short_circuit_operator.py
[2024-07-11T08:38:00.273+0000] {logging_mixin.py:188} INFO - [2024-07-11T08:38:00.273+0000] {dagbag.py:662} DEBUG - Running dagbag.sync_to_db with retries. Try 1 of 3
[2024-07-11T08:38:00.273+0000] {logging_mixin.py:188} INFO - [2024-07-11T08:38:00.273+0000] {dagbag.py:667} DEBUG - Calling the DAG.bulk_sync_to_db method
[2024-07-11T08:38:00.281+0000] {logging_mixin.py:188} INFO - [2024-07-11T08:38:00.281+0000] {serialized_dag.py:165} DEBUG - Checking if DAG (example_short_circuit_operator) changed
[2024-07-11T08:38:00.290+0000] {logging_mixin.py:188} INFO - [2024-07-11T08:38:00.289+0000] {serialized_dag.py:176} DEBUG - Serialized DAG (example_short_circuit_operator) is unchanged. Skipping writing to DB
[2024-07-11T08:38:00.290+0000] {logging_mixin.py:188} INFO - [2024-07-11T08:38:00.290+0000] {dag.py:3047} INFO - Sync 1 DAGs
[2024-07-11T08:38:00.308+0000] {logging_mixin.py:188} INFO - [2024-07-11T08:38:00.308+0000] {dag.py:3834} INFO - Setting next_dagrun for example_short_circuit_operator to 2024-07-10 00:00:00+00:00, run_after=2024-07-11 00:00:00+00:00
[2024-07-11T08:38:00.328+0000] {processor.py:183} INFO - Processing /home/airflow/.local/lib/python3.10/site-packages/airflow/example_dags/example_short_circuit_operator.py took 0.066 seconds
[2024-07-11T08:38:30.498+0000] {logging_mixin.py:188} INFO - [2024-07-11T08:38:30.498+0000] {settings.py:249} DEBUG - Setting up DB connection pool (PID 231)
[2024-07-11T08:38:30.499+0000] {logging_mixin.py:188} INFO - [2024-07-11T08:38:30.499+0000] {settings.py:350} DEBUG - settings.prepare_engine_args(): Using pool settings. pool_size=5, max_overflow=10, pool_recycle=1800, pid=231
[2024-07-11T08:38:30.501+0000] {processor.py:161} INFO - Started process (PID=231) to work on /home/airflow/.local/lib/python3.10/site-packages/airflow/example_dags/example_short_circuit_operator.py
[2024-07-11T08:38:30.501+0000] {processor.py:830} INFO - Processing file /home/airflow/.local/lib/python3.10/site-packages/airflow/example_dags/example_short_circuit_operator.py for tasks to queue
[2024-07-11T08:38:30.501+0000] {logging_mixin.py:188} INFO - [2024-07-11T08:38:30.501+0000] {dagbag.py:540} INFO - Filling up the DagBag from /home/airflow/.local/lib/python3.10/site-packages/airflow/example_dags/example_short_circuit_operator.py
[2024-07-11T08:38:30.502+0000] {logging_mixin.py:188} INFO - [2024-07-11T08:38:30.502+0000] {dagbag.py:332} DEBUG - Importing /home/airflow/.local/lib/python3.10/site-packages/airflow/example_dags/example_short_circuit_operator.py
[2024-07-11T08:38:30.507+0000] {logging_mixin.py:188} INFO - [2024-07-11T08:38:30.507+0000] {dagbag.py:506} DEBUG - Loaded DAG <DAG: example_short_circuit_operator>
[2024-07-11T08:38:30.507+0000] {processor.py:840} INFO - DAG(s) 'example_short_circuit_operator' retrieved from /home/airflow/.local/lib/python3.10/site-packages/airflow/example_dags/example_short_circuit_operator.py
[2024-07-11T08:38:30.508+0000] {logging_mixin.py:188} INFO - [2024-07-11T08:38:30.508+0000] {dagbag.py:662} DEBUG - Running dagbag.sync_to_db with retries. Try 1 of 3
[2024-07-11T08:38:30.508+0000] {logging_mixin.py:188} INFO - [2024-07-11T08:38:30.508+0000] {dagbag.py:667} DEBUG - Calling the DAG.bulk_sync_to_db method
[2024-07-11T08:38:30.516+0000] {logging_mixin.py:188} INFO - [2024-07-11T08:38:30.516+0000] {serialized_dag.py:165} DEBUG - Checking if DAG (example_short_circuit_operator) changed
[2024-07-11T08:38:30.524+0000] {logging_mixin.py:188} INFO - [2024-07-11T08:38:30.523+0000] {serialized_dag.py:176} DEBUG - Serialized DAG (example_short_circuit_operator) is unchanged. Skipping writing to DB
[2024-07-11T08:38:30.524+0000] {logging_mixin.py:188} INFO - [2024-07-11T08:38:30.524+0000] {dag.py:3047} INFO - Sync 1 DAGs
[2024-07-11T08:38:30.539+0000] {logging_mixin.py:188} INFO - [2024-07-11T08:38:30.539+0000] {dag.py:3834} INFO - Setting next_dagrun for example_short_circuit_operator to 2024-07-10 00:00:00+00:00, run_after=2024-07-11 00:00:00+00:00
[2024-07-11T08:38:30.551+0000] {processor.py:183} INFO - Processing /home/airflow/.local/lib/python3.10/site-packages/airflow/example_dags/example_short_circuit_operator.py took 0.054 seconds
[2024-07-11T08:39:00.801+0000] {logging_mixin.py:188} INFO - [2024-07-11T08:39:00.800+0000] {settings.py:249} DEBUG - Setting up DB connection pool (PID 287)
[2024-07-11T08:39:00.802+0000] {logging_mixin.py:188} INFO - [2024-07-11T08:39:00.801+0000] {settings.py:350} DEBUG - settings.prepare_engine_args(): Using pool settings. pool_size=5, max_overflow=10, pool_recycle=1800, pid=287
[2024-07-11T08:39:00.804+0000] {processor.py:161} INFO - Started process (PID=287) to work on /home/airflow/.local/lib/python3.10/site-packages/airflow/example_dags/example_short_circuit_operator.py
[2024-07-11T08:39:00.804+0000] {processor.py:830} INFO - Processing file /home/airflow/.local/lib/python3.10/site-packages/airflow/example_dags/example_short_circuit_operator.py for tasks to queue
[2024-07-11T08:39:00.805+0000] {logging_mixin.py:188} INFO - [2024-07-11T08:39:00.804+0000] {dagbag.py:540} INFO - Filling up the DagBag from /home/airflow/.local/lib/python3.10/site-packages/airflow/example_dags/example_short_circuit_operator.py
[2024-07-11T08:39:00.805+0000] {logging_mixin.py:188} INFO - [2024-07-11T08:39:00.805+0000] {dagbag.py:332} DEBUG - Importing /home/airflow/.local/lib/python3.10/site-packages/airflow/example_dags/example_short_circuit_operator.py
[2024-07-11T08:39:00.811+0000] {logging_mixin.py:188} INFO - [2024-07-11T08:39:00.811+0000] {dagbag.py:506} DEBUG - Loaded DAG <DAG: example_short_circuit_operator>
[2024-07-11T08:39:00.811+0000] {processor.py:840} INFO - DAG(s) 'example_short_circuit_operator' retrieved from /home/airflow/.local/lib/python3.10/site-packages/airflow/example_dags/example_short_circuit_operator.py
[2024-07-11T08:39:00.812+0000] {logging_mixin.py:188} INFO - [2024-07-11T08:39:00.812+0000] {dagbag.py:662} DEBUG - Running dagbag.sync_to_db with retries. Try 1 of 3
[2024-07-11T08:39:00.812+0000] {logging_mixin.py:188} INFO - [2024-07-11T08:39:00.812+0000] {dagbag.py:667} DEBUG - Calling the DAG.bulk_sync_to_db method
[2024-07-11T08:39:00.821+0000] {logging_mixin.py:188} INFO - [2024-07-11T08:39:00.821+0000] {serialized_dag.py:165} DEBUG - Checking if DAG (example_short_circuit_operator) changed
[2024-07-11T08:39:00.831+0000] {logging_mixin.py:188} INFO - [2024-07-11T08:39:00.831+0000] {serialized_dag.py:176} DEBUG - Serialized DAG (example_short_circuit_operator) is unchanged. Skipping writing to DB
[2024-07-11T08:39:00.831+0000] {logging_mixin.py:188} INFO - [2024-07-11T08:39:00.831+0000] {dag.py:3047} INFO - Sync 1 DAGs
[2024-07-11T08:39:00.849+0000] {logging_mixin.py:188} INFO - [2024-07-11T08:39:00.849+0000] {dag.py:3834} INFO - Setting next_dagrun for example_short_circuit_operator to 2024-07-10 00:00:00+00:00, run_after=2024-07-11 00:00:00+00:00
[2024-07-11T08:39:00.864+0000] {processor.py:183} INFO - Processing /home/airflow/.local/lib/python3.10/site-packages/airflow/example_dags/example_short_circuit_operator.py took 0.064 seconds
[2024-07-11T08:39:31.058+0000] {logging_mixin.py:188} INFO - [2024-07-11T08:39:31.057+0000] {settings.py:249} DEBUG - Setting up DB connection pool (PID 343)
[2024-07-11T08:39:31.058+0000] {logging_mixin.py:188} INFO - [2024-07-11T08:39:31.058+0000] {settings.py:350} DEBUG - settings.prepare_engine_args(): Using pool settings. pool_size=5, max_overflow=10, pool_recycle=1800, pid=343
[2024-07-11T08:39:31.060+0000] {processor.py:161} INFO - Started process (PID=343) to work on /home/airflow/.local/lib/python3.10/site-packages/airflow/example_dags/example_short_circuit_operator.py
[2024-07-11T08:39:31.060+0000] {processor.py:830} INFO - Processing file /home/airflow/.local/lib/python3.10/site-packages/airflow/example_dags/example_short_circuit_operator.py for tasks to queue
[2024-07-11T08:39:31.061+0000] {logging_mixin.py:188} INFO - [2024-07-11T08:39:31.061+0000] {dagbag.py:540} INFO - Filling up the DagBag from /home/airflow/.local/lib/python3.10/site-packages/airflow/example_dags/example_short_circuit_operator.py
[2024-07-11T08:39:31.062+0000] {logging_mixin.py:188} INFO - [2024-07-11T08:39:31.061+0000] {dagbag.py:332} DEBUG - Importing /home/airflow/.local/lib/python3.10/site-packages/airflow/example_dags/example_short_circuit_operator.py
[2024-07-11T08:39:31.066+0000] {logging_mixin.py:188} INFO - [2024-07-11T08:39:31.066+0000] {dagbag.py:506} DEBUG - Loaded DAG <DAG: example_short_circuit_operator>
[2024-07-11T08:39:31.066+0000] {processor.py:840} INFO - DAG(s) 'example_short_circuit_operator' retrieved from /home/airflow/.local/lib/python3.10/site-packages/airflow/example_dags/example_short_circuit_operator.py
[2024-07-11T08:39:31.067+0000] {logging_mixin.py:188} INFO - [2024-07-11T08:39:31.067+0000] {dagbag.py:662} DEBUG - Running dagbag.sync_to_db with retries. Try 1 of 3
[2024-07-11T08:39:31.067+0000] {logging_mixin.py:188} INFO - [2024-07-11T08:39:31.067+0000] {dagbag.py:667} DEBUG - Calling the DAG.bulk_sync_to_db method
[2024-07-11T08:39:31.074+0000] {logging_mixin.py:188} INFO - [2024-07-11T08:39:31.074+0000] {serialized_dag.py:165} DEBUG - Checking if DAG (example_short_circuit_operator) changed
[2024-07-11T08:39:31.081+0000] {logging_mixin.py:188} INFO - [2024-07-11T08:39:31.081+0000] {serialized_dag.py:176} DEBUG - Serialized DAG (example_short_circuit_operator) is unchanged. Skipping writing to DB
[2024-07-11T08:39:31.081+0000] {logging_mixin.py:188} INFO - [2024-07-11T08:39:31.081+0000] {dag.py:3047} INFO - Sync 1 DAGs
[2024-07-11T08:39:31.096+0000] {logging_mixin.py:188} INFO - [2024-07-11T08:39:31.096+0000] {dag.py:3834} INFO - Setting next_dagrun for example_short_circuit_operator to 2024-07-10 00:00:00+00:00, run_after=2024-07-11 00:00:00+00:00
[2024-07-11T08:39:31.109+0000] {processor.py:183} INFO - Processing /home/airflow/.local/lib/python3.10/site-packages/airflow/example_dags/example_short_circuit_operator.py took 0.051 seconds
[2024-07-11T08:40:01.262+0000] {logging_mixin.py:188} INFO - [2024-07-11T08:40:01.261+0000] {settings.py:249} DEBUG - Setting up DB connection pool (PID 399)
[2024-07-11T08:40:01.263+0000] {logging_mixin.py:188} INFO - [2024-07-11T08:40:01.262+0000] {settings.py:350} DEBUG - settings.prepare_engine_args(): Using pool settings. pool_size=5, max_overflow=10, pool_recycle=1800, pid=399
[2024-07-11T08:40:01.264+0000] {processor.py:161} INFO - Started process (PID=399) to work on /home/airflow/.local/lib/python3.10/site-packages/airflow/example_dags/example_short_circuit_operator.py
[2024-07-11T08:40:01.265+0000] {processor.py:830} INFO - Processing file /home/airflow/.local/lib/python3.10/site-packages/airflow/example_dags/example_short_circuit_operator.py for tasks to queue
[2024-07-11T08:40:01.265+0000] {logging_mixin.py:188} INFO - [2024-07-11T08:40:01.265+0000] {dagbag.py:540} INFO - Filling up the DagBag from /home/airflow/.local/lib/python3.10/site-packages/airflow/example_dags/example_short_circuit_operator.py
[2024-07-11T08:40:01.266+0000] {logging_mixin.py:188} INFO - [2024-07-11T08:40:01.266+0000] {dagbag.py:332} DEBUG - Importing /home/airflow/.local/lib/python3.10/site-packages/airflow/example_dags/example_short_circuit_operator.py
[2024-07-11T08:40:01.271+0000] {logging_mixin.py:188} INFO - [2024-07-11T08:40:01.270+0000] {dagbag.py:506} DEBUG - Loaded DAG <DAG: example_short_circuit_operator>
[2024-07-11T08:40:01.271+0000] {processor.py:840} INFO - DAG(s) 'example_short_circuit_operator' retrieved from /home/airflow/.local/lib/python3.10/site-packages/airflow/example_dags/example_short_circuit_operator.py
[2024-07-11T08:40:01.272+0000] {logging_mixin.py:188} INFO - [2024-07-11T08:40:01.271+0000] {dagbag.py:662} DEBUG - Running dagbag.sync_to_db with retries. Try 1 of 3
[2024-07-11T08:40:01.272+0000] {logging_mixin.py:188} INFO - [2024-07-11T08:40:01.272+0000] {dagbag.py:667} DEBUG - Calling the DAG.bulk_sync_to_db method
[2024-07-11T08:40:01.280+0000] {logging_mixin.py:188} INFO - [2024-07-11T08:40:01.279+0000] {serialized_dag.py:165} DEBUG - Checking if DAG (example_short_circuit_operator) changed
[2024-07-11T08:40:01.288+0000] {logging_mixin.py:188} INFO - [2024-07-11T08:40:01.288+0000] {serialized_dag.py:176} DEBUG - Serialized DAG (example_short_circuit_operator) is unchanged. Skipping writing to DB
[2024-07-11T08:40:01.288+0000] {logging_mixin.py:188} INFO - [2024-07-11T08:40:01.288+0000] {dag.py:3047} INFO - Sync 1 DAGs
[2024-07-11T08:40:01.304+0000] {logging_mixin.py:188} INFO - [2024-07-11T08:40:01.304+0000] {dag.py:3834} INFO - Setting next_dagrun for example_short_circuit_operator to 2024-07-10 00:00:00+00:00, run_after=2024-07-11 00:00:00+00:00
[2024-07-11T08:40:01.317+0000] {processor.py:183} INFO - Processing /home/airflow/.local/lib/python3.10/site-packages/airflow/example_dags/example_short_circuit_operator.py took 0.055 seconds
[2024-07-11T08:41:13.198+0000] {logging_mixin.py:188} INFO - [2024-07-11T08:41:13.197+0000] {settings.py:249} DEBUG - Setting up DB connection pool (PID 63)
[2024-07-11T08:41:13.199+0000] {logging_mixin.py:188} INFO - [2024-07-11T08:41:13.198+0000] {settings.py:350} DEBUG - settings.prepare_engine_args(): Using pool settings. pool_size=5, max_overflow=10, pool_recycle=1800, pid=63
[2024-07-11T08:41:13.200+0000] {processor.py:161} INFO - Started process (PID=63) to work on /home/airflow/.local/lib/python3.10/site-packages/airflow/example_dags/example_short_circuit_operator.py
[2024-07-11T08:41:13.201+0000] {processor.py:830} INFO - Processing file /home/airflow/.local/lib/python3.10/site-packages/airflow/example_dags/example_short_circuit_operator.py for tasks to queue
[2024-07-11T08:41:13.201+0000] {logging_mixin.py:188} INFO - [2024-07-11T08:41:13.201+0000] {dagbag.py:540} INFO - Filling up the DagBag from /home/airflow/.local/lib/python3.10/site-packages/airflow/example_dags/example_short_circuit_operator.py
[2024-07-11T08:41:13.202+0000] {logging_mixin.py:188} INFO - [2024-07-11T08:41:13.202+0000] {dagbag.py:332} DEBUG - Importing /home/airflow/.local/lib/python3.10/site-packages/airflow/example_dags/example_short_circuit_operator.py
[2024-07-11T08:41:13.209+0000] {logging_mixin.py:188} INFO - [2024-07-11T08:41:13.208+0000] {dagbag.py:506} DEBUG - Loaded DAG <DAG: example_short_circuit_operator>
[2024-07-11T08:41:13.209+0000] {processor.py:840} INFO - DAG(s) 'example_short_circuit_operator' retrieved from /home/airflow/.local/lib/python3.10/site-packages/airflow/example_dags/example_short_circuit_operator.py
[2024-07-11T08:41:13.210+0000] {logging_mixin.py:188} INFO - [2024-07-11T08:41:13.210+0000] {dagbag.py:662} DEBUG - Running dagbag.sync_to_db with retries. Try 1 of 3
[2024-07-11T08:41:13.210+0000] {logging_mixin.py:188} INFO - [2024-07-11T08:41:13.210+0000] {dagbag.py:667} DEBUG - Calling the DAG.bulk_sync_to_db method
[2024-07-11T08:41:13.219+0000] {logging_mixin.py:188} INFO - [2024-07-11T08:41:13.219+0000] {dag.py:3047} INFO - Sync 1 DAGs
[2024-07-11T08:41:13.239+0000] {logging_mixin.py:188} INFO - [2024-07-11T08:41:13.239+0000] {dag.py:3834} INFO - Setting next_dagrun for example_short_circuit_operator to 2024-07-10 00:00:00+00:00, run_after=2024-07-11 00:00:00+00:00
[2024-07-11T08:41:13.255+0000] {processor.py:183} INFO - Processing /home/airflow/.local/lib/python3.10/site-packages/airflow/example_dags/example_short_circuit_operator.py took 0.058 seconds
[2024-07-11T08:41:44.656+0000] {logging_mixin.py:188} INFO - [2024-07-11T08:41:44.656+0000] {settings.py:249} DEBUG - Setting up DB connection pool (PID 119)
[2024-07-11T08:41:44.657+0000] {logging_mixin.py:188} INFO - [2024-07-11T08:41:44.657+0000] {settings.py:350} DEBUG - settings.prepare_engine_args(): Using pool settings. pool_size=5, max_overflow=10, pool_recycle=1800, pid=119
[2024-07-11T08:41:44.659+0000] {processor.py:161} INFO - Started process (PID=119) to work on /home/airflow/.local/lib/python3.10/site-packages/airflow/example_dags/example_short_circuit_operator.py
[2024-07-11T08:41:44.660+0000] {processor.py:830} INFO - Processing file /home/airflow/.local/lib/python3.10/site-packages/airflow/example_dags/example_short_circuit_operator.py for tasks to queue
[2024-07-11T08:41:44.660+0000] {logging_mixin.py:188} INFO - [2024-07-11T08:41:44.660+0000] {dagbag.py:540} INFO - Filling up the DagBag from /home/airflow/.local/lib/python3.10/site-packages/airflow/example_dags/example_short_circuit_operator.py
[2024-07-11T08:41:44.661+0000] {logging_mixin.py:188} INFO - [2024-07-11T08:41:44.661+0000] {dagbag.py:332} DEBUG - Importing /home/airflow/.local/lib/python3.10/site-packages/airflow/example_dags/example_short_circuit_operator.py
[2024-07-11T08:41:44.666+0000] {logging_mixin.py:188} INFO - [2024-07-11T08:41:44.666+0000] {dagbag.py:506} DEBUG - Loaded DAG <DAG: example_short_circuit_operator>
[2024-07-11T08:41:44.666+0000] {processor.py:840} INFO - DAG(s) 'example_short_circuit_operator' retrieved from /home/airflow/.local/lib/python3.10/site-packages/airflow/example_dags/example_short_circuit_operator.py
[2024-07-11T08:41:44.667+0000] {logging_mixin.py:188} INFO - [2024-07-11T08:41:44.667+0000] {dagbag.py:662} DEBUG - Running dagbag.sync_to_db with retries. Try 1 of 3
[2024-07-11T08:41:44.667+0000] {logging_mixin.py:188} INFO - [2024-07-11T08:41:44.667+0000] {dagbag.py:667} DEBUG - Calling the DAG.bulk_sync_to_db method
[2024-07-11T08:41:44.676+0000] {logging_mixin.py:188} INFO - [2024-07-11T08:41:44.675+0000] {serialized_dag.py:165} DEBUG - Checking if DAG (example_short_circuit_operator) changed
[2024-07-11T08:41:44.685+0000] {logging_mixin.py:188} INFO - [2024-07-11T08:41:44.684+0000] {serialized_dag.py:179} DEBUG - Writing Serialized DAG: example_short_circuit_operator to the DB
[2024-07-11T08:41:44.689+0000] {logging_mixin.py:188} INFO - [2024-07-11T08:41:44.688+0000] {serialized_dag.py:181} DEBUG - DAG: example_short_circuit_operator written to the DB
[2024-07-11T08:41:44.689+0000] {logging_mixin.py:188} INFO - [2024-07-11T08:41:44.689+0000] {dagbag.py:696} DEBUG - Syncing DAG permissions: example_short_circuit_operator to the DB
[2024-07-11T08:41:44.753+0000] {logging_mixin.py:188} INFO - [2024-07-11T08:41:44.753+0000] {override.py:1034} DEBUG - Not syncing DAG-level permissions for DAG 'DAG:example_short_circuit_operator' as access control is unset.
[2024-07-11T08:41:44.753+0000] {logging_mixin.py:188} INFO - [2024-07-11T08:41:44.753+0000] {dag.py:3047} INFO - Sync 1 DAGs
[2024-07-11T08:41:44.769+0000] {logging_mixin.py:188} INFO - [2024-07-11T08:41:44.769+0000] {dag.py:3834} INFO - Setting next_dagrun for example_short_circuit_operator to 2024-07-10 00:00:00+00:00, run_after=2024-07-11 00:00:00+00:00
[2024-07-11T08:41:44.794+0000] {processor.py:183} INFO - Processing /home/airflow/.local/lib/python3.10/site-packages/airflow/example_dags/example_short_circuit_operator.py took 0.138 seconds
[2024-07-11T08:42:15.084+0000] {logging_mixin.py:188} INFO - [2024-07-11T08:42:15.084+0000] {settings.py:249} DEBUG - Setting up DB connection pool (PID 175)
[2024-07-11T08:42:15.085+0000] {logging_mixin.py:188} INFO - [2024-07-11T08:42:15.085+0000] {settings.py:350} DEBUG - settings.prepare_engine_args(): Using pool settings. pool_size=5, max_overflow=10, pool_recycle=1800, pid=175
[2024-07-11T08:42:15.087+0000] {processor.py:161} INFO - Started process (PID=175) to work on /home/airflow/.local/lib/python3.10/site-packages/airflow/example_dags/example_short_circuit_operator.py
[2024-07-11T08:42:15.087+0000] {processor.py:830} INFO - Processing file /home/airflow/.local/lib/python3.10/site-packages/airflow/example_dags/example_short_circuit_operator.py for tasks to queue
[2024-07-11T08:42:15.088+0000] {logging_mixin.py:188} INFO - [2024-07-11T08:42:15.088+0000] {dagbag.py:540} INFO - Filling up the DagBag from /home/airflow/.local/lib/python3.10/site-packages/airflow/example_dags/example_short_circuit_operator.py
[2024-07-11T08:42:15.089+0000] {logging_mixin.py:188} INFO - [2024-07-11T08:42:15.089+0000] {dagbag.py:332} DEBUG - Importing /home/airflow/.local/lib/python3.10/site-packages/airflow/example_dags/example_short_circuit_operator.py
[2024-07-11T08:42:15.094+0000] {logging_mixin.py:188} INFO - [2024-07-11T08:42:15.094+0000] {dagbag.py:506} DEBUG - Loaded DAG <DAG: example_short_circuit_operator>
[2024-07-11T08:42:15.094+0000] {processor.py:840} INFO - DAG(s) 'example_short_circuit_operator' retrieved from /home/airflow/.local/lib/python3.10/site-packages/airflow/example_dags/example_short_circuit_operator.py
[2024-07-11T08:42:15.095+0000] {logging_mixin.py:188} INFO - [2024-07-11T08:42:15.095+0000] {dagbag.py:662} DEBUG - Running dagbag.sync_to_db with retries. Try 1 of 3
[2024-07-11T08:42:15.095+0000] {logging_mixin.py:188} INFO - [2024-07-11T08:42:15.095+0000] {dagbag.py:667} DEBUG - Calling the DAG.bulk_sync_to_db method
[2024-07-11T08:42:15.102+0000] {logging_mixin.py:188} INFO - [2024-07-11T08:42:15.102+0000] {serialized_dag.py:165} DEBUG - Checking if DAG (example_short_circuit_operator) changed
[2024-07-11T08:42:15.110+0000] {logging_mixin.py:188} INFO - [2024-07-11T08:42:15.110+0000] {serialized_dag.py:176} DEBUG - Serialized DAG (example_short_circuit_operator) is unchanged. Skipping writing to DB
[2024-07-11T08:42:15.110+0000] {logging_mixin.py:188} INFO - [2024-07-11T08:42:15.110+0000] {dag.py:3047} INFO - Sync 1 DAGs
[2024-07-11T08:42:15.126+0000] {logging_mixin.py:188} INFO - [2024-07-11T08:42:15.125+0000] {dag.py:3834} INFO - Setting next_dagrun for example_short_circuit_operator to 2024-07-10 00:00:00+00:00, run_after=2024-07-11 00:00:00+00:00
[2024-07-11T08:42:15.138+0000] {processor.py:183} INFO - Processing /home/airflow/.local/lib/python3.10/site-packages/airflow/example_dags/example_short_circuit_operator.py took 0.054 seconds
[2024-07-11T08:42:45.289+0000] {logging_mixin.py:188} INFO - [2024-07-11T08:42:45.289+0000] {settings.py:249} DEBUG - Setting up DB connection pool (PID 231)
[2024-07-11T08:42:45.290+0000] {logging_mixin.py:188} INFO - [2024-07-11T08:42:45.290+0000] {settings.py:350} DEBUG - settings.prepare_engine_args(): Using pool settings. pool_size=5, max_overflow=10, pool_recycle=1800, pid=231
[2024-07-11T08:42:45.291+0000] {processor.py:161} INFO - Started process (PID=231) to work on /home/airflow/.local/lib/python3.10/site-packages/airflow/example_dags/example_short_circuit_operator.py
[2024-07-11T08:42:45.292+0000] {processor.py:830} INFO - Processing file /home/airflow/.local/lib/python3.10/site-packages/airflow/example_dags/example_short_circuit_operator.py for tasks to queue
[2024-07-11T08:42:45.292+0000] {logging_mixin.py:188} INFO - [2024-07-11T08:42:45.292+0000] {dagbag.py:540} INFO - Filling up the DagBag from /home/airflow/.local/lib/python3.10/site-packages/airflow/example_dags/example_short_circuit_operator.py
[2024-07-11T08:42:45.293+0000] {logging_mixin.py:188} INFO - [2024-07-11T08:42:45.293+0000] {dagbag.py:332} DEBUG - Importing /home/airflow/.local/lib/python3.10/site-packages/airflow/example_dags/example_short_circuit_operator.py
[2024-07-11T08:42:45.297+0000] {logging_mixin.py:188} INFO - [2024-07-11T08:42:45.297+0000] {dagbag.py:506} DEBUG - Loaded DAG <DAG: example_short_circuit_operator>
[2024-07-11T08:42:45.298+0000] {processor.py:840} INFO - DAG(s) 'example_short_circuit_operator' retrieved from /home/airflow/.local/lib/python3.10/site-packages/airflow/example_dags/example_short_circuit_operator.py
[2024-07-11T08:42:45.298+0000] {logging_mixin.py:188} INFO - [2024-07-11T08:42:45.298+0000] {dagbag.py:662} DEBUG - Running dagbag.sync_to_db with retries. Try 1 of 3
[2024-07-11T08:42:45.298+0000] {logging_mixin.py:188} INFO - [2024-07-11T08:42:45.298+0000] {dagbag.py:667} DEBUG - Calling the DAG.bulk_sync_to_db method
[2024-07-11T08:42:45.306+0000] {logging_mixin.py:188} INFO - [2024-07-11T08:42:45.305+0000] {serialized_dag.py:165} DEBUG - Checking if DAG (example_short_circuit_operator) changed
[2024-07-11T08:42:45.313+0000] {logging_mixin.py:188} INFO - [2024-07-11T08:42:45.313+0000] {serialized_dag.py:176} DEBUG - Serialized DAG (example_short_circuit_operator) is unchanged. Skipping writing to DB
[2024-07-11T08:42:45.313+0000] {logging_mixin.py:188} INFO - [2024-07-11T08:42:45.313+0000] {dag.py:3047} INFO - Sync 1 DAGs
[2024-07-11T08:42:45.328+0000] {logging_mixin.py:188} INFO - [2024-07-11T08:42:45.328+0000] {dag.py:3834} INFO - Setting next_dagrun for example_short_circuit_operator to 2024-07-10 00:00:00+00:00, run_after=2024-07-11 00:00:00+00:00
[2024-07-11T08:42:45.341+0000] {processor.py:183} INFO - Processing /home/airflow/.local/lib/python3.10/site-packages/airflow/example_dags/example_short_circuit_operator.py took 0.052 seconds
[2024-07-11T08:43:15.568+0000] {logging_mixin.py:188} INFO - [2024-07-11T08:43:15.567+0000] {settings.py:249} DEBUG - Setting up DB connection pool (PID 287)
[2024-07-11T08:43:15.569+0000] {logging_mixin.py:188} INFO - [2024-07-11T08:43:15.569+0000] {settings.py:350} DEBUG - settings.prepare_engine_args(): Using pool settings. pool_size=5, max_overflow=10, pool_recycle=1800, pid=287
[2024-07-11T08:43:15.572+0000] {processor.py:161} INFO - Started process (PID=287) to work on /home/airflow/.local/lib/python3.10/site-packages/airflow/example_dags/example_short_circuit_operator.py
[2024-07-11T08:43:15.572+0000] {processor.py:830} INFO - Processing file /home/airflow/.local/lib/python3.10/site-packages/airflow/example_dags/example_short_circuit_operator.py for tasks to queue
[2024-07-11T08:43:15.572+0000] {logging_mixin.py:188} INFO - [2024-07-11T08:43:15.572+0000] {dagbag.py:540} INFO - Filling up the DagBag from /home/airflow/.local/lib/python3.10/site-packages/airflow/example_dags/example_short_circuit_operator.py
[2024-07-11T08:43:15.574+0000] {logging_mixin.py:188} INFO - [2024-07-11T08:43:15.573+0000] {dagbag.py:332} DEBUG - Importing /home/airflow/.local/lib/python3.10/site-packages/airflow/example_dags/example_short_circuit_operator.py
[2024-07-11T08:43:15.579+0000] {logging_mixin.py:188} INFO - [2024-07-11T08:43:15.578+0000] {dagbag.py:506} DEBUG - Loaded DAG <DAG: example_short_circuit_operator>
[2024-07-11T08:43:15.579+0000] {processor.py:840} INFO - DAG(s) 'example_short_circuit_operator' retrieved from /home/airflow/.local/lib/python3.10/site-packages/airflow/example_dags/example_short_circuit_operator.py
[2024-07-11T08:43:15.580+0000] {logging_mixin.py:188} INFO - [2024-07-11T08:43:15.579+0000] {dagbag.py:662} DEBUG - Running dagbag.sync_to_db with retries. Try 1 of 3
[2024-07-11T08:43:15.580+0000] {logging_mixin.py:188} INFO - [2024-07-11T08:43:15.580+0000] {dagbag.py:667} DEBUG - Calling the DAG.bulk_sync_to_db method
[2024-07-11T08:43:15.589+0000] {logging_mixin.py:188} INFO - [2024-07-11T08:43:15.588+0000] {serialized_dag.py:165} DEBUG - Checking if DAG (example_short_circuit_operator) changed
[2024-07-11T08:43:15.598+0000] {logging_mixin.py:188} INFO - [2024-07-11T08:43:15.598+0000] {serialized_dag.py:176} DEBUG - Serialized DAG (example_short_circuit_operator) is unchanged. Skipping writing to DB
[2024-07-11T08:43:15.599+0000] {logging_mixin.py:188} INFO - [2024-07-11T08:43:15.599+0000] {dag.py:3047} INFO - Sync 1 DAGs
[2024-07-11T08:43:15.617+0000] {logging_mixin.py:188} INFO - [2024-07-11T08:43:15.617+0000] {dag.py:3834} INFO - Setting next_dagrun for example_short_circuit_operator to 2024-07-10 00:00:00+00:00, run_after=2024-07-11 00:00:00+00:00
[2024-07-11T08:43:15.631+0000] {processor.py:183} INFO - Processing /home/airflow/.local/lib/python3.10/site-packages/airflow/example_dags/example_short_circuit_operator.py took 0.064 seconds
[2024-07-11T08:43:45.744+0000] {logging_mixin.py:188} INFO - [2024-07-11T08:43:45.744+0000] {settings.py:249} DEBUG - Setting up DB connection pool (PID 343)
[2024-07-11T08:43:45.745+0000] {logging_mixin.py:188} INFO - [2024-07-11T08:43:45.745+0000] {settings.py:350} DEBUG - settings.prepare_engine_args(): Using pool settings. pool_size=5, max_overflow=10, pool_recycle=1800, pid=343
[2024-07-11T08:43:45.746+0000] {processor.py:161} INFO - Started process (PID=343) to work on /home/airflow/.local/lib/python3.10/site-packages/airflow/example_dags/example_short_circuit_operator.py
[2024-07-11T08:43:45.746+0000] {processor.py:830} INFO - Processing file /home/airflow/.local/lib/python3.10/site-packages/airflow/example_dags/example_short_circuit_operator.py for tasks to queue
[2024-07-11T08:43:45.747+0000] {logging_mixin.py:188} INFO - [2024-07-11T08:43:45.747+0000] {dagbag.py:540} INFO - Filling up the DagBag from /home/airflow/.local/lib/python3.10/site-packages/airflow/example_dags/example_short_circuit_operator.py
[2024-07-11T08:43:45.748+0000] {logging_mixin.py:188} INFO - [2024-07-11T08:43:45.747+0000] {dagbag.py:332} DEBUG - Importing /home/airflow/.local/lib/python3.10/site-packages/airflow/example_dags/example_short_circuit_operator.py
[2024-07-11T08:43:45.752+0000] {logging_mixin.py:188} INFO - [2024-07-11T08:43:45.752+0000] {dagbag.py:506} DEBUG - Loaded DAG <DAG: example_short_circuit_operator>
[2024-07-11T08:43:45.752+0000] {processor.py:840} INFO - DAG(s) 'example_short_circuit_operator' retrieved from /home/airflow/.local/lib/python3.10/site-packages/airflow/example_dags/example_short_circuit_operator.py
[2024-07-11T08:43:45.753+0000] {logging_mixin.py:188} INFO - [2024-07-11T08:43:45.753+0000] {dagbag.py:662} DEBUG - Running dagbag.sync_to_db with retries. Try 1 of 3
[2024-07-11T08:43:45.753+0000] {logging_mixin.py:188} INFO - [2024-07-11T08:43:45.753+0000] {dagbag.py:667} DEBUG - Calling the DAG.bulk_sync_to_db method
[2024-07-11T08:43:45.760+0000] {logging_mixin.py:188} INFO - [2024-07-11T08:43:45.760+0000] {serialized_dag.py:165} DEBUG - Checking if DAG (example_short_circuit_operator) changed
[2024-07-11T08:43:45.768+0000] {logging_mixin.py:188} INFO - [2024-07-11T08:43:45.768+0000] {serialized_dag.py:176} DEBUG - Serialized DAG (example_short_circuit_operator) is unchanged. Skipping writing to DB
[2024-07-11T08:43:45.768+0000] {logging_mixin.py:188} INFO - [2024-07-11T08:43:45.768+0000] {dag.py:3047} INFO - Sync 1 DAGs
[2024-07-11T08:43:45.783+0000] {logging_mixin.py:188} INFO - [2024-07-11T08:43:45.783+0000] {dag.py:3834} INFO - Setting next_dagrun for example_short_circuit_operator to 2024-07-10 00:00:00+00:00, run_after=2024-07-11 00:00:00+00:00
[2024-07-11T08:43:45.795+0000] {processor.py:183} INFO - Processing /home/airflow/.local/lib/python3.10/site-packages/airflow/example_dags/example_short_circuit_operator.py took 0.052 seconds
[2024-07-11T08:44:16.192+0000] {logging_mixin.py:188} INFO - [2024-07-11T08:44:16.191+0000] {settings.py:249} DEBUG - Setting up DB connection pool (PID 399)
[2024-07-11T08:44:16.192+0000] {logging_mixin.py:188} INFO - [2024-07-11T08:44:16.192+0000] {settings.py:350} DEBUG - settings.prepare_engine_args(): Using pool settings. pool_size=5, max_overflow=10, pool_recycle=1800, pid=399
[2024-07-11T08:44:16.195+0000] {processor.py:161} INFO - Started process (PID=399) to work on /home/airflow/.local/lib/python3.10/site-packages/airflow/example_dags/example_short_circuit_operator.py
[2024-07-11T08:44:16.195+0000] {processor.py:830} INFO - Processing file /home/airflow/.local/lib/python3.10/site-packages/airflow/example_dags/example_short_circuit_operator.py for tasks to queue
[2024-07-11T08:44:16.196+0000] {logging_mixin.py:188} INFO - [2024-07-11T08:44:16.196+0000] {dagbag.py:540} INFO - Filling up the DagBag from /home/airflow/.local/lib/python3.10/site-packages/airflow/example_dags/example_short_circuit_operator.py
[2024-07-11T08:44:16.197+0000] {logging_mixin.py:188} INFO - [2024-07-11T08:44:16.197+0000] {dagbag.py:332} DEBUG - Importing /home/airflow/.local/lib/python3.10/site-packages/airflow/example_dags/example_short_circuit_operator.py
[2024-07-11T08:44:16.203+0000] {logging_mixin.py:188} INFO - [2024-07-11T08:44:16.202+0000] {dagbag.py:506} DEBUG - Loaded DAG <DAG: example_short_circuit_operator>
[2024-07-11T08:44:16.203+0000] {processor.py:840} INFO - DAG(s) 'example_short_circuit_operator' retrieved from /home/airflow/.local/lib/python3.10/site-packages/airflow/example_dags/example_short_circuit_operator.py
[2024-07-11T08:44:16.203+0000] {logging_mixin.py:188} INFO - [2024-07-11T08:44:16.203+0000] {dagbag.py:662} DEBUG - Running dagbag.sync_to_db with retries. Try 1 of 3
[2024-07-11T08:44:16.204+0000] {logging_mixin.py:188} INFO - [2024-07-11T08:44:16.204+0000] {dagbag.py:667} DEBUG - Calling the DAG.bulk_sync_to_db method
[2024-07-11T08:44:16.213+0000] {logging_mixin.py:188} INFO - [2024-07-11T08:44:16.213+0000] {serialized_dag.py:165} DEBUG - Checking if DAG (example_short_circuit_operator) changed
[2024-07-11T08:44:16.222+0000] {logging_mixin.py:188} INFO - [2024-07-11T08:44:16.222+0000] {serialized_dag.py:176} DEBUG - Serialized DAG (example_short_circuit_operator) is unchanged. Skipping writing to DB
[2024-07-11T08:44:16.222+0000] {logging_mixin.py:188} INFO - [2024-07-11T08:44:16.222+0000] {dag.py:3047} INFO - Sync 1 DAGs
[2024-07-11T08:44:16.241+0000] {logging_mixin.py:188} INFO - [2024-07-11T08:44:16.241+0000] {dag.py:3834} INFO - Setting next_dagrun for example_short_circuit_operator to 2024-07-10 00:00:00+00:00, run_after=2024-07-11 00:00:00+00:00
[2024-07-11T08:44:16.256+0000] {processor.py:183} INFO - Processing /home/airflow/.local/lib/python3.10/site-packages/airflow/example_dags/example_short_circuit_operator.py took 0.065 seconds
[2024-07-11T08:44:46.544+0000] {logging_mixin.py:188} INFO - [2024-07-11T08:44:46.544+0000] {settings.py:249} DEBUG - Setting up DB connection pool (PID 455)
[2024-07-11T08:44:46.545+0000] {logging_mixin.py:188} INFO - [2024-07-11T08:44:46.545+0000] {settings.py:350} DEBUG - settings.prepare_engine_args(): Using pool settings. pool_size=5, max_overflow=10, pool_recycle=1800, pid=455
[2024-07-11T08:44:46.547+0000] {processor.py:161} INFO - Started process (PID=455) to work on /home/airflow/.local/lib/python3.10/site-packages/airflow/example_dags/example_short_circuit_operator.py
[2024-07-11T08:44:46.547+0000] {processor.py:830} INFO - Processing file /home/airflow/.local/lib/python3.10/site-packages/airflow/example_dags/example_short_circuit_operator.py for tasks to queue
[2024-07-11T08:44:46.547+0000] {logging_mixin.py:188} INFO - [2024-07-11T08:44:46.547+0000] {dagbag.py:540} INFO - Filling up the DagBag from /home/airflow/.local/lib/python3.10/site-packages/airflow/example_dags/example_short_circuit_operator.py
[2024-07-11T08:44:46.548+0000] {logging_mixin.py:188} INFO - [2024-07-11T08:44:46.548+0000] {dagbag.py:332} DEBUG - Importing /home/airflow/.local/lib/python3.10/site-packages/airflow/example_dags/example_short_circuit_operator.py
[2024-07-11T08:44:46.556+0000] {logging_mixin.py:188} INFO - [2024-07-11T08:44:46.555+0000] {dagbag.py:506} DEBUG - Loaded DAG <DAG: example_short_circuit_operator>
[2024-07-11T08:44:46.557+0000] {processor.py:840} INFO - DAG(s) 'example_short_circuit_operator' retrieved from /home/airflow/.local/lib/python3.10/site-packages/airflow/example_dags/example_short_circuit_operator.py
[2024-07-11T08:44:46.557+0000] {logging_mixin.py:188} INFO - [2024-07-11T08:44:46.557+0000] {dagbag.py:662} DEBUG - Running dagbag.sync_to_db with retries. Try 1 of 3
[2024-07-11T08:44:46.557+0000] {logging_mixin.py:188} INFO - [2024-07-11T08:44:46.557+0000] {dagbag.py:667} DEBUG - Calling the DAG.bulk_sync_to_db method
[2024-07-11T08:44:46.565+0000] {logging_mixin.py:188} INFO - [2024-07-11T08:44:46.565+0000] {serialized_dag.py:165} DEBUG - Checking if DAG (example_short_circuit_operator) changed
[2024-07-11T08:44:46.575+0000] {logging_mixin.py:188} INFO - [2024-07-11T08:44:46.575+0000] {serialized_dag.py:176} DEBUG - Serialized DAG (example_short_circuit_operator) is unchanged. Skipping writing to DB
[2024-07-11T08:44:46.575+0000] {logging_mixin.py:188} INFO - [2024-07-11T08:44:46.575+0000] {dag.py:3047} INFO - Sync 1 DAGs
[2024-07-11T08:44:46.595+0000] {logging_mixin.py:188} INFO - [2024-07-11T08:44:46.594+0000] {dag.py:3834} INFO - Setting next_dagrun for example_short_circuit_operator to 2024-07-10 00:00:00+00:00, run_after=2024-07-11 00:00:00+00:00
[2024-07-11T08:44:46.608+0000] {processor.py:183} INFO - Processing /home/airflow/.local/lib/python3.10/site-packages/airflow/example_dags/example_short_circuit_operator.py took 0.065 seconds
