[2024-07-11T08:36:58.296+0000] {logging_mixin.py:188} INFO - [2024-07-11T08:36:58.295+0000] {settings.py:249} DEBUG - Setting up DB connection pool (PID 46)
[2024-07-11T08:36:58.297+0000] {logging_mixin.py:188} INFO - [2024-07-11T08:36:58.297+0000] {settings.py:350} DEBUG - settings.prepare_engine_args(): Using pool settings. pool_size=5, max_overflow=10, pool_recycle=1800, pid=46
[2024-07-11T08:36:58.300+0000] {processor.py:161} INFO - Started process (PID=46) to work on /home/airflow/.local/lib/python3.10/site-packages/airflow/example_dags/example_branch_operator.py
[2024-07-11T08:36:58.301+0000] {processor.py:830} INFO - Processing file /home/airflow/.local/lib/python3.10/site-packages/airflow/example_dags/example_branch_operator.py for tasks to queue
[2024-07-11T08:36:58.302+0000] {logging_mixin.py:188} INFO - [2024-07-11T08:36:58.302+0000] {dagbag.py:540} INFO - Filling up the DagBag from /home/airflow/.local/lib/python3.10/site-packages/airflow/example_dags/example_branch_operator.py
[2024-07-11T08:36:58.304+0000] {logging_mixin.py:188} INFO - [2024-07-11T08:36:58.303+0000] {dagbag.py:332} DEBUG - Importing /home/airflow/.local/lib/python3.10/site-packages/airflow/example_dags/example_branch_operator.py
[2024-07-11T08:36:58.309+0000] {logging_mixin.py:188} INFO - [2024-07-11T08:36:58.309+0000] {GetText.py:65} DEBUG - /home/airflow/.local/lib/python3.10/site-packages/cron_descriptor/locale/en_US.mo Loaded
[2024-07-11T08:36:58.329+0000] {logging_mixin.py:188} INFO - [2024-07-11T08:36:58.328+0000] {GetText.py:65} DEBUG - /home/airflow/.local/lib/python3.10/site-packages/cron_descriptor/locale/en_US.mo Loaded
[2024-07-11T08:36:58.343+0000] {logging_mixin.py:188} INFO - [2024-07-11T08:36:58.342+0000] {dagbag.py:506} DEBUG - Loaded DAG <DAG: example_branch_operator>
[2024-07-11T08:36:58.343+0000] {processor.py:840} INFO - DAG(s) 'example_branch_operator' retrieved from /home/airflow/.local/lib/python3.10/site-packages/airflow/example_dags/example_branch_operator.py
[2024-07-11T08:36:58.345+0000] {logging_mixin.py:188} INFO - [2024-07-11T08:36:58.344+0000] {dagbag.py:662} DEBUG - Running dagbag.sync_to_db with retries. Try 1 of 3
[2024-07-11T08:36:58.345+0000] {logging_mixin.py:188} INFO - [2024-07-11T08:36:58.345+0000] {dagbag.py:667} DEBUG - Calling the DAG.bulk_sync_to_db method
[2024-07-11T08:36:58.356+0000] {logging_mixin.py:188} INFO - [2024-07-11T08:36:58.356+0000] {dag.py:3047} INFO - Sync 1 DAGs
[2024-07-11T08:36:58.388+0000] {logging_mixin.py:188} INFO - [2024-07-11T08:36:58.387+0000] {dag.py:3834} INFO - Setting next_dagrun for example_branch_operator to 2024-07-10 00:00:00+00:00, run_after=2024-07-11 00:00:00+00:00
[2024-07-11T08:36:58.411+0000] {processor.py:183} INFO - Processing /home/airflow/.local/lib/python3.10/site-packages/airflow/example_dags/example_branch_operator.py took 0.116 seconds
[2024-07-11T08:37:28.532+0000] {logging_mixin.py:188} INFO - [2024-07-11T08:37:28.532+0000] {settings.py:249} DEBUG - Setting up DB connection pool (PID 102)
[2024-07-11T08:37:28.533+0000] {logging_mixin.py:188} INFO - [2024-07-11T08:37:28.533+0000] {settings.py:350} DEBUG - settings.prepare_engine_args(): Using pool settings. pool_size=5, max_overflow=10, pool_recycle=1800, pid=102
[2024-07-11T08:37:28.535+0000] {processor.py:161} INFO - Started process (PID=102) to work on /home/airflow/.local/lib/python3.10/site-packages/airflow/example_dags/example_branch_operator.py
[2024-07-11T08:37:28.535+0000] {processor.py:830} INFO - Processing file /home/airflow/.local/lib/python3.10/site-packages/airflow/example_dags/example_branch_operator.py for tasks to queue
[2024-07-11T08:37:28.535+0000] {logging_mixin.py:188} INFO - [2024-07-11T08:37:28.535+0000] {dagbag.py:540} INFO - Filling up the DagBag from /home/airflow/.local/lib/python3.10/site-packages/airflow/example_dags/example_branch_operator.py
[2024-07-11T08:37:28.536+0000] {logging_mixin.py:188} INFO - [2024-07-11T08:37:28.536+0000] {dagbag.py:332} DEBUG - Importing /home/airflow/.local/lib/python3.10/site-packages/airflow/example_dags/example_branch_operator.py
[2024-07-11T08:37:28.538+0000] {logging_mixin.py:188} INFO - [2024-07-11T08:37:28.538+0000] {GetText.py:65} DEBUG - /home/airflow/.local/lib/python3.10/site-packages/cron_descriptor/locale/en_US.mo Loaded
[2024-07-11T08:37:28.545+0000] {logging_mixin.py:188} INFO - [2024-07-11T08:37:28.545+0000] {GetText.py:65} DEBUG - /home/airflow/.local/lib/python3.10/site-packages/cron_descriptor/locale/en_US.mo Loaded
[2024-07-11T08:37:28.548+0000] {logging_mixin.py:188} INFO - [2024-07-11T08:37:28.548+0000] {dagbag.py:506} DEBUG - Loaded DAG <DAG: example_branch_operator>
[2024-07-11T08:37:28.548+0000] {processor.py:840} INFO - DAG(s) 'example_branch_operator' retrieved from /home/airflow/.local/lib/python3.10/site-packages/airflow/example_dags/example_branch_operator.py
[2024-07-11T08:37:28.549+0000] {logging_mixin.py:188} INFO - [2024-07-11T08:37:28.549+0000] {dagbag.py:662} DEBUG - Running dagbag.sync_to_db with retries. Try 1 of 3
[2024-07-11T08:37:28.549+0000] {logging_mixin.py:188} INFO - [2024-07-11T08:37:28.549+0000] {dagbag.py:667} DEBUG - Calling the DAG.bulk_sync_to_db method
[2024-07-11T08:37:28.557+0000] {logging_mixin.py:188} INFO - [2024-07-11T08:37:28.557+0000] {serialized_dag.py:165} DEBUG - Checking if DAG (example_branch_operator) changed
[2024-07-11T08:37:28.567+0000] {logging_mixin.py:188} INFO - [2024-07-11T08:37:28.567+0000] {serialized_dag.py:179} DEBUG - Writing Serialized DAG: example_branch_operator to the DB
[2024-07-11T08:37:28.570+0000] {logging_mixin.py:188} INFO - [2024-07-11T08:37:28.569+0000] {serialized_dag.py:181} DEBUG - DAG: example_branch_operator written to the DB
[2024-07-11T08:37:28.570+0000] {logging_mixin.py:188} INFO - [2024-07-11T08:37:28.570+0000] {dagbag.py:696} DEBUG - Syncing DAG permissions: example_branch_operator to the DB
[2024-07-11T08:37:28.628+0000] {logging_mixin.py:188} INFO - [2024-07-11T08:37:28.627+0000] {override.py:1034} DEBUG - Not syncing DAG-level permissions for DAG 'DAG:example_branch_operator' as access control is unset.
[2024-07-11T08:37:28.628+0000] {logging_mixin.py:188} INFO - [2024-07-11T08:37:28.628+0000] {dag.py:3047} INFO - Sync 1 DAGs
[2024-07-11T08:37:28.643+0000] {logging_mixin.py:188} INFO - [2024-07-11T08:37:28.643+0000] {dag.py:3834} INFO - Setting next_dagrun for example_branch_operator to 2024-07-10 00:00:00+00:00, run_after=2024-07-11 00:00:00+00:00
[2024-07-11T08:37:28.669+0000] {processor.py:183} INFO - Processing /home/airflow/.local/lib/python3.10/site-packages/airflow/example_dags/example_branch_operator.py took 0.137 seconds
[2024-07-11T08:37:59.632+0000] {logging_mixin.py:188} INFO - [2024-07-11T08:37:59.631+0000] {settings.py:249} DEBUG - Setting up DB connection pool (PID 158)
[2024-07-11T08:37:59.644+0000] {logging_mixin.py:188} INFO - [2024-07-11T08:37:59.644+0000] {settings.py:350} DEBUG - settings.prepare_engine_args(): Using pool settings. pool_size=5, max_overflow=10, pool_recycle=1800, pid=158
[2024-07-11T08:37:59.647+0000] {processor.py:161} INFO - Started process (PID=158) to work on /home/airflow/.local/lib/python3.10/site-packages/airflow/example_dags/example_branch_operator.py
[2024-07-11T08:37:59.647+0000] {processor.py:830} INFO - Processing file /home/airflow/.local/lib/python3.10/site-packages/airflow/example_dags/example_branch_operator.py for tasks to queue
[2024-07-11T08:37:59.648+0000] {logging_mixin.py:188} INFO - [2024-07-11T08:37:59.648+0000] {dagbag.py:540} INFO - Filling up the DagBag from /home/airflow/.local/lib/python3.10/site-packages/airflow/example_dags/example_branch_operator.py
[2024-07-11T08:37:59.649+0000] {logging_mixin.py:188} INFO - [2024-07-11T08:37:59.649+0000] {dagbag.py:332} DEBUG - Importing /home/airflow/.local/lib/python3.10/site-packages/airflow/example_dags/example_branch_operator.py
[2024-07-11T08:37:59.651+0000] {logging_mixin.py:188} INFO - [2024-07-11T08:37:59.651+0000] {GetText.py:65} DEBUG - /home/airflow/.local/lib/python3.10/site-packages/cron_descriptor/locale/en_US.mo Loaded
[2024-07-11T08:37:59.660+0000] {logging_mixin.py:188} INFO - [2024-07-11T08:37:59.660+0000] {GetText.py:65} DEBUG - /home/airflow/.local/lib/python3.10/site-packages/cron_descriptor/locale/en_US.mo Loaded
[2024-07-11T08:37:59.664+0000] {logging_mixin.py:188} INFO - [2024-07-11T08:37:59.664+0000] {dagbag.py:506} DEBUG - Loaded DAG <DAG: example_branch_operator>
[2024-07-11T08:37:59.665+0000] {processor.py:840} INFO - DAG(s) 'example_branch_operator' retrieved from /home/airflow/.local/lib/python3.10/site-packages/airflow/example_dags/example_branch_operator.py
[2024-07-11T08:37:59.665+0000] {logging_mixin.py:188} INFO - [2024-07-11T08:37:59.665+0000] {dagbag.py:662} DEBUG - Running dagbag.sync_to_db with retries. Try 1 of 3
[2024-07-11T08:37:59.666+0000] {logging_mixin.py:188} INFO - [2024-07-11T08:37:59.666+0000] {dagbag.py:667} DEBUG - Calling the DAG.bulk_sync_to_db method
[2024-07-11T08:37:59.674+0000] {logging_mixin.py:188} INFO - [2024-07-11T08:37:59.674+0000] {serialized_dag.py:165} DEBUG - Checking if DAG (example_branch_operator) changed
[2024-07-11T08:37:59.685+0000] {logging_mixin.py:188} INFO - [2024-07-11T08:37:59.685+0000] {serialized_dag.py:176} DEBUG - Serialized DAG (example_branch_operator) is unchanged. Skipping writing to DB
[2024-07-11T08:37:59.685+0000] {logging_mixin.py:188} INFO - [2024-07-11T08:37:59.685+0000] {dag.py:3047} INFO - Sync 1 DAGs
[2024-07-11T08:37:59.702+0000] {logging_mixin.py:188} INFO - [2024-07-11T08:37:59.701+0000] {dag.py:3834} INFO - Setting next_dagrun for example_branch_operator to 2024-07-10 00:00:00+00:00, run_after=2024-07-11 00:00:00+00:00
[2024-07-11T08:37:59.715+0000] {processor.py:183} INFO - Processing /home/airflow/.local/lib/python3.10/site-packages/airflow/example_dags/example_branch_operator.py took 0.084 seconds
[2024-07-11T08:38:29.754+0000] {logging_mixin.py:188} INFO - [2024-07-11T08:38:29.752+0000] {settings.py:249} DEBUG - Setting up DB connection pool (PID 214)
[2024-07-11T08:38:29.757+0000] {logging_mixin.py:188} INFO - [2024-07-11T08:38:29.756+0000] {settings.py:350} DEBUG - settings.prepare_engine_args(): Using pool settings. pool_size=5, max_overflow=10, pool_recycle=1800, pid=214
[2024-07-11T08:38:29.761+0000] {processor.py:161} INFO - Started process (PID=214) to work on /home/airflow/.local/lib/python3.10/site-packages/airflow/example_dags/example_branch_operator.py
[2024-07-11T08:38:29.762+0000] {processor.py:830} INFO - Processing file /home/airflow/.local/lib/python3.10/site-packages/airflow/example_dags/example_branch_operator.py for tasks to queue
[2024-07-11T08:38:29.764+0000] {logging_mixin.py:188} INFO - [2024-07-11T08:38:29.763+0000] {dagbag.py:540} INFO - Filling up the DagBag from /home/airflow/.local/lib/python3.10/site-packages/airflow/example_dags/example_branch_operator.py
[2024-07-11T08:38:29.765+0000] {logging_mixin.py:188} INFO - [2024-07-11T08:38:29.765+0000] {dagbag.py:332} DEBUG - Importing /home/airflow/.local/lib/python3.10/site-packages/airflow/example_dags/example_branch_operator.py
[2024-07-11T08:38:29.768+0000] {logging_mixin.py:188} INFO - [2024-07-11T08:38:29.768+0000] {GetText.py:65} DEBUG - /home/airflow/.local/lib/python3.10/site-packages/cron_descriptor/locale/en_US.mo Loaded
[2024-07-11T08:38:29.782+0000] {logging_mixin.py:188} INFO - [2024-07-11T08:38:29.782+0000] {GetText.py:65} DEBUG - /home/airflow/.local/lib/python3.10/site-packages/cron_descriptor/locale/en_US.mo Loaded
[2024-07-11T08:38:29.787+0000] {logging_mixin.py:188} INFO - [2024-07-11T08:38:29.786+0000] {dagbag.py:506} DEBUG - Loaded DAG <DAG: example_branch_operator>
[2024-07-11T08:38:29.787+0000] {processor.py:840} INFO - DAG(s) 'example_branch_operator' retrieved from /home/airflow/.local/lib/python3.10/site-packages/airflow/example_dags/example_branch_operator.py
[2024-07-11T08:38:29.788+0000] {logging_mixin.py:188} INFO - [2024-07-11T08:38:29.787+0000] {dagbag.py:662} DEBUG - Running dagbag.sync_to_db with retries. Try 1 of 3
[2024-07-11T08:38:29.788+0000] {logging_mixin.py:188} INFO - [2024-07-11T08:38:29.788+0000] {dagbag.py:667} DEBUG - Calling the DAG.bulk_sync_to_db method
[2024-07-11T08:38:29.795+0000] {logging_mixin.py:188} INFO - [2024-07-11T08:38:29.795+0000] {serialized_dag.py:165} DEBUG - Checking if DAG (example_branch_operator) changed
[2024-07-11T08:38:29.808+0000] {logging_mixin.py:188} INFO - [2024-07-11T08:38:29.808+0000] {serialized_dag.py:176} DEBUG - Serialized DAG (example_branch_operator) is unchanged. Skipping writing to DB
[2024-07-11T08:38:29.808+0000] {logging_mixin.py:188} INFO - [2024-07-11T08:38:29.808+0000] {dag.py:3047} INFO - Sync 1 DAGs
[2024-07-11T08:38:29.826+0000] {logging_mixin.py:188} INFO - [2024-07-11T08:38:29.826+0000] {dag.py:3834} INFO - Setting next_dagrun for example_branch_operator to 2024-07-10 00:00:00+00:00, run_after=2024-07-11 00:00:00+00:00
[2024-07-11T08:38:29.841+0000] {processor.py:183} INFO - Processing /home/airflow/.local/lib/python3.10/site-packages/airflow/example_dags/example_branch_operator.py took 0.089 seconds
[2024-07-11T08:38:59.987+0000] {logging_mixin.py:188} INFO - [2024-07-11T08:38:59.986+0000] {settings.py:249} DEBUG - Setting up DB connection pool (PID 270)
[2024-07-11T08:38:59.998+0000] {logging_mixin.py:188} INFO - [2024-07-11T08:38:59.998+0000] {settings.py:350} DEBUG - settings.prepare_engine_args(): Using pool settings. pool_size=5, max_overflow=10, pool_recycle=1800, pid=270
[2024-07-11T08:39:00.001+0000] {processor.py:161} INFO - Started process (PID=270) to work on /home/airflow/.local/lib/python3.10/site-packages/airflow/example_dags/example_branch_operator.py
[2024-07-11T08:39:00.001+0000] {processor.py:830} INFO - Processing file /home/airflow/.local/lib/python3.10/site-packages/airflow/example_dags/example_branch_operator.py for tasks to queue
[2024-07-11T08:39:00.002+0000] {logging_mixin.py:188} INFO - [2024-07-11T08:39:00.002+0000] {dagbag.py:540} INFO - Filling up the DagBag from /home/airflow/.local/lib/python3.10/site-packages/airflow/example_dags/example_branch_operator.py
[2024-07-11T08:39:00.003+0000] {logging_mixin.py:188} INFO - [2024-07-11T08:39:00.003+0000] {dagbag.py:332} DEBUG - Importing /home/airflow/.local/lib/python3.10/site-packages/airflow/example_dags/example_branch_operator.py
[2024-07-11T08:39:00.005+0000] {logging_mixin.py:188} INFO - [2024-07-11T08:39:00.005+0000] {GetText.py:65} DEBUG - /home/airflow/.local/lib/python3.10/site-packages/cron_descriptor/locale/en_US.mo Loaded
[2024-07-11T08:39:00.012+0000] {logging_mixin.py:188} INFO - [2024-07-11T08:39:00.012+0000] {GetText.py:65} DEBUG - /home/airflow/.local/lib/python3.10/site-packages/cron_descriptor/locale/en_US.mo Loaded
[2024-07-11T08:39:00.016+0000] {logging_mixin.py:188} INFO - [2024-07-11T08:39:00.015+0000] {dagbag.py:506} DEBUG - Loaded DAG <DAG: example_branch_operator>
[2024-07-11T08:39:00.016+0000] {processor.py:840} INFO - DAG(s) 'example_branch_operator' retrieved from /home/airflow/.local/lib/python3.10/site-packages/airflow/example_dags/example_branch_operator.py
[2024-07-11T08:39:00.017+0000] {logging_mixin.py:188} INFO - [2024-07-11T08:39:00.016+0000] {dagbag.py:662} DEBUG - Running dagbag.sync_to_db with retries. Try 1 of 3
[2024-07-11T08:39:00.017+0000] {logging_mixin.py:188} INFO - [2024-07-11T08:39:00.017+0000] {dagbag.py:667} DEBUG - Calling the DAG.bulk_sync_to_db method
[2024-07-11T08:39:00.027+0000] {logging_mixin.py:188} INFO - [2024-07-11T08:39:00.027+0000] {serialized_dag.py:165} DEBUG - Checking if DAG (example_branch_operator) changed
[2024-07-11T08:39:00.041+0000] {logging_mixin.py:188} INFO - [2024-07-11T08:39:00.040+0000] {serialized_dag.py:176} DEBUG - Serialized DAG (example_branch_operator) is unchanged. Skipping writing to DB
[2024-07-11T08:39:00.041+0000] {logging_mixin.py:188} INFO - [2024-07-11T08:39:00.041+0000] {dag.py:3047} INFO - Sync 1 DAGs
[2024-07-11T08:39:00.061+0000] {logging_mixin.py:188} INFO - [2024-07-11T08:39:00.061+0000] {dag.py:3834} INFO - Setting next_dagrun for example_branch_operator to 2024-07-10 00:00:00+00:00, run_after=2024-07-11 00:00:00+00:00
[2024-07-11T08:39:00.082+0000] {processor.py:183} INFO - Processing /home/airflow/.local/lib/python3.10/site-packages/airflow/example_dags/example_branch_operator.py took 0.096 seconds
[2024-07-11T08:39:30.293+0000] {logging_mixin.py:188} INFO - [2024-07-11T08:39:30.292+0000] {settings.py:249} DEBUG - Setting up DB connection pool (PID 326)
[2024-07-11T08:39:30.304+0000] {logging_mixin.py:188} INFO - [2024-07-11T08:39:30.304+0000] {settings.py:350} DEBUG - settings.prepare_engine_args(): Using pool settings. pool_size=5, max_overflow=10, pool_recycle=1800, pid=326
[2024-07-11T08:39:30.306+0000] {processor.py:161} INFO - Started process (PID=326) to work on /home/airflow/.local/lib/python3.10/site-packages/airflow/example_dags/example_branch_operator.py
[2024-07-11T08:39:30.306+0000] {processor.py:830} INFO - Processing file /home/airflow/.local/lib/python3.10/site-packages/airflow/example_dags/example_branch_operator.py for tasks to queue
[2024-07-11T08:39:30.307+0000] {logging_mixin.py:188} INFO - [2024-07-11T08:39:30.307+0000] {dagbag.py:540} INFO - Filling up the DagBag from /home/airflow/.local/lib/python3.10/site-packages/airflow/example_dags/example_branch_operator.py
[2024-07-11T08:39:30.308+0000] {logging_mixin.py:188} INFO - [2024-07-11T08:39:30.308+0000] {dagbag.py:332} DEBUG - Importing /home/airflow/.local/lib/python3.10/site-packages/airflow/example_dags/example_branch_operator.py
[2024-07-11T08:39:30.310+0000] {logging_mixin.py:188} INFO - [2024-07-11T08:39:30.310+0000] {GetText.py:65} DEBUG - /home/airflow/.local/lib/python3.10/site-packages/cron_descriptor/locale/en_US.mo Loaded
[2024-07-11T08:39:30.317+0000] {logging_mixin.py:188} INFO - [2024-07-11T08:39:30.317+0000] {GetText.py:65} DEBUG - /home/airflow/.local/lib/python3.10/site-packages/cron_descriptor/locale/en_US.mo Loaded
[2024-07-11T08:39:30.321+0000] {logging_mixin.py:188} INFO - [2024-07-11T08:39:30.320+0000] {dagbag.py:506} DEBUG - Loaded DAG <DAG: example_branch_operator>
[2024-07-11T08:39:30.321+0000] {processor.py:840} INFO - DAG(s) 'example_branch_operator' retrieved from /home/airflow/.local/lib/python3.10/site-packages/airflow/example_dags/example_branch_operator.py
[2024-07-11T08:39:30.322+0000] {logging_mixin.py:188} INFO - [2024-07-11T08:39:30.322+0000] {dagbag.py:662} DEBUG - Running dagbag.sync_to_db with retries. Try 1 of 3
[2024-07-11T08:39:30.322+0000] {logging_mixin.py:188} INFO - [2024-07-11T08:39:30.322+0000] {dagbag.py:667} DEBUG - Calling the DAG.bulk_sync_to_db method
[2024-07-11T08:39:30.331+0000] {logging_mixin.py:188} INFO - [2024-07-11T08:39:30.330+0000] {serialized_dag.py:165} DEBUG - Checking if DAG (example_branch_operator) changed
[2024-07-11T08:39:30.343+0000] {logging_mixin.py:188} INFO - [2024-07-11T08:39:30.342+0000] {serialized_dag.py:176} DEBUG - Serialized DAG (example_branch_operator) is unchanged. Skipping writing to DB
[2024-07-11T08:39:30.343+0000] {logging_mixin.py:188} INFO - [2024-07-11T08:39:30.343+0000] {dag.py:3047} INFO - Sync 1 DAGs
[2024-07-11T08:39:30.361+0000] {logging_mixin.py:188} INFO - [2024-07-11T08:39:30.361+0000] {dag.py:3834} INFO - Setting next_dagrun for example_branch_operator to 2024-07-10 00:00:00+00:00, run_after=2024-07-11 00:00:00+00:00
[2024-07-11T08:39:30.375+0000] {processor.py:183} INFO - Processing /home/airflow/.local/lib/python3.10/site-packages/airflow/example_dags/example_branch_operator.py took 0.083 seconds
[2024-07-11T08:40:00.600+0000] {logging_mixin.py:188} INFO - [2024-07-11T08:40:00.599+0000] {settings.py:249} DEBUG - Setting up DB connection pool (PID 382)
[2024-07-11T08:40:00.612+0000] {logging_mixin.py:188} INFO - [2024-07-11T08:40:00.612+0000] {settings.py:350} DEBUG - settings.prepare_engine_args(): Using pool settings. pool_size=5, max_overflow=10, pool_recycle=1800, pid=382
[2024-07-11T08:40:00.615+0000] {processor.py:161} INFO - Started process (PID=382) to work on /home/airflow/.local/lib/python3.10/site-packages/airflow/example_dags/example_branch_operator.py
[2024-07-11T08:40:00.615+0000] {processor.py:830} INFO - Processing file /home/airflow/.local/lib/python3.10/site-packages/airflow/example_dags/example_branch_operator.py for tasks to queue
[2024-07-11T08:40:00.616+0000] {logging_mixin.py:188} INFO - [2024-07-11T08:40:00.616+0000] {dagbag.py:540} INFO - Filling up the DagBag from /home/airflow/.local/lib/python3.10/site-packages/airflow/example_dags/example_branch_operator.py
[2024-07-11T08:40:00.617+0000] {logging_mixin.py:188} INFO - [2024-07-11T08:40:00.617+0000] {dagbag.py:332} DEBUG - Importing /home/airflow/.local/lib/python3.10/site-packages/airflow/example_dags/example_branch_operator.py
[2024-07-11T08:40:00.619+0000] {logging_mixin.py:188} INFO - [2024-07-11T08:40:00.619+0000] {GetText.py:65} DEBUG - /home/airflow/.local/lib/python3.10/site-packages/cron_descriptor/locale/en_US.mo Loaded
[2024-07-11T08:40:00.627+0000] {logging_mixin.py:188} INFO - [2024-07-11T08:40:00.627+0000] {GetText.py:65} DEBUG - /home/airflow/.local/lib/python3.10/site-packages/cron_descriptor/locale/en_US.mo Loaded
[2024-07-11T08:40:00.631+0000] {logging_mixin.py:188} INFO - [2024-07-11T08:40:00.630+0000] {dagbag.py:506} DEBUG - Loaded DAG <DAG: example_branch_operator>
[2024-07-11T08:40:00.631+0000] {processor.py:840} INFO - DAG(s) 'example_branch_operator' retrieved from /home/airflow/.local/lib/python3.10/site-packages/airflow/example_dags/example_branch_operator.py
[2024-07-11T08:40:00.632+0000] {logging_mixin.py:188} INFO - [2024-07-11T08:40:00.632+0000] {dagbag.py:662} DEBUG - Running dagbag.sync_to_db with retries. Try 1 of 3
[2024-07-11T08:40:00.632+0000] {logging_mixin.py:188} INFO - [2024-07-11T08:40:00.632+0000] {dagbag.py:667} DEBUG - Calling the DAG.bulk_sync_to_db method
[2024-07-11T08:40:00.641+0000] {logging_mixin.py:188} INFO - [2024-07-11T08:40:00.641+0000] {serialized_dag.py:165} DEBUG - Checking if DAG (example_branch_operator) changed
[2024-07-11T08:40:00.654+0000] {logging_mixin.py:188} INFO - [2024-07-11T08:40:00.654+0000] {serialized_dag.py:176} DEBUG - Serialized DAG (example_branch_operator) is unchanged. Skipping writing to DB
[2024-07-11T08:40:00.654+0000] {logging_mixin.py:188} INFO - [2024-07-11T08:40:00.654+0000] {dag.py:3047} INFO - Sync 1 DAGs
[2024-07-11T08:40:00.672+0000] {logging_mixin.py:188} INFO - [2024-07-11T08:40:00.671+0000] {dag.py:3834} INFO - Setting next_dagrun for example_branch_operator to 2024-07-10 00:00:00+00:00, run_after=2024-07-11 00:00:00+00:00
[2024-07-11T08:40:00.685+0000] {processor.py:183} INFO - Processing /home/airflow/.local/lib/python3.10/site-packages/airflow/example_dags/example_branch_operator.py took 0.086 seconds
[2024-07-11T08:41:12.482+0000] {logging_mixin.py:188} INFO - [2024-07-11T08:41:12.481+0000] {settings.py:249} DEBUG - Setting up DB connection pool (PID 46)
[2024-07-11T08:41:12.483+0000] {logging_mixin.py:188} INFO - [2024-07-11T08:41:12.483+0000] {settings.py:350} DEBUG - settings.prepare_engine_args(): Using pool settings. pool_size=5, max_overflow=10, pool_recycle=1800, pid=46
[2024-07-11T08:41:12.485+0000] {processor.py:161} INFO - Started process (PID=46) to work on /home/airflow/.local/lib/python3.10/site-packages/airflow/example_dags/example_branch_operator.py
[2024-07-11T08:41:12.485+0000] {processor.py:830} INFO - Processing file /home/airflow/.local/lib/python3.10/site-packages/airflow/example_dags/example_branch_operator.py for tasks to queue
[2024-07-11T08:41:12.486+0000] {logging_mixin.py:188} INFO - [2024-07-11T08:41:12.486+0000] {dagbag.py:540} INFO - Filling up the DagBag from /home/airflow/.local/lib/python3.10/site-packages/airflow/example_dags/example_branch_operator.py
[2024-07-11T08:41:12.487+0000] {logging_mixin.py:188} INFO - [2024-07-11T08:41:12.487+0000] {dagbag.py:332} DEBUG - Importing /home/airflow/.local/lib/python3.10/site-packages/airflow/example_dags/example_branch_operator.py
[2024-07-11T08:41:12.490+0000] {logging_mixin.py:188} INFO - [2024-07-11T08:41:12.490+0000] {GetText.py:65} DEBUG - /home/airflow/.local/lib/python3.10/site-packages/cron_descriptor/locale/en_US.mo Loaded
[2024-07-11T08:41:12.501+0000] {logging_mixin.py:188} INFO - [2024-07-11T08:41:12.501+0000] {GetText.py:65} DEBUG - /home/airflow/.local/lib/python3.10/site-packages/cron_descriptor/locale/en_US.mo Loaded
[2024-07-11T08:41:12.510+0000] {logging_mixin.py:188} INFO - [2024-07-11T08:41:12.509+0000] {dagbag.py:506} DEBUG - Loaded DAG <DAG: example_branch_operator>
[2024-07-11T08:41:12.510+0000] {processor.py:840} INFO - DAG(s) 'example_branch_operator' retrieved from /home/airflow/.local/lib/python3.10/site-packages/airflow/example_dags/example_branch_operator.py
[2024-07-11T08:41:12.511+0000] {logging_mixin.py:188} INFO - [2024-07-11T08:41:12.511+0000] {dagbag.py:662} DEBUG - Running dagbag.sync_to_db with retries. Try 1 of 3
[2024-07-11T08:41:12.511+0000] {logging_mixin.py:188} INFO - [2024-07-11T08:41:12.511+0000] {dagbag.py:667} DEBUG - Calling the DAG.bulk_sync_to_db method
[2024-07-11T08:41:12.520+0000] {logging_mixin.py:188} INFO - [2024-07-11T08:41:12.520+0000] {dag.py:3047} INFO - Sync 1 DAGs
[2024-07-11T08:41:12.539+0000] {logging_mixin.py:188} INFO - [2024-07-11T08:41:12.539+0000] {dag.py:3834} INFO - Setting next_dagrun for example_branch_operator to 2024-07-10 00:00:00+00:00, run_after=2024-07-11 00:00:00+00:00
[2024-07-11T08:41:12.556+0000] {processor.py:183} INFO - Processing /home/airflow/.local/lib/python3.10/site-packages/airflow/example_dags/example_branch_operator.py took 0.074 seconds
[2024-07-11T08:41:43.338+0000] {logging_mixin.py:188} INFO - [2024-07-11T08:41:43.338+0000] {settings.py:249} DEBUG - Setting up DB connection pool (PID 102)
[2024-07-11T08:41:43.339+0000] {logging_mixin.py:188} INFO - [2024-07-11T08:41:43.339+0000] {settings.py:350} DEBUG - settings.prepare_engine_args(): Using pool settings. pool_size=5, max_overflow=10, pool_recycle=1800, pid=102
[2024-07-11T08:41:43.341+0000] {processor.py:161} INFO - Started process (PID=102) to work on /home/airflow/.local/lib/python3.10/site-packages/airflow/example_dags/example_branch_operator.py
[2024-07-11T08:41:43.341+0000] {processor.py:830} INFO - Processing file /home/airflow/.local/lib/python3.10/site-packages/airflow/example_dags/example_branch_operator.py for tasks to queue
[2024-07-11T08:41:43.341+0000] {logging_mixin.py:188} INFO - [2024-07-11T08:41:43.341+0000] {dagbag.py:540} INFO - Filling up the DagBag from /home/airflow/.local/lib/python3.10/site-packages/airflow/example_dags/example_branch_operator.py
[2024-07-11T08:41:43.342+0000] {logging_mixin.py:188} INFO - [2024-07-11T08:41:43.342+0000] {dagbag.py:332} DEBUG - Importing /home/airflow/.local/lib/python3.10/site-packages/airflow/example_dags/example_branch_operator.py
[2024-07-11T08:41:43.344+0000] {logging_mixin.py:188} INFO - [2024-07-11T08:41:43.344+0000] {GetText.py:65} DEBUG - /home/airflow/.local/lib/python3.10/site-packages/cron_descriptor/locale/en_US.mo Loaded
[2024-07-11T08:41:43.351+0000] {logging_mixin.py:188} INFO - [2024-07-11T08:41:43.351+0000] {GetText.py:65} DEBUG - /home/airflow/.local/lib/python3.10/site-packages/cron_descriptor/locale/en_US.mo Loaded
[2024-07-11T08:41:43.354+0000] {logging_mixin.py:188} INFO - [2024-07-11T08:41:43.353+0000] {dagbag.py:506} DEBUG - Loaded DAG <DAG: example_branch_operator>
[2024-07-11T08:41:43.354+0000] {processor.py:840} INFO - DAG(s) 'example_branch_operator' retrieved from /home/airflow/.local/lib/python3.10/site-packages/airflow/example_dags/example_branch_operator.py
[2024-07-11T08:41:43.355+0000] {logging_mixin.py:188} INFO - [2024-07-11T08:41:43.355+0000] {dagbag.py:662} DEBUG - Running dagbag.sync_to_db with retries. Try 1 of 3
[2024-07-11T08:41:43.355+0000] {logging_mixin.py:188} INFO - [2024-07-11T08:41:43.355+0000] {dagbag.py:667} DEBUG - Calling the DAG.bulk_sync_to_db method
[2024-07-11T08:41:43.362+0000] {logging_mixin.py:188} INFO - [2024-07-11T08:41:43.362+0000] {serialized_dag.py:165} DEBUG - Checking if DAG (example_branch_operator) changed
[2024-07-11T08:41:43.372+0000] {logging_mixin.py:188} INFO - [2024-07-11T08:41:43.372+0000] {serialized_dag.py:179} DEBUG - Writing Serialized DAG: example_branch_operator to the DB
[2024-07-11T08:41:43.374+0000] {logging_mixin.py:188} INFO - [2024-07-11T08:41:43.374+0000] {serialized_dag.py:181} DEBUG - DAG: example_branch_operator written to the DB
[2024-07-11T08:41:43.375+0000] {logging_mixin.py:188} INFO - [2024-07-11T08:41:43.375+0000] {dagbag.py:696} DEBUG - Syncing DAG permissions: example_branch_operator to the DB
[2024-07-11T08:41:43.429+0000] {logging_mixin.py:188} INFO - [2024-07-11T08:41:43.429+0000] {override.py:1034} DEBUG - Not syncing DAG-level permissions for DAG 'DAG:example_branch_operator' as access control is unset.
[2024-07-11T08:41:43.429+0000] {logging_mixin.py:188} INFO - [2024-07-11T08:41:43.429+0000] {dag.py:3047} INFO - Sync 1 DAGs
[2024-07-11T08:41:43.444+0000] {logging_mixin.py:188} INFO - [2024-07-11T08:41:43.443+0000] {dag.py:3834} INFO - Setting next_dagrun for example_branch_operator to 2024-07-10 00:00:00+00:00, run_after=2024-07-11 00:00:00+00:00
[2024-07-11T08:41:43.478+0000] {processor.py:183} INFO - Processing /home/airflow/.local/lib/python3.10/site-packages/airflow/example_dags/example_branch_operator.py took 0.140 seconds
[2024-07-11T08:42:14.465+0000] {logging_mixin.py:188} INFO - [2024-07-11T08:42:14.464+0000] {settings.py:249} DEBUG - Setting up DB connection pool (PID 158)
[2024-07-11T08:42:14.477+0000] {logging_mixin.py:188} INFO - [2024-07-11T08:42:14.477+0000] {settings.py:350} DEBUG - settings.prepare_engine_args(): Using pool settings. pool_size=5, max_overflow=10, pool_recycle=1800, pid=158
[2024-07-11T08:42:14.480+0000] {processor.py:161} INFO - Started process (PID=158) to work on /home/airflow/.local/lib/python3.10/site-packages/airflow/example_dags/example_branch_operator.py
[2024-07-11T08:42:14.481+0000] {processor.py:830} INFO - Processing file /home/airflow/.local/lib/python3.10/site-packages/airflow/example_dags/example_branch_operator.py for tasks to queue
[2024-07-11T08:42:14.482+0000] {logging_mixin.py:188} INFO - [2024-07-11T08:42:14.481+0000] {dagbag.py:540} INFO - Filling up the DagBag from /home/airflow/.local/lib/python3.10/site-packages/airflow/example_dags/example_branch_operator.py
[2024-07-11T08:42:14.483+0000] {logging_mixin.py:188} INFO - [2024-07-11T08:42:14.483+0000] {dagbag.py:332} DEBUG - Importing /home/airflow/.local/lib/python3.10/site-packages/airflow/example_dags/example_branch_operator.py
[2024-07-11T08:42:14.486+0000] {logging_mixin.py:188} INFO - [2024-07-11T08:42:14.485+0000] {GetText.py:65} DEBUG - /home/airflow/.local/lib/python3.10/site-packages/cron_descriptor/locale/en_US.mo Loaded
[2024-07-11T08:42:14.496+0000] {logging_mixin.py:188} INFO - [2024-07-11T08:42:14.495+0000] {GetText.py:65} DEBUG - /home/airflow/.local/lib/python3.10/site-packages/cron_descriptor/locale/en_US.mo Loaded
[2024-07-11T08:42:14.500+0000] {logging_mixin.py:188} INFO - [2024-07-11T08:42:14.499+0000] {dagbag.py:506} DEBUG - Loaded DAG <DAG: example_branch_operator>
[2024-07-11T08:42:14.500+0000] {processor.py:840} INFO - DAG(s) 'example_branch_operator' retrieved from /home/airflow/.local/lib/python3.10/site-packages/airflow/example_dags/example_branch_operator.py
[2024-07-11T08:42:14.501+0000] {logging_mixin.py:188} INFO - [2024-07-11T08:42:14.500+0000] {dagbag.py:662} DEBUG - Running dagbag.sync_to_db with retries. Try 1 of 3
[2024-07-11T08:42:14.501+0000] {logging_mixin.py:188} INFO - [2024-07-11T08:42:14.501+0000] {dagbag.py:667} DEBUG - Calling the DAG.bulk_sync_to_db method
[2024-07-11T08:42:14.508+0000] {logging_mixin.py:188} INFO - [2024-07-11T08:42:14.508+0000] {serialized_dag.py:165} DEBUG - Checking if DAG (example_branch_operator) changed
[2024-07-11T08:42:14.519+0000] {logging_mixin.py:188} INFO - [2024-07-11T08:42:14.518+0000] {serialized_dag.py:176} DEBUG - Serialized DAG (example_branch_operator) is unchanged. Skipping writing to DB
[2024-07-11T08:42:14.519+0000] {logging_mixin.py:188} INFO - [2024-07-11T08:42:14.519+0000] {dag.py:3047} INFO - Sync 1 DAGs
[2024-07-11T08:42:14.536+0000] {logging_mixin.py:188} INFO - [2024-07-11T08:42:14.535+0000] {dag.py:3834} INFO - Setting next_dagrun for example_branch_operator to 2024-07-10 00:00:00+00:00, run_after=2024-07-11 00:00:00+00:00
[2024-07-11T08:42:14.549+0000] {processor.py:183} INFO - Processing /home/airflow/.local/lib/python3.10/site-packages/airflow/example_dags/example_branch_operator.py took 0.085 seconds
[2024-07-11T08:42:44.625+0000] {logging_mixin.py:188} INFO - [2024-07-11T08:42:44.625+0000] {settings.py:249} DEBUG - Setting up DB connection pool (PID 214)
[2024-07-11T08:42:44.632+0000] {logging_mixin.py:188} INFO - [2024-07-11T08:42:44.631+0000] {settings.py:350} DEBUG - settings.prepare_engine_args(): Using pool settings. pool_size=5, max_overflow=10, pool_recycle=1800, pid=214
[2024-07-11T08:42:44.633+0000] {processor.py:161} INFO - Started process (PID=214) to work on /home/airflow/.local/lib/python3.10/site-packages/airflow/example_dags/example_branch_operator.py
[2024-07-11T08:42:44.634+0000] {processor.py:830} INFO - Processing file /home/airflow/.local/lib/python3.10/site-packages/airflow/example_dags/example_branch_operator.py for tasks to queue
[2024-07-11T08:42:44.634+0000] {logging_mixin.py:188} INFO - [2024-07-11T08:42:44.634+0000] {dagbag.py:540} INFO - Filling up the DagBag from /home/airflow/.local/lib/python3.10/site-packages/airflow/example_dags/example_branch_operator.py
[2024-07-11T08:42:44.635+0000] {logging_mixin.py:188} INFO - [2024-07-11T08:42:44.635+0000] {dagbag.py:332} DEBUG - Importing /home/airflow/.local/lib/python3.10/site-packages/airflow/example_dags/example_branch_operator.py
[2024-07-11T08:42:44.637+0000] {logging_mixin.py:188} INFO - [2024-07-11T08:42:44.637+0000] {GetText.py:65} DEBUG - /home/airflow/.local/lib/python3.10/site-packages/cron_descriptor/locale/en_US.mo Loaded
[2024-07-11T08:42:44.646+0000] {logging_mixin.py:188} INFO - [2024-07-11T08:42:44.646+0000] {GetText.py:65} DEBUG - /home/airflow/.local/lib/python3.10/site-packages/cron_descriptor/locale/en_US.mo Loaded
[2024-07-11T08:42:44.650+0000] {logging_mixin.py:188} INFO - [2024-07-11T08:42:44.649+0000] {dagbag.py:506} DEBUG - Loaded DAG <DAG: example_branch_operator>
[2024-07-11T08:42:44.650+0000] {processor.py:840} INFO - DAG(s) 'example_branch_operator' retrieved from /home/airflow/.local/lib/python3.10/site-packages/airflow/example_dags/example_branch_operator.py
[2024-07-11T08:42:44.650+0000] {logging_mixin.py:188} INFO - [2024-07-11T08:42:44.650+0000] {dagbag.py:662} DEBUG - Running dagbag.sync_to_db with retries. Try 1 of 3
[2024-07-11T08:42:44.651+0000] {logging_mixin.py:188} INFO - [2024-07-11T08:42:44.651+0000] {dagbag.py:667} DEBUG - Calling the DAG.bulk_sync_to_db method
[2024-07-11T08:42:44.659+0000] {logging_mixin.py:188} INFO - [2024-07-11T08:42:44.659+0000] {serialized_dag.py:165} DEBUG - Checking if DAG (example_branch_operator) changed
[2024-07-11T08:42:44.673+0000] {logging_mixin.py:188} INFO - [2024-07-11T08:42:44.673+0000] {serialized_dag.py:176} DEBUG - Serialized DAG (example_branch_operator) is unchanged. Skipping writing to DB
[2024-07-11T08:42:44.673+0000] {logging_mixin.py:188} INFO - [2024-07-11T08:42:44.673+0000] {dag.py:3047} INFO - Sync 1 DAGs
[2024-07-11T08:42:44.695+0000] {logging_mixin.py:188} INFO - [2024-07-11T08:42:44.695+0000] {dag.py:3834} INFO - Setting next_dagrun for example_branch_operator to 2024-07-10 00:00:00+00:00, run_after=2024-07-11 00:00:00+00:00
[2024-07-11T08:42:44.710+0000] {processor.py:183} INFO - Processing /home/airflow/.local/lib/python3.10/site-packages/airflow/example_dags/example_branch_operator.py took 0.086 seconds
[2024-07-11T08:43:14.791+0000] {logging_mixin.py:188} INFO - [2024-07-11T08:43:14.790+0000] {settings.py:249} DEBUG - Setting up DB connection pool (PID 270)
[2024-07-11T08:43:14.802+0000] {logging_mixin.py:188} INFO - [2024-07-11T08:43:14.802+0000] {settings.py:350} DEBUG - settings.prepare_engine_args(): Using pool settings. pool_size=5, max_overflow=10, pool_recycle=1800, pid=270
[2024-07-11T08:43:14.804+0000] {processor.py:161} INFO - Started process (PID=270) to work on /home/airflow/.local/lib/python3.10/site-packages/airflow/example_dags/example_branch_operator.py
[2024-07-11T08:43:14.804+0000] {processor.py:830} INFO - Processing file /home/airflow/.local/lib/python3.10/site-packages/airflow/example_dags/example_branch_operator.py for tasks to queue
[2024-07-11T08:43:14.805+0000] {logging_mixin.py:188} INFO - [2024-07-11T08:43:14.805+0000] {dagbag.py:540} INFO - Filling up the DagBag from /home/airflow/.local/lib/python3.10/site-packages/airflow/example_dags/example_branch_operator.py
[2024-07-11T08:43:14.806+0000] {logging_mixin.py:188} INFO - [2024-07-11T08:43:14.806+0000] {dagbag.py:332} DEBUG - Importing /home/airflow/.local/lib/python3.10/site-packages/airflow/example_dags/example_branch_operator.py
[2024-07-11T08:43:14.809+0000] {logging_mixin.py:188} INFO - [2024-07-11T08:43:14.808+0000] {GetText.py:65} DEBUG - /home/airflow/.local/lib/python3.10/site-packages/cron_descriptor/locale/en_US.mo Loaded
[2024-07-11T08:43:14.816+0000] {logging_mixin.py:188} INFO - [2024-07-11T08:43:14.816+0000] {GetText.py:65} DEBUG - /home/airflow/.local/lib/python3.10/site-packages/cron_descriptor/locale/en_US.mo Loaded
[2024-07-11T08:43:14.821+0000] {logging_mixin.py:188} INFO - [2024-07-11T08:43:14.820+0000] {dagbag.py:506} DEBUG - Loaded DAG <DAG: example_branch_operator>
[2024-07-11T08:43:14.821+0000] {processor.py:840} INFO - DAG(s) 'example_branch_operator' retrieved from /home/airflow/.local/lib/python3.10/site-packages/airflow/example_dags/example_branch_operator.py
[2024-07-11T08:43:14.823+0000] {logging_mixin.py:188} INFO - [2024-07-11T08:43:14.822+0000] {dagbag.py:662} DEBUG - Running dagbag.sync_to_db with retries. Try 1 of 3
[2024-07-11T08:43:14.823+0000] {logging_mixin.py:188} INFO - [2024-07-11T08:43:14.823+0000] {dagbag.py:667} DEBUG - Calling the DAG.bulk_sync_to_db method
[2024-07-11T08:43:14.831+0000] {logging_mixin.py:188} INFO - [2024-07-11T08:43:14.831+0000] {serialized_dag.py:165} DEBUG - Checking if DAG (example_branch_operator) changed
[2024-07-11T08:43:14.845+0000] {logging_mixin.py:188} INFO - [2024-07-11T08:43:14.844+0000] {serialized_dag.py:176} DEBUG - Serialized DAG (example_branch_operator) is unchanged. Skipping writing to DB
[2024-07-11T08:43:14.845+0000] {logging_mixin.py:188} INFO - [2024-07-11T08:43:14.845+0000] {dag.py:3047} INFO - Sync 1 DAGs
[2024-07-11T08:43:14.866+0000] {logging_mixin.py:188} INFO - [2024-07-11T08:43:14.866+0000] {dag.py:3834} INFO - Setting next_dagrun for example_branch_operator to 2024-07-10 00:00:00+00:00, run_after=2024-07-11 00:00:00+00:00
[2024-07-11T08:43:14.886+0000] {processor.py:183} INFO - Processing /home/airflow/.local/lib/python3.10/site-packages/airflow/example_dags/example_branch_operator.py took 0.095 seconds
[2024-07-11T08:43:45.057+0000] {logging_mixin.py:188} INFO - [2024-07-11T08:43:45.055+0000] {settings.py:249} DEBUG - Setting up DB connection pool (PID 326)
[2024-07-11T08:43:45.059+0000] {logging_mixin.py:188} INFO - [2024-07-11T08:43:45.059+0000] {settings.py:350} DEBUG - settings.prepare_engine_args(): Using pool settings. pool_size=5, max_overflow=10, pool_recycle=1800, pid=326
[2024-07-11T08:43:45.064+0000] {processor.py:161} INFO - Started process (PID=326) to work on /home/airflow/.local/lib/python3.10/site-packages/airflow/example_dags/example_branch_operator.py
[2024-07-11T08:43:45.064+0000] {processor.py:830} INFO - Processing file /home/airflow/.local/lib/python3.10/site-packages/airflow/example_dags/example_branch_operator.py for tasks to queue
[2024-07-11T08:43:45.066+0000] {logging_mixin.py:188} INFO - [2024-07-11T08:43:45.065+0000] {dagbag.py:540} INFO - Filling up the DagBag from /home/airflow/.local/lib/python3.10/site-packages/airflow/example_dags/example_branch_operator.py
[2024-07-11T08:43:45.068+0000] {logging_mixin.py:188} INFO - [2024-07-11T08:43:45.067+0000] {dagbag.py:332} DEBUG - Importing /home/airflow/.local/lib/python3.10/site-packages/airflow/example_dags/example_branch_operator.py
[2024-07-11T08:43:45.071+0000] {logging_mixin.py:188} INFO - [2024-07-11T08:43:45.071+0000] {GetText.py:65} DEBUG - /home/airflow/.local/lib/python3.10/site-packages/cron_descriptor/locale/en_US.mo Loaded
[2024-07-11T08:43:45.082+0000] {logging_mixin.py:188} INFO - [2024-07-11T08:43:45.082+0000] {GetText.py:65} DEBUG - /home/airflow/.local/lib/python3.10/site-packages/cron_descriptor/locale/en_US.mo Loaded
[2024-07-11T08:43:45.087+0000] {logging_mixin.py:188} INFO - [2024-07-11T08:43:45.086+0000] {dagbag.py:506} DEBUG - Loaded DAG <DAG: example_branch_operator>
[2024-07-11T08:43:45.087+0000] {processor.py:840} INFO - DAG(s) 'example_branch_operator' retrieved from /home/airflow/.local/lib/python3.10/site-packages/airflow/example_dags/example_branch_operator.py
[2024-07-11T08:43:45.088+0000] {logging_mixin.py:188} INFO - [2024-07-11T08:43:45.088+0000] {dagbag.py:662} DEBUG - Running dagbag.sync_to_db with retries. Try 1 of 3
[2024-07-11T08:43:45.088+0000] {logging_mixin.py:188} INFO - [2024-07-11T08:43:45.088+0000] {dagbag.py:667} DEBUG - Calling the DAG.bulk_sync_to_db method
[2024-07-11T08:43:45.096+0000] {logging_mixin.py:188} INFO - [2024-07-11T08:43:45.096+0000] {serialized_dag.py:165} DEBUG - Checking if DAG (example_branch_operator) changed
[2024-07-11T08:43:45.106+0000] {logging_mixin.py:188} INFO - [2024-07-11T08:43:45.106+0000] {serialized_dag.py:176} DEBUG - Serialized DAG (example_branch_operator) is unchanged. Skipping writing to DB
[2024-07-11T08:43:45.106+0000] {logging_mixin.py:188} INFO - [2024-07-11T08:43:45.106+0000] {dag.py:3047} INFO - Sync 1 DAGs
[2024-07-11T08:43:45.121+0000] {logging_mixin.py:188} INFO - [2024-07-11T08:43:45.121+0000] {dag.py:3834} INFO - Setting next_dagrun for example_branch_operator to 2024-07-10 00:00:00+00:00, run_after=2024-07-11 00:00:00+00:00
[2024-07-11T08:43:45.135+0000] {processor.py:183} INFO - Processing /home/airflow/.local/lib/python3.10/site-packages/airflow/example_dags/example_branch_operator.py took 0.080 seconds
[2024-07-11T08:44:15.467+0000] {logging_mixin.py:188} INFO - [2024-07-11T08:44:15.466+0000] {settings.py:249} DEBUG - Setting up DB connection pool (PID 382)
[2024-07-11T08:44:15.470+0000] {logging_mixin.py:188} INFO - [2024-07-11T08:44:15.469+0000] {settings.py:350} DEBUG - settings.prepare_engine_args(): Using pool settings. pool_size=5, max_overflow=10, pool_recycle=1800, pid=382
[2024-07-11T08:44:15.475+0000] {processor.py:161} INFO - Started process (PID=382) to work on /home/airflow/.local/lib/python3.10/site-packages/airflow/example_dags/example_branch_operator.py
[2024-07-11T08:44:15.475+0000] {processor.py:830} INFO - Processing file /home/airflow/.local/lib/python3.10/site-packages/airflow/example_dags/example_branch_operator.py for tasks to queue
[2024-07-11T08:44:15.476+0000] {logging_mixin.py:188} INFO - [2024-07-11T08:44:15.476+0000] {dagbag.py:540} INFO - Filling up the DagBag from /home/airflow/.local/lib/python3.10/site-packages/airflow/example_dags/example_branch_operator.py
[2024-07-11T08:44:15.478+0000] {logging_mixin.py:188} INFO - [2024-07-11T08:44:15.478+0000] {dagbag.py:332} DEBUG - Importing /home/airflow/.local/lib/python3.10/site-packages/airflow/example_dags/example_branch_operator.py
[2024-07-11T08:44:15.481+0000] {logging_mixin.py:188} INFO - [2024-07-11T08:44:15.481+0000] {GetText.py:65} DEBUG - /home/airflow/.local/lib/python3.10/site-packages/cron_descriptor/locale/en_US.mo Loaded
[2024-07-11T08:44:15.492+0000] {logging_mixin.py:188} INFO - [2024-07-11T08:44:15.492+0000] {GetText.py:65} DEBUG - /home/airflow/.local/lib/python3.10/site-packages/cron_descriptor/locale/en_US.mo Loaded
[2024-07-11T08:44:15.497+0000] {logging_mixin.py:188} INFO - [2024-07-11T08:44:15.496+0000] {dagbag.py:506} DEBUG - Loaded DAG <DAG: example_branch_operator>
[2024-07-11T08:44:15.497+0000] {processor.py:840} INFO - DAG(s) 'example_branch_operator' retrieved from /home/airflow/.local/lib/python3.10/site-packages/airflow/example_dags/example_branch_operator.py
[2024-07-11T08:44:15.498+0000] {logging_mixin.py:188} INFO - [2024-07-11T08:44:15.498+0000] {dagbag.py:662} DEBUG - Running dagbag.sync_to_db with retries. Try 1 of 3
[2024-07-11T08:44:15.498+0000] {logging_mixin.py:188} INFO - [2024-07-11T08:44:15.498+0000] {dagbag.py:667} DEBUG - Calling the DAG.bulk_sync_to_db method
[2024-07-11T08:44:15.506+0000] {logging_mixin.py:188} INFO - [2024-07-11T08:44:15.506+0000] {serialized_dag.py:165} DEBUG - Checking if DAG (example_branch_operator) changed
[2024-07-11T08:44:15.517+0000] {logging_mixin.py:188} INFO - [2024-07-11T08:44:15.517+0000] {serialized_dag.py:176} DEBUG - Serialized DAG (example_branch_operator) is unchanged. Skipping writing to DB
[2024-07-11T08:44:15.517+0000] {logging_mixin.py:188} INFO - [2024-07-11T08:44:15.517+0000] {dag.py:3047} INFO - Sync 1 DAGs
[2024-07-11T08:44:15.535+0000] {logging_mixin.py:188} INFO - [2024-07-11T08:44:15.535+0000] {dag.py:3834} INFO - Setting next_dagrun for example_branch_operator to 2024-07-10 00:00:00+00:00, run_after=2024-07-11 00:00:00+00:00
[2024-07-11T08:44:15.550+0000] {processor.py:183} INFO - Processing /home/airflow/.local/lib/python3.10/site-packages/airflow/example_dags/example_branch_operator.py took 0.084 seconds
[2024-07-11T08:44:45.801+0000] {logging_mixin.py:188} INFO - [2024-07-11T08:44:45.800+0000] {settings.py:249} DEBUG - Setting up DB connection pool (PID 438)
[2024-07-11T08:44:45.802+0000] {logging_mixin.py:188} INFO - [2024-07-11T08:44:45.802+0000] {settings.py:350} DEBUG - settings.prepare_engine_args(): Using pool settings. pool_size=5, max_overflow=10, pool_recycle=1800, pid=438
[2024-07-11T08:44:45.807+0000] {processor.py:161} INFO - Started process (PID=438) to work on /home/airflow/.local/lib/python3.10/site-packages/airflow/example_dags/example_branch_operator.py
[2024-07-11T08:44:45.807+0000] {processor.py:830} INFO - Processing file /home/airflow/.local/lib/python3.10/site-packages/airflow/example_dags/example_branch_operator.py for tasks to queue
[2024-07-11T08:44:45.808+0000] {logging_mixin.py:188} INFO - [2024-07-11T08:44:45.808+0000] {dagbag.py:540} INFO - Filling up the DagBag from /home/airflow/.local/lib/python3.10/site-packages/airflow/example_dags/example_branch_operator.py
[2024-07-11T08:44:45.809+0000] {logging_mixin.py:188} INFO - [2024-07-11T08:44:45.809+0000] {dagbag.py:332} DEBUG - Importing /home/airflow/.local/lib/python3.10/site-packages/airflow/example_dags/example_branch_operator.py
[2024-07-11T08:44:45.812+0000] {logging_mixin.py:188} INFO - [2024-07-11T08:44:45.812+0000] {GetText.py:65} DEBUG - /home/airflow/.local/lib/python3.10/site-packages/cron_descriptor/locale/en_US.mo Loaded
[2024-07-11T08:44:45.823+0000] {logging_mixin.py:188} INFO - [2024-07-11T08:44:45.823+0000] {GetText.py:65} DEBUG - /home/airflow/.local/lib/python3.10/site-packages/cron_descriptor/locale/en_US.mo Loaded
[2024-07-11T08:44:45.826+0000] {logging_mixin.py:188} INFO - [2024-07-11T08:44:45.826+0000] {dagbag.py:506} DEBUG - Loaded DAG <DAG: example_branch_operator>
[2024-07-11T08:44:45.827+0000] {processor.py:840} INFO - DAG(s) 'example_branch_operator' retrieved from /home/airflow/.local/lib/python3.10/site-packages/airflow/example_dags/example_branch_operator.py
[2024-07-11T08:44:45.827+0000] {logging_mixin.py:188} INFO - [2024-07-11T08:44:45.827+0000] {dagbag.py:662} DEBUG - Running dagbag.sync_to_db with retries. Try 1 of 3
[2024-07-11T08:44:45.827+0000] {logging_mixin.py:188} INFO - [2024-07-11T08:44:45.827+0000] {dagbag.py:667} DEBUG - Calling the DAG.bulk_sync_to_db method
[2024-07-11T08:44:45.837+0000] {logging_mixin.py:188} INFO - [2024-07-11T08:44:45.837+0000] {serialized_dag.py:165} DEBUG - Checking if DAG (example_branch_operator) changed
[2024-07-11T08:44:45.847+0000] {logging_mixin.py:188} INFO - [2024-07-11T08:44:45.847+0000] {serialized_dag.py:176} DEBUG - Serialized DAG (example_branch_operator) is unchanged. Skipping writing to DB
[2024-07-11T08:44:45.848+0000] {logging_mixin.py:188} INFO - [2024-07-11T08:44:45.848+0000] {dag.py:3047} INFO - Sync 1 DAGs
[2024-07-11T08:44:45.867+0000] {logging_mixin.py:188} INFO - [2024-07-11T08:44:45.867+0000] {dag.py:3834} INFO - Setting next_dagrun for example_branch_operator to 2024-07-10 00:00:00+00:00, run_after=2024-07-11 00:00:00+00:00
[2024-07-11T08:44:45.882+0000] {processor.py:183} INFO - Processing /home/airflow/.local/lib/python3.10/site-packages/airflow/example_dags/example_branch_operator.py took 0.082 seconds
