[2024-07-11T08:36:59.956+0000] {logging_mixin.py:188} INFO - [2024-07-11T08:36:59.956+0000] {settings.py:249} DEBUG - Setting up DB connection pool (PID 75)
[2024-07-11T08:36:59.957+0000] {logging_mixin.py:188} INFO - [2024-07-11T08:36:59.957+0000] {settings.py:350} DEBUG - settings.prepare_engine_args(): Using pool settings. pool_size=5, max_overflow=10, pool_recycle=1800, pid=75
[2024-07-11T08:36:59.960+0000] {processor.py:161} INFO - Started process (PID=75) to work on /home/airflow/.local/lib/python3.10/site-packages/airflow/example_dags/example_sensors.py
[2024-07-11T08:36:59.960+0000] {processor.py:830} INFO - Processing file /home/airflow/.local/lib/python3.10/site-packages/airflow/example_dags/example_sensors.py for tasks to queue
[2024-07-11T08:36:59.961+0000] {logging_mixin.py:188} INFO - [2024-07-11T08:36:59.961+0000] {dagbag.py:540} INFO - Filling up the DagBag from /home/airflow/.local/lib/python3.10/site-packages/airflow/example_dags/example_sensors.py
[2024-07-11T08:36:59.963+0000] {logging_mixin.py:188} INFO - [2024-07-11T08:36:59.963+0000] {dagbag.py:332} DEBUG - Importing /home/airflow/.local/lib/python3.10/site-packages/airflow/example_dags/example_sensors.py
[2024-07-11T08:36:59.976+0000] {logging_mixin.py:188} INFO - [2024-07-11T08:36:59.976+0000] {dagbag.py:506} DEBUG - Loaded DAG <DAG: example_sensors>
[2024-07-11T08:36:59.977+0000] {processor.py:840} INFO - DAG(s) 'example_sensors' retrieved from /home/airflow/.local/lib/python3.10/site-packages/airflow/example_dags/example_sensors.py
[2024-07-11T08:36:59.978+0000] {logging_mixin.py:188} INFO - [2024-07-11T08:36:59.978+0000] {dagbag.py:662} DEBUG - Running dagbag.sync_to_db with retries. Try 1 of 3
[2024-07-11T08:36:59.978+0000] {logging_mixin.py:188} INFO - [2024-07-11T08:36:59.978+0000] {dagbag.py:667} DEBUG - Calling the DAG.bulk_sync_to_db method
[2024-07-11T08:36:59.992+0000] {logging_mixin.py:188} INFO - [2024-07-11T08:36:59.991+0000] {dag.py:3047} INFO - Sync 1 DAGs
[2024-07-11T08:37:00.008+0000] {logging_mixin.py:188} INFO - [2024-07-11T08:37:00.007+0000] {dag.py:3834} INFO - Setting next_dagrun for example_sensors to None, run_after=None
[2024-07-11T08:37:00.036+0000] {processor.py:183} INFO - Processing /home/airflow/.local/lib/python3.10/site-packages/airflow/example_dags/example_sensors.py took 0.080 seconds
[2024-07-11T08:37:30.940+0000] {logging_mixin.py:188} INFO - [2024-07-11T08:37:30.940+0000] {settings.py:249} DEBUG - Setting up DB connection pool (PID 131)
[2024-07-11T08:37:30.941+0000] {logging_mixin.py:188} INFO - [2024-07-11T08:37:30.941+0000] {settings.py:350} DEBUG - settings.prepare_engine_args(): Using pool settings. pool_size=5, max_overflow=10, pool_recycle=1800, pid=131
[2024-07-11T08:37:30.943+0000] {processor.py:161} INFO - Started process (PID=131) to work on /home/airflow/.local/lib/python3.10/site-packages/airflow/example_dags/example_sensors.py
[2024-07-11T08:37:30.943+0000] {processor.py:830} INFO - Processing file /home/airflow/.local/lib/python3.10/site-packages/airflow/example_dags/example_sensors.py for tasks to queue
[2024-07-11T08:37:30.943+0000] {logging_mixin.py:188} INFO - [2024-07-11T08:37:30.943+0000] {dagbag.py:540} INFO - Filling up the DagBag from /home/airflow/.local/lib/python3.10/site-packages/airflow/example_dags/example_sensors.py
[2024-07-11T08:37:30.944+0000] {logging_mixin.py:188} INFO - [2024-07-11T08:37:30.944+0000] {dagbag.py:332} DEBUG - Importing /home/airflow/.local/lib/python3.10/site-packages/airflow/example_dags/example_sensors.py
[2024-07-11T08:37:30.951+0000] {logging_mixin.py:188} INFO - [2024-07-11T08:37:30.950+0000] {dagbag.py:506} DEBUG - Loaded DAG <DAG: example_sensors>
[2024-07-11T08:37:30.951+0000] {processor.py:840} INFO - DAG(s) 'example_sensors' retrieved from /home/airflow/.local/lib/python3.10/site-packages/airflow/example_dags/example_sensors.py
[2024-07-11T08:37:30.952+0000] {logging_mixin.py:188} INFO - [2024-07-11T08:37:30.951+0000] {dagbag.py:662} DEBUG - Running dagbag.sync_to_db with retries. Try 1 of 3
[2024-07-11T08:37:30.952+0000] {logging_mixin.py:188} INFO - [2024-07-11T08:37:30.952+0000] {dagbag.py:667} DEBUG - Calling the DAG.bulk_sync_to_db method
[2024-07-11T08:37:30.959+0000] {logging_mixin.py:188} INFO - [2024-07-11T08:37:30.959+0000] {serialized_dag.py:165} DEBUG - Checking if DAG (example_sensors) changed
[2024-07-11T08:37:30.961+0000] {logging_mixin.py:188} INFO - [2024-07-11T08:37:30.961+0000] {plugins_manager.py:322} DEBUG - Plugins are already loaded. Skipping.
[2024-07-11T08:37:30.961+0000] {logging_mixin.py:188} INFO - [2024-07-11T08:37:30.961+0000] {plugins_manager.py:400} DEBUG - Initialize custom taskinstance deps plugins
[2024-07-11T08:37:30.970+0000] {logging_mixin.py:188} INFO - [2024-07-11T08:37:30.969+0000] {serialized_dag.py:179} DEBUG - Writing Serialized DAG: example_sensors to the DB
[2024-07-11T08:37:30.972+0000] {logging_mixin.py:188} INFO - [2024-07-11T08:37:30.972+0000] {serialized_dag.py:181} DEBUG - DAG: example_sensors written to the DB
[2024-07-11T08:37:30.972+0000] {logging_mixin.py:188} INFO - [2024-07-11T08:37:30.972+0000] {dagbag.py:696} DEBUG - Syncing DAG permissions: example_sensors to the DB
[2024-07-11T08:37:31.034+0000] {logging_mixin.py:188} INFO - [2024-07-11T08:37:31.034+0000] {override.py:1034} DEBUG - Not syncing DAG-level permissions for DAG 'DAG:example_sensors' as access control is unset.
[2024-07-11T08:37:31.035+0000] {logging_mixin.py:188} INFO - [2024-07-11T08:37:31.035+0000] {dag.py:3047} INFO - Sync 1 DAGs
[2024-07-11T08:37:31.042+0000] {logging_mixin.py:188} INFO - [2024-07-11T08:37:31.042+0000] {dag.py:3834} INFO - Setting next_dagrun for example_sensors to None, run_after=None
[2024-07-11T08:37:31.056+0000] {processor.py:183} INFO - Processing /home/airflow/.local/lib/python3.10/site-packages/airflow/example_dags/example_sensors.py took 0.116 seconds
[2024-07-11T08:38:01.841+0000] {logging_mixin.py:188} INFO - [2024-07-11T08:38:01.840+0000] {settings.py:249} DEBUG - Setting up DB connection pool (PID 193)
[2024-07-11T08:38:01.841+0000] {logging_mixin.py:188} INFO - [2024-07-11T08:38:01.841+0000] {settings.py:350} DEBUG - settings.prepare_engine_args(): Using pool settings. pool_size=5, max_overflow=10, pool_recycle=1800, pid=193
[2024-07-11T08:38:01.843+0000] {processor.py:161} INFO - Started process (PID=193) to work on /home/airflow/.local/lib/python3.10/site-packages/airflow/example_dags/example_sensors.py
[2024-07-11T08:38:01.843+0000] {processor.py:830} INFO - Processing file /home/airflow/.local/lib/python3.10/site-packages/airflow/example_dags/example_sensors.py for tasks to queue
[2024-07-11T08:38:01.844+0000] {logging_mixin.py:188} INFO - [2024-07-11T08:38:01.844+0000] {dagbag.py:540} INFO - Filling up the DagBag from /home/airflow/.local/lib/python3.10/site-packages/airflow/example_dags/example_sensors.py
[2024-07-11T08:38:01.845+0000] {logging_mixin.py:188} INFO - [2024-07-11T08:38:01.844+0000] {dagbag.py:332} DEBUG - Importing /home/airflow/.local/lib/python3.10/site-packages/airflow/example_dags/example_sensors.py
[2024-07-11T08:38:01.851+0000] {logging_mixin.py:188} INFO - [2024-07-11T08:38:01.850+0000] {dagbag.py:506} DEBUG - Loaded DAG <DAG: example_sensors>
[2024-07-11T08:38:01.851+0000] {processor.py:840} INFO - DAG(s) 'example_sensors' retrieved from /home/airflow/.local/lib/python3.10/site-packages/airflow/example_dags/example_sensors.py
[2024-07-11T08:38:01.852+0000] {logging_mixin.py:188} INFO - [2024-07-11T08:38:01.851+0000] {dagbag.py:662} DEBUG - Running dagbag.sync_to_db with retries. Try 1 of 3
[2024-07-11T08:38:01.852+0000] {logging_mixin.py:188} INFO - [2024-07-11T08:38:01.852+0000] {dagbag.py:667} DEBUG - Calling the DAG.bulk_sync_to_db method
[2024-07-11T08:38:01.859+0000] {logging_mixin.py:188} INFO - [2024-07-11T08:38:01.859+0000] {serialized_dag.py:165} DEBUG - Checking if DAG (example_sensors) changed
[2024-07-11T08:38:01.861+0000] {logging_mixin.py:188} INFO - [2024-07-11T08:38:01.861+0000] {plugins_manager.py:322} DEBUG - Plugins are already loaded. Skipping.
[2024-07-11T08:38:01.861+0000] {logging_mixin.py:188} INFO - [2024-07-11T08:38:01.861+0000] {plugins_manager.py:400} DEBUG - Initialize custom taskinstance deps plugins
[2024-07-11T08:38:01.869+0000] {logging_mixin.py:188} INFO - [2024-07-11T08:38:01.869+0000] {serialized_dag.py:176} DEBUG - Serialized DAG (example_sensors) is unchanged. Skipping writing to DB
[2024-07-11T08:38:01.869+0000] {logging_mixin.py:188} INFO - [2024-07-11T08:38:01.869+0000] {dag.py:3047} INFO - Sync 1 DAGs
[2024-07-11T08:38:01.878+0000] {logging_mixin.py:188} INFO - [2024-07-11T08:38:01.878+0000] {dag.py:3834} INFO - Setting next_dagrun for example_sensors to None, run_after=None
[2024-07-11T08:38:01.890+0000] {processor.py:183} INFO - Processing /home/airflow/.local/lib/python3.10/site-packages/airflow/example_dags/example_sensors.py took 0.050 seconds
[2024-07-11T08:38:32.023+0000] {logging_mixin.py:188} INFO - [2024-07-11T08:38:32.022+0000] {settings.py:249} DEBUG - Setting up DB connection pool (PID 249)
[2024-07-11T08:38:32.024+0000] {logging_mixin.py:188} INFO - [2024-07-11T08:38:32.023+0000] {settings.py:350} DEBUG - settings.prepare_engine_args(): Using pool settings. pool_size=5, max_overflow=10, pool_recycle=1800, pid=249
[2024-07-11T08:38:32.025+0000] {processor.py:161} INFO - Started process (PID=249) to work on /home/airflow/.local/lib/python3.10/site-packages/airflow/example_dags/example_sensors.py
[2024-07-11T08:38:32.026+0000] {processor.py:830} INFO - Processing file /home/airflow/.local/lib/python3.10/site-packages/airflow/example_dags/example_sensors.py for tasks to queue
[2024-07-11T08:38:32.026+0000] {logging_mixin.py:188} INFO - [2024-07-11T08:38:32.026+0000] {dagbag.py:540} INFO - Filling up the DagBag from /home/airflow/.local/lib/python3.10/site-packages/airflow/example_dags/example_sensors.py
[2024-07-11T08:38:32.027+0000] {logging_mixin.py:188} INFO - [2024-07-11T08:38:32.027+0000] {dagbag.py:332} DEBUG - Importing /home/airflow/.local/lib/python3.10/site-packages/airflow/example_dags/example_sensors.py
[2024-07-11T08:38:32.033+0000] {logging_mixin.py:188} INFO - [2024-07-11T08:38:32.033+0000] {dagbag.py:506} DEBUG - Loaded DAG <DAG: example_sensors>
[2024-07-11T08:38:32.033+0000] {processor.py:840} INFO - DAG(s) 'example_sensors' retrieved from /home/airflow/.local/lib/python3.10/site-packages/airflow/example_dags/example_sensors.py
[2024-07-11T08:38:32.034+0000] {logging_mixin.py:188} INFO - [2024-07-11T08:38:32.034+0000] {dagbag.py:662} DEBUG - Running dagbag.sync_to_db with retries. Try 1 of 3
[2024-07-11T08:38:32.034+0000] {logging_mixin.py:188} INFO - [2024-07-11T08:38:32.034+0000] {dagbag.py:667} DEBUG - Calling the DAG.bulk_sync_to_db method
[2024-07-11T08:38:32.042+0000] {logging_mixin.py:188} INFO - [2024-07-11T08:38:32.042+0000] {serialized_dag.py:165} DEBUG - Checking if DAG (example_sensors) changed
[2024-07-11T08:38:32.044+0000] {logging_mixin.py:188} INFO - [2024-07-11T08:38:32.044+0000] {plugins_manager.py:322} DEBUG - Plugins are already loaded. Skipping.
[2024-07-11T08:38:32.044+0000] {logging_mixin.py:188} INFO - [2024-07-11T08:38:32.044+0000] {plugins_manager.py:400} DEBUG - Initialize custom taskinstance deps plugins
[2024-07-11T08:38:32.052+0000] {logging_mixin.py:188} INFO - [2024-07-11T08:38:32.052+0000] {serialized_dag.py:176} DEBUG - Serialized DAG (example_sensors) is unchanged. Skipping writing to DB
[2024-07-11T08:38:32.052+0000] {logging_mixin.py:188} INFO - [2024-07-11T08:38:32.052+0000] {dag.py:3047} INFO - Sync 1 DAGs
[2024-07-11T08:38:32.061+0000] {logging_mixin.py:188} INFO - [2024-07-11T08:38:32.061+0000] {dag.py:3834} INFO - Setting next_dagrun for example_sensors to None, run_after=None
[2024-07-11T08:38:32.073+0000] {processor.py:183} INFO - Processing /home/airflow/.local/lib/python3.10/site-packages/airflow/example_dags/example_sensors.py took 0.051 seconds
[2024-07-11T08:39:02.363+0000] {logging_mixin.py:188} INFO - [2024-07-11T08:39:02.362+0000] {settings.py:249} DEBUG - Setting up DB connection pool (PID 305)
[2024-07-11T08:39:02.363+0000] {logging_mixin.py:188} INFO - [2024-07-11T08:39:02.363+0000] {settings.py:350} DEBUG - settings.prepare_engine_args(): Using pool settings. pool_size=5, max_overflow=10, pool_recycle=1800, pid=305
[2024-07-11T08:39:02.365+0000] {processor.py:161} INFO - Started process (PID=305) to work on /home/airflow/.local/lib/python3.10/site-packages/airflow/example_dags/example_sensors.py
[2024-07-11T08:39:02.366+0000] {processor.py:830} INFO - Processing file /home/airflow/.local/lib/python3.10/site-packages/airflow/example_dags/example_sensors.py for tasks to queue
[2024-07-11T08:39:02.366+0000] {logging_mixin.py:188} INFO - [2024-07-11T08:39:02.366+0000] {dagbag.py:540} INFO - Filling up the DagBag from /home/airflow/.local/lib/python3.10/site-packages/airflow/example_dags/example_sensors.py
[2024-07-11T08:39:02.367+0000] {logging_mixin.py:188} INFO - [2024-07-11T08:39:02.367+0000] {dagbag.py:332} DEBUG - Importing /home/airflow/.local/lib/python3.10/site-packages/airflow/example_dags/example_sensors.py
[2024-07-11T08:39:02.373+0000] {logging_mixin.py:188} INFO - [2024-07-11T08:39:02.373+0000] {dagbag.py:506} DEBUG - Loaded DAG <DAG: example_sensors>
[2024-07-11T08:39:02.373+0000] {processor.py:840} INFO - DAG(s) 'example_sensors' retrieved from /home/airflow/.local/lib/python3.10/site-packages/airflow/example_dags/example_sensors.py
[2024-07-11T08:39:02.374+0000] {logging_mixin.py:188} INFO - [2024-07-11T08:39:02.374+0000] {dagbag.py:662} DEBUG - Running dagbag.sync_to_db with retries. Try 1 of 3
[2024-07-11T08:39:02.374+0000] {logging_mixin.py:188} INFO - [2024-07-11T08:39:02.374+0000] {dagbag.py:667} DEBUG - Calling the DAG.bulk_sync_to_db method
[2024-07-11T08:39:02.381+0000] {logging_mixin.py:188} INFO - [2024-07-11T08:39:02.381+0000] {serialized_dag.py:165} DEBUG - Checking if DAG (example_sensors) changed
[2024-07-11T08:39:02.383+0000] {logging_mixin.py:188} INFO - [2024-07-11T08:39:02.383+0000] {plugins_manager.py:322} DEBUG - Plugins are already loaded. Skipping.
[2024-07-11T08:39:02.383+0000] {logging_mixin.py:188} INFO - [2024-07-11T08:39:02.383+0000] {plugins_manager.py:400} DEBUG - Initialize custom taskinstance deps plugins
[2024-07-11T08:39:02.392+0000] {logging_mixin.py:188} INFO - [2024-07-11T08:39:02.392+0000] {serialized_dag.py:176} DEBUG - Serialized DAG (example_sensors) is unchanged. Skipping writing to DB
[2024-07-11T08:39:02.392+0000] {logging_mixin.py:188} INFO - [2024-07-11T08:39:02.392+0000] {dag.py:3047} INFO - Sync 1 DAGs
[2024-07-11T08:39:02.402+0000] {logging_mixin.py:188} INFO - [2024-07-11T08:39:02.401+0000] {dag.py:3834} INFO - Setting next_dagrun for example_sensors to None, run_after=None
[2024-07-11T08:39:02.417+0000] {processor.py:183} INFO - Processing /home/airflow/.local/lib/python3.10/site-packages/airflow/example_dags/example_sensors.py took 0.055 seconds
[2024-07-11T08:39:32.664+0000] {logging_mixin.py:188} INFO - [2024-07-11T08:39:32.663+0000] {settings.py:249} DEBUG - Setting up DB connection pool (PID 361)
[2024-07-11T08:39:32.664+0000] {logging_mixin.py:188} INFO - [2024-07-11T08:39:32.664+0000] {settings.py:350} DEBUG - settings.prepare_engine_args(): Using pool settings. pool_size=5, max_overflow=10, pool_recycle=1800, pid=361
[2024-07-11T08:39:32.666+0000] {processor.py:161} INFO - Started process (PID=361) to work on /home/airflow/.local/lib/python3.10/site-packages/airflow/example_dags/example_sensors.py
[2024-07-11T08:39:32.666+0000] {processor.py:830} INFO - Processing file /home/airflow/.local/lib/python3.10/site-packages/airflow/example_dags/example_sensors.py for tasks to queue
[2024-07-11T08:39:32.667+0000] {logging_mixin.py:188} INFO - [2024-07-11T08:39:32.667+0000] {dagbag.py:540} INFO - Filling up the DagBag from /home/airflow/.local/lib/python3.10/site-packages/airflow/example_dags/example_sensors.py
[2024-07-11T08:39:32.668+0000] {logging_mixin.py:188} INFO - [2024-07-11T08:39:32.667+0000] {dagbag.py:332} DEBUG - Importing /home/airflow/.local/lib/python3.10/site-packages/airflow/example_dags/example_sensors.py
[2024-07-11T08:39:32.674+0000] {logging_mixin.py:188} INFO - [2024-07-11T08:39:32.673+0000] {dagbag.py:506} DEBUG - Loaded DAG <DAG: example_sensors>
[2024-07-11T08:39:32.674+0000] {processor.py:840} INFO - DAG(s) 'example_sensors' retrieved from /home/airflow/.local/lib/python3.10/site-packages/airflow/example_dags/example_sensors.py
[2024-07-11T08:39:32.674+0000] {logging_mixin.py:188} INFO - [2024-07-11T08:39:32.674+0000] {dagbag.py:662} DEBUG - Running dagbag.sync_to_db with retries. Try 1 of 3
[2024-07-11T08:39:32.675+0000] {logging_mixin.py:188} INFO - [2024-07-11T08:39:32.675+0000] {dagbag.py:667} DEBUG - Calling the DAG.bulk_sync_to_db method
[2024-07-11T08:39:32.682+0000] {logging_mixin.py:188} INFO - [2024-07-11T08:39:32.682+0000] {serialized_dag.py:165} DEBUG - Checking if DAG (example_sensors) changed
[2024-07-11T08:39:32.684+0000] {logging_mixin.py:188} INFO - [2024-07-11T08:39:32.684+0000] {plugins_manager.py:322} DEBUG - Plugins are already loaded. Skipping.
[2024-07-11T08:39:32.684+0000] {logging_mixin.py:188} INFO - [2024-07-11T08:39:32.684+0000] {plugins_manager.py:400} DEBUG - Initialize custom taskinstance deps plugins
[2024-07-11T08:39:32.692+0000] {logging_mixin.py:188} INFO - [2024-07-11T08:39:32.692+0000] {serialized_dag.py:176} DEBUG - Serialized DAG (example_sensors) is unchanged. Skipping writing to DB
[2024-07-11T08:39:32.692+0000] {logging_mixin.py:188} INFO - [2024-07-11T08:39:32.692+0000] {dag.py:3047} INFO - Sync 1 DAGs
[2024-07-11T08:39:32.701+0000] {logging_mixin.py:188} INFO - [2024-07-11T08:39:32.701+0000] {dag.py:3834} INFO - Setting next_dagrun for example_sensors to None, run_after=None
[2024-07-11T08:39:32.714+0000] {processor.py:183} INFO - Processing /home/airflow/.local/lib/python3.10/site-packages/airflow/example_dags/example_sensors.py took 0.051 seconds
[2024-07-11T08:40:02.865+0000] {logging_mixin.py:188} INFO - [2024-07-11T08:40:02.864+0000] {settings.py:249} DEBUG - Setting up DB connection pool (PID 417)
[2024-07-11T08:40:02.865+0000] {logging_mixin.py:188} INFO - [2024-07-11T08:40:02.865+0000] {settings.py:350} DEBUG - settings.prepare_engine_args(): Using pool settings. pool_size=5, max_overflow=10, pool_recycle=1800, pid=417
[2024-07-11T08:40:02.868+0000] {processor.py:161} INFO - Started process (PID=417) to work on /home/airflow/.local/lib/python3.10/site-packages/airflow/example_dags/example_sensors.py
[2024-07-11T08:40:02.868+0000] {processor.py:830} INFO - Processing file /home/airflow/.local/lib/python3.10/site-packages/airflow/example_dags/example_sensors.py for tasks to queue
[2024-07-11T08:40:02.868+0000] {logging_mixin.py:188} INFO - [2024-07-11T08:40:02.868+0000] {dagbag.py:540} INFO - Filling up the DagBag from /home/airflow/.local/lib/python3.10/site-packages/airflow/example_dags/example_sensors.py
[2024-07-11T08:40:02.869+0000] {logging_mixin.py:188} INFO - [2024-07-11T08:40:02.869+0000] {dagbag.py:332} DEBUG - Importing /home/airflow/.local/lib/python3.10/site-packages/airflow/example_dags/example_sensors.py
[2024-07-11T08:40:02.875+0000] {logging_mixin.py:188} INFO - [2024-07-11T08:40:02.875+0000] {dagbag.py:506} DEBUG - Loaded DAG <DAG: example_sensors>
[2024-07-11T08:40:02.876+0000] {processor.py:840} INFO - DAG(s) 'example_sensors' retrieved from /home/airflow/.local/lib/python3.10/site-packages/airflow/example_dags/example_sensors.py
[2024-07-11T08:40:02.876+0000] {logging_mixin.py:188} INFO - [2024-07-11T08:40:02.876+0000] {dagbag.py:662} DEBUG - Running dagbag.sync_to_db with retries. Try 1 of 3
[2024-07-11T08:40:02.877+0000] {logging_mixin.py:188} INFO - [2024-07-11T08:40:02.877+0000] {dagbag.py:667} DEBUG - Calling the DAG.bulk_sync_to_db method
[2024-07-11T08:40:02.884+0000] {logging_mixin.py:188} INFO - [2024-07-11T08:40:02.884+0000] {serialized_dag.py:165} DEBUG - Checking if DAG (example_sensors) changed
[2024-07-11T08:40:02.886+0000] {logging_mixin.py:188} INFO - [2024-07-11T08:40:02.886+0000] {plugins_manager.py:322} DEBUG - Plugins are already loaded. Skipping.
[2024-07-11T08:40:02.886+0000] {logging_mixin.py:188} INFO - [2024-07-11T08:40:02.886+0000] {plugins_manager.py:400} DEBUG - Initialize custom taskinstance deps plugins
[2024-07-11T08:40:02.895+0000] {logging_mixin.py:188} INFO - [2024-07-11T08:40:02.895+0000] {serialized_dag.py:176} DEBUG - Serialized DAG (example_sensors) is unchanged. Skipping writing to DB
[2024-07-11T08:40:02.896+0000] {logging_mixin.py:188} INFO - [2024-07-11T08:40:02.896+0000] {dag.py:3047} INFO - Sync 1 DAGs
[2024-07-11T08:40:02.905+0000] {logging_mixin.py:188} INFO - [2024-07-11T08:40:02.905+0000] {dag.py:3834} INFO - Setting next_dagrun for example_sensors to None, run_after=None
[2024-07-11T08:40:02.919+0000] {processor.py:183} INFO - Processing /home/airflow/.local/lib/python3.10/site-packages/airflow/example_dags/example_sensors.py took 0.055 seconds
[2024-07-11T08:41:13.913+0000] {logging_mixin.py:188} INFO - [2024-07-11T08:41:13.913+0000] {settings.py:249} DEBUG - Setting up DB connection pool (PID 75)
[2024-07-11T08:41:13.914+0000] {logging_mixin.py:188} INFO - [2024-07-11T08:41:13.914+0000] {settings.py:350} DEBUG - settings.prepare_engine_args(): Using pool settings. pool_size=5, max_overflow=10, pool_recycle=1800, pid=75
[2024-07-11T08:41:13.917+0000] {processor.py:161} INFO - Started process (PID=75) to work on /home/airflow/.local/lib/python3.10/site-packages/airflow/example_dags/example_sensors.py
[2024-07-11T08:41:13.917+0000] {processor.py:830} INFO - Processing file /home/airflow/.local/lib/python3.10/site-packages/airflow/example_dags/example_sensors.py for tasks to queue
[2024-07-11T08:41:13.918+0000] {logging_mixin.py:188} INFO - [2024-07-11T08:41:13.918+0000] {dagbag.py:540} INFO - Filling up the DagBag from /home/airflow/.local/lib/python3.10/site-packages/airflow/example_dags/example_sensors.py
[2024-07-11T08:41:13.919+0000] {logging_mixin.py:188} INFO - [2024-07-11T08:41:13.919+0000] {dagbag.py:332} DEBUG - Importing /home/airflow/.local/lib/python3.10/site-packages/airflow/example_dags/example_sensors.py
[2024-07-11T08:41:13.930+0000] {logging_mixin.py:188} INFO - [2024-07-11T08:41:13.929+0000] {dagbag.py:506} DEBUG - Loaded DAG <DAG: example_sensors>
[2024-07-11T08:41:13.930+0000] {processor.py:840} INFO - DAG(s) 'example_sensors' retrieved from /home/airflow/.local/lib/python3.10/site-packages/airflow/example_dags/example_sensors.py
[2024-07-11T08:41:13.931+0000] {logging_mixin.py:188} INFO - [2024-07-11T08:41:13.931+0000] {dagbag.py:662} DEBUG - Running dagbag.sync_to_db with retries. Try 1 of 3
[2024-07-11T08:41:13.932+0000] {logging_mixin.py:188} INFO - [2024-07-11T08:41:13.932+0000] {dagbag.py:667} DEBUG - Calling the DAG.bulk_sync_to_db method
[2024-07-11T08:41:13.942+0000] {logging_mixin.py:188} INFO - [2024-07-11T08:41:13.942+0000] {dag.py:3047} INFO - Sync 1 DAGs
[2024-07-11T08:41:13.957+0000] {logging_mixin.py:188} INFO - [2024-07-11T08:41:13.956+0000] {dag.py:3834} INFO - Setting next_dagrun for example_sensors to None, run_after=None
[2024-07-11T08:41:13.975+0000] {processor.py:183} INFO - Processing /home/airflow/.local/lib/python3.10/site-packages/airflow/example_dags/example_sensors.py took 0.062 seconds
[2024-07-11T08:41:45.698+0000] {logging_mixin.py:188} INFO - [2024-07-11T08:41:45.698+0000] {settings.py:249} DEBUG - Setting up DB connection pool (PID 131)
[2024-07-11T08:41:45.699+0000] {logging_mixin.py:188} INFO - [2024-07-11T08:41:45.699+0000] {settings.py:350} DEBUG - settings.prepare_engine_args(): Using pool settings. pool_size=5, max_overflow=10, pool_recycle=1800, pid=131
[2024-07-11T08:41:45.701+0000] {processor.py:161} INFO - Started process (PID=131) to work on /home/airflow/.local/lib/python3.10/site-packages/airflow/example_dags/example_sensors.py
[2024-07-11T08:41:45.701+0000] {processor.py:830} INFO - Processing file /home/airflow/.local/lib/python3.10/site-packages/airflow/example_dags/example_sensors.py for tasks to queue
[2024-07-11T08:41:45.702+0000] {logging_mixin.py:188} INFO - [2024-07-11T08:41:45.702+0000] {dagbag.py:540} INFO - Filling up the DagBag from /home/airflow/.local/lib/python3.10/site-packages/airflow/example_dags/example_sensors.py
[2024-07-11T08:41:45.703+0000] {logging_mixin.py:188} INFO - [2024-07-11T08:41:45.703+0000] {dagbag.py:332} DEBUG - Importing /home/airflow/.local/lib/python3.10/site-packages/airflow/example_dags/example_sensors.py
[2024-07-11T08:41:45.709+0000] {logging_mixin.py:188} INFO - [2024-07-11T08:41:45.709+0000] {dagbag.py:506} DEBUG - Loaded DAG <DAG: example_sensors>
[2024-07-11T08:41:45.709+0000] {processor.py:840} INFO - DAG(s) 'example_sensors' retrieved from /home/airflow/.local/lib/python3.10/site-packages/airflow/example_dags/example_sensors.py
[2024-07-11T08:41:45.710+0000] {logging_mixin.py:188} INFO - [2024-07-11T08:41:45.710+0000] {dagbag.py:662} DEBUG - Running dagbag.sync_to_db with retries. Try 1 of 3
[2024-07-11T08:41:45.710+0000] {logging_mixin.py:188} INFO - [2024-07-11T08:41:45.710+0000] {dagbag.py:667} DEBUG - Calling the DAG.bulk_sync_to_db method
[2024-07-11T08:41:45.718+0000] {logging_mixin.py:188} INFO - [2024-07-11T08:41:45.718+0000] {serialized_dag.py:165} DEBUG - Checking if DAG (example_sensors) changed
[2024-07-11T08:41:45.720+0000] {logging_mixin.py:188} INFO - [2024-07-11T08:41:45.720+0000] {plugins_manager.py:322} DEBUG - Plugins are already loaded. Skipping.
[2024-07-11T08:41:45.720+0000] {logging_mixin.py:188} INFO - [2024-07-11T08:41:45.720+0000] {plugins_manager.py:400} DEBUG - Initialize custom taskinstance deps plugins
[2024-07-11T08:41:45.728+0000] {logging_mixin.py:188} INFO - [2024-07-11T08:41:45.728+0000] {serialized_dag.py:179} DEBUG - Writing Serialized DAG: example_sensors to the DB
[2024-07-11T08:41:45.731+0000] {logging_mixin.py:188} INFO - [2024-07-11T08:41:45.731+0000] {serialized_dag.py:181} DEBUG - DAG: example_sensors written to the DB
[2024-07-11T08:41:45.731+0000] {logging_mixin.py:188} INFO - [2024-07-11T08:41:45.731+0000] {dagbag.py:696} DEBUG - Syncing DAG permissions: example_sensors to the DB
[2024-07-11T08:41:45.789+0000] {logging_mixin.py:188} INFO - [2024-07-11T08:41:45.788+0000] {override.py:1034} DEBUG - Not syncing DAG-level permissions for DAG 'DAG:example_sensors' as access control is unset.
[2024-07-11T08:41:45.789+0000] {logging_mixin.py:188} INFO - [2024-07-11T08:41:45.789+0000] {dag.py:3047} INFO - Sync 1 DAGs
[2024-07-11T08:41:45.797+0000] {logging_mixin.py:188} INFO - [2024-07-11T08:41:45.796+0000] {dag.py:3834} INFO - Setting next_dagrun for example_sensors to None, run_after=None
[2024-07-11T08:41:45.810+0000] {processor.py:183} INFO - Processing /home/airflow/.local/lib/python3.10/site-packages/airflow/example_dags/example_sensors.py took 0.112 seconds
[2024-07-11T08:42:16.586+0000] {logging_mixin.py:188} INFO - [2024-07-11T08:42:16.586+0000] {settings.py:249} DEBUG - Setting up DB connection pool (PID 187)
[2024-07-11T08:42:16.587+0000] {logging_mixin.py:188} INFO - [2024-07-11T08:42:16.587+0000] {settings.py:350} DEBUG - settings.prepare_engine_args(): Using pool settings. pool_size=5, max_overflow=10, pool_recycle=1800, pid=187
[2024-07-11T08:42:16.589+0000] {processor.py:161} INFO - Started process (PID=187) to work on /home/airflow/.local/lib/python3.10/site-packages/airflow/example_dags/example_sensors.py
[2024-07-11T08:42:16.589+0000] {processor.py:830} INFO - Processing file /home/airflow/.local/lib/python3.10/site-packages/airflow/example_dags/example_sensors.py for tasks to queue
[2024-07-11T08:42:16.590+0000] {logging_mixin.py:188} INFO - [2024-07-11T08:42:16.590+0000] {dagbag.py:540} INFO - Filling up the DagBag from /home/airflow/.local/lib/python3.10/site-packages/airflow/example_dags/example_sensors.py
[2024-07-11T08:42:16.591+0000] {logging_mixin.py:188} INFO - [2024-07-11T08:42:16.590+0000] {dagbag.py:332} DEBUG - Importing /home/airflow/.local/lib/python3.10/site-packages/airflow/example_dags/example_sensors.py
[2024-07-11T08:42:16.596+0000] {logging_mixin.py:188} INFO - [2024-07-11T08:42:16.596+0000] {dagbag.py:506} DEBUG - Loaded DAG <DAG: example_sensors>
[2024-07-11T08:42:16.596+0000] {processor.py:840} INFO - DAG(s) 'example_sensors' retrieved from /home/airflow/.local/lib/python3.10/site-packages/airflow/example_dags/example_sensors.py
[2024-07-11T08:42:16.597+0000] {logging_mixin.py:188} INFO - [2024-07-11T08:42:16.597+0000] {dagbag.py:662} DEBUG - Running dagbag.sync_to_db with retries. Try 1 of 3
[2024-07-11T08:42:16.597+0000] {logging_mixin.py:188} INFO - [2024-07-11T08:42:16.597+0000] {dagbag.py:667} DEBUG - Calling the DAG.bulk_sync_to_db method
[2024-07-11T08:42:16.604+0000] {logging_mixin.py:188} INFO - [2024-07-11T08:42:16.604+0000] {serialized_dag.py:165} DEBUG - Checking if DAG (example_sensors) changed
[2024-07-11T08:42:16.606+0000] {logging_mixin.py:188} INFO - [2024-07-11T08:42:16.606+0000] {plugins_manager.py:322} DEBUG - Plugins are already loaded. Skipping.
[2024-07-11T08:42:16.606+0000] {logging_mixin.py:188} INFO - [2024-07-11T08:42:16.606+0000] {plugins_manager.py:400} DEBUG - Initialize custom taskinstance deps plugins
[2024-07-11T08:42:16.614+0000] {logging_mixin.py:188} INFO - [2024-07-11T08:42:16.614+0000] {serialized_dag.py:176} DEBUG - Serialized DAG (example_sensors) is unchanged. Skipping writing to DB
[2024-07-11T08:42:16.615+0000] {logging_mixin.py:188} INFO - [2024-07-11T08:42:16.614+0000] {dag.py:3047} INFO - Sync 1 DAGs
[2024-07-11T08:42:16.623+0000] {logging_mixin.py:188} INFO - [2024-07-11T08:42:16.623+0000] {dag.py:3834} INFO - Setting next_dagrun for example_sensors to None, run_after=None
[2024-07-11T08:42:16.635+0000] {processor.py:183} INFO - Processing /home/airflow/.local/lib/python3.10/site-packages/airflow/example_dags/example_sensors.py took 0.049 seconds
[2024-07-11T08:42:46.839+0000] {logging_mixin.py:188} INFO - [2024-07-11T08:42:46.839+0000] {settings.py:249} DEBUG - Setting up DB connection pool (PID 243)
[2024-07-11T08:42:46.840+0000] {logging_mixin.py:188} INFO - [2024-07-11T08:42:46.840+0000] {settings.py:350} DEBUG - settings.prepare_engine_args(): Using pool settings. pool_size=5, max_overflow=10, pool_recycle=1800, pid=243
[2024-07-11T08:42:46.841+0000] {processor.py:161} INFO - Started process (PID=243) to work on /home/airflow/.local/lib/python3.10/site-packages/airflow/example_dags/example_sensors.py
[2024-07-11T08:42:46.842+0000] {processor.py:830} INFO - Processing file /home/airflow/.local/lib/python3.10/site-packages/airflow/example_dags/example_sensors.py for tasks to queue
[2024-07-11T08:42:46.842+0000] {logging_mixin.py:188} INFO - [2024-07-11T08:42:46.842+0000] {dagbag.py:540} INFO - Filling up the DagBag from /home/airflow/.local/lib/python3.10/site-packages/airflow/example_dags/example_sensors.py
[2024-07-11T08:42:46.843+0000] {logging_mixin.py:188} INFO - [2024-07-11T08:42:46.843+0000] {dagbag.py:332} DEBUG - Importing /home/airflow/.local/lib/python3.10/site-packages/airflow/example_dags/example_sensors.py
[2024-07-11T08:42:46.848+0000] {logging_mixin.py:188} INFO - [2024-07-11T08:42:46.848+0000] {dagbag.py:506} DEBUG - Loaded DAG <DAG: example_sensors>
[2024-07-11T08:42:46.848+0000] {processor.py:840} INFO - DAG(s) 'example_sensors' retrieved from /home/airflow/.local/lib/python3.10/site-packages/airflow/example_dags/example_sensors.py
[2024-07-11T08:42:46.849+0000] {logging_mixin.py:188} INFO - [2024-07-11T08:42:46.849+0000] {dagbag.py:662} DEBUG - Running dagbag.sync_to_db with retries. Try 1 of 3
[2024-07-11T08:42:46.849+0000] {logging_mixin.py:188} INFO - [2024-07-11T08:42:46.849+0000] {dagbag.py:667} DEBUG - Calling the DAG.bulk_sync_to_db method
[2024-07-11T08:42:46.857+0000] {logging_mixin.py:188} INFO - [2024-07-11T08:42:46.856+0000] {serialized_dag.py:165} DEBUG - Checking if DAG (example_sensors) changed
[2024-07-11T08:42:46.858+0000] {logging_mixin.py:188} INFO - [2024-07-11T08:42:46.858+0000] {plugins_manager.py:322} DEBUG - Plugins are already loaded. Skipping.
[2024-07-11T08:42:46.858+0000] {logging_mixin.py:188} INFO - [2024-07-11T08:42:46.858+0000] {plugins_manager.py:400} DEBUG - Initialize custom taskinstance deps plugins
[2024-07-11T08:42:46.866+0000] {logging_mixin.py:188} INFO - [2024-07-11T08:42:46.865+0000] {serialized_dag.py:176} DEBUG - Serialized DAG (example_sensors) is unchanged. Skipping writing to DB
[2024-07-11T08:42:46.866+0000] {logging_mixin.py:188} INFO - [2024-07-11T08:42:46.866+0000] {dag.py:3047} INFO - Sync 1 DAGs
[2024-07-11T08:42:46.874+0000] {logging_mixin.py:188} INFO - [2024-07-11T08:42:46.874+0000] {dag.py:3834} INFO - Setting next_dagrun for example_sensors to None, run_after=None
[2024-07-11T08:42:46.888+0000] {processor.py:183} INFO - Processing /home/airflow/.local/lib/python3.10/site-packages/airflow/example_dags/example_sensors.py took 0.049 seconds
[2024-07-11T08:43:17.069+0000] {logging_mixin.py:188} INFO - [2024-07-11T08:43:17.069+0000] {settings.py:249} DEBUG - Setting up DB connection pool (PID 305)
[2024-07-11T08:43:17.070+0000] {logging_mixin.py:188} INFO - [2024-07-11T08:43:17.070+0000] {settings.py:350} DEBUG - settings.prepare_engine_args(): Using pool settings. pool_size=5, max_overflow=10, pool_recycle=1800, pid=305
[2024-07-11T08:43:17.072+0000] {processor.py:161} INFO - Started process (PID=305) to work on /home/airflow/.local/lib/python3.10/site-packages/airflow/example_dags/example_sensors.py
[2024-07-11T08:43:17.072+0000] {processor.py:830} INFO - Processing file /home/airflow/.local/lib/python3.10/site-packages/airflow/example_dags/example_sensors.py for tasks to queue
[2024-07-11T08:43:17.072+0000] {logging_mixin.py:188} INFO - [2024-07-11T08:43:17.072+0000] {dagbag.py:540} INFO - Filling up the DagBag from /home/airflow/.local/lib/python3.10/site-packages/airflow/example_dags/example_sensors.py
[2024-07-11T08:43:17.073+0000] {logging_mixin.py:188} INFO - [2024-07-11T08:43:17.073+0000] {dagbag.py:332} DEBUG - Importing /home/airflow/.local/lib/python3.10/site-packages/airflow/example_dags/example_sensors.py
[2024-07-11T08:43:17.079+0000] {logging_mixin.py:188} INFO - [2024-07-11T08:43:17.079+0000] {dagbag.py:506} DEBUG - Loaded DAG <DAG: example_sensors>
[2024-07-11T08:43:17.079+0000] {processor.py:840} INFO - DAG(s) 'example_sensors' retrieved from /home/airflow/.local/lib/python3.10/site-packages/airflow/example_dags/example_sensors.py
[2024-07-11T08:43:17.080+0000] {logging_mixin.py:188} INFO - [2024-07-11T08:43:17.080+0000] {dagbag.py:662} DEBUG - Running dagbag.sync_to_db with retries. Try 1 of 3
[2024-07-11T08:43:17.080+0000] {logging_mixin.py:188} INFO - [2024-07-11T08:43:17.080+0000] {dagbag.py:667} DEBUG - Calling the DAG.bulk_sync_to_db method
[2024-07-11T08:43:17.088+0000] {logging_mixin.py:188} INFO - [2024-07-11T08:43:17.088+0000] {serialized_dag.py:165} DEBUG - Checking if DAG (example_sensors) changed
[2024-07-11T08:43:17.090+0000] {logging_mixin.py:188} INFO - [2024-07-11T08:43:17.089+0000] {plugins_manager.py:322} DEBUG - Plugins are already loaded. Skipping.
[2024-07-11T08:43:17.090+0000] {logging_mixin.py:188} INFO - [2024-07-11T08:43:17.090+0000] {plugins_manager.py:400} DEBUG - Initialize custom taskinstance deps plugins
[2024-07-11T08:43:17.098+0000] {logging_mixin.py:188} INFO - [2024-07-11T08:43:17.097+0000] {serialized_dag.py:176} DEBUG - Serialized DAG (example_sensors) is unchanged. Skipping writing to DB
[2024-07-11T08:43:17.098+0000] {logging_mixin.py:188} INFO - [2024-07-11T08:43:17.098+0000] {dag.py:3047} INFO - Sync 1 DAGs
[2024-07-11T08:43:17.107+0000] {logging_mixin.py:188} INFO - [2024-07-11T08:43:17.107+0000] {dag.py:3834} INFO - Setting next_dagrun for example_sensors to None, run_after=None
[2024-07-11T08:43:17.120+0000] {processor.py:183} INFO - Processing /home/airflow/.local/lib/python3.10/site-packages/airflow/example_dags/example_sensors.py took 0.051 seconds
[2024-07-11T08:43:47.320+0000] {logging_mixin.py:188} INFO - [2024-07-11T08:43:47.319+0000] {settings.py:249} DEBUG - Setting up DB connection pool (PID 361)
[2024-07-11T08:43:47.321+0000] {logging_mixin.py:188} INFO - [2024-07-11T08:43:47.321+0000] {settings.py:350} DEBUG - settings.prepare_engine_args(): Using pool settings. pool_size=5, max_overflow=10, pool_recycle=1800, pid=361
[2024-07-11T08:43:47.323+0000] {processor.py:161} INFO - Started process (PID=361) to work on /home/airflow/.local/lib/python3.10/site-packages/airflow/example_dags/example_sensors.py
[2024-07-11T08:43:47.324+0000] {processor.py:830} INFO - Processing file /home/airflow/.local/lib/python3.10/site-packages/airflow/example_dags/example_sensors.py for tasks to queue
[2024-07-11T08:43:47.325+0000] {logging_mixin.py:188} INFO - [2024-07-11T08:43:47.325+0000] {dagbag.py:540} INFO - Filling up the DagBag from /home/airflow/.local/lib/python3.10/site-packages/airflow/example_dags/example_sensors.py
[2024-07-11T08:43:47.326+0000] {logging_mixin.py:188} INFO - [2024-07-11T08:43:47.326+0000] {dagbag.py:332} DEBUG - Importing /home/airflow/.local/lib/python3.10/site-packages/airflow/example_dags/example_sensors.py
[2024-07-11T08:43:47.333+0000] {logging_mixin.py:188} INFO - [2024-07-11T08:43:47.333+0000] {dagbag.py:506} DEBUG - Loaded DAG <DAG: example_sensors>
[2024-07-11T08:43:47.334+0000] {processor.py:840} INFO - DAG(s) 'example_sensors' retrieved from /home/airflow/.local/lib/python3.10/site-packages/airflow/example_dags/example_sensors.py
[2024-07-11T08:43:47.335+0000] {logging_mixin.py:188} INFO - [2024-07-11T08:43:47.334+0000] {dagbag.py:662} DEBUG - Running dagbag.sync_to_db with retries. Try 1 of 3
[2024-07-11T08:43:47.335+0000] {logging_mixin.py:188} INFO - [2024-07-11T08:43:47.335+0000] {dagbag.py:667} DEBUG - Calling the DAG.bulk_sync_to_db method
[2024-07-11T08:43:47.344+0000] {logging_mixin.py:188} INFO - [2024-07-11T08:43:47.344+0000] {serialized_dag.py:165} DEBUG - Checking if DAG (example_sensors) changed
[2024-07-11T08:43:47.347+0000] {logging_mixin.py:188} INFO - [2024-07-11T08:43:47.346+0000] {plugins_manager.py:322} DEBUG - Plugins are already loaded. Skipping.
[2024-07-11T08:43:47.347+0000] {logging_mixin.py:188} INFO - [2024-07-11T08:43:47.347+0000] {plugins_manager.py:400} DEBUG - Initialize custom taskinstance deps plugins
[2024-07-11T08:43:47.357+0000] {logging_mixin.py:188} INFO - [2024-07-11T08:43:47.356+0000] {serialized_dag.py:176} DEBUG - Serialized DAG (example_sensors) is unchanged. Skipping writing to DB
[2024-07-11T08:43:47.357+0000] {logging_mixin.py:188} INFO - [2024-07-11T08:43:47.357+0000] {dag.py:3047} INFO - Sync 1 DAGs
[2024-07-11T08:43:47.367+0000] {logging_mixin.py:188} INFO - [2024-07-11T08:43:47.367+0000] {dag.py:3834} INFO - Setting next_dagrun for example_sensors to None, run_after=None
[2024-07-11T08:43:47.384+0000] {processor.py:183} INFO - Processing /home/airflow/.local/lib/python3.10/site-packages/airflow/example_dags/example_sensors.py took 0.064 seconds
[2024-07-11T08:44:17.799+0000] {logging_mixin.py:188} INFO - [2024-07-11T08:44:17.799+0000] {settings.py:249} DEBUG - Setting up DB connection pool (PID 417)
[2024-07-11T08:44:17.800+0000] {logging_mixin.py:188} INFO - [2024-07-11T08:44:17.800+0000] {settings.py:350} DEBUG - settings.prepare_engine_args(): Using pool settings. pool_size=5, max_overflow=10, pool_recycle=1800, pid=417
[2024-07-11T08:44:17.802+0000] {processor.py:161} INFO - Started process (PID=417) to work on /home/airflow/.local/lib/python3.10/site-packages/airflow/example_dags/example_sensors.py
[2024-07-11T08:44:17.802+0000] {processor.py:830} INFO - Processing file /home/airflow/.local/lib/python3.10/site-packages/airflow/example_dags/example_sensors.py for tasks to queue
[2024-07-11T08:44:17.803+0000] {logging_mixin.py:188} INFO - [2024-07-11T08:44:17.803+0000] {dagbag.py:540} INFO - Filling up the DagBag from /home/airflow/.local/lib/python3.10/site-packages/airflow/example_dags/example_sensors.py
[2024-07-11T08:44:17.804+0000] {logging_mixin.py:188} INFO - [2024-07-11T08:44:17.803+0000] {dagbag.py:332} DEBUG - Importing /home/airflow/.local/lib/python3.10/site-packages/airflow/example_dags/example_sensors.py
[2024-07-11T08:44:17.809+0000] {logging_mixin.py:188} INFO - [2024-07-11T08:44:17.809+0000] {dagbag.py:506} DEBUG - Loaded DAG <DAG: example_sensors>
[2024-07-11T08:44:17.810+0000] {processor.py:840} INFO - DAG(s) 'example_sensors' retrieved from /home/airflow/.local/lib/python3.10/site-packages/airflow/example_dags/example_sensors.py
[2024-07-11T08:44:17.810+0000] {logging_mixin.py:188} INFO - [2024-07-11T08:44:17.810+0000] {dagbag.py:662} DEBUG - Running dagbag.sync_to_db with retries. Try 1 of 3
[2024-07-11T08:44:17.810+0000] {logging_mixin.py:188} INFO - [2024-07-11T08:44:17.810+0000] {dagbag.py:667} DEBUG - Calling the DAG.bulk_sync_to_db method
[2024-07-11T08:44:17.818+0000] {logging_mixin.py:188} INFO - [2024-07-11T08:44:17.817+0000] {serialized_dag.py:165} DEBUG - Checking if DAG (example_sensors) changed
[2024-07-11T08:44:17.819+0000] {logging_mixin.py:188} INFO - [2024-07-11T08:44:17.819+0000] {plugins_manager.py:322} DEBUG - Plugins are already loaded. Skipping.
[2024-07-11T08:44:17.819+0000] {logging_mixin.py:188} INFO - [2024-07-11T08:44:17.819+0000] {plugins_manager.py:400} DEBUG - Initialize custom taskinstance deps plugins
[2024-07-11T08:44:17.827+0000] {logging_mixin.py:188} INFO - [2024-07-11T08:44:17.827+0000] {serialized_dag.py:176} DEBUG - Serialized DAG (example_sensors) is unchanged. Skipping writing to DB
[2024-07-11T08:44:17.827+0000] {logging_mixin.py:188} INFO - [2024-07-11T08:44:17.827+0000] {dag.py:3047} INFO - Sync 1 DAGs
[2024-07-11T08:44:17.836+0000] {logging_mixin.py:188} INFO - [2024-07-11T08:44:17.836+0000] {dag.py:3834} INFO - Setting next_dagrun for example_sensors to None, run_after=None
[2024-07-11T08:44:17.849+0000] {processor.py:183} INFO - Processing /home/airflow/.local/lib/python3.10/site-packages/airflow/example_dags/example_sensors.py took 0.050 seconds
[2024-07-11T08:44:48.075+0000] {logging_mixin.py:188} INFO - [2024-07-11T08:44:48.075+0000] {settings.py:249} DEBUG - Setting up DB connection pool (PID 473)
[2024-07-11T08:44:48.076+0000] {logging_mixin.py:188} INFO - [2024-07-11T08:44:48.076+0000] {settings.py:350} DEBUG - settings.prepare_engine_args(): Using pool settings. pool_size=5, max_overflow=10, pool_recycle=1800, pid=473
[2024-07-11T08:44:48.078+0000] {processor.py:161} INFO - Started process (PID=473) to work on /home/airflow/.local/lib/python3.10/site-packages/airflow/example_dags/example_sensors.py
[2024-07-11T08:44:48.078+0000] {processor.py:830} INFO - Processing file /home/airflow/.local/lib/python3.10/site-packages/airflow/example_dags/example_sensors.py for tasks to queue
[2024-07-11T08:44:48.078+0000] {logging_mixin.py:188} INFO - [2024-07-11T08:44:48.078+0000] {dagbag.py:540} INFO - Filling up the DagBag from /home/airflow/.local/lib/python3.10/site-packages/airflow/example_dags/example_sensors.py
[2024-07-11T08:44:48.079+0000] {logging_mixin.py:188} INFO - [2024-07-11T08:44:48.079+0000] {dagbag.py:332} DEBUG - Importing /home/airflow/.local/lib/python3.10/site-packages/airflow/example_dags/example_sensors.py
[2024-07-11T08:44:48.087+0000] {logging_mixin.py:188} INFO - [2024-07-11T08:44:48.086+0000] {dagbag.py:506} DEBUG - Loaded DAG <DAG: example_sensors>
[2024-07-11T08:44:48.087+0000] {processor.py:840} INFO - DAG(s) 'example_sensors' retrieved from /home/airflow/.local/lib/python3.10/site-packages/airflow/example_dags/example_sensors.py
[2024-07-11T08:44:48.088+0000] {logging_mixin.py:188} INFO - [2024-07-11T08:44:48.088+0000] {dagbag.py:662} DEBUG - Running dagbag.sync_to_db with retries. Try 1 of 3
[2024-07-11T08:44:48.088+0000] {logging_mixin.py:188} INFO - [2024-07-11T08:44:48.088+0000] {dagbag.py:667} DEBUG - Calling the DAG.bulk_sync_to_db method
[2024-07-11T08:44:48.096+0000] {logging_mixin.py:188} INFO - [2024-07-11T08:44:48.096+0000] {serialized_dag.py:165} DEBUG - Checking if DAG (example_sensors) changed
[2024-07-11T08:44:48.098+0000] {logging_mixin.py:188} INFO - [2024-07-11T08:44:48.098+0000] {plugins_manager.py:322} DEBUG - Plugins are already loaded. Skipping.
[2024-07-11T08:44:48.099+0000] {logging_mixin.py:188} INFO - [2024-07-11T08:44:48.099+0000] {plugins_manager.py:400} DEBUG - Initialize custom taskinstance deps plugins
[2024-07-11T08:44:48.107+0000] {logging_mixin.py:188} INFO - [2024-07-11T08:44:48.107+0000] {serialized_dag.py:176} DEBUG - Serialized DAG (example_sensors) is unchanged. Skipping writing to DB
[2024-07-11T08:44:48.107+0000] {logging_mixin.py:188} INFO - [2024-07-11T08:44:48.107+0000] {dag.py:3047} INFO - Sync 1 DAGs
[2024-07-11T08:44:48.118+0000] {logging_mixin.py:188} INFO - [2024-07-11T08:44:48.118+0000] {dag.py:3834} INFO - Setting next_dagrun for example_sensors to None, run_after=None
[2024-07-11T08:44:48.136+0000] {processor.py:183} INFO - Processing /home/airflow/.local/lib/python3.10/site-packages/airflow/example_dags/example_sensors.py took 0.061 seconds
