[2024-07-11T08:36:59.020+0000] {logging_mixin.py:188} INFO - [2024-07-11T08:36:59.019+0000] {settings.py:249} DEBUG - Setting up DB connection pool (PID 59)
[2024-07-11T08:36:59.020+0000] {logging_mixin.py:188} INFO - [2024-07-11T08:36:59.020+0000] {settings.py:350} DEBUG - settings.prepare_engine_args(): Using pool settings. pool_size=5, max_overflow=10, pool_recycle=1800, pid=59
[2024-07-11T08:36:59.023+0000] {processor.py:161} INFO - Started process (PID=59) to work on /home/airflow/.local/lib/python3.10/site-packages/airflow/example_dags/example_branch_operator_decorator.py
[2024-07-11T08:36:59.023+0000] {processor.py:830} INFO - Processing file /home/airflow/.local/lib/python3.10/site-packages/airflow/example_dags/example_branch_operator_decorator.py for tasks to queue
[2024-07-11T08:36:59.024+0000] {logging_mixin.py:188} INFO - [2024-07-11T08:36:59.024+0000] {dagbag.py:540} INFO - Filling up the DagBag from /home/airflow/.local/lib/python3.10/site-packages/airflow/example_dags/example_branch_operator_decorator.py
[2024-07-11T08:36:59.025+0000] {logging_mixin.py:188} INFO - [2024-07-11T08:36:59.025+0000] {dagbag.py:332} DEBUG - Importing /home/airflow/.local/lib/python3.10/site-packages/airflow/example_dags/example_branch_operator_decorator.py
[2024-07-11T08:36:59.028+0000] {logging_mixin.py:188} INFO - [2024-07-11T08:36:59.028+0000] {GetText.py:65} DEBUG - /home/airflow/.local/lib/python3.10/site-packages/cron_descriptor/locale/en_US.mo Loaded
[2024-07-11T08:36:59.041+0000] {logging_mixin.py:188} INFO - [2024-07-11T08:36:59.041+0000] {GetText.py:65} DEBUG - /home/airflow/.local/lib/python3.10/site-packages/cron_descriptor/locale/en_US.mo Loaded
[2024-07-11T08:36:59.045+0000] {logging_mixin.py:188} INFO - [2024-07-11T08:36:59.045+0000] {dagbag.py:506} DEBUG - Loaded DAG <DAG: example_branch_python_operator_decorator>
[2024-07-11T08:36:59.046+0000] {processor.py:840} INFO - DAG(s) 'example_branch_python_operator_decorator' retrieved from /home/airflow/.local/lib/python3.10/site-packages/airflow/example_dags/example_branch_operator_decorator.py
[2024-07-11T08:36:59.046+0000] {logging_mixin.py:188} INFO - [2024-07-11T08:36:59.046+0000] {dagbag.py:662} DEBUG - Running dagbag.sync_to_db with retries. Try 1 of 3
[2024-07-11T08:36:59.047+0000] {logging_mixin.py:188} INFO - [2024-07-11T08:36:59.047+0000] {dagbag.py:667} DEBUG - Calling the DAG.bulk_sync_to_db method
[2024-07-11T08:36:59.057+0000] {logging_mixin.py:188} INFO - [2024-07-11T08:36:59.057+0000] {dag.py:3047} INFO - Sync 1 DAGs
[2024-07-11T08:36:59.077+0000] {logging_mixin.py:188} INFO - [2024-07-11T08:36:59.077+0000] {dag.py:3834} INFO - Setting next_dagrun for example_branch_python_operator_decorator to 2024-07-10 00:00:00+00:00, run_after=2024-07-11 00:00:00+00:00
[2024-07-11T08:36:59.096+0000] {processor.py:183} INFO - Processing /home/airflow/.local/lib/python3.10/site-packages/airflow/example_dags/example_branch_operator_decorator.py took 0.077 seconds
[2024-07-11T08:37:29.654+0000] {logging_mixin.py:188} INFO - [2024-07-11T08:37:29.654+0000] {settings.py:249} DEBUG - Setting up DB connection pool (PID 115)
[2024-07-11T08:37:29.655+0000] {logging_mixin.py:188} INFO - [2024-07-11T08:37:29.655+0000] {settings.py:350} DEBUG - settings.prepare_engine_args(): Using pool settings. pool_size=5, max_overflow=10, pool_recycle=1800, pid=115
[2024-07-11T08:37:29.656+0000] {processor.py:161} INFO - Started process (PID=115) to work on /home/airflow/.local/lib/python3.10/site-packages/airflow/example_dags/example_branch_operator_decorator.py
[2024-07-11T08:37:29.657+0000] {processor.py:830} INFO - Processing file /home/airflow/.local/lib/python3.10/site-packages/airflow/example_dags/example_branch_operator_decorator.py for tasks to queue
[2024-07-11T08:37:29.657+0000] {logging_mixin.py:188} INFO - [2024-07-11T08:37:29.657+0000] {dagbag.py:540} INFO - Filling up the DagBag from /home/airflow/.local/lib/python3.10/site-packages/airflow/example_dags/example_branch_operator_decorator.py
[2024-07-11T08:37:29.658+0000] {logging_mixin.py:188} INFO - [2024-07-11T08:37:29.658+0000] {dagbag.py:332} DEBUG - Importing /home/airflow/.local/lib/python3.10/site-packages/airflow/example_dags/example_branch_operator_decorator.py
[2024-07-11T08:37:29.660+0000] {logging_mixin.py:188} INFO - [2024-07-11T08:37:29.660+0000] {GetText.py:65} DEBUG - /home/airflow/.local/lib/python3.10/site-packages/cron_descriptor/locale/en_US.mo Loaded
[2024-07-11T08:37:29.671+0000] {logging_mixin.py:188} INFO - [2024-07-11T08:37:29.671+0000] {GetText.py:65} DEBUG - /home/airflow/.local/lib/python3.10/site-packages/cron_descriptor/locale/en_US.mo Loaded
[2024-07-11T08:37:29.674+0000] {logging_mixin.py:188} INFO - [2024-07-11T08:37:29.674+0000] {dagbag.py:506} DEBUG - Loaded DAG <DAG: example_branch_python_operator_decorator>
[2024-07-11T08:37:29.674+0000] {processor.py:840} INFO - DAG(s) 'example_branch_python_operator_decorator' retrieved from /home/airflow/.local/lib/python3.10/site-packages/airflow/example_dags/example_branch_operator_decorator.py
[2024-07-11T08:37:29.675+0000] {logging_mixin.py:188} INFO - [2024-07-11T08:37:29.675+0000] {dagbag.py:662} DEBUG - Running dagbag.sync_to_db with retries. Try 1 of 3
[2024-07-11T08:37:29.675+0000] {logging_mixin.py:188} INFO - [2024-07-11T08:37:29.675+0000] {dagbag.py:667} DEBUG - Calling the DAG.bulk_sync_to_db method
[2024-07-11T08:37:29.684+0000] {logging_mixin.py:188} INFO - [2024-07-11T08:37:29.683+0000] {serialized_dag.py:165} DEBUG - Checking if DAG (example_branch_python_operator_decorator) changed
[2024-07-11T08:37:29.696+0000] {logging_mixin.py:188} INFO - [2024-07-11T08:37:29.695+0000] {serialized_dag.py:179} DEBUG - Writing Serialized DAG: example_branch_python_operator_decorator to the DB
[2024-07-11T08:37:29.698+0000] {logging_mixin.py:188} INFO - [2024-07-11T08:37:29.698+0000] {serialized_dag.py:181} DEBUG - DAG: example_branch_python_operator_decorator written to the DB
[2024-07-11T08:37:29.699+0000] {logging_mixin.py:188} INFO - [2024-07-11T08:37:29.699+0000] {dagbag.py:696} DEBUG - Syncing DAG permissions: example_branch_python_operator_decorator to the DB
[2024-07-11T08:37:29.759+0000] {logging_mixin.py:188} INFO - [2024-07-11T08:37:29.759+0000] {override.py:1034} DEBUG - Not syncing DAG-level permissions for DAG 'DAG:example_branch_python_operator_decorator' as access control is unset.
[2024-07-11T08:37:29.759+0000] {logging_mixin.py:188} INFO - [2024-07-11T08:37:29.759+0000] {dag.py:3047} INFO - Sync 1 DAGs
[2024-07-11T08:37:29.775+0000] {logging_mixin.py:188} INFO - [2024-07-11T08:37:29.774+0000] {dag.py:3834} INFO - Setting next_dagrun for example_branch_python_operator_decorator to 2024-07-10 00:00:00+00:00, run_after=2024-07-11 00:00:00+00:00
[2024-07-11T08:37:29.802+0000] {processor.py:183} INFO - Processing /home/airflow/.local/lib/python3.10/site-packages/airflow/example_dags/example_branch_operator_decorator.py took 0.148 seconds
[2024-07-11T08:38:00.078+0000] {logging_mixin.py:188} INFO - [2024-07-11T08:38:00.078+0000] {settings.py:249} DEBUG - Setting up DB connection pool (PID 171)
[2024-07-11T08:38:00.079+0000] {logging_mixin.py:188} INFO - [2024-07-11T08:38:00.079+0000] {settings.py:350} DEBUG - settings.prepare_engine_args(): Using pool settings. pool_size=5, max_overflow=10, pool_recycle=1800, pid=171
[2024-07-11T08:38:00.081+0000] {processor.py:161} INFO - Started process (PID=171) to work on /home/airflow/.local/lib/python3.10/site-packages/airflow/example_dags/example_branch_operator_decorator.py
[2024-07-11T08:38:00.081+0000] {processor.py:830} INFO - Processing file /home/airflow/.local/lib/python3.10/site-packages/airflow/example_dags/example_branch_operator_decorator.py for tasks to queue
[2024-07-11T08:38:00.082+0000] {logging_mixin.py:188} INFO - [2024-07-11T08:38:00.082+0000] {dagbag.py:540} INFO - Filling up the DagBag from /home/airflow/.local/lib/python3.10/site-packages/airflow/example_dags/example_branch_operator_decorator.py
[2024-07-11T08:38:00.083+0000] {logging_mixin.py:188} INFO - [2024-07-11T08:38:00.083+0000] {dagbag.py:332} DEBUG - Importing /home/airflow/.local/lib/python3.10/site-packages/airflow/example_dags/example_branch_operator_decorator.py
[2024-07-11T08:38:00.085+0000] {logging_mixin.py:188} INFO - [2024-07-11T08:38:00.085+0000] {GetText.py:65} DEBUG - /home/airflow/.local/lib/python3.10/site-packages/cron_descriptor/locale/en_US.mo Loaded
[2024-07-11T08:38:00.096+0000] {logging_mixin.py:188} INFO - [2024-07-11T08:38:00.096+0000] {GetText.py:65} DEBUG - /home/airflow/.local/lib/python3.10/site-packages/cron_descriptor/locale/en_US.mo Loaded
[2024-07-11T08:38:00.100+0000] {logging_mixin.py:188} INFO - [2024-07-11T08:38:00.099+0000] {dagbag.py:506} DEBUG - Loaded DAG <DAG: example_branch_python_operator_decorator>
[2024-07-11T08:38:00.100+0000] {processor.py:840} INFO - DAG(s) 'example_branch_python_operator_decorator' retrieved from /home/airflow/.local/lib/python3.10/site-packages/airflow/example_dags/example_branch_operator_decorator.py
[2024-07-11T08:38:00.101+0000] {logging_mixin.py:188} INFO - [2024-07-11T08:38:00.100+0000] {dagbag.py:662} DEBUG - Running dagbag.sync_to_db with retries. Try 1 of 3
[2024-07-11T08:38:00.101+0000] {logging_mixin.py:188} INFO - [2024-07-11T08:38:00.101+0000] {dagbag.py:667} DEBUG - Calling the DAG.bulk_sync_to_db method
[2024-07-11T08:38:00.109+0000] {logging_mixin.py:188} INFO - [2024-07-11T08:38:00.109+0000] {serialized_dag.py:165} DEBUG - Checking if DAG (example_branch_python_operator_decorator) changed
[2024-07-11T08:38:00.121+0000] {logging_mixin.py:188} INFO - [2024-07-11T08:38:00.121+0000] {serialized_dag.py:176} DEBUG - Serialized DAG (example_branch_python_operator_decorator) is unchanged. Skipping writing to DB
[2024-07-11T08:38:00.121+0000] {logging_mixin.py:188} INFO - [2024-07-11T08:38:00.121+0000] {dag.py:3047} INFO - Sync 1 DAGs
[2024-07-11T08:38:00.140+0000] {logging_mixin.py:188} INFO - [2024-07-11T08:38:00.140+0000] {dag.py:3834} INFO - Setting next_dagrun for example_branch_python_operator_decorator to 2024-07-10 00:00:00+00:00, run_after=2024-07-11 00:00:00+00:00
[2024-07-11T08:38:00.155+0000] {processor.py:183} INFO - Processing /home/airflow/.local/lib/python3.10/site-packages/airflow/example_dags/example_branch_operator_decorator.py took 0.077 seconds
[2024-07-11T08:38:30.300+0000] {logging_mixin.py:188} INFO - [2024-07-11T08:38:30.299+0000] {settings.py:249} DEBUG - Setting up DB connection pool (PID 227)
[2024-07-11T08:38:30.300+0000] {logging_mixin.py:188} INFO - [2024-07-11T08:38:30.300+0000] {settings.py:350} DEBUG - settings.prepare_engine_args(): Using pool settings. pool_size=5, max_overflow=10, pool_recycle=1800, pid=227
[2024-07-11T08:38:30.302+0000] {processor.py:161} INFO - Started process (PID=227) to work on /home/airflow/.local/lib/python3.10/site-packages/airflow/example_dags/example_branch_operator_decorator.py
[2024-07-11T08:38:30.303+0000] {processor.py:830} INFO - Processing file /home/airflow/.local/lib/python3.10/site-packages/airflow/example_dags/example_branch_operator_decorator.py for tasks to queue
[2024-07-11T08:38:30.303+0000] {logging_mixin.py:188} INFO - [2024-07-11T08:38:30.303+0000] {dagbag.py:540} INFO - Filling up the DagBag from /home/airflow/.local/lib/python3.10/site-packages/airflow/example_dags/example_branch_operator_decorator.py
[2024-07-11T08:38:30.304+0000] {logging_mixin.py:188} INFO - [2024-07-11T08:38:30.304+0000] {dagbag.py:332} DEBUG - Importing /home/airflow/.local/lib/python3.10/site-packages/airflow/example_dags/example_branch_operator_decorator.py
[2024-07-11T08:38:30.306+0000] {logging_mixin.py:188} INFO - [2024-07-11T08:38:30.306+0000] {GetText.py:65} DEBUG - /home/airflow/.local/lib/python3.10/site-packages/cron_descriptor/locale/en_US.mo Loaded
[2024-07-11T08:38:30.318+0000] {logging_mixin.py:188} INFO - [2024-07-11T08:38:30.317+0000] {GetText.py:65} DEBUG - /home/airflow/.local/lib/python3.10/site-packages/cron_descriptor/locale/en_US.mo Loaded
[2024-07-11T08:38:30.323+0000] {logging_mixin.py:188} INFO - [2024-07-11T08:38:30.322+0000] {dagbag.py:506} DEBUG - Loaded DAG <DAG: example_branch_python_operator_decorator>
[2024-07-11T08:38:30.323+0000] {processor.py:840} INFO - DAG(s) 'example_branch_python_operator_decorator' retrieved from /home/airflow/.local/lib/python3.10/site-packages/airflow/example_dags/example_branch_operator_decorator.py
[2024-07-11T08:38:30.324+0000] {logging_mixin.py:188} INFO - [2024-07-11T08:38:30.324+0000] {dagbag.py:662} DEBUG - Running dagbag.sync_to_db with retries. Try 1 of 3
[2024-07-11T08:38:30.324+0000] {logging_mixin.py:188} INFO - [2024-07-11T08:38:30.324+0000] {dagbag.py:667} DEBUG - Calling the DAG.bulk_sync_to_db method
[2024-07-11T08:38:30.333+0000] {logging_mixin.py:188} INFO - [2024-07-11T08:38:30.332+0000] {serialized_dag.py:165} DEBUG - Checking if DAG (example_branch_python_operator_decorator) changed
[2024-07-11T08:38:30.347+0000] {logging_mixin.py:188} INFO - [2024-07-11T08:38:30.347+0000] {serialized_dag.py:176} DEBUG - Serialized DAG (example_branch_python_operator_decorator) is unchanged. Skipping writing to DB
[2024-07-11T08:38:30.347+0000] {logging_mixin.py:188} INFO - [2024-07-11T08:38:30.347+0000] {dag.py:3047} INFO - Sync 1 DAGs
[2024-07-11T08:38:30.366+0000] {logging_mixin.py:188} INFO - [2024-07-11T08:38:30.366+0000] {dag.py:3834} INFO - Setting next_dagrun for example_branch_python_operator_decorator to 2024-07-10 00:00:00+00:00, run_after=2024-07-11 00:00:00+00:00
[2024-07-11T08:38:30.382+0000] {processor.py:183} INFO - Processing /home/airflow/.local/lib/python3.10/site-packages/airflow/example_dags/example_branch_operator_decorator.py took 0.083 seconds
[2024-07-11T08:39:00.622+0000] {logging_mixin.py:188} INFO - [2024-07-11T08:39:00.621+0000] {settings.py:249} DEBUG - Setting up DB connection pool (PID 283)
[2024-07-11T08:39:00.623+0000] {logging_mixin.py:188} INFO - [2024-07-11T08:39:00.622+0000] {settings.py:350} DEBUG - settings.prepare_engine_args(): Using pool settings. pool_size=5, max_overflow=10, pool_recycle=1800, pid=283
[2024-07-11T08:39:00.624+0000] {processor.py:161} INFO - Started process (PID=283) to work on /home/airflow/.local/lib/python3.10/site-packages/airflow/example_dags/example_branch_operator_decorator.py
[2024-07-11T08:39:00.625+0000] {processor.py:830} INFO - Processing file /home/airflow/.local/lib/python3.10/site-packages/airflow/example_dags/example_branch_operator_decorator.py for tasks to queue
[2024-07-11T08:39:00.625+0000] {logging_mixin.py:188} INFO - [2024-07-11T08:39:00.625+0000] {dagbag.py:540} INFO - Filling up the DagBag from /home/airflow/.local/lib/python3.10/site-packages/airflow/example_dags/example_branch_operator_decorator.py
[2024-07-11T08:39:00.626+0000] {logging_mixin.py:188} INFO - [2024-07-11T08:39:00.626+0000] {dagbag.py:332} DEBUG - Importing /home/airflow/.local/lib/python3.10/site-packages/airflow/example_dags/example_branch_operator_decorator.py
[2024-07-11T08:39:00.628+0000] {logging_mixin.py:188} INFO - [2024-07-11T08:39:00.628+0000] {GetText.py:65} DEBUG - /home/airflow/.local/lib/python3.10/site-packages/cron_descriptor/locale/en_US.mo Loaded
[2024-07-11T08:39:00.641+0000] {logging_mixin.py:188} INFO - [2024-07-11T08:39:00.641+0000] {GetText.py:65} DEBUG - /home/airflow/.local/lib/python3.10/site-packages/cron_descriptor/locale/en_US.mo Loaded
[2024-07-11T08:39:00.645+0000] {logging_mixin.py:188} INFO - [2024-07-11T08:39:00.644+0000] {dagbag.py:506} DEBUG - Loaded DAG <DAG: example_branch_python_operator_decorator>
[2024-07-11T08:39:00.645+0000] {processor.py:840} INFO - DAG(s) 'example_branch_python_operator_decorator' retrieved from /home/airflow/.local/lib/python3.10/site-packages/airflow/example_dags/example_branch_operator_decorator.py
[2024-07-11T08:39:00.646+0000] {logging_mixin.py:188} INFO - [2024-07-11T08:39:00.646+0000] {dagbag.py:662} DEBUG - Running dagbag.sync_to_db with retries. Try 1 of 3
[2024-07-11T08:39:00.646+0000] {logging_mixin.py:188} INFO - [2024-07-11T08:39:00.646+0000] {dagbag.py:667} DEBUG - Calling the DAG.bulk_sync_to_db method
[2024-07-11T08:39:00.655+0000] {logging_mixin.py:188} INFO - [2024-07-11T08:39:00.655+0000] {serialized_dag.py:165} DEBUG - Checking if DAG (example_branch_python_operator_decorator) changed
[2024-07-11T08:39:00.668+0000] {logging_mixin.py:188} INFO - [2024-07-11T08:39:00.668+0000] {serialized_dag.py:176} DEBUG - Serialized DAG (example_branch_python_operator_decorator) is unchanged. Skipping writing to DB
[2024-07-11T08:39:00.669+0000] {logging_mixin.py:188} INFO - [2024-07-11T08:39:00.669+0000] {dag.py:3047} INFO - Sync 1 DAGs
[2024-07-11T08:39:00.687+0000] {logging_mixin.py:188} INFO - [2024-07-11T08:39:00.687+0000] {dag.py:3834} INFO - Setting next_dagrun for example_branch_python_operator_decorator to 2024-07-10 00:00:00+00:00, run_after=2024-07-11 00:00:00+00:00
[2024-07-11T08:39:00.705+0000] {processor.py:183} INFO - Processing /home/airflow/.local/lib/python3.10/site-packages/airflow/example_dags/example_branch_operator_decorator.py took 0.084 seconds
[2024-07-11T08:39:30.910+0000] {logging_mixin.py:188} INFO - [2024-07-11T08:39:30.910+0000] {settings.py:249} DEBUG - Setting up DB connection pool (PID 339)
[2024-07-11T08:39:30.911+0000] {logging_mixin.py:188} INFO - [2024-07-11T08:39:30.911+0000] {settings.py:350} DEBUG - settings.prepare_engine_args(): Using pool settings. pool_size=5, max_overflow=10, pool_recycle=1800, pid=339
[2024-07-11T08:39:30.912+0000] {processor.py:161} INFO - Started process (PID=339) to work on /home/airflow/.local/lib/python3.10/site-packages/airflow/example_dags/example_branch_operator_decorator.py
[2024-07-11T08:39:30.913+0000] {processor.py:830} INFO - Processing file /home/airflow/.local/lib/python3.10/site-packages/airflow/example_dags/example_branch_operator_decorator.py for tasks to queue
[2024-07-11T08:39:30.913+0000] {logging_mixin.py:188} INFO - [2024-07-11T08:39:30.913+0000] {dagbag.py:540} INFO - Filling up the DagBag from /home/airflow/.local/lib/python3.10/site-packages/airflow/example_dags/example_branch_operator_decorator.py
[2024-07-11T08:39:30.914+0000] {logging_mixin.py:188} INFO - [2024-07-11T08:39:30.914+0000] {dagbag.py:332} DEBUG - Importing /home/airflow/.local/lib/python3.10/site-packages/airflow/example_dags/example_branch_operator_decorator.py
[2024-07-11T08:39:30.915+0000] {logging_mixin.py:188} INFO - [2024-07-11T08:39:30.915+0000] {GetText.py:65} DEBUG - /home/airflow/.local/lib/python3.10/site-packages/cron_descriptor/locale/en_US.mo Loaded
[2024-07-11T08:39:30.926+0000] {logging_mixin.py:188} INFO - [2024-07-11T08:39:30.925+0000] {GetText.py:65} DEBUG - /home/airflow/.local/lib/python3.10/site-packages/cron_descriptor/locale/en_US.mo Loaded
[2024-07-11T08:39:30.929+0000] {logging_mixin.py:188} INFO - [2024-07-11T08:39:30.928+0000] {dagbag.py:506} DEBUG - Loaded DAG <DAG: example_branch_python_operator_decorator>
[2024-07-11T08:39:30.929+0000] {processor.py:840} INFO - DAG(s) 'example_branch_python_operator_decorator' retrieved from /home/airflow/.local/lib/python3.10/site-packages/airflow/example_dags/example_branch_operator_decorator.py
[2024-07-11T08:39:30.930+0000] {logging_mixin.py:188} INFO - [2024-07-11T08:39:30.930+0000] {dagbag.py:662} DEBUG - Running dagbag.sync_to_db with retries. Try 1 of 3
[2024-07-11T08:39:30.930+0000] {logging_mixin.py:188} INFO - [2024-07-11T08:39:30.930+0000] {dagbag.py:667} DEBUG - Calling the DAG.bulk_sync_to_db method
[2024-07-11T08:39:30.938+0000] {logging_mixin.py:188} INFO - [2024-07-11T08:39:30.937+0000] {serialized_dag.py:165} DEBUG - Checking if DAG (example_branch_python_operator_decorator) changed
[2024-07-11T08:39:30.949+0000] {logging_mixin.py:188} INFO - [2024-07-11T08:39:30.949+0000] {serialized_dag.py:176} DEBUG - Serialized DAG (example_branch_python_operator_decorator) is unchanged. Skipping writing to DB
[2024-07-11T08:39:30.949+0000] {logging_mixin.py:188} INFO - [2024-07-11T08:39:30.949+0000] {dag.py:3047} INFO - Sync 1 DAGs
[2024-07-11T08:39:30.966+0000] {logging_mixin.py:188} INFO - [2024-07-11T08:39:30.965+0000] {dag.py:3834} INFO - Setting next_dagrun for example_branch_python_operator_decorator to 2024-07-10 00:00:00+00:00, run_after=2024-07-11 00:00:00+00:00
[2024-07-11T08:39:30.978+0000] {processor.py:183} INFO - Processing /home/airflow/.local/lib/python3.10/site-packages/airflow/example_dags/example_branch_operator_decorator.py took 0.069 seconds
[2024-07-11T08:40:01.111+0000] {logging_mixin.py:188} INFO - [2024-07-11T08:40:01.110+0000] {settings.py:249} DEBUG - Setting up DB connection pool (PID 395)
[2024-07-11T08:40:01.111+0000] {logging_mixin.py:188} INFO - [2024-07-11T08:40:01.111+0000] {settings.py:350} DEBUG - settings.prepare_engine_args(): Using pool settings. pool_size=5, max_overflow=10, pool_recycle=1800, pid=395
[2024-07-11T08:40:01.113+0000] {processor.py:161} INFO - Started process (PID=395) to work on /home/airflow/.local/lib/python3.10/site-packages/airflow/example_dags/example_branch_operator_decorator.py
[2024-07-11T08:40:01.113+0000] {processor.py:830} INFO - Processing file /home/airflow/.local/lib/python3.10/site-packages/airflow/example_dags/example_branch_operator_decorator.py for tasks to queue
[2024-07-11T08:40:01.114+0000] {logging_mixin.py:188} INFO - [2024-07-11T08:40:01.113+0000] {dagbag.py:540} INFO - Filling up the DagBag from /home/airflow/.local/lib/python3.10/site-packages/airflow/example_dags/example_branch_operator_decorator.py
[2024-07-11T08:40:01.114+0000] {logging_mixin.py:188} INFO - [2024-07-11T08:40:01.114+0000] {dagbag.py:332} DEBUG - Importing /home/airflow/.local/lib/python3.10/site-packages/airflow/example_dags/example_branch_operator_decorator.py
[2024-07-11T08:40:01.116+0000] {logging_mixin.py:188} INFO - [2024-07-11T08:40:01.116+0000] {GetText.py:65} DEBUG - /home/airflow/.local/lib/python3.10/site-packages/cron_descriptor/locale/en_US.mo Loaded
[2024-07-11T08:40:01.127+0000] {logging_mixin.py:188} INFO - [2024-07-11T08:40:01.127+0000] {GetText.py:65} DEBUG - /home/airflow/.local/lib/python3.10/site-packages/cron_descriptor/locale/en_US.mo Loaded
[2024-07-11T08:40:01.130+0000] {logging_mixin.py:188} INFO - [2024-07-11T08:40:01.130+0000] {dagbag.py:506} DEBUG - Loaded DAG <DAG: example_branch_python_operator_decorator>
[2024-07-11T08:40:01.131+0000] {processor.py:840} INFO - DAG(s) 'example_branch_python_operator_decorator' retrieved from /home/airflow/.local/lib/python3.10/site-packages/airflow/example_dags/example_branch_operator_decorator.py
[2024-07-11T08:40:01.131+0000] {logging_mixin.py:188} INFO - [2024-07-11T08:40:01.131+0000] {dagbag.py:662} DEBUG - Running dagbag.sync_to_db with retries. Try 1 of 3
[2024-07-11T08:40:01.132+0000] {logging_mixin.py:188} INFO - [2024-07-11T08:40:01.131+0000] {dagbag.py:667} DEBUG - Calling the DAG.bulk_sync_to_db method
[2024-07-11T08:40:01.139+0000] {logging_mixin.py:188} INFO - [2024-07-11T08:40:01.139+0000] {serialized_dag.py:165} DEBUG - Checking if DAG (example_branch_python_operator_decorator) changed
[2024-07-11T08:40:01.151+0000] {logging_mixin.py:188} INFO - [2024-07-11T08:40:01.151+0000] {serialized_dag.py:176} DEBUG - Serialized DAG (example_branch_python_operator_decorator) is unchanged. Skipping writing to DB
[2024-07-11T08:40:01.151+0000] {logging_mixin.py:188} INFO - [2024-07-11T08:40:01.151+0000] {dag.py:3047} INFO - Sync 1 DAGs
[2024-07-11T08:40:01.169+0000] {logging_mixin.py:188} INFO - [2024-07-11T08:40:01.168+0000] {dag.py:3834} INFO - Setting next_dagrun for example_branch_python_operator_decorator to 2024-07-10 00:00:00+00:00, run_after=2024-07-11 00:00:00+00:00
[2024-07-11T08:40:01.181+0000] {processor.py:183} INFO - Processing /home/airflow/.local/lib/python3.10/site-packages/airflow/example_dags/example_branch_operator_decorator.py took 0.071 seconds
[2024-07-11T08:41:12.988+0000] {logging_mixin.py:188} INFO - [2024-07-11T08:41:12.987+0000] {settings.py:249} DEBUG - Setting up DB connection pool (PID 59)
[2024-07-11T08:41:12.989+0000] {logging_mixin.py:188} INFO - [2024-07-11T08:41:12.989+0000] {settings.py:350} DEBUG - settings.prepare_engine_args(): Using pool settings. pool_size=5, max_overflow=10, pool_recycle=1800, pid=59
[2024-07-11T08:41:12.991+0000] {processor.py:161} INFO - Started process (PID=59) to work on /home/airflow/.local/lib/python3.10/site-packages/airflow/example_dags/example_branch_operator_decorator.py
[2024-07-11T08:41:12.991+0000] {processor.py:830} INFO - Processing file /home/airflow/.local/lib/python3.10/site-packages/airflow/example_dags/example_branch_operator_decorator.py for tasks to queue
[2024-07-11T08:41:12.992+0000] {logging_mixin.py:188} INFO - [2024-07-11T08:41:12.992+0000] {dagbag.py:540} INFO - Filling up the DagBag from /home/airflow/.local/lib/python3.10/site-packages/airflow/example_dags/example_branch_operator_decorator.py
[2024-07-11T08:41:12.993+0000] {logging_mixin.py:188} INFO - [2024-07-11T08:41:12.993+0000] {dagbag.py:332} DEBUG - Importing /home/airflow/.local/lib/python3.10/site-packages/airflow/example_dags/example_branch_operator_decorator.py
[2024-07-11T08:41:12.996+0000] {logging_mixin.py:188} INFO - [2024-07-11T08:41:12.996+0000] {GetText.py:65} DEBUG - /home/airflow/.local/lib/python3.10/site-packages/cron_descriptor/locale/en_US.mo Loaded
[2024-07-11T08:41:13.010+0000] {logging_mixin.py:188} INFO - [2024-07-11T08:41:13.010+0000] {GetText.py:65} DEBUG - /home/airflow/.local/lib/python3.10/site-packages/cron_descriptor/locale/en_US.mo Loaded
[2024-07-11T08:41:13.015+0000] {logging_mixin.py:188} INFO - [2024-07-11T08:41:13.014+0000] {dagbag.py:506} DEBUG - Loaded DAG <DAG: example_branch_python_operator_decorator>
[2024-07-11T08:41:13.015+0000] {processor.py:840} INFO - DAG(s) 'example_branch_python_operator_decorator' retrieved from /home/airflow/.local/lib/python3.10/site-packages/airflow/example_dags/example_branch_operator_decorator.py
[2024-07-11T08:41:13.016+0000] {logging_mixin.py:188} INFO - [2024-07-11T08:41:13.016+0000] {dagbag.py:662} DEBUG - Running dagbag.sync_to_db with retries. Try 1 of 3
[2024-07-11T08:41:13.016+0000] {logging_mixin.py:188} INFO - [2024-07-11T08:41:13.016+0000] {dagbag.py:667} DEBUG - Calling the DAG.bulk_sync_to_db method
[2024-07-11T08:41:13.026+0000] {logging_mixin.py:188} INFO - [2024-07-11T08:41:13.026+0000] {dag.py:3047} INFO - Sync 1 DAGs
[2024-07-11T08:41:13.048+0000] {logging_mixin.py:188} INFO - [2024-07-11T08:41:13.048+0000] {dag.py:3834} INFO - Setting next_dagrun for example_branch_python_operator_decorator to 2024-07-10 00:00:00+00:00, run_after=2024-07-11 00:00:00+00:00
[2024-07-11T08:41:13.065+0000] {processor.py:183} INFO - Processing /home/airflow/.local/lib/python3.10/site-packages/airflow/example_dags/example_branch_operator_decorator.py took 0.078 seconds
[2024-07-11T08:41:44.281+0000] {logging_mixin.py:188} INFO - [2024-07-11T08:41:44.281+0000] {settings.py:249} DEBUG - Setting up DB connection pool (PID 115)
[2024-07-11T08:41:44.282+0000] {logging_mixin.py:188} INFO - [2024-07-11T08:41:44.282+0000] {settings.py:350} DEBUG - settings.prepare_engine_args(): Using pool settings. pool_size=5, max_overflow=10, pool_recycle=1800, pid=115
[2024-07-11T08:41:44.284+0000] {processor.py:161} INFO - Started process (PID=115) to work on /home/airflow/.local/lib/python3.10/site-packages/airflow/example_dags/example_branch_operator_decorator.py
[2024-07-11T08:41:44.285+0000] {processor.py:830} INFO - Processing file /home/airflow/.local/lib/python3.10/site-packages/airflow/example_dags/example_branch_operator_decorator.py for tasks to queue
[2024-07-11T08:41:44.285+0000] {logging_mixin.py:188} INFO - [2024-07-11T08:41:44.285+0000] {dagbag.py:540} INFO - Filling up the DagBag from /home/airflow/.local/lib/python3.10/site-packages/airflow/example_dags/example_branch_operator_decorator.py
[2024-07-11T08:41:44.287+0000] {logging_mixin.py:188} INFO - [2024-07-11T08:41:44.286+0000] {dagbag.py:332} DEBUG - Importing /home/airflow/.local/lib/python3.10/site-packages/airflow/example_dags/example_branch_operator_decorator.py
[2024-07-11T08:41:44.289+0000] {logging_mixin.py:188} INFO - [2024-07-11T08:41:44.288+0000] {GetText.py:65} DEBUG - /home/airflow/.local/lib/python3.10/site-packages/cron_descriptor/locale/en_US.mo Loaded
[2024-07-11T08:41:44.302+0000] {logging_mixin.py:188} INFO - [2024-07-11T08:41:44.302+0000] {GetText.py:65} DEBUG - /home/airflow/.local/lib/python3.10/site-packages/cron_descriptor/locale/en_US.mo Loaded
[2024-07-11T08:41:44.306+0000] {logging_mixin.py:188} INFO - [2024-07-11T08:41:44.305+0000] {dagbag.py:506} DEBUG - Loaded DAG <DAG: example_branch_python_operator_decorator>
[2024-07-11T08:41:44.306+0000] {processor.py:840} INFO - DAG(s) 'example_branch_python_operator_decorator' retrieved from /home/airflow/.local/lib/python3.10/site-packages/airflow/example_dags/example_branch_operator_decorator.py
[2024-07-11T08:41:44.307+0000] {logging_mixin.py:188} INFO - [2024-07-11T08:41:44.307+0000] {dagbag.py:662} DEBUG - Running dagbag.sync_to_db with retries. Try 1 of 3
[2024-07-11T08:41:44.308+0000] {logging_mixin.py:188} INFO - [2024-07-11T08:41:44.307+0000] {dagbag.py:667} DEBUG - Calling the DAG.bulk_sync_to_db method
[2024-07-11T08:41:44.318+0000] {logging_mixin.py:188} INFO - [2024-07-11T08:41:44.317+0000] {serialized_dag.py:165} DEBUG - Checking if DAG (example_branch_python_operator_decorator) changed
[2024-07-11T08:41:44.335+0000] {logging_mixin.py:188} INFO - [2024-07-11T08:41:44.335+0000] {serialized_dag.py:179} DEBUG - Writing Serialized DAG: example_branch_python_operator_decorator to the DB
[2024-07-11T08:41:44.340+0000] {logging_mixin.py:188} INFO - [2024-07-11T08:41:44.340+0000] {serialized_dag.py:181} DEBUG - DAG: example_branch_python_operator_decorator written to the DB
[2024-07-11T08:41:44.341+0000] {logging_mixin.py:188} INFO - [2024-07-11T08:41:44.340+0000] {dagbag.py:696} DEBUG - Syncing DAG permissions: example_branch_python_operator_decorator to the DB
[2024-07-11T08:41:44.413+0000] {logging_mixin.py:188} INFO - [2024-07-11T08:41:44.412+0000] {override.py:1034} DEBUG - Not syncing DAG-level permissions for DAG 'DAG:example_branch_python_operator_decorator' as access control is unset.
[2024-07-11T08:41:44.413+0000] {logging_mixin.py:188} INFO - [2024-07-11T08:41:44.413+0000] {dag.py:3047} INFO - Sync 1 DAGs
[2024-07-11T08:41:44.434+0000] {logging_mixin.py:188} INFO - [2024-07-11T08:41:44.434+0000] {dag.py:3834} INFO - Setting next_dagrun for example_branch_python_operator_decorator to 2024-07-10 00:00:00+00:00, run_after=2024-07-11 00:00:00+00:00
[2024-07-11T08:41:44.450+0000] {processor.py:183} INFO - Processing /home/airflow/.local/lib/python3.10/site-packages/airflow/example_dags/example_branch_operator_decorator.py took 0.170 seconds
[2024-07-11T08:42:14.913+0000] {logging_mixin.py:188} INFO - [2024-07-11T08:42:14.913+0000] {settings.py:249} DEBUG - Setting up DB connection pool (PID 171)
[2024-07-11T08:42:14.914+0000] {logging_mixin.py:188} INFO - [2024-07-11T08:42:14.914+0000] {settings.py:350} DEBUG - settings.prepare_engine_args(): Using pool settings. pool_size=5, max_overflow=10, pool_recycle=1800, pid=171
[2024-07-11T08:42:14.916+0000] {processor.py:161} INFO - Started process (PID=171) to work on /home/airflow/.local/lib/python3.10/site-packages/airflow/example_dags/example_branch_operator_decorator.py
[2024-07-11T08:42:14.916+0000] {processor.py:830} INFO - Processing file /home/airflow/.local/lib/python3.10/site-packages/airflow/example_dags/example_branch_operator_decorator.py for tasks to queue
[2024-07-11T08:42:14.916+0000] {logging_mixin.py:188} INFO - [2024-07-11T08:42:14.916+0000] {dagbag.py:540} INFO - Filling up the DagBag from /home/airflow/.local/lib/python3.10/site-packages/airflow/example_dags/example_branch_operator_decorator.py
[2024-07-11T08:42:14.917+0000] {logging_mixin.py:188} INFO - [2024-07-11T08:42:14.917+0000] {dagbag.py:332} DEBUG - Importing /home/airflow/.local/lib/python3.10/site-packages/airflow/example_dags/example_branch_operator_decorator.py
[2024-07-11T08:42:14.919+0000] {logging_mixin.py:188} INFO - [2024-07-11T08:42:14.919+0000] {GetText.py:65} DEBUG - /home/airflow/.local/lib/python3.10/site-packages/cron_descriptor/locale/en_US.mo Loaded
[2024-07-11T08:42:14.928+0000] {logging_mixin.py:188} INFO - [2024-07-11T08:42:14.928+0000] {GetText.py:65} DEBUG - /home/airflow/.local/lib/python3.10/site-packages/cron_descriptor/locale/en_US.mo Loaded
[2024-07-11T08:42:14.931+0000] {logging_mixin.py:188} INFO - [2024-07-11T08:42:14.931+0000] {dagbag.py:506} DEBUG - Loaded DAG <DAG: example_branch_python_operator_decorator>
[2024-07-11T08:42:14.932+0000] {processor.py:840} INFO - DAG(s) 'example_branch_python_operator_decorator' retrieved from /home/airflow/.local/lib/python3.10/site-packages/airflow/example_dags/example_branch_operator_decorator.py
[2024-07-11T08:42:14.932+0000] {logging_mixin.py:188} INFO - [2024-07-11T08:42:14.932+0000] {dagbag.py:662} DEBUG - Running dagbag.sync_to_db with retries. Try 1 of 3
[2024-07-11T08:42:14.932+0000] {logging_mixin.py:188} INFO - [2024-07-11T08:42:14.932+0000] {dagbag.py:667} DEBUG - Calling the DAG.bulk_sync_to_db method
[2024-07-11T08:42:14.940+0000] {logging_mixin.py:188} INFO - [2024-07-11T08:42:14.939+0000] {serialized_dag.py:165} DEBUG - Checking if DAG (example_branch_python_operator_decorator) changed
[2024-07-11T08:42:14.951+0000] {logging_mixin.py:188} INFO - [2024-07-11T08:42:14.951+0000] {serialized_dag.py:176} DEBUG - Serialized DAG (example_branch_python_operator_decorator) is unchanged. Skipping writing to DB
[2024-07-11T08:42:14.951+0000] {logging_mixin.py:188} INFO - [2024-07-11T08:42:14.951+0000] {dag.py:3047} INFO - Sync 1 DAGs
[2024-07-11T08:42:14.969+0000] {logging_mixin.py:188} INFO - [2024-07-11T08:42:14.969+0000] {dag.py:3834} INFO - Setting next_dagrun for example_branch_python_operator_decorator to 2024-07-10 00:00:00+00:00, run_after=2024-07-11 00:00:00+00:00
[2024-07-11T08:42:14.981+0000] {processor.py:183} INFO - Processing /home/airflow/.local/lib/python3.10/site-packages/airflow/example_dags/example_branch_operator_decorator.py took 0.068 seconds
[2024-07-11T08:42:45.137+0000] {logging_mixin.py:188} INFO - [2024-07-11T08:42:45.136+0000] {settings.py:249} DEBUG - Setting up DB connection pool (PID 227)
[2024-07-11T08:42:45.138+0000] {logging_mixin.py:188} INFO - [2024-07-11T08:42:45.137+0000] {settings.py:350} DEBUG - settings.prepare_engine_args(): Using pool settings. pool_size=5, max_overflow=10, pool_recycle=1800, pid=227
[2024-07-11T08:42:45.140+0000] {processor.py:161} INFO - Started process (PID=227) to work on /home/airflow/.local/lib/python3.10/site-packages/airflow/example_dags/example_branch_operator_decorator.py
[2024-07-11T08:42:45.140+0000] {processor.py:830} INFO - Processing file /home/airflow/.local/lib/python3.10/site-packages/airflow/example_dags/example_branch_operator_decorator.py for tasks to queue
[2024-07-11T08:42:45.140+0000] {logging_mixin.py:188} INFO - [2024-07-11T08:42:45.140+0000] {dagbag.py:540} INFO - Filling up the DagBag from /home/airflow/.local/lib/python3.10/site-packages/airflow/example_dags/example_branch_operator_decorator.py
[2024-07-11T08:42:45.141+0000] {logging_mixin.py:188} INFO - [2024-07-11T08:42:45.141+0000] {dagbag.py:332} DEBUG - Importing /home/airflow/.local/lib/python3.10/site-packages/airflow/example_dags/example_branch_operator_decorator.py
[2024-07-11T08:42:45.143+0000] {logging_mixin.py:188} INFO - [2024-07-11T08:42:45.143+0000] {GetText.py:65} DEBUG - /home/airflow/.local/lib/python3.10/site-packages/cron_descriptor/locale/en_US.mo Loaded
[2024-07-11T08:42:45.153+0000] {logging_mixin.py:188} INFO - [2024-07-11T08:42:45.153+0000] {GetText.py:65} DEBUG - /home/airflow/.local/lib/python3.10/site-packages/cron_descriptor/locale/en_US.mo Loaded
[2024-07-11T08:42:45.156+0000] {logging_mixin.py:188} INFO - [2024-07-11T08:42:45.156+0000] {dagbag.py:506} DEBUG - Loaded DAG <DAG: example_branch_python_operator_decorator>
[2024-07-11T08:42:45.156+0000] {processor.py:840} INFO - DAG(s) 'example_branch_python_operator_decorator' retrieved from /home/airflow/.local/lib/python3.10/site-packages/airflow/example_dags/example_branch_operator_decorator.py
[2024-07-11T08:42:45.157+0000] {logging_mixin.py:188} INFO - [2024-07-11T08:42:45.157+0000] {dagbag.py:662} DEBUG - Running dagbag.sync_to_db with retries. Try 1 of 3
[2024-07-11T08:42:45.157+0000] {logging_mixin.py:188} INFO - [2024-07-11T08:42:45.157+0000] {dagbag.py:667} DEBUG - Calling the DAG.bulk_sync_to_db method
[2024-07-11T08:42:45.164+0000] {logging_mixin.py:188} INFO - [2024-07-11T08:42:45.164+0000] {serialized_dag.py:165} DEBUG - Checking if DAG (example_branch_python_operator_decorator) changed
[2024-07-11T08:42:45.175+0000] {logging_mixin.py:188} INFO - [2024-07-11T08:42:45.175+0000] {serialized_dag.py:176} DEBUG - Serialized DAG (example_branch_python_operator_decorator) is unchanged. Skipping writing to DB
[2024-07-11T08:42:45.176+0000] {logging_mixin.py:188} INFO - [2024-07-11T08:42:45.175+0000] {dag.py:3047} INFO - Sync 1 DAGs
[2024-07-11T08:42:45.192+0000] {logging_mixin.py:188} INFO - [2024-07-11T08:42:45.192+0000] {dag.py:3834} INFO - Setting next_dagrun for example_branch_python_operator_decorator to 2024-07-10 00:00:00+00:00, run_after=2024-07-11 00:00:00+00:00
[2024-07-11T08:42:45.207+0000] {processor.py:183} INFO - Processing /home/airflow/.local/lib/python3.10/site-packages/airflow/example_dags/example_branch_operator_decorator.py took 0.070 seconds
[2024-07-11T08:43:15.378+0000] {logging_mixin.py:188} INFO - [2024-07-11T08:43:15.378+0000] {settings.py:249} DEBUG - Setting up DB connection pool (PID 283)
[2024-07-11T08:43:15.379+0000] {logging_mixin.py:188} INFO - [2024-07-11T08:43:15.379+0000] {settings.py:350} DEBUG - settings.prepare_engine_args(): Using pool settings. pool_size=5, max_overflow=10, pool_recycle=1800, pid=283
[2024-07-11T08:43:15.382+0000] {processor.py:161} INFO - Started process (PID=283) to work on /home/airflow/.local/lib/python3.10/site-packages/airflow/example_dags/example_branch_operator_decorator.py
[2024-07-11T08:43:15.382+0000] {processor.py:830} INFO - Processing file /home/airflow/.local/lib/python3.10/site-packages/airflow/example_dags/example_branch_operator_decorator.py for tasks to queue
[2024-07-11T08:43:15.382+0000] {logging_mixin.py:188} INFO - [2024-07-11T08:43:15.382+0000] {dagbag.py:540} INFO - Filling up the DagBag from /home/airflow/.local/lib/python3.10/site-packages/airflow/example_dags/example_branch_operator_decorator.py
[2024-07-11T08:43:15.383+0000] {logging_mixin.py:188} INFO - [2024-07-11T08:43:15.383+0000] {dagbag.py:332} DEBUG - Importing /home/airflow/.local/lib/python3.10/site-packages/airflow/example_dags/example_branch_operator_decorator.py
[2024-07-11T08:43:15.385+0000] {logging_mixin.py:188} INFO - [2024-07-11T08:43:15.385+0000] {GetText.py:65} DEBUG - /home/airflow/.local/lib/python3.10/site-packages/cron_descriptor/locale/en_US.mo Loaded
[2024-07-11T08:43:15.397+0000] {logging_mixin.py:188} INFO - [2024-07-11T08:43:15.397+0000] {GetText.py:65} DEBUG - /home/airflow/.local/lib/python3.10/site-packages/cron_descriptor/locale/en_US.mo Loaded
[2024-07-11T08:43:15.401+0000] {logging_mixin.py:188} INFO - [2024-07-11T08:43:15.400+0000] {dagbag.py:506} DEBUG - Loaded DAG <DAG: example_branch_python_operator_decorator>
[2024-07-11T08:43:15.401+0000] {processor.py:840} INFO - DAG(s) 'example_branch_python_operator_decorator' retrieved from /home/airflow/.local/lib/python3.10/site-packages/airflow/example_dags/example_branch_operator_decorator.py
[2024-07-11T08:43:15.401+0000] {logging_mixin.py:188} INFO - [2024-07-11T08:43:15.401+0000] {dagbag.py:662} DEBUG - Running dagbag.sync_to_db with retries. Try 1 of 3
[2024-07-11T08:43:15.402+0000] {logging_mixin.py:188} INFO - [2024-07-11T08:43:15.402+0000] {dagbag.py:667} DEBUG - Calling the DAG.bulk_sync_to_db method
[2024-07-11T08:43:15.409+0000] {logging_mixin.py:188} INFO - [2024-07-11T08:43:15.409+0000] {serialized_dag.py:165} DEBUG - Checking if DAG (example_branch_python_operator_decorator) changed
[2024-07-11T08:43:15.421+0000] {logging_mixin.py:188} INFO - [2024-07-11T08:43:15.421+0000] {serialized_dag.py:176} DEBUG - Serialized DAG (example_branch_python_operator_decorator) is unchanged. Skipping writing to DB
[2024-07-11T08:43:15.421+0000] {logging_mixin.py:188} INFO - [2024-07-11T08:43:15.421+0000] {dag.py:3047} INFO - Sync 1 DAGs
[2024-07-11T08:43:15.442+0000] {logging_mixin.py:188} INFO - [2024-07-11T08:43:15.441+0000] {dag.py:3834} INFO - Setting next_dagrun for example_branch_python_operator_decorator to 2024-07-10 00:00:00+00:00, run_after=2024-07-11 00:00:00+00:00
[2024-07-11T08:43:15.457+0000] {processor.py:183} INFO - Processing /home/airflow/.local/lib/python3.10/site-packages/airflow/example_dags/example_branch_operator_decorator.py took 0.079 seconds
[2024-07-11T08:43:45.598+0000] {logging_mixin.py:188} INFO - [2024-07-11T08:43:45.597+0000] {settings.py:249} DEBUG - Setting up DB connection pool (PID 339)
[2024-07-11T08:43:45.599+0000] {logging_mixin.py:188} INFO - [2024-07-11T08:43:45.598+0000] {settings.py:350} DEBUG - settings.prepare_engine_args(): Using pool settings. pool_size=5, max_overflow=10, pool_recycle=1800, pid=339
[2024-07-11T08:43:45.600+0000] {processor.py:161} INFO - Started process (PID=339) to work on /home/airflow/.local/lib/python3.10/site-packages/airflow/example_dags/example_branch_operator_decorator.py
[2024-07-11T08:43:45.600+0000] {processor.py:830} INFO - Processing file /home/airflow/.local/lib/python3.10/site-packages/airflow/example_dags/example_branch_operator_decorator.py for tasks to queue
[2024-07-11T08:43:45.601+0000] {logging_mixin.py:188} INFO - [2024-07-11T08:43:45.601+0000] {dagbag.py:540} INFO - Filling up the DagBag from /home/airflow/.local/lib/python3.10/site-packages/airflow/example_dags/example_branch_operator_decorator.py
[2024-07-11T08:43:45.602+0000] {logging_mixin.py:188} INFO - [2024-07-11T08:43:45.602+0000] {dagbag.py:332} DEBUG - Importing /home/airflow/.local/lib/python3.10/site-packages/airflow/example_dags/example_branch_operator_decorator.py
[2024-07-11T08:43:45.603+0000] {logging_mixin.py:188} INFO - [2024-07-11T08:43:45.603+0000] {GetText.py:65} DEBUG - /home/airflow/.local/lib/python3.10/site-packages/cron_descriptor/locale/en_US.mo Loaded
[2024-07-11T08:43:45.614+0000] {logging_mixin.py:188} INFO - [2024-07-11T08:43:45.613+0000] {GetText.py:65} DEBUG - /home/airflow/.local/lib/python3.10/site-packages/cron_descriptor/locale/en_US.mo Loaded
[2024-07-11T08:43:45.617+0000] {logging_mixin.py:188} INFO - [2024-07-11T08:43:45.616+0000] {dagbag.py:506} DEBUG - Loaded DAG <DAG: example_branch_python_operator_decorator>
[2024-07-11T08:43:45.617+0000] {processor.py:840} INFO - DAG(s) 'example_branch_python_operator_decorator' retrieved from /home/airflow/.local/lib/python3.10/site-packages/airflow/example_dags/example_branch_operator_decorator.py
[2024-07-11T08:43:45.618+0000] {logging_mixin.py:188} INFO - [2024-07-11T08:43:45.617+0000] {dagbag.py:662} DEBUG - Running dagbag.sync_to_db with retries. Try 1 of 3
[2024-07-11T08:43:45.618+0000] {logging_mixin.py:188} INFO - [2024-07-11T08:43:45.618+0000] {dagbag.py:667} DEBUG - Calling the DAG.bulk_sync_to_db method
[2024-07-11T08:43:45.625+0000] {logging_mixin.py:188} INFO - [2024-07-11T08:43:45.625+0000] {serialized_dag.py:165} DEBUG - Checking if DAG (example_branch_python_operator_decorator) changed
[2024-07-11T08:43:45.636+0000] {logging_mixin.py:188} INFO - [2024-07-11T08:43:45.635+0000] {serialized_dag.py:176} DEBUG - Serialized DAG (example_branch_python_operator_decorator) is unchanged. Skipping writing to DB
[2024-07-11T08:43:45.636+0000] {logging_mixin.py:188} INFO - [2024-07-11T08:43:45.636+0000] {dag.py:3047} INFO - Sync 1 DAGs
[2024-07-11T08:43:45.652+0000] {logging_mixin.py:188} INFO - [2024-07-11T08:43:45.651+0000] {dag.py:3834} INFO - Setting next_dagrun for example_branch_python_operator_decorator to 2024-07-10 00:00:00+00:00, run_after=2024-07-11 00:00:00+00:00
[2024-07-11T08:43:45.665+0000] {processor.py:183} INFO - Processing /home/airflow/.local/lib/python3.10/site-packages/airflow/example_dags/example_branch_operator_decorator.py took 0.067 seconds
[2024-07-11T08:44:16.003+0000] {logging_mixin.py:188} INFO - [2024-07-11T08:44:16.003+0000] {settings.py:249} DEBUG - Setting up DB connection pool (PID 395)
[2024-07-11T08:44:16.004+0000] {logging_mixin.py:188} INFO - [2024-07-11T08:44:16.004+0000] {settings.py:350} DEBUG - settings.prepare_engine_args(): Using pool settings. pool_size=5, max_overflow=10, pool_recycle=1800, pid=395
[2024-07-11T08:44:16.005+0000] {processor.py:161} INFO - Started process (PID=395) to work on /home/airflow/.local/lib/python3.10/site-packages/airflow/example_dags/example_branch_operator_decorator.py
[2024-07-11T08:44:16.006+0000] {processor.py:830} INFO - Processing file /home/airflow/.local/lib/python3.10/site-packages/airflow/example_dags/example_branch_operator_decorator.py for tasks to queue
[2024-07-11T08:44:16.006+0000] {logging_mixin.py:188} INFO - [2024-07-11T08:44:16.006+0000] {dagbag.py:540} INFO - Filling up the DagBag from /home/airflow/.local/lib/python3.10/site-packages/airflow/example_dags/example_branch_operator_decorator.py
[2024-07-11T08:44:16.007+0000] {logging_mixin.py:188} INFO - [2024-07-11T08:44:16.007+0000] {dagbag.py:332} DEBUG - Importing /home/airflow/.local/lib/python3.10/site-packages/airflow/example_dags/example_branch_operator_decorator.py
[2024-07-11T08:44:16.008+0000] {logging_mixin.py:188} INFO - [2024-07-11T08:44:16.008+0000] {GetText.py:65} DEBUG - /home/airflow/.local/lib/python3.10/site-packages/cron_descriptor/locale/en_US.mo Loaded
[2024-07-11T08:44:16.018+0000] {logging_mixin.py:188} INFO - [2024-07-11T08:44:16.018+0000] {GetText.py:65} DEBUG - /home/airflow/.local/lib/python3.10/site-packages/cron_descriptor/locale/en_US.mo Loaded
[2024-07-11T08:44:16.022+0000] {logging_mixin.py:188} INFO - [2024-07-11T08:44:16.021+0000] {dagbag.py:506} DEBUG - Loaded DAG <DAG: example_branch_python_operator_decorator>
[2024-07-11T08:44:16.022+0000] {processor.py:840} INFO - DAG(s) 'example_branch_python_operator_decorator' retrieved from /home/airflow/.local/lib/python3.10/site-packages/airflow/example_dags/example_branch_operator_decorator.py
[2024-07-11T08:44:16.022+0000] {logging_mixin.py:188} INFO - [2024-07-11T08:44:16.022+0000] {dagbag.py:662} DEBUG - Running dagbag.sync_to_db with retries. Try 1 of 3
[2024-07-11T08:44:16.023+0000] {logging_mixin.py:188} INFO - [2024-07-11T08:44:16.023+0000] {dagbag.py:667} DEBUG - Calling the DAG.bulk_sync_to_db method
[2024-07-11T08:44:16.031+0000] {logging_mixin.py:188} INFO - [2024-07-11T08:44:16.031+0000] {serialized_dag.py:165} DEBUG - Checking if DAG (example_branch_python_operator_decorator) changed
[2024-07-11T08:44:16.043+0000] {logging_mixin.py:188} INFO - [2024-07-11T08:44:16.042+0000] {serialized_dag.py:176} DEBUG - Serialized DAG (example_branch_python_operator_decorator) is unchanged. Skipping writing to DB
[2024-07-11T08:44:16.043+0000] {logging_mixin.py:188} INFO - [2024-07-11T08:44:16.043+0000] {dag.py:3047} INFO - Sync 1 DAGs
[2024-07-11T08:44:16.059+0000] {logging_mixin.py:188} INFO - [2024-07-11T08:44:16.059+0000] {dag.py:3834} INFO - Setting next_dagrun for example_branch_python_operator_decorator to 2024-07-10 00:00:00+00:00, run_after=2024-07-11 00:00:00+00:00
[2024-07-11T08:44:16.072+0000] {processor.py:183} INFO - Processing /home/airflow/.local/lib/python3.10/site-packages/airflow/example_dags/example_branch_operator_decorator.py took 0.069 seconds
[2024-07-11T08:44:46.355+0000] {logging_mixin.py:188} INFO - [2024-07-11T08:44:46.354+0000] {settings.py:249} DEBUG - Setting up DB connection pool (PID 451)
[2024-07-11T08:44:46.355+0000] {logging_mixin.py:188} INFO - [2024-07-11T08:44:46.355+0000] {settings.py:350} DEBUG - settings.prepare_engine_args(): Using pool settings. pool_size=5, max_overflow=10, pool_recycle=1800, pid=451
[2024-07-11T08:44:46.358+0000] {processor.py:161} INFO - Started process (PID=451) to work on /home/airflow/.local/lib/python3.10/site-packages/airflow/example_dags/example_branch_operator_decorator.py
[2024-07-11T08:44:46.358+0000] {processor.py:830} INFO - Processing file /home/airflow/.local/lib/python3.10/site-packages/airflow/example_dags/example_branch_operator_decorator.py for tasks to queue
[2024-07-11T08:44:46.358+0000] {logging_mixin.py:188} INFO - [2024-07-11T08:44:46.358+0000] {dagbag.py:540} INFO - Filling up the DagBag from /home/airflow/.local/lib/python3.10/site-packages/airflow/example_dags/example_branch_operator_decorator.py
[2024-07-11T08:44:46.359+0000] {logging_mixin.py:188} INFO - [2024-07-11T08:44:46.359+0000] {dagbag.py:332} DEBUG - Importing /home/airflow/.local/lib/python3.10/site-packages/airflow/example_dags/example_branch_operator_decorator.py
[2024-07-11T08:44:46.361+0000] {logging_mixin.py:188} INFO - [2024-07-11T08:44:46.361+0000] {GetText.py:65} DEBUG - /home/airflow/.local/lib/python3.10/site-packages/cron_descriptor/locale/en_US.mo Loaded
[2024-07-11T08:44:46.373+0000] {logging_mixin.py:188} INFO - [2024-07-11T08:44:46.373+0000] {GetText.py:65} DEBUG - /home/airflow/.local/lib/python3.10/site-packages/cron_descriptor/locale/en_US.mo Loaded
[2024-07-11T08:44:46.376+0000] {logging_mixin.py:188} INFO - [2024-07-11T08:44:46.376+0000] {dagbag.py:506} DEBUG - Loaded DAG <DAG: example_branch_python_operator_decorator>
[2024-07-11T08:44:46.377+0000] {processor.py:840} INFO - DAG(s) 'example_branch_python_operator_decorator' retrieved from /home/airflow/.local/lib/python3.10/site-packages/airflow/example_dags/example_branch_operator_decorator.py
[2024-07-11T08:44:46.377+0000] {logging_mixin.py:188} INFO - [2024-07-11T08:44:46.377+0000] {dagbag.py:662} DEBUG - Running dagbag.sync_to_db with retries. Try 1 of 3
[2024-07-11T08:44:46.378+0000] {logging_mixin.py:188} INFO - [2024-07-11T08:44:46.378+0000] {dagbag.py:667} DEBUG - Calling the DAG.bulk_sync_to_db method
[2024-07-11T08:44:46.386+0000] {logging_mixin.py:188} INFO - [2024-07-11T08:44:46.386+0000] {serialized_dag.py:165} DEBUG - Checking if DAG (example_branch_python_operator_decorator) changed
[2024-07-11T08:44:46.398+0000] {logging_mixin.py:188} INFO - [2024-07-11T08:44:46.398+0000] {serialized_dag.py:176} DEBUG - Serialized DAG (example_branch_python_operator_decorator) is unchanged. Skipping writing to DB
[2024-07-11T08:44:46.399+0000] {logging_mixin.py:188} INFO - [2024-07-11T08:44:46.398+0000] {dag.py:3047} INFO - Sync 1 DAGs
[2024-07-11T08:44:46.418+0000] {logging_mixin.py:188} INFO - [2024-07-11T08:44:46.417+0000] {dag.py:3834} INFO - Setting next_dagrun for example_branch_python_operator_decorator to 2024-07-10 00:00:00+00:00, run_after=2024-07-11 00:00:00+00:00
[2024-07-11T08:44:46.432+0000] {processor.py:183} INFO - Processing /home/airflow/.local/lib/python3.10/site-packages/airflow/example_dags/example_branch_operator_decorator.py took 0.078 seconds
