[2024-07-11T08:36:59.940+0000] {logging_mixin.py:188} INFO - [2024-07-11T08:36:59.939+0000] {settings.py:249} DEBUG - Setting up DB connection pool (PID 74)
[2024-07-11T08:36:59.941+0000] {logging_mixin.py:188} INFO - [2024-07-11T08:36:59.941+0000] {settings.py:350} DEBUG - settings.prepare_engine_args(): Using pool settings. pool_size=5, max_overflow=10, pool_recycle=1800, pid=74
[2024-07-11T08:36:59.944+0000] {processor.py:161} INFO - Started process (PID=74) to work on /home/airflow/.local/lib/python3.10/site-packages/airflow/example_dags/example_branch_labels.py
[2024-07-11T08:36:59.945+0000] {processor.py:830} INFO - Processing file /home/airflow/.local/lib/python3.10/site-packages/airflow/example_dags/example_branch_labels.py for tasks to queue
[2024-07-11T08:36:59.946+0000] {logging_mixin.py:188} INFO - [2024-07-11T08:36:59.945+0000] {dagbag.py:540} INFO - Filling up the DagBag from /home/airflow/.local/lib/python3.10/site-packages/airflow/example_dags/example_branch_labels.py
[2024-07-11T08:36:59.947+0000] {logging_mixin.py:188} INFO - [2024-07-11T08:36:59.947+0000] {dagbag.py:332} DEBUG - Importing /home/airflow/.local/lib/python3.10/site-packages/airflow/example_dags/example_branch_labels.py
[2024-07-11T08:36:59.950+0000] {logging_mixin.py:188} INFO - [2024-07-11T08:36:59.950+0000] {GetText.py:65} DEBUG - /home/airflow/.local/lib/python3.10/site-packages/cron_descriptor/locale/en_US.mo Loaded
[2024-07-11T08:36:59.955+0000] {logging_mixin.py:188} INFO - [2024-07-11T08:36:59.955+0000] {GetText.py:65} DEBUG - /home/airflow/.local/lib/python3.10/site-packages/cron_descriptor/locale/en_US.mo Loaded
[2024-07-11T08:36:59.956+0000] {logging_mixin.py:188} INFO - [2024-07-11T08:36:59.956+0000] {dagbag.py:506} DEBUG - Loaded DAG <DAG: example_branch_labels>
[2024-07-11T08:36:59.957+0000] {processor.py:840} INFO - DAG(s) 'example_branch_labels' retrieved from /home/airflow/.local/lib/python3.10/site-packages/airflow/example_dags/example_branch_labels.py
[2024-07-11T08:36:59.958+0000] {logging_mixin.py:188} INFO - [2024-07-11T08:36:59.957+0000] {dagbag.py:662} DEBUG - Running dagbag.sync_to_db with retries. Try 1 of 3
[2024-07-11T08:36:59.958+0000] {logging_mixin.py:188} INFO - [2024-07-11T08:36:59.958+0000] {dagbag.py:667} DEBUG - Calling the DAG.bulk_sync_to_db method
[2024-07-11T08:36:59.972+0000] {logging_mixin.py:188} INFO - [2024-07-11T08:36:59.972+0000] {dag.py:3047} INFO - Sync 1 DAGs
[2024-07-11T08:37:00.006+0000] {logging_mixin.py:188} INFO - [2024-07-11T08:37:00.005+0000] {dag.py:3834} INFO - Setting next_dagrun for example_branch_labels to 2024-07-10 00:00:00+00:00, run_after=2024-07-11 00:00:00+00:00
[2024-07-11T08:37:00.034+0000] {processor.py:183} INFO - Processing /home/airflow/.local/lib/python3.10/site-packages/airflow/example_dags/example_branch_labels.py took 0.094 seconds
[2024-07-11T08:37:30.927+0000] {logging_mixin.py:188} INFO - [2024-07-11T08:37:30.927+0000] {settings.py:249} DEBUG - Setting up DB connection pool (PID 130)
[2024-07-11T08:37:30.928+0000] {logging_mixin.py:188} INFO - [2024-07-11T08:37:30.928+0000] {settings.py:350} DEBUG - settings.prepare_engine_args(): Using pool settings. pool_size=5, max_overflow=10, pool_recycle=1800, pid=130
[2024-07-11T08:37:30.930+0000] {processor.py:161} INFO - Started process (PID=130) to work on /home/airflow/.local/lib/python3.10/site-packages/airflow/example_dags/example_branch_labels.py
[2024-07-11T08:37:30.930+0000] {processor.py:830} INFO - Processing file /home/airflow/.local/lib/python3.10/site-packages/airflow/example_dags/example_branch_labels.py for tasks to queue
[2024-07-11T08:37:30.931+0000] {logging_mixin.py:188} INFO - [2024-07-11T08:37:30.930+0000] {dagbag.py:540} INFO - Filling up the DagBag from /home/airflow/.local/lib/python3.10/site-packages/airflow/example_dags/example_branch_labels.py
[2024-07-11T08:37:30.931+0000] {logging_mixin.py:188} INFO - [2024-07-11T08:37:30.931+0000] {dagbag.py:332} DEBUG - Importing /home/airflow/.local/lib/python3.10/site-packages/airflow/example_dags/example_branch_labels.py
[2024-07-11T08:37:30.933+0000] {logging_mixin.py:188} INFO - [2024-07-11T08:37:30.933+0000] {GetText.py:65} DEBUG - /home/airflow/.local/lib/python3.10/site-packages/cron_descriptor/locale/en_US.mo Loaded
[2024-07-11T08:37:30.936+0000] {logging_mixin.py:188} INFO - [2024-07-11T08:37:30.936+0000] {GetText.py:65} DEBUG - /home/airflow/.local/lib/python3.10/site-packages/cron_descriptor/locale/en_US.mo Loaded
[2024-07-11T08:37:30.937+0000] {logging_mixin.py:188} INFO - [2024-07-11T08:37:30.936+0000] {dagbag.py:506} DEBUG - Loaded DAG <DAG: example_branch_labels>
[2024-07-11T08:37:30.938+0000] {processor.py:840} INFO - DAG(s) 'example_branch_labels' retrieved from /home/airflow/.local/lib/python3.10/site-packages/airflow/example_dags/example_branch_labels.py
[2024-07-11T08:37:30.938+0000] {logging_mixin.py:188} INFO - [2024-07-11T08:37:30.938+0000] {dagbag.py:662} DEBUG - Running dagbag.sync_to_db with retries. Try 1 of 3
[2024-07-11T08:37:30.938+0000] {logging_mixin.py:188} INFO - [2024-07-11T08:37:30.938+0000] {dagbag.py:667} DEBUG - Calling the DAG.bulk_sync_to_db method
[2024-07-11T08:37:30.946+0000] {logging_mixin.py:188} INFO - [2024-07-11T08:37:30.946+0000] {serialized_dag.py:165} DEBUG - Checking if DAG (example_branch_labels) changed
[2024-07-11T08:37:30.952+0000] {logging_mixin.py:188} INFO - [2024-07-11T08:37:30.952+0000] {serialized_dag.py:179} DEBUG - Writing Serialized DAG: example_branch_labels to the DB
[2024-07-11T08:37:30.955+0000] {logging_mixin.py:188} INFO - [2024-07-11T08:37:30.955+0000] {serialized_dag.py:181} DEBUG - DAG: example_branch_labels written to the DB
[2024-07-11T08:37:30.955+0000] {logging_mixin.py:188} INFO - [2024-07-11T08:37:30.955+0000] {dagbag.py:696} DEBUG - Syncing DAG permissions: example_branch_labels to the DB
[2024-07-11T08:37:31.014+0000] {logging_mixin.py:188} INFO - [2024-07-11T08:37:31.014+0000] {override.py:1034} DEBUG - Not syncing DAG-level permissions for DAG 'DAG:example_branch_labels' as access control is unset.
[2024-07-11T08:37:31.014+0000] {logging_mixin.py:188} INFO - [2024-07-11T08:37:31.014+0000] {dag.py:3047} INFO - Sync 1 DAGs
[2024-07-11T08:37:31.030+0000] {logging_mixin.py:188} INFO - [2024-07-11T08:37:31.030+0000] {dag.py:3834} INFO - Setting next_dagrun for example_branch_labels to 2024-07-10 00:00:00+00:00, run_after=2024-07-11 00:00:00+00:00
[2024-07-11T08:37:31.043+0000] {processor.py:183} INFO - Processing /home/airflow/.local/lib/python3.10/site-packages/airflow/example_dags/example_branch_labels.py took 0.116 seconds
[2024-07-11T08:38:01.796+0000] {logging_mixin.py:188} INFO - [2024-07-11T08:38:01.796+0000] {settings.py:249} DEBUG - Setting up DB connection pool (PID 192)
[2024-07-11T08:38:01.797+0000] {logging_mixin.py:188} INFO - [2024-07-11T08:38:01.797+0000] {settings.py:350} DEBUG - settings.prepare_engine_args(): Using pool settings. pool_size=5, max_overflow=10, pool_recycle=1800, pid=192
[2024-07-11T08:38:01.799+0000] {processor.py:161} INFO - Started process (PID=192) to work on /home/airflow/.local/lib/python3.10/site-packages/airflow/example_dags/example_branch_labels.py
[2024-07-11T08:38:01.799+0000] {processor.py:830} INFO - Processing file /home/airflow/.local/lib/python3.10/site-packages/airflow/example_dags/example_branch_labels.py for tasks to queue
[2024-07-11T08:38:01.799+0000] {logging_mixin.py:188} INFO - [2024-07-11T08:38:01.799+0000] {dagbag.py:540} INFO - Filling up the DagBag from /home/airflow/.local/lib/python3.10/site-packages/airflow/example_dags/example_branch_labels.py
[2024-07-11T08:38:01.800+0000] {logging_mixin.py:188} INFO - [2024-07-11T08:38:01.800+0000] {dagbag.py:332} DEBUG - Importing /home/airflow/.local/lib/python3.10/site-packages/airflow/example_dags/example_branch_labels.py
[2024-07-11T08:38:01.802+0000] {logging_mixin.py:188} INFO - [2024-07-11T08:38:01.802+0000] {GetText.py:65} DEBUG - /home/airflow/.local/lib/python3.10/site-packages/cron_descriptor/locale/en_US.mo Loaded
[2024-07-11T08:38:01.805+0000] {logging_mixin.py:188} INFO - [2024-07-11T08:38:01.805+0000] {GetText.py:65} DEBUG - /home/airflow/.local/lib/python3.10/site-packages/cron_descriptor/locale/en_US.mo Loaded
[2024-07-11T08:38:01.806+0000] {logging_mixin.py:188} INFO - [2024-07-11T08:38:01.805+0000] {dagbag.py:506} DEBUG - Loaded DAG <DAG: example_branch_labels>
[2024-07-11T08:38:01.806+0000] {processor.py:840} INFO - DAG(s) 'example_branch_labels' retrieved from /home/airflow/.local/lib/python3.10/site-packages/airflow/example_dags/example_branch_labels.py
[2024-07-11T08:38:01.807+0000] {logging_mixin.py:188} INFO - [2024-07-11T08:38:01.807+0000] {dagbag.py:662} DEBUG - Running dagbag.sync_to_db with retries. Try 1 of 3
[2024-07-11T08:38:01.807+0000] {logging_mixin.py:188} INFO - [2024-07-11T08:38:01.807+0000] {dagbag.py:667} DEBUG - Calling the DAG.bulk_sync_to_db method
[2024-07-11T08:38:01.814+0000] {logging_mixin.py:188} INFO - [2024-07-11T08:38:01.814+0000] {serialized_dag.py:165} DEBUG - Checking if DAG (example_branch_labels) changed
[2024-07-11T08:38:01.821+0000] {logging_mixin.py:188} INFO - [2024-07-11T08:38:01.821+0000] {serialized_dag.py:176} DEBUG - Serialized DAG (example_branch_labels) is unchanged. Skipping writing to DB
[2024-07-11T08:38:01.821+0000] {logging_mixin.py:188} INFO - [2024-07-11T08:38:01.821+0000] {dag.py:3047} INFO - Sync 1 DAGs
[2024-07-11T08:38:01.837+0000] {logging_mixin.py:188} INFO - [2024-07-11T08:38:01.836+0000] {dag.py:3834} INFO - Setting next_dagrun for example_branch_labels to 2024-07-10 00:00:00+00:00, run_after=2024-07-11 00:00:00+00:00
[2024-07-11T08:38:01.849+0000] {processor.py:183} INFO - Processing /home/airflow/.local/lib/python3.10/site-packages/airflow/example_dags/example_branch_labels.py took 0.053 seconds
[2024-07-11T08:38:32.002+0000] {logging_mixin.py:188} INFO - [2024-07-11T08:38:32.001+0000] {settings.py:249} DEBUG - Setting up DB connection pool (PID 248)
[2024-07-11T08:38:32.002+0000] {logging_mixin.py:188} INFO - [2024-07-11T08:38:32.002+0000] {settings.py:350} DEBUG - settings.prepare_engine_args(): Using pool settings. pool_size=5, max_overflow=10, pool_recycle=1800, pid=248
[2024-07-11T08:38:32.004+0000] {processor.py:161} INFO - Started process (PID=248) to work on /home/airflow/.local/lib/python3.10/site-packages/airflow/example_dags/example_branch_labels.py
[2024-07-11T08:38:32.005+0000] {processor.py:830} INFO - Processing file /home/airflow/.local/lib/python3.10/site-packages/airflow/example_dags/example_branch_labels.py for tasks to queue
[2024-07-11T08:38:32.005+0000] {logging_mixin.py:188} INFO - [2024-07-11T08:38:32.005+0000] {dagbag.py:540} INFO - Filling up the DagBag from /home/airflow/.local/lib/python3.10/site-packages/airflow/example_dags/example_branch_labels.py
[2024-07-11T08:38:32.006+0000] {logging_mixin.py:188} INFO - [2024-07-11T08:38:32.006+0000] {dagbag.py:332} DEBUG - Importing /home/airflow/.local/lib/python3.10/site-packages/airflow/example_dags/example_branch_labels.py
[2024-07-11T08:38:32.008+0000] {logging_mixin.py:188} INFO - [2024-07-11T08:38:32.007+0000] {GetText.py:65} DEBUG - /home/airflow/.local/lib/python3.10/site-packages/cron_descriptor/locale/en_US.mo Loaded
[2024-07-11T08:38:32.011+0000] {logging_mixin.py:188} INFO - [2024-07-11T08:38:32.011+0000] {GetText.py:65} DEBUG - /home/airflow/.local/lib/python3.10/site-packages/cron_descriptor/locale/en_US.mo Loaded
[2024-07-11T08:38:32.012+0000] {logging_mixin.py:188} INFO - [2024-07-11T08:38:32.011+0000] {dagbag.py:506} DEBUG - Loaded DAG <DAG: example_branch_labels>
[2024-07-11T08:38:32.012+0000] {processor.py:840} INFO - DAG(s) 'example_branch_labels' retrieved from /home/airflow/.local/lib/python3.10/site-packages/airflow/example_dags/example_branch_labels.py
[2024-07-11T08:38:32.013+0000] {logging_mixin.py:188} INFO - [2024-07-11T08:38:32.013+0000] {dagbag.py:662} DEBUG - Running dagbag.sync_to_db with retries. Try 1 of 3
[2024-07-11T08:38:32.013+0000] {logging_mixin.py:188} INFO - [2024-07-11T08:38:32.013+0000] {dagbag.py:667} DEBUG - Calling the DAG.bulk_sync_to_db method
[2024-07-11T08:38:32.020+0000] {logging_mixin.py:188} INFO - [2024-07-11T08:38:32.020+0000] {serialized_dag.py:165} DEBUG - Checking if DAG (example_branch_labels) changed
[2024-07-11T08:38:32.028+0000] {logging_mixin.py:188} INFO - [2024-07-11T08:38:32.028+0000] {serialized_dag.py:176} DEBUG - Serialized DAG (example_branch_labels) is unchanged. Skipping writing to DB
[2024-07-11T08:38:32.028+0000] {logging_mixin.py:188} INFO - [2024-07-11T08:38:32.028+0000] {dag.py:3047} INFO - Sync 1 DAGs
[2024-07-11T08:38:32.045+0000] {logging_mixin.py:188} INFO - [2024-07-11T08:38:32.045+0000] {dag.py:3834} INFO - Setting next_dagrun for example_branch_labels to 2024-07-10 00:00:00+00:00, run_after=2024-07-11 00:00:00+00:00
[2024-07-11T08:38:32.058+0000] {processor.py:183} INFO - Processing /home/airflow/.local/lib/python3.10/site-packages/airflow/example_dags/example_branch_labels.py took 0.056 seconds
[2024-07-11T08:39:02.337+0000] {logging_mixin.py:188} INFO - [2024-07-11T08:39:02.336+0000] {settings.py:249} DEBUG - Setting up DB connection pool (PID 304)
[2024-07-11T08:39:02.337+0000] {logging_mixin.py:188} INFO - [2024-07-11T08:39:02.337+0000] {settings.py:350} DEBUG - settings.prepare_engine_args(): Using pool settings. pool_size=5, max_overflow=10, pool_recycle=1800, pid=304
[2024-07-11T08:39:02.339+0000] {processor.py:161} INFO - Started process (PID=304) to work on /home/airflow/.local/lib/python3.10/site-packages/airflow/example_dags/example_branch_labels.py
[2024-07-11T08:39:02.339+0000] {processor.py:830} INFO - Processing file /home/airflow/.local/lib/python3.10/site-packages/airflow/example_dags/example_branch_labels.py for tasks to queue
[2024-07-11T08:39:02.340+0000] {logging_mixin.py:188} INFO - [2024-07-11T08:39:02.340+0000] {dagbag.py:540} INFO - Filling up the DagBag from /home/airflow/.local/lib/python3.10/site-packages/airflow/example_dags/example_branch_labels.py
[2024-07-11T08:39:02.340+0000] {logging_mixin.py:188} INFO - [2024-07-11T08:39:02.340+0000] {dagbag.py:332} DEBUG - Importing /home/airflow/.local/lib/python3.10/site-packages/airflow/example_dags/example_branch_labels.py
[2024-07-11T08:39:02.342+0000] {logging_mixin.py:188} INFO - [2024-07-11T08:39:02.342+0000] {GetText.py:65} DEBUG - /home/airflow/.local/lib/python3.10/site-packages/cron_descriptor/locale/en_US.mo Loaded
[2024-07-11T08:39:02.346+0000] {logging_mixin.py:188} INFO - [2024-07-11T08:39:02.346+0000] {GetText.py:65} DEBUG - /home/airflow/.local/lib/python3.10/site-packages/cron_descriptor/locale/en_US.mo Loaded
[2024-07-11T08:39:02.347+0000] {logging_mixin.py:188} INFO - [2024-07-11T08:39:02.346+0000] {dagbag.py:506} DEBUG - Loaded DAG <DAG: example_branch_labels>
[2024-07-11T08:39:02.347+0000] {processor.py:840} INFO - DAG(s) 'example_branch_labels' retrieved from /home/airflow/.local/lib/python3.10/site-packages/airflow/example_dags/example_branch_labels.py
[2024-07-11T08:39:02.348+0000] {logging_mixin.py:188} INFO - [2024-07-11T08:39:02.348+0000] {dagbag.py:662} DEBUG - Running dagbag.sync_to_db with retries. Try 1 of 3
[2024-07-11T08:39:02.349+0000] {logging_mixin.py:188} INFO - [2024-07-11T08:39:02.348+0000] {dagbag.py:667} DEBUG - Calling the DAG.bulk_sync_to_db method
[2024-07-11T08:39:02.356+0000] {logging_mixin.py:188} INFO - [2024-07-11T08:39:02.356+0000] {serialized_dag.py:165} DEBUG - Checking if DAG (example_branch_labels) changed
[2024-07-11T08:39:02.365+0000] {logging_mixin.py:188} INFO - [2024-07-11T08:39:02.365+0000] {serialized_dag.py:176} DEBUG - Serialized DAG (example_branch_labels) is unchanged. Skipping writing to DB
[2024-07-11T08:39:02.365+0000] {logging_mixin.py:188} INFO - [2024-07-11T08:39:02.365+0000] {dag.py:3047} INFO - Sync 1 DAGs
[2024-07-11T08:39:02.381+0000] {logging_mixin.py:188} INFO - [2024-07-11T08:39:02.381+0000] {dag.py:3834} INFO - Setting next_dagrun for example_branch_labels to 2024-07-10 00:00:00+00:00, run_after=2024-07-11 00:00:00+00:00
[2024-07-11T08:39:02.396+0000] {processor.py:183} INFO - Processing /home/airflow/.local/lib/python3.10/site-packages/airflow/example_dags/example_branch_labels.py took 0.060 seconds
[2024-07-11T08:39:32.614+0000] {logging_mixin.py:188} INFO - [2024-07-11T08:39:32.614+0000] {settings.py:249} DEBUG - Setting up DB connection pool (PID 360)
[2024-07-11T08:39:32.615+0000] {logging_mixin.py:188} INFO - [2024-07-11T08:39:32.614+0000] {settings.py:350} DEBUG - settings.prepare_engine_args(): Using pool settings. pool_size=5, max_overflow=10, pool_recycle=1800, pid=360
[2024-07-11T08:39:32.616+0000] {processor.py:161} INFO - Started process (PID=360) to work on /home/airflow/.local/lib/python3.10/site-packages/airflow/example_dags/example_branch_labels.py
[2024-07-11T08:39:32.616+0000] {processor.py:830} INFO - Processing file /home/airflow/.local/lib/python3.10/site-packages/airflow/example_dags/example_branch_labels.py for tasks to queue
[2024-07-11T08:39:32.617+0000] {logging_mixin.py:188} INFO - [2024-07-11T08:39:32.617+0000] {dagbag.py:540} INFO - Filling up the DagBag from /home/airflow/.local/lib/python3.10/site-packages/airflow/example_dags/example_branch_labels.py
[2024-07-11T08:39:32.618+0000] {logging_mixin.py:188} INFO - [2024-07-11T08:39:32.618+0000] {dagbag.py:332} DEBUG - Importing /home/airflow/.local/lib/python3.10/site-packages/airflow/example_dags/example_branch_labels.py
[2024-07-11T08:39:32.619+0000] {logging_mixin.py:188} INFO - [2024-07-11T08:39:32.619+0000] {GetText.py:65} DEBUG - /home/airflow/.local/lib/python3.10/site-packages/cron_descriptor/locale/en_US.mo Loaded
[2024-07-11T08:39:32.623+0000] {logging_mixin.py:188} INFO - [2024-07-11T08:39:32.622+0000] {GetText.py:65} DEBUG - /home/airflow/.local/lib/python3.10/site-packages/cron_descriptor/locale/en_US.mo Loaded
[2024-07-11T08:39:32.624+0000] {logging_mixin.py:188} INFO - [2024-07-11T08:39:32.623+0000] {dagbag.py:506} DEBUG - Loaded DAG <DAG: example_branch_labels>
[2024-07-11T08:39:32.624+0000] {processor.py:840} INFO - DAG(s) 'example_branch_labels' retrieved from /home/airflow/.local/lib/python3.10/site-packages/airflow/example_dags/example_branch_labels.py
[2024-07-11T08:39:32.624+0000] {logging_mixin.py:188} INFO - [2024-07-11T08:39:32.624+0000] {dagbag.py:662} DEBUG - Running dagbag.sync_to_db with retries. Try 1 of 3
[2024-07-11T08:39:32.625+0000] {logging_mixin.py:188} INFO - [2024-07-11T08:39:32.624+0000] {dagbag.py:667} DEBUG - Calling the DAG.bulk_sync_to_db method
[2024-07-11T08:39:32.632+0000] {logging_mixin.py:188} INFO - [2024-07-11T08:39:32.632+0000] {serialized_dag.py:165} DEBUG - Checking if DAG (example_branch_labels) changed
[2024-07-11T08:39:32.639+0000] {logging_mixin.py:188} INFO - [2024-07-11T08:39:32.639+0000] {serialized_dag.py:176} DEBUG - Serialized DAG (example_branch_labels) is unchanged. Skipping writing to DB
[2024-07-11T08:39:32.639+0000] {logging_mixin.py:188} INFO - [2024-07-11T08:39:32.639+0000] {dag.py:3047} INFO - Sync 1 DAGs
[2024-07-11T08:39:32.656+0000] {logging_mixin.py:188} INFO - [2024-07-11T08:39:32.655+0000] {dag.py:3834} INFO - Setting next_dagrun for example_branch_labels to 2024-07-10 00:00:00+00:00, run_after=2024-07-11 00:00:00+00:00
[2024-07-11T08:39:32.667+0000] {processor.py:183} INFO - Processing /home/airflow/.local/lib/python3.10/site-packages/airflow/example_dags/example_branch_labels.py took 0.054 seconds
[2024-07-11T08:40:02.786+0000] {logging_mixin.py:188} INFO - [2024-07-11T08:40:02.785+0000] {settings.py:249} DEBUG - Setting up DB connection pool (PID 416)
[2024-07-11T08:40:02.786+0000] {logging_mixin.py:188} INFO - [2024-07-11T08:40:02.786+0000] {settings.py:350} DEBUG - settings.prepare_engine_args(): Using pool settings. pool_size=5, max_overflow=10, pool_recycle=1800, pid=416
[2024-07-11T08:40:02.788+0000] {processor.py:161} INFO - Started process (PID=416) to work on /home/airflow/.local/lib/python3.10/site-packages/airflow/example_dags/example_branch_labels.py
[2024-07-11T08:40:02.789+0000] {processor.py:830} INFO - Processing file /home/airflow/.local/lib/python3.10/site-packages/airflow/example_dags/example_branch_labels.py for tasks to queue
[2024-07-11T08:40:02.789+0000] {logging_mixin.py:188} INFO - [2024-07-11T08:40:02.789+0000] {dagbag.py:540} INFO - Filling up the DagBag from /home/airflow/.local/lib/python3.10/site-packages/airflow/example_dags/example_branch_labels.py
[2024-07-11T08:40:02.790+0000] {logging_mixin.py:188} INFO - [2024-07-11T08:40:02.790+0000] {dagbag.py:332} DEBUG - Importing /home/airflow/.local/lib/python3.10/site-packages/airflow/example_dags/example_branch_labels.py
[2024-07-11T08:40:02.792+0000] {logging_mixin.py:188} INFO - [2024-07-11T08:40:02.792+0000] {GetText.py:65} DEBUG - /home/airflow/.local/lib/python3.10/site-packages/cron_descriptor/locale/en_US.mo Loaded
[2024-07-11T08:40:02.796+0000] {logging_mixin.py:188} INFO - [2024-07-11T08:40:02.796+0000] {GetText.py:65} DEBUG - /home/airflow/.local/lib/python3.10/site-packages/cron_descriptor/locale/en_US.mo Loaded
[2024-07-11T08:40:02.797+0000] {logging_mixin.py:188} INFO - [2024-07-11T08:40:02.797+0000] {dagbag.py:506} DEBUG - Loaded DAG <DAG: example_branch_labels>
[2024-07-11T08:40:02.798+0000] {processor.py:840} INFO - DAG(s) 'example_branch_labels' retrieved from /home/airflow/.local/lib/python3.10/site-packages/airflow/example_dags/example_branch_labels.py
[2024-07-11T08:40:02.798+0000] {logging_mixin.py:188} INFO - [2024-07-11T08:40:02.798+0000] {dagbag.py:662} DEBUG - Running dagbag.sync_to_db with retries. Try 1 of 3
[2024-07-11T08:40:02.799+0000] {logging_mixin.py:188} INFO - [2024-07-11T08:40:02.798+0000] {dagbag.py:667} DEBUG - Calling the DAG.bulk_sync_to_db method
[2024-07-11T08:40:02.807+0000] {logging_mixin.py:188} INFO - [2024-07-11T08:40:02.807+0000] {serialized_dag.py:165} DEBUG - Checking if DAG (example_branch_labels) changed
[2024-07-11T08:40:02.816+0000] {logging_mixin.py:188} INFO - [2024-07-11T08:40:02.815+0000] {serialized_dag.py:176} DEBUG - Serialized DAG (example_branch_labels) is unchanged. Skipping writing to DB
[2024-07-11T08:40:02.816+0000] {logging_mixin.py:188} INFO - [2024-07-11T08:40:02.816+0000] {dag.py:3047} INFO - Sync 1 DAGs
[2024-07-11T08:40:02.837+0000] {logging_mixin.py:188} INFO - [2024-07-11T08:40:02.837+0000] {dag.py:3834} INFO - Setting next_dagrun for example_branch_labels to 2024-07-10 00:00:00+00:00, run_after=2024-07-11 00:00:00+00:00
[2024-07-11T08:40:02.854+0000] {processor.py:183} INFO - Processing /home/airflow/.local/lib/python3.10/site-packages/airflow/example_dags/example_branch_labels.py took 0.069 seconds
[2024-07-11T08:41:13.900+0000] {logging_mixin.py:188} INFO - [2024-07-11T08:41:13.900+0000] {settings.py:249} DEBUG - Setting up DB connection pool (PID 74)
[2024-07-11T08:41:13.901+0000] {logging_mixin.py:188} INFO - [2024-07-11T08:41:13.901+0000] {settings.py:350} DEBUG - settings.prepare_engine_args(): Using pool settings. pool_size=5, max_overflow=10, pool_recycle=1800, pid=74
[2024-07-11T08:41:13.903+0000] {processor.py:161} INFO - Started process (PID=74) to work on /home/airflow/.local/lib/python3.10/site-packages/airflow/example_dags/example_branch_labels.py
[2024-07-11T08:41:13.904+0000] {processor.py:830} INFO - Processing file /home/airflow/.local/lib/python3.10/site-packages/airflow/example_dags/example_branch_labels.py for tasks to queue
[2024-07-11T08:41:13.904+0000] {logging_mixin.py:188} INFO - [2024-07-11T08:41:13.904+0000] {dagbag.py:540} INFO - Filling up the DagBag from /home/airflow/.local/lib/python3.10/site-packages/airflow/example_dags/example_branch_labels.py
[2024-07-11T08:41:13.905+0000] {logging_mixin.py:188} INFO - [2024-07-11T08:41:13.905+0000] {dagbag.py:332} DEBUG - Importing /home/airflow/.local/lib/python3.10/site-packages/airflow/example_dags/example_branch_labels.py
[2024-07-11T08:41:13.907+0000] {logging_mixin.py:188} INFO - [2024-07-11T08:41:13.907+0000] {GetText.py:65} DEBUG - /home/airflow/.local/lib/python3.10/site-packages/cron_descriptor/locale/en_US.mo Loaded
[2024-07-11T08:41:13.911+0000] {logging_mixin.py:188} INFO - [2024-07-11T08:41:13.911+0000] {GetText.py:65} DEBUG - /home/airflow/.local/lib/python3.10/site-packages/cron_descriptor/locale/en_US.mo Loaded
[2024-07-11T08:41:13.913+0000] {logging_mixin.py:188} INFO - [2024-07-11T08:41:13.912+0000] {dagbag.py:506} DEBUG - Loaded DAG <DAG: example_branch_labels>
[2024-07-11T08:41:13.913+0000] {processor.py:840} INFO - DAG(s) 'example_branch_labels' retrieved from /home/airflow/.local/lib/python3.10/site-packages/airflow/example_dags/example_branch_labels.py
[2024-07-11T08:41:13.914+0000] {logging_mixin.py:188} INFO - [2024-07-11T08:41:13.914+0000] {dagbag.py:662} DEBUG - Running dagbag.sync_to_db with retries. Try 1 of 3
[2024-07-11T08:41:13.914+0000] {logging_mixin.py:188} INFO - [2024-07-11T08:41:13.914+0000] {dagbag.py:667} DEBUG - Calling the DAG.bulk_sync_to_db method
[2024-07-11T08:41:13.924+0000] {logging_mixin.py:188} INFO - [2024-07-11T08:41:13.923+0000] {dag.py:3047} INFO - Sync 1 DAGs
[2024-07-11T08:41:13.952+0000] {logging_mixin.py:188} INFO - [2024-07-11T08:41:13.952+0000] {dag.py:3834} INFO - Setting next_dagrun for example_branch_labels to 2024-07-10 00:00:00+00:00, run_after=2024-07-11 00:00:00+00:00
[2024-07-11T08:41:13.970+0000] {processor.py:183} INFO - Processing /home/airflow/.local/lib/python3.10/site-packages/airflow/example_dags/example_branch_labels.py took 0.070 seconds
[2024-07-11T08:41:45.629+0000] {logging_mixin.py:188} INFO - [2024-07-11T08:41:45.629+0000] {settings.py:249} DEBUG - Setting up DB connection pool (PID 130)
[2024-07-11T08:41:45.630+0000] {logging_mixin.py:188} INFO - [2024-07-11T08:41:45.630+0000] {settings.py:350} DEBUG - settings.prepare_engine_args(): Using pool settings. pool_size=5, max_overflow=10, pool_recycle=1800, pid=130
[2024-07-11T08:41:45.632+0000] {processor.py:161} INFO - Started process (PID=130) to work on /home/airflow/.local/lib/python3.10/site-packages/airflow/example_dags/example_branch_labels.py
[2024-07-11T08:41:45.632+0000] {processor.py:830} INFO - Processing file /home/airflow/.local/lib/python3.10/site-packages/airflow/example_dags/example_branch_labels.py for tasks to queue
[2024-07-11T08:41:45.633+0000] {logging_mixin.py:188} INFO - [2024-07-11T08:41:45.633+0000] {dagbag.py:540} INFO - Filling up the DagBag from /home/airflow/.local/lib/python3.10/site-packages/airflow/example_dags/example_branch_labels.py
[2024-07-11T08:41:45.634+0000] {logging_mixin.py:188} INFO - [2024-07-11T08:41:45.634+0000] {dagbag.py:332} DEBUG - Importing /home/airflow/.local/lib/python3.10/site-packages/airflow/example_dags/example_branch_labels.py
[2024-07-11T08:41:45.635+0000] {logging_mixin.py:188} INFO - [2024-07-11T08:41:45.635+0000] {GetText.py:65} DEBUG - /home/airflow/.local/lib/python3.10/site-packages/cron_descriptor/locale/en_US.mo Loaded
[2024-07-11T08:41:45.639+0000] {logging_mixin.py:188} INFO - [2024-07-11T08:41:45.638+0000] {GetText.py:65} DEBUG - /home/airflow/.local/lib/python3.10/site-packages/cron_descriptor/locale/en_US.mo Loaded
[2024-07-11T08:41:45.640+0000] {logging_mixin.py:188} INFO - [2024-07-11T08:41:45.640+0000] {dagbag.py:506} DEBUG - Loaded DAG <DAG: example_branch_labels>
[2024-07-11T08:41:45.640+0000] {processor.py:840} INFO - DAG(s) 'example_branch_labels' retrieved from /home/airflow/.local/lib/python3.10/site-packages/airflow/example_dags/example_branch_labels.py
[2024-07-11T08:41:45.641+0000] {logging_mixin.py:188} INFO - [2024-07-11T08:41:45.641+0000] {dagbag.py:662} DEBUG - Running dagbag.sync_to_db with retries. Try 1 of 3
[2024-07-11T08:41:45.641+0000] {logging_mixin.py:188} INFO - [2024-07-11T08:41:45.641+0000] {dagbag.py:667} DEBUG - Calling the DAG.bulk_sync_to_db method
[2024-07-11T08:41:45.649+0000] {logging_mixin.py:188} INFO - [2024-07-11T08:41:45.649+0000] {serialized_dag.py:165} DEBUG - Checking if DAG (example_branch_labels) changed
[2024-07-11T08:41:45.656+0000] {logging_mixin.py:188} INFO - [2024-07-11T08:41:45.656+0000] {serialized_dag.py:179} DEBUG - Writing Serialized DAG: example_branch_labels to the DB
[2024-07-11T08:41:45.659+0000] {logging_mixin.py:188} INFO - [2024-07-11T08:41:45.659+0000] {serialized_dag.py:181} DEBUG - DAG: example_branch_labels written to the DB
[2024-07-11T08:41:45.659+0000] {logging_mixin.py:188} INFO - [2024-07-11T08:41:45.659+0000] {dagbag.py:696} DEBUG - Syncing DAG permissions: example_branch_labels to the DB
[2024-07-11T08:41:45.717+0000] {logging_mixin.py:188} INFO - [2024-07-11T08:41:45.717+0000] {override.py:1034} DEBUG - Not syncing DAG-level permissions for DAG 'DAG:example_branch_labels' as access control is unset.
[2024-07-11T08:41:45.717+0000] {logging_mixin.py:188} INFO - [2024-07-11T08:41:45.717+0000] {dag.py:3047} INFO - Sync 1 DAGs
[2024-07-11T08:41:45.732+0000] {logging_mixin.py:188} INFO - [2024-07-11T08:41:45.732+0000] {dag.py:3834} INFO - Setting next_dagrun for example_branch_labels to 2024-07-10 00:00:00+00:00, run_after=2024-07-11 00:00:00+00:00
[2024-07-11T08:41:45.745+0000] {processor.py:183} INFO - Processing /home/airflow/.local/lib/python3.10/site-packages/airflow/example_dags/example_branch_labels.py took 0.116 seconds
[2024-07-11T08:42:16.530+0000] {logging_mixin.py:188} INFO - [2024-07-11T08:42:16.530+0000] {settings.py:249} DEBUG - Setting up DB connection pool (PID 186)
[2024-07-11T08:42:16.531+0000] {logging_mixin.py:188} INFO - [2024-07-11T08:42:16.531+0000] {settings.py:350} DEBUG - settings.prepare_engine_args(): Using pool settings. pool_size=5, max_overflow=10, pool_recycle=1800, pid=186
[2024-07-11T08:42:16.533+0000] {processor.py:161} INFO - Started process (PID=186) to work on /home/airflow/.local/lib/python3.10/site-packages/airflow/example_dags/example_branch_labels.py
[2024-07-11T08:42:16.533+0000] {processor.py:830} INFO - Processing file /home/airflow/.local/lib/python3.10/site-packages/airflow/example_dags/example_branch_labels.py for tasks to queue
[2024-07-11T08:42:16.534+0000] {logging_mixin.py:188} INFO - [2024-07-11T08:42:16.534+0000] {dagbag.py:540} INFO - Filling up the DagBag from /home/airflow/.local/lib/python3.10/site-packages/airflow/example_dags/example_branch_labels.py
[2024-07-11T08:42:16.534+0000] {logging_mixin.py:188} INFO - [2024-07-11T08:42:16.534+0000] {dagbag.py:332} DEBUG - Importing /home/airflow/.local/lib/python3.10/site-packages/airflow/example_dags/example_branch_labels.py
[2024-07-11T08:42:16.536+0000] {logging_mixin.py:188} INFO - [2024-07-11T08:42:16.536+0000] {GetText.py:65} DEBUG - /home/airflow/.local/lib/python3.10/site-packages/cron_descriptor/locale/en_US.mo Loaded
[2024-07-11T08:42:16.539+0000] {logging_mixin.py:188} INFO - [2024-07-11T08:42:16.539+0000] {GetText.py:65} DEBUG - /home/airflow/.local/lib/python3.10/site-packages/cron_descriptor/locale/en_US.mo Loaded
[2024-07-11T08:42:16.540+0000] {logging_mixin.py:188} INFO - [2024-07-11T08:42:16.540+0000] {dagbag.py:506} DEBUG - Loaded DAG <DAG: example_branch_labels>
[2024-07-11T08:42:16.540+0000] {processor.py:840} INFO - DAG(s) 'example_branch_labels' retrieved from /home/airflow/.local/lib/python3.10/site-packages/airflow/example_dags/example_branch_labels.py
[2024-07-11T08:42:16.541+0000] {logging_mixin.py:188} INFO - [2024-07-11T08:42:16.541+0000] {dagbag.py:662} DEBUG - Running dagbag.sync_to_db with retries. Try 1 of 3
[2024-07-11T08:42:16.541+0000] {logging_mixin.py:188} INFO - [2024-07-11T08:42:16.541+0000] {dagbag.py:667} DEBUG - Calling the DAG.bulk_sync_to_db method
[2024-07-11T08:42:16.548+0000] {logging_mixin.py:188} INFO - [2024-07-11T08:42:16.548+0000] {serialized_dag.py:165} DEBUG - Checking if DAG (example_branch_labels) changed
[2024-07-11T08:42:16.555+0000] {logging_mixin.py:188} INFO - [2024-07-11T08:42:16.555+0000] {serialized_dag.py:176} DEBUG - Serialized DAG (example_branch_labels) is unchanged. Skipping writing to DB
[2024-07-11T08:42:16.556+0000] {logging_mixin.py:188} INFO - [2024-07-11T08:42:16.555+0000] {dag.py:3047} INFO - Sync 1 DAGs
[2024-07-11T08:42:16.571+0000] {logging_mixin.py:188} INFO - [2024-07-11T08:42:16.571+0000] {dag.py:3834} INFO - Setting next_dagrun for example_branch_labels to 2024-07-10 00:00:00+00:00, run_after=2024-07-11 00:00:00+00:00
[2024-07-11T08:42:16.583+0000] {processor.py:183} INFO - Processing /home/airflow/.local/lib/python3.10/site-packages/airflow/example_dags/example_branch_labels.py took 0.053 seconds
[2024-07-11T08:42:46.781+0000] {logging_mixin.py:188} INFO - [2024-07-11T08:42:46.781+0000] {settings.py:249} DEBUG - Setting up DB connection pool (PID 242)
[2024-07-11T08:42:46.782+0000] {logging_mixin.py:188} INFO - [2024-07-11T08:42:46.782+0000] {settings.py:350} DEBUG - settings.prepare_engine_args(): Using pool settings. pool_size=5, max_overflow=10, pool_recycle=1800, pid=242
[2024-07-11T08:42:46.783+0000] {processor.py:161} INFO - Started process (PID=242) to work on /home/airflow/.local/lib/python3.10/site-packages/airflow/example_dags/example_branch_labels.py
[2024-07-11T08:42:46.784+0000] {processor.py:830} INFO - Processing file /home/airflow/.local/lib/python3.10/site-packages/airflow/example_dags/example_branch_labels.py for tasks to queue
[2024-07-11T08:42:46.784+0000] {logging_mixin.py:188} INFO - [2024-07-11T08:42:46.784+0000] {dagbag.py:540} INFO - Filling up the DagBag from /home/airflow/.local/lib/python3.10/site-packages/airflow/example_dags/example_branch_labels.py
[2024-07-11T08:42:46.785+0000] {logging_mixin.py:188} INFO - [2024-07-11T08:42:46.785+0000] {dagbag.py:332} DEBUG - Importing /home/airflow/.local/lib/python3.10/site-packages/airflow/example_dags/example_branch_labels.py
[2024-07-11T08:42:46.787+0000] {logging_mixin.py:188} INFO - [2024-07-11T08:42:46.786+0000] {GetText.py:65} DEBUG - /home/airflow/.local/lib/python3.10/site-packages/cron_descriptor/locale/en_US.mo Loaded
[2024-07-11T08:42:46.790+0000] {logging_mixin.py:188} INFO - [2024-07-11T08:42:46.790+0000] {GetText.py:65} DEBUG - /home/airflow/.local/lib/python3.10/site-packages/cron_descriptor/locale/en_US.mo Loaded
[2024-07-11T08:42:46.791+0000] {logging_mixin.py:188} INFO - [2024-07-11T08:42:46.790+0000] {dagbag.py:506} DEBUG - Loaded DAG <DAG: example_branch_labels>
[2024-07-11T08:42:46.791+0000] {processor.py:840} INFO - DAG(s) 'example_branch_labels' retrieved from /home/airflow/.local/lib/python3.10/site-packages/airflow/example_dags/example_branch_labels.py
[2024-07-11T08:42:46.791+0000] {logging_mixin.py:188} INFO - [2024-07-11T08:42:46.791+0000] {dagbag.py:662} DEBUG - Running dagbag.sync_to_db with retries. Try 1 of 3
[2024-07-11T08:42:46.792+0000] {logging_mixin.py:188} INFO - [2024-07-11T08:42:46.792+0000] {dagbag.py:667} DEBUG - Calling the DAG.bulk_sync_to_db method
[2024-07-11T08:42:46.799+0000] {logging_mixin.py:188} INFO - [2024-07-11T08:42:46.799+0000] {serialized_dag.py:165} DEBUG - Checking if DAG (example_branch_labels) changed
[2024-07-11T08:42:46.805+0000] {logging_mixin.py:188} INFO - [2024-07-11T08:42:46.805+0000] {serialized_dag.py:176} DEBUG - Serialized DAG (example_branch_labels) is unchanged. Skipping writing to DB
[2024-07-11T08:42:46.805+0000] {logging_mixin.py:188} INFO - [2024-07-11T08:42:46.805+0000] {dag.py:3047} INFO - Sync 1 DAGs
[2024-07-11T08:42:46.821+0000] {logging_mixin.py:188} INFO - [2024-07-11T08:42:46.820+0000] {dag.py:3834} INFO - Setting next_dagrun for example_branch_labels to 2024-07-10 00:00:00+00:00, run_after=2024-07-11 00:00:00+00:00
[2024-07-11T08:42:46.833+0000] {processor.py:183} INFO - Processing /home/airflow/.local/lib/python3.10/site-packages/airflow/example_dags/example_branch_labels.py took 0.052 seconds
[2024-07-11T08:43:17.052+0000] {logging_mixin.py:188} INFO - [2024-07-11T08:43:17.051+0000] {settings.py:249} DEBUG - Setting up DB connection pool (PID 304)
[2024-07-11T08:43:17.052+0000] {logging_mixin.py:188} INFO - [2024-07-11T08:43:17.052+0000] {settings.py:350} DEBUG - settings.prepare_engine_args(): Using pool settings. pool_size=5, max_overflow=10, pool_recycle=1800, pid=304
[2024-07-11T08:43:17.054+0000] {processor.py:161} INFO - Started process (PID=304) to work on /home/airflow/.local/lib/python3.10/site-packages/airflow/example_dags/example_branch_labels.py
[2024-07-11T08:43:17.054+0000] {processor.py:830} INFO - Processing file /home/airflow/.local/lib/python3.10/site-packages/airflow/example_dags/example_branch_labels.py for tasks to queue
[2024-07-11T08:43:17.055+0000] {logging_mixin.py:188} INFO - [2024-07-11T08:43:17.054+0000] {dagbag.py:540} INFO - Filling up the DagBag from /home/airflow/.local/lib/python3.10/site-packages/airflow/example_dags/example_branch_labels.py
[2024-07-11T08:43:17.055+0000] {logging_mixin.py:188} INFO - [2024-07-11T08:43:17.055+0000] {dagbag.py:332} DEBUG - Importing /home/airflow/.local/lib/python3.10/site-packages/airflow/example_dags/example_branch_labels.py
[2024-07-11T08:43:17.057+0000] {logging_mixin.py:188} INFO - [2024-07-11T08:43:17.057+0000] {GetText.py:65} DEBUG - /home/airflow/.local/lib/python3.10/site-packages/cron_descriptor/locale/en_US.mo Loaded
[2024-07-11T08:43:17.060+0000] {logging_mixin.py:188} INFO - [2024-07-11T08:43:17.060+0000] {GetText.py:65} DEBUG - /home/airflow/.local/lib/python3.10/site-packages/cron_descriptor/locale/en_US.mo Loaded
[2024-07-11T08:43:17.061+0000] {logging_mixin.py:188} INFO - [2024-07-11T08:43:17.061+0000] {dagbag.py:506} DEBUG - Loaded DAG <DAG: example_branch_labels>
[2024-07-11T08:43:17.062+0000] {processor.py:840} INFO - DAG(s) 'example_branch_labels' retrieved from /home/airflow/.local/lib/python3.10/site-packages/airflow/example_dags/example_branch_labels.py
[2024-07-11T08:43:17.062+0000] {logging_mixin.py:188} INFO - [2024-07-11T08:43:17.062+0000] {dagbag.py:662} DEBUG - Running dagbag.sync_to_db with retries. Try 1 of 3
[2024-07-11T08:43:17.062+0000] {logging_mixin.py:188} INFO - [2024-07-11T08:43:17.062+0000] {dagbag.py:667} DEBUG - Calling the DAG.bulk_sync_to_db method
[2024-07-11T08:43:17.070+0000] {logging_mixin.py:188} INFO - [2024-07-11T08:43:17.070+0000] {serialized_dag.py:165} DEBUG - Checking if DAG (example_branch_labels) changed
[2024-07-11T08:43:17.077+0000] {logging_mixin.py:188} INFO - [2024-07-11T08:43:17.076+0000] {serialized_dag.py:176} DEBUG - Serialized DAG (example_branch_labels) is unchanged. Skipping writing to DB
[2024-07-11T08:43:17.077+0000] {logging_mixin.py:188} INFO - [2024-07-11T08:43:17.077+0000] {dag.py:3047} INFO - Sync 1 DAGs
[2024-07-11T08:43:17.093+0000] {logging_mixin.py:188} INFO - [2024-07-11T08:43:17.093+0000] {dag.py:3834} INFO - Setting next_dagrun for example_branch_labels to 2024-07-10 00:00:00+00:00, run_after=2024-07-11 00:00:00+00:00
[2024-07-11T08:43:17.106+0000] {processor.py:183} INFO - Processing /home/airflow/.local/lib/python3.10/site-packages/airflow/example_dags/example_branch_labels.py took 0.055 seconds
[2024-07-11T08:43:47.235+0000] {logging_mixin.py:188} INFO - [2024-07-11T08:43:47.235+0000] {settings.py:249} DEBUG - Setting up DB connection pool (PID 360)
[2024-07-11T08:43:47.236+0000] {logging_mixin.py:188} INFO - [2024-07-11T08:43:47.236+0000] {settings.py:350} DEBUG - settings.prepare_engine_args(): Using pool settings. pool_size=5, max_overflow=10, pool_recycle=1800, pid=360
[2024-07-11T08:43:47.239+0000] {processor.py:161} INFO - Started process (PID=360) to work on /home/airflow/.local/lib/python3.10/site-packages/airflow/example_dags/example_branch_labels.py
[2024-07-11T08:43:47.239+0000] {processor.py:830} INFO - Processing file /home/airflow/.local/lib/python3.10/site-packages/airflow/example_dags/example_branch_labels.py for tasks to queue
[2024-07-11T08:43:47.240+0000] {logging_mixin.py:188} INFO - [2024-07-11T08:43:47.240+0000] {dagbag.py:540} INFO - Filling up the DagBag from /home/airflow/.local/lib/python3.10/site-packages/airflow/example_dags/example_branch_labels.py
[2024-07-11T08:43:47.241+0000] {logging_mixin.py:188} INFO - [2024-07-11T08:43:47.241+0000] {dagbag.py:332} DEBUG - Importing /home/airflow/.local/lib/python3.10/site-packages/airflow/example_dags/example_branch_labels.py
[2024-07-11T08:43:47.243+0000] {logging_mixin.py:188} INFO - [2024-07-11T08:43:47.243+0000] {GetText.py:65} DEBUG - /home/airflow/.local/lib/python3.10/site-packages/cron_descriptor/locale/en_US.mo Loaded
[2024-07-11T08:43:47.247+0000] {logging_mixin.py:188} INFO - [2024-07-11T08:43:47.247+0000] {GetText.py:65} DEBUG - /home/airflow/.local/lib/python3.10/site-packages/cron_descriptor/locale/en_US.mo Loaded
[2024-07-11T08:43:47.249+0000] {logging_mixin.py:188} INFO - [2024-07-11T08:43:47.248+0000] {dagbag.py:506} DEBUG - Loaded DAG <DAG: example_branch_labels>
[2024-07-11T08:43:47.249+0000] {processor.py:840} INFO - DAG(s) 'example_branch_labels' retrieved from /home/airflow/.local/lib/python3.10/site-packages/airflow/example_dags/example_branch_labels.py
[2024-07-11T08:43:47.250+0000] {logging_mixin.py:188} INFO - [2024-07-11T08:43:47.250+0000] {dagbag.py:662} DEBUG - Running dagbag.sync_to_db with retries. Try 1 of 3
[2024-07-11T08:43:47.250+0000] {logging_mixin.py:188} INFO - [2024-07-11T08:43:47.250+0000] {dagbag.py:667} DEBUG - Calling the DAG.bulk_sync_to_db method
[2024-07-11T08:43:47.261+0000] {logging_mixin.py:188} INFO - [2024-07-11T08:43:47.261+0000] {serialized_dag.py:165} DEBUG - Checking if DAG (example_branch_labels) changed
[2024-07-11T08:43:47.270+0000] {logging_mixin.py:188} INFO - [2024-07-11T08:43:47.270+0000] {serialized_dag.py:176} DEBUG - Serialized DAG (example_branch_labels) is unchanged. Skipping writing to DB
[2024-07-11T08:43:47.271+0000] {logging_mixin.py:188} INFO - [2024-07-11T08:43:47.271+0000] {dag.py:3047} INFO - Sync 1 DAGs
[2024-07-11T08:43:47.297+0000] {logging_mixin.py:188} INFO - [2024-07-11T08:43:47.297+0000] {dag.py:3834} INFO - Setting next_dagrun for example_branch_labels to 2024-07-10 00:00:00+00:00, run_after=2024-07-11 00:00:00+00:00
[2024-07-11T08:43:47.316+0000] {processor.py:183} INFO - Processing /home/airflow/.local/lib/python3.10/site-packages/airflow/example_dags/example_branch_labels.py took 0.081 seconds
[2024-07-11T08:44:17.749+0000] {logging_mixin.py:188} INFO - [2024-07-11T08:44:17.749+0000] {settings.py:249} DEBUG - Setting up DB connection pool (PID 416)
[2024-07-11T08:44:17.750+0000] {logging_mixin.py:188} INFO - [2024-07-11T08:44:17.750+0000] {settings.py:350} DEBUG - settings.prepare_engine_args(): Using pool settings. pool_size=5, max_overflow=10, pool_recycle=1800, pid=416
[2024-07-11T08:44:17.752+0000] {processor.py:161} INFO - Started process (PID=416) to work on /home/airflow/.local/lib/python3.10/site-packages/airflow/example_dags/example_branch_labels.py
[2024-07-11T08:44:17.752+0000] {processor.py:830} INFO - Processing file /home/airflow/.local/lib/python3.10/site-packages/airflow/example_dags/example_branch_labels.py for tasks to queue
[2024-07-11T08:44:17.752+0000] {logging_mixin.py:188} INFO - [2024-07-11T08:44:17.752+0000] {dagbag.py:540} INFO - Filling up the DagBag from /home/airflow/.local/lib/python3.10/site-packages/airflow/example_dags/example_branch_labels.py
[2024-07-11T08:44:17.753+0000] {logging_mixin.py:188} INFO - [2024-07-11T08:44:17.753+0000] {dagbag.py:332} DEBUG - Importing /home/airflow/.local/lib/python3.10/site-packages/airflow/example_dags/example_branch_labels.py
[2024-07-11T08:44:17.754+0000] {logging_mixin.py:188} INFO - [2024-07-11T08:44:17.754+0000] {GetText.py:65} DEBUG - /home/airflow/.local/lib/python3.10/site-packages/cron_descriptor/locale/en_US.mo Loaded
[2024-07-11T08:44:17.758+0000] {logging_mixin.py:188} INFO - [2024-07-11T08:44:17.757+0000] {GetText.py:65} DEBUG - /home/airflow/.local/lib/python3.10/site-packages/cron_descriptor/locale/en_US.mo Loaded
[2024-07-11T08:44:17.759+0000] {logging_mixin.py:188} INFO - [2024-07-11T08:44:17.758+0000] {dagbag.py:506} DEBUG - Loaded DAG <DAG: example_branch_labels>
[2024-07-11T08:44:17.759+0000] {processor.py:840} INFO - DAG(s) 'example_branch_labels' retrieved from /home/airflow/.local/lib/python3.10/site-packages/airflow/example_dags/example_branch_labels.py
[2024-07-11T08:44:17.759+0000] {logging_mixin.py:188} INFO - [2024-07-11T08:44:17.759+0000] {dagbag.py:662} DEBUG - Running dagbag.sync_to_db with retries. Try 1 of 3
[2024-07-11T08:44:17.760+0000] {logging_mixin.py:188} INFO - [2024-07-11T08:44:17.759+0000] {dagbag.py:667} DEBUG - Calling the DAG.bulk_sync_to_db method
[2024-07-11T08:44:17.767+0000] {logging_mixin.py:188} INFO - [2024-07-11T08:44:17.767+0000] {serialized_dag.py:165} DEBUG - Checking if DAG (example_branch_labels) changed
[2024-07-11T08:44:17.773+0000] {logging_mixin.py:188} INFO - [2024-07-11T08:44:17.773+0000] {serialized_dag.py:176} DEBUG - Serialized DAG (example_branch_labels) is unchanged. Skipping writing to DB
[2024-07-11T08:44:17.774+0000] {logging_mixin.py:188} INFO - [2024-07-11T08:44:17.773+0000] {dag.py:3047} INFO - Sync 1 DAGs
[2024-07-11T08:44:17.790+0000] {logging_mixin.py:188} INFO - [2024-07-11T08:44:17.790+0000] {dag.py:3834} INFO - Setting next_dagrun for example_branch_labels to 2024-07-10 00:00:00+00:00, run_after=2024-07-11 00:00:00+00:00
[2024-07-11T08:44:17.802+0000] {processor.py:183} INFO - Processing /home/airflow/.local/lib/python3.10/site-packages/airflow/example_dags/example_branch_labels.py took 0.054 seconds
[2024-07-11T08:44:48.047+0000] {logging_mixin.py:188} INFO - [2024-07-11T08:44:48.047+0000] {settings.py:249} DEBUG - Setting up DB connection pool (PID 472)
[2024-07-11T08:44:48.048+0000] {logging_mixin.py:188} INFO - [2024-07-11T08:44:48.048+0000] {settings.py:350} DEBUG - settings.prepare_engine_args(): Using pool settings. pool_size=5, max_overflow=10, pool_recycle=1800, pid=472
[2024-07-11T08:44:48.050+0000] {processor.py:161} INFO - Started process (PID=472) to work on /home/airflow/.local/lib/python3.10/site-packages/airflow/example_dags/example_branch_labels.py
[2024-07-11T08:44:48.050+0000] {processor.py:830} INFO - Processing file /home/airflow/.local/lib/python3.10/site-packages/airflow/example_dags/example_branch_labels.py for tasks to queue
[2024-07-11T08:44:48.051+0000] {logging_mixin.py:188} INFO - [2024-07-11T08:44:48.050+0000] {dagbag.py:540} INFO - Filling up the DagBag from /home/airflow/.local/lib/python3.10/site-packages/airflow/example_dags/example_branch_labels.py
[2024-07-11T08:44:48.051+0000] {logging_mixin.py:188} INFO - [2024-07-11T08:44:48.051+0000] {dagbag.py:332} DEBUG - Importing /home/airflow/.local/lib/python3.10/site-packages/airflow/example_dags/example_branch_labels.py
[2024-07-11T08:44:48.053+0000] {logging_mixin.py:188} INFO - [2024-07-11T08:44:48.053+0000] {GetText.py:65} DEBUG - /home/airflow/.local/lib/python3.10/site-packages/cron_descriptor/locale/en_US.mo Loaded
[2024-07-11T08:44:48.057+0000] {logging_mixin.py:188} INFO - [2024-07-11T08:44:48.057+0000] {GetText.py:65} DEBUG - /home/airflow/.local/lib/python3.10/site-packages/cron_descriptor/locale/en_US.mo Loaded
[2024-07-11T08:44:48.058+0000] {logging_mixin.py:188} INFO - [2024-07-11T08:44:48.058+0000] {dagbag.py:506} DEBUG - Loaded DAG <DAG: example_branch_labels>
[2024-07-11T08:44:48.059+0000] {processor.py:840} INFO - DAG(s) 'example_branch_labels' retrieved from /home/airflow/.local/lib/python3.10/site-packages/airflow/example_dags/example_branch_labels.py
[2024-07-11T08:44:48.060+0000] {logging_mixin.py:188} INFO - [2024-07-11T08:44:48.059+0000] {dagbag.py:662} DEBUG - Running dagbag.sync_to_db with retries. Try 1 of 3
[2024-07-11T08:44:48.060+0000] {logging_mixin.py:188} INFO - [2024-07-11T08:44:48.060+0000] {dagbag.py:667} DEBUG - Calling the DAG.bulk_sync_to_db method
[2024-07-11T08:44:48.067+0000] {logging_mixin.py:188} INFO - [2024-07-11T08:44:48.067+0000] {serialized_dag.py:165} DEBUG - Checking if DAG (example_branch_labels) changed
[2024-07-11T08:44:48.074+0000] {logging_mixin.py:188} INFO - [2024-07-11T08:44:48.074+0000] {serialized_dag.py:176} DEBUG - Serialized DAG (example_branch_labels) is unchanged. Skipping writing to DB
[2024-07-11T08:44:48.075+0000] {logging_mixin.py:188} INFO - [2024-07-11T08:44:48.074+0000] {dag.py:3047} INFO - Sync 1 DAGs
[2024-07-11T08:44:48.092+0000] {logging_mixin.py:188} INFO - [2024-07-11T08:44:48.092+0000] {dag.py:3834} INFO - Setting next_dagrun for example_branch_labels to 2024-07-10 00:00:00+00:00, run_after=2024-07-11 00:00:00+00:00
[2024-07-11T08:44:48.105+0000] {processor.py:183} INFO - Processing /home/airflow/.local/lib/python3.10/site-packages/airflow/example_dags/example_branch_labels.py took 0.058 seconds
