[2024-07-11T08:36:58.580+0000] {logging_mixin.py:188} INFO - [2024-07-11T08:36:58.580+0000] {settings.py:249} DEBUG - Setting up DB connection pool (PID 51)
[2024-07-11T08:36:58.581+0000] {logging_mixin.py:188} INFO - [2024-07-11T08:36:58.581+0000] {settings.py:350} DEBUG - settings.prepare_engine_args(): Using pool settings. pool_size=5, max_overflow=10, pool_recycle=1800, pid=51
[2024-07-11T08:36:58.583+0000] {processor.py:161} INFO - Started process (PID=51) to work on /home/airflow/.local/lib/python3.10/site-packages/airflow/example_dags/example_setup_teardown.py
[2024-07-11T08:36:58.583+0000] {processor.py:830} INFO - Processing file /home/airflow/.local/lib/python3.10/site-packages/airflow/example_dags/example_setup_teardown.py for tasks to queue
[2024-07-11T08:36:58.584+0000] {logging_mixin.py:188} INFO - [2024-07-11T08:36:58.584+0000] {dagbag.py:540} INFO - Filling up the DagBag from /home/airflow/.local/lib/python3.10/site-packages/airflow/example_dags/example_setup_teardown.py
[2024-07-11T08:36:58.585+0000] {logging_mixin.py:188} INFO - [2024-07-11T08:36:58.585+0000] {dagbag.py:332} DEBUG - Importing /home/airflow/.local/lib/python3.10/site-packages/airflow/example_dags/example_setup_teardown.py
[2024-07-11T08:36:58.591+0000] {logging_mixin.py:188} INFO - [2024-07-11T08:36:58.590+0000] {dagbag.py:506} DEBUG - Loaded DAG <DAG: example_setup_teardown>
[2024-07-11T08:36:58.591+0000] {processor.py:840} INFO - DAG(s) 'example_setup_teardown' retrieved from /home/airflow/.local/lib/python3.10/site-packages/airflow/example_dags/example_setup_teardown.py
[2024-07-11T08:36:58.592+0000] {logging_mixin.py:188} INFO - [2024-07-11T08:36:58.592+0000] {dagbag.py:662} DEBUG - Running dagbag.sync_to_db with retries. Try 1 of 3
[2024-07-11T08:36:58.592+0000] {logging_mixin.py:188} INFO - [2024-07-11T08:36:58.592+0000] {dagbag.py:667} DEBUG - Calling the DAG.bulk_sync_to_db method
[2024-07-11T08:36:58.601+0000] {logging_mixin.py:188} INFO - [2024-07-11T08:36:58.601+0000] {dag.py:3047} INFO - Sync 1 DAGs
[2024-07-11T08:36:58.621+0000] {logging_mixin.py:188} INFO - [2024-07-11T08:36:58.620+0000] {dag.py:3834} INFO - Setting next_dagrun for example_setup_teardown to 2024-07-10 00:00:00+00:00, run_after=2024-07-11 00:00:00+00:00
[2024-07-11T08:36:58.636+0000] {processor.py:183} INFO - Processing /home/airflow/.local/lib/python3.10/site-packages/airflow/example_dags/example_setup_teardown.py took 0.056 seconds
[2024-07-11T08:37:28.950+0000] {logging_mixin.py:188} INFO - [2024-07-11T08:37:28.950+0000] {settings.py:249} DEBUG - Setting up DB connection pool (PID 107)
[2024-07-11T08:37:28.951+0000] {logging_mixin.py:188} INFO - [2024-07-11T08:37:28.950+0000] {settings.py:350} DEBUG - settings.prepare_engine_args(): Using pool settings. pool_size=5, max_overflow=10, pool_recycle=1800, pid=107
[2024-07-11T08:37:28.952+0000] {processor.py:161} INFO - Started process (PID=107) to work on /home/airflow/.local/lib/python3.10/site-packages/airflow/example_dags/example_setup_teardown.py
[2024-07-11T08:37:28.953+0000] {processor.py:830} INFO - Processing file /home/airflow/.local/lib/python3.10/site-packages/airflow/example_dags/example_setup_teardown.py for tasks to queue
[2024-07-11T08:37:28.953+0000] {logging_mixin.py:188} INFO - [2024-07-11T08:37:28.953+0000] {dagbag.py:540} INFO - Filling up the DagBag from /home/airflow/.local/lib/python3.10/site-packages/airflow/example_dags/example_setup_teardown.py
[2024-07-11T08:37:28.954+0000] {logging_mixin.py:188} INFO - [2024-07-11T08:37:28.954+0000] {dagbag.py:332} DEBUG - Importing /home/airflow/.local/lib/python3.10/site-packages/airflow/example_dags/example_setup_teardown.py
[2024-07-11T08:37:28.958+0000] {logging_mixin.py:188} INFO - [2024-07-11T08:37:28.958+0000] {dagbag.py:506} DEBUG - Loaded DAG <DAG: example_setup_teardown>
[2024-07-11T08:37:28.958+0000] {processor.py:840} INFO - DAG(s) 'example_setup_teardown' retrieved from /home/airflow/.local/lib/python3.10/site-packages/airflow/example_dags/example_setup_teardown.py
[2024-07-11T08:37:28.959+0000] {logging_mixin.py:188} INFO - [2024-07-11T08:37:28.959+0000] {dagbag.py:662} DEBUG - Running dagbag.sync_to_db with retries. Try 1 of 3
[2024-07-11T08:37:28.959+0000] {logging_mixin.py:188} INFO - [2024-07-11T08:37:28.959+0000] {dagbag.py:667} DEBUG - Calling the DAG.bulk_sync_to_db method
[2024-07-11T08:37:28.967+0000] {logging_mixin.py:188} INFO - [2024-07-11T08:37:28.967+0000] {serialized_dag.py:165} DEBUG - Checking if DAG (example_setup_teardown) changed
[2024-07-11T08:37:28.973+0000] {logging_mixin.py:188} INFO - [2024-07-11T08:37:28.973+0000] {serialized_dag.py:179} DEBUG - Writing Serialized DAG: example_setup_teardown to the DB
[2024-07-11T08:37:28.976+0000] {logging_mixin.py:188} INFO - [2024-07-11T08:37:28.975+0000] {serialized_dag.py:181} DEBUG - DAG: example_setup_teardown written to the DB
[2024-07-11T08:37:28.976+0000] {logging_mixin.py:188} INFO - [2024-07-11T08:37:28.976+0000] {dagbag.py:696} DEBUG - Syncing DAG permissions: example_setup_teardown to the DB
[2024-07-11T08:37:29.034+0000] {logging_mixin.py:188} INFO - [2024-07-11T08:37:29.034+0000] {override.py:1034} DEBUG - Not syncing DAG-level permissions for DAG 'DAG:example_setup_teardown' as access control is unset.
[2024-07-11T08:37:29.034+0000] {logging_mixin.py:188} INFO - [2024-07-11T08:37:29.034+0000] {dag.py:3047} INFO - Sync 1 DAGs
[2024-07-11T08:37:29.049+0000] {logging_mixin.py:188} INFO - [2024-07-11T08:37:29.049+0000] {dag.py:3834} INFO - Setting next_dagrun for example_setup_teardown to 2024-07-10 00:00:00+00:00, run_after=2024-07-11 00:00:00+00:00
[2024-07-11T08:37:29.062+0000] {processor.py:183} INFO - Processing /home/airflow/.local/lib/python3.10/site-packages/airflow/example_dags/example_setup_teardown.py took 0.112 seconds
[2024-07-11T08:37:59.794+0000] {logging_mixin.py:188} INFO - [2024-07-11T08:37:59.794+0000] {settings.py:249} DEBUG - Setting up DB connection pool (PID 163)
[2024-07-11T08:37:59.795+0000] {logging_mixin.py:188} INFO - [2024-07-11T08:37:59.795+0000] {settings.py:350} DEBUG - settings.prepare_engine_args(): Using pool settings. pool_size=5, max_overflow=10, pool_recycle=1800, pid=163
[2024-07-11T08:37:59.797+0000] {processor.py:161} INFO - Started process (PID=163) to work on /home/airflow/.local/lib/python3.10/site-packages/airflow/example_dags/example_setup_teardown.py
[2024-07-11T08:37:59.797+0000] {processor.py:830} INFO - Processing file /home/airflow/.local/lib/python3.10/site-packages/airflow/example_dags/example_setup_teardown.py for tasks to queue
[2024-07-11T08:37:59.797+0000] {logging_mixin.py:188} INFO - [2024-07-11T08:37:59.797+0000] {dagbag.py:540} INFO - Filling up the DagBag from /home/airflow/.local/lib/python3.10/site-packages/airflow/example_dags/example_setup_teardown.py
[2024-07-11T08:37:59.798+0000] {logging_mixin.py:188} INFO - [2024-07-11T08:37:59.798+0000] {dagbag.py:332} DEBUG - Importing /home/airflow/.local/lib/python3.10/site-packages/airflow/example_dags/example_setup_teardown.py
[2024-07-11T08:37:59.802+0000] {logging_mixin.py:188} INFO - [2024-07-11T08:37:59.802+0000] {dagbag.py:506} DEBUG - Loaded DAG <DAG: example_setup_teardown>
[2024-07-11T08:37:59.802+0000] {processor.py:840} INFO - DAG(s) 'example_setup_teardown' retrieved from /home/airflow/.local/lib/python3.10/site-packages/airflow/example_dags/example_setup_teardown.py
[2024-07-11T08:37:59.803+0000] {logging_mixin.py:188} INFO - [2024-07-11T08:37:59.803+0000] {dagbag.py:662} DEBUG - Running dagbag.sync_to_db with retries. Try 1 of 3
[2024-07-11T08:37:59.803+0000] {logging_mixin.py:188} INFO - [2024-07-11T08:37:59.803+0000] {dagbag.py:667} DEBUG - Calling the DAG.bulk_sync_to_db method
[2024-07-11T08:37:59.810+0000] {logging_mixin.py:188} INFO - [2024-07-11T08:37:59.810+0000] {serialized_dag.py:165} DEBUG - Checking if DAG (example_setup_teardown) changed
[2024-07-11T08:37:59.816+0000] {logging_mixin.py:188} INFO - [2024-07-11T08:37:59.816+0000] {serialized_dag.py:176} DEBUG - Serialized DAG (example_setup_teardown) is unchanged. Skipping writing to DB
[2024-07-11T08:37:59.816+0000] {logging_mixin.py:188} INFO - [2024-07-11T08:37:59.816+0000] {dag.py:3047} INFO - Sync 1 DAGs
[2024-07-11T08:37:59.830+0000] {logging_mixin.py:188} INFO - [2024-07-11T08:37:59.830+0000] {dag.py:3834} INFO - Setting next_dagrun for example_setup_teardown to 2024-07-10 00:00:00+00:00, run_after=2024-07-11 00:00:00+00:00
[2024-07-11T08:37:59.844+0000] {processor.py:183} INFO - Processing /home/airflow/.local/lib/python3.10/site-packages/airflow/example_dags/example_setup_teardown.py took 0.050 seconds
[2024-07-11T08:38:29.944+0000] {logging_mixin.py:188} INFO - [2024-07-11T08:38:29.943+0000] {settings.py:249} DEBUG - Setting up DB connection pool (PID 219)
[2024-07-11T08:38:29.945+0000] {logging_mixin.py:188} INFO - [2024-07-11T08:38:29.945+0000] {settings.py:350} DEBUG - settings.prepare_engine_args(): Using pool settings. pool_size=5, max_overflow=10, pool_recycle=1800, pid=219
[2024-07-11T08:38:29.951+0000] {processor.py:161} INFO - Started process (PID=219) to work on /home/airflow/.local/lib/python3.10/site-packages/airflow/example_dags/example_setup_teardown.py
[2024-07-11T08:38:29.951+0000] {processor.py:830} INFO - Processing file /home/airflow/.local/lib/python3.10/site-packages/airflow/example_dags/example_setup_teardown.py for tasks to queue
[2024-07-11T08:38:29.951+0000] {logging_mixin.py:188} INFO - [2024-07-11T08:38:29.951+0000] {dagbag.py:540} INFO - Filling up the DagBag from /home/airflow/.local/lib/python3.10/site-packages/airflow/example_dags/example_setup_teardown.py
[2024-07-11T08:38:29.952+0000] {logging_mixin.py:188} INFO - [2024-07-11T08:38:29.952+0000] {dagbag.py:332} DEBUG - Importing /home/airflow/.local/lib/python3.10/site-packages/airflow/example_dags/example_setup_teardown.py
[2024-07-11T08:38:29.957+0000] {logging_mixin.py:188} INFO - [2024-07-11T08:38:29.957+0000] {dagbag.py:506} DEBUG - Loaded DAG <DAG: example_setup_teardown>
[2024-07-11T08:38:29.957+0000] {processor.py:840} INFO - DAG(s) 'example_setup_teardown' retrieved from /home/airflow/.local/lib/python3.10/site-packages/airflow/example_dags/example_setup_teardown.py
[2024-07-11T08:38:29.958+0000] {logging_mixin.py:188} INFO - [2024-07-11T08:38:29.958+0000] {dagbag.py:662} DEBUG - Running dagbag.sync_to_db with retries. Try 1 of 3
[2024-07-11T08:38:29.958+0000] {logging_mixin.py:188} INFO - [2024-07-11T08:38:29.958+0000] {dagbag.py:667} DEBUG - Calling the DAG.bulk_sync_to_db method
[2024-07-11T08:38:29.967+0000] {logging_mixin.py:188} INFO - [2024-07-11T08:38:29.967+0000] {serialized_dag.py:165} DEBUG - Checking if DAG (example_setup_teardown) changed
[2024-07-11T08:38:29.974+0000] {logging_mixin.py:188} INFO - [2024-07-11T08:38:29.973+0000] {serialized_dag.py:176} DEBUG - Serialized DAG (example_setup_teardown) is unchanged. Skipping writing to DB
[2024-07-11T08:38:29.974+0000] {logging_mixin.py:188} INFO - [2024-07-11T08:38:29.974+0000] {dag.py:3047} INFO - Sync 1 DAGs
[2024-07-11T08:38:29.995+0000] {logging_mixin.py:188} INFO - [2024-07-11T08:38:29.995+0000] {dag.py:3834} INFO - Setting next_dagrun for example_setup_teardown to 2024-07-10 00:00:00+00:00, run_after=2024-07-11 00:00:00+00:00
[2024-07-11T08:38:30.017+0000] {processor.py:183} INFO - Processing /home/airflow/.local/lib/python3.10/site-packages/airflow/example_dags/example_setup_teardown.py took 0.074 seconds
[2024-07-11T08:39:00.193+0000] {logging_mixin.py:188} INFO - [2024-07-11T08:39:00.192+0000] {settings.py:249} DEBUG - Setting up DB connection pool (PID 275)
[2024-07-11T08:39:00.194+0000] {logging_mixin.py:188} INFO - [2024-07-11T08:39:00.194+0000] {settings.py:350} DEBUG - settings.prepare_engine_args(): Using pool settings. pool_size=5, max_overflow=10, pool_recycle=1800, pid=275
[2024-07-11T08:39:00.197+0000] {processor.py:161} INFO - Started process (PID=275) to work on /home/airflow/.local/lib/python3.10/site-packages/airflow/example_dags/example_setup_teardown.py
[2024-07-11T08:39:00.197+0000] {processor.py:830} INFO - Processing file /home/airflow/.local/lib/python3.10/site-packages/airflow/example_dags/example_setup_teardown.py for tasks to queue
[2024-07-11T08:39:00.198+0000] {logging_mixin.py:188} INFO - [2024-07-11T08:39:00.198+0000] {dagbag.py:540} INFO - Filling up the DagBag from /home/airflow/.local/lib/python3.10/site-packages/airflow/example_dags/example_setup_teardown.py
[2024-07-11T08:39:00.199+0000] {logging_mixin.py:188} INFO - [2024-07-11T08:39:00.199+0000] {dagbag.py:332} DEBUG - Importing /home/airflow/.local/lib/python3.10/site-packages/airflow/example_dags/example_setup_teardown.py
[2024-07-11T08:39:00.204+0000] {logging_mixin.py:188} INFO - [2024-07-11T08:39:00.203+0000] {dagbag.py:506} DEBUG - Loaded DAG <DAG: example_setup_teardown>
[2024-07-11T08:39:00.204+0000] {processor.py:840} INFO - DAG(s) 'example_setup_teardown' retrieved from /home/airflow/.local/lib/python3.10/site-packages/airflow/example_dags/example_setup_teardown.py
[2024-07-11T08:39:00.205+0000] {logging_mixin.py:188} INFO - [2024-07-11T08:39:00.205+0000] {dagbag.py:662} DEBUG - Running dagbag.sync_to_db with retries. Try 1 of 3
[2024-07-11T08:39:00.205+0000] {logging_mixin.py:188} INFO - [2024-07-11T08:39:00.205+0000] {dagbag.py:667} DEBUG - Calling the DAG.bulk_sync_to_db method
[2024-07-11T08:39:00.215+0000] {logging_mixin.py:188} INFO - [2024-07-11T08:39:00.214+0000] {serialized_dag.py:165} DEBUG - Checking if DAG (example_setup_teardown) changed
[2024-07-11T08:39:00.223+0000] {logging_mixin.py:188} INFO - [2024-07-11T08:39:00.223+0000] {serialized_dag.py:176} DEBUG - Serialized DAG (example_setup_teardown) is unchanged. Skipping writing to DB
[2024-07-11T08:39:00.223+0000] {logging_mixin.py:188} INFO - [2024-07-11T08:39:00.223+0000] {dag.py:3047} INFO - Sync 1 DAGs
[2024-07-11T08:39:00.246+0000] {logging_mixin.py:188} INFO - [2024-07-11T08:39:00.246+0000] {dag.py:3834} INFO - Setting next_dagrun for example_setup_teardown to 2024-07-10 00:00:00+00:00, run_after=2024-07-11 00:00:00+00:00
[2024-07-11T08:39:00.265+0000] {processor.py:183} INFO - Processing /home/airflow/.local/lib/python3.10/site-packages/airflow/example_dags/example_setup_teardown.py took 0.073 seconds
[2024-07-11T08:39:30.463+0000] {logging_mixin.py:188} INFO - [2024-07-11T08:39:30.462+0000] {settings.py:249} DEBUG - Setting up DB connection pool (PID 331)
[2024-07-11T08:39:30.463+0000] {logging_mixin.py:188} INFO - [2024-07-11T08:39:30.463+0000] {settings.py:350} DEBUG - settings.prepare_engine_args(): Using pool settings. pool_size=5, max_overflow=10, pool_recycle=1800, pid=331
[2024-07-11T08:39:30.465+0000] {processor.py:161} INFO - Started process (PID=331) to work on /home/airflow/.local/lib/python3.10/site-packages/airflow/example_dags/example_setup_teardown.py
[2024-07-11T08:39:30.465+0000] {processor.py:830} INFO - Processing file /home/airflow/.local/lib/python3.10/site-packages/airflow/example_dags/example_setup_teardown.py for tasks to queue
[2024-07-11T08:39:30.466+0000] {logging_mixin.py:188} INFO - [2024-07-11T08:39:30.466+0000] {dagbag.py:540} INFO - Filling up the DagBag from /home/airflow/.local/lib/python3.10/site-packages/airflow/example_dags/example_setup_teardown.py
[2024-07-11T08:39:30.467+0000] {logging_mixin.py:188} INFO - [2024-07-11T08:39:30.467+0000] {dagbag.py:332} DEBUG - Importing /home/airflow/.local/lib/python3.10/site-packages/airflow/example_dags/example_setup_teardown.py
[2024-07-11T08:39:30.472+0000] {logging_mixin.py:188} INFO - [2024-07-11T08:39:30.471+0000] {dagbag.py:506} DEBUG - Loaded DAG <DAG: example_setup_teardown>
[2024-07-11T08:39:30.472+0000] {processor.py:840} INFO - DAG(s) 'example_setup_teardown' retrieved from /home/airflow/.local/lib/python3.10/site-packages/airflow/example_dags/example_setup_teardown.py
[2024-07-11T08:39:30.473+0000] {logging_mixin.py:188} INFO - [2024-07-11T08:39:30.473+0000] {dagbag.py:662} DEBUG - Running dagbag.sync_to_db with retries. Try 1 of 3
[2024-07-11T08:39:30.473+0000] {logging_mixin.py:188} INFO - [2024-07-11T08:39:30.473+0000] {dagbag.py:667} DEBUG - Calling the DAG.bulk_sync_to_db method
[2024-07-11T08:39:30.483+0000] {logging_mixin.py:188} INFO - [2024-07-11T08:39:30.483+0000] {serialized_dag.py:165} DEBUG - Checking if DAG (example_setup_teardown) changed
[2024-07-11T08:39:30.490+0000] {logging_mixin.py:188} INFO - [2024-07-11T08:39:30.490+0000] {serialized_dag.py:176} DEBUG - Serialized DAG (example_setup_teardown) is unchanged. Skipping writing to DB
[2024-07-11T08:39:30.491+0000] {logging_mixin.py:188} INFO - [2024-07-11T08:39:30.491+0000] {dag.py:3047} INFO - Sync 1 DAGs
[2024-07-11T08:39:30.509+0000] {logging_mixin.py:188} INFO - [2024-07-11T08:39:30.509+0000] {dag.py:3834} INFO - Setting next_dagrun for example_setup_teardown to 2024-07-10 00:00:00+00:00, run_after=2024-07-11 00:00:00+00:00
[2024-07-11T08:39:30.523+0000] {processor.py:183} INFO - Processing /home/airflow/.local/lib/python3.10/site-packages/airflow/example_dags/example_setup_teardown.py took 0.061 seconds
[2024-07-11T08:40:00.765+0000] {logging_mixin.py:188} INFO - [2024-07-11T08:40:00.764+0000] {settings.py:249} DEBUG - Setting up DB connection pool (PID 387)
[2024-07-11T08:40:00.765+0000] {logging_mixin.py:188} INFO - [2024-07-11T08:40:00.765+0000] {settings.py:350} DEBUG - settings.prepare_engine_args(): Using pool settings. pool_size=5, max_overflow=10, pool_recycle=1800, pid=387
[2024-07-11T08:40:00.767+0000] {processor.py:161} INFO - Started process (PID=387) to work on /home/airflow/.local/lib/python3.10/site-packages/airflow/example_dags/example_setup_teardown.py
[2024-07-11T08:40:00.767+0000] {processor.py:830} INFO - Processing file /home/airflow/.local/lib/python3.10/site-packages/airflow/example_dags/example_setup_teardown.py for tasks to queue
[2024-07-11T08:40:00.768+0000] {logging_mixin.py:188} INFO - [2024-07-11T08:40:00.767+0000] {dagbag.py:540} INFO - Filling up the DagBag from /home/airflow/.local/lib/python3.10/site-packages/airflow/example_dags/example_setup_teardown.py
[2024-07-11T08:40:00.768+0000] {logging_mixin.py:188} INFO - [2024-07-11T08:40:00.768+0000] {dagbag.py:332} DEBUG - Importing /home/airflow/.local/lib/python3.10/site-packages/airflow/example_dags/example_setup_teardown.py
[2024-07-11T08:40:00.772+0000] {logging_mixin.py:188} INFO - [2024-07-11T08:40:00.772+0000] {dagbag.py:506} DEBUG - Loaded DAG <DAG: example_setup_teardown>
[2024-07-11T08:40:00.772+0000] {processor.py:840} INFO - DAG(s) 'example_setup_teardown' retrieved from /home/airflow/.local/lib/python3.10/site-packages/airflow/example_dags/example_setup_teardown.py
[2024-07-11T08:40:00.773+0000] {logging_mixin.py:188} INFO - [2024-07-11T08:40:00.773+0000] {dagbag.py:662} DEBUG - Running dagbag.sync_to_db with retries. Try 1 of 3
[2024-07-11T08:40:00.773+0000] {logging_mixin.py:188} INFO - [2024-07-11T08:40:00.773+0000] {dagbag.py:667} DEBUG - Calling the DAG.bulk_sync_to_db method
[2024-07-11T08:40:00.781+0000] {logging_mixin.py:188} INFO - [2024-07-11T08:40:00.780+0000] {serialized_dag.py:165} DEBUG - Checking if DAG (example_setup_teardown) changed
[2024-07-11T08:40:00.786+0000] {logging_mixin.py:188} INFO - [2024-07-11T08:40:00.786+0000] {serialized_dag.py:176} DEBUG - Serialized DAG (example_setup_teardown) is unchanged. Skipping writing to DB
[2024-07-11T08:40:00.787+0000] {logging_mixin.py:188} INFO - [2024-07-11T08:40:00.786+0000] {dag.py:3047} INFO - Sync 1 DAGs
[2024-07-11T08:40:00.803+0000] {logging_mixin.py:188} INFO - [2024-07-11T08:40:00.802+0000] {dag.py:3834} INFO - Setting next_dagrun for example_setup_teardown to 2024-07-10 00:00:00+00:00, run_after=2024-07-11 00:00:00+00:00
[2024-07-11T08:40:00.817+0000] {processor.py:183} INFO - Processing /home/airflow/.local/lib/python3.10/site-packages/airflow/example_dags/example_setup_teardown.py took 0.052 seconds
[2024-07-11T08:41:12.682+0000] {logging_mixin.py:188} INFO - [2024-07-11T08:41:12.682+0000] {settings.py:249} DEBUG - Setting up DB connection pool (PID 51)
[2024-07-11T08:41:12.683+0000] {logging_mixin.py:188} INFO - [2024-07-11T08:41:12.683+0000] {settings.py:350} DEBUG - settings.prepare_engine_args(): Using pool settings. pool_size=5, max_overflow=10, pool_recycle=1800, pid=51
[2024-07-11T08:41:12.685+0000] {processor.py:161} INFO - Started process (PID=51) to work on /home/airflow/.local/lib/python3.10/site-packages/airflow/example_dags/example_setup_teardown.py
[2024-07-11T08:41:12.686+0000] {processor.py:830} INFO - Processing file /home/airflow/.local/lib/python3.10/site-packages/airflow/example_dags/example_setup_teardown.py for tasks to queue
[2024-07-11T08:41:12.686+0000] {logging_mixin.py:188} INFO - [2024-07-11T08:41:12.686+0000] {dagbag.py:540} INFO - Filling up the DagBag from /home/airflow/.local/lib/python3.10/site-packages/airflow/example_dags/example_setup_teardown.py
[2024-07-11T08:41:12.687+0000] {logging_mixin.py:188} INFO - [2024-07-11T08:41:12.687+0000] {dagbag.py:332} DEBUG - Importing /home/airflow/.local/lib/python3.10/site-packages/airflow/example_dags/example_setup_teardown.py
[2024-07-11T08:41:12.692+0000] {logging_mixin.py:188} INFO - [2024-07-11T08:41:12.692+0000] {dagbag.py:506} DEBUG - Loaded DAG <DAG: example_setup_teardown>
[2024-07-11T08:41:12.693+0000] {processor.py:840} INFO - DAG(s) 'example_setup_teardown' retrieved from /home/airflow/.local/lib/python3.10/site-packages/airflow/example_dags/example_setup_teardown.py
[2024-07-11T08:41:12.693+0000] {logging_mixin.py:188} INFO - [2024-07-11T08:41:12.693+0000] {dagbag.py:662} DEBUG - Running dagbag.sync_to_db with retries. Try 1 of 3
[2024-07-11T08:41:12.694+0000] {logging_mixin.py:188} INFO - [2024-07-11T08:41:12.694+0000] {dagbag.py:667} DEBUG - Calling the DAG.bulk_sync_to_db method
[2024-07-11T08:41:12.703+0000] {logging_mixin.py:188} INFO - [2024-07-11T08:41:12.703+0000] {dag.py:3047} INFO - Sync 1 DAGs
[2024-07-11T08:41:12.722+0000] {logging_mixin.py:188} INFO - [2024-07-11T08:41:12.722+0000] {dag.py:3834} INFO - Setting next_dagrun for example_setup_teardown to 2024-07-10 00:00:00+00:00, run_after=2024-07-11 00:00:00+00:00
[2024-07-11T08:41:12.737+0000] {processor.py:183} INFO - Processing /home/airflow/.local/lib/python3.10/site-packages/airflow/example_dags/example_setup_teardown.py took 0.055 seconds
[2024-07-11T08:41:43.743+0000] {logging_mixin.py:188} INFO - [2024-07-11T08:41:43.743+0000] {settings.py:249} DEBUG - Setting up DB connection pool (PID 107)
[2024-07-11T08:41:43.744+0000] {logging_mixin.py:188} INFO - [2024-07-11T08:41:43.744+0000] {settings.py:350} DEBUG - settings.prepare_engine_args(): Using pool settings. pool_size=5, max_overflow=10, pool_recycle=1800, pid=107
[2024-07-11T08:41:43.746+0000] {processor.py:161} INFO - Started process (PID=107) to work on /home/airflow/.local/lib/python3.10/site-packages/airflow/example_dags/example_setup_teardown.py
[2024-07-11T08:41:43.746+0000] {processor.py:830} INFO - Processing file /home/airflow/.local/lib/python3.10/site-packages/airflow/example_dags/example_setup_teardown.py for tasks to queue
[2024-07-11T08:41:43.747+0000] {logging_mixin.py:188} INFO - [2024-07-11T08:41:43.746+0000] {dagbag.py:540} INFO - Filling up the DagBag from /home/airflow/.local/lib/python3.10/site-packages/airflow/example_dags/example_setup_teardown.py
[2024-07-11T08:41:43.747+0000] {logging_mixin.py:188} INFO - [2024-07-11T08:41:43.747+0000] {dagbag.py:332} DEBUG - Importing /home/airflow/.local/lib/python3.10/site-packages/airflow/example_dags/example_setup_teardown.py
[2024-07-11T08:41:43.752+0000] {logging_mixin.py:188} INFO - [2024-07-11T08:41:43.752+0000] {dagbag.py:506} DEBUG - Loaded DAG <DAG: example_setup_teardown>
[2024-07-11T08:41:43.752+0000] {processor.py:840} INFO - DAG(s) 'example_setup_teardown' retrieved from /home/airflow/.local/lib/python3.10/site-packages/airflow/example_dags/example_setup_teardown.py
[2024-07-11T08:41:43.753+0000] {logging_mixin.py:188} INFO - [2024-07-11T08:41:43.753+0000] {dagbag.py:662} DEBUG - Running dagbag.sync_to_db with retries. Try 1 of 3
[2024-07-11T08:41:43.753+0000] {logging_mixin.py:188} INFO - [2024-07-11T08:41:43.753+0000] {dagbag.py:667} DEBUG - Calling the DAG.bulk_sync_to_db method
[2024-07-11T08:41:43.760+0000] {logging_mixin.py:188} INFO - [2024-07-11T08:41:43.760+0000] {serialized_dag.py:165} DEBUG - Checking if DAG (example_setup_teardown) changed
[2024-07-11T08:41:43.766+0000] {logging_mixin.py:188} INFO - [2024-07-11T08:41:43.766+0000] {serialized_dag.py:179} DEBUG - Writing Serialized DAG: example_setup_teardown to the DB
[2024-07-11T08:41:43.769+0000] {logging_mixin.py:188} INFO - [2024-07-11T08:41:43.769+0000] {serialized_dag.py:181} DEBUG - DAG: example_setup_teardown written to the DB
[2024-07-11T08:41:43.769+0000] {logging_mixin.py:188} INFO - [2024-07-11T08:41:43.769+0000] {dagbag.py:696} DEBUG - Syncing DAG permissions: example_setup_teardown to the DB
[2024-07-11T08:41:43.827+0000] {logging_mixin.py:188} INFO - [2024-07-11T08:41:43.827+0000] {override.py:1034} DEBUG - Not syncing DAG-level permissions for DAG 'DAG:example_setup_teardown' as access control is unset.
[2024-07-11T08:41:43.827+0000] {logging_mixin.py:188} INFO - [2024-07-11T08:41:43.827+0000] {dag.py:3047} INFO - Sync 1 DAGs
[2024-07-11T08:41:43.842+0000] {logging_mixin.py:188} INFO - [2024-07-11T08:41:43.842+0000] {dag.py:3834} INFO - Setting next_dagrun for example_setup_teardown to 2024-07-10 00:00:00+00:00, run_after=2024-07-11 00:00:00+00:00
[2024-07-11T08:41:43.855+0000] {processor.py:183} INFO - Processing /home/airflow/.local/lib/python3.10/site-packages/airflow/example_dags/example_setup_teardown.py took 0.112 seconds
[2024-07-11T08:42:14.628+0000] {logging_mixin.py:188} INFO - [2024-07-11T08:42:14.628+0000] {settings.py:249} DEBUG - Setting up DB connection pool (PID 163)
[2024-07-11T08:42:14.629+0000] {logging_mixin.py:188} INFO - [2024-07-11T08:42:14.629+0000] {settings.py:350} DEBUG - settings.prepare_engine_args(): Using pool settings. pool_size=5, max_overflow=10, pool_recycle=1800, pid=163
[2024-07-11T08:42:14.631+0000] {processor.py:161} INFO - Started process (PID=163) to work on /home/airflow/.local/lib/python3.10/site-packages/airflow/example_dags/example_setup_teardown.py
[2024-07-11T08:42:14.631+0000] {processor.py:830} INFO - Processing file /home/airflow/.local/lib/python3.10/site-packages/airflow/example_dags/example_setup_teardown.py for tasks to queue
[2024-07-11T08:42:14.631+0000] {logging_mixin.py:188} INFO - [2024-07-11T08:42:14.631+0000] {dagbag.py:540} INFO - Filling up the DagBag from /home/airflow/.local/lib/python3.10/site-packages/airflow/example_dags/example_setup_teardown.py
[2024-07-11T08:42:14.632+0000] {logging_mixin.py:188} INFO - [2024-07-11T08:42:14.632+0000] {dagbag.py:332} DEBUG - Importing /home/airflow/.local/lib/python3.10/site-packages/airflow/example_dags/example_setup_teardown.py
[2024-07-11T08:42:14.636+0000] {logging_mixin.py:188} INFO - [2024-07-11T08:42:14.636+0000] {dagbag.py:506} DEBUG - Loaded DAG <DAG: example_setup_teardown>
[2024-07-11T08:42:14.637+0000] {processor.py:840} INFO - DAG(s) 'example_setup_teardown' retrieved from /home/airflow/.local/lib/python3.10/site-packages/airflow/example_dags/example_setup_teardown.py
[2024-07-11T08:42:14.637+0000] {logging_mixin.py:188} INFO - [2024-07-11T08:42:14.637+0000] {dagbag.py:662} DEBUG - Running dagbag.sync_to_db with retries. Try 1 of 3
[2024-07-11T08:42:14.638+0000] {logging_mixin.py:188} INFO - [2024-07-11T08:42:14.638+0000] {dagbag.py:667} DEBUG - Calling the DAG.bulk_sync_to_db method
[2024-07-11T08:42:14.645+0000] {logging_mixin.py:188} INFO - [2024-07-11T08:42:14.645+0000] {serialized_dag.py:165} DEBUG - Checking if DAG (example_setup_teardown) changed
[2024-07-11T08:42:14.651+0000] {logging_mixin.py:188} INFO - [2024-07-11T08:42:14.651+0000] {serialized_dag.py:176} DEBUG - Serialized DAG (example_setup_teardown) is unchanged. Skipping writing to DB
[2024-07-11T08:42:14.651+0000] {logging_mixin.py:188} INFO - [2024-07-11T08:42:14.651+0000] {dag.py:3047} INFO - Sync 1 DAGs
[2024-07-11T08:42:14.667+0000] {logging_mixin.py:188} INFO - [2024-07-11T08:42:14.667+0000] {dag.py:3834} INFO - Setting next_dagrun for example_setup_teardown to 2024-07-10 00:00:00+00:00, run_after=2024-07-11 00:00:00+00:00
[2024-07-11T08:42:14.680+0000] {processor.py:183} INFO - Processing /home/airflow/.local/lib/python3.10/site-packages/airflow/example_dags/example_setup_teardown.py took 0.053 seconds
[2024-07-11T08:42:44.804+0000] {logging_mixin.py:188} INFO - [2024-07-11T08:42:44.803+0000] {settings.py:249} DEBUG - Setting up DB connection pool (PID 219)
[2024-07-11T08:42:44.804+0000] {logging_mixin.py:188} INFO - [2024-07-11T08:42:44.804+0000] {settings.py:350} DEBUG - settings.prepare_engine_args(): Using pool settings. pool_size=5, max_overflow=10, pool_recycle=1800, pid=219
[2024-07-11T08:42:44.806+0000] {processor.py:161} INFO - Started process (PID=219) to work on /home/airflow/.local/lib/python3.10/site-packages/airflow/example_dags/example_setup_teardown.py
[2024-07-11T08:42:44.807+0000] {processor.py:830} INFO - Processing file /home/airflow/.local/lib/python3.10/site-packages/airflow/example_dags/example_setup_teardown.py for tasks to queue
[2024-07-11T08:42:44.807+0000] {logging_mixin.py:188} INFO - [2024-07-11T08:42:44.807+0000] {dagbag.py:540} INFO - Filling up the DagBag from /home/airflow/.local/lib/python3.10/site-packages/airflow/example_dags/example_setup_teardown.py
[2024-07-11T08:42:44.808+0000] {logging_mixin.py:188} INFO - [2024-07-11T08:42:44.808+0000] {dagbag.py:332} DEBUG - Importing /home/airflow/.local/lib/python3.10/site-packages/airflow/example_dags/example_setup_teardown.py
[2024-07-11T08:42:44.813+0000] {logging_mixin.py:188} INFO - [2024-07-11T08:42:44.813+0000] {dagbag.py:506} DEBUG - Loaded DAG <DAG: example_setup_teardown>
[2024-07-11T08:42:44.813+0000] {processor.py:840} INFO - DAG(s) 'example_setup_teardown' retrieved from /home/airflow/.local/lib/python3.10/site-packages/airflow/example_dags/example_setup_teardown.py
[2024-07-11T08:42:44.814+0000] {logging_mixin.py:188} INFO - [2024-07-11T08:42:44.814+0000] {dagbag.py:662} DEBUG - Running dagbag.sync_to_db with retries. Try 1 of 3
[2024-07-11T08:42:44.814+0000] {logging_mixin.py:188} INFO - [2024-07-11T08:42:44.814+0000] {dagbag.py:667} DEBUG - Calling the DAG.bulk_sync_to_db method
[2024-07-11T08:42:44.822+0000] {logging_mixin.py:188} INFO - [2024-07-11T08:42:44.822+0000] {serialized_dag.py:165} DEBUG - Checking if DAG (example_setup_teardown) changed
[2024-07-11T08:42:44.829+0000] {logging_mixin.py:188} INFO - [2024-07-11T08:42:44.829+0000] {serialized_dag.py:176} DEBUG - Serialized DAG (example_setup_teardown) is unchanged. Skipping writing to DB
[2024-07-11T08:42:44.829+0000] {logging_mixin.py:188} INFO - [2024-07-11T08:42:44.829+0000] {dag.py:3047} INFO - Sync 1 DAGs
[2024-07-11T08:42:44.846+0000] {logging_mixin.py:188} INFO - [2024-07-11T08:42:44.846+0000] {dag.py:3834} INFO - Setting next_dagrun for example_setup_teardown to 2024-07-10 00:00:00+00:00, run_after=2024-07-11 00:00:00+00:00
[2024-07-11T08:42:44.859+0000] {processor.py:183} INFO - Processing /home/airflow/.local/lib/python3.10/site-packages/airflow/example_dags/example_setup_teardown.py took 0.056 seconds
[2024-07-11T08:43:15.027+0000] {logging_mixin.py:188} INFO - [2024-07-11T08:43:15.026+0000] {settings.py:249} DEBUG - Setting up DB connection pool (PID 275)
[2024-07-11T08:43:15.028+0000] {logging_mixin.py:188} INFO - [2024-07-11T08:43:15.028+0000] {settings.py:350} DEBUG - settings.prepare_engine_args(): Using pool settings. pool_size=5, max_overflow=10, pool_recycle=1800, pid=275
[2024-07-11T08:43:15.031+0000] {processor.py:161} INFO - Started process (PID=275) to work on /home/airflow/.local/lib/python3.10/site-packages/airflow/example_dags/example_setup_teardown.py
[2024-07-11T08:43:15.031+0000] {processor.py:830} INFO - Processing file /home/airflow/.local/lib/python3.10/site-packages/airflow/example_dags/example_setup_teardown.py for tasks to queue
[2024-07-11T08:43:15.032+0000] {logging_mixin.py:188} INFO - [2024-07-11T08:43:15.032+0000] {dagbag.py:540} INFO - Filling up the DagBag from /home/airflow/.local/lib/python3.10/site-packages/airflow/example_dags/example_setup_teardown.py
[2024-07-11T08:43:15.033+0000] {logging_mixin.py:188} INFO - [2024-07-11T08:43:15.033+0000] {dagbag.py:332} DEBUG - Importing /home/airflow/.local/lib/python3.10/site-packages/airflow/example_dags/example_setup_teardown.py
[2024-07-11T08:43:15.040+0000] {logging_mixin.py:188} INFO - [2024-07-11T08:43:15.039+0000] {dagbag.py:506} DEBUG - Loaded DAG <DAG: example_setup_teardown>
[2024-07-11T08:43:15.040+0000] {processor.py:840} INFO - DAG(s) 'example_setup_teardown' retrieved from /home/airflow/.local/lib/python3.10/site-packages/airflow/example_dags/example_setup_teardown.py
[2024-07-11T08:43:15.041+0000] {logging_mixin.py:188} INFO - [2024-07-11T08:43:15.040+0000] {dagbag.py:662} DEBUG - Running dagbag.sync_to_db with retries. Try 1 of 3
[2024-07-11T08:43:15.041+0000] {logging_mixin.py:188} INFO - [2024-07-11T08:43:15.041+0000] {dagbag.py:667} DEBUG - Calling the DAG.bulk_sync_to_db method
[2024-07-11T08:43:15.054+0000] {logging_mixin.py:188} INFO - [2024-07-11T08:43:15.054+0000] {serialized_dag.py:165} DEBUG - Checking if DAG (example_setup_teardown) changed
[2024-07-11T08:43:15.061+0000] {logging_mixin.py:188} INFO - [2024-07-11T08:43:15.061+0000] {serialized_dag.py:176} DEBUG - Serialized DAG (example_setup_teardown) is unchanged. Skipping writing to DB
[2024-07-11T08:43:15.062+0000] {logging_mixin.py:188} INFO - [2024-07-11T08:43:15.062+0000] {dag.py:3047} INFO - Sync 1 DAGs
[2024-07-11T08:43:15.086+0000] {logging_mixin.py:188} INFO - [2024-07-11T08:43:15.086+0000] {dag.py:3834} INFO - Setting next_dagrun for example_setup_teardown to 2024-07-10 00:00:00+00:00, run_after=2024-07-11 00:00:00+00:00
[2024-07-11T08:43:15.109+0000] {processor.py:183} INFO - Processing /home/airflow/.local/lib/python3.10/site-packages/airflow/example_dags/example_setup_teardown.py took 0.083 seconds
[2024-07-11T08:43:45.214+0000] {logging_mixin.py:188} INFO - [2024-07-11T08:43:45.214+0000] {settings.py:249} DEBUG - Setting up DB connection pool (PID 331)
[2024-07-11T08:43:45.215+0000] {logging_mixin.py:188} INFO - [2024-07-11T08:43:45.215+0000] {settings.py:350} DEBUG - settings.prepare_engine_args(): Using pool settings. pool_size=5, max_overflow=10, pool_recycle=1800, pid=331
[2024-07-11T08:43:45.217+0000] {processor.py:161} INFO - Started process (PID=331) to work on /home/airflow/.local/lib/python3.10/site-packages/airflow/example_dags/example_setup_teardown.py
[2024-07-11T08:43:45.217+0000] {processor.py:830} INFO - Processing file /home/airflow/.local/lib/python3.10/site-packages/airflow/example_dags/example_setup_teardown.py for tasks to queue
[2024-07-11T08:43:45.217+0000] {logging_mixin.py:188} INFO - [2024-07-11T08:43:45.217+0000] {dagbag.py:540} INFO - Filling up the DagBag from /home/airflow/.local/lib/python3.10/site-packages/airflow/example_dags/example_setup_teardown.py
[2024-07-11T08:43:45.218+0000] {logging_mixin.py:188} INFO - [2024-07-11T08:43:45.218+0000] {dagbag.py:332} DEBUG - Importing /home/airflow/.local/lib/python3.10/site-packages/airflow/example_dags/example_setup_teardown.py
[2024-07-11T08:43:45.223+0000] {logging_mixin.py:188} INFO - [2024-07-11T08:43:45.223+0000] {dagbag.py:506} DEBUG - Loaded DAG <DAG: example_setup_teardown>
[2024-07-11T08:43:45.223+0000] {processor.py:840} INFO - DAG(s) 'example_setup_teardown' retrieved from /home/airflow/.local/lib/python3.10/site-packages/airflow/example_dags/example_setup_teardown.py
[2024-07-11T08:43:45.224+0000] {logging_mixin.py:188} INFO - [2024-07-11T08:43:45.224+0000] {dagbag.py:662} DEBUG - Running dagbag.sync_to_db with retries. Try 1 of 3
[2024-07-11T08:43:45.224+0000] {logging_mixin.py:188} INFO - [2024-07-11T08:43:45.224+0000] {dagbag.py:667} DEBUG - Calling the DAG.bulk_sync_to_db method
[2024-07-11T08:43:45.232+0000] {logging_mixin.py:188} INFO - [2024-07-11T08:43:45.232+0000] {serialized_dag.py:165} DEBUG - Checking if DAG (example_setup_teardown) changed
[2024-07-11T08:43:45.238+0000] {logging_mixin.py:188} INFO - [2024-07-11T08:43:45.238+0000] {serialized_dag.py:176} DEBUG - Serialized DAG (example_setup_teardown) is unchanged. Skipping writing to DB
[2024-07-11T08:43:45.238+0000] {logging_mixin.py:188} INFO - [2024-07-11T08:43:45.238+0000] {dag.py:3047} INFO - Sync 1 DAGs
[2024-07-11T08:43:45.252+0000] {logging_mixin.py:188} INFO - [2024-07-11T08:43:45.252+0000] {dag.py:3834} INFO - Setting next_dagrun for example_setup_teardown to 2024-07-10 00:00:00+00:00, run_after=2024-07-11 00:00:00+00:00
[2024-07-11T08:43:45.265+0000] {processor.py:183} INFO - Processing /home/airflow/.local/lib/python3.10/site-packages/airflow/example_dags/example_setup_teardown.py took 0.051 seconds
[2024-07-11T08:44:15.645+0000] {logging_mixin.py:188} INFO - [2024-07-11T08:44:15.644+0000] {settings.py:249} DEBUG - Setting up DB connection pool (PID 387)
[2024-07-11T08:44:15.645+0000] {logging_mixin.py:188} INFO - [2024-07-11T08:44:15.645+0000] {settings.py:350} DEBUG - settings.prepare_engine_args(): Using pool settings. pool_size=5, max_overflow=10, pool_recycle=1800, pid=387
[2024-07-11T08:44:15.647+0000] {processor.py:161} INFO - Started process (PID=387) to work on /home/airflow/.local/lib/python3.10/site-packages/airflow/example_dags/example_setup_teardown.py
[2024-07-11T08:44:15.648+0000] {processor.py:830} INFO - Processing file /home/airflow/.local/lib/python3.10/site-packages/airflow/example_dags/example_setup_teardown.py for tasks to queue
[2024-07-11T08:44:15.649+0000] {logging_mixin.py:188} INFO - [2024-07-11T08:44:15.648+0000] {dagbag.py:540} INFO - Filling up the DagBag from /home/airflow/.local/lib/python3.10/site-packages/airflow/example_dags/example_setup_teardown.py
[2024-07-11T08:44:15.650+0000] {logging_mixin.py:188} INFO - [2024-07-11T08:44:15.650+0000] {dagbag.py:332} DEBUG - Importing /home/airflow/.local/lib/python3.10/site-packages/airflow/example_dags/example_setup_teardown.py
[2024-07-11T08:44:15.655+0000] {logging_mixin.py:188} INFO - [2024-07-11T08:44:15.654+0000] {dagbag.py:506} DEBUG - Loaded DAG <DAG: example_setup_teardown>
[2024-07-11T08:44:15.655+0000] {processor.py:840} INFO - DAG(s) 'example_setup_teardown' retrieved from /home/airflow/.local/lib/python3.10/site-packages/airflow/example_dags/example_setup_teardown.py
[2024-07-11T08:44:15.656+0000] {logging_mixin.py:188} INFO - [2024-07-11T08:44:15.656+0000] {dagbag.py:662} DEBUG - Running dagbag.sync_to_db with retries. Try 1 of 3
[2024-07-11T08:44:15.656+0000] {logging_mixin.py:188} INFO - [2024-07-11T08:44:15.656+0000] {dagbag.py:667} DEBUG - Calling the DAG.bulk_sync_to_db method
[2024-07-11T08:44:15.664+0000] {logging_mixin.py:188} INFO - [2024-07-11T08:44:15.664+0000] {serialized_dag.py:165} DEBUG - Checking if DAG (example_setup_teardown) changed
[2024-07-11T08:44:15.672+0000] {logging_mixin.py:188} INFO - [2024-07-11T08:44:15.671+0000] {serialized_dag.py:176} DEBUG - Serialized DAG (example_setup_teardown) is unchanged. Skipping writing to DB
[2024-07-11T08:44:15.672+0000] {logging_mixin.py:188} INFO - [2024-07-11T08:44:15.672+0000] {dag.py:3047} INFO - Sync 1 DAGs
[2024-07-11T08:44:15.688+0000] {logging_mixin.py:188} INFO - [2024-07-11T08:44:15.688+0000] {dag.py:3834} INFO - Setting next_dagrun for example_setup_teardown to 2024-07-10 00:00:00+00:00, run_after=2024-07-11 00:00:00+00:00
[2024-07-11T08:44:15.704+0000] {processor.py:183} INFO - Processing /home/airflow/.local/lib/python3.10/site-packages/airflow/example_dags/example_setup_teardown.py took 0.059 seconds
[2024-07-11T08:44:45.972+0000] {logging_mixin.py:188} INFO - [2024-07-11T08:44:45.971+0000] {settings.py:249} DEBUG - Setting up DB connection pool (PID 443)
[2024-07-11T08:44:45.972+0000] {logging_mixin.py:188} INFO - [2024-07-11T08:44:45.972+0000] {settings.py:350} DEBUG - settings.prepare_engine_args(): Using pool settings. pool_size=5, max_overflow=10, pool_recycle=1800, pid=443
[2024-07-11T08:44:45.974+0000] {processor.py:161} INFO - Started process (PID=443) to work on /home/airflow/.local/lib/python3.10/site-packages/airflow/example_dags/example_setup_teardown.py
[2024-07-11T08:44:45.975+0000] {processor.py:830} INFO - Processing file /home/airflow/.local/lib/python3.10/site-packages/airflow/example_dags/example_setup_teardown.py for tasks to queue
[2024-07-11T08:44:45.975+0000] {logging_mixin.py:188} INFO - [2024-07-11T08:44:45.975+0000] {dagbag.py:540} INFO - Filling up the DagBag from /home/airflow/.local/lib/python3.10/site-packages/airflow/example_dags/example_setup_teardown.py
[2024-07-11T08:44:45.976+0000] {logging_mixin.py:188} INFO - [2024-07-11T08:44:45.976+0000] {dagbag.py:332} DEBUG - Importing /home/airflow/.local/lib/python3.10/site-packages/airflow/example_dags/example_setup_teardown.py
[2024-07-11T08:44:45.986+0000] {logging_mixin.py:188} INFO - [2024-07-11T08:44:45.986+0000] {dagbag.py:506} DEBUG - Loaded DAG <DAG: example_setup_teardown>
[2024-07-11T08:44:45.987+0000] {processor.py:840} INFO - DAG(s) 'example_setup_teardown' retrieved from /home/airflow/.local/lib/python3.10/site-packages/airflow/example_dags/example_setup_teardown.py
[2024-07-11T08:44:45.989+0000] {logging_mixin.py:188} INFO - [2024-07-11T08:44:45.989+0000] {dagbag.py:662} DEBUG - Running dagbag.sync_to_db with retries. Try 1 of 3
[2024-07-11T08:44:45.990+0000] {logging_mixin.py:188} INFO - [2024-07-11T08:44:45.990+0000] {dagbag.py:667} DEBUG - Calling the DAG.bulk_sync_to_db method
[2024-07-11T08:44:46.005+0000] {logging_mixin.py:188} INFO - [2024-07-11T08:44:46.004+0000] {serialized_dag.py:165} DEBUG - Checking if DAG (example_setup_teardown) changed
[2024-07-11T08:44:46.018+0000] {logging_mixin.py:188} INFO - [2024-07-11T08:44:46.017+0000] {serialized_dag.py:176} DEBUG - Serialized DAG (example_setup_teardown) is unchanged. Skipping writing to DB
[2024-07-11T08:44:46.018+0000] {logging_mixin.py:188} INFO - [2024-07-11T08:44:46.018+0000] {dag.py:3047} INFO - Sync 1 DAGs
[2024-07-11T08:44:46.050+0000] {logging_mixin.py:188} INFO - [2024-07-11T08:44:46.049+0000] {dag.py:3834} INFO - Setting next_dagrun for example_setup_teardown to 2024-07-10 00:00:00+00:00, run_after=2024-07-11 00:00:00+00:00
[2024-07-11T08:44:46.077+0000] {processor.py:183} INFO - Processing /home/airflow/.local/lib/python3.10/site-packages/airflow/example_dags/example_setup_teardown.py took 0.105 seconds
