[2024-07-11T08:36:58.043+0000] {logging_mixin.py:188} INFO - [2024-07-11T08:36:58.042+0000] {settings.py:249} DEBUG - Setting up DB connection pool (PID 42)
[2024-07-11T08:36:58.044+0000] {logging_mixin.py:188} INFO - [2024-07-11T08:36:58.044+0000] {settings.py:350} DEBUG - settings.prepare_engine_args(): Using pool settings. pool_size=5, max_overflow=10, pool_recycle=1800, pid=42
[2024-07-11T08:36:58.047+0000] {processor.py:161} INFO - Started process (PID=42) to work on /home/airflow/.local/lib/python3.10/site-packages/airflow/example_dags/example_subdag_operator.py
[2024-07-11T08:36:58.048+0000] {processor.py:830} INFO - Processing file /home/airflow/.local/lib/python3.10/site-packages/airflow/example_dags/example_subdag_operator.py for tasks to queue
[2024-07-11T08:36:58.049+0000] {logging_mixin.py:188} INFO - [2024-07-11T08:36:58.049+0000] {dagbag.py:540} INFO - Filling up the DagBag from /home/airflow/.local/lib/python3.10/site-packages/airflow/example_dags/example_subdag_operator.py
[2024-07-11T08:36:58.051+0000] {logging_mixin.py:188} INFO - [2024-07-11T08:36:58.050+0000] {dagbag.py:332} DEBUG - Importing /home/airflow/.local/lib/python3.10/site-packages/airflow/example_dags/example_subdag_operator.py
[2024-07-11T08:36:58.056+0000] {logging_mixin.py:188} INFO - [2024-07-11T08:36:58.055+0000] {GetText.py:65} DEBUG - /home/airflow/.local/lib/python3.10/site-packages/cron_descriptor/locale/en_US.mo Loaded
[2024-07-11T08:36:58.075+0000] {logging_mixin.py:188} INFO - [2024-07-11T08:36:58.075+0000] {GetText.py:65} DEBUG - /home/airflow/.local/lib/python3.10/site-packages/cron_descriptor/locale/en_US.mo Loaded
[2024-07-11T08:36:58.082+0000] {logging_mixin.py:188} INFO - [2024-07-11T08:36:58.081+0000] {dagbag.py:506} DEBUG - Loaded DAG <DAG: example_subdag_operator.section-1>
[2024-07-11T08:36:58.083+0000] {logging_mixin.py:188} INFO - [2024-07-11T08:36:58.083+0000] {dagbag.py:506} DEBUG - Loaded DAG <DAG: example_subdag_operator.section-2>
[2024-07-11T08:36:58.083+0000] {logging_mixin.py:188} INFO - [2024-07-11T08:36:58.083+0000] {dagbag.py:506} DEBUG - Loaded DAG <DAG: example_subdag_operator>
[2024-07-11T08:36:58.084+0000] {processor.py:840} INFO - DAG(s) 'example_subdag_operator.section-1', 'example_subdag_operator.section-2', 'example_subdag_operator' retrieved from /home/airflow/.local/lib/python3.10/site-packages/airflow/example_dags/example_subdag_operator.py
[2024-07-11T08:36:58.085+0000] {logging_mixin.py:188} INFO - [2024-07-11T08:36:58.084+0000] {dagbag.py:662} DEBUG - Running dagbag.sync_to_db with retries. Try 1 of 3
[2024-07-11T08:36:58.085+0000] {logging_mixin.py:188} INFO - [2024-07-11T08:36:58.085+0000] {dagbag.py:667} DEBUG - Calling the DAG.bulk_sync_to_db method
[2024-07-11T08:36:58.089+0000] {logging_mixin.py:188} INFO - [2024-07-11T08:36:58.089+0000] {dag.py:3047} INFO - Sync 3 DAGs
[2024-07-11T08:36:58.122+0000] {logging_mixin.py:188} INFO - [2024-07-11T08:36:58.121+0000] {dag.py:3834} INFO - Setting next_dagrun for example_subdag_operator to 2022-01-01 00:00:00+00:00, run_after=2022-01-01 00:00:00+00:00
[2024-07-11T08:36:58.127+0000] {logging_mixin.py:188} INFO - [2024-07-11T08:36:58.127+0000] {dag.py:3834} INFO - Setting next_dagrun for example_subdag_operator.section-1 to None, run_after=None
[2024-07-11T08:36:58.129+0000] {logging_mixin.py:188} INFO - [2024-07-11T08:36:58.129+0000] {dag.py:3834} INFO - Setting next_dagrun for example_subdag_operator.section-2 to None, run_after=None
[2024-07-11T08:36:58.138+0000] {logging_mixin.py:188} INFO - [2024-07-11T08:36:58.137+0000] {dag.py:3047} INFO - Sync 2 DAGs
[2024-07-11T08:36:58.144+0000] {logging_mixin.py:188} INFO - [2024-07-11T08:36:58.144+0000] {dag.py:3834} INFO - Setting next_dagrun for example_subdag_operator.section-1 to None, run_after=None
[2024-07-11T08:36:58.145+0000] {logging_mixin.py:188} INFO - [2024-07-11T08:36:58.145+0000] {dag.py:3834} INFO - Setting next_dagrun for example_subdag_operator.section-2 to None, run_after=None
[2024-07-11T08:36:58.161+0000] {processor.py:183} INFO - Processing /home/airflow/.local/lib/python3.10/site-packages/airflow/example_dags/example_subdag_operator.py took 0.119 seconds
[2024-07-11T08:37:28.286+0000] {logging_mixin.py:188} INFO - [2024-07-11T08:37:28.285+0000] {settings.py:249} DEBUG - Setting up DB connection pool (PID 98)
[2024-07-11T08:37:28.287+0000] {logging_mixin.py:188} INFO - [2024-07-11T08:37:28.286+0000] {settings.py:350} DEBUG - settings.prepare_engine_args(): Using pool settings. pool_size=5, max_overflow=10, pool_recycle=1800, pid=98
[2024-07-11T08:37:28.289+0000] {processor.py:161} INFO - Started process (PID=98) to work on /home/airflow/.local/lib/python3.10/site-packages/airflow/example_dags/example_subdag_operator.py
[2024-07-11T08:37:28.289+0000] {processor.py:830} INFO - Processing file /home/airflow/.local/lib/python3.10/site-packages/airflow/example_dags/example_subdag_operator.py for tasks to queue
[2024-07-11T08:37:28.289+0000] {logging_mixin.py:188} INFO - [2024-07-11T08:37:28.289+0000] {dagbag.py:540} INFO - Filling up the DagBag from /home/airflow/.local/lib/python3.10/site-packages/airflow/example_dags/example_subdag_operator.py
[2024-07-11T08:37:28.290+0000] {logging_mixin.py:188} INFO - [2024-07-11T08:37:28.290+0000] {dagbag.py:332} DEBUG - Importing /home/airflow/.local/lib/python3.10/site-packages/airflow/example_dags/example_subdag_operator.py
[2024-07-11T08:37:28.292+0000] {logging_mixin.py:188} INFO - [2024-07-11T08:37:28.292+0000] {GetText.py:65} DEBUG - /home/airflow/.local/lib/python3.10/site-packages/cron_descriptor/locale/en_US.mo Loaded
[2024-07-11T08:37:28.304+0000] {logging_mixin.py:188} INFO - [2024-07-11T08:37:28.303+0000] {GetText.py:65} DEBUG - /home/airflow/.local/lib/python3.10/site-packages/cron_descriptor/locale/en_US.mo Loaded
[2024-07-11T08:37:28.307+0000] {logging_mixin.py:188} INFO - [2024-07-11T08:37:28.306+0000] {dagbag.py:506} DEBUG - Loaded DAG <DAG: example_subdag_operator.section-1>
[2024-07-11T08:37:28.307+0000] {logging_mixin.py:188} INFO - [2024-07-11T08:37:28.307+0000] {dagbag.py:506} DEBUG - Loaded DAG <DAG: example_subdag_operator.section-2>
[2024-07-11T08:37:28.307+0000] {logging_mixin.py:188} INFO - [2024-07-11T08:37:28.307+0000] {dagbag.py:506} DEBUG - Loaded DAG <DAG: example_subdag_operator>
[2024-07-11T08:37:28.307+0000] {processor.py:840} INFO - DAG(s) 'example_subdag_operator.section-1', 'example_subdag_operator.section-2', 'example_subdag_operator' retrieved from /home/airflow/.local/lib/python3.10/site-packages/airflow/example_dags/example_subdag_operator.py
[2024-07-11T08:37:28.308+0000] {logging_mixin.py:188} INFO - [2024-07-11T08:37:28.308+0000] {dagbag.py:662} DEBUG - Running dagbag.sync_to_db with retries. Try 1 of 3
[2024-07-11T08:37:28.308+0000] {logging_mixin.py:188} INFO - [2024-07-11T08:37:28.308+0000] {dagbag.py:667} DEBUG - Calling the DAG.bulk_sync_to_db method
[2024-07-11T08:37:28.310+0000] {logging_mixin.py:188} INFO - [2024-07-11T08:37:28.310+0000] {serialized_dag.py:165} DEBUG - Checking if DAG (example_subdag_operator) changed
[2024-07-11T08:37:28.313+0000] {logging_mixin.py:188} INFO - [2024-07-11T08:37:28.313+0000] {plugins_manager.py:322} DEBUG - Plugins are already loaded. Skipping.
[2024-07-11T08:37:28.313+0000] {logging_mixin.py:188} INFO - [2024-07-11T08:37:28.313+0000] {plugins_manager.py:400} DEBUG - Initialize custom taskinstance deps plugins
[2024-07-11T08:37:28.318+0000] {logging_mixin.py:188} INFO - [2024-07-11T08:37:28.318+0000] {serialized_dag.py:179} DEBUG - Writing Serialized DAG: example_subdag_operator to the DB
[2024-07-11T08:37:28.320+0000] {logging_mixin.py:188} INFO - [2024-07-11T08:37:28.320+0000] {serialized_dag.py:181} DEBUG - DAG: example_subdag_operator written to the DB
[2024-07-11T08:37:28.320+0000] {logging_mixin.py:188} INFO - [2024-07-11T08:37:28.320+0000] {dagbag.py:696} DEBUG - Syncing DAG permissions: example_subdag_operator to the DB
[2024-07-11T08:37:28.373+0000] {logging_mixin.py:188} INFO - [2024-07-11T08:37:28.372+0000] {override.py:1034} DEBUG - Not syncing DAG-level permissions for DAG 'DAG:example_subdag_operator' as access control is unset.
[2024-07-11T08:37:28.373+0000] {logging_mixin.py:188} INFO - [2024-07-11T08:37:28.373+0000] {dag.py:3047} INFO - Sync 3 DAGs
[2024-07-11T08:37:28.387+0000] {logging_mixin.py:188} INFO - [2024-07-11T08:37:28.387+0000] {dag.py:3834} INFO - Setting next_dagrun for example_subdag_operator to 2022-01-01 00:00:00+00:00, run_after=2022-01-01 00:00:00+00:00
[2024-07-11T08:37:28.389+0000] {logging_mixin.py:188} INFO - [2024-07-11T08:37:28.389+0000] {dag.py:3834} INFO - Setting next_dagrun for example_subdag_operator.section-1 to None, run_after=None
[2024-07-11T08:37:28.390+0000] {logging_mixin.py:188} INFO - [2024-07-11T08:37:28.390+0000] {dag.py:3834} INFO - Setting next_dagrun for example_subdag_operator.section-2 to None, run_after=None
[2024-07-11T08:37:28.396+0000] {logging_mixin.py:188} INFO - [2024-07-11T08:37:28.396+0000] {dag.py:3047} INFO - Sync 2 DAGs
[2024-07-11T08:37:28.400+0000] {logging_mixin.py:188} INFO - [2024-07-11T08:37:28.400+0000] {dag.py:3834} INFO - Setting next_dagrun for example_subdag_operator.section-1 to None, run_after=None
[2024-07-11T08:37:28.401+0000] {logging_mixin.py:188} INFO - [2024-07-11T08:37:28.400+0000] {dag.py:3834} INFO - Setting next_dagrun for example_subdag_operator.section-2 to None, run_after=None
[2024-07-11T08:37:28.410+0000] {processor.py:183} INFO - Processing /home/airflow/.local/lib/python3.10/site-packages/airflow/example_dags/example_subdag_operator.py took 0.124 seconds
[2024-07-11T08:37:58.480+0000] {logging_mixin.py:188} INFO - [2024-07-11T08:37:58.480+0000] {settings.py:249} DEBUG - Setting up DB connection pool (PID 154)
[2024-07-11T08:37:58.481+0000] {logging_mixin.py:188} INFO - [2024-07-11T08:37:58.481+0000] {settings.py:350} DEBUG - settings.prepare_engine_args(): Using pool settings. pool_size=5, max_overflow=10, pool_recycle=1800, pid=154
[2024-07-11T08:37:58.482+0000] {processor.py:161} INFO - Started process (PID=154) to work on /home/airflow/.local/lib/python3.10/site-packages/airflow/example_dags/example_subdag_operator.py
[2024-07-11T08:37:58.483+0000] {processor.py:830} INFO - Processing file /home/airflow/.local/lib/python3.10/site-packages/airflow/example_dags/example_subdag_operator.py for tasks to queue
[2024-07-11T08:37:58.483+0000] {logging_mixin.py:188} INFO - [2024-07-11T08:37:58.483+0000] {dagbag.py:540} INFO - Filling up the DagBag from /home/airflow/.local/lib/python3.10/site-packages/airflow/example_dags/example_subdag_operator.py
[2024-07-11T08:37:58.484+0000] {logging_mixin.py:188} INFO - [2024-07-11T08:37:58.484+0000] {dagbag.py:332} DEBUG - Importing /home/airflow/.local/lib/python3.10/site-packages/airflow/example_dags/example_subdag_operator.py
[2024-07-11T08:37:58.486+0000] {logging_mixin.py:188} INFO - [2024-07-11T08:37:58.486+0000] {GetText.py:65} DEBUG - /home/airflow/.local/lib/python3.10/site-packages/cron_descriptor/locale/en_US.mo Loaded
[2024-07-11T08:37:58.497+0000] {logging_mixin.py:188} INFO - [2024-07-11T08:37:58.497+0000] {GetText.py:65} DEBUG - /home/airflow/.local/lib/python3.10/site-packages/cron_descriptor/locale/en_US.mo Loaded
[2024-07-11T08:37:58.500+0000] {logging_mixin.py:188} INFO - [2024-07-11T08:37:58.500+0000] {dagbag.py:506} DEBUG - Loaded DAG <DAG: example_subdag_operator.section-1>
[2024-07-11T08:37:58.501+0000] {logging_mixin.py:188} INFO - [2024-07-11T08:37:58.500+0000] {dagbag.py:506} DEBUG - Loaded DAG <DAG: example_subdag_operator.section-2>
[2024-07-11T08:37:58.501+0000] {logging_mixin.py:188} INFO - [2024-07-11T08:37:58.501+0000] {dagbag.py:506} DEBUG - Loaded DAG <DAG: example_subdag_operator>
[2024-07-11T08:37:58.501+0000] {processor.py:840} INFO - DAG(s) 'example_subdag_operator.section-1', 'example_subdag_operator.section-2', 'example_subdag_operator' retrieved from /home/airflow/.local/lib/python3.10/site-packages/airflow/example_dags/example_subdag_operator.py
[2024-07-11T08:37:58.501+0000] {logging_mixin.py:188} INFO - [2024-07-11T08:37:58.501+0000] {dagbag.py:662} DEBUG - Running dagbag.sync_to_db with retries. Try 1 of 3
[2024-07-11T08:37:58.502+0000] {logging_mixin.py:188} INFO - [2024-07-11T08:37:58.501+0000] {dagbag.py:667} DEBUG - Calling the DAG.bulk_sync_to_db method
[2024-07-11T08:37:58.504+0000] {logging_mixin.py:188} INFO - [2024-07-11T08:37:58.503+0000] {serialized_dag.py:165} DEBUG - Checking if DAG (example_subdag_operator) changed
[2024-07-11T08:37:58.507+0000] {logging_mixin.py:188} INFO - [2024-07-11T08:37:58.507+0000] {plugins_manager.py:322} DEBUG - Plugins are already loaded. Skipping.
[2024-07-11T08:37:58.507+0000] {logging_mixin.py:188} INFO - [2024-07-11T08:37:58.507+0000] {plugins_manager.py:400} DEBUG - Initialize custom taskinstance deps plugins
[2024-07-11T08:37:58.512+0000] {logging_mixin.py:188} INFO - [2024-07-11T08:37:58.512+0000] {serialized_dag.py:176} DEBUG - Serialized DAG (example_subdag_operator) is unchanged. Skipping writing to DB
[2024-07-11T08:37:58.512+0000] {logging_mixin.py:188} INFO - [2024-07-11T08:37:58.512+0000] {dag.py:3047} INFO - Sync 3 DAGs
[2024-07-11T08:37:58.526+0000] {logging_mixin.py:188} INFO - [2024-07-11T08:37:58.526+0000] {dag.py:3834} INFO - Setting next_dagrun for example_subdag_operator to 2022-01-01 00:00:00+00:00, run_after=2022-01-01 00:00:00+00:00
[2024-07-11T08:37:58.528+0000] {logging_mixin.py:188} INFO - [2024-07-11T08:37:58.528+0000] {dag.py:3834} INFO - Setting next_dagrun for example_subdag_operator.section-1 to None, run_after=None
[2024-07-11T08:37:58.529+0000] {logging_mixin.py:188} INFO - [2024-07-11T08:37:58.529+0000] {dag.py:3834} INFO - Setting next_dagrun for example_subdag_operator.section-2 to None, run_after=None
[2024-07-11T08:37:58.534+0000] {logging_mixin.py:188} INFO - [2024-07-11T08:37:58.534+0000] {dag.py:3047} INFO - Sync 2 DAGs
[2024-07-11T08:37:58.538+0000] {logging_mixin.py:188} INFO - [2024-07-11T08:37:58.538+0000] {dag.py:3834} INFO - Setting next_dagrun for example_subdag_operator.section-1 to None, run_after=None
[2024-07-11T08:37:58.538+0000] {logging_mixin.py:188} INFO - [2024-07-11T08:37:58.538+0000] {dag.py:3834} INFO - Setting next_dagrun for example_subdag_operator.section-2 to None, run_after=None
[2024-07-11T08:37:58.546+0000] {processor.py:183} INFO - Processing /home/airflow/.local/lib/python3.10/site-packages/airflow/example_dags/example_subdag_operator.py took 0.066 seconds
[2024-07-11T08:38:28.583+0000] {logging_mixin.py:188} INFO - [2024-07-11T08:38:28.583+0000] {settings.py:249} DEBUG - Setting up DB connection pool (PID 210)
[2024-07-11T08:38:28.584+0000] {logging_mixin.py:188} INFO - [2024-07-11T08:38:28.584+0000] {settings.py:350} DEBUG - settings.prepare_engine_args(): Using pool settings. pool_size=5, max_overflow=10, pool_recycle=1800, pid=210
[2024-07-11T08:38:28.586+0000] {processor.py:161} INFO - Started process (PID=210) to work on /home/airflow/.local/lib/python3.10/site-packages/airflow/example_dags/example_subdag_operator.py
[2024-07-11T08:38:28.586+0000] {processor.py:830} INFO - Processing file /home/airflow/.local/lib/python3.10/site-packages/airflow/example_dags/example_subdag_operator.py for tasks to queue
[2024-07-11T08:38:28.586+0000] {logging_mixin.py:188} INFO - [2024-07-11T08:38:28.586+0000] {dagbag.py:540} INFO - Filling up the DagBag from /home/airflow/.local/lib/python3.10/site-packages/airflow/example_dags/example_subdag_operator.py
[2024-07-11T08:38:28.587+0000] {logging_mixin.py:188} INFO - [2024-07-11T08:38:28.587+0000] {dagbag.py:332} DEBUG - Importing /home/airflow/.local/lib/python3.10/site-packages/airflow/example_dags/example_subdag_operator.py
[2024-07-11T08:38:28.590+0000] {logging_mixin.py:188} INFO - [2024-07-11T08:38:28.590+0000] {GetText.py:65} DEBUG - /home/airflow/.local/lib/python3.10/site-packages/cron_descriptor/locale/en_US.mo Loaded
[2024-07-11T08:38:28.601+0000] {logging_mixin.py:188} INFO - [2024-07-11T08:38:28.601+0000] {GetText.py:65} DEBUG - /home/airflow/.local/lib/python3.10/site-packages/cron_descriptor/locale/en_US.mo Loaded
[2024-07-11T08:38:28.605+0000] {logging_mixin.py:188} INFO - [2024-07-11T08:38:28.604+0000] {dagbag.py:506} DEBUG - Loaded DAG <DAG: example_subdag_operator.section-1>
[2024-07-11T08:38:28.605+0000] {logging_mixin.py:188} INFO - [2024-07-11T08:38:28.605+0000] {dagbag.py:506} DEBUG - Loaded DAG <DAG: example_subdag_operator.section-2>
[2024-07-11T08:38:28.605+0000] {logging_mixin.py:188} INFO - [2024-07-11T08:38:28.605+0000] {dagbag.py:506} DEBUG - Loaded DAG <DAG: example_subdag_operator>
[2024-07-11T08:38:28.605+0000] {processor.py:840} INFO - DAG(s) 'example_subdag_operator.section-1', 'example_subdag_operator.section-2', 'example_subdag_operator' retrieved from /home/airflow/.local/lib/python3.10/site-packages/airflow/example_dags/example_subdag_operator.py
[2024-07-11T08:38:28.606+0000] {logging_mixin.py:188} INFO - [2024-07-11T08:38:28.605+0000] {dagbag.py:662} DEBUG - Running dagbag.sync_to_db with retries. Try 1 of 3
[2024-07-11T08:38:28.606+0000] {logging_mixin.py:188} INFO - [2024-07-11T08:38:28.606+0000] {dagbag.py:667} DEBUG - Calling the DAG.bulk_sync_to_db method
[2024-07-11T08:38:28.608+0000] {logging_mixin.py:188} INFO - [2024-07-11T08:38:28.608+0000] {serialized_dag.py:165} DEBUG - Checking if DAG (example_subdag_operator) changed
[2024-07-11T08:38:28.611+0000] {logging_mixin.py:188} INFO - [2024-07-11T08:38:28.611+0000] {plugins_manager.py:322} DEBUG - Plugins are already loaded. Skipping.
[2024-07-11T08:38:28.611+0000] {logging_mixin.py:188} INFO - [2024-07-11T08:38:28.611+0000] {plugins_manager.py:400} DEBUG - Initialize custom taskinstance deps plugins
[2024-07-11T08:38:28.616+0000] {logging_mixin.py:188} INFO - [2024-07-11T08:38:28.616+0000] {serialized_dag.py:176} DEBUG - Serialized DAG (example_subdag_operator) is unchanged. Skipping writing to DB
[2024-07-11T08:38:28.617+0000] {logging_mixin.py:188} INFO - [2024-07-11T08:38:28.616+0000] {dag.py:3047} INFO - Sync 3 DAGs
[2024-07-11T08:38:28.632+0000] {logging_mixin.py:188} INFO - [2024-07-11T08:38:28.631+0000] {dag.py:3834} INFO - Setting next_dagrun for example_subdag_operator to 2022-01-01 00:00:00+00:00, run_after=2022-01-01 00:00:00+00:00
[2024-07-11T08:38:28.634+0000] {logging_mixin.py:188} INFO - [2024-07-11T08:38:28.634+0000] {dag.py:3834} INFO - Setting next_dagrun for example_subdag_operator.section-1 to None, run_after=None
[2024-07-11T08:38:28.635+0000] {logging_mixin.py:188} INFO - [2024-07-11T08:38:28.635+0000] {dag.py:3834} INFO - Setting next_dagrun for example_subdag_operator.section-2 to None, run_after=None
[2024-07-11T08:38:28.640+0000] {logging_mixin.py:188} INFO - [2024-07-11T08:38:28.640+0000] {dag.py:3047} INFO - Sync 2 DAGs
[2024-07-11T08:38:28.644+0000] {logging_mixin.py:188} INFO - [2024-07-11T08:38:28.644+0000] {dag.py:3834} INFO - Setting next_dagrun for example_subdag_operator.section-1 to None, run_after=None
[2024-07-11T08:38:28.645+0000] {logging_mixin.py:188} INFO - [2024-07-11T08:38:28.645+0000] {dag.py:3834} INFO - Setting next_dagrun for example_subdag_operator.section-2 to None, run_after=None
[2024-07-11T08:38:28.654+0000] {processor.py:183} INFO - Processing /home/airflow/.local/lib/python3.10/site-packages/airflow/example_dags/example_subdag_operator.py took 0.071 seconds
[2024-07-11T08:38:58.819+0000] {logging_mixin.py:188} INFO - [2024-07-11T08:38:58.819+0000] {settings.py:249} DEBUG - Setting up DB connection pool (PID 266)
[2024-07-11T08:38:58.820+0000] {logging_mixin.py:188} INFO - [2024-07-11T08:38:58.820+0000] {settings.py:350} DEBUG - settings.prepare_engine_args(): Using pool settings. pool_size=5, max_overflow=10, pool_recycle=1800, pid=266
[2024-07-11T08:38:58.822+0000] {processor.py:161} INFO - Started process (PID=266) to work on /home/airflow/.local/lib/python3.10/site-packages/airflow/example_dags/example_subdag_operator.py
[2024-07-11T08:38:58.822+0000] {processor.py:830} INFO - Processing file /home/airflow/.local/lib/python3.10/site-packages/airflow/example_dags/example_subdag_operator.py for tasks to queue
[2024-07-11T08:38:58.822+0000] {logging_mixin.py:188} INFO - [2024-07-11T08:38:58.822+0000] {dagbag.py:540} INFO - Filling up the DagBag from /home/airflow/.local/lib/python3.10/site-packages/airflow/example_dags/example_subdag_operator.py
[2024-07-11T08:38:58.823+0000] {logging_mixin.py:188} INFO - [2024-07-11T08:38:58.823+0000] {dagbag.py:332} DEBUG - Importing /home/airflow/.local/lib/python3.10/site-packages/airflow/example_dags/example_subdag_operator.py
[2024-07-11T08:38:58.825+0000] {logging_mixin.py:188} INFO - [2024-07-11T08:38:58.825+0000] {GetText.py:65} DEBUG - /home/airflow/.local/lib/python3.10/site-packages/cron_descriptor/locale/en_US.mo Loaded
[2024-07-11T08:38:58.836+0000] {logging_mixin.py:188} INFO - [2024-07-11T08:38:58.836+0000] {GetText.py:65} DEBUG - /home/airflow/.local/lib/python3.10/site-packages/cron_descriptor/locale/en_US.mo Loaded
[2024-07-11T08:38:58.840+0000] {logging_mixin.py:188} INFO - [2024-07-11T08:38:58.839+0000] {dagbag.py:506} DEBUG - Loaded DAG <DAG: example_subdag_operator.section-1>
[2024-07-11T08:38:58.840+0000] {logging_mixin.py:188} INFO - [2024-07-11T08:38:58.840+0000] {dagbag.py:506} DEBUG - Loaded DAG <DAG: example_subdag_operator.section-2>
[2024-07-11T08:38:58.841+0000] {logging_mixin.py:188} INFO - [2024-07-11T08:38:58.840+0000] {dagbag.py:506} DEBUG - Loaded DAG <DAG: example_subdag_operator>
[2024-07-11T08:38:58.841+0000] {processor.py:840} INFO - DAG(s) 'example_subdag_operator.section-1', 'example_subdag_operator.section-2', 'example_subdag_operator' retrieved from /home/airflow/.local/lib/python3.10/site-packages/airflow/example_dags/example_subdag_operator.py
[2024-07-11T08:38:58.841+0000] {logging_mixin.py:188} INFO - [2024-07-11T08:38:58.841+0000] {dagbag.py:662} DEBUG - Running dagbag.sync_to_db with retries. Try 1 of 3
[2024-07-11T08:38:58.841+0000] {logging_mixin.py:188} INFO - [2024-07-11T08:38:58.841+0000] {dagbag.py:667} DEBUG - Calling the DAG.bulk_sync_to_db method
[2024-07-11T08:38:58.844+0000] {logging_mixin.py:188} INFO - [2024-07-11T08:38:58.844+0000] {serialized_dag.py:165} DEBUG - Checking if DAG (example_subdag_operator) changed
[2024-07-11T08:38:58.848+0000] {logging_mixin.py:188} INFO - [2024-07-11T08:38:58.848+0000] {plugins_manager.py:322} DEBUG - Plugins are already loaded. Skipping.
[2024-07-11T08:38:58.848+0000] {logging_mixin.py:188} INFO - [2024-07-11T08:38:58.848+0000] {plugins_manager.py:400} DEBUG - Initialize custom taskinstance deps plugins
[2024-07-11T08:38:58.853+0000] {logging_mixin.py:188} INFO - [2024-07-11T08:38:58.853+0000] {serialized_dag.py:176} DEBUG - Serialized DAG (example_subdag_operator) is unchanged. Skipping writing to DB
[2024-07-11T08:38:58.854+0000] {logging_mixin.py:188} INFO - [2024-07-11T08:38:58.854+0000] {dag.py:3047} INFO - Sync 3 DAGs
[2024-07-11T08:38:58.869+0000] {logging_mixin.py:188} INFO - [2024-07-11T08:38:58.869+0000] {dag.py:3834} INFO - Setting next_dagrun for example_subdag_operator to 2022-01-01 00:00:00+00:00, run_after=2022-01-01 00:00:00+00:00
[2024-07-11T08:38:58.872+0000] {logging_mixin.py:188} INFO - [2024-07-11T08:38:58.872+0000] {dag.py:3834} INFO - Setting next_dagrun for example_subdag_operator.section-1 to None, run_after=None
[2024-07-11T08:38:58.873+0000] {logging_mixin.py:188} INFO - [2024-07-11T08:38:58.873+0000] {dag.py:3834} INFO - Setting next_dagrun for example_subdag_operator.section-2 to None, run_after=None
[2024-07-11T08:38:58.879+0000] {logging_mixin.py:188} INFO - [2024-07-11T08:38:58.879+0000] {dag.py:3047} INFO - Sync 2 DAGs
[2024-07-11T08:38:58.883+0000] {logging_mixin.py:188} INFO - [2024-07-11T08:38:58.883+0000] {dag.py:3834} INFO - Setting next_dagrun for example_subdag_operator.section-1 to None, run_after=None
[2024-07-11T08:38:58.883+0000] {logging_mixin.py:188} INFO - [2024-07-11T08:38:58.883+0000] {dag.py:3834} INFO - Setting next_dagrun for example_subdag_operator.section-2 to None, run_after=None
[2024-07-11T08:38:58.893+0000] {processor.py:183} INFO - Processing /home/airflow/.local/lib/python3.10/site-packages/airflow/example_dags/example_subdag_operator.py took 0.074 seconds
[2024-07-11T08:39:29.160+0000] {logging_mixin.py:188} INFO - [2024-07-11T08:39:29.159+0000] {settings.py:249} DEBUG - Setting up DB connection pool (PID 322)
[2024-07-11T08:39:29.160+0000] {logging_mixin.py:188} INFO - [2024-07-11T08:39:29.160+0000] {settings.py:350} DEBUG - settings.prepare_engine_args(): Using pool settings. pool_size=5, max_overflow=10, pool_recycle=1800, pid=322
[2024-07-11T08:39:29.162+0000] {processor.py:161} INFO - Started process (PID=322) to work on /home/airflow/.local/lib/python3.10/site-packages/airflow/example_dags/example_subdag_operator.py
[2024-07-11T08:39:29.162+0000] {processor.py:830} INFO - Processing file /home/airflow/.local/lib/python3.10/site-packages/airflow/example_dags/example_subdag_operator.py for tasks to queue
[2024-07-11T08:39:29.163+0000] {logging_mixin.py:188} INFO - [2024-07-11T08:39:29.162+0000] {dagbag.py:540} INFO - Filling up the DagBag from /home/airflow/.local/lib/python3.10/site-packages/airflow/example_dags/example_subdag_operator.py
[2024-07-11T08:39:29.163+0000] {logging_mixin.py:188} INFO - [2024-07-11T08:39:29.163+0000] {dagbag.py:332} DEBUG - Importing /home/airflow/.local/lib/python3.10/site-packages/airflow/example_dags/example_subdag_operator.py
[2024-07-11T08:39:29.165+0000] {logging_mixin.py:188} INFO - [2024-07-11T08:39:29.165+0000] {GetText.py:65} DEBUG - /home/airflow/.local/lib/python3.10/site-packages/cron_descriptor/locale/en_US.mo Loaded
[2024-07-11T08:39:29.176+0000] {logging_mixin.py:188} INFO - [2024-07-11T08:39:29.176+0000] {GetText.py:65} DEBUG - /home/airflow/.local/lib/python3.10/site-packages/cron_descriptor/locale/en_US.mo Loaded
[2024-07-11T08:39:29.179+0000] {logging_mixin.py:188} INFO - [2024-07-11T08:39:29.179+0000] {dagbag.py:506} DEBUG - Loaded DAG <DAG: example_subdag_operator.section-1>
[2024-07-11T08:39:29.180+0000] {logging_mixin.py:188} INFO - [2024-07-11T08:39:29.180+0000] {dagbag.py:506} DEBUG - Loaded DAG <DAG: example_subdag_operator.section-2>
[2024-07-11T08:39:29.180+0000] {logging_mixin.py:188} INFO - [2024-07-11T08:39:29.180+0000] {dagbag.py:506} DEBUG - Loaded DAG <DAG: example_subdag_operator>
[2024-07-11T08:39:29.180+0000] {processor.py:840} INFO - DAG(s) 'example_subdag_operator.section-1', 'example_subdag_operator.section-2', 'example_subdag_operator' retrieved from /home/airflow/.local/lib/python3.10/site-packages/airflow/example_dags/example_subdag_operator.py
[2024-07-11T08:39:29.180+0000] {logging_mixin.py:188} INFO - [2024-07-11T08:39:29.180+0000] {dagbag.py:662} DEBUG - Running dagbag.sync_to_db with retries. Try 1 of 3
[2024-07-11T08:39:29.180+0000] {logging_mixin.py:188} INFO - [2024-07-11T08:39:29.180+0000] {dagbag.py:667} DEBUG - Calling the DAG.bulk_sync_to_db method
[2024-07-11T08:39:29.183+0000] {logging_mixin.py:188} INFO - [2024-07-11T08:39:29.183+0000] {serialized_dag.py:165} DEBUG - Checking if DAG (example_subdag_operator) changed
[2024-07-11T08:39:29.186+0000] {logging_mixin.py:188} INFO - [2024-07-11T08:39:29.186+0000] {plugins_manager.py:322} DEBUG - Plugins are already loaded. Skipping.
[2024-07-11T08:39:29.186+0000] {logging_mixin.py:188} INFO - [2024-07-11T08:39:29.186+0000] {plugins_manager.py:400} DEBUG - Initialize custom taskinstance deps plugins
[2024-07-11T08:39:29.191+0000] {logging_mixin.py:188} INFO - [2024-07-11T08:39:29.191+0000] {serialized_dag.py:176} DEBUG - Serialized DAG (example_subdag_operator) is unchanged. Skipping writing to DB
[2024-07-11T08:39:29.191+0000] {logging_mixin.py:188} INFO - [2024-07-11T08:39:29.191+0000] {dag.py:3047} INFO - Sync 3 DAGs
[2024-07-11T08:39:29.206+0000] {logging_mixin.py:188} INFO - [2024-07-11T08:39:29.206+0000] {dag.py:3834} INFO - Setting next_dagrun for example_subdag_operator to 2022-01-01 00:00:00+00:00, run_after=2022-01-01 00:00:00+00:00
[2024-07-11T08:39:29.209+0000] {logging_mixin.py:188} INFO - [2024-07-11T08:39:29.209+0000] {dag.py:3834} INFO - Setting next_dagrun for example_subdag_operator.section-1 to None, run_after=None
[2024-07-11T08:39:29.210+0000] {logging_mixin.py:188} INFO - [2024-07-11T08:39:29.210+0000] {dag.py:3834} INFO - Setting next_dagrun for example_subdag_operator.section-2 to None, run_after=None
[2024-07-11T08:39:29.214+0000] {logging_mixin.py:188} INFO - [2024-07-11T08:39:29.214+0000] {dag.py:3047} INFO - Sync 2 DAGs
[2024-07-11T08:39:29.218+0000] {logging_mixin.py:188} INFO - [2024-07-11T08:39:29.217+0000] {dag.py:3834} INFO - Setting next_dagrun for example_subdag_operator.section-1 to None, run_after=None
[2024-07-11T08:39:29.218+0000] {logging_mixin.py:188} INFO - [2024-07-11T08:39:29.218+0000] {dag.py:3834} INFO - Setting next_dagrun for example_subdag_operator.section-2 to None, run_after=None
[2024-07-11T08:39:29.226+0000] {processor.py:183} INFO - Processing /home/airflow/.local/lib/python3.10/site-packages/airflow/example_dags/example_subdag_operator.py took 0.067 seconds
[2024-07-11T08:39:59.330+0000] {logging_mixin.py:188} INFO - [2024-07-11T08:39:59.330+0000] {settings.py:249} DEBUG - Setting up DB connection pool (PID 378)
[2024-07-11T08:39:59.331+0000] {logging_mixin.py:188} INFO - [2024-07-11T08:39:59.331+0000] {settings.py:350} DEBUG - settings.prepare_engine_args(): Using pool settings. pool_size=5, max_overflow=10, pool_recycle=1800, pid=378
[2024-07-11T08:39:59.334+0000] {processor.py:161} INFO - Started process (PID=378) to work on /home/airflow/.local/lib/python3.10/site-packages/airflow/example_dags/example_subdag_operator.py
[2024-07-11T08:39:59.334+0000] {processor.py:830} INFO - Processing file /home/airflow/.local/lib/python3.10/site-packages/airflow/example_dags/example_subdag_operator.py for tasks to queue
[2024-07-11T08:39:59.335+0000] {logging_mixin.py:188} INFO - [2024-07-11T08:39:59.335+0000] {dagbag.py:540} INFO - Filling up the DagBag from /home/airflow/.local/lib/python3.10/site-packages/airflow/example_dags/example_subdag_operator.py
[2024-07-11T08:39:59.336+0000] {logging_mixin.py:188} INFO - [2024-07-11T08:39:59.336+0000] {dagbag.py:332} DEBUG - Importing /home/airflow/.local/lib/python3.10/site-packages/airflow/example_dags/example_subdag_operator.py
[2024-07-11T08:39:59.340+0000] {logging_mixin.py:188} INFO - [2024-07-11T08:39:59.340+0000] {GetText.py:65} DEBUG - /home/airflow/.local/lib/python3.10/site-packages/cron_descriptor/locale/en_US.mo Loaded
[2024-07-11T08:39:59.358+0000] {logging_mixin.py:188} INFO - [2024-07-11T08:39:59.358+0000] {GetText.py:65} DEBUG - /home/airflow/.local/lib/python3.10/site-packages/cron_descriptor/locale/en_US.mo Loaded
[2024-07-11T08:39:59.363+0000] {logging_mixin.py:188} INFO - [2024-07-11T08:39:59.362+0000] {dagbag.py:506} DEBUG - Loaded DAG <DAG: example_subdag_operator.section-1>
[2024-07-11T08:39:59.363+0000] {logging_mixin.py:188} INFO - [2024-07-11T08:39:59.363+0000] {dagbag.py:506} DEBUG - Loaded DAG <DAG: example_subdag_operator.section-2>
[2024-07-11T08:39:59.364+0000] {logging_mixin.py:188} INFO - [2024-07-11T08:39:59.364+0000] {dagbag.py:506} DEBUG - Loaded DAG <DAG: example_subdag_operator>
[2024-07-11T08:39:59.364+0000] {processor.py:840} INFO - DAG(s) 'example_subdag_operator.section-1', 'example_subdag_operator.section-2', 'example_subdag_operator' retrieved from /home/airflow/.local/lib/python3.10/site-packages/airflow/example_dags/example_subdag_operator.py
[2024-07-11T08:39:59.365+0000] {logging_mixin.py:188} INFO - [2024-07-11T08:39:59.365+0000] {dagbag.py:662} DEBUG - Running dagbag.sync_to_db with retries. Try 1 of 3
[2024-07-11T08:39:59.365+0000] {logging_mixin.py:188} INFO - [2024-07-11T08:39:59.365+0000] {dagbag.py:667} DEBUG - Calling the DAG.bulk_sync_to_db method
[2024-07-11T08:39:59.368+0000] {logging_mixin.py:188} INFO - [2024-07-11T08:39:59.368+0000] {serialized_dag.py:165} DEBUG - Checking if DAG (example_subdag_operator) changed
[2024-07-11T08:39:59.374+0000] {logging_mixin.py:188} INFO - [2024-07-11T08:39:59.373+0000] {plugins_manager.py:322} DEBUG - Plugins are already loaded. Skipping.
[2024-07-11T08:39:59.374+0000] {logging_mixin.py:188} INFO - [2024-07-11T08:39:59.374+0000] {plugins_manager.py:400} DEBUG - Initialize custom taskinstance deps plugins
[2024-07-11T08:39:59.381+0000] {logging_mixin.py:188} INFO - [2024-07-11T08:39:59.380+0000] {serialized_dag.py:176} DEBUG - Serialized DAG (example_subdag_operator) is unchanged. Skipping writing to DB
[2024-07-11T08:39:59.381+0000] {logging_mixin.py:188} INFO - [2024-07-11T08:39:59.381+0000] {dag.py:3047} INFO - Sync 3 DAGs
[2024-07-11T08:39:59.404+0000] {logging_mixin.py:188} INFO - [2024-07-11T08:39:59.403+0000] {dag.py:3834} INFO - Setting next_dagrun for example_subdag_operator to 2022-01-01 00:00:00+00:00, run_after=2022-01-01 00:00:00+00:00
[2024-07-11T08:39:59.408+0000] {logging_mixin.py:188} INFO - [2024-07-11T08:39:59.407+0000] {dag.py:3834} INFO - Setting next_dagrun for example_subdag_operator.section-1 to None, run_after=None
[2024-07-11T08:39:59.410+0000] {logging_mixin.py:188} INFO - [2024-07-11T08:39:59.410+0000] {dag.py:3834} INFO - Setting next_dagrun for example_subdag_operator.section-2 to None, run_after=None
[2024-07-11T08:39:59.417+0000] {logging_mixin.py:188} INFO - [2024-07-11T08:39:59.417+0000] {dag.py:3047} INFO - Sync 2 DAGs
[2024-07-11T08:39:59.424+0000] {logging_mixin.py:188} INFO - [2024-07-11T08:39:59.423+0000] {dag.py:3834} INFO - Setting next_dagrun for example_subdag_operator.section-1 to None, run_after=None
[2024-07-11T08:39:59.424+0000] {logging_mixin.py:188} INFO - [2024-07-11T08:39:59.424+0000] {dag.py:3834} INFO - Setting next_dagrun for example_subdag_operator.section-2 to None, run_after=None
[2024-07-11T08:39:59.435+0000] {processor.py:183} INFO - Processing /home/airflow/.local/lib/python3.10/site-packages/airflow/example_dags/example_subdag_operator.py took 0.105 seconds
[2024-07-11T08:41:12.286+0000] {logging_mixin.py:188} INFO - [2024-07-11T08:41:12.285+0000] {settings.py:249} DEBUG - Setting up DB connection pool (PID 42)
[2024-07-11T08:41:12.287+0000] {logging_mixin.py:188} INFO - [2024-07-11T08:41:12.286+0000] {settings.py:350} DEBUG - settings.prepare_engine_args(): Using pool settings. pool_size=5, max_overflow=10, pool_recycle=1800, pid=42
[2024-07-11T08:41:12.289+0000] {processor.py:161} INFO - Started process (PID=42) to work on /home/airflow/.local/lib/python3.10/site-packages/airflow/example_dags/example_subdag_operator.py
[2024-07-11T08:41:12.289+0000] {processor.py:830} INFO - Processing file /home/airflow/.local/lib/python3.10/site-packages/airflow/example_dags/example_subdag_operator.py for tasks to queue
[2024-07-11T08:41:12.289+0000] {logging_mixin.py:188} INFO - [2024-07-11T08:41:12.289+0000] {dagbag.py:540} INFO - Filling up the DagBag from /home/airflow/.local/lib/python3.10/site-packages/airflow/example_dags/example_subdag_operator.py
[2024-07-11T08:41:12.290+0000] {logging_mixin.py:188} INFO - [2024-07-11T08:41:12.290+0000] {dagbag.py:332} DEBUG - Importing /home/airflow/.local/lib/python3.10/site-packages/airflow/example_dags/example_subdag_operator.py
[2024-07-11T08:41:12.293+0000] {logging_mixin.py:188} INFO - [2024-07-11T08:41:12.293+0000] {GetText.py:65} DEBUG - /home/airflow/.local/lib/python3.10/site-packages/cron_descriptor/locale/en_US.mo Loaded
[2024-07-11T08:41:12.308+0000] {logging_mixin.py:188} INFO - [2024-07-11T08:41:12.308+0000] {GetText.py:65} DEBUG - /home/airflow/.local/lib/python3.10/site-packages/cron_descriptor/locale/en_US.mo Loaded
[2024-07-11T08:41:12.314+0000] {logging_mixin.py:188} INFO - [2024-07-11T08:41:12.312+0000] {dagbag.py:506} DEBUG - Loaded DAG <DAG: example_subdag_operator.section-1>
[2024-07-11T08:41:12.314+0000] {logging_mixin.py:188} INFO - [2024-07-11T08:41:12.314+0000] {dagbag.py:506} DEBUG - Loaded DAG <DAG: example_subdag_operator.section-2>
[2024-07-11T08:41:12.315+0000] {logging_mixin.py:188} INFO - [2024-07-11T08:41:12.314+0000] {dagbag.py:506} DEBUG - Loaded DAG <DAG: example_subdag_operator>
[2024-07-11T08:41:12.315+0000] {processor.py:840} INFO - DAG(s) 'example_subdag_operator.section-1', 'example_subdag_operator.section-2', 'example_subdag_operator' retrieved from /home/airflow/.local/lib/python3.10/site-packages/airflow/example_dags/example_subdag_operator.py
[2024-07-11T08:41:12.316+0000] {logging_mixin.py:188} INFO - [2024-07-11T08:41:12.315+0000] {dagbag.py:662} DEBUG - Running dagbag.sync_to_db with retries. Try 1 of 3
[2024-07-11T08:41:12.316+0000] {logging_mixin.py:188} INFO - [2024-07-11T08:41:12.316+0000] {dagbag.py:667} DEBUG - Calling the DAG.bulk_sync_to_db method
[2024-07-11T08:41:12.319+0000] {logging_mixin.py:188} INFO - [2024-07-11T08:41:12.319+0000] {dag.py:3047} INFO - Sync 3 DAGs
[2024-07-11T08:41:12.348+0000] {logging_mixin.py:188} INFO - [2024-07-11T08:41:12.347+0000] {dag.py:3834} INFO - Setting next_dagrun for example_subdag_operator to 2022-01-01 00:00:00+00:00, run_after=2022-01-01 00:00:00+00:00
[2024-07-11T08:41:12.353+0000] {logging_mixin.py:188} INFO - [2024-07-11T08:41:12.352+0000] {dag.py:3834} INFO - Setting next_dagrun for example_subdag_operator.section-1 to None, run_after=None
[2024-07-11T08:41:12.354+0000] {logging_mixin.py:188} INFO - [2024-07-11T08:41:12.354+0000] {dag.py:3834} INFO - Setting next_dagrun for example_subdag_operator.section-2 to None, run_after=None
[2024-07-11T08:41:12.362+0000] {logging_mixin.py:188} INFO - [2024-07-11T08:41:12.362+0000] {dag.py:3047} INFO - Sync 2 DAGs
[2024-07-11T08:41:12.367+0000] {logging_mixin.py:188} INFO - [2024-07-11T08:41:12.367+0000] {dag.py:3834} INFO - Setting next_dagrun for example_subdag_operator.section-1 to None, run_after=None
[2024-07-11T08:41:12.367+0000] {logging_mixin.py:188} INFO - [2024-07-11T08:41:12.367+0000] {dag.py:3834} INFO - Setting next_dagrun for example_subdag_operator.section-2 to None, run_after=None
[2024-07-11T08:41:12.379+0000] {processor.py:183} INFO - Processing /home/airflow/.local/lib/python3.10/site-packages/airflow/example_dags/example_subdag_operator.py took 0.094 seconds
[2024-07-11T08:41:42.949+0000] {logging_mixin.py:188} INFO - [2024-07-11T08:41:42.949+0000] {settings.py:249} DEBUG - Setting up DB connection pool (PID 98)
[2024-07-11T08:41:42.950+0000] {logging_mixin.py:188} INFO - [2024-07-11T08:41:42.950+0000] {settings.py:350} DEBUG - settings.prepare_engine_args(): Using pool settings. pool_size=5, max_overflow=10, pool_recycle=1800, pid=98
[2024-07-11T08:41:42.952+0000] {processor.py:161} INFO - Started process (PID=98) to work on /home/airflow/.local/lib/python3.10/site-packages/airflow/example_dags/example_subdag_operator.py
[2024-07-11T08:41:42.952+0000] {processor.py:830} INFO - Processing file /home/airflow/.local/lib/python3.10/site-packages/airflow/example_dags/example_subdag_operator.py for tasks to queue
[2024-07-11T08:41:42.952+0000] {logging_mixin.py:188} INFO - [2024-07-11T08:41:42.952+0000] {dagbag.py:540} INFO - Filling up the DagBag from /home/airflow/.local/lib/python3.10/site-packages/airflow/example_dags/example_subdag_operator.py
[2024-07-11T08:41:42.953+0000] {logging_mixin.py:188} INFO - [2024-07-11T08:41:42.953+0000] {dagbag.py:332} DEBUG - Importing /home/airflow/.local/lib/python3.10/site-packages/airflow/example_dags/example_subdag_operator.py
[2024-07-11T08:41:42.955+0000] {logging_mixin.py:188} INFO - [2024-07-11T08:41:42.955+0000] {GetText.py:65} DEBUG - /home/airflow/.local/lib/python3.10/site-packages/cron_descriptor/locale/en_US.mo Loaded
[2024-07-11T08:41:42.966+0000] {logging_mixin.py:188} INFO - [2024-07-11T08:41:42.966+0000] {GetText.py:65} DEBUG - /home/airflow/.local/lib/python3.10/site-packages/cron_descriptor/locale/en_US.mo Loaded
[2024-07-11T08:41:42.969+0000] {logging_mixin.py:188} INFO - [2024-07-11T08:41:42.968+0000] {dagbag.py:506} DEBUG - Loaded DAG <DAG: example_subdag_operator.section-1>
[2024-07-11T08:41:42.969+0000] {logging_mixin.py:188} INFO - [2024-07-11T08:41:42.969+0000] {dagbag.py:506} DEBUG - Loaded DAG <DAG: example_subdag_operator.section-2>
[2024-07-11T08:41:42.969+0000] {logging_mixin.py:188} INFO - [2024-07-11T08:41:42.969+0000] {dagbag.py:506} DEBUG - Loaded DAG <DAG: example_subdag_operator>
[2024-07-11T08:41:42.970+0000] {processor.py:840} INFO - DAG(s) 'example_subdag_operator.section-1', 'example_subdag_operator.section-2', 'example_subdag_operator' retrieved from /home/airflow/.local/lib/python3.10/site-packages/airflow/example_dags/example_subdag_operator.py
[2024-07-11T08:41:42.970+0000] {logging_mixin.py:188} INFO - [2024-07-11T08:41:42.970+0000] {dagbag.py:662} DEBUG - Running dagbag.sync_to_db with retries. Try 1 of 3
[2024-07-11T08:41:42.970+0000] {logging_mixin.py:188} INFO - [2024-07-11T08:41:42.970+0000] {dagbag.py:667} DEBUG - Calling the DAG.bulk_sync_to_db method
[2024-07-11T08:41:42.972+0000] {logging_mixin.py:188} INFO - [2024-07-11T08:41:42.972+0000] {serialized_dag.py:165} DEBUG - Checking if DAG (example_subdag_operator) changed
[2024-07-11T08:41:42.976+0000] {logging_mixin.py:188} INFO - [2024-07-11T08:41:42.975+0000] {plugins_manager.py:322} DEBUG - Plugins are already loaded. Skipping.
[2024-07-11T08:41:42.976+0000] {logging_mixin.py:188} INFO - [2024-07-11T08:41:42.976+0000] {plugins_manager.py:400} DEBUG - Initialize custom taskinstance deps plugins
[2024-07-11T08:41:42.981+0000] {logging_mixin.py:188} INFO - [2024-07-11T08:41:42.980+0000] {serialized_dag.py:179} DEBUG - Writing Serialized DAG: example_subdag_operator to the DB
[2024-07-11T08:41:42.983+0000] {logging_mixin.py:188} INFO - [2024-07-11T08:41:42.983+0000] {serialized_dag.py:181} DEBUG - DAG: example_subdag_operator written to the DB
[2024-07-11T08:41:42.983+0000] {logging_mixin.py:188} INFO - [2024-07-11T08:41:42.983+0000] {dagbag.py:696} DEBUG - Syncing DAG permissions: example_subdag_operator to the DB
[2024-07-11T08:41:43.038+0000] {logging_mixin.py:188} INFO - [2024-07-11T08:41:43.038+0000] {override.py:1034} DEBUG - Not syncing DAG-level permissions for DAG 'DAG:example_subdag_operator' as access control is unset.
[2024-07-11T08:41:43.038+0000] {logging_mixin.py:188} INFO - [2024-07-11T08:41:43.038+0000] {dag.py:3047} INFO - Sync 3 DAGs
[2024-07-11T08:41:43.053+0000] {logging_mixin.py:188} INFO - [2024-07-11T08:41:43.053+0000] {dag.py:3834} INFO - Setting next_dagrun for example_subdag_operator to 2022-01-01 00:00:00+00:00, run_after=2022-01-01 00:00:00+00:00
[2024-07-11T08:41:43.055+0000] {logging_mixin.py:188} INFO - [2024-07-11T08:41:43.055+0000] {dag.py:3834} INFO - Setting next_dagrun for example_subdag_operator.section-1 to None, run_after=None
[2024-07-11T08:41:43.056+0000] {logging_mixin.py:188} INFO - [2024-07-11T08:41:43.056+0000] {dag.py:3834} INFO - Setting next_dagrun for example_subdag_operator.section-2 to None, run_after=None
[2024-07-11T08:41:43.062+0000] {logging_mixin.py:188} INFO - [2024-07-11T08:41:43.062+0000] {dag.py:3047} INFO - Sync 2 DAGs
[2024-07-11T08:41:43.065+0000] {logging_mixin.py:188} INFO - [2024-07-11T08:41:43.065+0000] {dag.py:3834} INFO - Setting next_dagrun for example_subdag_operator.section-1 to None, run_after=None
[2024-07-11T08:41:43.066+0000] {logging_mixin.py:188} INFO - [2024-07-11T08:41:43.066+0000] {dag.py:3834} INFO - Setting next_dagrun for example_subdag_operator.section-2 to None, run_after=None
[2024-07-11T08:41:43.079+0000] {processor.py:183} INFO - Processing /home/airflow/.local/lib/python3.10/site-packages/airflow/example_dags/example_subdag_operator.py took 0.130 seconds
[2024-07-11T08:42:13.214+0000] {logging_mixin.py:188} INFO - [2024-07-11T08:42:13.214+0000] {settings.py:249} DEBUG - Setting up DB connection pool (PID 154)
[2024-07-11T08:42:13.215+0000] {logging_mixin.py:188} INFO - [2024-07-11T08:42:13.215+0000] {settings.py:350} DEBUG - settings.prepare_engine_args(): Using pool settings. pool_size=5, max_overflow=10, pool_recycle=1800, pid=154
[2024-07-11T08:42:13.217+0000] {processor.py:161} INFO - Started process (PID=154) to work on /home/airflow/.local/lib/python3.10/site-packages/airflow/example_dags/example_subdag_operator.py
[2024-07-11T08:42:13.217+0000] {processor.py:830} INFO - Processing file /home/airflow/.local/lib/python3.10/site-packages/airflow/example_dags/example_subdag_operator.py for tasks to queue
[2024-07-11T08:42:13.218+0000] {logging_mixin.py:188} INFO - [2024-07-11T08:42:13.218+0000] {dagbag.py:540} INFO - Filling up the DagBag from /home/airflow/.local/lib/python3.10/site-packages/airflow/example_dags/example_subdag_operator.py
[2024-07-11T08:42:13.219+0000] {logging_mixin.py:188} INFO - [2024-07-11T08:42:13.218+0000] {dagbag.py:332} DEBUG - Importing /home/airflow/.local/lib/python3.10/site-packages/airflow/example_dags/example_subdag_operator.py
[2024-07-11T08:42:13.221+0000] {logging_mixin.py:188} INFO - [2024-07-11T08:42:13.221+0000] {GetText.py:65} DEBUG - /home/airflow/.local/lib/python3.10/site-packages/cron_descriptor/locale/en_US.mo Loaded
[2024-07-11T08:42:13.232+0000] {logging_mixin.py:188} INFO - [2024-07-11T08:42:13.232+0000] {GetText.py:65} DEBUG - /home/airflow/.local/lib/python3.10/site-packages/cron_descriptor/locale/en_US.mo Loaded
[2024-07-11T08:42:13.236+0000] {logging_mixin.py:188} INFO - [2024-07-11T08:42:13.235+0000] {dagbag.py:506} DEBUG - Loaded DAG <DAG: example_subdag_operator.section-1>
[2024-07-11T08:42:13.236+0000] {logging_mixin.py:188} INFO - [2024-07-11T08:42:13.236+0000] {dagbag.py:506} DEBUG - Loaded DAG <DAG: example_subdag_operator.section-2>
[2024-07-11T08:42:13.236+0000] {logging_mixin.py:188} INFO - [2024-07-11T08:42:13.236+0000] {dagbag.py:506} DEBUG - Loaded DAG <DAG: example_subdag_operator>
[2024-07-11T08:42:13.236+0000] {processor.py:840} INFO - DAG(s) 'example_subdag_operator.section-1', 'example_subdag_operator.section-2', 'example_subdag_operator' retrieved from /home/airflow/.local/lib/python3.10/site-packages/airflow/example_dags/example_subdag_operator.py
[2024-07-11T08:42:13.237+0000] {logging_mixin.py:188} INFO - [2024-07-11T08:42:13.237+0000] {dagbag.py:662} DEBUG - Running dagbag.sync_to_db with retries. Try 1 of 3
[2024-07-11T08:42:13.237+0000] {logging_mixin.py:188} INFO - [2024-07-11T08:42:13.237+0000] {dagbag.py:667} DEBUG - Calling the DAG.bulk_sync_to_db method
[2024-07-11T08:42:13.239+0000] {logging_mixin.py:188} INFO - [2024-07-11T08:42:13.239+0000] {serialized_dag.py:165} DEBUG - Checking if DAG (example_subdag_operator) changed
[2024-07-11T08:42:13.243+0000] {logging_mixin.py:188} INFO - [2024-07-11T08:42:13.243+0000] {plugins_manager.py:322} DEBUG - Plugins are already loaded. Skipping.
[2024-07-11T08:42:13.243+0000] {logging_mixin.py:188} INFO - [2024-07-11T08:42:13.243+0000] {plugins_manager.py:400} DEBUG - Initialize custom taskinstance deps plugins
[2024-07-11T08:42:13.248+0000] {logging_mixin.py:188} INFO - [2024-07-11T08:42:13.248+0000] {serialized_dag.py:176} DEBUG - Serialized DAG (example_subdag_operator) is unchanged. Skipping writing to DB
[2024-07-11T08:42:13.249+0000] {logging_mixin.py:188} INFO - [2024-07-11T08:42:13.249+0000] {dag.py:3047} INFO - Sync 3 DAGs
[2024-07-11T08:42:13.264+0000] {logging_mixin.py:188} INFO - [2024-07-11T08:42:13.264+0000] {dag.py:3834} INFO - Setting next_dagrun for example_subdag_operator to 2022-01-01 00:00:00+00:00, run_after=2022-01-01 00:00:00+00:00
[2024-07-11T08:42:13.266+0000] {logging_mixin.py:188} INFO - [2024-07-11T08:42:13.266+0000] {dag.py:3834} INFO - Setting next_dagrun for example_subdag_operator.section-1 to None, run_after=None
[2024-07-11T08:42:13.267+0000] {logging_mixin.py:188} INFO - [2024-07-11T08:42:13.267+0000] {dag.py:3834} INFO - Setting next_dagrun for example_subdag_operator.section-2 to None, run_after=None
[2024-07-11T08:42:13.272+0000] {logging_mixin.py:188} INFO - [2024-07-11T08:42:13.272+0000] {dag.py:3047} INFO - Sync 2 DAGs
[2024-07-11T08:42:13.276+0000] {logging_mixin.py:188} INFO - [2024-07-11T08:42:13.275+0000] {dag.py:3834} INFO - Setting next_dagrun for example_subdag_operator.section-1 to None, run_after=None
[2024-07-11T08:42:13.276+0000] {logging_mixin.py:188} INFO - [2024-07-11T08:42:13.276+0000] {dag.py:3834} INFO - Setting next_dagrun for example_subdag_operator.section-2 to None, run_after=None
[2024-07-11T08:42:13.284+0000] {processor.py:183} INFO - Processing /home/airflow/.local/lib/python3.10/site-packages/airflow/example_dags/example_subdag_operator.py took 0.070 seconds
[2024-07-11T08:42:43.487+0000] {logging_mixin.py:188} INFO - [2024-07-11T08:42:43.486+0000] {settings.py:249} DEBUG - Setting up DB connection pool (PID 210)
[2024-07-11T08:42:43.488+0000] {logging_mixin.py:188} INFO - [2024-07-11T08:42:43.487+0000] {settings.py:350} DEBUG - settings.prepare_engine_args(): Using pool settings. pool_size=5, max_overflow=10, pool_recycle=1800, pid=210
[2024-07-11T08:42:43.490+0000] {processor.py:161} INFO - Started process (PID=210) to work on /home/airflow/.local/lib/python3.10/site-packages/airflow/example_dags/example_subdag_operator.py
[2024-07-11T08:42:43.490+0000] {processor.py:830} INFO - Processing file /home/airflow/.local/lib/python3.10/site-packages/airflow/example_dags/example_subdag_operator.py for tasks to queue
[2024-07-11T08:42:43.491+0000] {logging_mixin.py:188} INFO - [2024-07-11T08:42:43.490+0000] {dagbag.py:540} INFO - Filling up the DagBag from /home/airflow/.local/lib/python3.10/site-packages/airflow/example_dags/example_subdag_operator.py
[2024-07-11T08:42:43.492+0000] {logging_mixin.py:188} INFO - [2024-07-11T08:42:43.491+0000] {dagbag.py:332} DEBUG - Importing /home/airflow/.local/lib/python3.10/site-packages/airflow/example_dags/example_subdag_operator.py
[2024-07-11T08:42:43.494+0000] {logging_mixin.py:188} INFO - [2024-07-11T08:42:43.494+0000] {GetText.py:65} DEBUG - /home/airflow/.local/lib/python3.10/site-packages/cron_descriptor/locale/en_US.mo Loaded
[2024-07-11T08:42:43.508+0000] {logging_mixin.py:188} INFO - [2024-07-11T08:42:43.507+0000] {GetText.py:65} DEBUG - /home/airflow/.local/lib/python3.10/site-packages/cron_descriptor/locale/en_US.mo Loaded
[2024-07-11T08:42:43.511+0000] {logging_mixin.py:188} INFO - [2024-07-11T08:42:43.511+0000] {dagbag.py:506} DEBUG - Loaded DAG <DAG: example_subdag_operator.section-1>
[2024-07-11T08:42:43.512+0000] {logging_mixin.py:188} INFO - [2024-07-11T08:42:43.512+0000] {dagbag.py:506} DEBUG - Loaded DAG <DAG: example_subdag_operator.section-2>
[2024-07-11T08:42:43.512+0000] {logging_mixin.py:188} INFO - [2024-07-11T08:42:43.512+0000] {dagbag.py:506} DEBUG - Loaded DAG <DAG: example_subdag_operator>
[2024-07-11T08:42:43.512+0000] {processor.py:840} INFO - DAG(s) 'example_subdag_operator.section-1', 'example_subdag_operator.section-2', 'example_subdag_operator' retrieved from /home/airflow/.local/lib/python3.10/site-packages/airflow/example_dags/example_subdag_operator.py
[2024-07-11T08:42:43.513+0000] {logging_mixin.py:188} INFO - [2024-07-11T08:42:43.513+0000] {dagbag.py:662} DEBUG - Running dagbag.sync_to_db with retries. Try 1 of 3
[2024-07-11T08:42:43.513+0000] {logging_mixin.py:188} INFO - [2024-07-11T08:42:43.513+0000] {dagbag.py:667} DEBUG - Calling the DAG.bulk_sync_to_db method
[2024-07-11T08:42:43.515+0000] {logging_mixin.py:188} INFO - [2024-07-11T08:42:43.515+0000] {serialized_dag.py:165} DEBUG - Checking if DAG (example_subdag_operator) changed
[2024-07-11T08:42:43.520+0000] {logging_mixin.py:188} INFO - [2024-07-11T08:42:43.519+0000] {plugins_manager.py:322} DEBUG - Plugins are already loaded. Skipping.
[2024-07-11T08:42:43.520+0000] {logging_mixin.py:188} INFO - [2024-07-11T08:42:43.520+0000] {plugins_manager.py:400} DEBUG - Initialize custom taskinstance deps plugins
[2024-07-11T08:42:43.526+0000] {logging_mixin.py:188} INFO - [2024-07-11T08:42:43.525+0000] {serialized_dag.py:176} DEBUG - Serialized DAG (example_subdag_operator) is unchanged. Skipping writing to DB
[2024-07-11T08:42:43.526+0000] {logging_mixin.py:188} INFO - [2024-07-11T08:42:43.526+0000] {dag.py:3047} INFO - Sync 3 DAGs
[2024-07-11T08:42:43.540+0000] {logging_mixin.py:188} INFO - [2024-07-11T08:42:43.540+0000] {dag.py:3834} INFO - Setting next_dagrun for example_subdag_operator to 2022-01-01 00:00:00+00:00, run_after=2022-01-01 00:00:00+00:00
[2024-07-11T08:42:43.542+0000] {logging_mixin.py:188} INFO - [2024-07-11T08:42:43.542+0000] {dag.py:3834} INFO - Setting next_dagrun for example_subdag_operator.section-1 to None, run_after=None
[2024-07-11T08:42:43.543+0000] {logging_mixin.py:188} INFO - [2024-07-11T08:42:43.543+0000] {dag.py:3834} INFO - Setting next_dagrun for example_subdag_operator.section-2 to None, run_after=None
[2024-07-11T08:42:43.548+0000] {logging_mixin.py:188} INFO - [2024-07-11T08:42:43.548+0000] {dag.py:3047} INFO - Sync 2 DAGs
[2024-07-11T08:42:43.552+0000] {logging_mixin.py:188} INFO - [2024-07-11T08:42:43.551+0000] {dag.py:3834} INFO - Setting next_dagrun for example_subdag_operator.section-1 to None, run_after=None
[2024-07-11T08:42:43.552+0000] {logging_mixin.py:188} INFO - [2024-07-11T08:42:43.552+0000] {dag.py:3834} INFO - Setting next_dagrun for example_subdag_operator.section-2 to None, run_after=None
[2024-07-11T08:42:43.560+0000] {processor.py:183} INFO - Processing /home/airflow/.local/lib/python3.10/site-packages/airflow/example_dags/example_subdag_operator.py took 0.074 seconds
[2024-07-11T08:43:13.585+0000] {logging_mixin.py:188} INFO - [2024-07-11T08:43:13.585+0000] {settings.py:249} DEBUG - Setting up DB connection pool (PID 266)
[2024-07-11T08:43:13.586+0000] {logging_mixin.py:188} INFO - [2024-07-11T08:43:13.586+0000] {settings.py:350} DEBUG - settings.prepare_engine_args(): Using pool settings. pool_size=5, max_overflow=10, pool_recycle=1800, pid=266
[2024-07-11T08:43:13.588+0000] {processor.py:161} INFO - Started process (PID=266) to work on /home/airflow/.local/lib/python3.10/site-packages/airflow/example_dags/example_subdag_operator.py
[2024-07-11T08:43:13.588+0000] {processor.py:830} INFO - Processing file /home/airflow/.local/lib/python3.10/site-packages/airflow/example_dags/example_subdag_operator.py for tasks to queue
[2024-07-11T08:43:13.588+0000] {logging_mixin.py:188} INFO - [2024-07-11T08:43:13.588+0000] {dagbag.py:540} INFO - Filling up the DagBag from /home/airflow/.local/lib/python3.10/site-packages/airflow/example_dags/example_subdag_operator.py
[2024-07-11T08:43:13.589+0000] {logging_mixin.py:188} INFO - [2024-07-11T08:43:13.589+0000] {dagbag.py:332} DEBUG - Importing /home/airflow/.local/lib/python3.10/site-packages/airflow/example_dags/example_subdag_operator.py
[2024-07-11T08:43:13.592+0000] {logging_mixin.py:188} INFO - [2024-07-11T08:43:13.592+0000] {GetText.py:65} DEBUG - /home/airflow/.local/lib/python3.10/site-packages/cron_descriptor/locale/en_US.mo Loaded
[2024-07-11T08:43:13.603+0000] {logging_mixin.py:188} INFO - [2024-07-11T08:43:13.603+0000] {GetText.py:65} DEBUG - /home/airflow/.local/lib/python3.10/site-packages/cron_descriptor/locale/en_US.mo Loaded
[2024-07-11T08:43:13.606+0000] {logging_mixin.py:188} INFO - [2024-07-11T08:43:13.605+0000] {dagbag.py:506} DEBUG - Loaded DAG <DAG: example_subdag_operator.section-1>
[2024-07-11T08:43:13.606+0000] {logging_mixin.py:188} INFO - [2024-07-11T08:43:13.606+0000] {dagbag.py:506} DEBUG - Loaded DAG <DAG: example_subdag_operator.section-2>
[2024-07-11T08:43:13.606+0000] {logging_mixin.py:188} INFO - [2024-07-11T08:43:13.606+0000] {dagbag.py:506} DEBUG - Loaded DAG <DAG: example_subdag_operator>
[2024-07-11T08:43:13.606+0000] {processor.py:840} INFO - DAG(s) 'example_subdag_operator.section-1', 'example_subdag_operator.section-2', 'example_subdag_operator' retrieved from /home/airflow/.local/lib/python3.10/site-packages/airflow/example_dags/example_subdag_operator.py
[2024-07-11T08:43:13.607+0000] {logging_mixin.py:188} INFO - [2024-07-11T08:43:13.607+0000] {dagbag.py:662} DEBUG - Running dagbag.sync_to_db with retries. Try 1 of 3
[2024-07-11T08:43:13.607+0000] {logging_mixin.py:188} INFO - [2024-07-11T08:43:13.607+0000] {dagbag.py:667} DEBUG - Calling the DAG.bulk_sync_to_db method
[2024-07-11T08:43:13.609+0000] {logging_mixin.py:188} INFO - [2024-07-11T08:43:13.609+0000] {serialized_dag.py:165} DEBUG - Checking if DAG (example_subdag_operator) changed
[2024-07-11T08:43:13.612+0000] {logging_mixin.py:188} INFO - [2024-07-11T08:43:13.612+0000] {plugins_manager.py:322} DEBUG - Plugins are already loaded. Skipping.
[2024-07-11T08:43:13.612+0000] {logging_mixin.py:188} INFO - [2024-07-11T08:43:13.612+0000] {plugins_manager.py:400} DEBUG - Initialize custom taskinstance deps plugins
[2024-07-11T08:43:13.617+0000] {logging_mixin.py:188} INFO - [2024-07-11T08:43:13.617+0000] {serialized_dag.py:176} DEBUG - Serialized DAG (example_subdag_operator) is unchanged. Skipping writing to DB
[2024-07-11T08:43:13.618+0000] {logging_mixin.py:188} INFO - [2024-07-11T08:43:13.617+0000] {dag.py:3047} INFO - Sync 3 DAGs
[2024-07-11T08:43:13.632+0000] {logging_mixin.py:188} INFO - [2024-07-11T08:43:13.632+0000] {dag.py:3834} INFO - Setting next_dagrun for example_subdag_operator to 2022-01-01 00:00:00+00:00, run_after=2022-01-01 00:00:00+00:00
[2024-07-11T08:43:13.635+0000] {logging_mixin.py:188} INFO - [2024-07-11T08:43:13.635+0000] {dag.py:3834} INFO - Setting next_dagrun for example_subdag_operator.section-1 to None, run_after=None
[2024-07-11T08:43:13.635+0000] {logging_mixin.py:188} INFO - [2024-07-11T08:43:13.635+0000] {dag.py:3834} INFO - Setting next_dagrun for example_subdag_operator.section-2 to None, run_after=None
[2024-07-11T08:43:13.640+0000] {logging_mixin.py:188} INFO - [2024-07-11T08:43:13.640+0000] {dag.py:3047} INFO - Sync 2 DAGs
[2024-07-11T08:43:13.643+0000] {logging_mixin.py:188} INFO - [2024-07-11T08:43:13.643+0000] {dag.py:3834} INFO - Setting next_dagrun for example_subdag_operator.section-1 to None, run_after=None
[2024-07-11T08:43:13.644+0000] {logging_mixin.py:188} INFO - [2024-07-11T08:43:13.643+0000] {dag.py:3834} INFO - Setting next_dagrun for example_subdag_operator.section-2 to None, run_after=None
[2024-07-11T08:43:13.651+0000] {processor.py:183} INFO - Processing /home/airflow/.local/lib/python3.10/site-packages/airflow/example_dags/example_subdag_operator.py took 0.066 seconds
[2024-07-11T08:43:43.866+0000] {logging_mixin.py:188} INFO - [2024-07-11T08:43:43.866+0000] {settings.py:249} DEBUG - Setting up DB connection pool (PID 322)
[2024-07-11T08:43:43.867+0000] {logging_mixin.py:188} INFO - [2024-07-11T08:43:43.867+0000] {settings.py:350} DEBUG - settings.prepare_engine_args(): Using pool settings. pool_size=5, max_overflow=10, pool_recycle=1800, pid=322
[2024-07-11T08:43:43.869+0000] {processor.py:161} INFO - Started process (PID=322) to work on /home/airflow/.local/lib/python3.10/site-packages/airflow/example_dags/example_subdag_operator.py
[2024-07-11T08:43:43.869+0000] {processor.py:830} INFO - Processing file /home/airflow/.local/lib/python3.10/site-packages/airflow/example_dags/example_subdag_operator.py for tasks to queue
[2024-07-11T08:43:43.869+0000] {logging_mixin.py:188} INFO - [2024-07-11T08:43:43.869+0000] {dagbag.py:540} INFO - Filling up the DagBag from /home/airflow/.local/lib/python3.10/site-packages/airflow/example_dags/example_subdag_operator.py
[2024-07-11T08:43:43.870+0000] {logging_mixin.py:188} INFO - [2024-07-11T08:43:43.870+0000] {dagbag.py:332} DEBUG - Importing /home/airflow/.local/lib/python3.10/site-packages/airflow/example_dags/example_subdag_operator.py
[2024-07-11T08:43:43.872+0000] {logging_mixin.py:188} INFO - [2024-07-11T08:43:43.872+0000] {GetText.py:65} DEBUG - /home/airflow/.local/lib/python3.10/site-packages/cron_descriptor/locale/en_US.mo Loaded
[2024-07-11T08:43:43.883+0000] {logging_mixin.py:188} INFO - [2024-07-11T08:43:43.883+0000] {GetText.py:65} DEBUG - /home/airflow/.local/lib/python3.10/site-packages/cron_descriptor/locale/en_US.mo Loaded
[2024-07-11T08:43:43.887+0000] {logging_mixin.py:188} INFO - [2024-07-11T08:43:43.886+0000] {dagbag.py:506} DEBUG - Loaded DAG <DAG: example_subdag_operator.section-1>
[2024-07-11T08:43:43.887+0000] {logging_mixin.py:188} INFO - [2024-07-11T08:43:43.887+0000] {dagbag.py:506} DEBUG - Loaded DAG <DAG: example_subdag_operator.section-2>
[2024-07-11T08:43:43.887+0000] {logging_mixin.py:188} INFO - [2024-07-11T08:43:43.887+0000] {dagbag.py:506} DEBUG - Loaded DAG <DAG: example_subdag_operator>
[2024-07-11T08:43:43.887+0000] {processor.py:840} INFO - DAG(s) 'example_subdag_operator.section-1', 'example_subdag_operator.section-2', 'example_subdag_operator' retrieved from /home/airflow/.local/lib/python3.10/site-packages/airflow/example_dags/example_subdag_operator.py
[2024-07-11T08:43:43.888+0000] {logging_mixin.py:188} INFO - [2024-07-11T08:43:43.887+0000] {dagbag.py:662} DEBUG - Running dagbag.sync_to_db with retries. Try 1 of 3
[2024-07-11T08:43:43.888+0000] {logging_mixin.py:188} INFO - [2024-07-11T08:43:43.888+0000] {dagbag.py:667} DEBUG - Calling the DAG.bulk_sync_to_db method
[2024-07-11T08:43:43.890+0000] {logging_mixin.py:188} INFO - [2024-07-11T08:43:43.890+0000] {serialized_dag.py:165} DEBUG - Checking if DAG (example_subdag_operator) changed
[2024-07-11T08:43:43.893+0000] {logging_mixin.py:188} INFO - [2024-07-11T08:43:43.893+0000] {plugins_manager.py:322} DEBUG - Plugins are already loaded. Skipping.
[2024-07-11T08:43:43.893+0000] {logging_mixin.py:188} INFO - [2024-07-11T08:43:43.893+0000] {plugins_manager.py:400} DEBUG - Initialize custom taskinstance deps plugins
[2024-07-11T08:43:43.899+0000] {logging_mixin.py:188} INFO - [2024-07-11T08:43:43.899+0000] {serialized_dag.py:176} DEBUG - Serialized DAG (example_subdag_operator) is unchanged. Skipping writing to DB
[2024-07-11T08:43:43.899+0000] {logging_mixin.py:188} INFO - [2024-07-11T08:43:43.899+0000] {dag.py:3047} INFO - Sync 3 DAGs
[2024-07-11T08:43:43.914+0000] {logging_mixin.py:188} INFO - [2024-07-11T08:43:43.914+0000] {dag.py:3834} INFO - Setting next_dagrun for example_subdag_operator to 2022-01-01 00:00:00+00:00, run_after=2022-01-01 00:00:00+00:00
[2024-07-11T08:43:43.917+0000] {logging_mixin.py:188} INFO - [2024-07-11T08:43:43.917+0000] {dag.py:3834} INFO - Setting next_dagrun for example_subdag_operator.section-1 to None, run_after=None
[2024-07-11T08:43:43.918+0000] {logging_mixin.py:188} INFO - [2024-07-11T08:43:43.917+0000] {dag.py:3834} INFO - Setting next_dagrun for example_subdag_operator.section-2 to None, run_after=None
[2024-07-11T08:43:43.922+0000] {logging_mixin.py:188} INFO - [2024-07-11T08:43:43.922+0000] {dag.py:3047} INFO - Sync 2 DAGs
[2024-07-11T08:43:43.925+0000] {logging_mixin.py:188} INFO - [2024-07-11T08:43:43.925+0000] {dag.py:3834} INFO - Setting next_dagrun for example_subdag_operator.section-1 to None, run_after=None
[2024-07-11T08:43:43.926+0000] {logging_mixin.py:188} INFO - [2024-07-11T08:43:43.926+0000] {dag.py:3834} INFO - Setting next_dagrun for example_subdag_operator.section-2 to None, run_after=None
[2024-07-11T08:43:43.934+0000] {processor.py:183} INFO - Processing /home/airflow/.local/lib/python3.10/site-packages/airflow/example_dags/example_subdag_operator.py took 0.068 seconds
[2024-07-11T08:44:14.264+0000] {logging_mixin.py:188} INFO - [2024-07-11T08:44:14.264+0000] {settings.py:249} DEBUG - Setting up DB connection pool (PID 378)
[2024-07-11T08:44:14.265+0000] {logging_mixin.py:188} INFO - [2024-07-11T08:44:14.265+0000] {settings.py:350} DEBUG - settings.prepare_engine_args(): Using pool settings. pool_size=5, max_overflow=10, pool_recycle=1800, pid=378
[2024-07-11T08:44:14.267+0000] {processor.py:161} INFO - Started process (PID=378) to work on /home/airflow/.local/lib/python3.10/site-packages/airflow/example_dags/example_subdag_operator.py
[2024-07-11T08:44:14.267+0000] {processor.py:830} INFO - Processing file /home/airflow/.local/lib/python3.10/site-packages/airflow/example_dags/example_subdag_operator.py for tasks to queue
[2024-07-11T08:44:14.268+0000] {logging_mixin.py:188} INFO - [2024-07-11T08:44:14.268+0000] {dagbag.py:540} INFO - Filling up the DagBag from /home/airflow/.local/lib/python3.10/site-packages/airflow/example_dags/example_subdag_operator.py
[2024-07-11T08:44:14.269+0000] {logging_mixin.py:188} INFO - [2024-07-11T08:44:14.269+0000] {dagbag.py:332} DEBUG - Importing /home/airflow/.local/lib/python3.10/site-packages/airflow/example_dags/example_subdag_operator.py
[2024-07-11T08:44:14.271+0000] {logging_mixin.py:188} INFO - [2024-07-11T08:44:14.271+0000] {GetText.py:65} DEBUG - /home/airflow/.local/lib/python3.10/site-packages/cron_descriptor/locale/en_US.mo Loaded
[2024-07-11T08:44:14.283+0000] {logging_mixin.py:188} INFO - [2024-07-11T08:44:14.283+0000] {GetText.py:65} DEBUG - /home/airflow/.local/lib/python3.10/site-packages/cron_descriptor/locale/en_US.mo Loaded
[2024-07-11T08:44:14.287+0000] {logging_mixin.py:188} INFO - [2024-07-11T08:44:14.286+0000] {dagbag.py:506} DEBUG - Loaded DAG <DAG: example_subdag_operator.section-1>
[2024-07-11T08:44:14.288+0000] {logging_mixin.py:188} INFO - [2024-07-11T08:44:14.288+0000] {dagbag.py:506} DEBUG - Loaded DAG <DAG: example_subdag_operator.section-2>
[2024-07-11T08:44:14.288+0000] {logging_mixin.py:188} INFO - [2024-07-11T08:44:14.288+0000] {dagbag.py:506} DEBUG - Loaded DAG <DAG: example_subdag_operator>
[2024-07-11T08:44:14.288+0000] {processor.py:840} INFO - DAG(s) 'example_subdag_operator.section-1', 'example_subdag_operator.section-2', 'example_subdag_operator' retrieved from /home/airflow/.local/lib/python3.10/site-packages/airflow/example_dags/example_subdag_operator.py
[2024-07-11T08:44:14.289+0000] {logging_mixin.py:188} INFO - [2024-07-11T08:44:14.289+0000] {dagbag.py:662} DEBUG - Running dagbag.sync_to_db with retries. Try 1 of 3
[2024-07-11T08:44:14.289+0000] {logging_mixin.py:188} INFO - [2024-07-11T08:44:14.289+0000] {dagbag.py:667} DEBUG - Calling the DAG.bulk_sync_to_db method
[2024-07-11T08:44:14.294+0000] {logging_mixin.py:188} INFO - [2024-07-11T08:44:14.293+0000] {serialized_dag.py:165} DEBUG - Checking if DAG (example_subdag_operator) changed
[2024-07-11T08:44:14.301+0000] {logging_mixin.py:188} INFO - [2024-07-11T08:44:14.300+0000] {plugins_manager.py:322} DEBUG - Plugins are already loaded. Skipping.
[2024-07-11T08:44:14.301+0000] {logging_mixin.py:188} INFO - [2024-07-11T08:44:14.301+0000] {plugins_manager.py:400} DEBUG - Initialize custom taskinstance deps plugins
[2024-07-11T08:44:14.311+0000] {logging_mixin.py:188} INFO - [2024-07-11T08:44:14.311+0000] {serialized_dag.py:176} DEBUG - Serialized DAG (example_subdag_operator) is unchanged. Skipping writing to DB
[2024-07-11T08:44:14.312+0000] {logging_mixin.py:188} INFO - [2024-07-11T08:44:14.312+0000] {dag.py:3047} INFO - Sync 3 DAGs
[2024-07-11T08:44:14.339+0000] {logging_mixin.py:188} INFO - [2024-07-11T08:44:14.339+0000] {dag.py:3834} INFO - Setting next_dagrun for example_subdag_operator to 2022-01-01 00:00:00+00:00, run_after=2022-01-01 00:00:00+00:00
[2024-07-11T08:44:14.344+0000] {logging_mixin.py:188} INFO - [2024-07-11T08:44:14.343+0000] {dag.py:3834} INFO - Setting next_dagrun for example_subdag_operator.section-1 to None, run_after=None
[2024-07-11T08:44:14.345+0000] {logging_mixin.py:188} INFO - [2024-07-11T08:44:14.345+0000] {dag.py:3834} INFO - Setting next_dagrun for example_subdag_operator.section-2 to None, run_after=None
[2024-07-11T08:44:14.350+0000] {logging_mixin.py:188} INFO - [2024-07-11T08:44:14.350+0000] {dag.py:3047} INFO - Sync 2 DAGs
[2024-07-11T08:44:14.354+0000] {logging_mixin.py:188} INFO - [2024-07-11T08:44:14.354+0000] {dag.py:3834} INFO - Setting next_dagrun for example_subdag_operator.section-1 to None, run_after=None
[2024-07-11T08:44:14.354+0000] {logging_mixin.py:188} INFO - [2024-07-11T08:44:14.354+0000] {dag.py:3834} INFO - Setting next_dagrun for example_subdag_operator.section-2 to None, run_after=None
[2024-07-11T08:44:14.365+0000] {processor.py:183} INFO - Processing /home/airflow/.local/lib/python3.10/site-packages/airflow/example_dags/example_subdag_operator.py took 0.101 seconds
[2024-07-11T08:44:44.625+0000] {logging_mixin.py:188} INFO - [2024-07-11T08:44:44.625+0000] {settings.py:249} DEBUG - Setting up DB connection pool (PID 434)
[2024-07-11T08:44:44.626+0000] {logging_mixin.py:188} INFO - [2024-07-11T08:44:44.626+0000] {settings.py:350} DEBUG - settings.prepare_engine_args(): Using pool settings. pool_size=5, max_overflow=10, pool_recycle=1800, pid=434
[2024-07-11T08:44:44.628+0000] {processor.py:161} INFO - Started process (PID=434) to work on /home/airflow/.local/lib/python3.10/site-packages/airflow/example_dags/example_subdag_operator.py
[2024-07-11T08:44:44.628+0000] {processor.py:830} INFO - Processing file /home/airflow/.local/lib/python3.10/site-packages/airflow/example_dags/example_subdag_operator.py for tasks to queue
[2024-07-11T08:44:44.629+0000] {logging_mixin.py:188} INFO - [2024-07-11T08:44:44.629+0000] {dagbag.py:540} INFO - Filling up the DagBag from /home/airflow/.local/lib/python3.10/site-packages/airflow/example_dags/example_subdag_operator.py
[2024-07-11T08:44:44.630+0000] {logging_mixin.py:188} INFO - [2024-07-11T08:44:44.629+0000] {dagbag.py:332} DEBUG - Importing /home/airflow/.local/lib/python3.10/site-packages/airflow/example_dags/example_subdag_operator.py
[2024-07-11T08:44:44.632+0000] {logging_mixin.py:188} INFO - [2024-07-11T08:44:44.632+0000] {GetText.py:65} DEBUG - /home/airflow/.local/lib/python3.10/site-packages/cron_descriptor/locale/en_US.mo Loaded
[2024-07-11T08:44:44.643+0000] {logging_mixin.py:188} INFO - [2024-07-11T08:44:44.643+0000] {GetText.py:65} DEBUG - /home/airflow/.local/lib/python3.10/site-packages/cron_descriptor/locale/en_US.mo Loaded
[2024-07-11T08:44:44.646+0000] {logging_mixin.py:188} INFO - [2024-07-11T08:44:44.645+0000] {dagbag.py:506} DEBUG - Loaded DAG <DAG: example_subdag_operator.section-1>
[2024-07-11T08:44:44.646+0000] {logging_mixin.py:188} INFO - [2024-07-11T08:44:44.646+0000] {dagbag.py:506} DEBUG - Loaded DAG <DAG: example_subdag_operator.section-2>
[2024-07-11T08:44:44.646+0000] {logging_mixin.py:188} INFO - [2024-07-11T08:44:44.646+0000] {dagbag.py:506} DEBUG - Loaded DAG <DAG: example_subdag_operator>
[2024-07-11T08:44:44.647+0000] {processor.py:840} INFO - DAG(s) 'example_subdag_operator.section-1', 'example_subdag_operator.section-2', 'example_subdag_operator' retrieved from /home/airflow/.local/lib/python3.10/site-packages/airflow/example_dags/example_subdag_operator.py
[2024-07-11T08:44:44.647+0000] {logging_mixin.py:188} INFO - [2024-07-11T08:44:44.647+0000] {dagbag.py:662} DEBUG - Running dagbag.sync_to_db with retries. Try 1 of 3
[2024-07-11T08:44:44.647+0000] {logging_mixin.py:188} INFO - [2024-07-11T08:44:44.647+0000] {dagbag.py:667} DEBUG - Calling the DAG.bulk_sync_to_db method
[2024-07-11T08:44:44.649+0000] {logging_mixin.py:188} INFO - [2024-07-11T08:44:44.649+0000] {serialized_dag.py:165} DEBUG - Checking if DAG (example_subdag_operator) changed
[2024-07-11T08:44:44.652+0000] {logging_mixin.py:188} INFO - [2024-07-11T08:44:44.652+0000] {plugins_manager.py:322} DEBUG - Plugins are already loaded. Skipping.
[2024-07-11T08:44:44.652+0000] {logging_mixin.py:188} INFO - [2024-07-11T08:44:44.652+0000] {plugins_manager.py:400} DEBUG - Initialize custom taskinstance deps plugins
[2024-07-11T08:44:44.658+0000] {logging_mixin.py:188} INFO - [2024-07-11T08:44:44.658+0000] {serialized_dag.py:176} DEBUG - Serialized DAG (example_subdag_operator) is unchanged. Skipping writing to DB
[2024-07-11T08:44:44.658+0000] {logging_mixin.py:188} INFO - [2024-07-11T08:44:44.658+0000] {dag.py:3047} INFO - Sync 3 DAGs
[2024-07-11T08:44:44.675+0000] {logging_mixin.py:188} INFO - [2024-07-11T08:44:44.674+0000] {dag.py:3834} INFO - Setting next_dagrun for example_subdag_operator to 2022-01-01 00:00:00+00:00, run_after=2022-01-01 00:00:00+00:00
[2024-07-11T08:44:44.678+0000] {logging_mixin.py:188} INFO - [2024-07-11T08:44:44.678+0000] {dag.py:3834} INFO - Setting next_dagrun for example_subdag_operator.section-1 to None, run_after=None
[2024-07-11T08:44:44.679+0000] {logging_mixin.py:188} INFO - [2024-07-11T08:44:44.679+0000] {dag.py:3834} INFO - Setting next_dagrun for example_subdag_operator.section-2 to None, run_after=None
[2024-07-11T08:44:44.684+0000] {logging_mixin.py:188} INFO - [2024-07-11T08:44:44.684+0000] {dag.py:3047} INFO - Sync 2 DAGs
[2024-07-11T08:44:44.691+0000] {logging_mixin.py:188} INFO - [2024-07-11T08:44:44.690+0000] {dag.py:3834} INFO - Setting next_dagrun for example_subdag_operator.section-1 to None, run_after=None
[2024-07-11T08:44:44.691+0000] {logging_mixin.py:188} INFO - [2024-07-11T08:44:44.691+0000] {dag.py:3834} INFO - Setting next_dagrun for example_subdag_operator.section-2 to None, run_after=None
[2024-07-11T08:44:44.701+0000] {processor.py:183} INFO - Processing /home/airflow/.local/lib/python3.10/site-packages/airflow/example_dags/example_subdag_operator.py took 0.076 seconds
