[2024-07-11T08:36:58.285+0000] {logging_mixin.py:188} INFO - [2024-07-11T08:36:58.284+0000] {settings.py:249} DEBUG - Setting up DB connection pool (PID 45)
[2024-07-11T08:36:58.286+0000] {logging_mixin.py:188} INFO - [2024-07-11T08:36:58.286+0000] {settings.py:350} DEBUG - settings.prepare_engine_args(): Using pool settings. pool_size=5, max_overflow=10, pool_recycle=1800, pid=45
[2024-07-11T08:36:58.289+0000] {processor.py:161} INFO - Started process (PID=45) to work on /home/airflow/.local/lib/python3.10/site-packages/airflow/example_dags/example_branch_day_of_week_operator.py
[2024-07-11T08:36:58.290+0000] {processor.py:830} INFO - Processing file /home/airflow/.local/lib/python3.10/site-packages/airflow/example_dags/example_branch_day_of_week_operator.py for tasks to queue
[2024-07-11T08:36:58.291+0000] {logging_mixin.py:188} INFO - [2024-07-11T08:36:58.290+0000] {dagbag.py:540} INFO - Filling up the DagBag from /home/airflow/.local/lib/python3.10/site-packages/airflow/example_dags/example_branch_day_of_week_operator.py
[2024-07-11T08:36:58.292+0000] {logging_mixin.py:188} INFO - [2024-07-11T08:36:58.292+0000] {dagbag.py:332} DEBUG - Importing /home/airflow/.local/lib/python3.10/site-packages/airflow/example_dags/example_branch_day_of_week_operator.py
[2024-07-11T08:36:58.296+0000] {logging_mixin.py:188} INFO - [2024-07-11T08:36:58.296+0000] {GetText.py:65} DEBUG - /home/airflow/.local/lib/python3.10/site-packages/cron_descriptor/locale/en_US.mo Loaded
[2024-07-11T08:36:58.303+0000] {logging_mixin.py:188} INFO - [2024-07-11T08:36:58.302+0000] {GetText.py:65} DEBUG - /home/airflow/.local/lib/python3.10/site-packages/cron_descriptor/locale/en_US.mo Loaded
[2024-07-11T08:36:58.305+0000] {logging_mixin.py:188} INFO - [2024-07-11T08:36:58.304+0000] {dagbag.py:506} DEBUG - Loaded DAG <DAG: example_weekday_branch_operator>
[2024-07-11T08:36:58.305+0000] {processor.py:840} INFO - DAG(s) 'example_weekday_branch_operator' retrieved from /home/airflow/.local/lib/python3.10/site-packages/airflow/example_dags/example_branch_day_of_week_operator.py
[2024-07-11T08:36:58.306+0000] {logging_mixin.py:188} INFO - [2024-07-11T08:36:58.306+0000] {dagbag.py:662} DEBUG - Running dagbag.sync_to_db with retries. Try 1 of 3
[2024-07-11T08:36:58.307+0000] {logging_mixin.py:188} INFO - [2024-07-11T08:36:58.307+0000] {dagbag.py:667} DEBUG - Calling the DAG.bulk_sync_to_db method
[2024-07-11T08:36:58.326+0000] {logging_mixin.py:188} INFO - [2024-07-11T08:36:58.326+0000] {dag.py:3047} INFO - Sync 1 DAGs
[2024-07-11T08:36:58.356+0000] {logging_mixin.py:188} INFO - [2024-07-11T08:36:58.356+0000] {dag.py:3834} INFO - Setting next_dagrun for example_weekday_branch_operator to 2024-07-10 00:00:00+00:00, run_after=2024-07-11 00:00:00+00:00
[2024-07-11T08:36:58.384+0000] {processor.py:183} INFO - Processing /home/airflow/.local/lib/python3.10/site-packages/airflow/example_dags/example_branch_day_of_week_operator.py took 0.100 seconds
[2024-07-11T08:37:28.425+0000] {logging_mixin.py:188} INFO - [2024-07-11T08:37:28.425+0000] {settings.py:249} DEBUG - Setting up DB connection pool (PID 101)
[2024-07-11T08:37:28.426+0000] {logging_mixin.py:188} INFO - [2024-07-11T08:37:28.426+0000] {settings.py:350} DEBUG - settings.prepare_engine_args(): Using pool settings. pool_size=5, max_overflow=10, pool_recycle=1800, pid=101
[2024-07-11T08:37:28.427+0000] {processor.py:161} INFO - Started process (PID=101) to work on /home/airflow/.local/lib/python3.10/site-packages/airflow/example_dags/example_branch_day_of_week_operator.py
[2024-07-11T08:37:28.428+0000] {processor.py:830} INFO - Processing file /home/airflow/.local/lib/python3.10/site-packages/airflow/example_dags/example_branch_day_of_week_operator.py for tasks to queue
[2024-07-11T08:37:28.428+0000] {logging_mixin.py:188} INFO - [2024-07-11T08:37:28.428+0000] {dagbag.py:540} INFO - Filling up the DagBag from /home/airflow/.local/lib/python3.10/site-packages/airflow/example_dags/example_branch_day_of_week_operator.py
[2024-07-11T08:37:28.429+0000] {logging_mixin.py:188} INFO - [2024-07-11T08:37:28.429+0000] {dagbag.py:332} DEBUG - Importing /home/airflow/.local/lib/python3.10/site-packages/airflow/example_dags/example_branch_day_of_week_operator.py
[2024-07-11T08:37:28.430+0000] {logging_mixin.py:188} INFO - [2024-07-11T08:37:28.430+0000] {GetText.py:65} DEBUG - /home/airflow/.local/lib/python3.10/site-packages/cron_descriptor/locale/en_US.mo Loaded
[2024-07-11T08:37:28.433+0000] {logging_mixin.py:188} INFO - [2024-07-11T08:37:28.433+0000] {GetText.py:65} DEBUG - /home/airflow/.local/lib/python3.10/site-packages/cron_descriptor/locale/en_US.mo Loaded
[2024-07-11T08:37:28.434+0000] {logging_mixin.py:188} INFO - [2024-07-11T08:37:28.434+0000] {dagbag.py:506} DEBUG - Loaded DAG <DAG: example_weekday_branch_operator>
[2024-07-11T08:37:28.435+0000] {processor.py:840} INFO - DAG(s) 'example_weekday_branch_operator' retrieved from /home/airflow/.local/lib/python3.10/site-packages/airflow/example_dags/example_branch_day_of_week_operator.py
[2024-07-11T08:37:28.435+0000] {logging_mixin.py:188} INFO - [2024-07-11T08:37:28.435+0000] {dagbag.py:662} DEBUG - Running dagbag.sync_to_db with retries. Try 1 of 3
[2024-07-11T08:37:28.435+0000] {logging_mixin.py:188} INFO - [2024-07-11T08:37:28.435+0000] {dagbag.py:667} DEBUG - Calling the DAG.bulk_sync_to_db method
[2024-07-11T08:37:28.443+0000] {logging_mixin.py:188} INFO - [2024-07-11T08:37:28.442+0000] {serialized_dag.py:165} DEBUG - Checking if DAG (example_weekday_branch_operator) changed
[2024-07-11T08:37:28.449+0000] {logging_mixin.py:188} INFO - [2024-07-11T08:37:28.449+0000] {serialized_dag.py:179} DEBUG - Writing Serialized DAG: example_weekday_branch_operator to the DB
[2024-07-11T08:37:28.452+0000] {logging_mixin.py:188} INFO - [2024-07-11T08:37:28.452+0000] {serialized_dag.py:181} DEBUG - DAG: example_weekday_branch_operator written to the DB
[2024-07-11T08:37:28.452+0000] {logging_mixin.py:188} INFO - [2024-07-11T08:37:28.452+0000] {dagbag.py:696} DEBUG - Syncing DAG permissions: example_weekday_branch_operator to the DB
[2024-07-11T08:37:28.507+0000] {logging_mixin.py:188} INFO - [2024-07-11T08:37:28.507+0000] {override.py:1034} DEBUG - Not syncing DAG-level permissions for DAG 'DAG:example_weekday_branch_operator' as access control is unset.
[2024-07-11T08:37:28.507+0000] {logging_mixin.py:188} INFO - [2024-07-11T08:37:28.507+0000] {dag.py:3047} INFO - Sync 1 DAGs
[2024-07-11T08:37:28.523+0000] {logging_mixin.py:188} INFO - [2024-07-11T08:37:28.523+0000] {dag.py:3834} INFO - Setting next_dagrun for example_weekday_branch_operator to 2024-07-10 00:00:00+00:00, run_after=2024-07-11 00:00:00+00:00
[2024-07-11T08:37:28.536+0000] {processor.py:183} INFO - Processing /home/airflow/.local/lib/python3.10/site-packages/airflow/example_dags/example_branch_day_of_week_operator.py took 0.112 seconds
[2024-07-11T08:37:58.561+0000] {logging_mixin.py:188} INFO - [2024-07-11T08:37:58.561+0000] {settings.py:249} DEBUG - Setting up DB connection pool (PID 157)
[2024-07-11T08:37:58.562+0000] {logging_mixin.py:188} INFO - [2024-07-11T08:37:58.562+0000] {settings.py:350} DEBUG - settings.prepare_engine_args(): Using pool settings. pool_size=5, max_overflow=10, pool_recycle=1800, pid=157
[2024-07-11T08:37:58.564+0000] {processor.py:161} INFO - Started process (PID=157) to work on /home/airflow/.local/lib/python3.10/site-packages/airflow/example_dags/example_branch_day_of_week_operator.py
[2024-07-11T08:37:58.564+0000] {processor.py:830} INFO - Processing file /home/airflow/.local/lib/python3.10/site-packages/airflow/example_dags/example_branch_day_of_week_operator.py for tasks to queue
[2024-07-11T08:37:58.564+0000] {logging_mixin.py:188} INFO - [2024-07-11T08:37:58.564+0000] {dagbag.py:540} INFO - Filling up the DagBag from /home/airflow/.local/lib/python3.10/site-packages/airflow/example_dags/example_branch_day_of_week_operator.py
[2024-07-11T08:37:58.565+0000] {logging_mixin.py:188} INFO - [2024-07-11T08:37:58.565+0000] {dagbag.py:332} DEBUG - Importing /home/airflow/.local/lib/python3.10/site-packages/airflow/example_dags/example_branch_day_of_week_operator.py
[2024-07-11T08:37:58.566+0000] {logging_mixin.py:188} INFO - [2024-07-11T08:37:58.566+0000] {GetText.py:65} DEBUG - /home/airflow/.local/lib/python3.10/site-packages/cron_descriptor/locale/en_US.mo Loaded
[2024-07-11T08:37:58.569+0000] {logging_mixin.py:188} INFO - [2024-07-11T08:37:58.569+0000] {GetText.py:65} DEBUG - /home/airflow/.local/lib/python3.10/site-packages/cron_descriptor/locale/en_US.mo Loaded
[2024-07-11T08:37:58.570+0000] {logging_mixin.py:188} INFO - [2024-07-11T08:37:58.569+0000] {dagbag.py:506} DEBUG - Loaded DAG <DAG: example_weekday_branch_operator>
[2024-07-11T08:37:58.570+0000] {processor.py:840} INFO - DAG(s) 'example_weekday_branch_operator' retrieved from /home/airflow/.local/lib/python3.10/site-packages/airflow/example_dags/example_branch_day_of_week_operator.py
[2024-07-11T08:37:58.571+0000] {logging_mixin.py:188} INFO - [2024-07-11T08:37:58.571+0000] {dagbag.py:662} DEBUG - Running dagbag.sync_to_db with retries. Try 1 of 3
[2024-07-11T08:37:58.571+0000] {logging_mixin.py:188} INFO - [2024-07-11T08:37:58.571+0000] {dagbag.py:667} DEBUG - Calling the DAG.bulk_sync_to_db method
[2024-07-11T08:37:58.578+0000] {logging_mixin.py:188} INFO - [2024-07-11T08:37:58.578+0000] {serialized_dag.py:165} DEBUG - Checking if DAG (example_weekday_branch_operator) changed
[2024-07-11T08:37:58.584+0000] {logging_mixin.py:188} INFO - [2024-07-11T08:37:58.584+0000] {serialized_dag.py:176} DEBUG - Serialized DAG (example_weekday_branch_operator) is unchanged. Skipping writing to DB
[2024-07-11T08:37:58.584+0000] {logging_mixin.py:188} INFO - [2024-07-11T08:37:58.584+0000] {dag.py:3047} INFO - Sync 1 DAGs
[2024-07-11T08:37:58.600+0000] {logging_mixin.py:188} INFO - [2024-07-11T08:37:58.599+0000] {dag.py:3834} INFO - Setting next_dagrun for example_weekday_branch_operator to 2024-07-10 00:00:00+00:00, run_after=2024-07-11 00:00:00+00:00
[2024-07-11T08:37:58.611+0000] {processor.py:183} INFO - Processing /home/airflow/.local/lib/python3.10/site-packages/airflow/example_dags/example_branch_day_of_week_operator.py took 0.050 seconds
[2024-07-11T08:38:28.669+0000] {logging_mixin.py:188} INFO - [2024-07-11T08:38:28.669+0000] {settings.py:249} DEBUG - Setting up DB connection pool (PID 213)
[2024-07-11T08:38:28.670+0000] {logging_mixin.py:188} INFO - [2024-07-11T08:38:28.670+0000] {settings.py:350} DEBUG - settings.prepare_engine_args(): Using pool settings. pool_size=5, max_overflow=10, pool_recycle=1800, pid=213
[2024-07-11T08:38:28.672+0000] {processor.py:161} INFO - Started process (PID=213) to work on /home/airflow/.local/lib/python3.10/site-packages/airflow/example_dags/example_branch_day_of_week_operator.py
[2024-07-11T08:38:28.672+0000] {processor.py:830} INFO - Processing file /home/airflow/.local/lib/python3.10/site-packages/airflow/example_dags/example_branch_day_of_week_operator.py for tasks to queue
[2024-07-11T08:38:28.673+0000] {logging_mixin.py:188} INFO - [2024-07-11T08:38:28.672+0000] {dagbag.py:540} INFO - Filling up the DagBag from /home/airflow/.local/lib/python3.10/site-packages/airflow/example_dags/example_branch_day_of_week_operator.py
[2024-07-11T08:38:28.673+0000] {logging_mixin.py:188} INFO - [2024-07-11T08:38:28.673+0000] {dagbag.py:332} DEBUG - Importing /home/airflow/.local/lib/python3.10/site-packages/airflow/example_dags/example_branch_day_of_week_operator.py
[2024-07-11T08:38:28.675+0000] {logging_mixin.py:188} INFO - [2024-07-11T08:38:28.675+0000] {GetText.py:65} DEBUG - /home/airflow/.local/lib/python3.10/site-packages/cron_descriptor/locale/en_US.mo Loaded
[2024-07-11T08:38:28.678+0000] {logging_mixin.py:188} INFO - [2024-07-11T08:38:28.678+0000] {GetText.py:65} DEBUG - /home/airflow/.local/lib/python3.10/site-packages/cron_descriptor/locale/en_US.mo Loaded
[2024-07-11T08:38:28.679+0000] {logging_mixin.py:188} INFO - [2024-07-11T08:38:28.679+0000] {dagbag.py:506} DEBUG - Loaded DAG <DAG: example_weekday_branch_operator>
[2024-07-11T08:38:28.680+0000] {processor.py:840} INFO - DAG(s) 'example_weekday_branch_operator' retrieved from /home/airflow/.local/lib/python3.10/site-packages/airflow/example_dags/example_branch_day_of_week_operator.py
[2024-07-11T08:38:28.680+0000] {logging_mixin.py:188} INFO - [2024-07-11T08:38:28.680+0000] {dagbag.py:662} DEBUG - Running dagbag.sync_to_db with retries. Try 1 of 3
[2024-07-11T08:38:28.681+0000] {logging_mixin.py:188} INFO - [2024-07-11T08:38:28.680+0000] {dagbag.py:667} DEBUG - Calling the DAG.bulk_sync_to_db method
[2024-07-11T08:38:28.688+0000] {logging_mixin.py:188} INFO - [2024-07-11T08:38:28.688+0000] {serialized_dag.py:165} DEBUG - Checking if DAG (example_weekday_branch_operator) changed
[2024-07-11T08:38:28.695+0000] {logging_mixin.py:188} INFO - [2024-07-11T08:38:28.695+0000] {serialized_dag.py:176} DEBUG - Serialized DAG (example_weekday_branch_operator) is unchanged. Skipping writing to DB
[2024-07-11T08:38:28.695+0000] {logging_mixin.py:188} INFO - [2024-07-11T08:38:28.695+0000] {dag.py:3047} INFO - Sync 1 DAGs
[2024-07-11T08:38:28.713+0000] {logging_mixin.py:188} INFO - [2024-07-11T08:38:28.713+0000] {dag.py:3834} INFO - Setting next_dagrun for example_weekday_branch_operator to 2024-07-10 00:00:00+00:00, run_after=2024-07-11 00:00:00+00:00
[2024-07-11T08:38:28.725+0000] {processor.py:183} INFO - Processing /home/airflow/.local/lib/python3.10/site-packages/airflow/example_dags/example_branch_day_of_week_operator.py took 0.056 seconds
[2024-07-11T08:38:58.914+0000] {logging_mixin.py:188} INFO - [2024-07-11T08:38:58.914+0000] {settings.py:249} DEBUG - Setting up DB connection pool (PID 269)
[2024-07-11T08:38:58.915+0000] {logging_mixin.py:188} INFO - [2024-07-11T08:38:58.915+0000] {settings.py:350} DEBUG - settings.prepare_engine_args(): Using pool settings. pool_size=5, max_overflow=10, pool_recycle=1800, pid=269
[2024-07-11T08:38:58.917+0000] {processor.py:161} INFO - Started process (PID=269) to work on /home/airflow/.local/lib/python3.10/site-packages/airflow/example_dags/example_branch_day_of_week_operator.py
[2024-07-11T08:38:58.917+0000] {processor.py:830} INFO - Processing file /home/airflow/.local/lib/python3.10/site-packages/airflow/example_dags/example_branch_day_of_week_operator.py for tasks to queue
[2024-07-11T08:38:58.918+0000] {logging_mixin.py:188} INFO - [2024-07-11T08:38:58.917+0000] {dagbag.py:540} INFO - Filling up the DagBag from /home/airflow/.local/lib/python3.10/site-packages/airflow/example_dags/example_branch_day_of_week_operator.py
[2024-07-11T08:38:58.919+0000] {logging_mixin.py:188} INFO - [2024-07-11T08:38:58.919+0000] {dagbag.py:332} DEBUG - Importing /home/airflow/.local/lib/python3.10/site-packages/airflow/example_dags/example_branch_day_of_week_operator.py
[2024-07-11T08:38:58.920+0000] {logging_mixin.py:188} INFO - [2024-07-11T08:38:58.920+0000] {GetText.py:65} DEBUG - /home/airflow/.local/lib/python3.10/site-packages/cron_descriptor/locale/en_US.mo Loaded
[2024-07-11T08:38:58.924+0000] {logging_mixin.py:188} INFO - [2024-07-11T08:38:58.924+0000] {GetText.py:65} DEBUG - /home/airflow/.local/lib/python3.10/site-packages/cron_descriptor/locale/en_US.mo Loaded
[2024-07-11T08:38:58.925+0000] {logging_mixin.py:188} INFO - [2024-07-11T08:38:58.924+0000] {dagbag.py:506} DEBUG - Loaded DAG <DAG: example_weekday_branch_operator>
[2024-07-11T08:38:58.926+0000] {processor.py:840} INFO - DAG(s) 'example_weekday_branch_operator' retrieved from /home/airflow/.local/lib/python3.10/site-packages/airflow/example_dags/example_branch_day_of_week_operator.py
[2024-07-11T08:38:58.927+0000] {logging_mixin.py:188} INFO - [2024-07-11T08:38:58.926+0000] {dagbag.py:662} DEBUG - Running dagbag.sync_to_db with retries. Try 1 of 3
[2024-07-11T08:38:58.927+0000] {logging_mixin.py:188} INFO - [2024-07-11T08:38:58.927+0000] {dagbag.py:667} DEBUG - Calling the DAG.bulk_sync_to_db method
[2024-07-11T08:38:58.936+0000] {logging_mixin.py:188} INFO - [2024-07-11T08:38:58.936+0000] {serialized_dag.py:165} DEBUG - Checking if DAG (example_weekday_branch_operator) changed
[2024-07-11T08:38:58.943+0000] {logging_mixin.py:188} INFO - [2024-07-11T08:38:58.943+0000] {serialized_dag.py:176} DEBUG - Serialized DAG (example_weekday_branch_operator) is unchanged. Skipping writing to DB
[2024-07-11T08:38:58.944+0000] {logging_mixin.py:188} INFO - [2024-07-11T08:38:58.944+0000] {dag.py:3047} INFO - Sync 1 DAGs
[2024-07-11T08:38:58.965+0000] {logging_mixin.py:188} INFO - [2024-07-11T08:38:58.965+0000] {dag.py:3834} INFO - Setting next_dagrun for example_weekday_branch_operator to 2024-07-10 00:00:00+00:00, run_after=2024-07-11 00:00:00+00:00
[2024-07-11T08:38:58.980+0000] {processor.py:183} INFO - Processing /home/airflow/.local/lib/python3.10/site-packages/airflow/example_dags/example_branch_day_of_week_operator.py took 0.067 seconds
[2024-07-11T08:39:29.241+0000] {logging_mixin.py:188} INFO - [2024-07-11T08:39:29.241+0000] {settings.py:249} DEBUG - Setting up DB connection pool (PID 325)
[2024-07-11T08:39:29.242+0000] {logging_mixin.py:188} INFO - [2024-07-11T08:39:29.242+0000] {settings.py:350} DEBUG - settings.prepare_engine_args(): Using pool settings. pool_size=5, max_overflow=10, pool_recycle=1800, pid=325
[2024-07-11T08:39:29.244+0000] {processor.py:161} INFO - Started process (PID=325) to work on /home/airflow/.local/lib/python3.10/site-packages/airflow/example_dags/example_branch_day_of_week_operator.py
[2024-07-11T08:39:29.244+0000] {processor.py:830} INFO - Processing file /home/airflow/.local/lib/python3.10/site-packages/airflow/example_dags/example_branch_day_of_week_operator.py for tasks to queue
[2024-07-11T08:39:29.245+0000] {logging_mixin.py:188} INFO - [2024-07-11T08:39:29.245+0000] {dagbag.py:540} INFO - Filling up the DagBag from /home/airflow/.local/lib/python3.10/site-packages/airflow/example_dags/example_branch_day_of_week_operator.py
[2024-07-11T08:39:29.246+0000] {logging_mixin.py:188} INFO - [2024-07-11T08:39:29.245+0000] {dagbag.py:332} DEBUG - Importing /home/airflow/.local/lib/python3.10/site-packages/airflow/example_dags/example_branch_day_of_week_operator.py
[2024-07-11T08:39:29.247+0000] {logging_mixin.py:188} INFO - [2024-07-11T08:39:29.247+0000] {GetText.py:65} DEBUG - /home/airflow/.local/lib/python3.10/site-packages/cron_descriptor/locale/en_US.mo Loaded
[2024-07-11T08:39:29.250+0000] {logging_mixin.py:188} INFO - [2024-07-11T08:39:29.250+0000] {GetText.py:65} DEBUG - /home/airflow/.local/lib/python3.10/site-packages/cron_descriptor/locale/en_US.mo Loaded
[2024-07-11T08:39:29.251+0000] {logging_mixin.py:188} INFO - [2024-07-11T08:39:29.250+0000] {dagbag.py:506} DEBUG - Loaded DAG <DAG: example_weekday_branch_operator>
[2024-07-11T08:39:29.251+0000] {processor.py:840} INFO - DAG(s) 'example_weekday_branch_operator' retrieved from /home/airflow/.local/lib/python3.10/site-packages/airflow/example_dags/example_branch_day_of_week_operator.py
[2024-07-11T08:39:29.252+0000] {logging_mixin.py:188} INFO - [2024-07-11T08:39:29.252+0000] {dagbag.py:662} DEBUG - Running dagbag.sync_to_db with retries. Try 1 of 3
[2024-07-11T08:39:29.252+0000] {logging_mixin.py:188} INFO - [2024-07-11T08:39:29.252+0000] {dagbag.py:667} DEBUG - Calling the DAG.bulk_sync_to_db method
[2024-07-11T08:39:29.260+0000] {logging_mixin.py:188} INFO - [2024-07-11T08:39:29.260+0000] {serialized_dag.py:165} DEBUG - Checking if DAG (example_weekday_branch_operator) changed
[2024-07-11T08:39:29.266+0000] {logging_mixin.py:188} INFO - [2024-07-11T08:39:29.266+0000] {serialized_dag.py:176} DEBUG - Serialized DAG (example_weekday_branch_operator) is unchanged. Skipping writing to DB
[2024-07-11T08:39:29.267+0000] {logging_mixin.py:188} INFO - [2024-07-11T08:39:29.266+0000] {dag.py:3047} INFO - Sync 1 DAGs
[2024-07-11T08:39:29.282+0000] {logging_mixin.py:188} INFO - [2024-07-11T08:39:29.282+0000] {dag.py:3834} INFO - Setting next_dagrun for example_weekday_branch_operator to 2024-07-10 00:00:00+00:00, run_after=2024-07-11 00:00:00+00:00
[2024-07-11T08:39:29.294+0000] {processor.py:183} INFO - Processing /home/airflow/.local/lib/python3.10/site-packages/airflow/example_dags/example_branch_day_of_week_operator.py took 0.054 seconds
[2024-07-11T08:39:59.552+0000] {logging_mixin.py:188} INFO - [2024-07-11T08:39:59.552+0000] {settings.py:249} DEBUG - Setting up DB connection pool (PID 381)
[2024-07-11T08:39:59.553+0000] {logging_mixin.py:188} INFO - [2024-07-11T08:39:59.553+0000] {settings.py:350} DEBUG - settings.prepare_engine_args(): Using pool settings. pool_size=5, max_overflow=10, pool_recycle=1800, pid=381
[2024-07-11T08:39:59.556+0000] {processor.py:161} INFO - Started process (PID=381) to work on /home/airflow/.local/lib/python3.10/site-packages/airflow/example_dags/example_branch_day_of_week_operator.py
[2024-07-11T08:39:59.558+0000] {processor.py:830} INFO - Processing file /home/airflow/.local/lib/python3.10/site-packages/airflow/example_dags/example_branch_day_of_week_operator.py for tasks to queue
[2024-07-11T08:39:59.559+0000] {logging_mixin.py:188} INFO - [2024-07-11T08:39:59.558+0000] {dagbag.py:540} INFO - Filling up the DagBag from /home/airflow/.local/lib/python3.10/site-packages/airflow/example_dags/example_branch_day_of_week_operator.py
[2024-07-11T08:39:59.560+0000] {logging_mixin.py:188} INFO - [2024-07-11T08:39:59.560+0000] {dagbag.py:332} DEBUG - Importing /home/airflow/.local/lib/python3.10/site-packages/airflow/example_dags/example_branch_day_of_week_operator.py
[2024-07-11T08:39:59.562+0000] {logging_mixin.py:188} INFO - [2024-07-11T08:39:59.562+0000] {GetText.py:65} DEBUG - /home/airflow/.local/lib/python3.10/site-packages/cron_descriptor/locale/en_US.mo Loaded
[2024-07-11T08:39:59.566+0000] {logging_mixin.py:188} INFO - [2024-07-11T08:39:59.566+0000] {GetText.py:65} DEBUG - /home/airflow/.local/lib/python3.10/site-packages/cron_descriptor/locale/en_US.mo Loaded
[2024-07-11T08:39:59.568+0000] {logging_mixin.py:188} INFO - [2024-07-11T08:39:59.567+0000] {dagbag.py:506} DEBUG - Loaded DAG <DAG: example_weekday_branch_operator>
[2024-07-11T08:39:59.568+0000] {processor.py:840} INFO - DAG(s) 'example_weekday_branch_operator' retrieved from /home/airflow/.local/lib/python3.10/site-packages/airflow/example_dags/example_branch_day_of_week_operator.py
[2024-07-11T08:39:59.569+0000] {logging_mixin.py:188} INFO - [2024-07-11T08:39:59.569+0000] {dagbag.py:662} DEBUG - Running dagbag.sync_to_db with retries. Try 1 of 3
[2024-07-11T08:39:59.569+0000] {logging_mixin.py:188} INFO - [2024-07-11T08:39:59.569+0000] {dagbag.py:667} DEBUG - Calling the DAG.bulk_sync_to_db method
[2024-07-11T08:39:59.578+0000] {logging_mixin.py:188} INFO - [2024-07-11T08:39:59.578+0000] {serialized_dag.py:165} DEBUG - Checking if DAG (example_weekday_branch_operator) changed
[2024-07-11T08:39:59.586+0000] {logging_mixin.py:188} INFO - [2024-07-11T08:39:59.586+0000] {serialized_dag.py:176} DEBUG - Serialized DAG (example_weekday_branch_operator) is unchanged. Skipping writing to DB
[2024-07-11T08:39:59.587+0000] {logging_mixin.py:188} INFO - [2024-07-11T08:39:59.586+0000] {dag.py:3047} INFO - Sync 1 DAGs
[2024-07-11T08:39:59.611+0000] {logging_mixin.py:188} INFO - [2024-07-11T08:39:59.611+0000] {dag.py:3834} INFO - Setting next_dagrun for example_weekday_branch_operator to 2024-07-10 00:00:00+00:00, run_after=2024-07-11 00:00:00+00:00
[2024-07-11T08:39:59.630+0000] {processor.py:183} INFO - Processing /home/airflow/.local/lib/python3.10/site-packages/airflow/example_dags/example_branch_day_of_week_operator.py took 0.078 seconds
[2024-07-11T08:41:12.466+0000] {logging_mixin.py:188} INFO - [2024-07-11T08:41:12.465+0000] {settings.py:249} DEBUG - Setting up DB connection pool (PID 45)
[2024-07-11T08:41:12.466+0000] {logging_mixin.py:188} INFO - [2024-07-11T08:41:12.466+0000] {settings.py:350} DEBUG - settings.prepare_engine_args(): Using pool settings. pool_size=5, max_overflow=10, pool_recycle=1800, pid=45
[2024-07-11T08:41:12.469+0000] {processor.py:161} INFO - Started process (PID=45) to work on /home/airflow/.local/lib/python3.10/site-packages/airflow/example_dags/example_branch_day_of_week_operator.py
[2024-07-11T08:41:12.469+0000] {processor.py:830} INFO - Processing file /home/airflow/.local/lib/python3.10/site-packages/airflow/example_dags/example_branch_day_of_week_operator.py for tasks to queue
[2024-07-11T08:41:12.470+0000] {logging_mixin.py:188} INFO - [2024-07-11T08:41:12.470+0000] {dagbag.py:540} INFO - Filling up the DagBag from /home/airflow/.local/lib/python3.10/site-packages/airflow/example_dags/example_branch_day_of_week_operator.py
[2024-07-11T08:41:12.471+0000] {logging_mixin.py:188} INFO - [2024-07-11T08:41:12.471+0000] {dagbag.py:332} DEBUG - Importing /home/airflow/.local/lib/python3.10/site-packages/airflow/example_dags/example_branch_day_of_week_operator.py
[2024-07-11T08:41:12.474+0000] {logging_mixin.py:188} INFO - [2024-07-11T08:41:12.474+0000] {GetText.py:65} DEBUG - /home/airflow/.local/lib/python3.10/site-packages/cron_descriptor/locale/en_US.mo Loaded
[2024-07-11T08:41:12.479+0000] {logging_mixin.py:188} INFO - [2024-07-11T08:41:12.479+0000] {GetText.py:65} DEBUG - /home/airflow/.local/lib/python3.10/site-packages/cron_descriptor/locale/en_US.mo Loaded
[2024-07-11T08:41:12.481+0000] {logging_mixin.py:188} INFO - [2024-07-11T08:41:12.480+0000] {dagbag.py:506} DEBUG - Loaded DAG <DAG: example_weekday_branch_operator>
[2024-07-11T08:41:12.482+0000] {processor.py:840} INFO - DAG(s) 'example_weekday_branch_operator' retrieved from /home/airflow/.local/lib/python3.10/site-packages/airflow/example_dags/example_branch_day_of_week_operator.py
[2024-07-11T08:41:12.482+0000] {logging_mixin.py:188} INFO - [2024-07-11T08:41:12.482+0000] {dagbag.py:662} DEBUG - Running dagbag.sync_to_db with retries. Try 1 of 3
[2024-07-11T08:41:12.483+0000] {logging_mixin.py:188} INFO - [2024-07-11T08:41:12.483+0000] {dagbag.py:667} DEBUG - Calling the DAG.bulk_sync_to_db method
[2024-07-11T08:41:12.494+0000] {logging_mixin.py:188} INFO - [2024-07-11T08:41:12.494+0000] {dag.py:3047} INFO - Sync 1 DAGs
[2024-07-11T08:41:12.514+0000] {logging_mixin.py:188} INFO - [2024-07-11T08:41:12.514+0000] {dag.py:3834} INFO - Setting next_dagrun for example_weekday_branch_operator to 2024-07-10 00:00:00+00:00, run_after=2024-07-11 00:00:00+00:00
[2024-07-11T08:41:12.529+0000] {processor.py:183} INFO - Processing /home/airflow/.local/lib/python3.10/site-packages/airflow/example_dags/example_branch_day_of_week_operator.py took 0.064 seconds
[2024-07-11T08:41:43.215+0000] {logging_mixin.py:188} INFO - [2024-07-11T08:41:43.215+0000] {settings.py:249} DEBUG - Setting up DB connection pool (PID 101)
[2024-07-11T08:41:43.216+0000] {logging_mixin.py:188} INFO - [2024-07-11T08:41:43.216+0000] {settings.py:350} DEBUG - settings.prepare_engine_args(): Using pool settings. pool_size=5, max_overflow=10, pool_recycle=1800, pid=101
[2024-07-11T08:41:43.217+0000] {processor.py:161} INFO - Started process (PID=101) to work on /home/airflow/.local/lib/python3.10/site-packages/airflow/example_dags/example_branch_day_of_week_operator.py
[2024-07-11T08:41:43.218+0000] {processor.py:830} INFO - Processing file /home/airflow/.local/lib/python3.10/site-packages/airflow/example_dags/example_branch_day_of_week_operator.py for tasks to queue
[2024-07-11T08:41:43.218+0000] {logging_mixin.py:188} INFO - [2024-07-11T08:41:43.218+0000] {dagbag.py:540} INFO - Filling up the DagBag from /home/airflow/.local/lib/python3.10/site-packages/airflow/example_dags/example_branch_day_of_week_operator.py
[2024-07-11T08:41:43.219+0000] {logging_mixin.py:188} INFO - [2024-07-11T08:41:43.219+0000] {dagbag.py:332} DEBUG - Importing /home/airflow/.local/lib/python3.10/site-packages/airflow/example_dags/example_branch_day_of_week_operator.py
[2024-07-11T08:41:43.220+0000] {logging_mixin.py:188} INFO - [2024-07-11T08:41:43.220+0000] {GetText.py:65} DEBUG - /home/airflow/.local/lib/python3.10/site-packages/cron_descriptor/locale/en_US.mo Loaded
[2024-07-11T08:41:43.223+0000] {logging_mixin.py:188} INFO - [2024-07-11T08:41:43.223+0000] {GetText.py:65} DEBUG - /home/airflow/.local/lib/python3.10/site-packages/cron_descriptor/locale/en_US.mo Loaded
[2024-07-11T08:41:43.225+0000] {logging_mixin.py:188} INFO - [2024-07-11T08:41:43.224+0000] {dagbag.py:506} DEBUG - Loaded DAG <DAG: example_weekday_branch_operator>
[2024-07-11T08:41:43.225+0000] {processor.py:840} INFO - DAG(s) 'example_weekday_branch_operator' retrieved from /home/airflow/.local/lib/python3.10/site-packages/airflow/example_dags/example_branch_day_of_week_operator.py
[2024-07-11T08:41:43.225+0000] {logging_mixin.py:188} INFO - [2024-07-11T08:41:43.225+0000] {dagbag.py:662} DEBUG - Running dagbag.sync_to_db with retries. Try 1 of 3
[2024-07-11T08:41:43.226+0000] {logging_mixin.py:188} INFO - [2024-07-11T08:41:43.225+0000] {dagbag.py:667} DEBUG - Calling the DAG.bulk_sync_to_db method
[2024-07-11T08:41:43.233+0000] {logging_mixin.py:188} INFO - [2024-07-11T08:41:43.233+0000] {serialized_dag.py:165} DEBUG - Checking if DAG (example_weekday_branch_operator) changed
[2024-07-11T08:41:43.240+0000] {logging_mixin.py:188} INFO - [2024-07-11T08:41:43.240+0000] {serialized_dag.py:179} DEBUG - Writing Serialized DAG: example_weekday_branch_operator to the DB
[2024-07-11T08:41:43.243+0000] {logging_mixin.py:188} INFO - [2024-07-11T08:41:43.242+0000] {serialized_dag.py:181} DEBUG - DAG: example_weekday_branch_operator written to the DB
[2024-07-11T08:41:43.243+0000] {logging_mixin.py:188} INFO - [2024-07-11T08:41:43.243+0000] {dagbag.py:696} DEBUG - Syncing DAG permissions: example_weekday_branch_operator to the DB
[2024-07-11T08:41:43.300+0000] {logging_mixin.py:188} INFO - [2024-07-11T08:41:43.300+0000] {override.py:1034} DEBUG - Not syncing DAG-level permissions for DAG 'DAG:example_weekday_branch_operator' as access control is unset.
[2024-07-11T08:41:43.300+0000] {logging_mixin.py:188} INFO - [2024-07-11T08:41:43.300+0000] {dag.py:3047} INFO - Sync 1 DAGs
[2024-07-11T08:41:43.316+0000] {logging_mixin.py:188} INFO - [2024-07-11T08:41:43.316+0000] {dag.py:3834} INFO - Setting next_dagrun for example_weekday_branch_operator to 2024-07-10 00:00:00+00:00, run_after=2024-07-11 00:00:00+00:00
[2024-07-11T08:41:43.330+0000] {processor.py:183} INFO - Processing /home/airflow/.local/lib/python3.10/site-packages/airflow/example_dags/example_branch_day_of_week_operator.py took 0.115 seconds
[2024-07-11T08:42:13.371+0000] {logging_mixin.py:188} INFO - [2024-07-11T08:42:13.371+0000] {settings.py:249} DEBUG - Setting up DB connection pool (PID 157)
[2024-07-11T08:42:13.372+0000] {logging_mixin.py:188} INFO - [2024-07-11T08:42:13.372+0000] {settings.py:350} DEBUG - settings.prepare_engine_args(): Using pool settings. pool_size=5, max_overflow=10, pool_recycle=1800, pid=157
[2024-07-11T08:42:13.374+0000] {processor.py:161} INFO - Started process (PID=157) to work on /home/airflow/.local/lib/python3.10/site-packages/airflow/example_dags/example_branch_day_of_week_operator.py
[2024-07-11T08:42:13.374+0000] {processor.py:830} INFO - Processing file /home/airflow/.local/lib/python3.10/site-packages/airflow/example_dags/example_branch_day_of_week_operator.py for tasks to queue
[2024-07-11T08:42:13.375+0000] {logging_mixin.py:188} INFO - [2024-07-11T08:42:13.375+0000] {dagbag.py:540} INFO - Filling up the DagBag from /home/airflow/.local/lib/python3.10/site-packages/airflow/example_dags/example_branch_day_of_week_operator.py
[2024-07-11T08:42:13.376+0000] {logging_mixin.py:188} INFO - [2024-07-11T08:42:13.375+0000] {dagbag.py:332} DEBUG - Importing /home/airflow/.local/lib/python3.10/site-packages/airflow/example_dags/example_branch_day_of_week_operator.py
[2024-07-11T08:42:13.378+0000] {logging_mixin.py:188} INFO - [2024-07-11T08:42:13.377+0000] {GetText.py:65} DEBUG - /home/airflow/.local/lib/python3.10/site-packages/cron_descriptor/locale/en_US.mo Loaded
[2024-07-11T08:42:13.381+0000] {logging_mixin.py:188} INFO - [2024-07-11T08:42:13.381+0000] {GetText.py:65} DEBUG - /home/airflow/.local/lib/python3.10/site-packages/cron_descriptor/locale/en_US.mo Loaded
[2024-07-11T08:42:13.382+0000] {logging_mixin.py:188} INFO - [2024-07-11T08:42:13.381+0000] {dagbag.py:506} DEBUG - Loaded DAG <DAG: example_weekday_branch_operator>
[2024-07-11T08:42:13.382+0000] {processor.py:840} INFO - DAG(s) 'example_weekday_branch_operator' retrieved from /home/airflow/.local/lib/python3.10/site-packages/airflow/example_dags/example_branch_day_of_week_operator.py
[2024-07-11T08:42:13.383+0000] {logging_mixin.py:188} INFO - [2024-07-11T08:42:13.383+0000] {dagbag.py:662} DEBUG - Running dagbag.sync_to_db with retries. Try 1 of 3
[2024-07-11T08:42:13.383+0000] {logging_mixin.py:188} INFO - [2024-07-11T08:42:13.383+0000] {dagbag.py:667} DEBUG - Calling the DAG.bulk_sync_to_db method
[2024-07-11T08:42:13.391+0000] {logging_mixin.py:188} INFO - [2024-07-11T08:42:13.391+0000] {serialized_dag.py:165} DEBUG - Checking if DAG (example_weekday_branch_operator) changed
[2024-07-11T08:42:13.399+0000] {logging_mixin.py:188} INFO - [2024-07-11T08:42:13.399+0000] {serialized_dag.py:176} DEBUG - Serialized DAG (example_weekday_branch_operator) is unchanged. Skipping writing to DB
[2024-07-11T08:42:13.400+0000] {logging_mixin.py:188} INFO - [2024-07-11T08:42:13.399+0000] {dag.py:3047} INFO - Sync 1 DAGs
[2024-07-11T08:42:13.418+0000] {logging_mixin.py:188} INFO - [2024-07-11T08:42:13.418+0000] {dag.py:3834} INFO - Setting next_dagrun for example_weekday_branch_operator to 2024-07-10 00:00:00+00:00, run_after=2024-07-11 00:00:00+00:00
[2024-07-11T08:42:13.434+0000] {processor.py:183} INFO - Processing /home/airflow/.local/lib/python3.10/site-packages/airflow/example_dags/example_branch_day_of_week_operator.py took 0.063 seconds
[2024-07-11T08:42:43.575+0000] {logging_mixin.py:188} INFO - [2024-07-11T08:42:43.574+0000] {settings.py:249} DEBUG - Setting up DB connection pool (PID 213)
[2024-07-11T08:42:43.575+0000] {logging_mixin.py:188} INFO - [2024-07-11T08:42:43.575+0000] {settings.py:350} DEBUG - settings.prepare_engine_args(): Using pool settings. pool_size=5, max_overflow=10, pool_recycle=1800, pid=213
[2024-07-11T08:42:43.577+0000] {processor.py:161} INFO - Started process (PID=213) to work on /home/airflow/.local/lib/python3.10/site-packages/airflow/example_dags/example_branch_day_of_week_operator.py
[2024-07-11T08:42:43.577+0000] {processor.py:830} INFO - Processing file /home/airflow/.local/lib/python3.10/site-packages/airflow/example_dags/example_branch_day_of_week_operator.py for tasks to queue
[2024-07-11T08:42:43.578+0000] {logging_mixin.py:188} INFO - [2024-07-11T08:42:43.578+0000] {dagbag.py:540} INFO - Filling up the DagBag from /home/airflow/.local/lib/python3.10/site-packages/airflow/example_dags/example_branch_day_of_week_operator.py
[2024-07-11T08:42:43.579+0000] {logging_mixin.py:188} INFO - [2024-07-11T08:42:43.579+0000] {dagbag.py:332} DEBUG - Importing /home/airflow/.local/lib/python3.10/site-packages/airflow/example_dags/example_branch_day_of_week_operator.py
[2024-07-11T08:42:43.580+0000] {logging_mixin.py:188} INFO - [2024-07-11T08:42:43.580+0000] {GetText.py:65} DEBUG - /home/airflow/.local/lib/python3.10/site-packages/cron_descriptor/locale/en_US.mo Loaded
[2024-07-11T08:42:43.584+0000] {logging_mixin.py:188} INFO - [2024-07-11T08:42:43.584+0000] {GetText.py:65} DEBUG - /home/airflow/.local/lib/python3.10/site-packages/cron_descriptor/locale/en_US.mo Loaded
[2024-07-11T08:42:43.585+0000] {logging_mixin.py:188} INFO - [2024-07-11T08:42:43.584+0000] {dagbag.py:506} DEBUG - Loaded DAG <DAG: example_weekday_branch_operator>
[2024-07-11T08:42:43.585+0000] {processor.py:840} INFO - DAG(s) 'example_weekday_branch_operator' retrieved from /home/airflow/.local/lib/python3.10/site-packages/airflow/example_dags/example_branch_day_of_week_operator.py
[2024-07-11T08:42:43.586+0000] {logging_mixin.py:188} INFO - [2024-07-11T08:42:43.586+0000] {dagbag.py:662} DEBUG - Running dagbag.sync_to_db with retries. Try 1 of 3
[2024-07-11T08:42:43.586+0000] {logging_mixin.py:188} INFO - [2024-07-11T08:42:43.586+0000] {dagbag.py:667} DEBUG - Calling the DAG.bulk_sync_to_db method
[2024-07-11T08:42:43.593+0000] {logging_mixin.py:188} INFO - [2024-07-11T08:42:43.593+0000] {serialized_dag.py:165} DEBUG - Checking if DAG (example_weekday_branch_operator) changed
[2024-07-11T08:42:43.599+0000] {logging_mixin.py:188} INFO - [2024-07-11T08:42:43.599+0000] {serialized_dag.py:176} DEBUG - Serialized DAG (example_weekday_branch_operator) is unchanged. Skipping writing to DB
[2024-07-11T08:42:43.599+0000] {logging_mixin.py:188} INFO - [2024-07-11T08:42:43.599+0000] {dag.py:3047} INFO - Sync 1 DAGs
[2024-07-11T08:42:43.615+0000] {logging_mixin.py:188} INFO - [2024-07-11T08:42:43.615+0000] {dag.py:3834} INFO - Setting next_dagrun for example_weekday_branch_operator to 2024-07-10 00:00:00+00:00, run_after=2024-07-11 00:00:00+00:00
[2024-07-11T08:42:43.627+0000] {processor.py:183} INFO - Processing /home/airflow/.local/lib/python3.10/site-packages/airflow/example_dags/example_branch_day_of_week_operator.py took 0.052 seconds
[2024-07-11T08:43:13.725+0000] {logging_mixin.py:188} INFO - [2024-07-11T08:43:13.724+0000] {settings.py:249} DEBUG - Setting up DB connection pool (PID 269)
[2024-07-11T08:43:13.725+0000] {logging_mixin.py:188} INFO - [2024-07-11T08:43:13.725+0000] {settings.py:350} DEBUG - settings.prepare_engine_args(): Using pool settings. pool_size=5, max_overflow=10, pool_recycle=1800, pid=269
[2024-07-11T08:43:13.727+0000] {processor.py:161} INFO - Started process (PID=269) to work on /home/airflow/.local/lib/python3.10/site-packages/airflow/example_dags/example_branch_day_of_week_operator.py
[2024-07-11T08:43:13.727+0000] {processor.py:830} INFO - Processing file /home/airflow/.local/lib/python3.10/site-packages/airflow/example_dags/example_branch_day_of_week_operator.py for tasks to queue
[2024-07-11T08:43:13.728+0000] {logging_mixin.py:188} INFO - [2024-07-11T08:43:13.727+0000] {dagbag.py:540} INFO - Filling up the DagBag from /home/airflow/.local/lib/python3.10/site-packages/airflow/example_dags/example_branch_day_of_week_operator.py
[2024-07-11T08:43:13.728+0000] {logging_mixin.py:188} INFO - [2024-07-11T08:43:13.728+0000] {dagbag.py:332} DEBUG - Importing /home/airflow/.local/lib/python3.10/site-packages/airflow/example_dags/example_branch_day_of_week_operator.py
[2024-07-11T08:43:13.730+0000] {logging_mixin.py:188} INFO - [2024-07-11T08:43:13.730+0000] {GetText.py:65} DEBUG - /home/airflow/.local/lib/python3.10/site-packages/cron_descriptor/locale/en_US.mo Loaded
[2024-07-11T08:43:13.733+0000] {logging_mixin.py:188} INFO - [2024-07-11T08:43:13.733+0000] {GetText.py:65} DEBUG - /home/airflow/.local/lib/python3.10/site-packages/cron_descriptor/locale/en_US.mo Loaded
[2024-07-11T08:43:13.735+0000] {logging_mixin.py:188} INFO - [2024-07-11T08:43:13.734+0000] {dagbag.py:506} DEBUG - Loaded DAG <DAG: example_weekday_branch_operator>
[2024-07-11T08:43:13.735+0000] {processor.py:840} INFO - DAG(s) 'example_weekday_branch_operator' retrieved from /home/airflow/.local/lib/python3.10/site-packages/airflow/example_dags/example_branch_day_of_week_operator.py
[2024-07-11T08:43:13.735+0000] {logging_mixin.py:188} INFO - [2024-07-11T08:43:13.735+0000] {dagbag.py:662} DEBUG - Running dagbag.sync_to_db with retries. Try 1 of 3
[2024-07-11T08:43:13.736+0000] {logging_mixin.py:188} INFO - [2024-07-11T08:43:13.736+0000] {dagbag.py:667} DEBUG - Calling the DAG.bulk_sync_to_db method
[2024-07-11T08:43:13.743+0000] {logging_mixin.py:188} INFO - [2024-07-11T08:43:13.743+0000] {serialized_dag.py:165} DEBUG - Checking if DAG (example_weekday_branch_operator) changed
[2024-07-11T08:43:13.749+0000] {logging_mixin.py:188} INFO - [2024-07-11T08:43:13.749+0000] {serialized_dag.py:176} DEBUG - Serialized DAG (example_weekday_branch_operator) is unchanged. Skipping writing to DB
[2024-07-11T08:43:13.750+0000] {logging_mixin.py:188} INFO - [2024-07-11T08:43:13.749+0000] {dag.py:3047} INFO - Sync 1 DAGs
[2024-07-11T08:43:13.764+0000] {logging_mixin.py:188} INFO - [2024-07-11T08:43:13.764+0000] {dag.py:3834} INFO - Setting next_dagrun for example_weekday_branch_operator to 2024-07-10 00:00:00+00:00, run_after=2024-07-11 00:00:00+00:00
[2024-07-11T08:43:13.777+0000] {processor.py:183} INFO - Processing /home/airflow/.local/lib/python3.10/site-packages/airflow/example_dags/example_branch_day_of_week_operator.py took 0.053 seconds
[2024-07-11T08:43:44.023+0000] {logging_mixin.py:188} INFO - [2024-07-11T08:43:44.022+0000] {settings.py:249} DEBUG - Setting up DB connection pool (PID 325)
[2024-07-11T08:43:44.024+0000] {logging_mixin.py:188} INFO - [2024-07-11T08:43:44.024+0000] {settings.py:350} DEBUG - settings.prepare_engine_args(): Using pool settings. pool_size=5, max_overflow=10, pool_recycle=1800, pid=325
[2024-07-11T08:43:44.026+0000] {processor.py:161} INFO - Started process (PID=325) to work on /home/airflow/.local/lib/python3.10/site-packages/airflow/example_dags/example_branch_day_of_week_operator.py
[2024-07-11T08:43:44.027+0000] {processor.py:830} INFO - Processing file /home/airflow/.local/lib/python3.10/site-packages/airflow/example_dags/example_branch_day_of_week_operator.py for tasks to queue
[2024-07-11T08:43:44.027+0000] {logging_mixin.py:188} INFO - [2024-07-11T08:43:44.027+0000] {dagbag.py:540} INFO - Filling up the DagBag from /home/airflow/.local/lib/python3.10/site-packages/airflow/example_dags/example_branch_day_of_week_operator.py
[2024-07-11T08:43:44.028+0000] {logging_mixin.py:188} INFO - [2024-07-11T08:43:44.028+0000] {dagbag.py:332} DEBUG - Importing /home/airflow/.local/lib/python3.10/site-packages/airflow/example_dags/example_branch_day_of_week_operator.py
[2024-07-11T08:43:44.030+0000] {logging_mixin.py:188} INFO - [2024-07-11T08:43:44.029+0000] {GetText.py:65} DEBUG - /home/airflow/.local/lib/python3.10/site-packages/cron_descriptor/locale/en_US.mo Loaded
[2024-07-11T08:43:44.033+0000] {logging_mixin.py:188} INFO - [2024-07-11T08:43:44.033+0000] {GetText.py:65} DEBUG - /home/airflow/.local/lib/python3.10/site-packages/cron_descriptor/locale/en_US.mo Loaded
[2024-07-11T08:43:44.034+0000] {logging_mixin.py:188} INFO - [2024-07-11T08:43:44.033+0000] {dagbag.py:506} DEBUG - Loaded DAG <DAG: example_weekday_branch_operator>
[2024-07-11T08:43:44.034+0000] {processor.py:840} INFO - DAG(s) 'example_weekday_branch_operator' retrieved from /home/airflow/.local/lib/python3.10/site-packages/airflow/example_dags/example_branch_day_of_week_operator.py
[2024-07-11T08:43:44.035+0000] {logging_mixin.py:188} INFO - [2024-07-11T08:43:44.035+0000] {dagbag.py:662} DEBUG - Running dagbag.sync_to_db with retries. Try 1 of 3
[2024-07-11T08:43:44.035+0000] {logging_mixin.py:188} INFO - [2024-07-11T08:43:44.035+0000] {dagbag.py:667} DEBUG - Calling the DAG.bulk_sync_to_db method
[2024-07-11T08:43:44.044+0000] {logging_mixin.py:188} INFO - [2024-07-11T08:43:44.043+0000] {serialized_dag.py:165} DEBUG - Checking if DAG (example_weekday_branch_operator) changed
[2024-07-11T08:43:44.050+0000] {logging_mixin.py:188} INFO - [2024-07-11T08:43:44.050+0000] {serialized_dag.py:176} DEBUG - Serialized DAG (example_weekday_branch_operator) is unchanged. Skipping writing to DB
[2024-07-11T08:43:44.050+0000] {logging_mixin.py:188} INFO - [2024-07-11T08:43:44.050+0000] {dag.py:3047} INFO - Sync 1 DAGs
[2024-07-11T08:43:44.067+0000] {logging_mixin.py:188} INFO - [2024-07-11T08:43:44.066+0000] {dag.py:3834} INFO - Setting next_dagrun for example_weekday_branch_operator to 2024-07-10 00:00:00+00:00, run_after=2024-07-11 00:00:00+00:00
[2024-07-11T08:43:44.080+0000] {processor.py:183} INFO - Processing /home/airflow/.local/lib/python3.10/site-packages/airflow/example_dags/example_branch_day_of_week_operator.py took 0.058 seconds
[2024-07-11T08:44:14.383+0000] {logging_mixin.py:188} INFO - [2024-07-11T08:44:14.383+0000] {settings.py:249} DEBUG - Setting up DB connection pool (PID 381)
[2024-07-11T08:44:14.384+0000] {logging_mixin.py:188} INFO - [2024-07-11T08:44:14.384+0000] {settings.py:350} DEBUG - settings.prepare_engine_args(): Using pool settings. pool_size=5, max_overflow=10, pool_recycle=1800, pid=381
[2024-07-11T08:44:14.386+0000] {processor.py:161} INFO - Started process (PID=381) to work on /home/airflow/.local/lib/python3.10/site-packages/airflow/example_dags/example_branch_day_of_week_operator.py
[2024-07-11T08:44:14.386+0000] {processor.py:830} INFO - Processing file /home/airflow/.local/lib/python3.10/site-packages/airflow/example_dags/example_branch_day_of_week_operator.py for tasks to queue
[2024-07-11T08:44:14.386+0000] {logging_mixin.py:188} INFO - [2024-07-11T08:44:14.386+0000] {dagbag.py:540} INFO - Filling up the DagBag from /home/airflow/.local/lib/python3.10/site-packages/airflow/example_dags/example_branch_day_of_week_operator.py
[2024-07-11T08:44:14.387+0000] {logging_mixin.py:188} INFO - [2024-07-11T08:44:14.387+0000] {dagbag.py:332} DEBUG - Importing /home/airflow/.local/lib/python3.10/site-packages/airflow/example_dags/example_branch_day_of_week_operator.py
[2024-07-11T08:44:14.390+0000] {logging_mixin.py:188} INFO - [2024-07-11T08:44:14.390+0000] {GetText.py:65} DEBUG - /home/airflow/.local/lib/python3.10/site-packages/cron_descriptor/locale/en_US.mo Loaded
[2024-07-11T08:44:14.393+0000] {logging_mixin.py:188} INFO - [2024-07-11T08:44:14.393+0000] {GetText.py:65} DEBUG - /home/airflow/.local/lib/python3.10/site-packages/cron_descriptor/locale/en_US.mo Loaded
[2024-07-11T08:44:14.395+0000] {logging_mixin.py:188} INFO - [2024-07-11T08:44:14.394+0000] {dagbag.py:506} DEBUG - Loaded DAG <DAG: example_weekday_branch_operator>
[2024-07-11T08:44:14.395+0000] {processor.py:840} INFO - DAG(s) 'example_weekday_branch_operator' retrieved from /home/airflow/.local/lib/python3.10/site-packages/airflow/example_dags/example_branch_day_of_week_operator.py
[2024-07-11T08:44:14.396+0000] {logging_mixin.py:188} INFO - [2024-07-11T08:44:14.396+0000] {dagbag.py:662} DEBUG - Running dagbag.sync_to_db with retries. Try 1 of 3
[2024-07-11T08:44:14.396+0000] {logging_mixin.py:188} INFO - [2024-07-11T08:44:14.396+0000] {dagbag.py:667} DEBUG - Calling the DAG.bulk_sync_to_db method
[2024-07-11T08:44:14.404+0000] {logging_mixin.py:188} INFO - [2024-07-11T08:44:14.404+0000] {serialized_dag.py:165} DEBUG - Checking if DAG (example_weekday_branch_operator) changed
[2024-07-11T08:44:14.412+0000] {logging_mixin.py:188} INFO - [2024-07-11T08:44:14.412+0000] {serialized_dag.py:176} DEBUG - Serialized DAG (example_weekday_branch_operator) is unchanged. Skipping writing to DB
[2024-07-11T08:44:14.412+0000] {logging_mixin.py:188} INFO - [2024-07-11T08:44:14.412+0000] {dag.py:3047} INFO - Sync 1 DAGs
[2024-07-11T08:44:14.431+0000] {logging_mixin.py:188} INFO - [2024-07-11T08:44:14.431+0000] {dag.py:3834} INFO - Setting next_dagrun for example_weekday_branch_operator to 2024-07-10 00:00:00+00:00, run_after=2024-07-11 00:00:00+00:00
[2024-07-11T08:44:14.444+0000] {processor.py:183} INFO - Processing /home/airflow/.local/lib/python3.10/site-packages/airflow/example_dags/example_branch_day_of_week_operator.py took 0.062 seconds
[2024-07-11T08:44:44.718+0000] {logging_mixin.py:188} INFO - [2024-07-11T08:44:44.717+0000] {settings.py:249} DEBUG - Setting up DB connection pool (PID 437)
[2024-07-11T08:44:44.718+0000] {logging_mixin.py:188} INFO - [2024-07-11T08:44:44.718+0000] {settings.py:350} DEBUG - settings.prepare_engine_args(): Using pool settings. pool_size=5, max_overflow=10, pool_recycle=1800, pid=437
[2024-07-11T08:44:44.720+0000] {processor.py:161} INFO - Started process (PID=437) to work on /home/airflow/.local/lib/python3.10/site-packages/airflow/example_dags/example_branch_day_of_week_operator.py
[2024-07-11T08:44:44.720+0000] {processor.py:830} INFO - Processing file /home/airflow/.local/lib/python3.10/site-packages/airflow/example_dags/example_branch_day_of_week_operator.py for tasks to queue
[2024-07-11T08:44:44.720+0000] {logging_mixin.py:188} INFO - [2024-07-11T08:44:44.720+0000] {dagbag.py:540} INFO - Filling up the DagBag from /home/airflow/.local/lib/python3.10/site-packages/airflow/example_dags/example_branch_day_of_week_operator.py
[2024-07-11T08:44:44.721+0000] {logging_mixin.py:188} INFO - [2024-07-11T08:44:44.721+0000] {dagbag.py:332} DEBUG - Importing /home/airflow/.local/lib/python3.10/site-packages/airflow/example_dags/example_branch_day_of_week_operator.py
[2024-07-11T08:44:44.723+0000] {logging_mixin.py:188} INFO - [2024-07-11T08:44:44.723+0000] {GetText.py:65} DEBUG - /home/airflow/.local/lib/python3.10/site-packages/cron_descriptor/locale/en_US.mo Loaded
[2024-07-11T08:44:44.726+0000] {logging_mixin.py:188} INFO - [2024-07-11T08:44:44.726+0000] {GetText.py:65} DEBUG - /home/airflow/.local/lib/python3.10/site-packages/cron_descriptor/locale/en_US.mo Loaded
[2024-07-11T08:44:44.728+0000] {logging_mixin.py:188} INFO - [2024-07-11T08:44:44.727+0000] {dagbag.py:506} DEBUG - Loaded DAG <DAG: example_weekday_branch_operator>
[2024-07-11T08:44:44.728+0000] {processor.py:840} INFO - DAG(s) 'example_weekday_branch_operator' retrieved from /home/airflow/.local/lib/python3.10/site-packages/airflow/example_dags/example_branch_day_of_week_operator.py
[2024-07-11T08:44:44.729+0000] {logging_mixin.py:188} INFO - [2024-07-11T08:44:44.729+0000] {dagbag.py:662} DEBUG - Running dagbag.sync_to_db with retries. Try 1 of 3
[2024-07-11T08:44:44.729+0000] {logging_mixin.py:188} INFO - [2024-07-11T08:44:44.729+0000] {dagbag.py:667} DEBUG - Calling the DAG.bulk_sync_to_db method
[2024-07-11T08:44:44.738+0000] {logging_mixin.py:188} INFO - [2024-07-11T08:44:44.737+0000] {serialized_dag.py:165} DEBUG - Checking if DAG (example_weekday_branch_operator) changed
[2024-07-11T08:44:44.744+0000] {logging_mixin.py:188} INFO - [2024-07-11T08:44:44.744+0000] {serialized_dag.py:176} DEBUG - Serialized DAG (example_weekday_branch_operator) is unchanged. Skipping writing to DB
[2024-07-11T08:44:44.744+0000] {logging_mixin.py:188} INFO - [2024-07-11T08:44:44.744+0000] {dag.py:3047} INFO - Sync 1 DAGs
[2024-07-11T08:44:44.762+0000] {logging_mixin.py:188} INFO - [2024-07-11T08:44:44.762+0000] {dag.py:3834} INFO - Setting next_dagrun for example_weekday_branch_operator to 2024-07-10 00:00:00+00:00, run_after=2024-07-11 00:00:00+00:00
[2024-07-11T08:44:44.775+0000] {processor.py:183} INFO - Processing /home/airflow/.local/lib/python3.10/site-packages/airflow/example_dags/example_branch_day_of_week_operator.py took 0.058 seconds
