[2024-07-11T08:36:59.532+0000] {logging_mixin.py:188} INFO - [2024-07-11T08:36:59.531+0000] {settings.py:249} DEBUG - Setting up DB connection pool (PID 68)
[2024-07-11T08:36:59.532+0000] {logging_mixin.py:188} INFO - [2024-07-11T08:36:59.532+0000] {settings.py:350} DEBUG - settings.prepare_engine_args(): Using pool settings. pool_size=5, max_overflow=10, pool_recycle=1800, pid=68
[2024-07-11T08:36:59.535+0000] {processor.py:161} INFO - Started process (PID=68) to work on /home/airflow/.local/lib/python3.10/site-packages/airflow/example_dags/example_task_group.py
[2024-07-11T08:36:59.535+0000] {processor.py:830} INFO - Processing file /home/airflow/.local/lib/python3.10/site-packages/airflow/example_dags/example_task_group.py for tasks to queue
[2024-07-11T08:36:59.535+0000] {logging_mixin.py:188} INFO - [2024-07-11T08:36:59.535+0000] {dagbag.py:540} INFO - Filling up the DagBag from /home/airflow/.local/lib/python3.10/site-packages/airflow/example_dags/example_task_group.py
[2024-07-11T08:36:59.536+0000] {logging_mixin.py:188} INFO - [2024-07-11T08:36:59.536+0000] {dagbag.py:332} DEBUG - Importing /home/airflow/.local/lib/python3.10/site-packages/airflow/example_dags/example_task_group.py
[2024-07-11T08:36:59.543+0000] {logging_mixin.py:188} INFO - [2024-07-11T08:36:59.542+0000] {dagbag.py:506} DEBUG - Loaded DAG <DAG: example_task_group>
[2024-07-11T08:36:59.543+0000] {processor.py:840} INFO - DAG(s) 'example_task_group' retrieved from /home/airflow/.local/lib/python3.10/site-packages/airflow/example_dags/example_task_group.py
[2024-07-11T08:36:59.544+0000] {logging_mixin.py:188} INFO - [2024-07-11T08:36:59.544+0000] {dagbag.py:662} DEBUG - Running dagbag.sync_to_db with retries. Try 1 of 3
[2024-07-11T08:36:59.544+0000] {logging_mixin.py:188} INFO - [2024-07-11T08:36:59.544+0000] {dagbag.py:667} DEBUG - Calling the DAG.bulk_sync_to_db method
[2024-07-11T08:36:59.553+0000] {logging_mixin.py:188} INFO - [2024-07-11T08:36:59.553+0000] {dag.py:3047} INFO - Sync 1 DAGs
[2024-07-11T08:36:59.571+0000] {logging_mixin.py:188} INFO - [2024-07-11T08:36:59.571+0000] {dag.py:3834} INFO - Setting next_dagrun for example_task_group to 2024-07-10 00:00:00+00:00, run_after=2024-07-11 00:00:00+00:00
[2024-07-11T08:36:59.589+0000] {processor.py:183} INFO - Processing /home/airflow/.local/lib/python3.10/site-packages/airflow/example_dags/example_task_group.py took 0.057 seconds
[2024-07-11T08:37:30.383+0000] {logging_mixin.py:188} INFO - [2024-07-11T08:37:30.383+0000] {settings.py:249} DEBUG - Setting up DB connection pool (PID 124)
[2024-07-11T08:37:30.384+0000] {logging_mixin.py:188} INFO - [2024-07-11T08:37:30.383+0000] {settings.py:350} DEBUG - settings.prepare_engine_args(): Using pool settings. pool_size=5, max_overflow=10, pool_recycle=1800, pid=124
[2024-07-11T08:37:30.385+0000] {processor.py:161} INFO - Started process (PID=124) to work on /home/airflow/.local/lib/python3.10/site-packages/airflow/example_dags/example_task_group.py
[2024-07-11T08:37:30.386+0000] {processor.py:830} INFO - Processing file /home/airflow/.local/lib/python3.10/site-packages/airflow/example_dags/example_task_group.py for tasks to queue
[2024-07-11T08:37:30.386+0000] {logging_mixin.py:188} INFO - [2024-07-11T08:37:30.386+0000] {dagbag.py:540} INFO - Filling up the DagBag from /home/airflow/.local/lib/python3.10/site-packages/airflow/example_dags/example_task_group.py
[2024-07-11T08:37:30.387+0000] {logging_mixin.py:188} INFO - [2024-07-11T08:37:30.387+0000] {dagbag.py:332} DEBUG - Importing /home/airflow/.local/lib/python3.10/site-packages/airflow/example_dags/example_task_group.py
[2024-07-11T08:37:30.391+0000] {logging_mixin.py:188} INFO - [2024-07-11T08:37:30.391+0000] {dagbag.py:506} DEBUG - Loaded DAG <DAG: example_task_group>
[2024-07-11T08:37:30.392+0000] {processor.py:840} INFO - DAG(s) 'example_task_group' retrieved from /home/airflow/.local/lib/python3.10/site-packages/airflow/example_dags/example_task_group.py
[2024-07-11T08:37:30.392+0000] {logging_mixin.py:188} INFO - [2024-07-11T08:37:30.392+0000] {dagbag.py:662} DEBUG - Running dagbag.sync_to_db with retries. Try 1 of 3
[2024-07-11T08:37:30.393+0000] {logging_mixin.py:188} INFO - [2024-07-11T08:37:30.392+0000] {dagbag.py:667} DEBUG - Calling the DAG.bulk_sync_to_db method
[2024-07-11T08:37:30.400+0000] {logging_mixin.py:188} INFO - [2024-07-11T08:37:30.400+0000] {serialized_dag.py:165} DEBUG - Checking if DAG (example_task_group) changed
[2024-07-11T08:37:30.407+0000] {logging_mixin.py:188} INFO - [2024-07-11T08:37:30.407+0000] {serialized_dag.py:179} DEBUG - Writing Serialized DAG: example_task_group to the DB
[2024-07-11T08:37:30.410+0000] {logging_mixin.py:188} INFO - [2024-07-11T08:37:30.409+0000] {serialized_dag.py:181} DEBUG - DAG: example_task_group written to the DB
[2024-07-11T08:37:30.410+0000] {logging_mixin.py:188} INFO - [2024-07-11T08:37:30.410+0000] {dagbag.py:696} DEBUG - Syncing DAG permissions: example_task_group to the DB
[2024-07-11T08:37:30.467+0000] {logging_mixin.py:188} INFO - [2024-07-11T08:37:30.467+0000] {override.py:1034} DEBUG - Not syncing DAG-level permissions for DAG 'DAG:example_task_group' as access control is unset.
[2024-07-11T08:37:30.467+0000] {logging_mixin.py:188} INFO - [2024-07-11T08:37:30.467+0000] {dag.py:3047} INFO - Sync 1 DAGs
[2024-07-11T08:37:30.481+0000] {logging_mixin.py:188} INFO - [2024-07-11T08:37:30.481+0000] {dag.py:3834} INFO - Setting next_dagrun for example_task_group to 2024-07-10 00:00:00+00:00, run_after=2024-07-11 00:00:00+00:00
[2024-07-11T08:37:30.493+0000] {processor.py:183} INFO - Processing /home/airflow/.local/lib/python3.10/site-packages/airflow/example_dags/example_task_group.py took 0.110 seconds
[2024-07-11T08:38:00.515+0000] {logging_mixin.py:188} INFO - [2024-07-11T08:38:00.515+0000] {settings.py:249} DEBUG - Setting up DB connection pool (PID 180)
[2024-07-11T08:38:00.517+0000] {logging_mixin.py:188} INFO - [2024-07-11T08:38:00.517+0000] {settings.py:350} DEBUG - settings.prepare_engine_args(): Using pool settings. pool_size=5, max_overflow=10, pool_recycle=1800, pid=180
[2024-07-11T08:38:00.519+0000] {processor.py:161} INFO - Started process (PID=180) to work on /home/airflow/.local/lib/python3.10/site-packages/airflow/example_dags/example_task_group.py
[2024-07-11T08:38:00.519+0000] {processor.py:830} INFO - Processing file /home/airflow/.local/lib/python3.10/site-packages/airflow/example_dags/example_task_group.py for tasks to queue
[2024-07-11T08:38:00.520+0000] {logging_mixin.py:188} INFO - [2024-07-11T08:38:00.520+0000] {dagbag.py:540} INFO - Filling up the DagBag from /home/airflow/.local/lib/python3.10/site-packages/airflow/example_dags/example_task_group.py
[2024-07-11T08:38:00.521+0000] {logging_mixin.py:188} INFO - [2024-07-11T08:38:00.521+0000] {dagbag.py:332} DEBUG - Importing /home/airflow/.local/lib/python3.10/site-packages/airflow/example_dags/example_task_group.py
[2024-07-11T08:38:00.528+0000] {logging_mixin.py:188} INFO - [2024-07-11T08:38:00.528+0000] {dagbag.py:506} DEBUG - Loaded DAG <DAG: example_task_group>
[2024-07-11T08:38:00.529+0000] {processor.py:840} INFO - DAG(s) 'example_task_group' retrieved from /home/airflow/.local/lib/python3.10/site-packages/airflow/example_dags/example_task_group.py
[2024-07-11T08:38:00.530+0000] {logging_mixin.py:188} INFO - [2024-07-11T08:38:00.530+0000] {dagbag.py:662} DEBUG - Running dagbag.sync_to_db with retries. Try 1 of 3
[2024-07-11T08:38:00.530+0000] {logging_mixin.py:188} INFO - [2024-07-11T08:38:00.530+0000] {dagbag.py:667} DEBUG - Calling the DAG.bulk_sync_to_db method
[2024-07-11T08:38:00.540+0000] {logging_mixin.py:188} INFO - [2024-07-11T08:38:00.539+0000] {serialized_dag.py:165} DEBUG - Checking if DAG (example_task_group) changed
[2024-07-11T08:38:00.549+0000] {logging_mixin.py:188} INFO - [2024-07-11T08:38:00.549+0000] {serialized_dag.py:176} DEBUG - Serialized DAG (example_task_group) is unchanged. Skipping writing to DB
[2024-07-11T08:38:00.549+0000] {logging_mixin.py:188} INFO - [2024-07-11T08:38:00.549+0000] {dag.py:3047} INFO - Sync 1 DAGs
[2024-07-11T08:38:00.568+0000] {logging_mixin.py:188} INFO - [2024-07-11T08:38:00.567+0000] {dag.py:3834} INFO - Setting next_dagrun for example_task_group to 2024-07-10 00:00:00+00:00, run_after=2024-07-11 00:00:00+00:00
[2024-07-11T08:38:00.583+0000] {processor.py:183} INFO - Processing /home/airflow/.local/lib/python3.10/site-packages/airflow/example_dags/example_task_group.py took 0.069 seconds
[2024-07-11T08:38:30.706+0000] {logging_mixin.py:188} INFO - [2024-07-11T08:38:30.706+0000] {settings.py:249} DEBUG - Setting up DB connection pool (PID 236)
[2024-07-11T08:38:30.707+0000] {logging_mixin.py:188} INFO - [2024-07-11T08:38:30.707+0000] {settings.py:350} DEBUG - settings.prepare_engine_args(): Using pool settings. pool_size=5, max_overflow=10, pool_recycle=1800, pid=236
[2024-07-11T08:38:30.708+0000] {processor.py:161} INFO - Started process (PID=236) to work on /home/airflow/.local/lib/python3.10/site-packages/airflow/example_dags/example_task_group.py
[2024-07-11T08:38:30.709+0000] {processor.py:830} INFO - Processing file /home/airflow/.local/lib/python3.10/site-packages/airflow/example_dags/example_task_group.py for tasks to queue
[2024-07-11T08:38:30.709+0000] {logging_mixin.py:188} INFO - [2024-07-11T08:38:30.709+0000] {dagbag.py:540} INFO - Filling up the DagBag from /home/airflow/.local/lib/python3.10/site-packages/airflow/example_dags/example_task_group.py
[2024-07-11T08:38:30.710+0000] {logging_mixin.py:188} INFO - [2024-07-11T08:38:30.710+0000] {dagbag.py:332} DEBUG - Importing /home/airflow/.local/lib/python3.10/site-packages/airflow/example_dags/example_task_group.py
[2024-07-11T08:38:30.715+0000] {logging_mixin.py:188} INFO - [2024-07-11T08:38:30.715+0000] {dagbag.py:506} DEBUG - Loaded DAG <DAG: example_task_group>
[2024-07-11T08:38:30.716+0000] {processor.py:840} INFO - DAG(s) 'example_task_group' retrieved from /home/airflow/.local/lib/python3.10/site-packages/airflow/example_dags/example_task_group.py
[2024-07-11T08:38:30.716+0000] {logging_mixin.py:188} INFO - [2024-07-11T08:38:30.716+0000] {dagbag.py:662} DEBUG - Running dagbag.sync_to_db with retries. Try 1 of 3
[2024-07-11T08:38:30.717+0000] {logging_mixin.py:188} INFO - [2024-07-11T08:38:30.716+0000] {dagbag.py:667} DEBUG - Calling the DAG.bulk_sync_to_db method
[2024-07-11T08:38:30.723+0000] {logging_mixin.py:188} INFO - [2024-07-11T08:38:30.723+0000] {serialized_dag.py:165} DEBUG - Checking if DAG (example_task_group) changed
[2024-07-11T08:38:30.730+0000] {logging_mixin.py:188} INFO - [2024-07-11T08:38:30.730+0000] {serialized_dag.py:176} DEBUG - Serialized DAG (example_task_group) is unchanged. Skipping writing to DB
[2024-07-11T08:38:30.730+0000] {logging_mixin.py:188} INFO - [2024-07-11T08:38:30.730+0000] {dag.py:3047} INFO - Sync 1 DAGs
[2024-07-11T08:38:30.746+0000] {logging_mixin.py:188} INFO - [2024-07-11T08:38:30.746+0000] {dag.py:3834} INFO - Setting next_dagrun for example_task_group to 2024-07-10 00:00:00+00:00, run_after=2024-07-11 00:00:00+00:00
[2024-07-11T08:38:30.765+0000] {processor.py:183} INFO - Processing /home/airflow/.local/lib/python3.10/site-packages/airflow/example_dags/example_task_group.py took 0.060 seconds
[2024-07-11T08:39:01.084+0000] {logging_mixin.py:188} INFO - [2024-07-11T08:39:01.084+0000] {settings.py:249} DEBUG - Setting up DB connection pool (PID 292)
[2024-07-11T08:39:01.085+0000] {logging_mixin.py:188} INFO - [2024-07-11T08:39:01.085+0000] {settings.py:350} DEBUG - settings.prepare_engine_args(): Using pool settings. pool_size=5, max_overflow=10, pool_recycle=1800, pid=292
[2024-07-11T08:39:01.087+0000] {processor.py:161} INFO - Started process (PID=292) to work on /home/airflow/.local/lib/python3.10/site-packages/airflow/example_dags/example_task_group.py
[2024-07-11T08:39:01.087+0000] {processor.py:830} INFO - Processing file /home/airflow/.local/lib/python3.10/site-packages/airflow/example_dags/example_task_group.py for tasks to queue
[2024-07-11T08:39:01.087+0000] {logging_mixin.py:188} INFO - [2024-07-11T08:39:01.087+0000] {dagbag.py:540} INFO - Filling up the DagBag from /home/airflow/.local/lib/python3.10/site-packages/airflow/example_dags/example_task_group.py
[2024-07-11T08:39:01.088+0000] {logging_mixin.py:188} INFO - [2024-07-11T08:39:01.088+0000] {dagbag.py:332} DEBUG - Importing /home/airflow/.local/lib/python3.10/site-packages/airflow/example_dags/example_task_group.py
[2024-07-11T08:39:01.093+0000] {logging_mixin.py:188} INFO - [2024-07-11T08:39:01.093+0000] {dagbag.py:506} DEBUG - Loaded DAG <DAG: example_task_group>
[2024-07-11T08:39:01.093+0000] {processor.py:840} INFO - DAG(s) 'example_task_group' retrieved from /home/airflow/.local/lib/python3.10/site-packages/airflow/example_dags/example_task_group.py
[2024-07-11T08:39:01.094+0000] {logging_mixin.py:188} INFO - [2024-07-11T08:39:01.094+0000] {dagbag.py:662} DEBUG - Running dagbag.sync_to_db with retries. Try 1 of 3
[2024-07-11T08:39:01.094+0000] {logging_mixin.py:188} INFO - [2024-07-11T08:39:01.094+0000] {dagbag.py:667} DEBUG - Calling the DAG.bulk_sync_to_db method
[2024-07-11T08:39:01.103+0000] {logging_mixin.py:188} INFO - [2024-07-11T08:39:01.102+0000] {serialized_dag.py:165} DEBUG - Checking if DAG (example_task_group) changed
[2024-07-11T08:39:01.110+0000] {logging_mixin.py:188} INFO - [2024-07-11T08:39:01.110+0000] {serialized_dag.py:176} DEBUG - Serialized DAG (example_task_group) is unchanged. Skipping writing to DB
[2024-07-11T08:39:01.110+0000] {logging_mixin.py:188} INFO - [2024-07-11T08:39:01.110+0000] {dag.py:3047} INFO - Sync 1 DAGs
[2024-07-11T08:39:01.127+0000] {logging_mixin.py:188} INFO - [2024-07-11T08:39:01.127+0000] {dag.py:3834} INFO - Setting next_dagrun for example_task_group to 2024-07-10 00:00:00+00:00, run_after=2024-07-11 00:00:00+00:00
[2024-07-11T08:39:01.141+0000] {processor.py:183} INFO - Processing /home/airflow/.local/lib/python3.10/site-packages/airflow/example_dags/example_task_group.py took 0.057 seconds
[2024-07-11T08:39:31.360+0000] {logging_mixin.py:188} INFO - [2024-07-11T08:39:31.359+0000] {settings.py:249} DEBUG - Setting up DB connection pool (PID 348)
[2024-07-11T08:39:31.360+0000] {logging_mixin.py:188} INFO - [2024-07-11T08:39:31.360+0000] {settings.py:350} DEBUG - settings.prepare_engine_args(): Using pool settings. pool_size=5, max_overflow=10, pool_recycle=1800, pid=348
[2024-07-11T08:39:31.362+0000] {processor.py:161} INFO - Started process (PID=348) to work on /home/airflow/.local/lib/python3.10/site-packages/airflow/example_dags/example_task_group.py
[2024-07-11T08:39:31.362+0000] {processor.py:830} INFO - Processing file /home/airflow/.local/lib/python3.10/site-packages/airflow/example_dags/example_task_group.py for tasks to queue
[2024-07-11T08:39:31.363+0000] {logging_mixin.py:188} INFO - [2024-07-11T08:39:31.362+0000] {dagbag.py:540} INFO - Filling up the DagBag from /home/airflow/.local/lib/python3.10/site-packages/airflow/example_dags/example_task_group.py
[2024-07-11T08:39:31.363+0000] {logging_mixin.py:188} INFO - [2024-07-11T08:39:31.363+0000] {dagbag.py:332} DEBUG - Importing /home/airflow/.local/lib/python3.10/site-packages/airflow/example_dags/example_task_group.py
[2024-07-11T08:39:31.368+0000] {logging_mixin.py:188} INFO - [2024-07-11T08:39:31.367+0000] {dagbag.py:506} DEBUG - Loaded DAG <DAG: example_task_group>
[2024-07-11T08:39:31.368+0000] {processor.py:840} INFO - DAG(s) 'example_task_group' retrieved from /home/airflow/.local/lib/python3.10/site-packages/airflow/example_dags/example_task_group.py
[2024-07-11T08:39:31.368+0000] {logging_mixin.py:188} INFO - [2024-07-11T08:39:31.368+0000] {dagbag.py:662} DEBUG - Running dagbag.sync_to_db with retries. Try 1 of 3
[2024-07-11T08:39:31.368+0000] {logging_mixin.py:188} INFO - [2024-07-11T08:39:31.368+0000] {dagbag.py:667} DEBUG - Calling the DAG.bulk_sync_to_db method
[2024-07-11T08:39:31.376+0000] {logging_mixin.py:188} INFO - [2024-07-11T08:39:31.376+0000] {serialized_dag.py:165} DEBUG - Checking if DAG (example_task_group) changed
[2024-07-11T08:39:31.382+0000] {logging_mixin.py:188} INFO - [2024-07-11T08:39:31.382+0000] {serialized_dag.py:176} DEBUG - Serialized DAG (example_task_group) is unchanged. Skipping writing to DB
[2024-07-11T08:39:31.383+0000] {logging_mixin.py:188} INFO - [2024-07-11T08:39:31.382+0000] {dag.py:3047} INFO - Sync 1 DAGs
[2024-07-11T08:39:31.397+0000] {logging_mixin.py:188} INFO - [2024-07-11T08:39:31.397+0000] {dag.py:3834} INFO - Setting next_dagrun for example_task_group to 2024-07-10 00:00:00+00:00, run_after=2024-07-11 00:00:00+00:00
[2024-07-11T08:39:31.409+0000] {processor.py:183} INFO - Processing /home/airflow/.local/lib/python3.10/site-packages/airflow/example_dags/example_task_group.py took 0.050 seconds
[2024-07-11T08:40:01.516+0000] {logging_mixin.py:188} INFO - [2024-07-11T08:40:01.515+0000] {settings.py:249} DEBUG - Setting up DB connection pool (PID 404)
[2024-07-11T08:40:01.517+0000] {logging_mixin.py:188} INFO - [2024-07-11T08:40:01.517+0000] {settings.py:350} DEBUG - settings.prepare_engine_args(): Using pool settings. pool_size=5, max_overflow=10, pool_recycle=1800, pid=404
[2024-07-11T08:40:01.519+0000] {processor.py:161} INFO - Started process (PID=404) to work on /home/airflow/.local/lib/python3.10/site-packages/airflow/example_dags/example_task_group.py
[2024-07-11T08:40:01.519+0000] {processor.py:830} INFO - Processing file /home/airflow/.local/lib/python3.10/site-packages/airflow/example_dags/example_task_group.py for tasks to queue
[2024-07-11T08:40:01.519+0000] {logging_mixin.py:188} INFO - [2024-07-11T08:40:01.519+0000] {dagbag.py:540} INFO - Filling up the DagBag from /home/airflow/.local/lib/python3.10/site-packages/airflow/example_dags/example_task_group.py
[2024-07-11T08:40:01.520+0000] {logging_mixin.py:188} INFO - [2024-07-11T08:40:01.520+0000] {dagbag.py:332} DEBUG - Importing /home/airflow/.local/lib/python3.10/site-packages/airflow/example_dags/example_task_group.py
[2024-07-11T08:40:01.526+0000] {logging_mixin.py:188} INFO - [2024-07-11T08:40:01.526+0000] {dagbag.py:506} DEBUG - Loaded DAG <DAG: example_task_group>
[2024-07-11T08:40:01.526+0000] {processor.py:840} INFO - DAG(s) 'example_task_group' retrieved from /home/airflow/.local/lib/python3.10/site-packages/airflow/example_dags/example_task_group.py
[2024-07-11T08:40:01.527+0000] {logging_mixin.py:188} INFO - [2024-07-11T08:40:01.527+0000] {dagbag.py:662} DEBUG - Running dagbag.sync_to_db with retries. Try 1 of 3
[2024-07-11T08:40:01.527+0000] {logging_mixin.py:188} INFO - [2024-07-11T08:40:01.527+0000] {dagbag.py:667} DEBUG - Calling the DAG.bulk_sync_to_db method
[2024-07-11T08:40:01.536+0000] {logging_mixin.py:188} INFO - [2024-07-11T08:40:01.536+0000] {serialized_dag.py:165} DEBUG - Checking if DAG (example_task_group) changed
[2024-07-11T08:40:01.544+0000] {logging_mixin.py:188} INFO - [2024-07-11T08:40:01.543+0000] {serialized_dag.py:176} DEBUG - Serialized DAG (example_task_group) is unchanged. Skipping writing to DB
[2024-07-11T08:40:01.544+0000] {logging_mixin.py:188} INFO - [2024-07-11T08:40:01.544+0000] {dag.py:3047} INFO - Sync 1 DAGs
[2024-07-11T08:40:01.563+0000] {logging_mixin.py:188} INFO - [2024-07-11T08:40:01.562+0000] {dag.py:3834} INFO - Setting next_dagrun for example_task_group to 2024-07-10 00:00:00+00:00, run_after=2024-07-11 00:00:00+00:00
[2024-07-11T08:40:01.580+0000] {processor.py:183} INFO - Processing /home/airflow/.local/lib/python3.10/site-packages/airflow/example_dags/example_task_group.py took 0.065 seconds
[2024-07-11T08:41:13.415+0000] {logging_mixin.py:188} INFO - [2024-07-11T08:41:13.414+0000] {settings.py:249} DEBUG - Setting up DB connection pool (PID 68)
[2024-07-11T08:41:13.416+0000] {logging_mixin.py:188} INFO - [2024-07-11T08:41:13.415+0000] {settings.py:350} DEBUG - settings.prepare_engine_args(): Using pool settings. pool_size=5, max_overflow=10, pool_recycle=1800, pid=68
[2024-07-11T08:41:13.418+0000] {processor.py:161} INFO - Started process (PID=68) to work on /home/airflow/.local/lib/python3.10/site-packages/airflow/example_dags/example_task_group.py
[2024-07-11T08:41:13.418+0000] {processor.py:830} INFO - Processing file /home/airflow/.local/lib/python3.10/site-packages/airflow/example_dags/example_task_group.py for tasks to queue
[2024-07-11T08:41:13.419+0000] {logging_mixin.py:188} INFO - [2024-07-11T08:41:13.419+0000] {dagbag.py:540} INFO - Filling up the DagBag from /home/airflow/.local/lib/python3.10/site-packages/airflow/example_dags/example_task_group.py
[2024-07-11T08:41:13.420+0000] {logging_mixin.py:188} INFO - [2024-07-11T08:41:13.420+0000] {dagbag.py:332} DEBUG - Importing /home/airflow/.local/lib/python3.10/site-packages/airflow/example_dags/example_task_group.py
[2024-07-11T08:41:13.426+0000] {logging_mixin.py:188} INFO - [2024-07-11T08:41:13.425+0000] {dagbag.py:506} DEBUG - Loaded DAG <DAG: example_task_group>
[2024-07-11T08:41:13.426+0000] {processor.py:840} INFO - DAG(s) 'example_task_group' retrieved from /home/airflow/.local/lib/python3.10/site-packages/airflow/example_dags/example_task_group.py
[2024-07-11T08:41:13.427+0000] {logging_mixin.py:188} INFO - [2024-07-11T08:41:13.427+0000] {dagbag.py:662} DEBUG - Running dagbag.sync_to_db with retries. Try 1 of 3
[2024-07-11T08:41:13.427+0000] {logging_mixin.py:188} INFO - [2024-07-11T08:41:13.427+0000] {dagbag.py:667} DEBUG - Calling the DAG.bulk_sync_to_db method
[2024-07-11T08:41:13.439+0000] {logging_mixin.py:188} INFO - [2024-07-11T08:41:13.438+0000] {dag.py:3047} INFO - Sync 1 DAGs
[2024-07-11T08:41:13.470+0000] {logging_mixin.py:188} INFO - [2024-07-11T08:41:13.470+0000] {dag.py:3834} INFO - Setting next_dagrun for example_task_group to 2024-07-10 00:00:00+00:00, run_after=2024-07-11 00:00:00+00:00
[2024-07-11T08:41:13.502+0000] {processor.py:183} INFO - Processing /home/airflow/.local/lib/python3.10/site-packages/airflow/example_dags/example_task_group.py took 0.088 seconds
[2024-07-11T08:41:45.166+0000] {logging_mixin.py:188} INFO - [2024-07-11T08:41:45.165+0000] {settings.py:249} DEBUG - Setting up DB connection pool (PID 124)
[2024-07-11T08:41:45.167+0000] {logging_mixin.py:188} INFO - [2024-07-11T08:41:45.166+0000] {settings.py:350} DEBUG - settings.prepare_engine_args(): Using pool settings. pool_size=5, max_overflow=10, pool_recycle=1800, pid=124
[2024-07-11T08:41:45.168+0000] {processor.py:161} INFO - Started process (PID=124) to work on /home/airflow/.local/lib/python3.10/site-packages/airflow/example_dags/example_task_group.py
[2024-07-11T08:41:45.169+0000] {processor.py:830} INFO - Processing file /home/airflow/.local/lib/python3.10/site-packages/airflow/example_dags/example_task_group.py for tasks to queue
[2024-07-11T08:41:45.169+0000] {logging_mixin.py:188} INFO - [2024-07-11T08:41:45.169+0000] {dagbag.py:540} INFO - Filling up the DagBag from /home/airflow/.local/lib/python3.10/site-packages/airflow/example_dags/example_task_group.py
[2024-07-11T08:41:45.170+0000] {logging_mixin.py:188} INFO - [2024-07-11T08:41:45.170+0000] {dagbag.py:332} DEBUG - Importing /home/airflow/.local/lib/python3.10/site-packages/airflow/example_dags/example_task_group.py
[2024-07-11T08:41:45.176+0000] {logging_mixin.py:188} INFO - [2024-07-11T08:41:45.175+0000] {dagbag.py:506} DEBUG - Loaded DAG <DAG: example_task_group>
[2024-07-11T08:41:45.176+0000] {processor.py:840} INFO - DAG(s) 'example_task_group' retrieved from /home/airflow/.local/lib/python3.10/site-packages/airflow/example_dags/example_task_group.py
[2024-07-11T08:41:45.177+0000] {logging_mixin.py:188} INFO - [2024-07-11T08:41:45.176+0000] {dagbag.py:662} DEBUG - Running dagbag.sync_to_db with retries. Try 1 of 3
[2024-07-11T08:41:45.177+0000] {logging_mixin.py:188} INFO - [2024-07-11T08:41:45.177+0000] {dagbag.py:667} DEBUG - Calling the DAG.bulk_sync_to_db method
[2024-07-11T08:41:45.185+0000] {logging_mixin.py:188} INFO - [2024-07-11T08:41:45.185+0000] {serialized_dag.py:165} DEBUG - Checking if DAG (example_task_group) changed
[2024-07-11T08:41:45.192+0000] {logging_mixin.py:188} INFO - [2024-07-11T08:41:45.192+0000] {serialized_dag.py:179} DEBUG - Writing Serialized DAG: example_task_group to the DB
[2024-07-11T08:41:45.195+0000] {logging_mixin.py:188} INFO - [2024-07-11T08:41:45.195+0000] {serialized_dag.py:181} DEBUG - DAG: example_task_group written to the DB
[2024-07-11T08:41:45.196+0000] {logging_mixin.py:188} INFO - [2024-07-11T08:41:45.196+0000] {dagbag.py:696} DEBUG - Syncing DAG permissions: example_task_group to the DB
[2024-07-11T08:41:45.254+0000] {logging_mixin.py:188} INFO - [2024-07-11T08:41:45.254+0000] {override.py:1034} DEBUG - Not syncing DAG-level permissions for DAG 'DAG:example_task_group' as access control is unset.
[2024-07-11T08:41:45.255+0000] {logging_mixin.py:188} INFO - [2024-07-11T08:41:45.255+0000] {dag.py:3047} INFO - Sync 1 DAGs
[2024-07-11T08:41:45.270+0000] {logging_mixin.py:188} INFO - [2024-07-11T08:41:45.270+0000] {dag.py:3834} INFO - Setting next_dagrun for example_task_group to 2024-07-10 00:00:00+00:00, run_after=2024-07-11 00:00:00+00:00
[2024-07-11T08:41:45.283+0000] {processor.py:183} INFO - Processing /home/airflow/.local/lib/python3.10/site-packages/airflow/example_dags/example_task_group.py took 0.118 seconds
[2024-07-11T08:42:15.296+0000] {logging_mixin.py:188} INFO - [2024-07-11T08:42:15.296+0000] {settings.py:249} DEBUG - Setting up DB connection pool (PID 180)
[2024-07-11T08:42:15.297+0000] {logging_mixin.py:188} INFO - [2024-07-11T08:42:15.297+0000] {settings.py:350} DEBUG - settings.prepare_engine_args(): Using pool settings. pool_size=5, max_overflow=10, pool_recycle=1800, pid=180
[2024-07-11T08:42:15.299+0000] {processor.py:161} INFO - Started process (PID=180) to work on /home/airflow/.local/lib/python3.10/site-packages/airflow/example_dags/example_task_group.py
[2024-07-11T08:42:15.299+0000] {processor.py:830} INFO - Processing file /home/airflow/.local/lib/python3.10/site-packages/airflow/example_dags/example_task_group.py for tasks to queue
[2024-07-11T08:42:15.299+0000] {logging_mixin.py:188} INFO - [2024-07-11T08:42:15.299+0000] {dagbag.py:540} INFO - Filling up the DagBag from /home/airflow/.local/lib/python3.10/site-packages/airflow/example_dags/example_task_group.py
[2024-07-11T08:42:15.300+0000] {logging_mixin.py:188} INFO - [2024-07-11T08:42:15.300+0000] {dagbag.py:332} DEBUG - Importing /home/airflow/.local/lib/python3.10/site-packages/airflow/example_dags/example_task_group.py
[2024-07-11T08:42:15.305+0000] {logging_mixin.py:188} INFO - [2024-07-11T08:42:15.304+0000] {dagbag.py:506} DEBUG - Loaded DAG <DAG: example_task_group>
[2024-07-11T08:42:15.305+0000] {processor.py:840} INFO - DAG(s) 'example_task_group' retrieved from /home/airflow/.local/lib/python3.10/site-packages/airflow/example_dags/example_task_group.py
[2024-07-11T08:42:15.305+0000] {logging_mixin.py:188} INFO - [2024-07-11T08:42:15.305+0000] {dagbag.py:662} DEBUG - Running dagbag.sync_to_db with retries. Try 1 of 3
[2024-07-11T08:42:15.306+0000] {logging_mixin.py:188} INFO - [2024-07-11T08:42:15.306+0000] {dagbag.py:667} DEBUG - Calling the DAG.bulk_sync_to_db method
[2024-07-11T08:42:15.312+0000] {logging_mixin.py:188} INFO - [2024-07-11T08:42:15.312+0000] {serialized_dag.py:165} DEBUG - Checking if DAG (example_task_group) changed
[2024-07-11T08:42:15.319+0000] {logging_mixin.py:188} INFO - [2024-07-11T08:42:15.319+0000] {serialized_dag.py:176} DEBUG - Serialized DAG (example_task_group) is unchanged. Skipping writing to DB
[2024-07-11T08:42:15.319+0000] {logging_mixin.py:188} INFO - [2024-07-11T08:42:15.319+0000] {dag.py:3047} INFO - Sync 1 DAGs
[2024-07-11T08:42:15.334+0000] {logging_mixin.py:188} INFO - [2024-07-11T08:42:15.334+0000] {dag.py:3834} INFO - Setting next_dagrun for example_task_group to 2024-07-10 00:00:00+00:00, run_after=2024-07-11 00:00:00+00:00
[2024-07-11T08:42:15.346+0000] {processor.py:183} INFO - Processing /home/airflow/.local/lib/python3.10/site-packages/airflow/example_dags/example_task_group.py took 0.050 seconds
[2024-07-11T08:42:45.518+0000] {logging_mixin.py:188} INFO - [2024-07-11T08:42:45.518+0000] {settings.py:249} DEBUG - Setting up DB connection pool (PID 236)
[2024-07-11T08:42:45.519+0000] {logging_mixin.py:188} INFO - [2024-07-11T08:42:45.518+0000] {settings.py:350} DEBUG - settings.prepare_engine_args(): Using pool settings. pool_size=5, max_overflow=10, pool_recycle=1800, pid=236
[2024-07-11T08:42:45.520+0000] {processor.py:161} INFO - Started process (PID=236) to work on /home/airflow/.local/lib/python3.10/site-packages/airflow/example_dags/example_task_group.py
[2024-07-11T08:42:45.520+0000] {processor.py:830} INFO - Processing file /home/airflow/.local/lib/python3.10/site-packages/airflow/example_dags/example_task_group.py for tasks to queue
[2024-07-11T08:42:45.521+0000] {logging_mixin.py:188} INFO - [2024-07-11T08:42:45.521+0000] {dagbag.py:540} INFO - Filling up the DagBag from /home/airflow/.local/lib/python3.10/site-packages/airflow/example_dags/example_task_group.py
[2024-07-11T08:42:45.521+0000] {logging_mixin.py:188} INFO - [2024-07-11T08:42:45.521+0000] {dagbag.py:332} DEBUG - Importing /home/airflow/.local/lib/python3.10/site-packages/airflow/example_dags/example_task_group.py
[2024-07-11T08:42:45.526+0000] {logging_mixin.py:188} INFO - [2024-07-11T08:42:45.526+0000] {dagbag.py:506} DEBUG - Loaded DAG <DAG: example_task_group>
[2024-07-11T08:42:45.526+0000] {processor.py:840} INFO - DAG(s) 'example_task_group' retrieved from /home/airflow/.local/lib/python3.10/site-packages/airflow/example_dags/example_task_group.py
[2024-07-11T08:42:45.527+0000] {logging_mixin.py:188} INFO - [2024-07-11T08:42:45.526+0000] {dagbag.py:662} DEBUG - Running dagbag.sync_to_db with retries. Try 1 of 3
[2024-07-11T08:42:45.527+0000] {logging_mixin.py:188} INFO - [2024-07-11T08:42:45.527+0000] {dagbag.py:667} DEBUG - Calling the DAG.bulk_sync_to_db method
[2024-07-11T08:42:45.534+0000] {logging_mixin.py:188} INFO - [2024-07-11T08:42:45.534+0000] {serialized_dag.py:165} DEBUG - Checking if DAG (example_task_group) changed
[2024-07-11T08:42:45.540+0000] {logging_mixin.py:188} INFO - [2024-07-11T08:42:45.540+0000] {serialized_dag.py:176} DEBUG - Serialized DAG (example_task_group) is unchanged. Skipping writing to DB
[2024-07-11T08:42:45.540+0000] {logging_mixin.py:188} INFO - [2024-07-11T08:42:45.540+0000] {dag.py:3047} INFO - Sync 1 DAGs
[2024-07-11T08:42:45.554+0000] {logging_mixin.py:188} INFO - [2024-07-11T08:42:45.554+0000] {dag.py:3834} INFO - Setting next_dagrun for example_task_group to 2024-07-10 00:00:00+00:00, run_after=2024-07-11 00:00:00+00:00
[2024-07-11T08:42:45.566+0000] {processor.py:183} INFO - Processing /home/airflow/.local/lib/python3.10/site-packages/airflow/example_dags/example_task_group.py took 0.048 seconds
[2024-07-11T08:43:15.790+0000] {logging_mixin.py:188} INFO - [2024-07-11T08:43:15.789+0000] {settings.py:249} DEBUG - Setting up DB connection pool (PID 292)
[2024-07-11T08:43:15.790+0000] {logging_mixin.py:188} INFO - [2024-07-11T08:43:15.790+0000] {settings.py:350} DEBUG - settings.prepare_engine_args(): Using pool settings. pool_size=5, max_overflow=10, pool_recycle=1800, pid=292
[2024-07-11T08:43:15.793+0000] {processor.py:161} INFO - Started process (PID=292) to work on /home/airflow/.local/lib/python3.10/site-packages/airflow/example_dags/example_task_group.py
[2024-07-11T08:43:15.794+0000] {processor.py:830} INFO - Processing file /home/airflow/.local/lib/python3.10/site-packages/airflow/example_dags/example_task_group.py for tasks to queue
[2024-07-11T08:43:15.794+0000] {logging_mixin.py:188} INFO - [2024-07-11T08:43:15.794+0000] {dagbag.py:540} INFO - Filling up the DagBag from /home/airflow/.local/lib/python3.10/site-packages/airflow/example_dags/example_task_group.py
[2024-07-11T08:43:15.796+0000] {logging_mixin.py:188} INFO - [2024-07-11T08:43:15.795+0000] {dagbag.py:332} DEBUG - Importing /home/airflow/.local/lib/python3.10/site-packages/airflow/example_dags/example_task_group.py
[2024-07-11T08:43:15.804+0000] {logging_mixin.py:188} INFO - [2024-07-11T08:43:15.804+0000] {dagbag.py:506} DEBUG - Loaded DAG <DAG: example_task_group>
[2024-07-11T08:43:15.805+0000] {processor.py:840} INFO - DAG(s) 'example_task_group' retrieved from /home/airflow/.local/lib/python3.10/site-packages/airflow/example_dags/example_task_group.py
[2024-07-11T08:43:15.805+0000] {logging_mixin.py:188} INFO - [2024-07-11T08:43:15.805+0000] {dagbag.py:662} DEBUG - Running dagbag.sync_to_db with retries. Try 1 of 3
[2024-07-11T08:43:15.806+0000] {logging_mixin.py:188} INFO - [2024-07-11T08:43:15.806+0000] {dagbag.py:667} DEBUG - Calling the DAG.bulk_sync_to_db method
[2024-07-11T08:43:15.817+0000] {logging_mixin.py:188} INFO - [2024-07-11T08:43:15.817+0000] {serialized_dag.py:165} DEBUG - Checking if DAG (example_task_group) changed
[2024-07-11T08:43:15.828+0000] {logging_mixin.py:188} INFO - [2024-07-11T08:43:15.828+0000] {serialized_dag.py:176} DEBUG - Serialized DAG (example_task_group) is unchanged. Skipping writing to DB
[2024-07-11T08:43:15.828+0000] {logging_mixin.py:188} INFO - [2024-07-11T08:43:15.828+0000] {dag.py:3047} INFO - Sync 1 DAGs
[2024-07-11T08:43:15.845+0000] {logging_mixin.py:188} INFO - [2024-07-11T08:43:15.845+0000] {dag.py:3834} INFO - Setting next_dagrun for example_task_group to 2024-07-10 00:00:00+00:00, run_after=2024-07-11 00:00:00+00:00
[2024-07-11T08:43:15.869+0000] {processor.py:183} INFO - Processing /home/airflow/.local/lib/python3.10/site-packages/airflow/example_dags/example_task_group.py took 0.080 seconds
[2024-07-11T08:43:45.971+0000] {logging_mixin.py:188} INFO - [2024-07-11T08:43:45.970+0000] {settings.py:249} DEBUG - Setting up DB connection pool (PID 348)
[2024-07-11T08:43:45.971+0000] {logging_mixin.py:188} INFO - [2024-07-11T08:43:45.971+0000] {settings.py:350} DEBUG - settings.prepare_engine_args(): Using pool settings. pool_size=5, max_overflow=10, pool_recycle=1800, pid=348
[2024-07-11T08:43:45.973+0000] {processor.py:161} INFO - Started process (PID=348) to work on /home/airflow/.local/lib/python3.10/site-packages/airflow/example_dags/example_task_group.py
[2024-07-11T08:43:45.973+0000] {processor.py:830} INFO - Processing file /home/airflow/.local/lib/python3.10/site-packages/airflow/example_dags/example_task_group.py for tasks to queue
[2024-07-11T08:43:45.974+0000] {logging_mixin.py:188} INFO - [2024-07-11T08:43:45.973+0000] {dagbag.py:540} INFO - Filling up the DagBag from /home/airflow/.local/lib/python3.10/site-packages/airflow/example_dags/example_task_group.py
[2024-07-11T08:43:45.974+0000] {logging_mixin.py:188} INFO - [2024-07-11T08:43:45.974+0000] {dagbag.py:332} DEBUG - Importing /home/airflow/.local/lib/python3.10/site-packages/airflow/example_dags/example_task_group.py
[2024-07-11T08:43:45.979+0000] {logging_mixin.py:188} INFO - [2024-07-11T08:43:45.979+0000] {dagbag.py:506} DEBUG - Loaded DAG <DAG: example_task_group>
[2024-07-11T08:43:45.979+0000] {processor.py:840} INFO - DAG(s) 'example_task_group' retrieved from /home/airflow/.local/lib/python3.10/site-packages/airflow/example_dags/example_task_group.py
[2024-07-11T08:43:45.980+0000] {logging_mixin.py:188} INFO - [2024-07-11T08:43:45.980+0000] {dagbag.py:662} DEBUG - Running dagbag.sync_to_db with retries. Try 1 of 3
[2024-07-11T08:43:45.981+0000] {logging_mixin.py:188} INFO - [2024-07-11T08:43:45.980+0000] {dagbag.py:667} DEBUG - Calling the DAG.bulk_sync_to_db method
[2024-07-11T08:43:45.989+0000] {logging_mixin.py:188} INFO - [2024-07-11T08:43:45.988+0000] {serialized_dag.py:165} DEBUG - Checking if DAG (example_task_group) changed
[2024-07-11T08:43:45.995+0000] {logging_mixin.py:188} INFO - [2024-07-11T08:43:45.995+0000] {serialized_dag.py:176} DEBUG - Serialized DAG (example_task_group) is unchanged. Skipping writing to DB
[2024-07-11T08:43:45.996+0000] {logging_mixin.py:188} INFO - [2024-07-11T08:43:45.996+0000] {dag.py:3047} INFO - Sync 1 DAGs
[2024-07-11T08:43:46.009+0000] {logging_mixin.py:188} INFO - [2024-07-11T08:43:46.009+0000] {dag.py:3834} INFO - Setting next_dagrun for example_task_group to 2024-07-10 00:00:00+00:00, run_after=2024-07-11 00:00:00+00:00
[2024-07-11T08:43:46.021+0000] {processor.py:183} INFO - Processing /home/airflow/.local/lib/python3.10/site-packages/airflow/example_dags/example_task_group.py took 0.051 seconds
[2024-07-11T08:44:16.443+0000] {logging_mixin.py:188} INFO - [2024-07-11T08:44:16.442+0000] {settings.py:249} DEBUG - Setting up DB connection pool (PID 404)
[2024-07-11T08:44:16.443+0000] {logging_mixin.py:188} INFO - [2024-07-11T08:44:16.443+0000] {settings.py:350} DEBUG - settings.prepare_engine_args(): Using pool settings. pool_size=5, max_overflow=10, pool_recycle=1800, pid=404
[2024-07-11T08:44:16.445+0000] {processor.py:161} INFO - Started process (PID=404) to work on /home/airflow/.local/lib/python3.10/site-packages/airflow/example_dags/example_task_group.py
[2024-07-11T08:44:16.445+0000] {processor.py:830} INFO - Processing file /home/airflow/.local/lib/python3.10/site-packages/airflow/example_dags/example_task_group.py for tasks to queue
[2024-07-11T08:44:16.446+0000] {logging_mixin.py:188} INFO - [2024-07-11T08:44:16.446+0000] {dagbag.py:540} INFO - Filling up the DagBag from /home/airflow/.local/lib/python3.10/site-packages/airflow/example_dags/example_task_group.py
[2024-07-11T08:44:16.447+0000] {logging_mixin.py:188} INFO - [2024-07-11T08:44:16.447+0000] {dagbag.py:332} DEBUG - Importing /home/airflow/.local/lib/python3.10/site-packages/airflow/example_dags/example_task_group.py
[2024-07-11T08:44:16.451+0000] {logging_mixin.py:188} INFO - [2024-07-11T08:44:16.451+0000] {dagbag.py:506} DEBUG - Loaded DAG <DAG: example_task_group>
[2024-07-11T08:44:16.452+0000] {processor.py:840} INFO - DAG(s) 'example_task_group' retrieved from /home/airflow/.local/lib/python3.10/site-packages/airflow/example_dags/example_task_group.py
[2024-07-11T08:44:16.452+0000] {logging_mixin.py:188} INFO - [2024-07-11T08:44:16.452+0000] {dagbag.py:662} DEBUG - Running dagbag.sync_to_db with retries. Try 1 of 3
[2024-07-11T08:44:16.453+0000] {logging_mixin.py:188} INFO - [2024-07-11T08:44:16.452+0000] {dagbag.py:667} DEBUG - Calling the DAG.bulk_sync_to_db method
[2024-07-11T08:44:16.459+0000] {logging_mixin.py:188} INFO - [2024-07-11T08:44:16.459+0000] {serialized_dag.py:165} DEBUG - Checking if DAG (example_task_group) changed
[2024-07-11T08:44:16.466+0000] {logging_mixin.py:188} INFO - [2024-07-11T08:44:16.465+0000] {serialized_dag.py:176} DEBUG - Serialized DAG (example_task_group) is unchanged. Skipping writing to DB
[2024-07-11T08:44:16.466+0000] {logging_mixin.py:188} INFO - [2024-07-11T08:44:16.466+0000] {dag.py:3047} INFO - Sync 1 DAGs
[2024-07-11T08:44:16.481+0000] {logging_mixin.py:188} INFO - [2024-07-11T08:44:16.481+0000] {dag.py:3834} INFO - Setting next_dagrun for example_task_group to 2024-07-10 00:00:00+00:00, run_after=2024-07-11 00:00:00+00:00
[2024-07-11T08:44:16.493+0000] {processor.py:183} INFO - Processing /home/airflow/.local/lib/python3.10/site-packages/airflow/example_dags/example_task_group.py took 0.051 seconds
[2024-07-11T08:44:46.764+0000] {logging_mixin.py:188} INFO - [2024-07-11T08:44:46.764+0000] {settings.py:249} DEBUG - Setting up DB connection pool (PID 460)
[2024-07-11T08:44:46.766+0000] {logging_mixin.py:188} INFO - [2024-07-11T08:44:46.766+0000] {settings.py:350} DEBUG - settings.prepare_engine_args(): Using pool settings. pool_size=5, max_overflow=10, pool_recycle=1800, pid=460
[2024-07-11T08:44:46.767+0000] {processor.py:161} INFO - Started process (PID=460) to work on /home/airflow/.local/lib/python3.10/site-packages/airflow/example_dags/example_task_group.py
[2024-07-11T08:44:46.768+0000] {processor.py:830} INFO - Processing file /home/airflow/.local/lib/python3.10/site-packages/airflow/example_dags/example_task_group.py for tasks to queue
[2024-07-11T08:44:46.768+0000] {logging_mixin.py:188} INFO - [2024-07-11T08:44:46.768+0000] {dagbag.py:540} INFO - Filling up the DagBag from /home/airflow/.local/lib/python3.10/site-packages/airflow/example_dags/example_task_group.py
[2024-07-11T08:44:46.769+0000] {logging_mixin.py:188} INFO - [2024-07-11T08:44:46.769+0000] {dagbag.py:332} DEBUG - Importing /home/airflow/.local/lib/python3.10/site-packages/airflow/example_dags/example_task_group.py
[2024-07-11T08:44:46.775+0000] {logging_mixin.py:188} INFO - [2024-07-11T08:44:46.774+0000] {dagbag.py:506} DEBUG - Loaded DAG <DAG: example_task_group>
[2024-07-11T08:44:46.775+0000] {processor.py:840} INFO - DAG(s) 'example_task_group' retrieved from /home/airflow/.local/lib/python3.10/site-packages/airflow/example_dags/example_task_group.py
[2024-07-11T08:44:46.776+0000] {logging_mixin.py:188} INFO - [2024-07-11T08:44:46.776+0000] {dagbag.py:662} DEBUG - Running dagbag.sync_to_db with retries. Try 1 of 3
[2024-07-11T08:44:46.776+0000] {logging_mixin.py:188} INFO - [2024-07-11T08:44:46.776+0000] {dagbag.py:667} DEBUG - Calling the DAG.bulk_sync_to_db method
[2024-07-11T08:44:46.784+0000] {logging_mixin.py:188} INFO - [2024-07-11T08:44:46.784+0000] {serialized_dag.py:165} DEBUG - Checking if DAG (example_task_group) changed
[2024-07-11T08:44:46.792+0000] {logging_mixin.py:188} INFO - [2024-07-11T08:44:46.792+0000] {serialized_dag.py:176} DEBUG - Serialized DAG (example_task_group) is unchanged. Skipping writing to DB
[2024-07-11T08:44:46.792+0000] {logging_mixin.py:188} INFO - [2024-07-11T08:44:46.792+0000] {dag.py:3047} INFO - Sync 1 DAGs
[2024-07-11T08:44:46.810+0000] {logging_mixin.py:188} INFO - [2024-07-11T08:44:46.810+0000] {dag.py:3834} INFO - Setting next_dagrun for example_task_group to 2024-07-10 00:00:00+00:00, run_after=2024-07-11 00:00:00+00:00
[2024-07-11T08:44:46.824+0000] {processor.py:183} INFO - Processing /home/airflow/.local/lib/python3.10/site-packages/airflow/example_dags/example_task_group.py took 0.061 seconds
