[2024-07-11T08:36:58.513+0000] {logging_mixin.py:188} INFO - [2024-07-11T08:36:58.512+0000] {settings.py:249} DEBUG - Setting up DB connection pool (PID 50)
[2024-07-11T08:36:58.513+0000] {logging_mixin.py:188} INFO - [2024-07-11T08:36:58.513+0000] {settings.py:350} DEBUG - settings.prepare_engine_args(): Using pool settings. pool_size=5, max_overflow=10, pool_recycle=1800, pid=50
[2024-07-11T08:36:58.516+0000] {processor.py:161} INFO - Started process (PID=50) to work on /home/airflow/.local/lib/python3.10/site-packages/airflow/example_dags/example_python_operator.py
[2024-07-11T08:36:58.516+0000] {processor.py:830} INFO - Processing file /home/airflow/.local/lib/python3.10/site-packages/airflow/example_dags/example_python_operator.py for tasks to queue
[2024-07-11T08:36:58.517+0000] {logging_mixin.py:188} INFO - [2024-07-11T08:36:58.516+0000] {dagbag.py:540} INFO - Filling up the DagBag from /home/airflow/.local/lib/python3.10/site-packages/airflow/example_dags/example_python_operator.py
[2024-07-11T08:36:58.518+0000] {logging_mixin.py:188} INFO - [2024-07-11T08:36:58.517+0000] {dagbag.py:332} DEBUG - Importing /home/airflow/.local/lib/python3.10/site-packages/airflow/example_dags/example_python_operator.py
[2024-07-11T08:36:58.527+0000] {logging_mixin.py:188} INFO - [2024-07-11T08:36:58.526+0000] {dagbag.py:506} DEBUG - Loaded DAG <DAG: example_python_operator>
[2024-07-11T08:36:58.527+0000] {processor.py:840} INFO - DAG(s) 'example_python_operator' retrieved from /home/airflow/.local/lib/python3.10/site-packages/airflow/example_dags/example_python_operator.py
[2024-07-11T08:36:58.528+0000] {logging_mixin.py:188} INFO - [2024-07-11T08:36:58.528+0000] {dagbag.py:662} DEBUG - Running dagbag.sync_to_db with retries. Try 1 of 3
[2024-07-11T08:36:58.528+0000] {logging_mixin.py:188} INFO - [2024-07-11T08:36:58.528+0000] {dagbag.py:667} DEBUG - Calling the DAG.bulk_sync_to_db method
[2024-07-11T08:36:58.537+0000] {logging_mixin.py:188} INFO - [2024-07-11T08:36:58.537+0000] {dag.py:3047} INFO - Sync 1 DAGs
[2024-07-11T08:36:58.548+0000] {logging_mixin.py:188} INFO - [2024-07-11T08:36:58.548+0000] {dag.py:3834} INFO - Setting next_dagrun for example_python_operator to None, run_after=None
[2024-07-11T08:36:58.564+0000] {processor.py:183} INFO - Processing /home/airflow/.local/lib/python3.10/site-packages/airflow/example_dags/example_python_operator.py took 0.052 seconds
[2024-07-11T08:37:28.830+0000] {logging_mixin.py:188} INFO - [2024-07-11T08:37:28.830+0000] {settings.py:249} DEBUG - Setting up DB connection pool (PID 106)
[2024-07-11T08:37:28.831+0000] {logging_mixin.py:188} INFO - [2024-07-11T08:37:28.831+0000] {settings.py:350} DEBUG - settings.prepare_engine_args(): Using pool settings. pool_size=5, max_overflow=10, pool_recycle=1800, pid=106
[2024-07-11T08:37:28.833+0000] {processor.py:161} INFO - Started process (PID=106) to work on /home/airflow/.local/lib/python3.10/site-packages/airflow/example_dags/example_python_operator.py
[2024-07-11T08:37:28.833+0000] {processor.py:830} INFO - Processing file /home/airflow/.local/lib/python3.10/site-packages/airflow/example_dags/example_python_operator.py for tasks to queue
[2024-07-11T08:37:28.833+0000] {logging_mixin.py:188} INFO - [2024-07-11T08:37:28.833+0000] {dagbag.py:540} INFO - Filling up the DagBag from /home/airflow/.local/lib/python3.10/site-packages/airflow/example_dags/example_python_operator.py
[2024-07-11T08:37:28.834+0000] {logging_mixin.py:188} INFO - [2024-07-11T08:37:28.834+0000] {dagbag.py:332} DEBUG - Importing /home/airflow/.local/lib/python3.10/site-packages/airflow/example_dags/example_python_operator.py
[2024-07-11T08:37:28.841+0000] {logging_mixin.py:188} INFO - [2024-07-11T08:37:28.840+0000] {dagbag.py:506} DEBUG - Loaded DAG <DAG: example_python_operator>
[2024-07-11T08:37:28.841+0000] {processor.py:840} INFO - DAG(s) 'example_python_operator' retrieved from /home/airflow/.local/lib/python3.10/site-packages/airflow/example_dags/example_python_operator.py
[2024-07-11T08:37:28.842+0000] {logging_mixin.py:188} INFO - [2024-07-11T08:37:28.842+0000] {dagbag.py:662} DEBUG - Running dagbag.sync_to_db with retries. Try 1 of 3
[2024-07-11T08:37:28.842+0000] {logging_mixin.py:188} INFO - [2024-07-11T08:37:28.842+0000] {dagbag.py:667} DEBUG - Calling the DAG.bulk_sync_to_db method
[2024-07-11T08:37:28.849+0000] {logging_mixin.py:188} INFO - [2024-07-11T08:37:28.849+0000] {serialized_dag.py:165} DEBUG - Checking if DAG (example_python_operator) changed
[2024-07-11T08:37:28.857+0000] {logging_mixin.py:188} INFO - [2024-07-11T08:37:28.857+0000] {serialized_dag.py:179} DEBUG - Writing Serialized DAG: example_python_operator to the DB
[2024-07-11T08:37:28.860+0000] {logging_mixin.py:188} INFO - [2024-07-11T08:37:28.859+0000] {serialized_dag.py:181} DEBUG - DAG: example_python_operator written to the DB
[2024-07-11T08:37:28.860+0000] {logging_mixin.py:188} INFO - [2024-07-11T08:37:28.860+0000] {dagbag.py:696} DEBUG - Syncing DAG permissions: example_python_operator to the DB
[2024-07-11T08:37:28.919+0000] {logging_mixin.py:188} INFO - [2024-07-11T08:37:28.918+0000] {override.py:1034} DEBUG - Not syncing DAG-level permissions for DAG 'DAG:example_python_operator' as access control is unset.
[2024-07-11T08:37:28.919+0000] {logging_mixin.py:188} INFO - [2024-07-11T08:37:28.919+0000] {dag.py:3047} INFO - Sync 1 DAGs
[2024-07-11T08:37:28.926+0000] {logging_mixin.py:188} INFO - [2024-07-11T08:37:28.926+0000] {dag.py:3834} INFO - Setting next_dagrun for example_python_operator to None, run_after=None
[2024-07-11T08:37:28.939+0000] {processor.py:183} INFO - Processing /home/airflow/.local/lib/python3.10/site-packages/airflow/example_dags/example_python_operator.py took 0.109 seconds
[2024-07-11T08:37:59.776+0000] {logging_mixin.py:188} INFO - [2024-07-11T08:37:59.775+0000] {settings.py:249} DEBUG - Setting up DB connection pool (PID 162)
[2024-07-11T08:37:59.776+0000] {logging_mixin.py:188} INFO - [2024-07-11T08:37:59.776+0000] {settings.py:350} DEBUG - settings.prepare_engine_args(): Using pool settings. pool_size=5, max_overflow=10, pool_recycle=1800, pid=162
[2024-07-11T08:37:59.778+0000] {processor.py:161} INFO - Started process (PID=162) to work on /home/airflow/.local/lib/python3.10/site-packages/airflow/example_dags/example_python_operator.py
[2024-07-11T08:37:59.778+0000] {processor.py:830} INFO - Processing file /home/airflow/.local/lib/python3.10/site-packages/airflow/example_dags/example_python_operator.py for tasks to queue
[2024-07-11T08:37:59.779+0000] {logging_mixin.py:188} INFO - [2024-07-11T08:37:59.779+0000] {dagbag.py:540} INFO - Filling up the DagBag from /home/airflow/.local/lib/python3.10/site-packages/airflow/example_dags/example_python_operator.py
[2024-07-11T08:37:59.780+0000] {logging_mixin.py:188} INFO - [2024-07-11T08:37:59.780+0000] {dagbag.py:332} DEBUG - Importing /home/airflow/.local/lib/python3.10/site-packages/airflow/example_dags/example_python_operator.py
[2024-07-11T08:37:59.787+0000] {logging_mixin.py:188} INFO - [2024-07-11T08:37:59.786+0000] {dagbag.py:506} DEBUG - Loaded DAG <DAG: example_python_operator>
[2024-07-11T08:37:59.787+0000] {processor.py:840} INFO - DAG(s) 'example_python_operator' retrieved from /home/airflow/.local/lib/python3.10/site-packages/airflow/example_dags/example_python_operator.py
[2024-07-11T08:37:59.788+0000] {logging_mixin.py:188} INFO - [2024-07-11T08:37:59.788+0000] {dagbag.py:662} DEBUG - Running dagbag.sync_to_db with retries. Try 1 of 3
[2024-07-11T08:37:59.788+0000] {logging_mixin.py:188} INFO - [2024-07-11T08:37:59.788+0000] {dagbag.py:667} DEBUG - Calling the DAG.bulk_sync_to_db method
[2024-07-11T08:37:59.795+0000] {logging_mixin.py:188} INFO - [2024-07-11T08:37:59.795+0000] {serialized_dag.py:165} DEBUG - Checking if DAG (example_python_operator) changed
[2024-07-11T08:37:59.802+0000] {logging_mixin.py:188} INFO - [2024-07-11T08:37:59.802+0000] {serialized_dag.py:176} DEBUG - Serialized DAG (example_python_operator) is unchanged. Skipping writing to DB
[2024-07-11T08:37:59.802+0000] {logging_mixin.py:188} INFO - [2024-07-11T08:37:59.802+0000] {dag.py:3047} INFO - Sync 1 DAGs
[2024-07-11T08:37:59.810+0000] {logging_mixin.py:188} INFO - [2024-07-11T08:37:59.810+0000] {dag.py:3834} INFO - Setting next_dagrun for example_python_operator to None, run_after=None
[2024-07-11T08:37:59.822+0000] {processor.py:183} INFO - Processing /home/airflow/.local/lib/python3.10/site-packages/airflow/example_dags/example_python_operator.py took 0.046 seconds
[2024-07-11T08:38:29.921+0000] {logging_mixin.py:188} INFO - [2024-07-11T08:38:29.920+0000] {settings.py:249} DEBUG - Setting up DB connection pool (PID 218)
[2024-07-11T08:38:29.922+0000] {logging_mixin.py:188} INFO - [2024-07-11T08:38:29.922+0000] {settings.py:350} DEBUG - settings.prepare_engine_args(): Using pool settings. pool_size=5, max_overflow=10, pool_recycle=1800, pid=218
[2024-07-11T08:38:29.924+0000] {processor.py:161} INFO - Started process (PID=218) to work on /home/airflow/.local/lib/python3.10/site-packages/airflow/example_dags/example_python_operator.py
[2024-07-11T08:38:29.925+0000] {processor.py:830} INFO - Processing file /home/airflow/.local/lib/python3.10/site-packages/airflow/example_dags/example_python_operator.py for tasks to queue
[2024-07-11T08:38:29.926+0000] {logging_mixin.py:188} INFO - [2024-07-11T08:38:29.925+0000] {dagbag.py:540} INFO - Filling up the DagBag from /home/airflow/.local/lib/python3.10/site-packages/airflow/example_dags/example_python_operator.py
[2024-07-11T08:38:29.927+0000] {logging_mixin.py:188} INFO - [2024-07-11T08:38:29.927+0000] {dagbag.py:332} DEBUG - Importing /home/airflow/.local/lib/python3.10/site-packages/airflow/example_dags/example_python_operator.py
[2024-07-11T08:38:29.938+0000] {logging_mixin.py:188} INFO - [2024-07-11T08:38:29.937+0000] {dagbag.py:506} DEBUG - Loaded DAG <DAG: example_python_operator>
[2024-07-11T08:38:29.938+0000] {processor.py:840} INFO - DAG(s) 'example_python_operator' retrieved from /home/airflow/.local/lib/python3.10/site-packages/airflow/example_dags/example_python_operator.py
[2024-07-11T08:38:29.939+0000] {logging_mixin.py:188} INFO - [2024-07-11T08:38:29.939+0000] {dagbag.py:662} DEBUG - Running dagbag.sync_to_db with retries. Try 1 of 3
[2024-07-11T08:38:29.939+0000] {logging_mixin.py:188} INFO - [2024-07-11T08:38:29.939+0000] {dagbag.py:667} DEBUG - Calling the DAG.bulk_sync_to_db method
[2024-07-11T08:38:29.951+0000] {logging_mixin.py:188} INFO - [2024-07-11T08:38:29.951+0000] {serialized_dag.py:165} DEBUG - Checking if DAG (example_python_operator) changed
[2024-07-11T08:38:29.959+0000] {logging_mixin.py:188} INFO - [2024-07-11T08:38:29.958+0000] {serialized_dag.py:176} DEBUG - Serialized DAG (example_python_operator) is unchanged. Skipping writing to DB
[2024-07-11T08:38:29.959+0000] {logging_mixin.py:188} INFO - [2024-07-11T08:38:29.959+0000] {dag.py:3047} INFO - Sync 1 DAGs
[2024-07-11T08:38:29.969+0000] {logging_mixin.py:188} INFO - [2024-07-11T08:38:29.969+0000] {dag.py:3834} INFO - Setting next_dagrun for example_python_operator to None, run_after=None
[2024-07-11T08:38:29.984+0000] {processor.py:183} INFO - Processing /home/airflow/.local/lib/python3.10/site-packages/airflow/example_dags/example_python_operator.py took 0.064 seconds
[2024-07-11T08:39:00.171+0000] {logging_mixin.py:188} INFO - [2024-07-11T08:39:00.170+0000] {settings.py:249} DEBUG - Setting up DB connection pool (PID 274)
[2024-07-11T08:39:00.172+0000] {logging_mixin.py:188} INFO - [2024-07-11T08:39:00.172+0000] {settings.py:350} DEBUG - settings.prepare_engine_args(): Using pool settings. pool_size=5, max_overflow=10, pool_recycle=1800, pid=274
[2024-07-11T08:39:00.175+0000] {processor.py:161} INFO - Started process (PID=274) to work on /home/airflow/.local/lib/python3.10/site-packages/airflow/example_dags/example_python_operator.py
[2024-07-11T08:39:00.175+0000] {processor.py:830} INFO - Processing file /home/airflow/.local/lib/python3.10/site-packages/airflow/example_dags/example_python_operator.py for tasks to queue
[2024-07-11T08:39:00.176+0000] {logging_mixin.py:188} INFO - [2024-07-11T08:39:00.176+0000] {dagbag.py:540} INFO - Filling up the DagBag from /home/airflow/.local/lib/python3.10/site-packages/airflow/example_dags/example_python_operator.py
[2024-07-11T08:39:00.178+0000] {logging_mixin.py:188} INFO - [2024-07-11T08:39:00.178+0000] {dagbag.py:332} DEBUG - Importing /home/airflow/.local/lib/python3.10/site-packages/airflow/example_dags/example_python_operator.py
[2024-07-11T08:39:00.188+0000] {logging_mixin.py:188} INFO - [2024-07-11T08:39:00.187+0000] {dagbag.py:506} DEBUG - Loaded DAG <DAG: example_python_operator>
[2024-07-11T08:39:00.188+0000] {processor.py:840} INFO - DAG(s) 'example_python_operator' retrieved from /home/airflow/.local/lib/python3.10/site-packages/airflow/example_dags/example_python_operator.py
[2024-07-11T08:39:00.189+0000] {logging_mixin.py:188} INFO - [2024-07-11T08:39:00.189+0000] {dagbag.py:662} DEBUG - Running dagbag.sync_to_db with retries. Try 1 of 3
[2024-07-11T08:39:00.189+0000] {logging_mixin.py:188} INFO - [2024-07-11T08:39:00.189+0000] {dagbag.py:667} DEBUG - Calling the DAG.bulk_sync_to_db method
[2024-07-11T08:39:00.199+0000] {logging_mixin.py:188} INFO - [2024-07-11T08:39:00.199+0000] {serialized_dag.py:165} DEBUG - Checking if DAG (example_python_operator) changed
[2024-07-11T08:39:00.208+0000] {logging_mixin.py:188} INFO - [2024-07-11T08:39:00.207+0000] {serialized_dag.py:176} DEBUG - Serialized DAG (example_python_operator) is unchanged. Skipping writing to DB
[2024-07-11T08:39:00.208+0000] {logging_mixin.py:188} INFO - [2024-07-11T08:39:00.208+0000] {dag.py:3047} INFO - Sync 1 DAGs
[2024-07-11T08:39:00.219+0000] {logging_mixin.py:188} INFO - [2024-07-11T08:39:00.219+0000] {dag.py:3834} INFO - Setting next_dagrun for example_python_operator to None, run_after=None
[2024-07-11T08:39:00.237+0000] {processor.py:183} INFO - Processing /home/airflow/.local/lib/python3.10/site-packages/airflow/example_dags/example_python_operator.py took 0.067 seconds
[2024-07-11T08:39:30.447+0000] {logging_mixin.py:188} INFO - [2024-07-11T08:39:30.447+0000] {settings.py:249} DEBUG - Setting up DB connection pool (PID 330)
[2024-07-11T08:39:30.448+0000] {logging_mixin.py:188} INFO - [2024-07-11T08:39:30.448+0000] {settings.py:350} DEBUG - settings.prepare_engine_args(): Using pool settings. pool_size=5, max_overflow=10, pool_recycle=1800, pid=330
[2024-07-11T08:39:30.450+0000] {processor.py:161} INFO - Started process (PID=330) to work on /home/airflow/.local/lib/python3.10/site-packages/airflow/example_dags/example_python_operator.py
[2024-07-11T08:39:30.450+0000] {processor.py:830} INFO - Processing file /home/airflow/.local/lib/python3.10/site-packages/airflow/example_dags/example_python_operator.py for tasks to queue
[2024-07-11T08:39:30.451+0000] {logging_mixin.py:188} INFO - [2024-07-11T08:39:30.451+0000] {dagbag.py:540} INFO - Filling up the DagBag from /home/airflow/.local/lib/python3.10/site-packages/airflow/example_dags/example_python_operator.py
[2024-07-11T08:39:30.452+0000] {logging_mixin.py:188} INFO - [2024-07-11T08:39:30.452+0000] {dagbag.py:332} DEBUG - Importing /home/airflow/.local/lib/python3.10/site-packages/airflow/example_dags/example_python_operator.py
[2024-07-11T08:39:30.462+0000] {logging_mixin.py:188} INFO - [2024-07-11T08:39:30.461+0000] {dagbag.py:506} DEBUG - Loaded DAG <DAG: example_python_operator>
[2024-07-11T08:39:30.462+0000] {processor.py:840} INFO - DAG(s) 'example_python_operator' retrieved from /home/airflow/.local/lib/python3.10/site-packages/airflow/example_dags/example_python_operator.py
[2024-07-11T08:39:30.463+0000] {logging_mixin.py:188} INFO - [2024-07-11T08:39:30.463+0000] {dagbag.py:662} DEBUG - Running dagbag.sync_to_db with retries. Try 1 of 3
[2024-07-11T08:39:30.463+0000] {logging_mixin.py:188} INFO - [2024-07-11T08:39:30.463+0000] {dagbag.py:667} DEBUG - Calling the DAG.bulk_sync_to_db method
[2024-07-11T08:39:30.471+0000] {logging_mixin.py:188} INFO - [2024-07-11T08:39:30.471+0000] {serialized_dag.py:165} DEBUG - Checking if DAG (example_python_operator) changed
[2024-07-11T08:39:30.480+0000] {logging_mixin.py:188} INFO - [2024-07-11T08:39:30.479+0000] {serialized_dag.py:176} DEBUG - Serialized DAG (example_python_operator) is unchanged. Skipping writing to DB
[2024-07-11T08:39:30.480+0000] {logging_mixin.py:188} INFO - [2024-07-11T08:39:30.480+0000] {dag.py:3047} INFO - Sync 1 DAGs
[2024-07-11T08:39:30.490+0000] {logging_mixin.py:188} INFO - [2024-07-11T08:39:30.490+0000] {dag.py:3834} INFO - Setting next_dagrun for example_python_operator to None, run_after=None
[2024-07-11T08:39:30.505+0000] {processor.py:183} INFO - Processing /home/airflow/.local/lib/python3.10/site-packages/airflow/example_dags/example_python_operator.py took 0.058 seconds
[2024-07-11T08:40:00.747+0000] {logging_mixin.py:188} INFO - [2024-07-11T08:40:00.747+0000] {settings.py:249} DEBUG - Setting up DB connection pool (PID 386)
[2024-07-11T08:40:00.748+0000] {logging_mixin.py:188} INFO - [2024-07-11T08:40:00.748+0000] {settings.py:350} DEBUG - settings.prepare_engine_args(): Using pool settings. pool_size=5, max_overflow=10, pool_recycle=1800, pid=386
[2024-07-11T08:40:00.750+0000] {processor.py:161} INFO - Started process (PID=386) to work on /home/airflow/.local/lib/python3.10/site-packages/airflow/example_dags/example_python_operator.py
[2024-07-11T08:40:00.750+0000] {processor.py:830} INFO - Processing file /home/airflow/.local/lib/python3.10/site-packages/airflow/example_dags/example_python_operator.py for tasks to queue
[2024-07-11T08:40:00.750+0000] {logging_mixin.py:188} INFO - [2024-07-11T08:40:00.750+0000] {dagbag.py:540} INFO - Filling up the DagBag from /home/airflow/.local/lib/python3.10/site-packages/airflow/example_dags/example_python_operator.py
[2024-07-11T08:40:00.751+0000] {logging_mixin.py:188} INFO - [2024-07-11T08:40:00.751+0000] {dagbag.py:332} DEBUG - Importing /home/airflow/.local/lib/python3.10/site-packages/airflow/example_dags/example_python_operator.py
[2024-07-11T08:40:00.758+0000] {logging_mixin.py:188} INFO - [2024-07-11T08:40:00.757+0000] {dagbag.py:506} DEBUG - Loaded DAG <DAG: example_python_operator>
[2024-07-11T08:40:00.758+0000] {processor.py:840} INFO - DAG(s) 'example_python_operator' retrieved from /home/airflow/.local/lib/python3.10/site-packages/airflow/example_dags/example_python_operator.py
[2024-07-11T08:40:00.759+0000] {logging_mixin.py:188} INFO - [2024-07-11T08:40:00.759+0000] {dagbag.py:662} DEBUG - Running dagbag.sync_to_db with retries. Try 1 of 3
[2024-07-11T08:40:00.759+0000] {logging_mixin.py:188} INFO - [2024-07-11T08:40:00.759+0000] {dagbag.py:667} DEBUG - Calling the DAG.bulk_sync_to_db method
[2024-07-11T08:40:00.766+0000] {logging_mixin.py:188} INFO - [2024-07-11T08:40:00.766+0000] {serialized_dag.py:165} DEBUG - Checking if DAG (example_python_operator) changed
[2024-07-11T08:40:00.773+0000] {logging_mixin.py:188} INFO - [2024-07-11T08:40:00.773+0000] {serialized_dag.py:176} DEBUG - Serialized DAG (example_python_operator) is unchanged. Skipping writing to DB
[2024-07-11T08:40:00.773+0000] {logging_mixin.py:188} INFO - [2024-07-11T08:40:00.773+0000] {dag.py:3047} INFO - Sync 1 DAGs
[2024-07-11T08:40:00.781+0000] {logging_mixin.py:188} INFO - [2024-07-11T08:40:00.781+0000] {dag.py:3834} INFO - Setting next_dagrun for example_python_operator to None, run_after=None
[2024-07-11T08:40:00.794+0000] {processor.py:183} INFO - Processing /home/airflow/.local/lib/python3.10/site-packages/airflow/example_dags/example_python_operator.py took 0.047 seconds
[2024-07-11T08:41:12.643+0000] {logging_mixin.py:188} INFO - [2024-07-11T08:41:12.643+0000] {settings.py:249} DEBUG - Setting up DB connection pool (PID 50)
[2024-07-11T08:41:12.644+0000] {logging_mixin.py:188} INFO - [2024-07-11T08:41:12.644+0000] {settings.py:350} DEBUG - settings.prepare_engine_args(): Using pool settings. pool_size=5, max_overflow=10, pool_recycle=1800, pid=50
[2024-07-11T08:41:12.646+0000] {processor.py:161} INFO - Started process (PID=50) to work on /home/airflow/.local/lib/python3.10/site-packages/airflow/example_dags/example_python_operator.py
[2024-07-11T08:41:12.646+0000] {processor.py:830} INFO - Processing file /home/airflow/.local/lib/python3.10/site-packages/airflow/example_dags/example_python_operator.py for tasks to queue
[2024-07-11T08:41:12.647+0000] {logging_mixin.py:188} INFO - [2024-07-11T08:41:12.646+0000] {dagbag.py:540} INFO - Filling up the DagBag from /home/airflow/.local/lib/python3.10/site-packages/airflow/example_dags/example_python_operator.py
[2024-07-11T08:41:12.647+0000] {logging_mixin.py:188} INFO - [2024-07-11T08:41:12.647+0000] {dagbag.py:332} DEBUG - Importing /home/airflow/.local/lib/python3.10/site-packages/airflow/example_dags/example_python_operator.py
[2024-07-11T08:41:12.656+0000] {logging_mixin.py:188} INFO - [2024-07-11T08:41:12.656+0000] {dagbag.py:506} DEBUG - Loaded DAG <DAG: example_python_operator>
[2024-07-11T08:41:12.656+0000] {processor.py:840} INFO - DAG(s) 'example_python_operator' retrieved from /home/airflow/.local/lib/python3.10/site-packages/airflow/example_dags/example_python_operator.py
[2024-07-11T08:41:12.657+0000] {logging_mixin.py:188} INFO - [2024-07-11T08:41:12.657+0000] {dagbag.py:662} DEBUG - Running dagbag.sync_to_db with retries. Try 1 of 3
[2024-07-11T08:41:12.658+0000] {logging_mixin.py:188} INFO - [2024-07-11T08:41:12.657+0000] {dagbag.py:667} DEBUG - Calling the DAG.bulk_sync_to_db method
[2024-07-11T08:41:12.666+0000] {logging_mixin.py:188} INFO - [2024-07-11T08:41:12.665+0000] {dag.py:3047} INFO - Sync 1 DAGs
[2024-07-11T08:41:12.676+0000] {logging_mixin.py:188} INFO - [2024-07-11T08:41:12.676+0000] {dag.py:3834} INFO - Setting next_dagrun for example_python_operator to None, run_after=None
[2024-07-11T08:41:12.692+0000] {processor.py:183} INFO - Processing /home/airflow/.local/lib/python3.10/site-packages/airflow/example_dags/example_python_operator.py took 0.049 seconds
[2024-07-11T08:41:43.635+0000] {logging_mixin.py:188} INFO - [2024-07-11T08:41:43.635+0000] {settings.py:249} DEBUG - Setting up DB connection pool (PID 106)
[2024-07-11T08:41:43.636+0000] {logging_mixin.py:188} INFO - [2024-07-11T08:41:43.636+0000] {settings.py:350} DEBUG - settings.prepare_engine_args(): Using pool settings. pool_size=5, max_overflow=10, pool_recycle=1800, pid=106
[2024-07-11T08:41:43.638+0000] {processor.py:161} INFO - Started process (PID=106) to work on /home/airflow/.local/lib/python3.10/site-packages/airflow/example_dags/example_python_operator.py
[2024-07-11T08:41:43.638+0000] {processor.py:830} INFO - Processing file /home/airflow/.local/lib/python3.10/site-packages/airflow/example_dags/example_python_operator.py for tasks to queue
[2024-07-11T08:41:43.638+0000] {logging_mixin.py:188} INFO - [2024-07-11T08:41:43.638+0000] {dagbag.py:540} INFO - Filling up the DagBag from /home/airflow/.local/lib/python3.10/site-packages/airflow/example_dags/example_python_operator.py
[2024-07-11T08:41:43.639+0000] {logging_mixin.py:188} INFO - [2024-07-11T08:41:43.639+0000] {dagbag.py:332} DEBUG - Importing /home/airflow/.local/lib/python3.10/site-packages/airflow/example_dags/example_python_operator.py
[2024-07-11T08:41:43.646+0000] {logging_mixin.py:188} INFO - [2024-07-11T08:41:43.645+0000] {dagbag.py:506} DEBUG - Loaded DAG <DAG: example_python_operator>
[2024-07-11T08:41:43.646+0000] {processor.py:840} INFO - DAG(s) 'example_python_operator' retrieved from /home/airflow/.local/lib/python3.10/site-packages/airflow/example_dags/example_python_operator.py
[2024-07-11T08:41:43.647+0000] {logging_mixin.py:188} INFO - [2024-07-11T08:41:43.647+0000] {dagbag.py:662} DEBUG - Running dagbag.sync_to_db with retries. Try 1 of 3
[2024-07-11T08:41:43.647+0000] {logging_mixin.py:188} INFO - [2024-07-11T08:41:43.647+0000] {dagbag.py:667} DEBUG - Calling the DAG.bulk_sync_to_db method
[2024-07-11T08:41:43.655+0000] {logging_mixin.py:188} INFO - [2024-07-11T08:41:43.655+0000] {serialized_dag.py:165} DEBUG - Checking if DAG (example_python_operator) changed
[2024-07-11T08:41:43.662+0000] {logging_mixin.py:188} INFO - [2024-07-11T08:41:43.662+0000] {serialized_dag.py:179} DEBUG - Writing Serialized DAG: example_python_operator to the DB
[2024-07-11T08:41:43.665+0000] {logging_mixin.py:188} INFO - [2024-07-11T08:41:43.665+0000] {serialized_dag.py:181} DEBUG - DAG: example_python_operator written to the DB
[2024-07-11T08:41:43.665+0000] {logging_mixin.py:188} INFO - [2024-07-11T08:41:43.665+0000] {dagbag.py:696} DEBUG - Syncing DAG permissions: example_python_operator to the DB
[2024-07-11T08:41:43.723+0000] {logging_mixin.py:188} INFO - [2024-07-11T08:41:43.722+0000] {override.py:1034} DEBUG - Not syncing DAG-level permissions for DAG 'DAG:example_python_operator' as access control is unset.
[2024-07-11T08:41:43.723+0000] {logging_mixin.py:188} INFO - [2024-07-11T08:41:43.723+0000] {dag.py:3047} INFO - Sync 1 DAGs
[2024-07-11T08:41:43.730+0000] {logging_mixin.py:188} INFO - [2024-07-11T08:41:43.730+0000] {dag.py:3834} INFO - Setting next_dagrun for example_python_operator to None, run_after=None
[2024-07-11T08:41:43.744+0000] {processor.py:183} INFO - Processing /home/airflow/.local/lib/python3.10/site-packages/airflow/example_dags/example_python_operator.py took 0.109 seconds
[2024-07-11T08:42:14.611+0000] {logging_mixin.py:188} INFO - [2024-07-11T08:42:14.611+0000] {settings.py:249} DEBUG - Setting up DB connection pool (PID 162)
[2024-07-11T08:42:14.612+0000] {logging_mixin.py:188} INFO - [2024-07-11T08:42:14.612+0000] {settings.py:350} DEBUG - settings.prepare_engine_args(): Using pool settings. pool_size=5, max_overflow=10, pool_recycle=1800, pid=162
[2024-07-11T08:42:14.613+0000] {processor.py:161} INFO - Started process (PID=162) to work on /home/airflow/.local/lib/python3.10/site-packages/airflow/example_dags/example_python_operator.py
[2024-07-11T08:42:14.614+0000] {processor.py:830} INFO - Processing file /home/airflow/.local/lib/python3.10/site-packages/airflow/example_dags/example_python_operator.py for tasks to queue
[2024-07-11T08:42:14.614+0000] {logging_mixin.py:188} INFO - [2024-07-11T08:42:14.614+0000] {dagbag.py:540} INFO - Filling up the DagBag from /home/airflow/.local/lib/python3.10/site-packages/airflow/example_dags/example_python_operator.py
[2024-07-11T08:42:14.615+0000] {logging_mixin.py:188} INFO - [2024-07-11T08:42:14.615+0000] {dagbag.py:332} DEBUG - Importing /home/airflow/.local/lib/python3.10/site-packages/airflow/example_dags/example_python_operator.py
[2024-07-11T08:42:14.622+0000] {logging_mixin.py:188} INFO - [2024-07-11T08:42:14.621+0000] {dagbag.py:506} DEBUG - Loaded DAG <DAG: example_python_operator>
[2024-07-11T08:42:14.622+0000] {processor.py:840} INFO - DAG(s) 'example_python_operator' retrieved from /home/airflow/.local/lib/python3.10/site-packages/airflow/example_dags/example_python_operator.py
[2024-07-11T08:42:14.623+0000] {logging_mixin.py:188} INFO - [2024-07-11T08:42:14.623+0000] {dagbag.py:662} DEBUG - Running dagbag.sync_to_db with retries. Try 1 of 3
[2024-07-11T08:42:14.623+0000] {logging_mixin.py:188} INFO - [2024-07-11T08:42:14.623+0000] {dagbag.py:667} DEBUG - Calling the DAG.bulk_sync_to_db method
[2024-07-11T08:42:14.630+0000] {logging_mixin.py:188} INFO - [2024-07-11T08:42:14.630+0000] {serialized_dag.py:165} DEBUG - Checking if DAG (example_python_operator) changed
[2024-07-11T08:42:14.637+0000] {logging_mixin.py:188} INFO - [2024-07-11T08:42:14.636+0000] {serialized_dag.py:176} DEBUG - Serialized DAG (example_python_operator) is unchanged. Skipping writing to DB
[2024-07-11T08:42:14.637+0000] {logging_mixin.py:188} INFO - [2024-07-11T08:42:14.637+0000] {dag.py:3047} INFO - Sync 1 DAGs
[2024-07-11T08:42:14.645+0000] {logging_mixin.py:188} INFO - [2024-07-11T08:42:14.645+0000] {dag.py:3834} INFO - Setting next_dagrun for example_python_operator to None, run_after=None
[2024-07-11T08:42:14.659+0000] {processor.py:183} INFO - Processing /home/airflow/.local/lib/python3.10/site-packages/airflow/example_dags/example_python_operator.py took 0.048 seconds
[2024-07-11T08:42:44.784+0000] {logging_mixin.py:188} INFO - [2024-07-11T08:42:44.783+0000] {settings.py:249} DEBUG - Setting up DB connection pool (PID 218)
[2024-07-11T08:42:44.784+0000] {logging_mixin.py:188} INFO - [2024-07-11T08:42:44.784+0000] {settings.py:350} DEBUG - settings.prepare_engine_args(): Using pool settings. pool_size=5, max_overflow=10, pool_recycle=1800, pid=218
[2024-07-11T08:42:44.786+0000] {processor.py:161} INFO - Started process (PID=218) to work on /home/airflow/.local/lib/python3.10/site-packages/airflow/example_dags/example_python_operator.py
[2024-07-11T08:42:44.787+0000] {processor.py:830} INFO - Processing file /home/airflow/.local/lib/python3.10/site-packages/airflow/example_dags/example_python_operator.py for tasks to queue
[2024-07-11T08:42:44.787+0000] {logging_mixin.py:188} INFO - [2024-07-11T08:42:44.787+0000] {dagbag.py:540} INFO - Filling up the DagBag from /home/airflow/.local/lib/python3.10/site-packages/airflow/example_dags/example_python_operator.py
[2024-07-11T08:42:44.788+0000] {logging_mixin.py:188} INFO - [2024-07-11T08:42:44.788+0000] {dagbag.py:332} DEBUG - Importing /home/airflow/.local/lib/python3.10/site-packages/airflow/example_dags/example_python_operator.py
[2024-07-11T08:42:44.796+0000] {logging_mixin.py:188} INFO - [2024-07-11T08:42:44.795+0000] {dagbag.py:506} DEBUG - Loaded DAG <DAG: example_python_operator>
[2024-07-11T08:42:44.796+0000] {processor.py:840} INFO - DAG(s) 'example_python_operator' retrieved from /home/airflow/.local/lib/python3.10/site-packages/airflow/example_dags/example_python_operator.py
[2024-07-11T08:42:44.797+0000] {logging_mixin.py:188} INFO - [2024-07-11T08:42:44.796+0000] {dagbag.py:662} DEBUG - Running dagbag.sync_to_db with retries. Try 1 of 3
[2024-07-11T08:42:44.797+0000] {logging_mixin.py:188} INFO - [2024-07-11T08:42:44.797+0000] {dagbag.py:667} DEBUG - Calling the DAG.bulk_sync_to_db method
[2024-07-11T08:42:44.805+0000] {logging_mixin.py:188} INFO - [2024-07-11T08:42:44.804+0000] {serialized_dag.py:165} DEBUG - Checking if DAG (example_python_operator) changed
[2024-07-11T08:42:44.813+0000] {logging_mixin.py:188} INFO - [2024-07-11T08:42:44.812+0000] {serialized_dag.py:176} DEBUG - Serialized DAG (example_python_operator) is unchanged. Skipping writing to DB
[2024-07-11T08:42:44.813+0000] {logging_mixin.py:188} INFO - [2024-07-11T08:42:44.813+0000] {dag.py:3047} INFO - Sync 1 DAGs
[2024-07-11T08:42:44.822+0000] {logging_mixin.py:188} INFO - [2024-07-11T08:42:44.822+0000] {dag.py:3834} INFO - Setting next_dagrun for example_python_operator to None, run_after=None
[2024-07-11T08:42:44.837+0000] {processor.py:183} INFO - Processing /home/airflow/.local/lib/python3.10/site-packages/airflow/example_dags/example_python_operator.py took 0.053 seconds
[2024-07-11T08:43:14.993+0000] {logging_mixin.py:188} INFO - [2024-07-11T08:43:14.992+0000] {settings.py:249} DEBUG - Setting up DB connection pool (PID 274)
[2024-07-11T08:43:14.994+0000] {logging_mixin.py:188} INFO - [2024-07-11T08:43:14.994+0000] {settings.py:350} DEBUG - settings.prepare_engine_args(): Using pool settings. pool_size=5, max_overflow=10, pool_recycle=1800, pid=274
[2024-07-11T08:43:14.996+0000] {processor.py:161} INFO - Started process (PID=274) to work on /home/airflow/.local/lib/python3.10/site-packages/airflow/example_dags/example_python_operator.py
[2024-07-11T08:43:14.997+0000] {processor.py:830} INFO - Processing file /home/airflow/.local/lib/python3.10/site-packages/airflow/example_dags/example_python_operator.py for tasks to queue
[2024-07-11T08:43:14.997+0000] {logging_mixin.py:188} INFO - [2024-07-11T08:43:14.997+0000] {dagbag.py:540} INFO - Filling up the DagBag from /home/airflow/.local/lib/python3.10/site-packages/airflow/example_dags/example_python_operator.py
[2024-07-11T08:43:14.998+0000] {logging_mixin.py:188} INFO - [2024-07-11T08:43:14.998+0000] {dagbag.py:332} DEBUG - Importing /home/airflow/.local/lib/python3.10/site-packages/airflow/example_dags/example_python_operator.py
[2024-07-11T08:43:15.011+0000] {logging_mixin.py:188} INFO - [2024-07-11T08:43:15.011+0000] {dagbag.py:506} DEBUG - Loaded DAG <DAG: example_python_operator>
[2024-07-11T08:43:15.011+0000] {processor.py:840} INFO - DAG(s) 'example_python_operator' retrieved from /home/airflow/.local/lib/python3.10/site-packages/airflow/example_dags/example_python_operator.py
[2024-07-11T08:43:15.012+0000] {logging_mixin.py:188} INFO - [2024-07-11T08:43:15.012+0000] {dagbag.py:662} DEBUG - Running dagbag.sync_to_db with retries. Try 1 of 3
[2024-07-11T08:43:15.012+0000] {logging_mixin.py:188} INFO - [2024-07-11T08:43:15.012+0000] {dagbag.py:667} DEBUG - Calling the DAG.bulk_sync_to_db method
[2024-07-11T08:43:15.028+0000] {logging_mixin.py:188} INFO - [2024-07-11T08:43:15.027+0000] {serialized_dag.py:165} DEBUG - Checking if DAG (example_python_operator) changed
[2024-07-11T08:43:15.039+0000] {logging_mixin.py:188} INFO - [2024-07-11T08:43:15.038+0000] {serialized_dag.py:176} DEBUG - Serialized DAG (example_python_operator) is unchanged. Skipping writing to DB
[2024-07-11T08:43:15.039+0000] {logging_mixin.py:188} INFO - [2024-07-11T08:43:15.039+0000] {dag.py:3047} INFO - Sync 1 DAGs
[2024-07-11T08:43:15.052+0000] {logging_mixin.py:188} INFO - [2024-07-11T08:43:15.051+0000] {dag.py:3834} INFO - Setting next_dagrun for example_python_operator to None, run_after=None
[2024-07-11T08:43:15.074+0000] {processor.py:183} INFO - Processing /home/airflow/.local/lib/python3.10/site-packages/airflow/example_dags/example_python_operator.py took 0.082 seconds
[2024-07-11T08:43:45.204+0000] {logging_mixin.py:188} INFO - [2024-07-11T08:43:45.203+0000] {settings.py:249} DEBUG - Setting up DB connection pool (PID 330)
[2024-07-11T08:43:45.204+0000] {logging_mixin.py:188} INFO - [2024-07-11T08:43:45.204+0000] {settings.py:350} DEBUG - settings.prepare_engine_args(): Using pool settings. pool_size=5, max_overflow=10, pool_recycle=1800, pid=330
[2024-07-11T08:43:45.206+0000] {processor.py:161} INFO - Started process (PID=330) to work on /home/airflow/.local/lib/python3.10/site-packages/airflow/example_dags/example_python_operator.py
[2024-07-11T08:43:45.206+0000] {processor.py:830} INFO - Processing file /home/airflow/.local/lib/python3.10/site-packages/airflow/example_dags/example_python_operator.py for tasks to queue
[2024-07-11T08:43:45.207+0000] {logging_mixin.py:188} INFO - [2024-07-11T08:43:45.206+0000] {dagbag.py:540} INFO - Filling up the DagBag from /home/airflow/.local/lib/python3.10/site-packages/airflow/example_dags/example_python_operator.py
[2024-07-11T08:43:45.207+0000] {logging_mixin.py:188} INFO - [2024-07-11T08:43:45.207+0000] {dagbag.py:332} DEBUG - Importing /home/airflow/.local/lib/python3.10/site-packages/airflow/example_dags/example_python_operator.py
[2024-07-11T08:43:45.217+0000] {logging_mixin.py:188} INFO - [2024-07-11T08:43:45.216+0000] {dagbag.py:506} DEBUG - Loaded DAG <DAG: example_python_operator>
[2024-07-11T08:43:45.217+0000] {processor.py:840} INFO - DAG(s) 'example_python_operator' retrieved from /home/airflow/.local/lib/python3.10/site-packages/airflow/example_dags/example_python_operator.py
[2024-07-11T08:43:45.218+0000] {logging_mixin.py:188} INFO - [2024-07-11T08:43:45.217+0000] {dagbag.py:662} DEBUG - Running dagbag.sync_to_db with retries. Try 1 of 3
[2024-07-11T08:43:45.218+0000] {logging_mixin.py:188} INFO - [2024-07-11T08:43:45.218+0000] {dagbag.py:667} DEBUG - Calling the DAG.bulk_sync_to_db method
[2024-07-11T08:43:45.226+0000] {logging_mixin.py:188} INFO - [2024-07-11T08:43:45.225+0000] {serialized_dag.py:165} DEBUG - Checking if DAG (example_python_operator) changed
[2024-07-11T08:43:45.233+0000] {logging_mixin.py:188} INFO - [2024-07-11T08:43:45.233+0000] {serialized_dag.py:176} DEBUG - Serialized DAG (example_python_operator) is unchanged. Skipping writing to DB
[2024-07-11T08:43:45.233+0000] {logging_mixin.py:188} INFO - [2024-07-11T08:43:45.233+0000] {dag.py:3047} INFO - Sync 1 DAGs
[2024-07-11T08:43:45.242+0000] {logging_mixin.py:188} INFO - [2024-07-11T08:43:45.241+0000] {dag.py:3834} INFO - Setting next_dagrun for example_python_operator to None, run_after=None
[2024-07-11T08:43:45.253+0000] {processor.py:183} INFO - Processing /home/airflow/.local/lib/python3.10/site-packages/airflow/example_dags/example_python_operator.py took 0.050 seconds
[2024-07-11T08:44:15.631+0000] {logging_mixin.py:188} INFO - [2024-07-11T08:44:15.630+0000] {settings.py:249} DEBUG - Setting up DB connection pool (PID 386)
[2024-07-11T08:44:15.631+0000] {logging_mixin.py:188} INFO - [2024-07-11T08:44:15.631+0000] {settings.py:350} DEBUG - settings.prepare_engine_args(): Using pool settings. pool_size=5, max_overflow=10, pool_recycle=1800, pid=386
[2024-07-11T08:44:15.633+0000] {processor.py:161} INFO - Started process (PID=386) to work on /home/airflow/.local/lib/python3.10/site-packages/airflow/example_dags/example_python_operator.py
[2024-07-11T08:44:15.634+0000] {processor.py:830} INFO - Processing file /home/airflow/.local/lib/python3.10/site-packages/airflow/example_dags/example_python_operator.py for tasks to queue
[2024-07-11T08:44:15.634+0000] {logging_mixin.py:188} INFO - [2024-07-11T08:44:15.634+0000] {dagbag.py:540} INFO - Filling up the DagBag from /home/airflow/.local/lib/python3.10/site-packages/airflow/example_dags/example_python_operator.py
[2024-07-11T08:44:15.635+0000] {logging_mixin.py:188} INFO - [2024-07-11T08:44:15.635+0000] {dagbag.py:332} DEBUG - Importing /home/airflow/.local/lib/python3.10/site-packages/airflow/example_dags/example_python_operator.py
[2024-07-11T08:44:15.645+0000] {logging_mixin.py:188} INFO - [2024-07-11T08:44:15.644+0000] {dagbag.py:506} DEBUG - Loaded DAG <DAG: example_python_operator>
[2024-07-11T08:44:15.645+0000] {processor.py:840} INFO - DAG(s) 'example_python_operator' retrieved from /home/airflow/.local/lib/python3.10/site-packages/airflow/example_dags/example_python_operator.py
[2024-07-11T08:44:15.646+0000] {logging_mixin.py:188} INFO - [2024-07-11T08:44:15.645+0000] {dagbag.py:662} DEBUG - Running dagbag.sync_to_db with retries. Try 1 of 3
[2024-07-11T08:44:15.646+0000] {logging_mixin.py:188} INFO - [2024-07-11T08:44:15.646+0000] {dagbag.py:667} DEBUG - Calling the DAG.bulk_sync_to_db method
[2024-07-11T08:44:15.655+0000] {logging_mixin.py:188} INFO - [2024-07-11T08:44:15.654+0000] {serialized_dag.py:165} DEBUG - Checking if DAG (example_python_operator) changed
[2024-07-11T08:44:15.662+0000] {logging_mixin.py:188} INFO - [2024-07-11T08:44:15.662+0000] {serialized_dag.py:176} DEBUG - Serialized DAG (example_python_operator) is unchanged. Skipping writing to DB
[2024-07-11T08:44:15.663+0000] {logging_mixin.py:188} INFO - [2024-07-11T08:44:15.662+0000] {dag.py:3047} INFO - Sync 1 DAGs
[2024-07-11T08:44:15.673+0000] {logging_mixin.py:188} INFO - [2024-07-11T08:44:15.673+0000] {dag.py:3834} INFO - Setting next_dagrun for example_python_operator to None, run_after=None
[2024-07-11T08:44:15.688+0000] {processor.py:183} INFO - Processing /home/airflow/.local/lib/python3.10/site-packages/airflow/example_dags/example_python_operator.py took 0.058 seconds
[2024-07-11T08:44:45.961+0000] {logging_mixin.py:188} INFO - [2024-07-11T08:44:45.961+0000] {settings.py:249} DEBUG - Setting up DB connection pool (PID 442)
[2024-07-11T08:44:45.962+0000] {logging_mixin.py:188} INFO - [2024-07-11T08:44:45.962+0000] {settings.py:350} DEBUG - settings.prepare_engine_args(): Using pool settings. pool_size=5, max_overflow=10, pool_recycle=1800, pid=442
[2024-07-11T08:44:45.963+0000] {processor.py:161} INFO - Started process (PID=442) to work on /home/airflow/.local/lib/python3.10/site-packages/airflow/example_dags/example_python_operator.py
[2024-07-11T08:44:45.964+0000] {processor.py:830} INFO - Processing file /home/airflow/.local/lib/python3.10/site-packages/airflow/example_dags/example_python_operator.py for tasks to queue
[2024-07-11T08:44:45.964+0000] {logging_mixin.py:188} INFO - [2024-07-11T08:44:45.964+0000] {dagbag.py:540} INFO - Filling up the DagBag from /home/airflow/.local/lib/python3.10/site-packages/airflow/example_dags/example_python_operator.py
[2024-07-11T08:44:45.965+0000] {logging_mixin.py:188} INFO - [2024-07-11T08:44:45.965+0000] {dagbag.py:332} DEBUG - Importing /home/airflow/.local/lib/python3.10/site-packages/airflow/example_dags/example_python_operator.py
[2024-07-11T08:44:45.972+0000] {logging_mixin.py:188} INFO - [2024-07-11T08:44:45.971+0000] {dagbag.py:506} DEBUG - Loaded DAG <DAG: example_python_operator>
[2024-07-11T08:44:45.972+0000] {processor.py:840} INFO - DAG(s) 'example_python_operator' retrieved from /home/airflow/.local/lib/python3.10/site-packages/airflow/example_dags/example_python_operator.py
[2024-07-11T08:44:45.973+0000] {logging_mixin.py:188} INFO - [2024-07-11T08:44:45.973+0000] {dagbag.py:662} DEBUG - Running dagbag.sync_to_db with retries. Try 1 of 3
[2024-07-11T08:44:45.973+0000] {logging_mixin.py:188} INFO - [2024-07-11T08:44:45.973+0000] {dagbag.py:667} DEBUG - Calling the DAG.bulk_sync_to_db method
[2024-07-11T08:44:45.987+0000] {logging_mixin.py:188} INFO - [2024-07-11T08:44:45.986+0000] {serialized_dag.py:165} DEBUG - Checking if DAG (example_python_operator) changed
[2024-07-11T08:44:46.001+0000] {logging_mixin.py:188} INFO - [2024-07-11T08:44:46.000+0000] {serialized_dag.py:176} DEBUG - Serialized DAG (example_python_operator) is unchanged. Skipping writing to DB
[2024-07-11T08:44:46.002+0000] {logging_mixin.py:188} INFO - [2024-07-11T08:44:46.001+0000] {dag.py:3047} INFO - Sync 1 DAGs
[2024-07-11T08:44:46.017+0000] {logging_mixin.py:188} INFO - [2024-07-11T08:44:46.017+0000] {dag.py:3834} INFO - Setting next_dagrun for example_python_operator to None, run_after=None
[2024-07-11T08:44:46.045+0000] {processor.py:183} INFO - Processing /home/airflow/.local/lib/python3.10/site-packages/airflow/example_dags/example_python_operator.py took 0.084 seconds
