[2024-07-11T08:36:58.661+0000] {logging_mixin.py:188} INFO - [2024-07-11T08:36:58.660+0000] {settings.py:249} DEBUG - Setting up DB connection pool (PID 53)
[2024-07-11T08:36:58.662+0000] {logging_mixin.py:188} INFO - [2024-07-11T08:36:58.661+0000] {settings.py:350} DEBUG - settings.prepare_engine_args(): Using pool settings. pool_size=5, max_overflow=10, pool_recycle=1800, pid=53
[2024-07-11T08:36:58.664+0000] {processor.py:161} INFO - Started process (PID=53) to work on /home/airflow/.local/lib/python3.10/site-packages/airflow/example_dags/tutorial_taskflow_api.py
[2024-07-11T08:36:58.664+0000] {processor.py:830} INFO - Processing file /home/airflow/.local/lib/python3.10/site-packages/airflow/example_dags/tutorial_taskflow_api.py for tasks to queue
[2024-07-11T08:36:58.664+0000] {logging_mixin.py:188} INFO - [2024-07-11T08:36:58.664+0000] {dagbag.py:540} INFO - Filling up the DagBag from /home/airflow/.local/lib/python3.10/site-packages/airflow/example_dags/tutorial_taskflow_api.py
[2024-07-11T08:36:58.665+0000] {logging_mixin.py:188} INFO - [2024-07-11T08:36:58.665+0000] {dagbag.py:332} DEBUG - Importing /home/airflow/.local/lib/python3.10/site-packages/airflow/example_dags/tutorial_taskflow_api.py
[2024-07-11T08:36:58.671+0000] {logging_mixin.py:188} INFO - [2024-07-11T08:36:58.670+0000] {dagbag.py:506} DEBUG - Loaded DAG <DAG: tutorial_taskflow_api>
[2024-07-11T08:36:58.671+0000] {processor.py:840} INFO - DAG(s) 'tutorial_taskflow_api' retrieved from /home/airflow/.local/lib/python3.10/site-packages/airflow/example_dags/tutorial_taskflow_api.py
[2024-07-11T08:36:58.672+0000] {logging_mixin.py:188} INFO - [2024-07-11T08:36:58.672+0000] {dagbag.py:662} DEBUG - Running dagbag.sync_to_db with retries. Try 1 of 3
[2024-07-11T08:36:58.672+0000] {logging_mixin.py:188} INFO - [2024-07-11T08:36:58.672+0000] {dagbag.py:667} DEBUG - Calling the DAG.bulk_sync_to_db method
[2024-07-11T08:36:58.681+0000] {logging_mixin.py:188} INFO - [2024-07-11T08:36:58.681+0000] {dag.py:3047} INFO - Sync 1 DAGs
[2024-07-11T08:36:58.692+0000] {logging_mixin.py:188} INFO - [2024-07-11T08:36:58.691+0000] {dag.py:3834} INFO - Setting next_dagrun for tutorial_taskflow_api to None, run_after=None
[2024-07-11T08:36:58.712+0000] {processor.py:183} INFO - Processing /home/airflow/.local/lib/python3.10/site-packages/airflow/example_dags/tutorial_taskflow_api.py took 0.052 seconds
[2024-07-11T08:37:29.081+0000] {logging_mixin.py:188} INFO - [2024-07-11T08:37:29.081+0000] {settings.py:249} DEBUG - Setting up DB connection pool (PID 109)
[2024-07-11T08:37:29.082+0000] {logging_mixin.py:188} INFO - [2024-07-11T08:37:29.082+0000] {settings.py:350} DEBUG - settings.prepare_engine_args(): Using pool settings. pool_size=5, max_overflow=10, pool_recycle=1800, pid=109
[2024-07-11T08:37:29.084+0000] {processor.py:161} INFO - Started process (PID=109) to work on /home/airflow/.local/lib/python3.10/site-packages/airflow/example_dags/tutorial_taskflow_api.py
[2024-07-11T08:37:29.084+0000] {processor.py:830} INFO - Processing file /home/airflow/.local/lib/python3.10/site-packages/airflow/example_dags/tutorial_taskflow_api.py for tasks to queue
[2024-07-11T08:37:29.085+0000] {logging_mixin.py:188} INFO - [2024-07-11T08:37:29.085+0000] {dagbag.py:540} INFO - Filling up the DagBag from /home/airflow/.local/lib/python3.10/site-packages/airflow/example_dags/tutorial_taskflow_api.py
[2024-07-11T08:37:29.086+0000] {logging_mixin.py:188} INFO - [2024-07-11T08:37:29.085+0000] {dagbag.py:332} DEBUG - Importing /home/airflow/.local/lib/python3.10/site-packages/airflow/example_dags/tutorial_taskflow_api.py
[2024-07-11T08:37:29.090+0000] {logging_mixin.py:188} INFO - [2024-07-11T08:37:29.090+0000] {dagbag.py:506} DEBUG - Loaded DAG <DAG: tutorial_taskflow_api>
[2024-07-11T08:37:29.090+0000] {processor.py:840} INFO - DAG(s) 'tutorial_taskflow_api' retrieved from /home/airflow/.local/lib/python3.10/site-packages/airflow/example_dags/tutorial_taskflow_api.py
[2024-07-11T08:37:29.091+0000] {logging_mixin.py:188} INFO - [2024-07-11T08:37:29.091+0000] {dagbag.py:662} DEBUG - Running dagbag.sync_to_db with retries. Try 1 of 3
[2024-07-11T08:37:29.091+0000] {logging_mixin.py:188} INFO - [2024-07-11T08:37:29.091+0000] {dagbag.py:667} DEBUG - Calling the DAG.bulk_sync_to_db method
[2024-07-11T08:37:29.098+0000] {logging_mixin.py:188} INFO - [2024-07-11T08:37:29.098+0000] {serialized_dag.py:165} DEBUG - Checking if DAG (tutorial_taskflow_api) changed
[2024-07-11T08:37:29.105+0000] {logging_mixin.py:188} INFO - [2024-07-11T08:37:29.104+0000] {serialized_dag.py:179} DEBUG - Writing Serialized DAG: tutorial_taskflow_api to the DB
[2024-07-11T08:37:29.107+0000] {logging_mixin.py:188} INFO - [2024-07-11T08:37:29.107+0000] {serialized_dag.py:181} DEBUG - DAG: tutorial_taskflow_api written to the DB
[2024-07-11T08:37:29.108+0000] {logging_mixin.py:188} INFO - [2024-07-11T08:37:29.108+0000] {dagbag.py:696} DEBUG - Syncing DAG permissions: tutorial_taskflow_api to the DB
[2024-07-11T08:37:29.167+0000] {logging_mixin.py:188} INFO - [2024-07-11T08:37:29.167+0000] {override.py:1034} DEBUG - Not syncing DAG-level permissions for DAG 'DAG:tutorial_taskflow_api' as access control is unset.
[2024-07-11T08:37:29.167+0000] {logging_mixin.py:188} INFO - [2024-07-11T08:37:29.167+0000] {dag.py:3047} INFO - Sync 1 DAGs
[2024-07-11T08:37:29.176+0000] {logging_mixin.py:188} INFO - [2024-07-11T08:37:29.176+0000] {dag.py:3834} INFO - Setting next_dagrun for tutorial_taskflow_api to None, run_after=None
[2024-07-11T08:37:29.194+0000] {processor.py:183} INFO - Processing /home/airflow/.local/lib/python3.10/site-packages/airflow/example_dags/tutorial_taskflow_api.py took 0.113 seconds
[2024-07-11T08:37:59.858+0000] {logging_mixin.py:188} INFO - [2024-07-11T08:37:59.858+0000] {settings.py:249} DEBUG - Setting up DB connection pool (PID 165)
[2024-07-11T08:37:59.859+0000] {logging_mixin.py:188} INFO - [2024-07-11T08:37:59.859+0000] {settings.py:350} DEBUG - settings.prepare_engine_args(): Using pool settings. pool_size=5, max_overflow=10, pool_recycle=1800, pid=165
[2024-07-11T08:37:59.860+0000] {processor.py:161} INFO - Started process (PID=165) to work on /home/airflow/.local/lib/python3.10/site-packages/airflow/example_dags/tutorial_taskflow_api.py
[2024-07-11T08:37:59.861+0000] {processor.py:830} INFO - Processing file /home/airflow/.local/lib/python3.10/site-packages/airflow/example_dags/tutorial_taskflow_api.py for tasks to queue
[2024-07-11T08:37:59.861+0000] {logging_mixin.py:188} INFO - [2024-07-11T08:37:59.861+0000] {dagbag.py:540} INFO - Filling up the DagBag from /home/airflow/.local/lib/python3.10/site-packages/airflow/example_dags/tutorial_taskflow_api.py
[2024-07-11T08:37:59.862+0000] {logging_mixin.py:188} INFO - [2024-07-11T08:37:59.862+0000] {dagbag.py:332} DEBUG - Importing /home/airflow/.local/lib/python3.10/site-packages/airflow/example_dags/tutorial_taskflow_api.py
[2024-07-11T08:37:59.866+0000] {logging_mixin.py:188} INFO - [2024-07-11T08:37:59.866+0000] {dagbag.py:506} DEBUG - Loaded DAG <DAG: tutorial_taskflow_api>
[2024-07-11T08:37:59.866+0000] {processor.py:840} INFO - DAG(s) 'tutorial_taskflow_api' retrieved from /home/airflow/.local/lib/python3.10/site-packages/airflow/example_dags/tutorial_taskflow_api.py
[2024-07-11T08:37:59.867+0000] {logging_mixin.py:188} INFO - [2024-07-11T08:37:59.867+0000] {dagbag.py:662} DEBUG - Running dagbag.sync_to_db with retries. Try 1 of 3
[2024-07-11T08:37:59.867+0000] {logging_mixin.py:188} INFO - [2024-07-11T08:37:59.867+0000] {dagbag.py:667} DEBUG - Calling the DAG.bulk_sync_to_db method
[2024-07-11T08:37:59.874+0000] {logging_mixin.py:188} INFO - [2024-07-11T08:37:59.874+0000] {serialized_dag.py:165} DEBUG - Checking if DAG (tutorial_taskflow_api) changed
[2024-07-11T08:37:59.880+0000] {logging_mixin.py:188} INFO - [2024-07-11T08:37:59.879+0000] {serialized_dag.py:176} DEBUG - Serialized DAG (tutorial_taskflow_api) is unchanged. Skipping writing to DB
[2024-07-11T08:37:59.880+0000] {logging_mixin.py:188} INFO - [2024-07-11T08:37:59.880+0000] {dag.py:3047} INFO - Sync 1 DAGs
[2024-07-11T08:37:59.888+0000] {logging_mixin.py:188} INFO - [2024-07-11T08:37:59.888+0000] {dag.py:3834} INFO - Setting next_dagrun for tutorial_taskflow_api to None, run_after=None
[2024-07-11T08:37:59.900+0000] {processor.py:183} INFO - Processing /home/airflow/.local/lib/python3.10/site-packages/airflow/example_dags/tutorial_taskflow_api.py took 0.043 seconds
[2024-07-11T08:38:30.036+0000] {logging_mixin.py:188} INFO - [2024-07-11T08:38:30.036+0000] {settings.py:249} DEBUG - Setting up DB connection pool (PID 221)
[2024-07-11T08:38:30.038+0000] {logging_mixin.py:188} INFO - [2024-07-11T08:38:30.037+0000] {settings.py:350} DEBUG - settings.prepare_engine_args(): Using pool settings. pool_size=5, max_overflow=10, pool_recycle=1800, pid=221
[2024-07-11T08:38:30.040+0000] {processor.py:161} INFO - Started process (PID=221) to work on /home/airflow/.local/lib/python3.10/site-packages/airflow/example_dags/tutorial_taskflow_api.py
[2024-07-11T08:38:30.040+0000] {processor.py:830} INFO - Processing file /home/airflow/.local/lib/python3.10/site-packages/airflow/example_dags/tutorial_taskflow_api.py for tasks to queue
[2024-07-11T08:38:30.041+0000] {logging_mixin.py:188} INFO - [2024-07-11T08:38:30.041+0000] {dagbag.py:540} INFO - Filling up the DagBag from /home/airflow/.local/lib/python3.10/site-packages/airflow/example_dags/tutorial_taskflow_api.py
[2024-07-11T08:38:30.042+0000] {logging_mixin.py:188} INFO - [2024-07-11T08:38:30.042+0000] {dagbag.py:332} DEBUG - Importing /home/airflow/.local/lib/python3.10/site-packages/airflow/example_dags/tutorial_taskflow_api.py
[2024-07-11T08:38:30.048+0000] {logging_mixin.py:188} INFO - [2024-07-11T08:38:30.047+0000] {dagbag.py:506} DEBUG - Loaded DAG <DAG: tutorial_taskflow_api>
[2024-07-11T08:38:30.048+0000] {processor.py:840} INFO - DAG(s) 'tutorial_taskflow_api' retrieved from /home/airflow/.local/lib/python3.10/site-packages/airflow/example_dags/tutorial_taskflow_api.py
[2024-07-11T08:38:30.049+0000] {logging_mixin.py:188} INFO - [2024-07-11T08:38:30.049+0000] {dagbag.py:662} DEBUG - Running dagbag.sync_to_db with retries. Try 1 of 3
[2024-07-11T08:38:30.050+0000] {logging_mixin.py:188} INFO - [2024-07-11T08:38:30.050+0000] {dagbag.py:667} DEBUG - Calling the DAG.bulk_sync_to_db method
[2024-07-11T08:38:30.059+0000] {logging_mixin.py:188} INFO - [2024-07-11T08:38:30.059+0000] {serialized_dag.py:165} DEBUG - Checking if DAG (tutorial_taskflow_api) changed
[2024-07-11T08:38:30.069+0000] {logging_mixin.py:188} INFO - [2024-07-11T08:38:30.069+0000] {serialized_dag.py:176} DEBUG - Serialized DAG (tutorial_taskflow_api) is unchanged. Skipping writing to DB
[2024-07-11T08:38:30.070+0000] {logging_mixin.py:188} INFO - [2024-07-11T08:38:30.069+0000] {dag.py:3047} INFO - Sync 1 DAGs
[2024-07-11T08:38:30.082+0000] {logging_mixin.py:188} INFO - [2024-07-11T08:38:30.082+0000] {dag.py:3834} INFO - Setting next_dagrun for tutorial_taskflow_api to None, run_after=None
[2024-07-11T08:38:30.100+0000] {processor.py:183} INFO - Processing /home/airflow/.local/lib/python3.10/site-packages/airflow/example_dags/tutorial_taskflow_api.py took 0.064 seconds
[2024-07-11T08:39:00.292+0000] {logging_mixin.py:188} INFO - [2024-07-11T08:39:00.291+0000] {settings.py:249} DEBUG - Setting up DB connection pool (PID 277)
[2024-07-11T08:39:00.293+0000] {logging_mixin.py:188} INFO - [2024-07-11T08:39:00.293+0000] {settings.py:350} DEBUG - settings.prepare_engine_args(): Using pool settings. pool_size=5, max_overflow=10, pool_recycle=1800, pid=277
[2024-07-11T08:39:00.296+0000] {processor.py:161} INFO - Started process (PID=277) to work on /home/airflow/.local/lib/python3.10/site-packages/airflow/example_dags/tutorial_taskflow_api.py
[2024-07-11T08:39:00.297+0000] {processor.py:830} INFO - Processing file /home/airflow/.local/lib/python3.10/site-packages/airflow/example_dags/tutorial_taskflow_api.py for tasks to queue
[2024-07-11T08:39:00.298+0000] {logging_mixin.py:188} INFO - [2024-07-11T08:39:00.297+0000] {dagbag.py:540} INFO - Filling up the DagBag from /home/airflow/.local/lib/python3.10/site-packages/airflow/example_dags/tutorial_taskflow_api.py
[2024-07-11T08:39:00.299+0000] {logging_mixin.py:188} INFO - [2024-07-11T08:39:00.298+0000] {dagbag.py:332} DEBUG - Importing /home/airflow/.local/lib/python3.10/site-packages/airflow/example_dags/tutorial_taskflow_api.py
[2024-07-11T08:39:00.305+0000] {logging_mixin.py:188} INFO - [2024-07-11T08:39:00.304+0000] {dagbag.py:506} DEBUG - Loaded DAG <DAG: tutorial_taskflow_api>
[2024-07-11T08:39:00.305+0000] {processor.py:840} INFO - DAG(s) 'tutorial_taskflow_api' retrieved from /home/airflow/.local/lib/python3.10/site-packages/airflow/example_dags/tutorial_taskflow_api.py
[2024-07-11T08:39:00.306+0000] {logging_mixin.py:188} INFO - [2024-07-11T08:39:00.306+0000] {dagbag.py:662} DEBUG - Running dagbag.sync_to_db with retries. Try 1 of 3
[2024-07-11T08:39:00.306+0000] {logging_mixin.py:188} INFO - [2024-07-11T08:39:00.306+0000] {dagbag.py:667} DEBUG - Calling the DAG.bulk_sync_to_db method
[2024-07-11T08:39:00.316+0000] {logging_mixin.py:188} INFO - [2024-07-11T08:39:00.316+0000] {serialized_dag.py:165} DEBUG - Checking if DAG (tutorial_taskflow_api) changed
[2024-07-11T08:39:00.325+0000] {logging_mixin.py:188} INFO - [2024-07-11T08:39:00.325+0000] {serialized_dag.py:176} DEBUG - Serialized DAG (tutorial_taskflow_api) is unchanged. Skipping writing to DB
[2024-07-11T08:39:00.326+0000] {logging_mixin.py:188} INFO - [2024-07-11T08:39:00.326+0000] {dag.py:3047} INFO - Sync 1 DAGs
[2024-07-11T08:39:00.338+0000] {logging_mixin.py:188} INFO - [2024-07-11T08:39:00.338+0000] {dag.py:3834} INFO - Setting next_dagrun for tutorial_taskflow_api to None, run_after=None
[2024-07-11T08:39:00.357+0000] {processor.py:183} INFO - Processing /home/airflow/.local/lib/python3.10/site-packages/airflow/example_dags/tutorial_taskflow_api.py took 0.066 seconds
[2024-07-11T08:39:30.540+0000] {logging_mixin.py:188} INFO - [2024-07-11T08:39:30.540+0000] {settings.py:249} DEBUG - Setting up DB connection pool (PID 333)
[2024-07-11T08:39:30.541+0000] {logging_mixin.py:188} INFO - [2024-07-11T08:39:30.541+0000] {settings.py:350} DEBUG - settings.prepare_engine_args(): Using pool settings. pool_size=5, max_overflow=10, pool_recycle=1800, pid=333
[2024-07-11T08:39:30.543+0000] {processor.py:161} INFO - Started process (PID=333) to work on /home/airflow/.local/lib/python3.10/site-packages/airflow/example_dags/tutorial_taskflow_api.py
[2024-07-11T08:39:30.544+0000] {processor.py:830} INFO - Processing file /home/airflow/.local/lib/python3.10/site-packages/airflow/example_dags/tutorial_taskflow_api.py for tasks to queue
[2024-07-11T08:39:30.544+0000] {logging_mixin.py:188} INFO - [2024-07-11T08:39:30.544+0000] {dagbag.py:540} INFO - Filling up the DagBag from /home/airflow/.local/lib/python3.10/site-packages/airflow/example_dags/tutorial_taskflow_api.py
[2024-07-11T08:39:30.545+0000] {logging_mixin.py:188} INFO - [2024-07-11T08:39:30.545+0000] {dagbag.py:332} DEBUG - Importing /home/airflow/.local/lib/python3.10/site-packages/airflow/example_dags/tutorial_taskflow_api.py
[2024-07-11T08:39:30.551+0000] {logging_mixin.py:188} INFO - [2024-07-11T08:39:30.550+0000] {dagbag.py:506} DEBUG - Loaded DAG <DAG: tutorial_taskflow_api>
[2024-07-11T08:39:30.552+0000] {processor.py:840} INFO - DAG(s) 'tutorial_taskflow_api' retrieved from /home/airflow/.local/lib/python3.10/site-packages/airflow/example_dags/tutorial_taskflow_api.py
[2024-07-11T08:39:30.552+0000] {logging_mixin.py:188} INFO - [2024-07-11T08:39:30.552+0000] {dagbag.py:662} DEBUG - Running dagbag.sync_to_db with retries. Try 1 of 3
[2024-07-11T08:39:30.553+0000] {logging_mixin.py:188} INFO - [2024-07-11T08:39:30.552+0000] {dagbag.py:667} DEBUG - Calling the DAG.bulk_sync_to_db method
[2024-07-11T08:39:30.561+0000] {logging_mixin.py:188} INFO - [2024-07-11T08:39:30.561+0000] {serialized_dag.py:165} DEBUG - Checking if DAG (tutorial_taskflow_api) changed
[2024-07-11T08:39:30.568+0000] {logging_mixin.py:188} INFO - [2024-07-11T08:39:30.568+0000] {serialized_dag.py:176} DEBUG - Serialized DAG (tutorial_taskflow_api) is unchanged. Skipping writing to DB
[2024-07-11T08:39:30.568+0000] {logging_mixin.py:188} INFO - [2024-07-11T08:39:30.568+0000] {dag.py:3047} INFO - Sync 1 DAGs
[2024-07-11T08:39:30.578+0000] {logging_mixin.py:188} INFO - [2024-07-11T08:39:30.578+0000] {dag.py:3834} INFO - Setting next_dagrun for tutorial_taskflow_api to None, run_after=None
[2024-07-11T08:39:30.592+0000] {processor.py:183} INFO - Processing /home/airflow/.local/lib/python3.10/site-packages/airflow/example_dags/tutorial_taskflow_api.py took 0.053 seconds
[2024-07-11T08:40:00.831+0000] {logging_mixin.py:188} INFO - [2024-07-11T08:40:00.831+0000] {settings.py:249} DEBUG - Setting up DB connection pool (PID 389)
[2024-07-11T08:40:00.832+0000] {logging_mixin.py:188} INFO - [2024-07-11T08:40:00.832+0000] {settings.py:350} DEBUG - settings.prepare_engine_args(): Using pool settings. pool_size=5, max_overflow=10, pool_recycle=1800, pid=389
[2024-07-11T08:40:00.834+0000] {processor.py:161} INFO - Started process (PID=389) to work on /home/airflow/.local/lib/python3.10/site-packages/airflow/example_dags/tutorial_taskflow_api.py
[2024-07-11T08:40:00.834+0000] {processor.py:830} INFO - Processing file /home/airflow/.local/lib/python3.10/site-packages/airflow/example_dags/tutorial_taskflow_api.py for tasks to queue
[2024-07-11T08:40:00.835+0000] {logging_mixin.py:188} INFO - [2024-07-11T08:40:00.834+0000] {dagbag.py:540} INFO - Filling up the DagBag from /home/airflow/.local/lib/python3.10/site-packages/airflow/example_dags/tutorial_taskflow_api.py
[2024-07-11T08:40:00.835+0000] {logging_mixin.py:188} INFO - [2024-07-11T08:40:00.835+0000] {dagbag.py:332} DEBUG - Importing /home/airflow/.local/lib/python3.10/site-packages/airflow/example_dags/tutorial_taskflow_api.py
[2024-07-11T08:40:00.839+0000] {logging_mixin.py:188} INFO - [2024-07-11T08:40:00.839+0000] {dagbag.py:506} DEBUG - Loaded DAG <DAG: tutorial_taskflow_api>
[2024-07-11T08:40:00.839+0000] {processor.py:840} INFO - DAG(s) 'tutorial_taskflow_api' retrieved from /home/airflow/.local/lib/python3.10/site-packages/airflow/example_dags/tutorial_taskflow_api.py
[2024-07-11T08:40:00.840+0000] {logging_mixin.py:188} INFO - [2024-07-11T08:40:00.840+0000] {dagbag.py:662} DEBUG - Running dagbag.sync_to_db with retries. Try 1 of 3
[2024-07-11T08:40:00.840+0000] {logging_mixin.py:188} INFO - [2024-07-11T08:40:00.840+0000] {dagbag.py:667} DEBUG - Calling the DAG.bulk_sync_to_db method
[2024-07-11T08:40:00.848+0000] {logging_mixin.py:188} INFO - [2024-07-11T08:40:00.848+0000] {serialized_dag.py:165} DEBUG - Checking if DAG (tutorial_taskflow_api) changed
[2024-07-11T08:40:00.853+0000] {logging_mixin.py:188} INFO - [2024-07-11T08:40:00.853+0000] {serialized_dag.py:176} DEBUG - Serialized DAG (tutorial_taskflow_api) is unchanged. Skipping writing to DB
[2024-07-11T08:40:00.854+0000] {logging_mixin.py:188} INFO - [2024-07-11T08:40:00.854+0000] {dag.py:3047} INFO - Sync 1 DAGs
[2024-07-11T08:40:00.863+0000] {logging_mixin.py:188} INFO - [2024-07-11T08:40:00.863+0000] {dag.py:3834} INFO - Setting next_dagrun for tutorial_taskflow_api to None, run_after=None
[2024-07-11T08:40:00.875+0000] {processor.py:183} INFO - Processing /home/airflow/.local/lib/python3.10/site-packages/airflow/example_dags/tutorial_taskflow_api.py took 0.044 seconds
[2024-07-11T08:41:12.753+0000] {logging_mixin.py:188} INFO - [2024-07-11T08:41:12.753+0000] {settings.py:249} DEBUG - Setting up DB connection pool (PID 53)
[2024-07-11T08:41:12.754+0000] {logging_mixin.py:188} INFO - [2024-07-11T08:41:12.754+0000] {settings.py:350} DEBUG - settings.prepare_engine_args(): Using pool settings. pool_size=5, max_overflow=10, pool_recycle=1800, pid=53
[2024-07-11T08:41:12.756+0000] {processor.py:161} INFO - Started process (PID=53) to work on /home/airflow/.local/lib/python3.10/site-packages/airflow/example_dags/tutorial_taskflow_api.py
[2024-07-11T08:41:12.757+0000] {processor.py:830} INFO - Processing file /home/airflow/.local/lib/python3.10/site-packages/airflow/example_dags/tutorial_taskflow_api.py for tasks to queue
[2024-07-11T08:41:12.757+0000] {logging_mixin.py:188} INFO - [2024-07-11T08:41:12.757+0000] {dagbag.py:540} INFO - Filling up the DagBag from /home/airflow/.local/lib/python3.10/site-packages/airflow/example_dags/tutorial_taskflow_api.py
[2024-07-11T08:41:12.759+0000] {logging_mixin.py:188} INFO - [2024-07-11T08:41:12.759+0000] {dagbag.py:332} DEBUG - Importing /home/airflow/.local/lib/python3.10/site-packages/airflow/example_dags/tutorial_taskflow_api.py
[2024-07-11T08:41:12.766+0000] {logging_mixin.py:188} INFO - [2024-07-11T08:41:12.765+0000] {dagbag.py:506} DEBUG - Loaded DAG <DAG: tutorial_taskflow_api>
[2024-07-11T08:41:12.766+0000] {processor.py:840} INFO - DAG(s) 'tutorial_taskflow_api' retrieved from /home/airflow/.local/lib/python3.10/site-packages/airflow/example_dags/tutorial_taskflow_api.py
[2024-07-11T08:41:12.767+0000] {logging_mixin.py:188} INFO - [2024-07-11T08:41:12.767+0000] {dagbag.py:662} DEBUG - Running dagbag.sync_to_db with retries. Try 1 of 3
[2024-07-11T08:41:12.768+0000] {logging_mixin.py:188} INFO - [2024-07-11T08:41:12.767+0000] {dagbag.py:667} DEBUG - Calling the DAG.bulk_sync_to_db method
[2024-07-11T08:41:12.778+0000] {logging_mixin.py:188} INFO - [2024-07-11T08:41:12.777+0000] {dag.py:3047} INFO - Sync 1 DAGs
[2024-07-11T08:41:12.792+0000] {logging_mixin.py:188} INFO - [2024-07-11T08:41:12.792+0000] {dag.py:3834} INFO - Setting next_dagrun for tutorial_taskflow_api to None, run_after=None
[2024-07-11T08:41:12.811+0000] {processor.py:183} INFO - Processing /home/airflow/.local/lib/python3.10/site-packages/airflow/example_dags/tutorial_taskflow_api.py took 0.058 seconds
[2024-07-11T08:41:43.870+0000] {logging_mixin.py:188} INFO - [2024-07-11T08:41:43.869+0000] {settings.py:249} DEBUG - Setting up DB connection pool (PID 109)
[2024-07-11T08:41:43.870+0000] {logging_mixin.py:188} INFO - [2024-07-11T08:41:43.870+0000] {settings.py:350} DEBUG - settings.prepare_engine_args(): Using pool settings. pool_size=5, max_overflow=10, pool_recycle=1800, pid=109
[2024-07-11T08:41:43.872+0000] {processor.py:161} INFO - Started process (PID=109) to work on /home/airflow/.local/lib/python3.10/site-packages/airflow/example_dags/tutorial_taskflow_api.py
[2024-07-11T08:41:43.872+0000] {processor.py:830} INFO - Processing file /home/airflow/.local/lib/python3.10/site-packages/airflow/example_dags/tutorial_taskflow_api.py for tasks to queue
[2024-07-11T08:41:43.873+0000] {logging_mixin.py:188} INFO - [2024-07-11T08:41:43.873+0000] {dagbag.py:540} INFO - Filling up the DagBag from /home/airflow/.local/lib/python3.10/site-packages/airflow/example_dags/tutorial_taskflow_api.py
[2024-07-11T08:41:43.874+0000] {logging_mixin.py:188} INFO - [2024-07-11T08:41:43.874+0000] {dagbag.py:332} DEBUG - Importing /home/airflow/.local/lib/python3.10/site-packages/airflow/example_dags/tutorial_taskflow_api.py
[2024-07-11T08:41:43.878+0000] {logging_mixin.py:188} INFO - [2024-07-11T08:41:43.877+0000] {dagbag.py:506} DEBUG - Loaded DAG <DAG: tutorial_taskflow_api>
[2024-07-11T08:41:43.878+0000] {processor.py:840} INFO - DAG(s) 'tutorial_taskflow_api' retrieved from /home/airflow/.local/lib/python3.10/site-packages/airflow/example_dags/tutorial_taskflow_api.py
[2024-07-11T08:41:43.879+0000] {logging_mixin.py:188} INFO - [2024-07-11T08:41:43.879+0000] {dagbag.py:662} DEBUG - Running dagbag.sync_to_db with retries. Try 1 of 3
[2024-07-11T08:41:43.879+0000] {logging_mixin.py:188} INFO - [2024-07-11T08:41:43.879+0000] {dagbag.py:667} DEBUG - Calling the DAG.bulk_sync_to_db method
[2024-07-11T08:41:43.886+0000] {logging_mixin.py:188} INFO - [2024-07-11T08:41:43.886+0000] {serialized_dag.py:165} DEBUG - Checking if DAG (tutorial_taskflow_api) changed
[2024-07-11T08:41:43.892+0000] {logging_mixin.py:188} INFO - [2024-07-11T08:41:43.892+0000] {serialized_dag.py:179} DEBUG - Writing Serialized DAG: tutorial_taskflow_api to the DB
[2024-07-11T08:41:43.895+0000] {logging_mixin.py:188} INFO - [2024-07-11T08:41:43.895+0000] {serialized_dag.py:181} DEBUG - DAG: tutorial_taskflow_api written to the DB
[2024-07-11T08:41:43.895+0000] {logging_mixin.py:188} INFO - [2024-07-11T08:41:43.895+0000] {dagbag.py:696} DEBUG - Syncing DAG permissions: tutorial_taskflow_api to the DB
[2024-07-11T08:41:43.951+0000] {logging_mixin.py:188} INFO - [2024-07-11T08:41:43.951+0000] {override.py:1034} DEBUG - Not syncing DAG-level permissions for DAG 'DAG:tutorial_taskflow_api' as access control is unset.
[2024-07-11T08:41:43.951+0000] {logging_mixin.py:188} INFO - [2024-07-11T08:41:43.951+0000] {dag.py:3047} INFO - Sync 1 DAGs
[2024-07-11T08:41:43.960+0000] {logging_mixin.py:188} INFO - [2024-07-11T08:41:43.960+0000] {dag.py:3834} INFO - Setting next_dagrun for tutorial_taskflow_api to None, run_after=None
[2024-07-11T08:41:43.974+0000] {processor.py:183} INFO - Processing /home/airflow/.local/lib/python3.10/site-packages/airflow/example_dags/tutorial_taskflow_api.py took 0.104 seconds
[2024-07-11T08:42:14.696+0000] {logging_mixin.py:188} INFO - [2024-07-11T08:42:14.696+0000] {settings.py:249} DEBUG - Setting up DB connection pool (PID 165)
[2024-07-11T08:42:14.697+0000] {logging_mixin.py:188} INFO - [2024-07-11T08:42:14.696+0000] {settings.py:350} DEBUG - settings.prepare_engine_args(): Using pool settings. pool_size=5, max_overflow=10, pool_recycle=1800, pid=165
[2024-07-11T08:42:14.698+0000] {processor.py:161} INFO - Started process (PID=165) to work on /home/airflow/.local/lib/python3.10/site-packages/airflow/example_dags/tutorial_taskflow_api.py
[2024-07-11T08:42:14.699+0000] {processor.py:830} INFO - Processing file /home/airflow/.local/lib/python3.10/site-packages/airflow/example_dags/tutorial_taskflow_api.py for tasks to queue
[2024-07-11T08:42:14.699+0000] {logging_mixin.py:188} INFO - [2024-07-11T08:42:14.699+0000] {dagbag.py:540} INFO - Filling up the DagBag from /home/airflow/.local/lib/python3.10/site-packages/airflow/example_dags/tutorial_taskflow_api.py
[2024-07-11T08:42:14.700+0000] {logging_mixin.py:188} INFO - [2024-07-11T08:42:14.700+0000] {dagbag.py:332} DEBUG - Importing /home/airflow/.local/lib/python3.10/site-packages/airflow/example_dags/tutorial_taskflow_api.py
[2024-07-11T08:42:14.704+0000] {logging_mixin.py:188} INFO - [2024-07-11T08:42:14.704+0000] {dagbag.py:506} DEBUG - Loaded DAG <DAG: tutorial_taskflow_api>
[2024-07-11T08:42:14.704+0000] {processor.py:840} INFO - DAG(s) 'tutorial_taskflow_api' retrieved from /home/airflow/.local/lib/python3.10/site-packages/airflow/example_dags/tutorial_taskflow_api.py
[2024-07-11T08:42:14.705+0000] {logging_mixin.py:188} INFO - [2024-07-11T08:42:14.705+0000] {dagbag.py:662} DEBUG - Running dagbag.sync_to_db with retries. Try 1 of 3
[2024-07-11T08:42:14.705+0000] {logging_mixin.py:188} INFO - [2024-07-11T08:42:14.705+0000] {dagbag.py:667} DEBUG - Calling the DAG.bulk_sync_to_db method
[2024-07-11T08:42:14.713+0000] {logging_mixin.py:188} INFO - [2024-07-11T08:42:14.712+0000] {serialized_dag.py:165} DEBUG - Checking if DAG (tutorial_taskflow_api) changed
[2024-07-11T08:42:14.718+0000] {logging_mixin.py:188} INFO - [2024-07-11T08:42:14.718+0000] {serialized_dag.py:176} DEBUG - Serialized DAG (tutorial_taskflow_api) is unchanged. Skipping writing to DB
[2024-07-11T08:42:14.718+0000] {logging_mixin.py:188} INFO - [2024-07-11T08:42:14.718+0000] {dag.py:3047} INFO - Sync 1 DAGs
[2024-07-11T08:42:14.727+0000] {logging_mixin.py:188} INFO - [2024-07-11T08:42:14.726+0000] {dag.py:3834} INFO - Setting next_dagrun for tutorial_taskflow_api to None, run_after=None
[2024-07-11T08:42:14.739+0000] {processor.py:183} INFO - Processing /home/airflow/.local/lib/python3.10/site-packages/airflow/example_dags/tutorial_taskflow_api.py took 0.044 seconds
[2024-07-11T08:42:44.874+0000] {logging_mixin.py:188} INFO - [2024-07-11T08:42:44.873+0000] {settings.py:249} DEBUG - Setting up DB connection pool (PID 221)
[2024-07-11T08:42:44.874+0000] {logging_mixin.py:188} INFO - [2024-07-11T08:42:44.874+0000] {settings.py:350} DEBUG - settings.prepare_engine_args(): Using pool settings. pool_size=5, max_overflow=10, pool_recycle=1800, pid=221
[2024-07-11T08:42:44.876+0000] {processor.py:161} INFO - Started process (PID=221) to work on /home/airflow/.local/lib/python3.10/site-packages/airflow/example_dags/tutorial_taskflow_api.py
[2024-07-11T08:42:44.876+0000] {processor.py:830} INFO - Processing file /home/airflow/.local/lib/python3.10/site-packages/airflow/example_dags/tutorial_taskflow_api.py for tasks to queue
[2024-07-11T08:42:44.877+0000] {logging_mixin.py:188} INFO - [2024-07-11T08:42:44.877+0000] {dagbag.py:540} INFO - Filling up the DagBag from /home/airflow/.local/lib/python3.10/site-packages/airflow/example_dags/tutorial_taskflow_api.py
[2024-07-11T08:42:44.878+0000] {logging_mixin.py:188} INFO - [2024-07-11T08:42:44.878+0000] {dagbag.py:332} DEBUG - Importing /home/airflow/.local/lib/python3.10/site-packages/airflow/example_dags/tutorial_taskflow_api.py
[2024-07-11T08:42:44.882+0000] {logging_mixin.py:188} INFO - [2024-07-11T08:42:44.881+0000] {dagbag.py:506} DEBUG - Loaded DAG <DAG: tutorial_taskflow_api>
[2024-07-11T08:42:44.882+0000] {processor.py:840} INFO - DAG(s) 'tutorial_taskflow_api' retrieved from /home/airflow/.local/lib/python3.10/site-packages/airflow/example_dags/tutorial_taskflow_api.py
[2024-07-11T08:42:44.883+0000] {logging_mixin.py:188} INFO - [2024-07-11T08:42:44.883+0000] {dagbag.py:662} DEBUG - Running dagbag.sync_to_db with retries. Try 1 of 3
[2024-07-11T08:42:44.883+0000] {logging_mixin.py:188} INFO - [2024-07-11T08:42:44.883+0000] {dagbag.py:667} DEBUG - Calling the DAG.bulk_sync_to_db method
[2024-07-11T08:42:44.891+0000] {logging_mixin.py:188} INFO - [2024-07-11T08:42:44.891+0000] {serialized_dag.py:165} DEBUG - Checking if DAG (tutorial_taskflow_api) changed
[2024-07-11T08:42:44.896+0000] {logging_mixin.py:188} INFO - [2024-07-11T08:42:44.896+0000] {serialized_dag.py:176} DEBUG - Serialized DAG (tutorial_taskflow_api) is unchanged. Skipping writing to DB
[2024-07-11T08:42:44.897+0000] {logging_mixin.py:188} INFO - [2024-07-11T08:42:44.897+0000] {dag.py:3047} INFO - Sync 1 DAGs
[2024-07-11T08:42:44.905+0000] {logging_mixin.py:188} INFO - [2024-07-11T08:42:44.905+0000] {dag.py:3834} INFO - Setting next_dagrun for tutorial_taskflow_api to None, run_after=None
[2024-07-11T08:42:44.918+0000] {processor.py:183} INFO - Processing /home/airflow/.local/lib/python3.10/site-packages/airflow/example_dags/tutorial_taskflow_api.py took 0.044 seconds
[2024-07-11T08:43:15.127+0000] {logging_mixin.py:188} INFO - [2024-07-11T08:43:15.127+0000] {settings.py:249} DEBUG - Setting up DB connection pool (PID 277)
[2024-07-11T08:43:15.128+0000] {logging_mixin.py:188} INFO - [2024-07-11T08:43:15.128+0000] {settings.py:350} DEBUG - settings.prepare_engine_args(): Using pool settings. pool_size=5, max_overflow=10, pool_recycle=1800, pid=277
[2024-07-11T08:43:15.130+0000] {processor.py:161} INFO - Started process (PID=277) to work on /home/airflow/.local/lib/python3.10/site-packages/airflow/example_dags/tutorial_taskflow_api.py
[2024-07-11T08:43:15.130+0000] {processor.py:830} INFO - Processing file /home/airflow/.local/lib/python3.10/site-packages/airflow/example_dags/tutorial_taskflow_api.py for tasks to queue
[2024-07-11T08:43:15.131+0000] {logging_mixin.py:188} INFO - [2024-07-11T08:43:15.131+0000] {dagbag.py:540} INFO - Filling up the DagBag from /home/airflow/.local/lib/python3.10/site-packages/airflow/example_dags/tutorial_taskflow_api.py
[2024-07-11T08:43:15.132+0000] {logging_mixin.py:188} INFO - [2024-07-11T08:43:15.132+0000] {dagbag.py:332} DEBUG - Importing /home/airflow/.local/lib/python3.10/site-packages/airflow/example_dags/tutorial_taskflow_api.py
[2024-07-11T08:43:15.137+0000] {logging_mixin.py:188} INFO - [2024-07-11T08:43:15.136+0000] {dagbag.py:506} DEBUG - Loaded DAG <DAG: tutorial_taskflow_api>
[2024-07-11T08:43:15.137+0000] {processor.py:840} INFO - DAG(s) 'tutorial_taskflow_api' retrieved from /home/airflow/.local/lib/python3.10/site-packages/airflow/example_dags/tutorial_taskflow_api.py
[2024-07-11T08:43:15.138+0000] {logging_mixin.py:188} INFO - [2024-07-11T08:43:15.138+0000] {dagbag.py:662} DEBUG - Running dagbag.sync_to_db with retries. Try 1 of 3
[2024-07-11T08:43:15.139+0000] {logging_mixin.py:188} INFO - [2024-07-11T08:43:15.139+0000] {dagbag.py:667} DEBUG - Calling the DAG.bulk_sync_to_db method
[2024-07-11T08:43:15.148+0000] {logging_mixin.py:188} INFO - [2024-07-11T08:43:15.148+0000] {serialized_dag.py:165} DEBUG - Checking if DAG (tutorial_taskflow_api) changed
[2024-07-11T08:43:15.157+0000] {logging_mixin.py:188} INFO - [2024-07-11T08:43:15.156+0000] {serialized_dag.py:176} DEBUG - Serialized DAG (tutorial_taskflow_api) is unchanged. Skipping writing to DB
[2024-07-11T08:43:15.157+0000] {logging_mixin.py:188} INFO - [2024-07-11T08:43:15.157+0000] {dag.py:3047} INFO - Sync 1 DAGs
[2024-07-11T08:43:15.171+0000] {logging_mixin.py:188} INFO - [2024-07-11T08:43:15.170+0000] {dag.py:3834} INFO - Setting next_dagrun for tutorial_taskflow_api to None, run_after=None
[2024-07-11T08:43:15.187+0000] {processor.py:183} INFO - Processing /home/airflow/.local/lib/python3.10/site-packages/airflow/example_dags/tutorial_taskflow_api.py took 0.061 seconds
[2024-07-11T08:43:45.280+0000] {logging_mixin.py:188} INFO - [2024-07-11T08:43:45.279+0000] {settings.py:249} DEBUG - Setting up DB connection pool (PID 333)
[2024-07-11T08:43:45.281+0000] {logging_mixin.py:188} INFO - [2024-07-11T08:43:45.280+0000] {settings.py:350} DEBUG - settings.prepare_engine_args(): Using pool settings. pool_size=5, max_overflow=10, pool_recycle=1800, pid=333
[2024-07-11T08:43:45.282+0000] {processor.py:161} INFO - Started process (PID=333) to work on /home/airflow/.local/lib/python3.10/site-packages/airflow/example_dags/tutorial_taskflow_api.py
[2024-07-11T08:43:45.283+0000] {processor.py:830} INFO - Processing file /home/airflow/.local/lib/python3.10/site-packages/airflow/example_dags/tutorial_taskflow_api.py for tasks to queue
[2024-07-11T08:43:45.283+0000] {logging_mixin.py:188} INFO - [2024-07-11T08:43:45.283+0000] {dagbag.py:540} INFO - Filling up the DagBag from /home/airflow/.local/lib/python3.10/site-packages/airflow/example_dags/tutorial_taskflow_api.py
[2024-07-11T08:43:45.284+0000] {logging_mixin.py:188} INFO - [2024-07-11T08:43:45.284+0000] {dagbag.py:332} DEBUG - Importing /home/airflow/.local/lib/python3.10/site-packages/airflow/example_dags/tutorial_taskflow_api.py
[2024-07-11T08:43:45.288+0000] {logging_mixin.py:188} INFO - [2024-07-11T08:43:45.288+0000] {dagbag.py:506} DEBUG - Loaded DAG <DAG: tutorial_taskflow_api>
[2024-07-11T08:43:45.289+0000] {processor.py:840} INFO - DAG(s) 'tutorial_taskflow_api' retrieved from /home/airflow/.local/lib/python3.10/site-packages/airflow/example_dags/tutorial_taskflow_api.py
[2024-07-11T08:43:45.289+0000] {logging_mixin.py:188} INFO - [2024-07-11T08:43:45.289+0000] {dagbag.py:662} DEBUG - Running dagbag.sync_to_db with retries. Try 1 of 3
[2024-07-11T08:43:45.289+0000] {logging_mixin.py:188} INFO - [2024-07-11T08:43:45.289+0000] {dagbag.py:667} DEBUG - Calling the DAG.bulk_sync_to_db method
[2024-07-11T08:43:45.297+0000] {logging_mixin.py:188} INFO - [2024-07-11T08:43:45.296+0000] {serialized_dag.py:165} DEBUG - Checking if DAG (tutorial_taskflow_api) changed
[2024-07-11T08:43:45.302+0000] {logging_mixin.py:188} INFO - [2024-07-11T08:43:45.302+0000] {serialized_dag.py:176} DEBUG - Serialized DAG (tutorial_taskflow_api) is unchanged. Skipping writing to DB
[2024-07-11T08:43:45.302+0000] {logging_mixin.py:188} INFO - [2024-07-11T08:43:45.302+0000] {dag.py:3047} INFO - Sync 1 DAGs
[2024-07-11T08:43:45.311+0000] {logging_mixin.py:188} INFO - [2024-07-11T08:43:45.311+0000] {dag.py:3834} INFO - Setting next_dagrun for tutorial_taskflow_api to None, run_after=None
[2024-07-11T08:43:45.323+0000] {processor.py:183} INFO - Processing /home/airflow/.local/lib/python3.10/site-packages/airflow/example_dags/tutorial_taskflow_api.py took 0.043 seconds
[2024-07-11T08:44:15.722+0000] {logging_mixin.py:188} INFO - [2024-07-11T08:44:15.721+0000] {settings.py:249} DEBUG - Setting up DB connection pool (PID 389)
[2024-07-11T08:44:15.723+0000] {logging_mixin.py:188} INFO - [2024-07-11T08:44:15.723+0000] {settings.py:350} DEBUG - settings.prepare_engine_args(): Using pool settings. pool_size=5, max_overflow=10, pool_recycle=1800, pid=389
[2024-07-11T08:44:15.725+0000] {processor.py:161} INFO - Started process (PID=389) to work on /home/airflow/.local/lib/python3.10/site-packages/airflow/example_dags/tutorial_taskflow_api.py
[2024-07-11T08:44:15.725+0000] {processor.py:830} INFO - Processing file /home/airflow/.local/lib/python3.10/site-packages/airflow/example_dags/tutorial_taskflow_api.py for tasks to queue
[2024-07-11T08:44:15.726+0000] {logging_mixin.py:188} INFO - [2024-07-11T08:44:15.726+0000] {dagbag.py:540} INFO - Filling up the DagBag from /home/airflow/.local/lib/python3.10/site-packages/airflow/example_dags/tutorial_taskflow_api.py
[2024-07-11T08:44:15.726+0000] {logging_mixin.py:188} INFO - [2024-07-11T08:44:15.726+0000] {dagbag.py:332} DEBUG - Importing /home/airflow/.local/lib/python3.10/site-packages/airflow/example_dags/tutorial_taskflow_api.py
[2024-07-11T08:44:15.731+0000] {logging_mixin.py:188} INFO - [2024-07-11T08:44:15.730+0000] {dagbag.py:506} DEBUG - Loaded DAG <DAG: tutorial_taskflow_api>
[2024-07-11T08:44:15.731+0000] {processor.py:840} INFO - DAG(s) 'tutorial_taskflow_api' retrieved from /home/airflow/.local/lib/python3.10/site-packages/airflow/example_dags/tutorial_taskflow_api.py
[2024-07-11T08:44:15.732+0000] {logging_mixin.py:188} INFO - [2024-07-11T08:44:15.732+0000] {dagbag.py:662} DEBUG - Running dagbag.sync_to_db with retries. Try 1 of 3
[2024-07-11T08:44:15.732+0000] {logging_mixin.py:188} INFO - [2024-07-11T08:44:15.732+0000] {dagbag.py:667} DEBUG - Calling the DAG.bulk_sync_to_db method
[2024-07-11T08:44:15.741+0000] {logging_mixin.py:188} INFO - [2024-07-11T08:44:15.741+0000] {serialized_dag.py:165} DEBUG - Checking if DAG (tutorial_taskflow_api) changed
[2024-07-11T08:44:15.747+0000] {logging_mixin.py:188} INFO - [2024-07-11T08:44:15.747+0000] {serialized_dag.py:176} DEBUG - Serialized DAG (tutorial_taskflow_api) is unchanged. Skipping writing to DB
[2024-07-11T08:44:15.747+0000] {logging_mixin.py:188} INFO - [2024-07-11T08:44:15.747+0000] {dag.py:3047} INFO - Sync 1 DAGs
[2024-07-11T08:44:15.756+0000] {logging_mixin.py:188} INFO - [2024-07-11T08:44:15.756+0000] {dag.py:3834} INFO - Setting next_dagrun for tutorial_taskflow_api to None, run_after=None
[2024-07-11T08:44:15.772+0000] {processor.py:183} INFO - Processing /home/airflow/.local/lib/python3.10/site-packages/airflow/example_dags/tutorial_taskflow_api.py took 0.051 seconds
[2024-07-11T08:44:46.109+0000] {logging_mixin.py:188} INFO - [2024-07-11T08:44:46.108+0000] {settings.py:249} DEBUG - Setting up DB connection pool (PID 445)
[2024-07-11T08:44:46.111+0000] {logging_mixin.py:188} INFO - [2024-07-11T08:44:46.110+0000] {settings.py:350} DEBUG - settings.prepare_engine_args(): Using pool settings. pool_size=5, max_overflow=10, pool_recycle=1800, pid=445
[2024-07-11T08:44:46.113+0000] {processor.py:161} INFO - Started process (PID=445) to work on /home/airflow/.local/lib/python3.10/site-packages/airflow/example_dags/tutorial_taskflow_api.py
[2024-07-11T08:44:46.114+0000] {processor.py:830} INFO - Processing file /home/airflow/.local/lib/python3.10/site-packages/airflow/example_dags/tutorial_taskflow_api.py for tasks to queue
[2024-07-11T08:44:46.114+0000] {logging_mixin.py:188} INFO - [2024-07-11T08:44:46.114+0000] {dagbag.py:540} INFO - Filling up the DagBag from /home/airflow/.local/lib/python3.10/site-packages/airflow/example_dags/tutorial_taskflow_api.py
[2024-07-11T08:44:46.116+0000] {logging_mixin.py:188} INFO - [2024-07-11T08:44:46.116+0000] {dagbag.py:332} DEBUG - Importing /home/airflow/.local/lib/python3.10/site-packages/airflow/example_dags/tutorial_taskflow_api.py
[2024-07-11T08:44:46.125+0000] {logging_mixin.py:188} INFO - [2024-07-11T08:44:46.123+0000] {dagbag.py:506} DEBUG - Loaded DAG <DAG: tutorial_taskflow_api>
[2024-07-11T08:44:46.125+0000] {processor.py:840} INFO - DAG(s) 'tutorial_taskflow_api' retrieved from /home/airflow/.local/lib/python3.10/site-packages/airflow/example_dags/tutorial_taskflow_api.py
[2024-07-11T08:44:46.127+0000] {logging_mixin.py:188} INFO - [2024-07-11T08:44:46.127+0000] {dagbag.py:662} DEBUG - Running dagbag.sync_to_db with retries. Try 1 of 3
[2024-07-11T08:44:46.128+0000] {logging_mixin.py:188} INFO - [2024-07-11T08:44:46.128+0000] {dagbag.py:667} DEBUG - Calling the DAG.bulk_sync_to_db method
[2024-07-11T08:44:46.142+0000] {logging_mixin.py:188} INFO - [2024-07-11T08:44:46.142+0000] {serialized_dag.py:165} DEBUG - Checking if DAG (tutorial_taskflow_api) changed
[2024-07-11T08:44:46.148+0000] {logging_mixin.py:188} INFO - [2024-07-11T08:44:46.148+0000] {serialized_dag.py:176} DEBUG - Serialized DAG (tutorial_taskflow_api) is unchanged. Skipping writing to DB
[2024-07-11T08:44:46.148+0000] {logging_mixin.py:188} INFO - [2024-07-11T08:44:46.148+0000] {dag.py:3047} INFO - Sync 1 DAGs
[2024-07-11T08:44:46.159+0000] {logging_mixin.py:188} INFO - [2024-07-11T08:44:46.159+0000] {dag.py:3834} INFO - Setting next_dagrun for tutorial_taskflow_api to None, run_after=None
[2024-07-11T08:44:46.173+0000] {processor.py:183} INFO - Processing /home/airflow/.local/lib/python3.10/site-packages/airflow/example_dags/tutorial_taskflow_api.py took 0.065 seconds
