[2024-07-11T08:36:58.402+0000] {logging_mixin.py:188} INFO - [2024-07-11T08:36:58.402+0000] {settings.py:249} DEBUG - Setting up DB connection pool (PID 47)
[2024-07-11T08:36:58.403+0000] {logging_mixin.py:188} INFO - [2024-07-11T08:36:58.403+0000] {settings.py:350} DEBUG - settings.prepare_engine_args(): Using pool settings. pool_size=5, max_overflow=10, pool_recycle=1800, pid=47
[2024-07-11T08:36:58.405+0000] {processor.py:161} INFO - Started process (PID=47) to work on /home/airflow/.local/lib/python3.10/site-packages/airflow/example_dags/tutorial_taskflow_api_virtualenv.py
[2024-07-11T08:36:58.406+0000] {processor.py:830} INFO - Processing file /home/airflow/.local/lib/python3.10/site-packages/airflow/example_dags/tutorial_taskflow_api_virtualenv.py for tasks to queue
[2024-07-11T08:36:58.406+0000] {logging_mixin.py:188} INFO - [2024-07-11T08:36:58.406+0000] {dagbag.py:540} INFO - Filling up the DagBag from /home/airflow/.local/lib/python3.10/site-packages/airflow/example_dags/tutorial_taskflow_api_virtualenv.py
[2024-07-11T08:36:58.407+0000] {logging_mixin.py:188} INFO - [2024-07-11T08:36:58.407+0000] {dagbag.py:332} DEBUG - Importing /home/airflow/.local/lib/python3.10/site-packages/airflow/example_dags/tutorial_taskflow_api_virtualenv.py
[2024-07-11T08:36:58.419+0000] {logging_mixin.py:188} INFO - [2024-07-11T08:36:58.418+0000] {dagbag.py:506} DEBUG - Loaded DAG <DAG: tutorial_taskflow_api_virtualenv>
[2024-07-11T08:36:58.419+0000] {processor.py:840} INFO - DAG(s) 'tutorial_taskflow_api_virtualenv' retrieved from /home/airflow/.local/lib/python3.10/site-packages/airflow/example_dags/tutorial_taskflow_api_virtualenv.py
[2024-07-11T08:36:58.420+0000] {logging_mixin.py:188} INFO - [2024-07-11T08:36:58.420+0000] {dagbag.py:662} DEBUG - Running dagbag.sync_to_db with retries. Try 1 of 3
[2024-07-11T08:36:58.420+0000] {logging_mixin.py:188} INFO - [2024-07-11T08:36:58.420+0000] {dagbag.py:667} DEBUG - Calling the DAG.bulk_sync_to_db method
[2024-07-11T08:36:58.431+0000] {logging_mixin.py:188} INFO - [2024-07-11T08:36:58.431+0000] {dag.py:3047} INFO - Sync 1 DAGs
[2024-07-11T08:36:58.448+0000] {logging_mixin.py:188} INFO - [2024-07-11T08:36:58.448+0000] {dag.py:3834} INFO - Setting next_dagrun for tutorial_taskflow_api_virtualenv to None, run_after=None
[2024-07-11T08:36:58.472+0000] {processor.py:183} INFO - Processing /home/airflow/.local/lib/python3.10/site-packages/airflow/example_dags/tutorial_taskflow_api_virtualenv.py took 0.070 seconds
[2024-07-11T08:37:28.551+0000] {logging_mixin.py:188} INFO - [2024-07-11T08:37:28.551+0000] {settings.py:249} DEBUG - Setting up DB connection pool (PID 103)
[2024-07-11T08:37:28.552+0000] {logging_mixin.py:188} INFO - [2024-07-11T08:37:28.552+0000] {settings.py:350} DEBUG - settings.prepare_engine_args(): Using pool settings. pool_size=5, max_overflow=10, pool_recycle=1800, pid=103
[2024-07-11T08:37:28.554+0000] {processor.py:161} INFO - Started process (PID=103) to work on /home/airflow/.local/lib/python3.10/site-packages/airflow/example_dags/tutorial_taskflow_api_virtualenv.py
[2024-07-11T08:37:28.554+0000] {processor.py:830} INFO - Processing file /home/airflow/.local/lib/python3.10/site-packages/airflow/example_dags/tutorial_taskflow_api_virtualenv.py for tasks to queue
[2024-07-11T08:37:28.555+0000] {logging_mixin.py:188} INFO - [2024-07-11T08:37:28.554+0000] {dagbag.py:540} INFO - Filling up the DagBag from /home/airflow/.local/lib/python3.10/site-packages/airflow/example_dags/tutorial_taskflow_api_virtualenv.py
[2024-07-11T08:37:28.555+0000] {logging_mixin.py:188} INFO - [2024-07-11T08:37:28.555+0000] {dagbag.py:332} DEBUG - Importing /home/airflow/.local/lib/python3.10/site-packages/airflow/example_dags/tutorial_taskflow_api_virtualenv.py
[2024-07-11T08:37:28.562+0000] {logging_mixin.py:188} INFO - [2024-07-11T08:37:28.561+0000] {dagbag.py:506} DEBUG - Loaded DAG <DAG: tutorial_taskflow_api_virtualenv>
[2024-07-11T08:37:28.562+0000] {processor.py:840} INFO - DAG(s) 'tutorial_taskflow_api_virtualenv' retrieved from /home/airflow/.local/lib/python3.10/site-packages/airflow/example_dags/tutorial_taskflow_api_virtualenv.py
[2024-07-11T08:37:28.562+0000] {logging_mixin.py:188} INFO - [2024-07-11T08:37:28.562+0000] {dagbag.py:662} DEBUG - Running dagbag.sync_to_db with retries. Try 1 of 3
[2024-07-11T08:37:28.563+0000] {logging_mixin.py:188} INFO - [2024-07-11T08:37:28.562+0000] {dagbag.py:667} DEBUG - Calling the DAG.bulk_sync_to_db method
[2024-07-11T08:37:28.570+0000] {logging_mixin.py:188} INFO - [2024-07-11T08:37:28.570+0000] {serialized_dag.py:165} DEBUG - Checking if DAG (tutorial_taskflow_api_virtualenv) changed
[2024-07-11T08:37:28.575+0000] {logging_mixin.py:188} INFO - [2024-07-11T08:37:28.575+0000] {serialized_dag.py:179} DEBUG - Writing Serialized DAG: tutorial_taskflow_api_virtualenv to the DB
[2024-07-11T08:37:28.578+0000] {logging_mixin.py:188} INFO - [2024-07-11T08:37:28.578+0000] {serialized_dag.py:181} DEBUG - DAG: tutorial_taskflow_api_virtualenv written to the DB
[2024-07-11T08:37:28.578+0000] {logging_mixin.py:188} INFO - [2024-07-11T08:37:28.578+0000] {dagbag.py:696} DEBUG - Syncing DAG permissions: tutorial_taskflow_api_virtualenv to the DB
[2024-07-11T08:37:28.635+0000] {logging_mixin.py:188} INFO - [2024-07-11T08:37:28.635+0000] {override.py:1034} DEBUG - Not syncing DAG-level permissions for DAG 'DAG:tutorial_taskflow_api_virtualenv' as access control is unset.
[2024-07-11T08:37:28.636+0000] {logging_mixin.py:188} INFO - [2024-07-11T08:37:28.635+0000] {dag.py:3047} INFO - Sync 1 DAGs
[2024-07-11T08:37:28.644+0000] {logging_mixin.py:188} INFO - [2024-07-11T08:37:28.644+0000] {dag.py:3834} INFO - Setting next_dagrun for tutorial_taskflow_api_virtualenv to None, run_after=None
[2024-07-11T08:37:28.670+0000] {processor.py:183} INFO - Processing /home/airflow/.local/lib/python3.10/site-packages/airflow/example_dags/tutorial_taskflow_api_virtualenv.py took 0.119 seconds
[2024-07-11T08:37:59.643+0000] {logging_mixin.py:188} INFO - [2024-07-11T08:37:59.642+0000] {settings.py:249} DEBUG - Setting up DB connection pool (PID 159)
[2024-07-11T08:37:59.644+0000] {logging_mixin.py:188} INFO - [2024-07-11T08:37:59.644+0000] {settings.py:350} DEBUG - settings.prepare_engine_args(): Using pool settings. pool_size=5, max_overflow=10, pool_recycle=1800, pid=159
[2024-07-11T08:37:59.647+0000] {processor.py:161} INFO - Started process (PID=159) to work on /home/airflow/.local/lib/python3.10/site-packages/airflow/example_dags/tutorial_taskflow_api_virtualenv.py
[2024-07-11T08:37:59.647+0000] {processor.py:830} INFO - Processing file /home/airflow/.local/lib/python3.10/site-packages/airflow/example_dags/tutorial_taskflow_api_virtualenv.py for tasks to queue
[2024-07-11T08:37:59.648+0000] {logging_mixin.py:188} INFO - [2024-07-11T08:37:59.648+0000] {dagbag.py:540} INFO - Filling up the DagBag from /home/airflow/.local/lib/python3.10/site-packages/airflow/example_dags/tutorial_taskflow_api_virtualenv.py
[2024-07-11T08:37:59.649+0000] {logging_mixin.py:188} INFO - [2024-07-11T08:37:59.649+0000] {dagbag.py:332} DEBUG - Importing /home/airflow/.local/lib/python3.10/site-packages/airflow/example_dags/tutorial_taskflow_api_virtualenv.py
[2024-07-11T08:37:59.657+0000] {logging_mixin.py:188} INFO - [2024-07-11T08:37:59.657+0000] {dagbag.py:506} DEBUG - Loaded DAG <DAG: tutorial_taskflow_api_virtualenv>
[2024-07-11T08:37:59.658+0000] {processor.py:840} INFO - DAG(s) 'tutorial_taskflow_api_virtualenv' retrieved from /home/airflow/.local/lib/python3.10/site-packages/airflow/example_dags/tutorial_taskflow_api_virtualenv.py
[2024-07-11T08:37:59.659+0000] {logging_mixin.py:188} INFO - [2024-07-11T08:37:59.658+0000] {dagbag.py:662} DEBUG - Running dagbag.sync_to_db with retries. Try 1 of 3
[2024-07-11T08:37:59.659+0000] {logging_mixin.py:188} INFO - [2024-07-11T08:37:59.659+0000] {dagbag.py:667} DEBUG - Calling the DAG.bulk_sync_to_db method
[2024-07-11T08:37:59.668+0000] {logging_mixin.py:188} INFO - [2024-07-11T08:37:59.668+0000] {serialized_dag.py:165} DEBUG - Checking if DAG (tutorial_taskflow_api_virtualenv) changed
[2024-07-11T08:37:59.674+0000] {logging_mixin.py:188} INFO - [2024-07-11T08:37:59.674+0000] {serialized_dag.py:176} DEBUG - Serialized DAG (tutorial_taskflow_api_virtualenv) is unchanged. Skipping writing to DB
[2024-07-11T08:37:59.675+0000] {logging_mixin.py:188} INFO - [2024-07-11T08:37:59.675+0000] {dag.py:3047} INFO - Sync 1 DAGs
[2024-07-11T08:37:59.683+0000] {logging_mixin.py:188} INFO - [2024-07-11T08:37:59.683+0000] {dag.py:3834} INFO - Setting next_dagrun for tutorial_taskflow_api_virtualenv to None, run_after=None
[2024-07-11T08:37:59.696+0000] {processor.py:183} INFO - Processing /home/airflow/.local/lib/python3.10/site-packages/airflow/example_dags/tutorial_taskflow_api_virtualenv.py took 0.054 seconds
[2024-07-11T08:38:29.767+0000] {logging_mixin.py:188} INFO - [2024-07-11T08:38:29.766+0000] {settings.py:249} DEBUG - Setting up DB connection pool (PID 215)
[2024-07-11T08:38:29.768+0000] {logging_mixin.py:188} INFO - [2024-07-11T08:38:29.768+0000] {settings.py:350} DEBUG - settings.prepare_engine_args(): Using pool settings. pool_size=5, max_overflow=10, pool_recycle=1800, pid=215
[2024-07-11T08:38:29.772+0000] {processor.py:161} INFO - Started process (PID=215) to work on /home/airflow/.local/lib/python3.10/site-packages/airflow/example_dags/tutorial_taskflow_api_virtualenv.py
[2024-07-11T08:38:29.772+0000] {processor.py:830} INFO - Processing file /home/airflow/.local/lib/python3.10/site-packages/airflow/example_dags/tutorial_taskflow_api_virtualenv.py for tasks to queue
[2024-07-11T08:38:29.773+0000] {logging_mixin.py:188} INFO - [2024-07-11T08:38:29.773+0000] {dagbag.py:540} INFO - Filling up the DagBag from /home/airflow/.local/lib/python3.10/site-packages/airflow/example_dags/tutorial_taskflow_api_virtualenv.py
[2024-07-11T08:38:29.774+0000] {logging_mixin.py:188} INFO - [2024-07-11T08:38:29.774+0000] {dagbag.py:332} DEBUG - Importing /home/airflow/.local/lib/python3.10/site-packages/airflow/example_dags/tutorial_taskflow_api_virtualenv.py
[2024-07-11T08:38:29.783+0000] {logging_mixin.py:188} INFO - [2024-07-11T08:38:29.782+0000] {dagbag.py:506} DEBUG - Loaded DAG <DAG: tutorial_taskflow_api_virtualenv>
[2024-07-11T08:38:29.783+0000] {processor.py:840} INFO - DAG(s) 'tutorial_taskflow_api_virtualenv' retrieved from /home/airflow/.local/lib/python3.10/site-packages/airflow/example_dags/tutorial_taskflow_api_virtualenv.py
[2024-07-11T08:38:29.785+0000] {logging_mixin.py:188} INFO - [2024-07-11T08:38:29.784+0000] {dagbag.py:662} DEBUG - Running dagbag.sync_to_db with retries. Try 1 of 3
[2024-07-11T08:38:29.785+0000] {logging_mixin.py:188} INFO - [2024-07-11T08:38:29.785+0000] {dagbag.py:667} DEBUG - Calling the DAG.bulk_sync_to_db method
[2024-07-11T08:38:29.793+0000] {logging_mixin.py:188} INFO - [2024-07-11T08:38:29.793+0000] {serialized_dag.py:165} DEBUG - Checking if DAG (tutorial_taskflow_api_virtualenv) changed
[2024-07-11T08:38:29.801+0000] {logging_mixin.py:188} INFO - [2024-07-11T08:38:29.800+0000] {serialized_dag.py:176} DEBUG - Serialized DAG (tutorial_taskflow_api_virtualenv) is unchanged. Skipping writing to DB
[2024-07-11T08:38:29.801+0000] {logging_mixin.py:188} INFO - [2024-07-11T08:38:29.801+0000] {dag.py:3047} INFO - Sync 1 DAGs
[2024-07-11T08:38:29.810+0000] {logging_mixin.py:188} INFO - [2024-07-11T08:38:29.810+0000] {dag.py:3834} INFO - Setting next_dagrun for tutorial_taskflow_api_virtualenv to None, run_after=None
[2024-07-11T08:38:29.823+0000] {processor.py:183} INFO - Processing /home/airflow/.local/lib/python3.10/site-packages/airflow/example_dags/tutorial_taskflow_api_virtualenv.py took 0.057 seconds
[2024-07-11T08:38:59.994+0000] {logging_mixin.py:188} INFO - [2024-07-11T08:38:59.993+0000] {settings.py:249} DEBUG - Setting up DB connection pool (PID 271)
[2024-07-11T08:38:59.998+0000] {logging_mixin.py:188} INFO - [2024-07-11T08:38:59.998+0000] {settings.py:350} DEBUG - settings.prepare_engine_args(): Using pool settings. pool_size=5, max_overflow=10, pool_recycle=1800, pid=271
[2024-07-11T08:39:00.001+0000] {processor.py:161} INFO - Started process (PID=271) to work on /home/airflow/.local/lib/python3.10/site-packages/airflow/example_dags/tutorial_taskflow_api_virtualenv.py
[2024-07-11T08:39:00.001+0000] {processor.py:830} INFO - Processing file /home/airflow/.local/lib/python3.10/site-packages/airflow/example_dags/tutorial_taskflow_api_virtualenv.py for tasks to queue
[2024-07-11T08:39:00.002+0000] {logging_mixin.py:188} INFO - [2024-07-11T08:39:00.002+0000] {dagbag.py:540} INFO - Filling up the DagBag from /home/airflow/.local/lib/python3.10/site-packages/airflow/example_dags/tutorial_taskflow_api_virtualenv.py
[2024-07-11T08:39:00.003+0000] {logging_mixin.py:188} INFO - [2024-07-11T08:39:00.003+0000] {dagbag.py:332} DEBUG - Importing /home/airflow/.local/lib/python3.10/site-packages/airflow/example_dags/tutorial_taskflow_api_virtualenv.py
[2024-07-11T08:39:00.010+0000] {logging_mixin.py:188} INFO - [2024-07-11T08:39:00.010+0000] {dagbag.py:506} DEBUG - Loaded DAG <DAG: tutorial_taskflow_api_virtualenv>
[2024-07-11T08:39:00.010+0000] {processor.py:840} INFO - DAG(s) 'tutorial_taskflow_api_virtualenv' retrieved from /home/airflow/.local/lib/python3.10/site-packages/airflow/example_dags/tutorial_taskflow_api_virtualenv.py
[2024-07-11T08:39:00.011+0000] {logging_mixin.py:188} INFO - [2024-07-11T08:39:00.011+0000] {dagbag.py:662} DEBUG - Running dagbag.sync_to_db with retries. Try 1 of 3
[2024-07-11T08:39:00.011+0000] {logging_mixin.py:188} INFO - [2024-07-11T08:39:00.011+0000] {dagbag.py:667} DEBUG - Calling the DAG.bulk_sync_to_db method
[2024-07-11T08:39:00.022+0000] {logging_mixin.py:188} INFO - [2024-07-11T08:39:00.021+0000] {serialized_dag.py:165} DEBUG - Checking if DAG (tutorial_taskflow_api_virtualenv) changed
[2024-07-11T08:39:00.030+0000] {logging_mixin.py:188} INFO - [2024-07-11T08:39:00.030+0000] {serialized_dag.py:176} DEBUG - Serialized DAG (tutorial_taskflow_api_virtualenv) is unchanged. Skipping writing to DB
[2024-07-11T08:39:00.031+0000] {logging_mixin.py:188} INFO - [2024-07-11T08:39:00.030+0000] {dag.py:3047} INFO - Sync 1 DAGs
[2024-07-11T08:39:00.042+0000] {logging_mixin.py:188} INFO - [2024-07-11T08:39:00.041+0000] {dag.py:3834} INFO - Setting next_dagrun for tutorial_taskflow_api_virtualenv to None, run_after=None
[2024-07-11T08:39:00.059+0000] {processor.py:183} INFO - Processing /home/airflow/.local/lib/python3.10/site-packages/airflow/example_dags/tutorial_taskflow_api_virtualenv.py took 0.066 seconds
[2024-07-11T08:39:30.299+0000] {logging_mixin.py:188} INFO - [2024-07-11T08:39:30.298+0000] {settings.py:249} DEBUG - Setting up DB connection pool (PID 327)
[2024-07-11T08:39:30.304+0000] {logging_mixin.py:188} INFO - [2024-07-11T08:39:30.304+0000] {settings.py:350} DEBUG - settings.prepare_engine_args(): Using pool settings. pool_size=5, max_overflow=10, pool_recycle=1800, pid=327
[2024-07-11T08:39:30.306+0000] {processor.py:161} INFO - Started process (PID=327) to work on /home/airflow/.local/lib/python3.10/site-packages/airflow/example_dags/tutorial_taskflow_api_virtualenv.py
[2024-07-11T08:39:30.306+0000] {processor.py:830} INFO - Processing file /home/airflow/.local/lib/python3.10/site-packages/airflow/example_dags/tutorial_taskflow_api_virtualenv.py for tasks to queue
[2024-07-11T08:39:30.307+0000] {logging_mixin.py:188} INFO - [2024-07-11T08:39:30.307+0000] {dagbag.py:540} INFO - Filling up the DagBag from /home/airflow/.local/lib/python3.10/site-packages/airflow/example_dags/tutorial_taskflow_api_virtualenv.py
[2024-07-11T08:39:30.308+0000] {logging_mixin.py:188} INFO - [2024-07-11T08:39:30.308+0000] {dagbag.py:332} DEBUG - Importing /home/airflow/.local/lib/python3.10/site-packages/airflow/example_dags/tutorial_taskflow_api_virtualenv.py
[2024-07-11T08:39:30.315+0000] {logging_mixin.py:188} INFO - [2024-07-11T08:39:30.314+0000] {dagbag.py:506} DEBUG - Loaded DAG <DAG: tutorial_taskflow_api_virtualenv>
[2024-07-11T08:39:30.315+0000] {processor.py:840} INFO - DAG(s) 'tutorial_taskflow_api_virtualenv' retrieved from /home/airflow/.local/lib/python3.10/site-packages/airflow/example_dags/tutorial_taskflow_api_virtualenv.py
[2024-07-11T08:39:30.316+0000] {logging_mixin.py:188} INFO - [2024-07-11T08:39:30.315+0000] {dagbag.py:662} DEBUG - Running dagbag.sync_to_db with retries. Try 1 of 3
[2024-07-11T08:39:30.316+0000] {logging_mixin.py:188} INFO - [2024-07-11T08:39:30.316+0000] {dagbag.py:667} DEBUG - Calling the DAG.bulk_sync_to_db method
[2024-07-11T08:39:30.324+0000] {logging_mixin.py:188} INFO - [2024-07-11T08:39:30.324+0000] {serialized_dag.py:165} DEBUG - Checking if DAG (tutorial_taskflow_api_virtualenv) changed
[2024-07-11T08:39:30.331+0000] {logging_mixin.py:188} INFO - [2024-07-11T08:39:30.330+0000] {serialized_dag.py:176} DEBUG - Serialized DAG (tutorial_taskflow_api_virtualenv) is unchanged. Skipping writing to DB
[2024-07-11T08:39:30.331+0000] {logging_mixin.py:188} INFO - [2024-07-11T08:39:30.331+0000] {dag.py:3047} INFO - Sync 1 DAGs
[2024-07-11T08:39:30.340+0000] {logging_mixin.py:188} INFO - [2024-07-11T08:39:30.340+0000] {dag.py:3834} INFO - Setting next_dagrun for tutorial_taskflow_api_virtualenv to None, run_after=None
[2024-07-11T08:39:30.354+0000] {processor.py:183} INFO - Processing /home/airflow/.local/lib/python3.10/site-packages/airflow/example_dags/tutorial_taskflow_api_virtualenv.py took 0.056 seconds
[2024-07-11T08:40:00.610+0000] {logging_mixin.py:188} INFO - [2024-07-11T08:40:00.609+0000] {settings.py:249} DEBUG - Setting up DB connection pool (PID 383)
[2024-07-11T08:40:00.612+0000] {logging_mixin.py:188} INFO - [2024-07-11T08:40:00.612+0000] {settings.py:350} DEBUG - settings.prepare_engine_args(): Using pool settings. pool_size=5, max_overflow=10, pool_recycle=1800, pid=383
[2024-07-11T08:40:00.615+0000] {processor.py:161} INFO - Started process (PID=383) to work on /home/airflow/.local/lib/python3.10/site-packages/airflow/example_dags/tutorial_taskflow_api_virtualenv.py
[2024-07-11T08:40:00.616+0000] {processor.py:830} INFO - Processing file /home/airflow/.local/lib/python3.10/site-packages/airflow/example_dags/tutorial_taskflow_api_virtualenv.py for tasks to queue
[2024-07-11T08:40:00.616+0000] {logging_mixin.py:188} INFO - [2024-07-11T08:40:00.616+0000] {dagbag.py:540} INFO - Filling up the DagBag from /home/airflow/.local/lib/python3.10/site-packages/airflow/example_dags/tutorial_taskflow_api_virtualenv.py
[2024-07-11T08:40:00.617+0000] {logging_mixin.py:188} INFO - [2024-07-11T08:40:00.617+0000] {dagbag.py:332} DEBUG - Importing /home/airflow/.local/lib/python3.10/site-packages/airflow/example_dags/tutorial_taskflow_api_virtualenv.py
[2024-07-11T08:40:00.625+0000] {logging_mixin.py:188} INFO - [2024-07-11T08:40:00.624+0000] {dagbag.py:506} DEBUG - Loaded DAG <DAG: tutorial_taskflow_api_virtualenv>
[2024-07-11T08:40:00.625+0000] {processor.py:840} INFO - DAG(s) 'tutorial_taskflow_api_virtualenv' retrieved from /home/airflow/.local/lib/python3.10/site-packages/airflow/example_dags/tutorial_taskflow_api_virtualenv.py
[2024-07-11T08:40:00.626+0000] {logging_mixin.py:188} INFO - [2024-07-11T08:40:00.626+0000] {dagbag.py:662} DEBUG - Running dagbag.sync_to_db with retries. Try 1 of 3
[2024-07-11T08:40:00.626+0000] {logging_mixin.py:188} INFO - [2024-07-11T08:40:00.626+0000] {dagbag.py:667} DEBUG - Calling the DAG.bulk_sync_to_db method
[2024-07-11T08:40:00.635+0000] {logging_mixin.py:188} INFO - [2024-07-11T08:40:00.635+0000] {serialized_dag.py:165} DEBUG - Checking if DAG (tutorial_taskflow_api_virtualenv) changed
[2024-07-11T08:40:00.641+0000] {logging_mixin.py:188} INFO - [2024-07-11T08:40:00.641+0000] {serialized_dag.py:176} DEBUG - Serialized DAG (tutorial_taskflow_api_virtualenv) is unchanged. Skipping writing to DB
[2024-07-11T08:40:00.641+0000] {logging_mixin.py:188} INFO - [2024-07-11T08:40:00.641+0000] {dag.py:3047} INFO - Sync 1 DAGs
[2024-07-11T08:40:00.651+0000] {logging_mixin.py:188} INFO - [2024-07-11T08:40:00.651+0000] {dag.py:3834} INFO - Setting next_dagrun for tutorial_taskflow_api_virtualenv to None, run_after=None
[2024-07-11T08:40:00.664+0000] {processor.py:183} INFO - Processing /home/airflow/.local/lib/python3.10/site-packages/airflow/example_dags/tutorial_taskflow_api_virtualenv.py took 0.055 seconds
[2024-07-11T08:41:12.546+0000] {logging_mixin.py:188} INFO - [2024-07-11T08:41:12.545+0000] {settings.py:249} DEBUG - Setting up DB connection pool (PID 47)
[2024-07-11T08:41:12.546+0000] {logging_mixin.py:188} INFO - [2024-07-11T08:41:12.546+0000] {settings.py:350} DEBUG - settings.prepare_engine_args(): Using pool settings. pool_size=5, max_overflow=10, pool_recycle=1800, pid=47
[2024-07-11T08:41:12.548+0000] {processor.py:161} INFO - Started process (PID=47) to work on /home/airflow/.local/lib/python3.10/site-packages/airflow/example_dags/tutorial_taskflow_api_virtualenv.py
[2024-07-11T08:41:12.549+0000] {processor.py:830} INFO - Processing file /home/airflow/.local/lib/python3.10/site-packages/airflow/example_dags/tutorial_taskflow_api_virtualenv.py for tasks to queue
[2024-07-11T08:41:12.549+0000] {logging_mixin.py:188} INFO - [2024-07-11T08:41:12.549+0000] {dagbag.py:540} INFO - Filling up the DagBag from /home/airflow/.local/lib/python3.10/site-packages/airflow/example_dags/tutorial_taskflow_api_virtualenv.py
[2024-07-11T08:41:12.550+0000] {logging_mixin.py:188} INFO - [2024-07-11T08:41:12.550+0000] {dagbag.py:332} DEBUG - Importing /home/airflow/.local/lib/python3.10/site-packages/airflow/example_dags/tutorial_taskflow_api_virtualenv.py
[2024-07-11T08:41:12.561+0000] {logging_mixin.py:188} INFO - [2024-07-11T08:41:12.560+0000] {dagbag.py:506} DEBUG - Loaded DAG <DAG: tutorial_taskflow_api_virtualenv>
[2024-07-11T08:41:12.561+0000] {processor.py:840} INFO - DAG(s) 'tutorial_taskflow_api_virtualenv' retrieved from /home/airflow/.local/lib/python3.10/site-packages/airflow/example_dags/tutorial_taskflow_api_virtualenv.py
[2024-07-11T08:41:12.561+0000] {logging_mixin.py:188} INFO - [2024-07-11T08:41:12.561+0000] {dagbag.py:662} DEBUG - Running dagbag.sync_to_db with retries. Try 1 of 3
[2024-07-11T08:41:12.562+0000] {logging_mixin.py:188} INFO - [2024-07-11T08:41:12.562+0000] {dagbag.py:667} DEBUG - Calling the DAG.bulk_sync_to_db method
[2024-07-11T08:41:12.570+0000] {logging_mixin.py:188} INFO - [2024-07-11T08:41:12.570+0000] {dag.py:3047} INFO - Sync 1 DAGs
[2024-07-11T08:41:12.581+0000] {logging_mixin.py:188} INFO - [2024-07-11T08:41:12.581+0000] {dag.py:3834} INFO - Setting next_dagrun for tutorial_taskflow_api_virtualenv to None, run_after=None
[2024-07-11T08:41:12.597+0000] {processor.py:183} INFO - Processing /home/airflow/.local/lib/python3.10/site-packages/airflow/example_dags/tutorial_taskflow_api_virtualenv.py took 0.052 seconds
[2024-07-11T08:41:43.498+0000] {logging_mixin.py:188} INFO - [2024-07-11T08:41:43.497+0000] {settings.py:249} DEBUG - Setting up DB connection pool (PID 103)
[2024-07-11T08:41:43.499+0000] {logging_mixin.py:188} INFO - [2024-07-11T08:41:43.499+0000] {settings.py:350} DEBUG - settings.prepare_engine_args(): Using pool settings. pool_size=5, max_overflow=10, pool_recycle=1800, pid=103
[2024-07-11T08:41:43.501+0000] {processor.py:161} INFO - Started process (PID=103) to work on /home/airflow/.local/lib/python3.10/site-packages/airflow/example_dags/tutorial_taskflow_api_virtualenv.py
[2024-07-11T08:41:43.502+0000] {processor.py:830} INFO - Processing file /home/airflow/.local/lib/python3.10/site-packages/airflow/example_dags/tutorial_taskflow_api_virtualenv.py for tasks to queue
[2024-07-11T08:41:43.502+0000] {logging_mixin.py:188} INFO - [2024-07-11T08:41:43.502+0000] {dagbag.py:540} INFO - Filling up the DagBag from /home/airflow/.local/lib/python3.10/site-packages/airflow/example_dags/tutorial_taskflow_api_virtualenv.py
[2024-07-11T08:41:43.503+0000] {logging_mixin.py:188} INFO - [2024-07-11T08:41:43.503+0000] {dagbag.py:332} DEBUG - Importing /home/airflow/.local/lib/python3.10/site-packages/airflow/example_dags/tutorial_taskflow_api_virtualenv.py
[2024-07-11T08:41:43.511+0000] {logging_mixin.py:188} INFO - [2024-07-11T08:41:43.511+0000] {dagbag.py:506} DEBUG - Loaded DAG <DAG: tutorial_taskflow_api_virtualenv>
[2024-07-11T08:41:43.512+0000] {processor.py:840} INFO - DAG(s) 'tutorial_taskflow_api_virtualenv' retrieved from /home/airflow/.local/lib/python3.10/site-packages/airflow/example_dags/tutorial_taskflow_api_virtualenv.py
[2024-07-11T08:41:43.512+0000] {logging_mixin.py:188} INFO - [2024-07-11T08:41:43.512+0000] {dagbag.py:662} DEBUG - Running dagbag.sync_to_db with retries. Try 1 of 3
[2024-07-11T08:41:43.513+0000] {logging_mixin.py:188} INFO - [2024-07-11T08:41:43.513+0000] {dagbag.py:667} DEBUG - Calling the DAG.bulk_sync_to_db method
[2024-07-11T08:41:43.520+0000] {logging_mixin.py:188} INFO - [2024-07-11T08:41:43.520+0000] {serialized_dag.py:165} DEBUG - Checking if DAG (tutorial_taskflow_api_virtualenv) changed
[2024-07-11T08:41:43.526+0000] {logging_mixin.py:188} INFO - [2024-07-11T08:41:43.526+0000] {serialized_dag.py:179} DEBUG - Writing Serialized DAG: tutorial_taskflow_api_virtualenv to the DB
[2024-07-11T08:41:43.528+0000] {logging_mixin.py:188} INFO - [2024-07-11T08:41:43.528+0000] {serialized_dag.py:181} DEBUG - DAG: tutorial_taskflow_api_virtualenv written to the DB
[2024-07-11T08:41:43.528+0000] {logging_mixin.py:188} INFO - [2024-07-11T08:41:43.528+0000] {dagbag.py:696} DEBUG - Syncing DAG permissions: tutorial_taskflow_api_virtualenv to the DB
[2024-07-11T08:41:43.582+0000] {logging_mixin.py:188} INFO - [2024-07-11T08:41:43.582+0000] {override.py:1034} DEBUG - Not syncing DAG-level permissions for DAG 'DAG:tutorial_taskflow_api_virtualenv' as access control is unset.
[2024-07-11T08:41:43.582+0000] {logging_mixin.py:188} INFO - [2024-07-11T08:41:43.582+0000] {dag.py:3047} INFO - Sync 1 DAGs
[2024-07-11T08:41:43.591+0000] {logging_mixin.py:188} INFO - [2024-07-11T08:41:43.591+0000] {dag.py:3834} INFO - Setting next_dagrun for tutorial_taskflow_api_virtualenv to None, run_after=None
[2024-07-11T08:41:43.604+0000] {processor.py:183} INFO - Processing /home/airflow/.local/lib/python3.10/site-packages/airflow/example_dags/tutorial_taskflow_api_virtualenv.py took 0.107 seconds
[2024-07-11T08:42:14.476+0000] {logging_mixin.py:188} INFO - [2024-07-11T08:42:14.475+0000] {settings.py:249} DEBUG - Setting up DB connection pool (PID 159)
[2024-07-11T08:42:14.478+0000] {logging_mixin.py:188} INFO - [2024-07-11T08:42:14.477+0000] {settings.py:350} DEBUG - settings.prepare_engine_args(): Using pool settings. pool_size=5, max_overflow=10, pool_recycle=1800, pid=159
[2024-07-11T08:42:14.480+0000] {processor.py:161} INFO - Started process (PID=159) to work on /home/airflow/.local/lib/python3.10/site-packages/airflow/example_dags/tutorial_taskflow_api_virtualenv.py
[2024-07-11T08:42:14.481+0000] {processor.py:830} INFO - Processing file /home/airflow/.local/lib/python3.10/site-packages/airflow/example_dags/tutorial_taskflow_api_virtualenv.py for tasks to queue
[2024-07-11T08:42:14.481+0000] {logging_mixin.py:188} INFO - [2024-07-11T08:42:14.481+0000] {dagbag.py:540} INFO - Filling up the DagBag from /home/airflow/.local/lib/python3.10/site-packages/airflow/example_dags/tutorial_taskflow_api_virtualenv.py
[2024-07-11T08:42:14.483+0000] {logging_mixin.py:188} INFO - [2024-07-11T08:42:14.483+0000] {dagbag.py:332} DEBUG - Importing /home/airflow/.local/lib/python3.10/site-packages/airflow/example_dags/tutorial_taskflow_api_virtualenv.py
[2024-07-11T08:42:14.492+0000] {logging_mixin.py:188} INFO - [2024-07-11T08:42:14.491+0000] {dagbag.py:506} DEBUG - Loaded DAG <DAG: tutorial_taskflow_api_virtualenv>
[2024-07-11T08:42:14.492+0000] {processor.py:840} INFO - DAG(s) 'tutorial_taskflow_api_virtualenv' retrieved from /home/airflow/.local/lib/python3.10/site-packages/airflow/example_dags/tutorial_taskflow_api_virtualenv.py
[2024-07-11T08:42:14.493+0000] {logging_mixin.py:188} INFO - [2024-07-11T08:42:14.493+0000] {dagbag.py:662} DEBUG - Running dagbag.sync_to_db with retries. Try 1 of 3
[2024-07-11T08:42:14.494+0000] {logging_mixin.py:188} INFO - [2024-07-11T08:42:14.493+0000] {dagbag.py:667} DEBUG - Calling the DAG.bulk_sync_to_db method
[2024-07-11T08:42:14.502+0000] {logging_mixin.py:188} INFO - [2024-07-11T08:42:14.502+0000] {serialized_dag.py:165} DEBUG - Checking if DAG (tutorial_taskflow_api_virtualenv) changed
[2024-07-11T08:42:14.508+0000] {logging_mixin.py:188} INFO - [2024-07-11T08:42:14.508+0000] {serialized_dag.py:176} DEBUG - Serialized DAG (tutorial_taskflow_api_virtualenv) is unchanged. Skipping writing to DB
[2024-07-11T08:42:14.508+0000] {logging_mixin.py:188} INFO - [2024-07-11T08:42:14.508+0000] {dag.py:3047} INFO - Sync 1 DAGs
[2024-07-11T08:42:14.516+0000] {logging_mixin.py:188} INFO - [2024-07-11T08:42:14.516+0000] {dag.py:3834} INFO - Setting next_dagrun for tutorial_taskflow_api_virtualenv to None, run_after=None
[2024-07-11T08:42:14.528+0000] {processor.py:183} INFO - Processing /home/airflow/.local/lib/python3.10/site-packages/airflow/example_dags/tutorial_taskflow_api_virtualenv.py took 0.053 seconds
[2024-07-11T08:42:44.631+0000] {logging_mixin.py:188} INFO - [2024-07-11T08:42:44.630+0000] {settings.py:249} DEBUG - Setting up DB connection pool (PID 215)
[2024-07-11T08:42:44.632+0000] {logging_mixin.py:188} INFO - [2024-07-11T08:42:44.631+0000] {settings.py:350} DEBUG - settings.prepare_engine_args(): Using pool settings. pool_size=5, max_overflow=10, pool_recycle=1800, pid=215
[2024-07-11T08:42:44.633+0000] {processor.py:161} INFO - Started process (PID=215) to work on /home/airflow/.local/lib/python3.10/site-packages/airflow/example_dags/tutorial_taskflow_api_virtualenv.py
[2024-07-11T08:42:44.634+0000] {processor.py:830} INFO - Processing file /home/airflow/.local/lib/python3.10/site-packages/airflow/example_dags/tutorial_taskflow_api_virtualenv.py for tasks to queue
[2024-07-11T08:42:44.634+0000] {logging_mixin.py:188} INFO - [2024-07-11T08:42:44.634+0000] {dagbag.py:540} INFO - Filling up the DagBag from /home/airflow/.local/lib/python3.10/site-packages/airflow/example_dags/tutorial_taskflow_api_virtualenv.py
[2024-07-11T08:42:44.635+0000] {logging_mixin.py:188} INFO - [2024-07-11T08:42:44.635+0000] {dagbag.py:332} DEBUG - Importing /home/airflow/.local/lib/python3.10/site-packages/airflow/example_dags/tutorial_taskflow_api_virtualenv.py
[2024-07-11T08:42:44.643+0000] {logging_mixin.py:188} INFO - [2024-07-11T08:42:44.642+0000] {dagbag.py:506} DEBUG - Loaded DAG <DAG: tutorial_taskflow_api_virtualenv>
[2024-07-11T08:42:44.643+0000] {processor.py:840} INFO - DAG(s) 'tutorial_taskflow_api_virtualenv' retrieved from /home/airflow/.local/lib/python3.10/site-packages/airflow/example_dags/tutorial_taskflow_api_virtualenv.py
[2024-07-11T08:42:44.644+0000] {logging_mixin.py:188} INFO - [2024-07-11T08:42:44.644+0000] {dagbag.py:662} DEBUG - Running dagbag.sync_to_db with retries. Try 1 of 3
[2024-07-11T08:42:44.644+0000] {logging_mixin.py:188} INFO - [2024-07-11T08:42:44.644+0000] {dagbag.py:667} DEBUG - Calling the DAG.bulk_sync_to_db method
[2024-07-11T08:42:44.652+0000] {logging_mixin.py:188} INFO - [2024-07-11T08:42:44.652+0000] {serialized_dag.py:165} DEBUG - Checking if DAG (tutorial_taskflow_api_virtualenv) changed
[2024-07-11T08:42:44.659+0000] {logging_mixin.py:188} INFO - [2024-07-11T08:42:44.659+0000] {serialized_dag.py:176} DEBUG - Serialized DAG (tutorial_taskflow_api_virtualenv) is unchanged. Skipping writing to DB
[2024-07-11T08:42:44.659+0000] {logging_mixin.py:188} INFO - [2024-07-11T08:42:44.659+0000] {dag.py:3047} INFO - Sync 1 DAGs
[2024-07-11T08:42:44.670+0000] {logging_mixin.py:188} INFO - [2024-07-11T08:42:44.670+0000] {dag.py:3834} INFO - Setting next_dagrun for tutorial_taskflow_api_virtualenv to None, run_after=None
[2024-07-11T08:42:44.689+0000] {processor.py:183} INFO - Processing /home/airflow/.local/lib/python3.10/site-packages/airflow/example_dags/tutorial_taskflow_api_virtualenv.py took 0.059 seconds
[2024-07-11T08:43:14.797+0000] {logging_mixin.py:188} INFO - [2024-07-11T08:43:14.797+0000] {settings.py:249} DEBUG - Setting up DB connection pool (PID 271)
[2024-07-11T08:43:14.802+0000] {logging_mixin.py:188} INFO - [2024-07-11T08:43:14.802+0000] {settings.py:350} DEBUG - settings.prepare_engine_args(): Using pool settings. pool_size=5, max_overflow=10, pool_recycle=1800, pid=271
[2024-07-11T08:43:14.804+0000] {processor.py:161} INFO - Started process (PID=271) to work on /home/airflow/.local/lib/python3.10/site-packages/airflow/example_dags/tutorial_taskflow_api_virtualenv.py
[2024-07-11T08:43:14.804+0000] {processor.py:830} INFO - Processing file /home/airflow/.local/lib/python3.10/site-packages/airflow/example_dags/tutorial_taskflow_api_virtualenv.py for tasks to queue
[2024-07-11T08:43:14.805+0000] {logging_mixin.py:188} INFO - [2024-07-11T08:43:14.805+0000] {dagbag.py:540} INFO - Filling up the DagBag from /home/airflow/.local/lib/python3.10/site-packages/airflow/example_dags/tutorial_taskflow_api_virtualenv.py
[2024-07-11T08:43:14.806+0000] {logging_mixin.py:188} INFO - [2024-07-11T08:43:14.806+0000] {dagbag.py:332} DEBUG - Importing /home/airflow/.local/lib/python3.10/site-packages/airflow/example_dags/tutorial_taskflow_api_virtualenv.py
[2024-07-11T08:43:14.815+0000] {logging_mixin.py:188} INFO - [2024-07-11T08:43:14.813+0000] {dagbag.py:506} DEBUG - Loaded DAG <DAG: tutorial_taskflow_api_virtualenv>
[2024-07-11T08:43:14.815+0000] {processor.py:840} INFO - DAG(s) 'tutorial_taskflow_api_virtualenv' retrieved from /home/airflow/.local/lib/python3.10/site-packages/airflow/example_dags/tutorial_taskflow_api_virtualenv.py
[2024-07-11T08:43:14.816+0000] {logging_mixin.py:188} INFO - [2024-07-11T08:43:14.815+0000] {dagbag.py:662} DEBUG - Running dagbag.sync_to_db with retries. Try 1 of 3
[2024-07-11T08:43:14.816+0000] {logging_mixin.py:188} INFO - [2024-07-11T08:43:14.816+0000] {dagbag.py:667} DEBUG - Calling the DAG.bulk_sync_to_db method
[2024-07-11T08:43:14.825+0000] {logging_mixin.py:188} INFO - [2024-07-11T08:43:14.825+0000] {serialized_dag.py:165} DEBUG - Checking if DAG (tutorial_taskflow_api_virtualenv) changed
[2024-07-11T08:43:14.833+0000] {logging_mixin.py:188} INFO - [2024-07-11T08:43:14.832+0000] {serialized_dag.py:176} DEBUG - Serialized DAG (tutorial_taskflow_api_virtualenv) is unchanged. Skipping writing to DB
[2024-07-11T08:43:14.833+0000] {logging_mixin.py:188} INFO - [2024-07-11T08:43:14.833+0000] {dag.py:3047} INFO - Sync 1 DAGs
[2024-07-11T08:43:14.843+0000] {logging_mixin.py:188} INFO - [2024-07-11T08:43:14.843+0000] {dag.py:3834} INFO - Setting next_dagrun for tutorial_taskflow_api_virtualenv to None, run_after=None
[2024-07-11T08:43:14.860+0000] {processor.py:183} INFO - Processing /home/airflow/.local/lib/python3.10/site-packages/airflow/example_dags/tutorial_taskflow_api_virtualenv.py took 0.063 seconds
[2024-07-11T08:43:45.069+0000] {logging_mixin.py:188} INFO - [2024-07-11T08:43:45.068+0000] {settings.py:249} DEBUG - Setting up DB connection pool (PID 327)
[2024-07-11T08:43:45.071+0000] {logging_mixin.py:188} INFO - [2024-07-11T08:43:45.070+0000] {settings.py:350} DEBUG - settings.prepare_engine_args(): Using pool settings. pool_size=5, max_overflow=10, pool_recycle=1800, pid=327
[2024-07-11T08:43:45.074+0000] {processor.py:161} INFO - Started process (PID=327) to work on /home/airflow/.local/lib/python3.10/site-packages/airflow/example_dags/tutorial_taskflow_api_virtualenv.py
[2024-07-11T08:43:45.074+0000] {processor.py:830} INFO - Processing file /home/airflow/.local/lib/python3.10/site-packages/airflow/example_dags/tutorial_taskflow_api_virtualenv.py for tasks to queue
[2024-07-11T08:43:45.075+0000] {logging_mixin.py:188} INFO - [2024-07-11T08:43:45.074+0000] {dagbag.py:540} INFO - Filling up the DagBag from /home/airflow/.local/lib/python3.10/site-packages/airflow/example_dags/tutorial_taskflow_api_virtualenv.py
[2024-07-11T08:43:45.076+0000] {logging_mixin.py:188} INFO - [2024-07-11T08:43:45.076+0000] {dagbag.py:332} DEBUG - Importing /home/airflow/.local/lib/python3.10/site-packages/airflow/example_dags/tutorial_taskflow_api_virtualenv.py
[2024-07-11T08:43:45.085+0000] {logging_mixin.py:188} INFO - [2024-07-11T08:43:45.084+0000] {dagbag.py:506} DEBUG - Loaded DAG <DAG: tutorial_taskflow_api_virtualenv>
[2024-07-11T08:43:45.085+0000] {processor.py:840} INFO - DAG(s) 'tutorial_taskflow_api_virtualenv' retrieved from /home/airflow/.local/lib/python3.10/site-packages/airflow/example_dags/tutorial_taskflow_api_virtualenv.py
[2024-07-11T08:43:45.086+0000] {logging_mixin.py:188} INFO - [2024-07-11T08:43:45.086+0000] {dagbag.py:662} DEBUG - Running dagbag.sync_to_db with retries. Try 1 of 3
[2024-07-11T08:43:45.087+0000] {logging_mixin.py:188} INFO - [2024-07-11T08:43:45.086+0000] {dagbag.py:667} DEBUG - Calling the DAG.bulk_sync_to_db method
[2024-07-11T08:43:45.095+0000] {logging_mixin.py:188} INFO - [2024-07-11T08:43:45.094+0000] {serialized_dag.py:165} DEBUG - Checking if DAG (tutorial_taskflow_api_virtualenv) changed
[2024-07-11T08:43:45.100+0000] {logging_mixin.py:188} INFO - [2024-07-11T08:43:45.100+0000] {serialized_dag.py:176} DEBUG - Serialized DAG (tutorial_taskflow_api_virtualenv) is unchanged. Skipping writing to DB
[2024-07-11T08:43:45.100+0000] {logging_mixin.py:188} INFO - [2024-07-11T08:43:45.100+0000] {dag.py:3047} INFO - Sync 1 DAGs
[2024-07-11T08:43:45.108+0000] {logging_mixin.py:188} INFO - [2024-07-11T08:43:45.108+0000] {dag.py:3834} INFO - Setting next_dagrun for tutorial_taskflow_api_virtualenv to None, run_after=None
[2024-07-11T08:43:45.120+0000] {processor.py:183} INFO - Processing /home/airflow/.local/lib/python3.10/site-packages/airflow/example_dags/tutorial_taskflow_api_virtualenv.py took 0.052 seconds
[2024-07-11T08:44:15.479+0000] {logging_mixin.py:188} INFO - [2024-07-11T08:44:15.479+0000] {settings.py:249} DEBUG - Setting up DB connection pool (PID 383)
[2024-07-11T08:44:15.481+0000] {logging_mixin.py:188} INFO - [2024-07-11T08:44:15.480+0000] {settings.py:350} DEBUG - settings.prepare_engine_args(): Using pool settings. pool_size=5, max_overflow=10, pool_recycle=1800, pid=383
[2024-07-11T08:44:15.483+0000] {processor.py:161} INFO - Started process (PID=383) to work on /home/airflow/.local/lib/python3.10/site-packages/airflow/example_dags/tutorial_taskflow_api_virtualenv.py
[2024-07-11T08:44:15.484+0000] {processor.py:830} INFO - Processing file /home/airflow/.local/lib/python3.10/site-packages/airflow/example_dags/tutorial_taskflow_api_virtualenv.py for tasks to queue
[2024-07-11T08:44:15.484+0000] {logging_mixin.py:188} INFO - [2024-07-11T08:44:15.484+0000] {dagbag.py:540} INFO - Filling up the DagBag from /home/airflow/.local/lib/python3.10/site-packages/airflow/example_dags/tutorial_taskflow_api_virtualenv.py
[2024-07-11T08:44:15.486+0000] {logging_mixin.py:188} INFO - [2024-07-11T08:44:15.485+0000] {dagbag.py:332} DEBUG - Importing /home/airflow/.local/lib/python3.10/site-packages/airflow/example_dags/tutorial_taskflow_api_virtualenv.py
[2024-07-11T08:44:15.494+0000] {logging_mixin.py:188} INFO - [2024-07-11T08:44:15.494+0000] {dagbag.py:506} DEBUG - Loaded DAG <DAG: tutorial_taskflow_api_virtualenv>
[2024-07-11T08:44:15.495+0000] {processor.py:840} INFO - DAG(s) 'tutorial_taskflow_api_virtualenv' retrieved from /home/airflow/.local/lib/python3.10/site-packages/airflow/example_dags/tutorial_taskflow_api_virtualenv.py
[2024-07-11T08:44:15.495+0000] {logging_mixin.py:188} INFO - [2024-07-11T08:44:15.495+0000] {dagbag.py:662} DEBUG - Running dagbag.sync_to_db with retries. Try 1 of 3
[2024-07-11T08:44:15.496+0000] {logging_mixin.py:188} INFO - [2024-07-11T08:44:15.496+0000] {dagbag.py:667} DEBUG - Calling the DAG.bulk_sync_to_db method
[2024-07-11T08:44:15.506+0000] {logging_mixin.py:188} INFO - [2024-07-11T08:44:15.506+0000] {serialized_dag.py:165} DEBUG - Checking if DAG (tutorial_taskflow_api_virtualenv) changed
[2024-07-11T08:44:15.511+0000] {logging_mixin.py:188} INFO - [2024-07-11T08:44:15.511+0000] {serialized_dag.py:176} DEBUG - Serialized DAG (tutorial_taskflow_api_virtualenv) is unchanged. Skipping writing to DB
[2024-07-11T08:44:15.512+0000] {logging_mixin.py:188} INFO - [2024-07-11T08:44:15.512+0000] {dag.py:3047} INFO - Sync 1 DAGs
[2024-07-11T08:44:15.521+0000] {logging_mixin.py:188} INFO - [2024-07-11T08:44:15.521+0000] {dag.py:3834} INFO - Setting next_dagrun for tutorial_taskflow_api_virtualenv to None, run_after=None
[2024-07-11T08:44:15.535+0000] {processor.py:183} INFO - Processing /home/airflow/.local/lib/python3.10/site-packages/airflow/example_dags/tutorial_taskflow_api_virtualenv.py took 0.056 seconds
[2024-07-11T08:44:45.811+0000] {logging_mixin.py:188} INFO - [2024-07-11T08:44:45.810+0000] {settings.py:249} DEBUG - Setting up DB connection pool (PID 439)
[2024-07-11T08:44:45.812+0000] {logging_mixin.py:188} INFO - [2024-07-11T08:44:45.811+0000] {settings.py:350} DEBUG - settings.prepare_engine_args(): Using pool settings. pool_size=5, max_overflow=10, pool_recycle=1800, pid=439
[2024-07-11T08:44:45.814+0000] {processor.py:161} INFO - Started process (PID=439) to work on /home/airflow/.local/lib/python3.10/site-packages/airflow/example_dags/tutorial_taskflow_api_virtualenv.py
[2024-07-11T08:44:45.815+0000] {processor.py:830} INFO - Processing file /home/airflow/.local/lib/python3.10/site-packages/airflow/example_dags/tutorial_taskflow_api_virtualenv.py for tasks to queue
[2024-07-11T08:44:45.815+0000] {logging_mixin.py:188} INFO - [2024-07-11T08:44:45.815+0000] {dagbag.py:540} INFO - Filling up the DagBag from /home/airflow/.local/lib/python3.10/site-packages/airflow/example_dags/tutorial_taskflow_api_virtualenv.py
[2024-07-11T08:44:45.817+0000] {logging_mixin.py:188} INFO - [2024-07-11T08:44:45.817+0000] {dagbag.py:332} DEBUG - Importing /home/airflow/.local/lib/python3.10/site-packages/airflow/example_dags/tutorial_taskflow_api_virtualenv.py
[2024-07-11T08:44:45.825+0000] {logging_mixin.py:188} INFO - [2024-07-11T08:44:45.824+0000] {dagbag.py:506} DEBUG - Loaded DAG <DAG: tutorial_taskflow_api_virtualenv>
[2024-07-11T08:44:45.825+0000] {processor.py:840} INFO - DAG(s) 'tutorial_taskflow_api_virtualenv' retrieved from /home/airflow/.local/lib/python3.10/site-packages/airflow/example_dags/tutorial_taskflow_api_virtualenv.py
[2024-07-11T08:44:45.826+0000] {logging_mixin.py:188} INFO - [2024-07-11T08:44:45.826+0000] {dagbag.py:662} DEBUG - Running dagbag.sync_to_db with retries. Try 1 of 3
[2024-07-11T08:44:45.826+0000] {logging_mixin.py:188} INFO - [2024-07-11T08:44:45.826+0000] {dagbag.py:667} DEBUG - Calling the DAG.bulk_sync_to_db method
[2024-07-11T08:44:45.837+0000] {logging_mixin.py:188} INFO - [2024-07-11T08:44:45.837+0000] {serialized_dag.py:165} DEBUG - Checking if DAG (tutorial_taskflow_api_virtualenv) changed
[2024-07-11T08:44:45.842+0000] {logging_mixin.py:188} INFO - [2024-07-11T08:44:45.842+0000] {serialized_dag.py:176} DEBUG - Serialized DAG (tutorial_taskflow_api_virtualenv) is unchanged. Skipping writing to DB
[2024-07-11T08:44:45.843+0000] {logging_mixin.py:188} INFO - [2024-07-11T08:44:45.843+0000] {dag.py:3047} INFO - Sync 1 DAGs
[2024-07-11T08:44:45.852+0000] {logging_mixin.py:188} INFO - [2024-07-11T08:44:45.852+0000] {dag.py:3834} INFO - Setting next_dagrun for tutorial_taskflow_api_virtualenv to None, run_after=None
[2024-07-11T08:44:45.868+0000] {processor.py:183} INFO - Processing /home/airflow/.local/lib/python3.10/site-packages/airflow/example_dags/tutorial_taskflow_api_virtualenv.py took 0.058 seconds
