[2024-07-11T08:36:59.120+0000] {logging_mixin.py:188} INFO - [2024-07-11T08:36:59.120+0000] {settings.py:249} DEBUG - Setting up DB connection pool (PID 60)
[2024-07-11T08:36:59.121+0000] {logging_mixin.py:188} INFO - [2024-07-11T08:36:59.121+0000] {settings.py:350} DEBUG - settings.prepare_engine_args(): Using pool settings. pool_size=5, max_overflow=10, pool_recycle=1800, pid=60
[2024-07-11T08:36:59.123+0000] {processor.py:161} INFO - Started process (PID=60) to work on /home/airflow/.local/lib/python3.10/site-packages/airflow/example_dags/tutorial.py
[2024-07-11T08:36:59.124+0000] {processor.py:830} INFO - Processing file /home/airflow/.local/lib/python3.10/site-packages/airflow/example_dags/tutorial.py for tasks to queue
[2024-07-11T08:36:59.124+0000] {logging_mixin.py:188} INFO - [2024-07-11T08:36:59.124+0000] {dagbag.py:540} INFO - Filling up the DagBag from /home/airflow/.local/lib/python3.10/site-packages/airflow/example_dags/tutorial.py
[2024-07-11T08:36:59.125+0000] {logging_mixin.py:188} INFO - [2024-07-11T08:36:59.125+0000] {dagbag.py:332} DEBUG - Importing /home/airflow/.local/lib/python3.10/site-packages/airflow/example_dags/tutorial.py
[2024-07-11T08:36:59.131+0000] {logging_mixin.py:188} INFO - [2024-07-11T08:36:59.130+0000] {dagbag.py:506} DEBUG - Loaded DAG <DAG: tutorial>
[2024-07-11T08:36:59.131+0000] {processor.py:840} INFO - DAG(s) 'tutorial' retrieved from /home/airflow/.local/lib/python3.10/site-packages/airflow/example_dags/tutorial.py
[2024-07-11T08:36:59.132+0000] {logging_mixin.py:188} INFO - [2024-07-11T08:36:59.132+0000] {dagbag.py:662} DEBUG - Running dagbag.sync_to_db with retries. Try 1 of 3
[2024-07-11T08:36:59.132+0000] {logging_mixin.py:188} INFO - [2024-07-11T08:36:59.132+0000] {dagbag.py:667} DEBUG - Calling the DAG.bulk_sync_to_db method
[2024-07-11T08:36:59.143+0000] {logging_mixin.py:188} INFO - [2024-07-11T08:36:59.142+0000] {dag.py:3047} INFO - Sync 1 DAGs
[2024-07-11T08:36:59.172+0000] {logging_mixin.py:188} INFO - [2024-07-11T08:36:59.172+0000] {dag.py:3834} INFO - Setting next_dagrun for tutorial to 2024-07-10 00:00:00+00:00, run_after=2024-07-11 00:00:00+00:00
[2024-07-11T08:36:59.195+0000] {processor.py:183} INFO - Processing /home/airflow/.local/lib/python3.10/site-packages/airflow/example_dags/tutorial.py took 0.075 seconds
[2024-07-11T08:37:29.817+0000] {logging_mixin.py:188} INFO - [2024-07-11T08:37:29.816+0000] {settings.py:249} DEBUG - Setting up DB connection pool (PID 116)
[2024-07-11T08:37:29.817+0000] {logging_mixin.py:188} INFO - [2024-07-11T08:37:29.817+0000] {settings.py:350} DEBUG - settings.prepare_engine_args(): Using pool settings. pool_size=5, max_overflow=10, pool_recycle=1800, pid=116
[2024-07-11T08:37:29.819+0000] {processor.py:161} INFO - Started process (PID=116) to work on /home/airflow/.local/lib/python3.10/site-packages/airflow/example_dags/tutorial.py
[2024-07-11T08:37:29.819+0000] {processor.py:830} INFO - Processing file /home/airflow/.local/lib/python3.10/site-packages/airflow/example_dags/tutorial.py for tasks to queue
[2024-07-11T08:37:29.820+0000] {logging_mixin.py:188} INFO - [2024-07-11T08:37:29.820+0000] {dagbag.py:540} INFO - Filling up the DagBag from /home/airflow/.local/lib/python3.10/site-packages/airflow/example_dags/tutorial.py
[2024-07-11T08:37:29.821+0000] {logging_mixin.py:188} INFO - [2024-07-11T08:37:29.821+0000] {dagbag.py:332} DEBUG - Importing /home/airflow/.local/lib/python3.10/site-packages/airflow/example_dags/tutorial.py
[2024-07-11T08:37:29.825+0000] {logging_mixin.py:188} INFO - [2024-07-11T08:37:29.824+0000] {dagbag.py:506} DEBUG - Loaded DAG <DAG: tutorial>
[2024-07-11T08:37:29.825+0000] {processor.py:840} INFO - DAG(s) 'tutorial' retrieved from /home/airflow/.local/lib/python3.10/site-packages/airflow/example_dags/tutorial.py
[2024-07-11T08:37:29.826+0000] {logging_mixin.py:188} INFO - [2024-07-11T08:37:29.825+0000] {dagbag.py:662} DEBUG - Running dagbag.sync_to_db with retries. Try 1 of 3
[2024-07-11T08:37:29.826+0000] {logging_mixin.py:188} INFO - [2024-07-11T08:37:29.826+0000] {dagbag.py:667} DEBUG - Calling the DAG.bulk_sync_to_db method
[2024-07-11T08:37:29.834+0000] {logging_mixin.py:188} INFO - [2024-07-11T08:37:29.834+0000] {serialized_dag.py:165} DEBUG - Checking if DAG (tutorial) changed
[2024-07-11T08:37:29.840+0000] {logging_mixin.py:188} INFO - [2024-07-11T08:37:29.840+0000] {serialized_dag.py:179} DEBUG - Writing Serialized DAG: tutorial to the DB
[2024-07-11T08:37:29.844+0000] {logging_mixin.py:188} INFO - [2024-07-11T08:37:29.844+0000] {serialized_dag.py:181} DEBUG - DAG: tutorial written to the DB
[2024-07-11T08:37:29.844+0000] {logging_mixin.py:188} INFO - [2024-07-11T08:37:29.844+0000] {dagbag.py:696} DEBUG - Syncing DAG permissions: tutorial to the DB
[2024-07-11T08:37:29.906+0000] {logging_mixin.py:188} INFO - [2024-07-11T08:37:29.905+0000] {override.py:1034} DEBUG - Not syncing DAG-level permissions for DAG 'DAG:tutorial' as access control is unset.
[2024-07-11T08:37:29.906+0000] {logging_mixin.py:188} INFO - [2024-07-11T08:37:29.906+0000] {dag.py:3047} INFO - Sync 1 DAGs
[2024-07-11T08:37:29.920+0000] {logging_mixin.py:188} INFO - [2024-07-11T08:37:29.920+0000] {dag.py:3834} INFO - Setting next_dagrun for tutorial to 2024-07-10 00:00:00+00:00, run_after=2024-07-11 00:00:00+00:00
[2024-07-11T08:37:29.932+0000] {processor.py:183} INFO - Processing /home/airflow/.local/lib/python3.10/site-packages/airflow/example_dags/tutorial.py took 0.116 seconds
[2024-07-11T08:38:00.134+0000] {logging_mixin.py:188} INFO - [2024-07-11T08:38:00.133+0000] {settings.py:249} DEBUG - Setting up DB connection pool (PID 172)
[2024-07-11T08:38:00.134+0000] {logging_mixin.py:188} INFO - [2024-07-11T08:38:00.134+0000] {settings.py:350} DEBUG - settings.prepare_engine_args(): Using pool settings. pool_size=5, max_overflow=10, pool_recycle=1800, pid=172
[2024-07-11T08:38:00.136+0000] {processor.py:161} INFO - Started process (PID=172) to work on /home/airflow/.local/lib/python3.10/site-packages/airflow/example_dags/tutorial.py
[2024-07-11T08:38:00.137+0000] {processor.py:830} INFO - Processing file /home/airflow/.local/lib/python3.10/site-packages/airflow/example_dags/tutorial.py for tasks to queue
[2024-07-11T08:38:00.137+0000] {logging_mixin.py:188} INFO - [2024-07-11T08:38:00.137+0000] {dagbag.py:540} INFO - Filling up the DagBag from /home/airflow/.local/lib/python3.10/site-packages/airflow/example_dags/tutorial.py
[2024-07-11T08:38:00.138+0000] {logging_mixin.py:188} INFO - [2024-07-11T08:38:00.138+0000] {dagbag.py:332} DEBUG - Importing /home/airflow/.local/lib/python3.10/site-packages/airflow/example_dags/tutorial.py
[2024-07-11T08:38:00.142+0000] {logging_mixin.py:188} INFO - [2024-07-11T08:38:00.142+0000] {dagbag.py:506} DEBUG - Loaded DAG <DAG: tutorial>
[2024-07-11T08:38:00.142+0000] {processor.py:840} INFO - DAG(s) 'tutorial' retrieved from /home/airflow/.local/lib/python3.10/site-packages/airflow/example_dags/tutorial.py
[2024-07-11T08:38:00.143+0000] {logging_mixin.py:188} INFO - [2024-07-11T08:38:00.143+0000] {dagbag.py:662} DEBUG - Running dagbag.sync_to_db with retries. Try 1 of 3
[2024-07-11T08:38:00.143+0000] {logging_mixin.py:188} INFO - [2024-07-11T08:38:00.143+0000] {dagbag.py:667} DEBUG - Calling the DAG.bulk_sync_to_db method
[2024-07-11T08:38:00.152+0000] {logging_mixin.py:188} INFO - [2024-07-11T08:38:00.152+0000] {serialized_dag.py:165} DEBUG - Checking if DAG (tutorial) changed
[2024-07-11T08:38:00.162+0000] {logging_mixin.py:188} INFO - [2024-07-11T08:38:00.162+0000] {serialized_dag.py:176} DEBUG - Serialized DAG (tutorial) is unchanged. Skipping writing to DB
[2024-07-11T08:38:00.163+0000] {logging_mixin.py:188} INFO - [2024-07-11T08:38:00.163+0000] {dag.py:3047} INFO - Sync 1 DAGs
[2024-07-11T08:38:00.188+0000] {logging_mixin.py:188} INFO - [2024-07-11T08:38:00.188+0000] {dag.py:3834} INFO - Setting next_dagrun for tutorial to 2024-07-10 00:00:00+00:00, run_after=2024-07-11 00:00:00+00:00
[2024-07-11T08:38:00.202+0000] {processor.py:183} INFO - Processing /home/airflow/.local/lib/python3.10/site-packages/airflow/example_dags/tutorial.py took 0.069 seconds
[2024-07-11T08:38:30.361+0000] {logging_mixin.py:188} INFO - [2024-07-11T08:38:30.361+0000] {settings.py:249} DEBUG - Setting up DB connection pool (PID 228)
[2024-07-11T08:38:30.362+0000] {logging_mixin.py:188} INFO - [2024-07-11T08:38:30.362+0000] {settings.py:350} DEBUG - settings.prepare_engine_args(): Using pool settings. pool_size=5, max_overflow=10, pool_recycle=1800, pid=228
[2024-07-11T08:38:30.364+0000] {processor.py:161} INFO - Started process (PID=228) to work on /home/airflow/.local/lib/python3.10/site-packages/airflow/example_dags/tutorial.py
[2024-07-11T08:38:30.365+0000] {processor.py:830} INFO - Processing file /home/airflow/.local/lib/python3.10/site-packages/airflow/example_dags/tutorial.py for tasks to queue
[2024-07-11T08:38:30.366+0000] {logging_mixin.py:188} INFO - [2024-07-11T08:38:30.365+0000] {dagbag.py:540} INFO - Filling up the DagBag from /home/airflow/.local/lib/python3.10/site-packages/airflow/example_dags/tutorial.py
[2024-07-11T08:38:30.366+0000] {logging_mixin.py:188} INFO - [2024-07-11T08:38:30.366+0000] {dagbag.py:332} DEBUG - Importing /home/airflow/.local/lib/python3.10/site-packages/airflow/example_dags/tutorial.py
[2024-07-11T08:38:30.371+0000] {logging_mixin.py:188} INFO - [2024-07-11T08:38:30.370+0000] {dagbag.py:506} DEBUG - Loaded DAG <DAG: tutorial>
[2024-07-11T08:38:30.371+0000] {processor.py:840} INFO - DAG(s) 'tutorial' retrieved from /home/airflow/.local/lib/python3.10/site-packages/airflow/example_dags/tutorial.py
[2024-07-11T08:38:30.372+0000] {logging_mixin.py:188} INFO - [2024-07-11T08:38:30.372+0000] {dagbag.py:662} DEBUG - Running dagbag.sync_to_db with retries. Try 1 of 3
[2024-07-11T08:38:30.372+0000] {logging_mixin.py:188} INFO - [2024-07-11T08:38:30.372+0000] {dagbag.py:667} DEBUG - Calling the DAG.bulk_sync_to_db method
[2024-07-11T08:38:30.380+0000] {logging_mixin.py:188} INFO - [2024-07-11T08:38:30.380+0000] {serialized_dag.py:165} DEBUG - Checking if DAG (tutorial) changed
[2024-07-11T08:38:30.389+0000] {logging_mixin.py:188} INFO - [2024-07-11T08:38:30.388+0000] {serialized_dag.py:176} DEBUG - Serialized DAG (tutorial) is unchanged. Skipping writing to DB
[2024-07-11T08:38:30.389+0000] {logging_mixin.py:188} INFO - [2024-07-11T08:38:30.389+0000] {dag.py:3047} INFO - Sync 1 DAGs
[2024-07-11T08:38:30.408+0000] {logging_mixin.py:188} INFO - [2024-07-11T08:38:30.408+0000] {dag.py:3834} INFO - Setting next_dagrun for tutorial to 2024-07-10 00:00:00+00:00, run_after=2024-07-11 00:00:00+00:00
[2024-07-11T08:38:30.425+0000] {processor.py:183} INFO - Processing /home/airflow/.local/lib/python3.10/site-packages/airflow/example_dags/tutorial.py took 0.064 seconds
[2024-07-11T08:39:00.628+0000] {logging_mixin.py:188} INFO - [2024-07-11T08:39:00.627+0000] {settings.py:249} DEBUG - Setting up DB connection pool (PID 284)
[2024-07-11T08:39:00.628+0000] {logging_mixin.py:188} INFO - [2024-07-11T08:39:00.628+0000] {settings.py:350} DEBUG - settings.prepare_engine_args(): Using pool settings. pool_size=5, max_overflow=10, pool_recycle=1800, pid=284
[2024-07-11T08:39:00.630+0000] {processor.py:161} INFO - Started process (PID=284) to work on /home/airflow/.local/lib/python3.10/site-packages/airflow/example_dags/tutorial.py
[2024-07-11T08:39:00.631+0000] {processor.py:830} INFO - Processing file /home/airflow/.local/lib/python3.10/site-packages/airflow/example_dags/tutorial.py for tasks to queue
[2024-07-11T08:39:00.631+0000] {logging_mixin.py:188} INFO - [2024-07-11T08:39:00.631+0000] {dagbag.py:540} INFO - Filling up the DagBag from /home/airflow/.local/lib/python3.10/site-packages/airflow/example_dags/tutorial.py
[2024-07-11T08:39:00.632+0000] {logging_mixin.py:188} INFO - [2024-07-11T08:39:00.632+0000] {dagbag.py:332} DEBUG - Importing /home/airflow/.local/lib/python3.10/site-packages/airflow/example_dags/tutorial.py
[2024-07-11T08:39:00.637+0000] {logging_mixin.py:188} INFO - [2024-07-11T08:39:00.637+0000] {dagbag.py:506} DEBUG - Loaded DAG <DAG: tutorial>
[2024-07-11T08:39:00.638+0000] {processor.py:840} INFO - DAG(s) 'tutorial' retrieved from /home/airflow/.local/lib/python3.10/site-packages/airflow/example_dags/tutorial.py
[2024-07-11T08:39:00.638+0000] {logging_mixin.py:188} INFO - [2024-07-11T08:39:00.638+0000] {dagbag.py:662} DEBUG - Running dagbag.sync_to_db with retries. Try 1 of 3
[2024-07-11T08:39:00.639+0000] {logging_mixin.py:188} INFO - [2024-07-11T08:39:00.638+0000] {dagbag.py:667} DEBUG - Calling the DAG.bulk_sync_to_db method
[2024-07-11T08:39:00.647+0000] {logging_mixin.py:188} INFO - [2024-07-11T08:39:00.647+0000] {serialized_dag.py:165} DEBUG - Checking if DAG (tutorial) changed
[2024-07-11T08:39:00.654+0000] {logging_mixin.py:188} INFO - [2024-07-11T08:39:00.654+0000] {serialized_dag.py:176} DEBUG - Serialized DAG (tutorial) is unchanged. Skipping writing to DB
[2024-07-11T08:39:00.655+0000] {logging_mixin.py:188} INFO - [2024-07-11T08:39:00.654+0000] {dag.py:3047} INFO - Sync 1 DAGs
[2024-07-11T08:39:00.673+0000] {logging_mixin.py:188} INFO - [2024-07-11T08:39:00.673+0000] {dag.py:3834} INFO - Setting next_dagrun for tutorial to 2024-07-10 00:00:00+00:00, run_after=2024-07-11 00:00:00+00:00
[2024-07-11T08:39:00.688+0000] {processor.py:183} INFO - Processing /home/airflow/.local/lib/python3.10/site-packages/airflow/example_dags/tutorial.py took 0.061 seconds
[2024-07-11T08:39:30.915+0000] {logging_mixin.py:188} INFO - [2024-07-11T08:39:30.915+0000] {settings.py:249} DEBUG - Setting up DB connection pool (PID 340)
[2024-07-11T08:39:30.916+0000] {logging_mixin.py:188} INFO - [2024-07-11T08:39:30.916+0000] {settings.py:350} DEBUG - settings.prepare_engine_args(): Using pool settings. pool_size=5, max_overflow=10, pool_recycle=1800, pid=340
[2024-07-11T08:39:30.917+0000] {processor.py:161} INFO - Started process (PID=340) to work on /home/airflow/.local/lib/python3.10/site-packages/airflow/example_dags/tutorial.py
[2024-07-11T08:39:30.918+0000] {processor.py:830} INFO - Processing file /home/airflow/.local/lib/python3.10/site-packages/airflow/example_dags/tutorial.py for tasks to queue
[2024-07-11T08:39:30.918+0000] {logging_mixin.py:188} INFO - [2024-07-11T08:39:30.918+0000] {dagbag.py:540} INFO - Filling up the DagBag from /home/airflow/.local/lib/python3.10/site-packages/airflow/example_dags/tutorial.py
[2024-07-11T08:39:30.919+0000] {logging_mixin.py:188} INFO - [2024-07-11T08:39:30.919+0000] {dagbag.py:332} DEBUG - Importing /home/airflow/.local/lib/python3.10/site-packages/airflow/example_dags/tutorial.py
[2024-07-11T08:39:30.922+0000] {logging_mixin.py:188} INFO - [2024-07-11T08:39:30.922+0000] {dagbag.py:506} DEBUG - Loaded DAG <DAG: tutorial>
[2024-07-11T08:39:30.922+0000] {processor.py:840} INFO - DAG(s) 'tutorial' retrieved from /home/airflow/.local/lib/python3.10/site-packages/airflow/example_dags/tutorial.py
[2024-07-11T08:39:30.923+0000] {logging_mixin.py:188} INFO - [2024-07-11T08:39:30.923+0000] {dagbag.py:662} DEBUG - Running dagbag.sync_to_db with retries. Try 1 of 3
[2024-07-11T08:39:30.923+0000] {logging_mixin.py:188} INFO - [2024-07-11T08:39:30.923+0000] {dagbag.py:667} DEBUG - Calling the DAG.bulk_sync_to_db method
[2024-07-11T08:39:30.931+0000] {logging_mixin.py:188} INFO - [2024-07-11T08:39:30.931+0000] {serialized_dag.py:165} DEBUG - Checking if DAG (tutorial) changed
[2024-07-11T08:39:30.936+0000] {logging_mixin.py:188} INFO - [2024-07-11T08:39:30.936+0000] {serialized_dag.py:176} DEBUG - Serialized DAG (tutorial) is unchanged. Skipping writing to DB
[2024-07-11T08:39:30.937+0000] {logging_mixin.py:188} INFO - [2024-07-11T08:39:30.937+0000] {dag.py:3047} INFO - Sync 1 DAGs
[2024-07-11T08:39:30.952+0000] {logging_mixin.py:188} INFO - [2024-07-11T08:39:30.952+0000] {dag.py:3834} INFO - Setting next_dagrun for tutorial to 2024-07-10 00:00:00+00:00, run_after=2024-07-11 00:00:00+00:00
[2024-07-11T08:39:30.965+0000] {processor.py:183} INFO - Processing /home/airflow/.local/lib/python3.10/site-packages/airflow/example_dags/tutorial.py took 0.051 seconds
[2024-07-11T08:40:01.116+0000] {logging_mixin.py:188} INFO - [2024-07-11T08:40:01.115+0000] {settings.py:249} DEBUG - Setting up DB connection pool (PID 396)
[2024-07-11T08:40:01.116+0000] {logging_mixin.py:188} INFO - [2024-07-11T08:40:01.116+0000] {settings.py:350} DEBUG - settings.prepare_engine_args(): Using pool settings. pool_size=5, max_overflow=10, pool_recycle=1800, pid=396
[2024-07-11T08:40:01.118+0000] {processor.py:161} INFO - Started process (PID=396) to work on /home/airflow/.local/lib/python3.10/site-packages/airflow/example_dags/tutorial.py
[2024-07-11T08:40:01.118+0000] {processor.py:830} INFO - Processing file /home/airflow/.local/lib/python3.10/site-packages/airflow/example_dags/tutorial.py for tasks to queue
[2024-07-11T08:40:01.119+0000] {logging_mixin.py:188} INFO - [2024-07-11T08:40:01.118+0000] {dagbag.py:540} INFO - Filling up the DagBag from /home/airflow/.local/lib/python3.10/site-packages/airflow/example_dags/tutorial.py
[2024-07-11T08:40:01.119+0000] {logging_mixin.py:188} INFO - [2024-07-11T08:40:01.119+0000] {dagbag.py:332} DEBUG - Importing /home/airflow/.local/lib/python3.10/site-packages/airflow/example_dags/tutorial.py
[2024-07-11T08:40:01.123+0000] {logging_mixin.py:188} INFO - [2024-07-11T08:40:01.123+0000] {dagbag.py:506} DEBUG - Loaded DAG <DAG: tutorial>
[2024-07-11T08:40:01.123+0000] {processor.py:840} INFO - DAG(s) 'tutorial' retrieved from /home/airflow/.local/lib/python3.10/site-packages/airflow/example_dags/tutorial.py
[2024-07-11T08:40:01.124+0000] {logging_mixin.py:188} INFO - [2024-07-11T08:40:01.124+0000] {dagbag.py:662} DEBUG - Running dagbag.sync_to_db with retries. Try 1 of 3
[2024-07-11T08:40:01.124+0000] {logging_mixin.py:188} INFO - [2024-07-11T08:40:01.124+0000] {dagbag.py:667} DEBUG - Calling the DAG.bulk_sync_to_db method
[2024-07-11T08:40:01.132+0000] {logging_mixin.py:188} INFO - [2024-07-11T08:40:01.132+0000] {serialized_dag.py:165} DEBUG - Checking if DAG (tutorial) changed
[2024-07-11T08:40:01.138+0000] {logging_mixin.py:188} INFO - [2024-07-11T08:40:01.138+0000] {serialized_dag.py:176} DEBUG - Serialized DAG (tutorial) is unchanged. Skipping writing to DB
[2024-07-11T08:40:01.139+0000] {logging_mixin.py:188} INFO - [2024-07-11T08:40:01.139+0000] {dag.py:3047} INFO - Sync 1 DAGs
[2024-07-11T08:40:01.155+0000] {logging_mixin.py:188} INFO - [2024-07-11T08:40:01.155+0000] {dag.py:3834} INFO - Setting next_dagrun for tutorial to 2024-07-10 00:00:00+00:00, run_after=2024-07-11 00:00:00+00:00
[2024-07-11T08:40:01.169+0000] {processor.py:183} INFO - Processing /home/airflow/.local/lib/python3.10/site-packages/airflow/example_dags/tutorial.py took 0.053 seconds
[2024-07-11T08:41:13.041+0000] {logging_mixin.py:188} INFO - [2024-07-11T08:41:13.040+0000] {settings.py:249} DEBUG - Setting up DB connection pool (PID 60)
[2024-07-11T08:41:13.042+0000] {logging_mixin.py:188} INFO - [2024-07-11T08:41:13.042+0000] {settings.py:350} DEBUG - settings.prepare_engine_args(): Using pool settings. pool_size=5, max_overflow=10, pool_recycle=1800, pid=60
[2024-07-11T08:41:13.044+0000] {processor.py:161} INFO - Started process (PID=60) to work on /home/airflow/.local/lib/python3.10/site-packages/airflow/example_dags/tutorial.py
[2024-07-11T08:41:13.045+0000] {processor.py:830} INFO - Processing file /home/airflow/.local/lib/python3.10/site-packages/airflow/example_dags/tutorial.py for tasks to queue
[2024-07-11T08:41:13.045+0000] {logging_mixin.py:188} INFO - [2024-07-11T08:41:13.045+0000] {dagbag.py:540} INFO - Filling up the DagBag from /home/airflow/.local/lib/python3.10/site-packages/airflow/example_dags/tutorial.py
[2024-07-11T08:41:13.047+0000] {logging_mixin.py:188} INFO - [2024-07-11T08:41:13.046+0000] {dagbag.py:332} DEBUG - Importing /home/airflow/.local/lib/python3.10/site-packages/airflow/example_dags/tutorial.py
[2024-07-11T08:41:13.054+0000] {logging_mixin.py:188} INFO - [2024-07-11T08:41:13.053+0000] {dagbag.py:506} DEBUG - Loaded DAG <DAG: tutorial>
[2024-07-11T08:41:13.054+0000] {processor.py:840} INFO - DAG(s) 'tutorial' retrieved from /home/airflow/.local/lib/python3.10/site-packages/airflow/example_dags/tutorial.py
[2024-07-11T08:41:13.055+0000] {logging_mixin.py:188} INFO - [2024-07-11T08:41:13.055+0000] {dagbag.py:662} DEBUG - Running dagbag.sync_to_db with retries. Try 1 of 3
[2024-07-11T08:41:13.055+0000] {logging_mixin.py:188} INFO - [2024-07-11T08:41:13.055+0000] {dagbag.py:667} DEBUG - Calling the DAG.bulk_sync_to_db method
[2024-07-11T08:41:13.065+0000] {logging_mixin.py:188} INFO - [2024-07-11T08:41:13.065+0000] {dag.py:3047} INFO - Sync 1 DAGs
[2024-07-11T08:41:13.094+0000] {logging_mixin.py:188} INFO - [2024-07-11T08:41:13.093+0000] {dag.py:3834} INFO - Setting next_dagrun for tutorial to 2024-07-10 00:00:00+00:00, run_after=2024-07-11 00:00:00+00:00
[2024-07-11T08:41:13.116+0000] {processor.py:183} INFO - Processing /home/airflow/.local/lib/python3.10/site-packages/airflow/example_dags/tutorial.py took 0.076 seconds
[2024-07-11T08:41:44.339+0000] {logging_mixin.py:188} INFO - [2024-07-11T08:41:44.338+0000] {settings.py:249} DEBUG - Setting up DB connection pool (PID 116)
[2024-07-11T08:41:44.340+0000] {logging_mixin.py:188} INFO - [2024-07-11T08:41:44.340+0000] {settings.py:350} DEBUG - settings.prepare_engine_args(): Using pool settings. pool_size=5, max_overflow=10, pool_recycle=1800, pid=116
[2024-07-11T08:41:44.342+0000] {processor.py:161} INFO - Started process (PID=116) to work on /home/airflow/.local/lib/python3.10/site-packages/airflow/example_dags/tutorial.py
[2024-07-11T08:41:44.342+0000] {processor.py:830} INFO - Processing file /home/airflow/.local/lib/python3.10/site-packages/airflow/example_dags/tutorial.py for tasks to queue
[2024-07-11T08:41:44.343+0000] {logging_mixin.py:188} INFO - [2024-07-11T08:41:44.343+0000] {dagbag.py:540} INFO - Filling up the DagBag from /home/airflow/.local/lib/python3.10/site-packages/airflow/example_dags/tutorial.py
[2024-07-11T08:41:44.344+0000] {logging_mixin.py:188} INFO - [2024-07-11T08:41:44.344+0000] {dagbag.py:332} DEBUG - Importing /home/airflow/.local/lib/python3.10/site-packages/airflow/example_dags/tutorial.py
[2024-07-11T08:41:44.349+0000] {logging_mixin.py:188} INFO - [2024-07-11T08:41:44.349+0000] {dagbag.py:506} DEBUG - Loaded DAG <DAG: tutorial>
[2024-07-11T08:41:44.350+0000] {processor.py:840} INFO - DAG(s) 'tutorial' retrieved from /home/airflow/.local/lib/python3.10/site-packages/airflow/example_dags/tutorial.py
[2024-07-11T08:41:44.350+0000] {logging_mixin.py:188} INFO - [2024-07-11T08:41:44.350+0000] {dagbag.py:662} DEBUG - Running dagbag.sync_to_db with retries. Try 1 of 3
[2024-07-11T08:41:44.351+0000] {logging_mixin.py:188} INFO - [2024-07-11T08:41:44.351+0000] {dagbag.py:667} DEBUG - Calling the DAG.bulk_sync_to_db method
[2024-07-11T08:41:44.360+0000] {logging_mixin.py:188} INFO - [2024-07-11T08:41:44.360+0000] {serialized_dag.py:165} DEBUG - Checking if DAG (tutorial) changed
[2024-07-11T08:41:44.368+0000] {logging_mixin.py:188} INFO - [2024-07-11T08:41:44.368+0000] {serialized_dag.py:179} DEBUG - Writing Serialized DAG: tutorial to the DB
[2024-07-11T08:41:44.373+0000] {logging_mixin.py:188} INFO - [2024-07-11T08:41:44.372+0000] {serialized_dag.py:181} DEBUG - DAG: tutorial written to the DB
[2024-07-11T08:41:44.373+0000] {logging_mixin.py:188} INFO - [2024-07-11T08:41:44.373+0000] {dagbag.py:696} DEBUG - Syncing DAG permissions: tutorial to the DB
[2024-07-11T08:41:44.449+0000] {logging_mixin.py:188} INFO - [2024-07-11T08:41:44.448+0000] {override.py:1034} DEBUG - Not syncing DAG-level permissions for DAG 'DAG:tutorial' as access control is unset.
[2024-07-11T08:41:44.449+0000] {logging_mixin.py:188} INFO - [2024-07-11T08:41:44.449+0000] {dag.py:3047} INFO - Sync 1 DAGs
[2024-07-11T08:41:44.464+0000] {logging_mixin.py:188} INFO - [2024-07-11T08:41:44.464+0000] {dag.py:3834} INFO - Setting next_dagrun for tutorial to 2024-07-10 00:00:00+00:00, run_after=2024-07-11 00:00:00+00:00
[2024-07-11T08:41:44.479+0000] {processor.py:183} INFO - Processing /home/airflow/.local/lib/python3.10/site-packages/airflow/example_dags/tutorial.py took 0.141 seconds
[2024-07-11T08:42:14.965+0000] {logging_mixin.py:188} INFO - [2024-07-11T08:42:14.965+0000] {settings.py:249} DEBUG - Setting up DB connection pool (PID 172)
[2024-07-11T08:42:14.966+0000] {logging_mixin.py:188} INFO - [2024-07-11T08:42:14.966+0000] {settings.py:350} DEBUG - settings.prepare_engine_args(): Using pool settings. pool_size=5, max_overflow=10, pool_recycle=1800, pid=172
[2024-07-11T08:42:14.968+0000] {processor.py:161} INFO - Started process (PID=172) to work on /home/airflow/.local/lib/python3.10/site-packages/airflow/example_dags/tutorial.py
[2024-07-11T08:42:14.968+0000] {processor.py:830} INFO - Processing file /home/airflow/.local/lib/python3.10/site-packages/airflow/example_dags/tutorial.py for tasks to queue
[2024-07-11T08:42:14.968+0000] {logging_mixin.py:188} INFO - [2024-07-11T08:42:14.968+0000] {dagbag.py:540} INFO - Filling up the DagBag from /home/airflow/.local/lib/python3.10/site-packages/airflow/example_dags/tutorial.py
[2024-07-11T08:42:14.969+0000] {logging_mixin.py:188} INFO - [2024-07-11T08:42:14.969+0000] {dagbag.py:332} DEBUG - Importing /home/airflow/.local/lib/python3.10/site-packages/airflow/example_dags/tutorial.py
[2024-07-11T08:42:14.973+0000] {logging_mixin.py:188} INFO - [2024-07-11T08:42:14.972+0000] {dagbag.py:506} DEBUG - Loaded DAG <DAG: tutorial>
[2024-07-11T08:42:14.973+0000] {processor.py:840} INFO - DAG(s) 'tutorial' retrieved from /home/airflow/.local/lib/python3.10/site-packages/airflow/example_dags/tutorial.py
[2024-07-11T08:42:14.973+0000] {logging_mixin.py:188} INFO - [2024-07-11T08:42:14.973+0000] {dagbag.py:662} DEBUG - Running dagbag.sync_to_db with retries. Try 1 of 3
[2024-07-11T08:42:14.974+0000] {logging_mixin.py:188} INFO - [2024-07-11T08:42:14.974+0000] {dagbag.py:667} DEBUG - Calling the DAG.bulk_sync_to_db method
[2024-07-11T08:42:14.981+0000] {logging_mixin.py:188} INFO - [2024-07-11T08:42:14.980+0000] {serialized_dag.py:165} DEBUG - Checking if DAG (tutorial) changed
[2024-07-11T08:42:14.987+0000] {logging_mixin.py:188} INFO - [2024-07-11T08:42:14.986+0000] {serialized_dag.py:176} DEBUG - Serialized DAG (tutorial) is unchanged. Skipping writing to DB
[2024-07-11T08:42:14.987+0000] {logging_mixin.py:188} INFO - [2024-07-11T08:42:14.987+0000] {dag.py:3047} INFO - Sync 1 DAGs
[2024-07-11T08:42:15.004+0000] {logging_mixin.py:188} INFO - [2024-07-11T08:42:15.004+0000] {dag.py:3834} INFO - Setting next_dagrun for tutorial to 2024-07-10 00:00:00+00:00, run_after=2024-07-11 00:00:00+00:00
[2024-07-11T08:42:15.017+0000] {processor.py:183} INFO - Processing /home/airflow/.local/lib/python3.10/site-packages/airflow/example_dags/tutorial.py took 0.053 seconds
[2024-07-11T08:42:45.142+0000] {logging_mixin.py:188} INFO - [2024-07-11T08:42:45.142+0000] {settings.py:249} DEBUG - Setting up DB connection pool (PID 228)
[2024-07-11T08:42:45.143+0000] {logging_mixin.py:188} INFO - [2024-07-11T08:42:45.143+0000] {settings.py:350} DEBUG - settings.prepare_engine_args(): Using pool settings. pool_size=5, max_overflow=10, pool_recycle=1800, pid=228
[2024-07-11T08:42:45.145+0000] {processor.py:161} INFO - Started process (PID=228) to work on /home/airflow/.local/lib/python3.10/site-packages/airflow/example_dags/tutorial.py
[2024-07-11T08:42:45.145+0000] {processor.py:830} INFO - Processing file /home/airflow/.local/lib/python3.10/site-packages/airflow/example_dags/tutorial.py for tasks to queue
[2024-07-11T08:42:45.146+0000] {logging_mixin.py:188} INFO - [2024-07-11T08:42:45.145+0000] {dagbag.py:540} INFO - Filling up the DagBag from /home/airflow/.local/lib/python3.10/site-packages/airflow/example_dags/tutorial.py
[2024-07-11T08:42:45.146+0000] {logging_mixin.py:188} INFO - [2024-07-11T08:42:45.146+0000] {dagbag.py:332} DEBUG - Importing /home/airflow/.local/lib/python3.10/site-packages/airflow/example_dags/tutorial.py
[2024-07-11T08:42:45.150+0000] {logging_mixin.py:188} INFO - [2024-07-11T08:42:45.150+0000] {dagbag.py:506} DEBUG - Loaded DAG <DAG: tutorial>
[2024-07-11T08:42:45.150+0000] {processor.py:840} INFO - DAG(s) 'tutorial' retrieved from /home/airflow/.local/lib/python3.10/site-packages/airflow/example_dags/tutorial.py
[2024-07-11T08:42:45.151+0000] {logging_mixin.py:188} INFO - [2024-07-11T08:42:45.150+0000] {dagbag.py:662} DEBUG - Running dagbag.sync_to_db with retries. Try 1 of 3
[2024-07-11T08:42:45.151+0000] {logging_mixin.py:188} INFO - [2024-07-11T08:42:45.151+0000] {dagbag.py:667} DEBUG - Calling the DAG.bulk_sync_to_db method
[2024-07-11T08:42:45.158+0000] {logging_mixin.py:188} INFO - [2024-07-11T08:42:45.158+0000] {serialized_dag.py:165} DEBUG - Checking if DAG (tutorial) changed
[2024-07-11T08:42:45.163+0000] {logging_mixin.py:188} INFO - [2024-07-11T08:42:45.163+0000] {serialized_dag.py:176} DEBUG - Serialized DAG (tutorial) is unchanged. Skipping writing to DB
[2024-07-11T08:42:45.164+0000] {logging_mixin.py:188} INFO - [2024-07-11T08:42:45.163+0000] {dag.py:3047} INFO - Sync 1 DAGs
[2024-07-11T08:42:45.179+0000] {logging_mixin.py:188} INFO - [2024-07-11T08:42:45.178+0000] {dag.py:3834} INFO - Setting next_dagrun for tutorial to 2024-07-10 00:00:00+00:00, run_after=2024-07-11 00:00:00+00:00
[2024-07-11T08:42:45.192+0000] {processor.py:183} INFO - Processing /home/airflow/.local/lib/python3.10/site-packages/airflow/example_dags/tutorial.py took 0.050 seconds
[2024-07-11T08:43:15.432+0000] {logging_mixin.py:188} INFO - [2024-07-11T08:43:15.431+0000] {settings.py:249} DEBUG - Setting up DB connection pool (PID 284)
[2024-07-11T08:43:15.432+0000] {logging_mixin.py:188} INFO - [2024-07-11T08:43:15.432+0000] {settings.py:350} DEBUG - settings.prepare_engine_args(): Using pool settings. pool_size=5, max_overflow=10, pool_recycle=1800, pid=284
[2024-07-11T08:43:15.435+0000] {processor.py:161} INFO - Started process (PID=284) to work on /home/airflow/.local/lib/python3.10/site-packages/airflow/example_dags/tutorial.py
[2024-07-11T08:43:15.435+0000] {processor.py:830} INFO - Processing file /home/airflow/.local/lib/python3.10/site-packages/airflow/example_dags/tutorial.py for tasks to queue
[2024-07-11T08:43:15.435+0000] {logging_mixin.py:188} INFO - [2024-07-11T08:43:15.435+0000] {dagbag.py:540} INFO - Filling up the DagBag from /home/airflow/.local/lib/python3.10/site-packages/airflow/example_dags/tutorial.py
[2024-07-11T08:43:15.436+0000] {logging_mixin.py:188} INFO - [2024-07-11T08:43:15.436+0000] {dagbag.py:332} DEBUG - Importing /home/airflow/.local/lib/python3.10/site-packages/airflow/example_dags/tutorial.py
[2024-07-11T08:43:15.440+0000] {logging_mixin.py:188} INFO - [2024-07-11T08:43:15.440+0000] {dagbag.py:506} DEBUG - Loaded DAG <DAG: tutorial>
[2024-07-11T08:43:15.440+0000] {processor.py:840} INFO - DAG(s) 'tutorial' retrieved from /home/airflow/.local/lib/python3.10/site-packages/airflow/example_dags/tutorial.py
[2024-07-11T08:43:15.441+0000] {logging_mixin.py:188} INFO - [2024-07-11T08:43:15.441+0000] {dagbag.py:662} DEBUG - Running dagbag.sync_to_db with retries. Try 1 of 3
[2024-07-11T08:43:15.441+0000] {logging_mixin.py:188} INFO - [2024-07-11T08:43:15.441+0000] {dagbag.py:667} DEBUG - Calling the DAG.bulk_sync_to_db method
[2024-07-11T08:43:15.451+0000] {logging_mixin.py:188} INFO - [2024-07-11T08:43:15.450+0000] {serialized_dag.py:165} DEBUG - Checking if DAG (tutorial) changed
[2024-07-11T08:43:15.456+0000] {logging_mixin.py:188} INFO - [2024-07-11T08:43:15.456+0000] {serialized_dag.py:176} DEBUG - Serialized DAG (tutorial) is unchanged. Skipping writing to DB
[2024-07-11T08:43:15.456+0000] {logging_mixin.py:188} INFO - [2024-07-11T08:43:15.456+0000] {dag.py:3047} INFO - Sync 1 DAGs
[2024-07-11T08:43:15.474+0000] {logging_mixin.py:188} INFO - [2024-07-11T08:43:15.474+0000] {dag.py:3834} INFO - Setting next_dagrun for tutorial to 2024-07-10 00:00:00+00:00, run_after=2024-07-11 00:00:00+00:00
[2024-07-11T08:43:15.488+0000] {processor.py:183} INFO - Processing /home/airflow/.local/lib/python3.10/site-packages/airflow/example_dags/tutorial.py took 0.057 seconds
[2024-07-11T08:43:45.603+0000] {logging_mixin.py:188} INFO - [2024-07-11T08:43:45.603+0000] {settings.py:249} DEBUG - Setting up DB connection pool (PID 340)
[2024-07-11T08:43:45.604+0000] {logging_mixin.py:188} INFO - [2024-07-11T08:43:45.603+0000] {settings.py:350} DEBUG - settings.prepare_engine_args(): Using pool settings. pool_size=5, max_overflow=10, pool_recycle=1800, pid=340
[2024-07-11T08:43:45.605+0000] {processor.py:161} INFO - Started process (PID=340) to work on /home/airflow/.local/lib/python3.10/site-packages/airflow/example_dags/tutorial.py
[2024-07-11T08:43:45.605+0000] {processor.py:830} INFO - Processing file /home/airflow/.local/lib/python3.10/site-packages/airflow/example_dags/tutorial.py for tasks to queue
[2024-07-11T08:43:45.606+0000] {logging_mixin.py:188} INFO - [2024-07-11T08:43:45.606+0000] {dagbag.py:540} INFO - Filling up the DagBag from /home/airflow/.local/lib/python3.10/site-packages/airflow/example_dags/tutorial.py
[2024-07-11T08:43:45.607+0000] {logging_mixin.py:188} INFO - [2024-07-11T08:43:45.607+0000] {dagbag.py:332} DEBUG - Importing /home/airflow/.local/lib/python3.10/site-packages/airflow/example_dags/tutorial.py
[2024-07-11T08:43:45.610+0000] {logging_mixin.py:188} INFO - [2024-07-11T08:43:45.610+0000] {dagbag.py:506} DEBUG - Loaded DAG <DAG: tutorial>
[2024-07-11T08:43:45.610+0000] {processor.py:840} INFO - DAG(s) 'tutorial' retrieved from /home/airflow/.local/lib/python3.10/site-packages/airflow/example_dags/tutorial.py
[2024-07-11T08:43:45.611+0000] {logging_mixin.py:188} INFO - [2024-07-11T08:43:45.611+0000] {dagbag.py:662} DEBUG - Running dagbag.sync_to_db with retries. Try 1 of 3
[2024-07-11T08:43:45.611+0000] {logging_mixin.py:188} INFO - [2024-07-11T08:43:45.611+0000] {dagbag.py:667} DEBUG - Calling the DAG.bulk_sync_to_db method
[2024-07-11T08:43:45.619+0000] {logging_mixin.py:188} INFO - [2024-07-11T08:43:45.618+0000] {serialized_dag.py:165} DEBUG - Checking if DAG (tutorial) changed
[2024-07-11T08:43:45.624+0000] {logging_mixin.py:188} INFO - [2024-07-11T08:43:45.624+0000] {serialized_dag.py:176} DEBUG - Serialized DAG (tutorial) is unchanged. Skipping writing to DB
[2024-07-11T08:43:45.624+0000] {logging_mixin.py:188} INFO - [2024-07-11T08:43:45.624+0000] {dag.py:3047} INFO - Sync 1 DAGs
[2024-07-11T08:43:45.639+0000] {logging_mixin.py:188} INFO - [2024-07-11T08:43:45.639+0000] {dag.py:3834} INFO - Setting next_dagrun for tutorial to 2024-07-10 00:00:00+00:00, run_after=2024-07-11 00:00:00+00:00
[2024-07-11T08:43:45.651+0000] {processor.py:183} INFO - Processing /home/airflow/.local/lib/python3.10/site-packages/airflow/example_dags/tutorial.py took 0.049 seconds
[2024-07-11T08:44:16.088+0000] {logging_mixin.py:188} INFO - [2024-07-11T08:44:16.087+0000] {settings.py:249} DEBUG - Setting up DB connection pool (PID 396)
[2024-07-11T08:44:16.089+0000] {logging_mixin.py:188} INFO - [2024-07-11T08:44:16.088+0000] {settings.py:350} DEBUG - settings.prepare_engine_args(): Using pool settings. pool_size=5, max_overflow=10, pool_recycle=1800, pid=396
[2024-07-11T08:44:16.091+0000] {processor.py:161} INFO - Started process (PID=396) to work on /home/airflow/.local/lib/python3.10/site-packages/airflow/example_dags/tutorial.py
[2024-07-11T08:44:16.092+0000] {processor.py:830} INFO - Processing file /home/airflow/.local/lib/python3.10/site-packages/airflow/example_dags/tutorial.py for tasks to queue
[2024-07-11T08:44:16.092+0000] {logging_mixin.py:188} INFO - [2024-07-11T08:44:16.092+0000] {dagbag.py:540} INFO - Filling up the DagBag from /home/airflow/.local/lib/python3.10/site-packages/airflow/example_dags/tutorial.py
[2024-07-11T08:44:16.093+0000] {logging_mixin.py:188} INFO - [2024-07-11T08:44:16.093+0000] {dagbag.py:332} DEBUG - Importing /home/airflow/.local/lib/python3.10/site-packages/airflow/example_dags/tutorial.py
[2024-07-11T08:44:16.097+0000] {logging_mixin.py:188} INFO - [2024-07-11T08:44:16.097+0000] {dagbag.py:506} DEBUG - Loaded DAG <DAG: tutorial>
[2024-07-11T08:44:16.097+0000] {processor.py:840} INFO - DAG(s) 'tutorial' retrieved from /home/airflow/.local/lib/python3.10/site-packages/airflow/example_dags/tutorial.py
[2024-07-11T08:44:16.098+0000] {logging_mixin.py:188} INFO - [2024-07-11T08:44:16.098+0000] {dagbag.py:662} DEBUG - Running dagbag.sync_to_db with retries. Try 1 of 3
[2024-07-11T08:44:16.098+0000] {logging_mixin.py:188} INFO - [2024-07-11T08:44:16.098+0000] {dagbag.py:667} DEBUG - Calling the DAG.bulk_sync_to_db method
[2024-07-11T08:44:16.107+0000] {logging_mixin.py:188} INFO - [2024-07-11T08:44:16.106+0000] {serialized_dag.py:165} DEBUG - Checking if DAG (tutorial) changed
[2024-07-11T08:44:16.113+0000] {logging_mixin.py:188} INFO - [2024-07-11T08:44:16.113+0000] {serialized_dag.py:176} DEBUG - Serialized DAG (tutorial) is unchanged. Skipping writing to DB
[2024-07-11T08:44:16.113+0000] {logging_mixin.py:188} INFO - [2024-07-11T08:44:16.113+0000] {dag.py:3047} INFO - Sync 1 DAGs
[2024-07-11T08:44:16.131+0000] {logging_mixin.py:188} INFO - [2024-07-11T08:44:16.131+0000] {dag.py:3834} INFO - Setting next_dagrun for tutorial to 2024-07-10 00:00:00+00:00, run_after=2024-07-11 00:00:00+00:00
[2024-07-11T08:44:16.147+0000] {processor.py:183} INFO - Processing /home/airflow/.local/lib/python3.10/site-packages/airflow/example_dags/tutorial.py took 0.060 seconds
[2024-07-11T08:44:46.411+0000] {logging_mixin.py:188} INFO - [2024-07-11T08:44:46.410+0000] {settings.py:249} DEBUG - Setting up DB connection pool (PID 452)
[2024-07-11T08:44:46.412+0000] {logging_mixin.py:188} INFO - [2024-07-11T08:44:46.411+0000] {settings.py:350} DEBUG - settings.prepare_engine_args(): Using pool settings. pool_size=5, max_overflow=10, pool_recycle=1800, pid=452
[2024-07-11T08:44:46.414+0000] {processor.py:161} INFO - Started process (PID=452) to work on /home/airflow/.local/lib/python3.10/site-packages/airflow/example_dags/tutorial.py
[2024-07-11T08:44:46.414+0000] {processor.py:830} INFO - Processing file /home/airflow/.local/lib/python3.10/site-packages/airflow/example_dags/tutorial.py for tasks to queue
[2024-07-11T08:44:46.414+0000] {logging_mixin.py:188} INFO - [2024-07-11T08:44:46.414+0000] {dagbag.py:540} INFO - Filling up the DagBag from /home/airflow/.local/lib/python3.10/site-packages/airflow/example_dags/tutorial.py
[2024-07-11T08:44:46.415+0000] {logging_mixin.py:188} INFO - [2024-07-11T08:44:46.415+0000] {dagbag.py:332} DEBUG - Importing /home/airflow/.local/lib/python3.10/site-packages/airflow/example_dags/tutorial.py
[2024-07-11T08:44:46.421+0000] {logging_mixin.py:188} INFO - [2024-07-11T08:44:46.420+0000] {dagbag.py:506} DEBUG - Loaded DAG <DAG: tutorial>
[2024-07-11T08:44:46.421+0000] {processor.py:840} INFO - DAG(s) 'tutorial' retrieved from /home/airflow/.local/lib/python3.10/site-packages/airflow/example_dags/tutorial.py
[2024-07-11T08:44:46.422+0000] {logging_mixin.py:188} INFO - [2024-07-11T08:44:46.422+0000] {dagbag.py:662} DEBUG - Running dagbag.sync_to_db with retries. Try 1 of 3
[2024-07-11T08:44:46.422+0000] {logging_mixin.py:188} INFO - [2024-07-11T08:44:46.422+0000] {dagbag.py:667} DEBUG - Calling the DAG.bulk_sync_to_db method
[2024-07-11T08:44:46.430+0000] {logging_mixin.py:188} INFO - [2024-07-11T08:44:46.430+0000] {serialized_dag.py:165} DEBUG - Checking if DAG (tutorial) changed
[2024-07-11T08:44:46.437+0000] {logging_mixin.py:188} INFO - [2024-07-11T08:44:46.437+0000] {serialized_dag.py:176} DEBUG - Serialized DAG (tutorial) is unchanged. Skipping writing to DB
[2024-07-11T08:44:46.437+0000] {logging_mixin.py:188} INFO - [2024-07-11T08:44:46.437+0000] {dag.py:3047} INFO - Sync 1 DAGs
[2024-07-11T08:44:46.455+0000] {logging_mixin.py:188} INFO - [2024-07-11T08:44:46.455+0000] {dag.py:3834} INFO - Setting next_dagrun for tutorial to 2024-07-10 00:00:00+00:00, run_after=2024-07-11 00:00:00+00:00
[2024-07-11T08:44:46.468+0000] {processor.py:183} INFO - Processing /home/airflow/.local/lib/python3.10/site-packages/airflow/example_dags/tutorial.py took 0.058 seconds
