[2024-07-17T03:56:35.228+0000] {taskinstance.py:991} DEBUG - previous_execution_date was called
[2024-07-17T03:56:35.241+0000] {__init__.py:54} DEBUG - Loading core task runner: StandardTaskRunner
[2024-07-17T03:56:35.254+0000] {taskinstance.py:991} DEBUG - previous_execution_date was called
[2024-07-17T03:56:35.256+0000] {base_task_runner.py:72} DEBUG - Planning to run as the  user
[2024-07-17T03:56:35.276+0000] {taskinstance.py:1988} DEBUG - <TaskInstance: mysql_to_hive_with_connection.load_into_hive scheduled__2024-07-16T00:00:00+00:00 [queued]> dependency 'Previous Dagrun State' PASSED: True, The task did not have depends_on_past set.
[2024-07-17T03:56:35.286+0000] {taskinstance.py:1988} DEBUG - <TaskInstance: mysql_to_hive_with_connection.load_into_hive scheduled__2024-07-16T00:00:00+00:00 [queued]> dependency 'Task Instance Not Running' PASSED: True, Task is not in running state.
[2024-07-17T03:56:35.286+0000] {taskinstance.py:1988} DEBUG - <TaskInstance: mysql_to_hive_with_connection.load_into_hive scheduled__2024-07-16T00:00:00+00:00 [queued]> dependency 'Task Instance State' PASSED: True, Task state queued was valid.
[2024-07-17T03:56:35.286+0000] {taskinstance.py:1988} DEBUG - <TaskInstance: mysql_to_hive_with_connection.load_into_hive scheduled__2024-07-16T00:00:00+00:00 [queued]> dependency 'Not In Retry Period' PASSED: True, The task instance was not marked for retrying.
[2024-07-17T03:56:35.286+0000] {taskinstance.py:1979} INFO - Dependencies all met for dep_context=non-requeueable deps ti=<TaskInstance: mysql_to_hive_with_connection.load_into_hive scheduled__2024-07-16T00:00:00+00:00 [queued]>
[2024-07-17T03:56:35.286+0000] {taskinstance.py:1988} DEBUG - <TaskInstance: mysql_to_hive_with_connection.load_into_hive scheduled__2024-07-16T00:00:00+00:00 [queued]> dependency 'Previous Dagrun State' PASSED: True, The task did not have depends_on_past set.
[2024-07-17T03:56:35.288+0000] {taskinstance.py:1988} DEBUG - <TaskInstance: mysql_to_hive_with_connection.load_into_hive scheduled__2024-07-16T00:00:00+00:00 [queued]> dependency 'Task Concurrency' PASSED: True, Task concurrency is not set.
[2024-07-17T03:56:35.292+0000] {taskinstance.py:1988} DEBUG - <TaskInstance: mysql_to_hive_with_connection.load_into_hive scheduled__2024-07-16T00:00:00+00:00 [queued]> dependency 'Pool Slots Available' PASSED: True, There are enough open slots in default_pool to execute the task
[2024-07-17T03:56:35.294+0000] {taskinstance.py:1988} DEBUG - <TaskInstance: mysql_to_hive_with_connection.load_into_hive scheduled__2024-07-16T00:00:00+00:00 [queued]> dependency 'Not In Retry Period' PASSED: True, The task instance was not marked for retrying.
[2024-07-17T03:56:35.294+0000] {taskinstance.py:1979} INFO - Dependencies all met for dep_context=requeueable deps ti=<TaskInstance: mysql_to_hive_with_connection.load_into_hive scheduled__2024-07-16T00:00:00+00:00 [queued]>
[2024-07-17T03:56:35.294+0000] {taskinstance.py:2193} INFO - Starting attempt 1 of 2
[2024-07-17T03:56:35.311+0000] {taskinstance.py:2214} INFO - Executing <Task(PythonOperator): load_into_hive> on 2024-07-16 00:00:00+00:00
[2024-07-17T03:56:35.320+0000] {standard_task_runner.py:60} INFO - Started process 77 to run task
[2024-07-17T03:56:35.324+0000] {standard_task_runner.py:87} INFO - Running: ['***', 'tasks', 'run', 'mysql_to_hive_with_connection', 'load_into_hive', 'scheduled__2024-07-16T00:00:00+00:00', '--job-id', '1384', '--raw', '--subdir', 'DAGS_FOLDER/new.py', '--cfg-path', '/tmp/tmpgg4oduk9']
[2024-07-17T03:56:35.325+0000] {standard_task_runner.py:88} INFO - Job 1384: Subtask load_into_hive
[2024-07-17T03:56:35.326+0000] {cli_action_loggers.py:67} DEBUG - Calling callbacks: [<function default_action_log at 0x722e82c68ca0>]
[2024-07-17T03:56:35.378+0000] {taskinstance.py:991} DEBUG - previous_execution_date was called
[2024-07-17T03:56:35.382+0000] {task_command.py:423} INFO - Running <TaskInstance: mysql_to_hive_with_connection.load_into_hive scheduled__2024-07-16T00:00:00+00:00 [running]> on host e6ffadd088db
[2024-07-17T03:56:35.382+0000] {settings.py:386} DEBUG - Disposing DB connection pool (PID 77)
[2024-07-17T03:56:35.383+0000] {settings.py:249} DEBUG - Setting up DB connection pool (PID 77)
[2024-07-17T03:56:35.383+0000] {settings.py:318} DEBUG - settings.prepare_engine_args(): Using NullPool
[2024-07-17T03:56:35.416+0000] {taskinstance.py:991} DEBUG - previous_execution_date was called
[2024-07-17T03:56:35.418+0000] {taskinstance.py:1769} DEBUG - Clearing XCom data
[2024-07-17T03:56:35.421+0000] {retries.py:93} DEBUG - Running RenderedTaskInstanceFields.write with retries. Try 1 of 3
[2024-07-17T03:56:35.443+0000] {retries.py:93} DEBUG - Running RenderedTaskInstanceFields._do_delete_old_records with retries. Try 1 of 3
[2024-07-17T03:56:35.454+0000] {taskinstance.py:2510} INFO - Exporting env vars: AIRFLOW_CTX_DAG_OWNER='***' AIRFLOW_CTX_DAG_ID='mysql_to_hive_with_connection' AIRFLOW_CTX_TASK_ID='load_into_hive' AIRFLOW_CTX_EXECUTION_DATE='2024-07-16T00:00:00+00:00' AIRFLOW_CTX_TRY_NUMBER='1' AIRFLOW_CTX_DAG_RUN_ID='scheduled__2024-07-16T00:00:00+00:00'
[2024-07-17T03:56:35.455+0000] {__init__.py:115} DEBUG - Preparing lineage inlets and outlets
[2024-07-17T03:56:35.455+0000] {__init__.py:154} DEBUG - inlets: [], outlets: []
[2024-07-17T03:56:35.457+0000] {taskinstance.py:2728} ERROR - Task failed with exception
Traceback (most recent call last):
  File "/home/airflow/.local/lib/python3.10/site-packages/airflow/models/taskinstance.py", line 444, in _execute_task
    result = _execute_callable(context=context, **execute_callable_kwargs)
  File "/home/airflow/.local/lib/python3.10/site-packages/airflow/models/taskinstance.py", line 414, in _execute_callable
    return execute_callable(context=context, **execute_callable_kwargs)
  File "/home/airflow/.local/lib/python3.10/site-packages/airflow/operators/python.py", line 200, in execute
    return_value = self.execute_callable()
  File "/home/airflow/.local/lib/python3.10/site-packages/airflow/operators/python.py", line 217, in execute_callable
    return self.python_callable(*self.op_args, **self.op_kwargs)
  File "/opt/airflow/dags/new.py", line 48, in load_into_hive
    conn = hive.Connection(host='hive-server', port=10000, username='hive')
  File "/home/airflow/.local/lib/python3.10/site-packages/pyhive/hive.py", line 242, in __init__
    import thrift_sasl
ModuleNotFoundError: No module named 'thrift_sasl'
[2024-07-17T03:56:35.465+0000] {taskinstance.py:527} DEBUG - Task Duration set to 0.17831
[2024-07-17T03:56:35.467+0000] {taskinstance.py:549} DEBUG - Clearing next_method and next_kwargs.
[2024-07-17T03:56:35.467+0000] {taskinstance.py:1149} INFO - Marking task as UP_FOR_RETRY. dag_id=mysql_to_hive_with_connection, task_id=load_into_hive, execution_date=20240716T000000, start_date=20240717T035635, end_date=20240717T035635
[2024-07-17T03:56:35.484+0000] {cli_action_loggers.py:85} DEBUG - Calling callbacks: []
[2024-07-17T03:56:35.484+0000] {standard_task_runner.py:107} ERROR - Failed to execute job 1384 for task load_into_hive (No module named 'thrift_sasl'; 77)
[2024-07-17T03:56:35.535+0000] {local_task_job_runner.py:234} INFO - Task exited with return code 1
[2024-07-17T03:56:35.552+0000] {dagrun.py:876} DEBUG - number of tis tasks for <DagRun mysql_to_hive_with_connection @ 2024-07-16 00:00:00+00:00: scheduled__2024-07-16T00:00:00+00:00, state:running, queued_at: 2024-07-17 03:56:30.001297+00:00. externally triggered: False>: 0 task(s)
[2024-07-17T03:56:35.552+0000] {taskinstance.py:3309} INFO - 0 downstream tasks scheduled from follow-on schedule check
