[2024-07-17T14:08:52.422+0000] {taskinstance.py:991} DEBUG - previous_execution_date was called
[2024-07-17T14:08:52.463+0000] {__init__.py:54} DEBUG - Loading core task runner: StandardTaskRunner
[2024-07-17T14:08:52.487+0000] {taskinstance.py:991} DEBUG - previous_execution_date was called
[2024-07-17T14:08:52.492+0000] {base_task_runner.py:72} DEBUG - Planning to run as the  user
[2024-07-17T14:08:52.530+0000] {taskinstance.py:1988} DEBUG - <TaskInstance: hive_etl.extract_from_mysql scheduled__2023-06-01T00:00:00+00:00 [queued]> dependency 'Task Instance State' PASSED: True, Task state queued was valid.
[2024-07-17T14:08:52.530+0000] {taskinstance.py:1988} DEBUG - <TaskInstance: hive_etl.extract_from_mysql scheduled__2023-06-01T00:00:00+00:00 [queued]> dependency 'Not In Retry Period' PASSED: True, The task instance was not marked for retrying.
[2024-07-17T14:08:52.531+0000] {taskinstance.py:1988} DEBUG - <TaskInstance: hive_etl.extract_from_mysql scheduled__2023-06-01T00:00:00+00:00 [queued]> dependency 'Previous Dagrun State' PASSED: True, The task did not have depends_on_past set.
[2024-07-17T14:08:52.542+0000] {taskinstance.py:1988} DEBUG - <TaskInstance: hive_etl.extract_from_mysql scheduled__2023-06-01T00:00:00+00:00 [queued]> dependency 'Task Instance Not Running' PASSED: True, Task is not in running state.
[2024-07-17T14:08:52.544+0000] {taskinstance.py:1979} INFO - Dependencies all met for dep_context=non-requeueable deps ti=<TaskInstance: hive_etl.extract_from_mysql scheduled__2023-06-01T00:00:00+00:00 [queued]>
[2024-07-17T14:08:52.554+0000] {taskinstance.py:1988} DEBUG - <TaskInstance: hive_etl.extract_from_mysql scheduled__2023-06-01T00:00:00+00:00 [queued]> dependency 'Not In Retry Period' PASSED: True, The task instance was not marked for retrying.
[2024-07-17T14:08:52.555+0000] {taskinstance.py:1988} DEBUG - <TaskInstance: hive_etl.extract_from_mysql scheduled__2023-06-01T00:00:00+00:00 [queued]> dependency 'Previous Dagrun State' PASSED: True, The task did not have depends_on_past set.
[2024-07-17T14:08:52.566+0000] {taskinstance.py:1988} DEBUG - <TaskInstance: hive_etl.extract_from_mysql scheduled__2023-06-01T00:00:00+00:00 [queued]> dependency 'Pool Slots Available' PASSED: True, There are enough open slots in default_pool to execute the task
[2024-07-17T14:08:52.566+0000] {taskinstance.py:1988} DEBUG - <TaskInstance: hive_etl.extract_from_mysql scheduled__2023-06-01T00:00:00+00:00 [queued]> dependency 'Task Concurrency' PASSED: True, Task concurrency is not set.
[2024-07-17T14:08:52.571+0000] {taskinstance.py:1979} INFO - Dependencies all met for dep_context=requeueable deps ti=<TaskInstance: hive_etl.extract_from_mysql scheduled__2023-06-01T00:00:00+00:00 [queued]>
[2024-07-17T14:08:52.571+0000] {taskinstance.py:2193} INFO - Starting attempt 1 of 2
[2024-07-17T14:08:52.604+0000] {taskinstance.py:2214} INFO - Executing <Task(PythonOperator): extract_from_mysql> on 2023-06-01 00:00:00+00:00
[2024-07-17T14:08:52.617+0000] {standard_task_runner.py:60} INFO - Started process 94 to run task
[2024-07-17T14:08:52.624+0000] {standard_task_runner.py:87} INFO - Running: ['***', 'tasks', 'run', 'hive_etl', 'extract_from_mysql', 'scheduled__2023-06-01T00:00:00+00:00', '--job-id', '2095', '--raw', '--subdir', 'DAGS_FOLDER/new.py', '--cfg-path', '/tmp/tmpl6m12nfh']
[2024-07-17T14:08:52.626+0000] {standard_task_runner.py:88} INFO - Job 2095: Subtask extract_from_mysql
[2024-07-17T14:08:52.627+0000] {cli_action_loggers.py:67} DEBUG - Calling callbacks: [<function default_action_log at 0x729089756f80>]
[2024-07-17T14:08:52.784+0000] {taskinstance.py:991} DEBUG - previous_execution_date was called
[2024-07-17T14:08:52.793+0000] {task_command.py:423} INFO - Running <TaskInstance: hive_etl.extract_from_mysql scheduled__2023-06-01T00:00:00+00:00 [running]> on host 8c50a8ad787d
[2024-07-17T14:08:52.793+0000] {settings.py:386} DEBUG - Disposing DB connection pool (PID 94)
[2024-07-17T14:08:52.794+0000] {settings.py:249} DEBUG - Setting up DB connection pool (PID 94)
[2024-07-17T14:08:52.794+0000] {settings.py:318} DEBUG - settings.prepare_engine_args(): Using NullPool
[2024-07-17T14:08:52.912+0000] {taskinstance.py:991} DEBUG - previous_execution_date was called
[2024-07-17T14:08:52.926+0000] {taskinstance.py:1769} DEBUG - Clearing XCom data
[2024-07-17T14:08:52.938+0000] {retries.py:93} DEBUG - Running RenderedTaskInstanceFields.write with retries. Try 1 of 3
[2024-07-17T14:08:53.025+0000] {retries.py:93} DEBUG - Running RenderedTaskInstanceFields._do_delete_old_records with retries. Try 1 of 3
[2024-07-17T14:08:53.074+0000] {taskinstance.py:2510} INFO - Exporting env vars: AIRFLOW_CTX_DAG_OWNER='***' AIRFLOW_CTX_DAG_ID='hive_etl' AIRFLOW_CTX_TASK_ID='extract_from_mysql' AIRFLOW_CTX_EXECUTION_DATE='2023-06-01T00:00:00+00:00' AIRFLOW_CTX_TRY_NUMBER='1' AIRFLOW_CTX_DAG_RUN_ID='scheduled__2023-06-01T00:00:00+00:00'
[2024-07-17T14:08:53.075+0000] {__init__.py:115} DEBUG - Preparing lineage inlets and outlets
[2024-07-17T14:08:53.076+0000] {__init__.py:154} DEBUG - inlets: [], outlets: []
[2024-07-17T14:08:53.117+0000] {base.py:83} INFO - Using connection ID 'mysql_default' for task execution.
[2024-07-17T14:08:57.747+0000] {job.py:209} DEBUG - [heartbeat]
[2024-07-17T14:09:02.846+0000] {job.py:209} DEBUG - [heartbeat]
[2024-07-17T14:09:07.972+0000] {job.py:209} DEBUG - [heartbeat]
[2024-07-17T14:09:13.100+0000] {job.py:209} DEBUG - [heartbeat]
[2024-07-17T14:09:18.165+0000] {job.py:209} DEBUG - [heartbeat]
[2024-07-17T14:09:24.009+0000] {job.py:209} DEBUG - [heartbeat]
[2024-07-17T14:09:31.831+0000] {job.py:209} DEBUG - [heartbeat]
