[2024-07-17T14:56:53.393+0000] {taskinstance.py:991} DEBUG - previous_execution_date was called
[2024-07-17T14:56:53.415+0000] {__init__.py:54} DEBUG - Loading core task runner: StandardTaskRunner
[2024-07-17T14:56:53.441+0000] {taskinstance.py:991} DEBUG - previous_execution_date was called
[2024-07-17T14:56:53.446+0000] {base_task_runner.py:72} DEBUG - Planning to run as the  user
[2024-07-17T14:56:53.500+0000] {taskinstance.py:1988} DEBUG - <TaskInstance: hive_etl.extract_from_mysql scheduled__2023-07-25T00:00:00+00:00 [queued]> dependency 'Task Instance State' PASSED: True, Task state queued was valid.
[2024-07-17T14:56:53.501+0000] {taskinstance.py:1988} DEBUG - <TaskInstance: hive_etl.extract_from_mysql scheduled__2023-07-25T00:00:00+00:00 [queued]> dependency 'Task Instance Not Running' PASSED: True, Task is not in running state.
[2024-07-17T14:56:53.501+0000] {taskinstance.py:1988} DEBUG - <TaskInstance: hive_etl.extract_from_mysql scheduled__2023-07-25T00:00:00+00:00 [queued]> dependency 'Previous Dagrun State' PASSED: True, The task did not have depends_on_past set.
[2024-07-17T14:56:53.502+0000] {taskinstance.py:1988} DEBUG - <TaskInstance: hive_etl.extract_from_mysql scheduled__2023-07-25T00:00:00+00:00 [queued]> dependency 'Not In Retry Period' PASSED: True, The task instance was not marked for retrying.
[2024-07-17T14:56:53.502+0000] {taskinstance.py:1979} INFO - Dependencies all met for dep_context=non-requeueable deps ti=<TaskInstance: hive_etl.extract_from_mysql scheduled__2023-07-25T00:00:00+00:00 [queued]>
[2024-07-17T14:56:53.512+0000] {taskinstance.py:1988} DEBUG - <TaskInstance: hive_etl.extract_from_mysql scheduled__2023-07-25T00:00:00+00:00 [queued]> dependency 'Pool Slots Available' PASSED: True, There are enough open slots in default_pool to execute the task
[2024-07-17T14:56:53.517+0000] {taskinstance.py:1988} DEBUG - <TaskInstance: hive_etl.extract_from_mysql scheduled__2023-07-25T00:00:00+00:00 [queued]> dependency 'Task Concurrency' PASSED: True, Task concurrency is not set.
[2024-07-17T14:56:53.524+0000] {taskinstance.py:1988} DEBUG - <TaskInstance: hive_etl.extract_from_mysql scheduled__2023-07-25T00:00:00+00:00 [queued]> dependency 'Previous Dagrun State' PASSED: True, The task did not have depends_on_past set.
[2024-07-17T14:56:53.525+0000] {taskinstance.py:1988} DEBUG - <TaskInstance: hive_etl.extract_from_mysql scheduled__2023-07-25T00:00:00+00:00 [queued]> dependency 'Not In Retry Period' PASSED: True, The task instance was not marked for retrying.
[2024-07-17T14:56:53.525+0000] {taskinstance.py:1979} INFO - Dependencies all met for dep_context=requeueable deps ti=<TaskInstance: hive_etl.extract_from_mysql scheduled__2023-07-25T00:00:00+00:00 [queued]>
[2024-07-17T14:56:53.526+0000] {taskinstance.py:2193} INFO - Starting attempt 2 of 2
[2024-07-17T14:56:53.558+0000] {taskinstance.py:2214} INFO - Executing <Task(PythonOperator): extract_from_mysql> on 2023-07-25 00:00:00+00:00
[2024-07-17T14:56:53.572+0000] {standard_task_runner.py:60} INFO - Started process 479 to run task
[2024-07-17T14:56:53.578+0000] {standard_task_runner.py:87} INFO - Running: ['***', 'tasks', 'run', 'hive_etl', 'extract_from_mysql', 'scheduled__2023-07-25T00:00:00+00:00', '--job-id', '2250', '--raw', '--subdir', 'DAGS_FOLDER/new.py', '--cfg-path', '/tmp/tmp1oujligd']
[2024-07-17T14:56:53.580+0000] {standard_task_runner.py:88} INFO - Job 2250: Subtask extract_from_mysql
[2024-07-17T14:56:53.582+0000] {cli_action_loggers.py:67} DEBUG - Calling callbacks: [<function default_action_log at 0x78a73b356f80>]
[2024-07-17T14:56:53.676+0000] {taskinstance.py:991} DEBUG - previous_execution_date was called
[2024-07-17T14:56:53.682+0000] {task_command.py:423} INFO - Running <TaskInstance: hive_etl.extract_from_mysql scheduled__2023-07-25T00:00:00+00:00 [running]> on host 8c50a8ad787d
[2024-07-17T14:56:53.683+0000] {settings.py:386} DEBUG - Disposing DB connection pool (PID 479)
[2024-07-17T14:56:53.684+0000] {settings.py:249} DEBUG - Setting up DB connection pool (PID 479)
[2024-07-17T14:56:53.685+0000] {settings.py:318} DEBUG - settings.prepare_engine_args(): Using NullPool
[2024-07-17T14:56:53.759+0000] {taskinstance.py:991} DEBUG - previous_execution_date was called
[2024-07-17T14:56:53.763+0000] {taskinstance.py:1769} DEBUG - Clearing XCom data
[2024-07-17T14:56:53.772+0000] {retries.py:93} DEBUG - Running RenderedTaskInstanceFields.write with retries. Try 1 of 3
[2024-07-17T14:56:53.813+0000] {retries.py:93} DEBUG - Running RenderedTaskInstanceFields._do_delete_old_records with retries. Try 1 of 3
[2024-07-17T14:56:53.835+0000] {taskinstance.py:2510} INFO - Exporting env vars: AIRFLOW_CTX_DAG_OWNER='***' AIRFLOW_CTX_DAG_ID='hive_etl' AIRFLOW_CTX_TASK_ID='extract_from_mysql' AIRFLOW_CTX_EXECUTION_DATE='2023-07-25T00:00:00+00:00' AIRFLOW_CTX_TRY_NUMBER='2' AIRFLOW_CTX_DAG_RUN_ID='scheduled__2023-07-25T00:00:00+00:00'
[2024-07-17T14:56:53.836+0000] {__init__.py:115} DEBUG - Preparing lineage inlets and outlets
[2024-07-17T14:56:53.838+0000] {__init__.py:154} DEBUG - inlets: [], outlets: []
[2024-07-17T14:56:53.855+0000] {base.py:83} INFO - Using connection ID 'mysql_default' for task execution.
[2024-07-17T14:56:58.604+0000] {job.py:209} DEBUG - [heartbeat]
[2024-07-17T14:57:37.245+0000] {job.py:209} DEBUG - [heartbeat]
[2024-07-17T14:57:42.305+0000] {job.py:209} DEBUG - [heartbeat]
[2024-07-17T14:57:47.366+0000] {job.py:209} DEBUG - [heartbeat]
[2024-07-17T14:57:52.423+0000] {job.py:209} DEBUG - [heartbeat]
[2024-07-17T14:57:57.474+0000] {job.py:209} DEBUG - [heartbeat]
[2024-07-17T14:58:02.532+0000] {job.py:209} DEBUG - [heartbeat]
[2024-07-17T14:58:07.627+0000] {job.py:209} DEBUG - [heartbeat]
