[2024-07-17T09:49:40.347+0000] {taskinstance.py:991} DEBUG - previous_execution_date was called
[2024-07-17T09:49:40.367+0000] {__init__.py:54} DEBUG - Loading core task runner: StandardTaskRunner
[2024-07-17T09:49:40.382+0000] {taskinstance.py:991} DEBUG - previous_execution_date was called
[2024-07-17T09:49:40.385+0000] {base_task_runner.py:72} DEBUG - Planning to run as the  user
[2024-07-17T09:49:40.416+0000] {taskinstance.py:1988} DEBUG - <TaskInstance: hive_etl.extract_from_mysql manual__2024-07-17T09:47:20.942858+00:00 [queued]> dependency 'Task Instance State' PASSED: True, Task state queued was valid.
[2024-07-17T09:49:40.426+0000] {taskinstance.py:1988} DEBUG - <TaskInstance: hive_etl.extract_from_mysql manual__2024-07-17T09:47:20.942858+00:00 [queued]> dependency 'Previous Dagrun State' PASSED: True, The task did not have depends_on_past set.
[2024-07-17T09:49:40.426+0000] {taskinstance.py:1988} DEBUG - <TaskInstance: hive_etl.extract_from_mysql manual__2024-07-17T09:47:20.942858+00:00 [queued]> dependency 'Task Instance Not Running' PASSED: True, Task is not in running state.
[2024-07-17T09:49:40.427+0000] {taskinstance.py:1988} DEBUG - <TaskInstance: hive_etl.extract_from_mysql manual__2024-07-17T09:47:20.942858+00:00 [queued]> dependency 'Not In Retry Period' PASSED: True, The task instance was not marked for retrying.
[2024-07-17T09:49:40.427+0000] {taskinstance.py:1979} INFO - Dependencies all met for dep_context=non-requeueable deps ti=<TaskInstance: hive_etl.extract_from_mysql manual__2024-07-17T09:47:20.942858+00:00 [queued]>
[2024-07-17T09:49:40.435+0000] {taskinstance.py:1988} DEBUG - <TaskInstance: hive_etl.extract_from_mysql manual__2024-07-17T09:47:20.942858+00:00 [queued]> dependency 'Previous Dagrun State' PASSED: True, The task did not have depends_on_past set.
[2024-07-17T09:49:40.441+0000] {taskinstance.py:1988} DEBUG - <TaskInstance: hive_etl.extract_from_mysql manual__2024-07-17T09:47:20.942858+00:00 [queued]> dependency 'Pool Slots Available' PASSED: True, There are enough open slots in default_pool to execute the task
[2024-07-17T09:49:40.442+0000] {taskinstance.py:1988} DEBUG - <TaskInstance: hive_etl.extract_from_mysql manual__2024-07-17T09:47:20.942858+00:00 [queued]> dependency 'Task Concurrency' PASSED: True, Task concurrency is not set.
[2024-07-17T09:49:40.442+0000] {taskinstance.py:1988} DEBUG - <TaskInstance: hive_etl.extract_from_mysql manual__2024-07-17T09:47:20.942858+00:00 [queued]> dependency 'Not In Retry Period' PASSED: True, The task instance was not marked for retrying.
[2024-07-17T09:49:40.443+0000] {taskinstance.py:1979} INFO - Dependencies all met for dep_context=requeueable deps ti=<TaskInstance: hive_etl.extract_from_mysql manual__2024-07-17T09:47:20.942858+00:00 [queued]>
[2024-07-17T09:49:40.443+0000] {taskinstance.py:2193} INFO - Starting attempt 1 of 2
[2024-07-17T09:49:40.464+0000] {taskinstance.py:2214} INFO - Executing <Task(PythonOperator): extract_from_mysql> on 2024-07-17 09:47:20.942858+00:00
[2024-07-17T09:49:40.477+0000] {standard_task_runner.py:60} INFO - Started process 364 to run task
[2024-07-17T09:49:40.482+0000] {standard_task_runner.py:87} INFO - Running: ['***', 'tasks', 'run', 'hive_etl', 'extract_from_mysql', 'manual__2024-07-17T09:47:20.942858+00:00', '--job-id', '1889', '--raw', '--subdir', 'DAGS_FOLDER/new.py', '--cfg-path', '/tmp/tmp2thd5afd']
[2024-07-17T09:49:40.484+0000] {standard_task_runner.py:88} INFO - Job 1889: Subtask extract_from_mysql
[2024-07-17T09:49:40.485+0000] {cli_action_loggers.py:67} DEBUG - Calling callbacks: [<function default_action_log at 0x7a4457f56f80>]
[2024-07-17T09:49:40.541+0000] {taskinstance.py:991} DEBUG - previous_execution_date was called
[2024-07-17T09:49:40.546+0000] {task_command.py:423} INFO - Running <TaskInstance: hive_etl.extract_from_mysql manual__2024-07-17T09:47:20.942858+00:00 [running]> on host d0d849f06491
[2024-07-17T09:49:40.546+0000] {settings.py:386} DEBUG - Disposing DB connection pool (PID 364)
[2024-07-17T09:49:40.547+0000] {settings.py:249} DEBUG - Setting up DB connection pool (PID 364)
[2024-07-17T09:49:40.548+0000] {settings.py:318} DEBUG - settings.prepare_engine_args(): Using NullPool
[2024-07-17T09:49:40.589+0000] {taskinstance.py:991} DEBUG - previous_execution_date was called
[2024-07-17T09:49:40.591+0000] {taskinstance.py:1769} DEBUG - Clearing XCom data
[2024-07-17T09:49:40.596+0000] {retries.py:93} DEBUG - Running RenderedTaskInstanceFields.write with retries. Try 1 of 3
[2024-07-17T09:49:40.627+0000] {retries.py:93} DEBUG - Running RenderedTaskInstanceFields._do_delete_old_records with retries. Try 1 of 3
[2024-07-17T09:49:40.642+0000] {taskinstance.py:2510} INFO - Exporting env vars: AIRFLOW_CTX_DAG_OWNER='***' AIRFLOW_CTX_DAG_ID='hive_etl' AIRFLOW_CTX_TASK_ID='extract_from_mysql' AIRFLOW_CTX_EXECUTION_DATE='2024-07-17T09:47:20.942858+00:00' AIRFLOW_CTX_TRY_NUMBER='1' AIRFLOW_CTX_DAG_RUN_ID='manual__2024-07-17T09:47:20.942858+00:00'
[2024-07-17T09:49:40.643+0000] {__init__.py:115} DEBUG - Preparing lineage inlets and outlets
[2024-07-17T09:49:40.644+0000] {__init__.py:154} DEBUG - inlets: [], outlets: []
[2024-07-17T09:49:40.655+0000] {base.py:83} INFO - Using connection ID 'mysql_default' for task execution.
[2024-07-17T09:49:40.670+0000] {warnings.py:109} WARNING - /home/***/.local/lib/python3.10/site-packages/***/providers/common/sql/hooks/sql.py:227: UserWarning: pandas only supports SQLAlchemy connectable (engine/connection) or database string URI or sqlite3 DBAPI2 connection. Other DBAPI2 objects are not tested. Please consider using SQLAlchemy.
  return psql.read_sql(sql, con=conn, params=parameters, **kwargs)

[2024-07-17T09:49:40.679+0000] {python.py:202} INFO - Done. Returned value was: None
[2024-07-17T09:49:40.680+0000] {__init__.py:73} DEBUG - Lineage called with inlets: [], outlets: []
[2024-07-17T09:49:40.690+0000] {taskinstance.py:549} DEBUG - Clearing next_method and next_kwargs.
[2024-07-17T09:49:40.690+0000] {taskinstance.py:1149} INFO - Marking task as SUCCESS. dag_id=hive_etl, task_id=extract_from_mysql, execution_date=20240717T094720, start_date=20240717T094940, end_date=20240717T094940
[2024-07-17T09:49:40.691+0000] {taskinstance.py:527} DEBUG - Task Duration set to 0.262907
[2024-07-17T09:49:40.702+0000] {cli_action_loggers.py:85} DEBUG - Calling callbacks: []
[2024-07-17T09:49:40.739+0000] {local_task_job_runner.py:234} INFO - Task exited with return code 0
[2024-07-17T09:49:40.763+0000] {dagrun.py:876} DEBUG - number of tis tasks for <DagRun hive_etl @ 2024-07-17 09:47:20.942858+00:00: manual__2024-07-17T09:47:20.942858+00:00, state:running, queued_at: 2024-07-17 09:47:20.950189+00:00. externally triggered: True>: 4 task(s)
[2024-07-17T09:49:40.764+0000] {dagrun.py:897} DEBUG - number of scheduleable tasks for <DagRun hive_etl @ 2024-07-17 09:47:20.942858+00:00: manual__2024-07-17T09:47:20.942858+00:00, state:running, queued_at: 2024-07-17 09:47:20.950189+00:00. externally triggered: True>: 3 task(s)
[2024-07-17T09:49:40.765+0000] {taskinstance.py:1988} DEBUG - <TaskInstance: hive_etl.create_hive_table manual__2024-07-17T09:47:20.942858+00:00 [None]> dependency 'Previous Dagrun State' PASSED: True, The task did not have depends_on_past set.
[2024-07-17T09:49:40.765+0000] {taskinstance.py:1988} DEBUG - <TaskInstance: hive_etl.create_hive_table manual__2024-07-17T09:47:20.942858+00:00 [None]> dependency 'Not In Retry Period' PASSED: True, The task instance was not marked for retrying.
[2024-07-17T09:49:40.765+0000] {taskinstance.py:1979} DEBUG - Dependencies all met for dep_context=None ti=<TaskInstance: hive_etl.create_hive_table manual__2024-07-17T09:47:20.942858+00:00 [None]>
[2024-07-17T09:49:40.766+0000] {taskinstance.py:1988} DEBUG - <TaskInstance: hive_etl.load_data_into_hive manual__2024-07-17T09:47:20.942858+00:00 [None]> dependency 'Trigger Rule' PASSED: False, Task's trigger rule 'all_success' requires all upstream tasks to have succeeded, but found 1 non-success(es). upstream_states=_UpstreamTIStates(success=0, skipped=0, failed=0, upstream_failed=0, removed=0, done=0, success_setup=0, skipped_setup=0), upstream_task_ids={'create_hive_table'}
[2024-07-17T09:49:40.766+0000] {taskinstance.py:1969} DEBUG - Dependencies not met for <TaskInstance: hive_etl.load_data_into_hive manual__2024-07-17T09:47:20.942858+00:00 [None]>, dependency 'Trigger Rule' FAILED: Task's trigger rule 'all_success' requires all upstream tasks to have succeeded, but found 1 non-success(es). upstream_states=_UpstreamTIStates(success=0, skipped=0, failed=0, upstream_failed=0, removed=0, done=0, success_setup=0, skipped_setup=0), upstream_task_ids={'create_hive_table'}
[2024-07-17T09:49:40.766+0000] {taskinstance.py:1988} DEBUG - <TaskInstance: hive_etl.load_data_into_hive manual__2024-07-17T09:47:20.942858+00:00 [None]> dependency 'Previous Dagrun State' PASSED: True, The task did not have depends_on_past set.
[2024-07-17T09:49:40.767+0000] {taskinstance.py:1988} DEBUG - <TaskInstance: hive_etl.load_data_into_hive manual__2024-07-17T09:47:20.942858+00:00 [None]> dependency 'Not In Retry Period' PASSED: True, The task instance was not marked for retrying.
[2024-07-17T09:49:40.767+0000] {taskinstance.py:1988} DEBUG - <TaskInstance: hive_etl.end manual__2024-07-17T09:47:20.942858+00:00 [None]> dependency 'Trigger Rule' PASSED: False, Task's trigger rule 'all_success' requires all upstream tasks to have succeeded, but found 1 non-success(es). upstream_states=_UpstreamTIStates(success=0, skipped=0, failed=0, upstream_failed=0, removed=0, done=0, success_setup=0, skipped_setup=0), upstream_task_ids={'load_data_into_hive'}
[2024-07-17T09:49:40.767+0000] {taskinstance.py:1969} DEBUG - Dependencies not met for <TaskInstance: hive_etl.end manual__2024-07-17T09:47:20.942858+00:00 [None]>, dependency 'Trigger Rule' FAILED: Task's trigger rule 'all_success' requires all upstream tasks to have succeeded, but found 1 non-success(es). upstream_states=_UpstreamTIStates(success=0, skipped=0, failed=0, upstream_failed=0, removed=0, done=0, success_setup=0, skipped_setup=0), upstream_task_ids={'load_data_into_hive'}
[2024-07-17T09:49:40.768+0000] {taskinstance.py:1988} DEBUG - <TaskInstance: hive_etl.end manual__2024-07-17T09:47:20.942858+00:00 [None]> dependency 'Previous Dagrun State' PASSED: True, The task did not have depends_on_past set.
[2024-07-17T09:49:40.768+0000] {taskinstance.py:1988} DEBUG - <TaskInstance: hive_etl.end manual__2024-07-17T09:47:20.942858+00:00 [None]> dependency 'Not In Retry Period' PASSED: True, The task instance was not marked for retrying.
[2024-07-17T09:49:40.779+0000] {taskinstance.py:3309} INFO - 1 downstream tasks scheduled from follow-on schedule check
