[2024-07-17T09:15:13.011+0000] {taskinstance.py:991} DEBUG - previous_execution_date was called
[2024-07-17T09:15:13.022+0000] {__init__.py:54} DEBUG - Loading core task runner: StandardTaskRunner
[2024-07-17T09:15:13.037+0000] {taskinstance.py:991} DEBUG - previous_execution_date was called
[2024-07-17T09:15:13.040+0000] {base_task_runner.py:72} DEBUG - Planning to run as the  user
[2024-07-17T09:15:13.064+0000] {taskinstance.py:1988} DEBUG - <TaskInstance: hive_etl.create_hive_table manual__2024-07-17T09:07:36.302786+00:00 [queued]> dependency 'Not In Retry Period' PASSED: True, The task instance was not marked for retrying.
[2024-07-17T09:15:13.065+0000] {taskinstance.py:1988} DEBUG - <TaskInstance: hive_etl.create_hive_table manual__2024-07-17T09:07:36.302786+00:00 [queued]> dependency 'Task Instance State' PASSED: True, Task state queued was valid.
[2024-07-17T09:15:13.065+0000] {taskinstance.py:1988} DEBUG - <TaskInstance: hive_etl.create_hive_table manual__2024-07-17T09:07:36.302786+00:00 [queued]> dependency 'Task Instance Not Running' PASSED: True, Task is not in running state.
[2024-07-17T09:15:13.075+0000] {taskinstance.py:1988} DEBUG - <TaskInstance: hive_etl.create_hive_table manual__2024-07-17T09:07:36.302786+00:00 [queued]> dependency 'Previous Dagrun State' PASSED: True, The task did not have depends_on_past set.
[2024-07-17T09:15:13.075+0000] {taskinstance.py:1979} INFO - Dependencies all met for dep_context=non-requeueable deps ti=<TaskInstance: hive_etl.create_hive_table manual__2024-07-17T09:07:36.302786+00:00 [queued]>
[2024-07-17T09:15:13.075+0000] {taskinstance.py:1988} DEBUG - <TaskInstance: hive_etl.create_hive_table manual__2024-07-17T09:07:36.302786+00:00 [queued]> dependency 'Not In Retry Period' PASSED: True, The task instance was not marked for retrying.
[2024-07-17T09:15:13.080+0000] {taskinstance.py:1988} DEBUG - <TaskInstance: hive_etl.create_hive_table manual__2024-07-17T09:07:36.302786+00:00 [queued]> dependency 'Pool Slots Available' PASSED: True, There are enough open slots in default_pool to execute the task
[2024-07-17T09:15:13.082+0000] {taskinstance.py:1988} DEBUG - <TaskInstance: hive_etl.create_hive_table manual__2024-07-17T09:07:36.302786+00:00 [queued]> dependency 'Task Concurrency' PASSED: True, Task concurrency is not set.
[2024-07-17T09:15:13.085+0000] {taskinstance.py:1988} DEBUG - <TaskInstance: hive_etl.create_hive_table manual__2024-07-17T09:07:36.302786+00:00 [queued]> dependency 'Previous Dagrun State' PASSED: True, The task did not have depends_on_past set.
[2024-07-17T09:15:13.085+0000] {taskinstance.py:1979} INFO - Dependencies all met for dep_context=requeueable deps ti=<TaskInstance: hive_etl.create_hive_table manual__2024-07-17T09:07:36.302786+00:00 [queued]>
[2024-07-17T09:15:13.085+0000] {taskinstance.py:2193} INFO - Starting attempt 2 of 2
[2024-07-17T09:15:13.096+0000] {taskinstance.py:2214} INFO - Executing <Task(PythonOperator): create_hive_table> on 2024-07-17 09:07:36.302786+00:00
[2024-07-17T09:15:13.103+0000] {standard_task_runner.py:60} INFO - Started process 630 to run task
[2024-07-17T09:15:13.106+0000] {standard_task_runner.py:87} INFO - Running: ['***', 'tasks', 'run', 'hive_etl', 'create_hive_table', 'manual__2024-07-17T09:07:36.302786+00:00', '--job-id', '1655', '--raw', '--subdir', 'DAGS_FOLDER/new.py', '--cfg-path', '/tmp/tmpbnga5ojy']
[2024-07-17T09:15:13.106+0000] {standard_task_runner.py:88} INFO - Job 1655: Subtask create_hive_table
[2024-07-17T09:15:13.107+0000] {cli_action_loggers.py:67} DEBUG - Calling callbacks: [<function default_action_log at 0x799cf7552f80>]
[2024-07-17T09:15:13.147+0000] {taskinstance.py:991} DEBUG - previous_execution_date was called
[2024-07-17T09:15:13.150+0000] {task_command.py:423} INFO - Running <TaskInstance: hive_etl.create_hive_table manual__2024-07-17T09:07:36.302786+00:00 [running]> on host a88c97f6715f
[2024-07-17T09:15:13.150+0000] {settings.py:386} DEBUG - Disposing DB connection pool (PID 630)
[2024-07-17T09:15:13.151+0000] {settings.py:249} DEBUG - Setting up DB connection pool (PID 630)
[2024-07-17T09:15:13.151+0000] {settings.py:318} DEBUG - settings.prepare_engine_args(): Using NullPool
[2024-07-17T09:15:13.185+0000] {taskinstance.py:991} DEBUG - previous_execution_date was called
[2024-07-17T09:15:13.187+0000] {taskinstance.py:1769} DEBUG - Clearing XCom data
[2024-07-17T09:15:13.193+0000] {retries.py:93} DEBUG - Running RenderedTaskInstanceFields.write with retries. Try 1 of 3
[2024-07-17T09:15:13.215+0000] {retries.py:93} DEBUG - Running RenderedTaskInstanceFields._do_delete_old_records with retries. Try 1 of 3
[2024-07-17T09:15:13.226+0000] {taskinstance.py:2510} INFO - Exporting env vars: AIRFLOW_CTX_DAG_OWNER='***' AIRFLOW_CTX_DAG_ID='hive_etl' AIRFLOW_CTX_TASK_ID='create_hive_table' AIRFLOW_CTX_EXECUTION_DATE='2024-07-17T09:07:36.302786+00:00' AIRFLOW_CTX_TRY_NUMBER='2' AIRFLOW_CTX_DAG_RUN_ID='manual__2024-07-17T09:07:36.302786+00:00'
[2024-07-17T09:15:13.227+0000] {__init__.py:115} DEBUG - Preparing lineage inlets and outlets
[2024-07-17T09:15:13.227+0000] {__init__.py:154} DEBUG - inlets: [], outlets: []
[2024-07-17T09:15:13.337+0000] {hive.py:609} DEBUG - TOpenSessionResp(status=TStatus(statusCode=0, infoMessages=None, sqlState=None, errorCode=None, errorMessage=None), serverProtocolVersion=5, sessionHandle=TSessionHandle(sessionId=THandleIdentifier(guid=b'\xce\xb3\x86O\x86\xc2N\xc5\x8bEB\x0e\x8e\xf2,\x04', secret=b'\xe5\x9c|\xd8\xfedF\xde\x9c\xfa\xf0\xcc\xdf\xcd9\x8b')), configuration={'hive.server2.thrift.resultset.default.fetch.size': '1000'})
[2024-07-17T09:15:13.337+0000] {hive.py:475} INFO - USE `default`
[2024-07-17T09:15:13.338+0000] {hive.py:479} DEBUG - TExecuteStatementReq(sessionHandle=TSessionHandle(sessionId=THandleIdentifier(guid=b'\xce\xb3\x86O\x86\xc2N\xc5\x8bEB\x0e\x8e\xf2,\x04', secret=b'\xe5\x9c|\xd8\xfedF\xde\x9c\xfa\xf0\xcc\xdf\xcd9\x8b')), statement='USE `default`', confOverlay=None, runAsync=False, queryTimeout=0)
[2024-07-17T09:15:13.392+0000] {hive.py:609} DEBUG - TExecuteStatementResp(status=TStatus(statusCode=0, infoMessages=None, sqlState=None, errorCode=None, errorMessage=None), operationHandle=TOperationHandle(operationId=THandleIdentifier(guid=b'\xba\x00`\xaa(RJ*\x93\xfc\\\xbct\xf8\xd2;', secret=b'\xd8\tp"\x93\xdeJm\x8a\x86\xa9\x0b[Y\xde]'), operationType=0, hasResultSet=False, modifiedRowCount=None))
[2024-07-17T09:15:13.393+0000] {hive.py:609} DEBUG - TCloseOperationResp(status=TStatus(statusCode=0, infoMessages=None, sqlState=None, errorCode=None, errorMessage=None))
[2024-07-17T09:15:13.394+0000] {hive.py:475} INFO - 
    CREATE TABLE IF NOT EXISTS my_table (
        id INT,
        name STRING
    )
    ROW FORMAT DELIMITED
    FIELDS TERMINATED BY ','
    STORED AS TEXTFILE
    
[2024-07-17T09:15:13.394+0000] {hive.py:479} DEBUG - TExecuteStatementReq(sessionHandle=TSessionHandle(sessionId=THandleIdentifier(guid=b'\xce\xb3\x86O\x86\xc2N\xc5\x8bEB\x0e\x8e\xf2,\x04', secret=b'\xe5\x9c|\xd8\xfedF\xde\x9c\xfa\xf0\xcc\xdf\xcd9\x8b')), statement="\n    CREATE TABLE IF NOT EXISTS my_table (\n        id INT,\n        name STRING\n    )\n    ROW FORMAT DELIMITED\n    FIELDS TERMINATED BY ','\n    STORED AS TEXTFILE\n    ", confOverlay=None, runAsync=False, queryTimeout=0)
[2024-07-17T09:15:14.872+0000] {hive.py:609} DEBUG - TExecuteStatementResp(status=TStatus(statusCode=0, infoMessages=None, sqlState=None, errorCode=None, errorMessage=None), operationHandle=TOperationHandle(operationId=THandleIdentifier(guid=b'\xd7\xb6\xda\x02\xd0\xe1K\xa1\xb9\xb2\xb9Y\x13\x1d\xce4', secret=b'\x07T\x01\x94\xd6\xf9Aw\xbeC0\xe7v\x9c\xb0O'), operationType=0, hasResultSet=False, modifiedRowCount=None))
[2024-07-17T09:15:14.885+0000] {hive.py:609} DEBUG - TCloseSessionResp(status=TStatus(statusCode=0, infoMessages=None, sqlState=None, errorCode=None, errorMessage=None))
[2024-07-17T09:15:14.885+0000] {python.py:202} INFO - Done. Returned value was: None
[2024-07-17T09:15:14.886+0000] {__init__.py:73} DEBUG - Lineage called with inlets: [], outlets: []
[2024-07-17T09:15:14.891+0000] {taskinstance.py:549} DEBUG - Clearing next_method and next_kwargs.
[2024-07-17T09:15:14.891+0000] {taskinstance.py:1149} INFO - Marking task as SUCCESS. dag_id=hive_etl, task_id=create_hive_table, execution_date=20240717T090736, start_date=20240717T091513, end_date=20240717T091514
[2024-07-17T09:15:14.892+0000] {taskinstance.py:527} DEBUG - Task Duration set to 1.816019
[2024-07-17T09:15:14.899+0000] {cli_action_loggers.py:85} DEBUG - Calling callbacks: []
[2024-07-17T09:15:14.923+0000] {local_task_job_runner.py:234} INFO - Task exited with return code 0
[2024-07-17T09:15:14.937+0000] {dagrun.py:876} DEBUG - number of tis tasks for <DagRun hive_etl @ 2024-07-17 09:07:36.302786+00:00: manual__2024-07-17T09:07:36.302786+00:00, state:running, queued_at: 2024-07-17 09:07:36.313913+00:00. externally triggered: True>: 3 task(s)
[2024-07-17T09:15:14.937+0000] {dagrun.py:897} DEBUG - number of scheduleable tasks for <DagRun hive_etl @ 2024-07-17 09:07:36.302786+00:00: manual__2024-07-17T09:07:36.302786+00:00, state:running, queued_at: 2024-07-17 09:07:36.313913+00:00. externally triggered: True>: 2 task(s)
[2024-07-17T09:15:14.937+0000] {taskinstance.py:1988} DEBUG - <TaskInstance: hive_etl.load_data_into_hive manual__2024-07-17T09:07:36.302786+00:00 [None]> dependency 'Not In Retry Period' PASSED: True, The task instance was not marked for retrying.
[2024-07-17T09:15:14.938+0000] {taskinstance.py:1988} DEBUG - <TaskInstance: hive_etl.load_data_into_hive manual__2024-07-17T09:07:36.302786+00:00 [None]> dependency 'Previous Dagrun State' PASSED: True, The task did not have depends_on_past set.
[2024-07-17T09:15:14.938+0000] {taskinstance.py:1979} DEBUG - Dependencies all met for dep_context=None ti=<TaskInstance: hive_etl.load_data_into_hive manual__2024-07-17T09:07:36.302786+00:00 [None]>
[2024-07-17T09:15:14.938+0000] {taskinstance.py:1988} DEBUG - <TaskInstance: hive_etl.end manual__2024-07-17T09:07:36.302786+00:00 [None]> dependency 'Not In Retry Period' PASSED: True, The task instance was not marked for retrying.
[2024-07-17T09:15:14.939+0000] {taskinstance.py:1988} DEBUG - <TaskInstance: hive_etl.end manual__2024-07-17T09:07:36.302786+00:00 [None]> dependency 'Trigger Rule' PASSED: False, Task's trigger rule 'all_success' requires all upstream tasks to have succeeded, but found 1 non-success(es). upstream_states=_UpstreamTIStates(success=0, skipped=0, failed=0, upstream_failed=0, removed=0, done=0, success_setup=0, skipped_setup=0), upstream_task_ids={'load_data_into_hive'}
[2024-07-17T09:15:14.939+0000] {taskinstance.py:1969} DEBUG - Dependencies not met for <TaskInstance: hive_etl.end manual__2024-07-17T09:07:36.302786+00:00 [None]>, dependency 'Trigger Rule' FAILED: Task's trigger rule 'all_success' requires all upstream tasks to have succeeded, but found 1 non-success(es). upstream_states=_UpstreamTIStates(success=0, skipped=0, failed=0, upstream_failed=0, removed=0, done=0, success_setup=0, skipped_setup=0), upstream_task_ids={'load_data_into_hive'}
[2024-07-17T09:15:14.939+0000] {taskinstance.py:1988} DEBUG - <TaskInstance: hive_etl.end manual__2024-07-17T09:07:36.302786+00:00 [None]> dependency 'Previous Dagrun State' PASSED: True, The task did not have depends_on_past set.
[2024-07-17T09:15:14.944+0000] {taskinstance.py:3309} INFO - 1 downstream tasks scheduled from follow-on schedule check
