[2024-07-17T08:56:56.739+0000] {taskinstance.py:991} DEBUG - previous_execution_date was called
[2024-07-17T08:56:56.764+0000] {__init__.py:54} DEBUG - Loading core task runner: StandardTaskRunner
[2024-07-17T08:56:56.790+0000] {taskinstance.py:991} DEBUG - previous_execution_date was called
[2024-07-17T08:56:56.795+0000] {base_task_runner.py:72} DEBUG - Planning to run as the  user
[2024-07-17T08:56:56.838+0000] {taskinstance.py:1988} DEBUG - <TaskInstance: hive_etl.extract_from_mysql scheduled__2023-01-19T00:00:00+00:00 [queued]> dependency 'Task Instance State' PASSED: True, Task state queued was valid.
[2024-07-17T08:56:56.839+0000] {taskinstance.py:1988} DEBUG - <TaskInstance: hive_etl.extract_from_mysql scheduled__2023-01-19T00:00:00+00:00 [queued]> dependency 'Previous Dagrun State' PASSED: True, The task did not have depends_on_past set.
[2024-07-17T08:56:56.857+0000] {taskinstance.py:1988} DEBUG - <TaskInstance: hive_etl.extract_from_mysql scheduled__2023-01-19T00:00:00+00:00 [queued]> dependency 'Task Instance Not Running' PASSED: True, Task is not in running state.
[2024-07-17T08:56:56.858+0000] {taskinstance.py:1988} DEBUG - <TaskInstance: hive_etl.extract_from_mysql scheduled__2023-01-19T00:00:00+00:00 [queued]> dependency 'Not In Retry Period' PASSED: True, The task instance was not marked for retrying.
[2024-07-17T08:56:56.858+0000] {taskinstance.py:1979} INFO - Dependencies all met for dep_context=non-requeueable deps ti=<TaskInstance: hive_etl.extract_from_mysql scheduled__2023-01-19T00:00:00+00:00 [queued]>
[2024-07-17T08:56:56.858+0000] {taskinstance.py:1988} DEBUG - <TaskInstance: hive_etl.extract_from_mysql scheduled__2023-01-19T00:00:00+00:00 [queued]> dependency 'Previous Dagrun State' PASSED: True, The task did not have depends_on_past set.
[2024-07-17T08:56:56.873+0000] {taskinstance.py:1988} DEBUG - <TaskInstance: hive_etl.extract_from_mysql scheduled__2023-01-19T00:00:00+00:00 [queued]> dependency 'Pool Slots Available' PASSED: True, There are enough open slots in default_pool to execute the task
[2024-07-17T08:56:56.878+0000] {taskinstance.py:1988} DEBUG - <TaskInstance: hive_etl.extract_from_mysql scheduled__2023-01-19T00:00:00+00:00 [queued]> dependency 'Task Concurrency' PASSED: True, Task concurrency is not set.
[2024-07-17T08:56:56.878+0000] {taskinstance.py:1988} DEBUG - <TaskInstance: hive_etl.extract_from_mysql scheduled__2023-01-19T00:00:00+00:00 [queued]> dependency 'Not In Retry Period' PASSED: True, The task instance was not marked for retrying.
[2024-07-17T08:56:56.878+0000] {taskinstance.py:1979} INFO - Dependencies all met for dep_context=requeueable deps ti=<TaskInstance: hive_etl.extract_from_mysql scheduled__2023-01-19T00:00:00+00:00 [queued]>
[2024-07-17T08:56:56.879+0000] {taskinstance.py:2193} INFO - Starting attempt 1 of 2
[2024-07-17T08:56:56.913+0000] {taskinstance.py:2214} INFO - Executing <Task(PythonOperator): extract_from_mysql> on 2023-01-19 00:00:00+00:00
[2024-07-17T08:56:56.932+0000] {standard_task_runner.py:60} INFO - Started process 123 to run task
[2024-07-17T08:56:56.940+0000] {standard_task_runner.py:87} INFO - Running: ['***', 'tasks', 'run', 'hive_etl', 'extract_from_mysql', 'scheduled__2023-01-19T00:00:00+00:00', '--job-id', '1488', '--raw', '--subdir', 'DAGS_FOLDER/new.py', '--cfg-path', '/tmp/tmpg7qincl9']
[2024-07-17T08:56:56.942+0000] {standard_task_runner.py:88} INFO - Job 1488: Subtask extract_from_mysql
[2024-07-17T08:56:56.943+0000] {cli_action_loggers.py:67} DEBUG - Calling callbacks: [<function default_action_log at 0x75fe52c56f80>]
[2024-07-17T08:56:57.023+0000] {taskinstance.py:991} DEBUG - previous_execution_date was called
[2024-07-17T08:56:57.035+0000] {task_command.py:423} INFO - Running <TaskInstance: hive_etl.extract_from_mysql scheduled__2023-01-19T00:00:00+00:00 [running]> on host a88c97f6715f
[2024-07-17T08:56:57.036+0000] {settings.py:386} DEBUG - Disposing DB connection pool (PID 123)
[2024-07-17T08:56:57.037+0000] {settings.py:249} DEBUG - Setting up DB connection pool (PID 123)
[2024-07-17T08:56:57.037+0000] {settings.py:318} DEBUG - settings.prepare_engine_args(): Using NullPool
[2024-07-17T08:56:57.109+0000] {taskinstance.py:991} DEBUG - previous_execution_date was called
[2024-07-17T08:56:57.115+0000] {taskinstance.py:1769} DEBUG - Clearing XCom data
[2024-07-17T08:56:57.123+0000] {retries.py:93} DEBUG - Running RenderedTaskInstanceFields.write with retries. Try 1 of 3
[2024-07-17T08:56:57.198+0000] {retries.py:93} DEBUG - Running RenderedTaskInstanceFields._do_delete_old_records with retries. Try 1 of 3
[2024-07-17T08:56:57.229+0000] {taskinstance.py:2510} INFO - Exporting env vars: AIRFLOW_CTX_DAG_OWNER='***' AIRFLOW_CTX_DAG_ID='hive_etl' AIRFLOW_CTX_TASK_ID='extract_from_mysql' AIRFLOW_CTX_EXECUTION_DATE='2023-01-19T00:00:00+00:00' AIRFLOW_CTX_TRY_NUMBER='1' AIRFLOW_CTX_DAG_RUN_ID='scheduled__2023-01-19T00:00:00+00:00'
[2024-07-17T08:56:57.230+0000] {__init__.py:115} DEBUG - Preparing lineage inlets and outlets
[2024-07-17T08:56:57.231+0000] {__init__.py:154} DEBUG - inlets: [], outlets: []
[2024-07-17T08:56:57.258+0000] {base.py:83} INFO - Using connection ID 'mysql_default' for task execution.
[2024-07-17T08:56:57.292+0000] {warnings.py:109} WARNING - /home/***/.local/lib/python3.10/site-packages/***/providers/common/sql/hooks/sql.py:227: UserWarning: pandas only supports SQLAlchemy connectable (engine/connection) or database string URI or sqlite3 DBAPI2 connection. Other DBAPI2 objects are not tested. Please consider using SQLAlchemy.
  return psql.read_sql(sql, con=conn, params=parameters, **kwargs)

[2024-07-17T08:56:57.309+0000] {python.py:202} INFO - Done. Returned value was: None
[2024-07-17T08:56:57.310+0000] {__init__.py:73} DEBUG - Lineage called with inlets: [], outlets: []
[2024-07-17T08:56:57.329+0000] {taskinstance.py:549} DEBUG - Clearing next_method and next_kwargs.
[2024-07-17T08:56:57.329+0000] {taskinstance.py:1149} INFO - Marking task as SUCCESS. dag_id=hive_etl, task_id=extract_from_mysql, execution_date=20230119T000000, start_date=20240717T085656, end_date=20240717T085657
[2024-07-17T08:56:57.330+0000] {taskinstance.py:527} DEBUG - Task Duration set to 0.470997
[2024-07-17T08:56:57.352+0000] {cli_action_loggers.py:85} DEBUG - Calling callbacks: []
[2024-07-17T08:56:57.394+0000] {local_task_job_runner.py:234} INFO - Task exited with return code 0
[2024-07-17T08:56:57.433+0000] {dagrun.py:876} DEBUG - number of tis tasks for <DagRun hive_etl @ 2023-01-19 00:00:00+00:00: scheduled__2023-01-19T00:00:00+00:00, state:running, queued_at: 2024-07-17 08:56:55.148725+00:00. externally triggered: False>: 4 task(s)
[2024-07-17T08:56:57.434+0000] {dagrun.py:897} DEBUG - number of scheduleable tasks for <DagRun hive_etl @ 2023-01-19 00:00:00+00:00: scheduled__2023-01-19T00:00:00+00:00, state:running, queued_at: 2024-07-17 08:56:55.148725+00:00. externally triggered: False>: 3 task(s)
[2024-07-17T08:56:57.435+0000] {taskinstance.py:1988} DEBUG - <TaskInstance: hive_etl.create_hive_table scheduled__2023-01-19T00:00:00+00:00 [None]> dependency 'Not In Retry Period' PASSED: True, The task instance was not marked for retrying.
[2024-07-17T08:56:57.436+0000] {taskinstance.py:1988} DEBUG - <TaskInstance: hive_etl.create_hive_table scheduled__2023-01-19T00:00:00+00:00 [None]> dependency 'Previous Dagrun State' PASSED: True, The task did not have depends_on_past set.
[2024-07-17T08:56:57.439+0000] {taskinstance.py:1979} DEBUG - Dependencies all met for dep_context=None ti=<TaskInstance: hive_etl.create_hive_table scheduled__2023-01-19T00:00:00+00:00 [None]>
[2024-07-17T08:56:57.440+0000] {taskinstance.py:1988} DEBUG - <TaskInstance: hive_etl.load_data_into_hive scheduled__2023-01-19T00:00:00+00:00 [None]> dependency 'Not In Retry Period' PASSED: True, The task instance was not marked for retrying.
[2024-07-17T08:56:57.440+0000] {taskinstance.py:1988} DEBUG - <TaskInstance: hive_etl.load_data_into_hive scheduled__2023-01-19T00:00:00+00:00 [None]> dependency 'Previous Dagrun State' PASSED: True, The task did not have depends_on_past set.
[2024-07-17T08:56:57.441+0000] {taskinstance.py:1988} DEBUG - <TaskInstance: hive_etl.load_data_into_hive scheduled__2023-01-19T00:00:00+00:00 [None]> dependency 'Trigger Rule' PASSED: False, Task's trigger rule 'all_success' requires all upstream tasks to have succeeded, but found 1 non-success(es). upstream_states=_UpstreamTIStates(success=0, skipped=0, failed=0, upstream_failed=0, removed=0, done=0, success_setup=0, skipped_setup=0), upstream_task_ids={'create_hive_table'}
[2024-07-17T08:56:57.442+0000] {taskinstance.py:1969} DEBUG - Dependencies not met for <TaskInstance: hive_etl.load_data_into_hive scheduled__2023-01-19T00:00:00+00:00 [None]>, dependency 'Trigger Rule' FAILED: Task's trigger rule 'all_success' requires all upstream tasks to have succeeded, but found 1 non-success(es). upstream_states=_UpstreamTIStates(success=0, skipped=0, failed=0, upstream_failed=0, removed=0, done=0, success_setup=0, skipped_setup=0), upstream_task_ids={'create_hive_table'}
[2024-07-17T08:56:57.443+0000] {taskinstance.py:1988} DEBUG - <TaskInstance: hive_etl.end scheduled__2023-01-19T00:00:00+00:00 [None]> dependency 'Not In Retry Period' PASSED: True, The task instance was not marked for retrying.
[2024-07-17T08:56:57.443+0000] {taskinstance.py:1988} DEBUG - <TaskInstance: hive_etl.end scheduled__2023-01-19T00:00:00+00:00 [None]> dependency 'Previous Dagrun State' PASSED: True, The task did not have depends_on_past set.
[2024-07-17T08:56:57.444+0000] {taskinstance.py:1988} DEBUG - <TaskInstance: hive_etl.end scheduled__2023-01-19T00:00:00+00:00 [None]> dependency 'Trigger Rule' PASSED: False, Task's trigger rule 'all_success' requires all upstream tasks to have succeeded, but found 1 non-success(es). upstream_states=_UpstreamTIStates(success=0, skipped=0, failed=0, upstream_failed=0, removed=0, done=0, success_setup=0, skipped_setup=0), upstream_task_ids={'load_data_into_hive'}
[2024-07-17T08:56:57.445+0000] {taskinstance.py:1969} DEBUG - Dependencies not met for <TaskInstance: hive_etl.end scheduled__2023-01-19T00:00:00+00:00 [None]>, dependency 'Trigger Rule' FAILED: Task's trigger rule 'all_success' requires all upstream tasks to have succeeded, but found 1 non-success(es). upstream_states=_UpstreamTIStates(success=0, skipped=0, failed=0, upstream_failed=0, removed=0, done=0, success_setup=0, skipped_setup=0), upstream_task_ids={'load_data_into_hive'}
[2024-07-17T08:56:57.463+0000] {taskinstance.py:3309} INFO - 1 downstream tasks scheduled from follow-on schedule check
