[2024-07-16T09:12:08.243+0000] {taskinstance.py:991} DEBUG - previous_execution_date was called
[2024-07-16T09:12:08.253+0000] {__init__.py:54} DEBUG - Loading core task runner: StandardTaskRunner
[2024-07-16T09:12:08.263+0000] {taskinstance.py:991} DEBUG - previous_execution_date was called
[2024-07-16T09:12:08.265+0000] {base_task_runner.py:72} DEBUG - Planning to run as the  user
[2024-07-16T09:12:08.284+0000] {taskinstance.py:1988} DEBUG - <TaskInstance: sample_dag.read_from_mysql manual__2024-07-16T08:48:57.845719+00:00 [queued]> dependency 'Trigger Rule' PASSED: True, The task instance did not have any upstream tasks.
[2024-07-16T09:12:08.284+0000] {taskinstance.py:1988} DEBUG - <TaskInstance: sample_dag.read_from_mysql manual__2024-07-16T08:48:57.845719+00:00 [queued]> dependency 'Task Instance Not Running' PASSED: True, Task is not in running state.
[2024-07-16T09:12:08.284+0000] {taskinstance.py:1988} DEBUG - <TaskInstance: sample_dag.read_from_mysql manual__2024-07-16T08:48:57.845719+00:00 [queued]> dependency 'Not In Retry Period' PASSED: True, The task instance was not marked for retrying.
[2024-07-16T09:12:08.284+0000] {taskinstance.py:1988} DEBUG - <TaskInstance: sample_dag.read_from_mysql manual__2024-07-16T08:48:57.845719+00:00 [queued]> dependency 'Task Instance State' PASSED: True, Task state queued was valid.
[2024-07-16T09:12:08.284+0000] {taskinstance.py:1988} DEBUG - <TaskInstance: sample_dag.read_from_mysql manual__2024-07-16T08:48:57.845719+00:00 [queued]> dependency 'Previous Dagrun State' PASSED: True, The task did not have depends_on_past set.
[2024-07-16T09:12:08.284+0000] {taskinstance.py:1979} INFO - Dependencies all met for dep_context=non-requeueable deps ti=<TaskInstance: sample_dag.read_from_mysql manual__2024-07-16T08:48:57.845719+00:00 [queued]>
[2024-07-16T09:12:08.286+0000] {taskinstance.py:1988} DEBUG - <TaskInstance: sample_dag.read_from_mysql manual__2024-07-16T08:48:57.845719+00:00 [queued]> dependency 'Trigger Rule' PASSED: True, The task instance did not have any upstream tasks.
[2024-07-16T09:12:08.287+0000] {taskinstance.py:1988} DEBUG - <TaskInstance: sample_dag.read_from_mysql manual__2024-07-16T08:48:57.845719+00:00 [queued]> dependency 'Task Concurrency' PASSED: True, Task concurrency is not set.
[2024-07-16T09:12:08.288+0000] {taskinstance.py:1988} DEBUG - <TaskInstance: sample_dag.read_from_mysql manual__2024-07-16T08:48:57.845719+00:00 [queued]> dependency 'Not In Retry Period' PASSED: True, The task instance was not marked for retrying.
[2024-07-16T09:12:08.292+0000] {taskinstance.py:1988} DEBUG - <TaskInstance: sample_dag.read_from_mysql manual__2024-07-16T08:48:57.845719+00:00 [queued]> dependency 'Pool Slots Available' PASSED: True, There are enough open slots in default_pool to execute the task
[2024-07-16T09:12:08.292+0000] {taskinstance.py:1988} DEBUG - <TaskInstance: sample_dag.read_from_mysql manual__2024-07-16T08:48:57.845719+00:00 [queued]> dependency 'Previous Dagrun State' PASSED: True, The task did not have depends_on_past set.
[2024-07-16T09:12:08.292+0000] {taskinstance.py:1979} INFO - Dependencies all met for dep_context=requeueable deps ti=<TaskInstance: sample_dag.read_from_mysql manual__2024-07-16T08:48:57.845719+00:00 [queued]>
[2024-07-16T09:12:08.292+0000] {taskinstance.py:2193} INFO - Starting attempt 2 of 3
[2024-07-16T09:12:08.303+0000] {taskinstance.py:2214} INFO - Executing <Task(PythonOperator): read_from_mysql> on 2024-07-16 08:48:57.845719+00:00
[2024-07-16T09:12:08.307+0000] {standard_task_runner.py:60} INFO - Started process 110 to run task
[2024-07-16T09:12:08.309+0000] {standard_task_runner.py:87} INFO - Running: ['***', 'tasks', 'run', 'sample_dag', 'read_from_mysql', 'manual__2024-07-16T08:48:57.845719+00:00', '--job-id', '1333', '--raw', '--subdir', 'DAGS_FOLDER/new.py', '--cfg-path', '/tmp/tmpch4vrlq8']
[2024-07-16T09:12:08.311+0000] {standard_task_runner.py:88} INFO - Job 1333: Subtask read_from_mysql
[2024-07-16T09:12:08.311+0000] {cli_action_loggers.py:67} DEBUG - Calling callbacks: [<function default_action_log at 0x746f87084ca0>]
[2024-07-16T09:12:08.342+0000] {taskinstance.py:991} DEBUG - previous_execution_date was called
[2024-07-16T09:12:08.345+0000] {task_command.py:423} INFO - Running <TaskInstance: sample_dag.read_from_mysql manual__2024-07-16T08:48:57.845719+00:00 [running]> on host fd06bd5975d6
[2024-07-16T09:12:08.345+0000] {settings.py:386} DEBUG - Disposing DB connection pool (PID 110)
[2024-07-16T09:12:08.346+0000] {settings.py:249} DEBUG - Setting up DB connection pool (PID 110)
[2024-07-16T09:12:08.346+0000] {settings.py:318} DEBUG - settings.prepare_engine_args(): Using NullPool
[2024-07-16T09:12:08.369+0000] {taskinstance.py:991} DEBUG - previous_execution_date was called
[2024-07-16T09:12:08.370+0000] {taskinstance.py:1769} DEBUG - Clearing XCom data
[2024-07-16T09:12:08.374+0000] {retries.py:93} DEBUG - Running RenderedTaskInstanceFields.write with retries. Try 1 of 3
[2024-07-16T09:12:08.391+0000] {retries.py:93} DEBUG - Running RenderedTaskInstanceFields._do_delete_old_records with retries. Try 1 of 3
[2024-07-16T09:12:08.399+0000] {taskinstance.py:2510} INFO - Exporting env vars: AIRFLOW_CTX_DAG_OWNER='***' AIRFLOW_CTX_DAG_ID='sample_dag' AIRFLOW_CTX_TASK_ID='read_from_mysql' AIRFLOW_CTX_EXECUTION_DATE='2024-07-16T08:48:57.845719+00:00' AIRFLOW_CTX_TRY_NUMBER='2' AIRFLOW_CTX_DAG_RUN_ID='manual__2024-07-16T08:48:57.845719+00:00'
[2024-07-16T09:12:08.400+0000] {__init__.py:115} DEBUG - Preparing lineage inlets and outlets
[2024-07-16T09:12:08.400+0000] {__init__.py:154} DEBUG - inlets: [], outlets: []
[2024-07-16T09:12:08.406+0000] {base.py:83} INFO - Using connection ID 'mysql_default' for task execution.
[2024-07-16T09:12:13.353+0000] {job.py:209} DEBUG - [heartbeat]
[2024-07-16T09:12:18.395+0000] {job.py:209} DEBUG - [heartbeat]
[2024-07-16T09:12:23.434+0000] {job.py:209} DEBUG - [heartbeat]
[2024-07-16T09:12:28.488+0000] {job.py:209} DEBUG - [heartbeat]
[2024-07-16T09:12:33.567+0000] {job.py:209} DEBUG - [heartbeat]
[2024-07-16T09:12:38.611+0000] {job.py:209} DEBUG - [heartbeat]
[2024-07-16T09:12:42.016+0000] {taskinstance.py:2728} ERROR - Task failed with exception
Traceback (most recent call last):
  File "/home/airflow/.local/lib/python3.10/site-packages/airflow/models/taskinstance.py", line 444, in _execute_task
    result = _execute_callable(context=context, **execute_callable_kwargs)
  File "/home/airflow/.local/lib/python3.10/site-packages/airflow/models/taskinstance.py", line 414, in _execute_callable
    return execute_callable(context=context, **execute_callable_kwargs)
  File "/home/airflow/.local/lib/python3.10/site-packages/airflow/operators/python.py", line 200, in execute
    return_value = self.execute_callable()
  File "/home/airflow/.local/lib/python3.10/site-packages/airflow/operators/python.py", line 217, in execute_callable
    return self.python_callable(*self.op_args, **self.op_kwargs)
  File "/opt/airflow/dags/new.py", line 8, in read_from_mysql
    connection = mysql_hook.get_conn()
  File "/home/airflow/.local/lib/python3.10/site-packages/airflow/providers/mysql/hooks/mysql.py", line 195, in get_conn
    return MySQLdb.connect(**conn_config)
  File "/home/airflow/.local/lib/python3.10/site-packages/MySQLdb/__init__.py", line 121, in Connect
    return Connection(*args, **kwargs)
  File "/home/airflow/.local/lib/python3.10/site-packages/MySQLdb/connections.py", line 195, in __init__
    super().__init__(*args, **kwargs2)
MySQLdb.OperationalError: (2005, "Unknown server host 'mysql_container' (-3)")
[2024-07-16T09:12:42.024+0000] {taskinstance.py:527} DEBUG - Task Duration set to 33.739636
[2024-07-16T09:12:42.025+0000] {taskinstance.py:549} DEBUG - Clearing next_method and next_kwargs.
[2024-07-16T09:12:42.025+0000] {taskinstance.py:1149} INFO - Marking task as UP_FOR_RETRY. dag_id=sample_dag, task_id=read_from_mysql, execution_date=20240716T084857, start_date=20240716T091208, end_date=20240716T091242
[2024-07-16T09:12:42.037+0000] {cli_action_loggers.py:85} DEBUG - Calling callbacks: []
[2024-07-16T09:12:42.038+0000] {standard_task_runner.py:107} ERROR - Failed to execute job 1333 for task read_from_mysql ((2005, "Unknown server host 'mysql_container' (-3)"); 110)
[2024-07-16T09:12:42.073+0000] {local_task_job_runner.py:234} INFO - Task exited with return code 1
[2024-07-16T09:12:42.091+0000] {dagrun.py:876} DEBUG - number of tis tasks for <DagRun sample_dag @ 2024-07-16 08:48:57.845719+00:00: manual__2024-07-16T08:48:57.845719+00:00, state:running, queued_at: 2024-07-16 08:48:57.881966+00:00. externally triggered: True>: 0 task(s)
[2024-07-16T09:12:42.092+0000] {taskinstance.py:3309} INFO - 0 downstream tasks scheduled from follow-on schedule check
