[2024-07-17T10:12:15.233+0000] {taskinstance.py:991} DEBUG - previous_execution_date was called
[2024-07-17T10:12:15.241+0000] {__init__.py:54} DEBUG - Loading core task runner: StandardTaskRunner
[2024-07-17T10:12:15.252+0000] {taskinstance.py:991} DEBUG - previous_execution_date was called
[2024-07-17T10:12:15.254+0000] {base_task_runner.py:72} DEBUG - Planning to run as the  user
[2024-07-17T10:12:15.272+0000] {taskinstance.py:1988} DEBUG - <TaskInstance: hive_etl.create_hive_table scheduled__2023-05-24T00:00:00+00:00 [queued]> dependency 'Task Instance State' PASSED: True, Task state queued was valid.
[2024-07-17T10:12:15.273+0000] {taskinstance.py:1988} DEBUG - <TaskInstance: hive_etl.create_hive_table scheduled__2023-05-24T00:00:00+00:00 [queued]> dependency 'Previous Dagrun State' PASSED: True, The task did not have depends_on_past set.
[2024-07-17T10:12:15.273+0000] {taskinstance.py:1988} DEBUG - <TaskInstance: hive_etl.create_hive_table scheduled__2023-05-24T00:00:00+00:00 [queued]> dependency 'Task Instance Not Running' PASSED: True, Task is not in running state.
[2024-07-17T10:12:15.278+0000] {taskinstance.py:1988} DEBUG - <TaskInstance: hive_etl.create_hive_table scheduled__2023-05-24T00:00:00+00:00 [queued]> dependency 'Not In Retry Period' PASSED: True, The task instance was not marked for retrying.
[2024-07-17T10:12:15.278+0000] {taskinstance.py:1979} INFO - Dependencies all met for dep_context=non-requeueable deps ti=<TaskInstance: hive_etl.create_hive_table scheduled__2023-05-24T00:00:00+00:00 [queued]>
[2024-07-17T10:12:15.282+0000] {taskinstance.py:1988} DEBUG - <TaskInstance: hive_etl.create_hive_table scheduled__2023-05-24T00:00:00+00:00 [queued]> dependency 'Pool Slots Available' PASSED: True, There are enough open slots in default_pool to execute the task
[2024-07-17T10:12:15.282+0000] {taskinstance.py:1988} DEBUG - <TaskInstance: hive_etl.create_hive_table scheduled__2023-05-24T00:00:00+00:00 [queued]> dependency 'Previous Dagrun State' PASSED: True, The task did not have depends_on_past set.
[2024-07-17T10:12:15.282+0000] {taskinstance.py:1988} DEBUG - <TaskInstance: hive_etl.create_hive_table scheduled__2023-05-24T00:00:00+00:00 [queued]> dependency 'Task Concurrency' PASSED: True, Task concurrency is not set.
[2024-07-17T10:12:15.286+0000] {taskinstance.py:1988} DEBUG - <TaskInstance: hive_etl.create_hive_table scheduled__2023-05-24T00:00:00+00:00 [queued]> dependency 'Not In Retry Period' PASSED: True, The task instance was not marked for retrying.
[2024-07-17T10:12:15.286+0000] {taskinstance.py:1979} INFO - Dependencies all met for dep_context=requeueable deps ti=<TaskInstance: hive_etl.create_hive_table scheduled__2023-05-24T00:00:00+00:00 [queued]>
[2024-07-17T10:12:15.286+0000] {taskinstance.py:2193} INFO - Starting attempt 1 of 2
[2024-07-17T10:12:15.297+0000] {taskinstance.py:2214} INFO - Executing <Task(PythonOperator): create_hive_table> on 2023-05-24 00:00:00+00:00
[2024-07-17T10:12:15.302+0000] {standard_task_runner.py:60} INFO - Started process 233 to run task
[2024-07-17T10:12:15.304+0000] {standard_task_runner.py:87} INFO - Running: ['***', 'tasks', 'run', 'hive_etl', 'create_hive_table', 'scheduled__2023-05-24T00:00:00+00:00', '--job-id', '2062', '--raw', '--subdir', 'DAGS_FOLDER/new.py', '--cfg-path', '/tmp/tmp2_zhg3en']
[2024-07-17T10:12:15.305+0000] {standard_task_runner.py:88} INFO - Job 2062: Subtask create_hive_table
[2024-07-17T10:12:15.305+0000] {cli_action_loggers.py:67} DEBUG - Calling callbacks: [<function default_action_log at 0x72403de56f80>]
[2024-07-17T10:12:15.340+0000] {taskinstance.py:991} DEBUG - previous_execution_date was called
[2024-07-17T10:12:15.343+0000] {task_command.py:423} INFO - Running <TaskInstance: hive_etl.create_hive_table scheduled__2023-05-24T00:00:00+00:00 [running]> on host d0d849f06491
[2024-07-17T10:12:15.344+0000] {settings.py:386} DEBUG - Disposing DB connection pool (PID 233)
[2024-07-17T10:12:15.345+0000] {settings.py:249} DEBUG - Setting up DB connection pool (PID 233)
[2024-07-17T10:12:15.345+0000] {settings.py:318} DEBUG - settings.prepare_engine_args(): Using NullPool
[2024-07-17T10:12:15.372+0000] {taskinstance.py:991} DEBUG - previous_execution_date was called
[2024-07-17T10:12:15.374+0000] {taskinstance.py:1769} DEBUG - Clearing XCom data
[2024-07-17T10:12:15.378+0000] {retries.py:93} DEBUG - Running RenderedTaskInstanceFields.write with retries. Try 1 of 3
[2024-07-17T10:12:15.396+0000] {retries.py:93} DEBUG - Running RenderedTaskInstanceFields._do_delete_old_records with retries. Try 1 of 3
[2024-07-17T10:12:15.406+0000] {taskinstance.py:2510} INFO - Exporting env vars: AIRFLOW_CTX_DAG_OWNER='***' AIRFLOW_CTX_DAG_ID='hive_etl' AIRFLOW_CTX_TASK_ID='create_hive_table' AIRFLOW_CTX_EXECUTION_DATE='2023-05-24T00:00:00+00:00' AIRFLOW_CTX_TRY_NUMBER='1' AIRFLOW_CTX_DAG_RUN_ID='scheduled__2023-05-24T00:00:00+00:00'
[2024-07-17T10:12:15.407+0000] {__init__.py:115} DEBUG - Preparing lineage inlets and outlets
[2024-07-17T10:12:15.407+0000] {__init__.py:154} DEBUG - inlets: [], outlets: []
[2024-07-17T10:12:15.484+0000] {hive.py:609} DEBUG - TOpenSessionResp(status=TStatus(statusCode=0, infoMessages=None, sqlState=None, errorCode=None, errorMessage=None), serverProtocolVersion=5, sessionHandle=TSessionHandle(sessionId=THandleIdentifier(guid=b'u\x1e\x9b\xf6\xddqK\xa2\xb2\x90K\xf8D\xa1\xc5,', secret=b'\x94[\x9f8 LM\xc2\xbad\xb7\xba\xa3\xcf\x8d\xbd')), configuration={'hive.server2.thrift.resultset.default.fetch.size': '1000'})
[2024-07-17T10:12:15.485+0000] {hive.py:475} INFO - USE `default`
[2024-07-17T10:12:15.485+0000] {hive.py:479} DEBUG - TExecuteStatementReq(sessionHandle=TSessionHandle(sessionId=THandleIdentifier(guid=b'u\x1e\x9b\xf6\xddqK\xa2\xb2\x90K\xf8D\xa1\xc5,', secret=b'\x94[\x9f8 LM\xc2\xbad\xb7\xba\xa3\xcf\x8d\xbd')), statement='USE `default`', confOverlay=None, runAsync=False, queryTimeout=0)
[2024-07-17T10:12:15.548+0000] {hive.py:609} DEBUG - TExecuteStatementResp(status=TStatus(statusCode=0, infoMessages=None, sqlState=None, errorCode=None, errorMessage=None), operationHandle=TOperationHandle(operationId=THandleIdentifier(guid=b'\x02?N\x85\x8c\xf0L\xae\x9e`P23\xc9\x1f\n', secret=b'\xdb_\x0bV\xe3sD\xf2\x8c\x9e\x05\xfd\xa4\xa6uF'), operationType=0, hasResultSet=False, modifiedRowCount=None))
[2024-07-17T10:12:15.549+0000] {hive.py:609} DEBUG - TCloseOperationResp(status=TStatus(statusCode=0, infoMessages=None, sqlState=None, errorCode=None, errorMessage=None))
[2024-07-17T10:12:15.549+0000] {hive.py:475} INFO - 
    CREATE TABLE IF NOT EXISTS my_table (
        id INT,
        name STRING
    )
    ROW FORMAT DELIMITED
    FIELDS TERMINATED BY ','
    STORED AS TEXTFILE
    
[2024-07-17T10:12:15.549+0000] {hive.py:479} DEBUG - TExecuteStatementReq(sessionHandle=TSessionHandle(sessionId=THandleIdentifier(guid=b'u\x1e\x9b\xf6\xddqK\xa2\xb2\x90K\xf8D\xa1\xc5,', secret=b'\x94[\x9f8 LM\xc2\xbad\xb7\xba\xa3\xcf\x8d\xbd')), statement="\n    CREATE TABLE IF NOT EXISTS my_table (\n        id INT,\n        name STRING\n    )\n    ROW FORMAT DELIMITED\n    FIELDS TERMINATED BY ','\n    STORED AS TEXTFILE\n    ", confOverlay=None, runAsync=False, queryTimeout=0)
[2024-07-17T10:12:15.561+0000] {hive.py:609} DEBUG - TExecuteStatementResp(status=TStatus(statusCode=0, infoMessages=None, sqlState=None, errorCode=None, errorMessage=None), operationHandle=TOperationHandle(operationId=THandleIdentifier(guid=b'D@,!p\x90O5\xb1/p 9H\xa7:', secret=b'\x8d\xf8\xa8\xf7\xe5\xa1Ga\xb2M>4\xec!\x13\xa0'), operationType=0, hasResultSet=False, modifiedRowCount=None))
[2024-07-17T10:12:15.566+0000] {hive.py:609} DEBUG - TCloseSessionResp(status=TStatus(statusCode=0, infoMessages=None, sqlState=None, errorCode=None, errorMessage=None))
[2024-07-17T10:12:15.567+0000] {python.py:202} INFO - Done. Returned value was: None
[2024-07-17T10:12:15.567+0000] {__init__.py:73} DEBUG - Lineage called with inlets: [], outlets: []
[2024-07-17T10:12:15.576+0000] {taskinstance.py:549} DEBUG - Clearing next_method and next_kwargs.
[2024-07-17T10:12:15.577+0000] {taskinstance.py:1149} INFO - Marking task as SUCCESS. dag_id=hive_etl, task_id=create_hive_table, execution_date=20230524T000000, start_date=20240717T101215, end_date=20240717T101215
[2024-07-17T10:12:15.577+0000] {taskinstance.py:527} DEBUG - Task Duration set to 0.298289
[2024-07-17T10:12:15.591+0000] {cli_action_loggers.py:85} DEBUG - Calling callbacks: []
[2024-07-17T10:12:15.636+0000] {local_task_job_runner.py:234} INFO - Task exited with return code 0
[2024-07-17T10:12:15.836+0000] {dagrun.py:876} DEBUG - number of tis tasks for <DagRun hive_etl @ 2023-05-24 00:00:00+00:00: scheduled__2023-05-24T00:00:00+00:00, state:running, queued_at: 2024-07-17 10:12:10.477261+00:00. externally triggered: False>: 3 task(s)
[2024-07-17T10:12:15.836+0000] {dagrun.py:897} DEBUG - number of scheduleable tasks for <DagRun hive_etl @ 2023-05-24 00:00:00+00:00: scheduled__2023-05-24T00:00:00+00:00, state:running, queued_at: 2024-07-17 10:12:10.477261+00:00. externally triggered: False>: 1 task(s)
[2024-07-17T10:12:15.837+0000] {taskinstance.py:1988} DEBUG - <TaskInstance: hive_etl.end scheduled__2023-05-24T00:00:00+00:00 [None]> dependency 'Trigger Rule' PASSED: False, Task's trigger rule 'all_success' requires all upstream tasks to have succeeded, but found 1 non-success(es). upstream_states=_UpstreamTIStates(success=0, skipped=0, failed=0, upstream_failed=0, removed=0, done=0, success_setup=0, skipped_setup=0), upstream_task_ids={'load_data_into_hive'}
[2024-07-17T10:12:15.837+0000] {taskinstance.py:1969} DEBUG - Dependencies not met for <TaskInstance: hive_etl.end scheduled__2023-05-24T00:00:00+00:00 [None]>, dependency 'Trigger Rule' FAILED: Task's trigger rule 'all_success' requires all upstream tasks to have succeeded, but found 1 non-success(es). upstream_states=_UpstreamTIStates(success=0, skipped=0, failed=0, upstream_failed=0, removed=0, done=0, success_setup=0, skipped_setup=0), upstream_task_ids={'load_data_into_hive'}
[2024-07-17T10:12:15.838+0000] {taskinstance.py:1988} DEBUG - <TaskInstance: hive_etl.end scheduled__2023-05-24T00:00:00+00:00 [None]> dependency 'Previous Dagrun State' PASSED: True, The task did not have depends_on_past set.
[2024-07-17T10:12:15.838+0000] {taskinstance.py:1988} DEBUG - <TaskInstance: hive_etl.end scheduled__2023-05-24T00:00:00+00:00 [None]> dependency 'Not In Retry Period' PASSED: True, The task instance was not marked for retrying.
[2024-07-17T10:12:15.842+0000] {taskinstance.py:3309} INFO - 0 downstream tasks scheduled from follow-on schedule check
