[2024-07-17T15:07:00.923+0000] {taskinstance.py:991} DEBUG - previous_execution_date was called
[2024-07-17T15:07:00.954+0000] {__init__.py:54} DEBUG - Loading core task runner: StandardTaskRunner
[2024-07-17T15:07:00.977+0000] {taskinstance.py:991} DEBUG - previous_execution_date was called
[2024-07-17T15:07:00.982+0000] {base_task_runner.py:72} DEBUG - Planning to run as the  user
[2024-07-17T15:07:01.123+0000] {taskinstance.py:1988} DEBUG - <TaskInstance: hive_etl.extract_from_mysql scheduled__2023-08-18T00:00:00+00:00 [queued]> dependency 'Not In Retry Period' PASSED: True, The task instance was not marked for retrying.
[2024-07-17T15:07:01.124+0000] {taskinstance.py:1988} DEBUG - <TaskInstance: hive_etl.extract_from_mysql scheduled__2023-08-18T00:00:00+00:00 [queued]> dependency 'Task Instance State' PASSED: True, Task state queued was valid.
[2024-07-17T15:07:01.124+0000] {taskinstance.py:1988} DEBUG - <TaskInstance: hive_etl.extract_from_mysql scheduled__2023-08-18T00:00:00+00:00 [queued]> dependency 'Task Instance Not Running' PASSED: True, Task is not in running state.
[2024-07-17T15:07:01.125+0000] {taskinstance.py:1988} DEBUG - <TaskInstance: hive_etl.extract_from_mysql scheduled__2023-08-18T00:00:00+00:00 [queued]> dependency 'Previous Dagrun State' PASSED: True, The task did not have depends_on_past set.
[2024-07-17T15:07:01.132+0000] {taskinstance.py:1979} INFO - Dependencies all met for dep_context=non-requeueable deps ti=<TaskInstance: hive_etl.extract_from_mysql scheduled__2023-08-18T00:00:00+00:00 [queued]>
[2024-07-17T15:07:01.132+0000] {taskinstance.py:1988} DEBUG - <TaskInstance: hive_etl.extract_from_mysql scheduled__2023-08-18T00:00:00+00:00 [queued]> dependency 'Previous Dagrun State' PASSED: True, The task did not have depends_on_past set.
[2024-07-17T15:07:01.189+0000] {taskinstance.py:1988} DEBUG - <TaskInstance: hive_etl.extract_from_mysql scheduled__2023-08-18T00:00:00+00:00 [queued]> dependency 'Pool Slots Available' PASSED: True, There are enough open slots in default_pool to execute the task
[2024-07-17T15:07:01.190+0000] {taskinstance.py:1988} DEBUG - <TaskInstance: hive_etl.extract_from_mysql scheduled__2023-08-18T00:00:00+00:00 [queued]> dependency 'Not In Retry Period' PASSED: True, The task instance was not marked for retrying.
[2024-07-17T15:07:01.190+0000] {taskinstance.py:1988} DEBUG - <TaskInstance: hive_etl.extract_from_mysql scheduled__2023-08-18T00:00:00+00:00 [queued]> dependency 'Task Concurrency' PASSED: True, Task concurrency is not set.
[2024-07-17T15:07:01.196+0000] {taskinstance.py:1979} INFO - Dependencies all met for dep_context=requeueable deps ti=<TaskInstance: hive_etl.extract_from_mysql scheduled__2023-08-18T00:00:00+00:00 [queued]>
[2024-07-17T15:07:01.197+0000] {taskinstance.py:2193} INFO - Starting attempt 1 of 2
[2024-07-17T15:07:01.227+0000] {taskinstance.py:2214} INFO - Executing <Task(PythonOperator): extract_from_mysql> on 2023-08-18 00:00:00+00:00
[2024-07-17T15:07:01.242+0000] {standard_task_runner.py:60} INFO - Started process 104 to run task
[2024-07-17T15:07:01.254+0000] {standard_task_runner.py:87} INFO - Running: ['***', 'tasks', 'run', 'hive_etl', 'extract_from_mysql', 'scheduled__2023-08-18T00:00:00+00:00', '--job-id', '2291', '--raw', '--subdir', 'DAGS_FOLDER/new.py', '--cfg-path', '/tmp/tmpiopqyvld']
[2024-07-17T15:07:01.256+0000] {standard_task_runner.py:88} INFO - Job 2291: Subtask extract_from_mysql
[2024-07-17T15:07:01.257+0000] {cli_action_loggers.py:67} DEBUG - Calling callbacks: [<function default_action_log at 0x7ff067426f80>]
[2024-07-17T15:07:01.433+0000] {taskinstance.py:991} DEBUG - previous_execution_date was called
[2024-07-17T15:07:01.439+0000] {task_command.py:423} INFO - Running <TaskInstance: hive_etl.extract_from_mysql scheduled__2023-08-18T00:00:00+00:00 [running]> on host 8c50a8ad787d
[2024-07-17T15:07:01.440+0000] {settings.py:386} DEBUG - Disposing DB connection pool (PID 104)
[2024-07-17T15:07:01.441+0000] {settings.py:249} DEBUG - Setting up DB connection pool (PID 104)
[2024-07-17T15:07:01.444+0000] {settings.py:318} DEBUG - settings.prepare_engine_args(): Using NullPool
[2024-07-17T15:07:01.539+0000] {taskinstance.py:991} DEBUG - previous_execution_date was called
[2024-07-17T15:07:01.543+0000] {taskinstance.py:1769} DEBUG - Clearing XCom data
[2024-07-17T15:07:01.557+0000] {retries.py:93} DEBUG - Running RenderedTaskInstanceFields.write with retries. Try 1 of 3
[2024-07-17T15:07:01.621+0000] {retries.py:93} DEBUG - Running RenderedTaskInstanceFields._do_delete_old_records with retries. Try 1 of 3
[2024-07-17T15:07:01.638+0000] {taskinstance.py:2510} INFO - Exporting env vars: AIRFLOW_CTX_DAG_OWNER='***' AIRFLOW_CTX_DAG_ID='hive_etl' AIRFLOW_CTX_TASK_ID='extract_from_mysql' AIRFLOW_CTX_EXECUTION_DATE='2023-08-18T00:00:00+00:00' AIRFLOW_CTX_TRY_NUMBER='1' AIRFLOW_CTX_DAG_RUN_ID='scheduled__2023-08-18T00:00:00+00:00'
[2024-07-17T15:07:01.639+0000] {__init__.py:115} DEBUG - Preparing lineage inlets and outlets
[2024-07-17T15:07:01.640+0000] {__init__.py:154} DEBUG - inlets: [], outlets: []
[2024-07-17T15:07:01.653+0000] {base.py:83} INFO - Using connection ID 'mysql_default' for task execution.
[2024-07-17T15:07:06.280+0000] {job.py:209} DEBUG - [heartbeat]
[2024-07-17T15:07:11.329+0000] {job.py:209} DEBUG - [heartbeat]
[2024-07-17T15:07:17.458+0000] {job.py:209} DEBUG - [heartbeat]
[2024-07-17T15:07:22.675+0000] {job.py:209} DEBUG - [heartbeat]
[2024-07-17T15:07:27.795+0000] {job.py:209} DEBUG - [heartbeat]
[2024-07-17T15:07:33.256+0000] {job.py:209} DEBUG - [heartbeat]
