[2024-07-17T14:08:22.762+0000] {taskinstance.py:991} DEBUG - previous_execution_date was called
[2024-07-17T14:08:22.789+0000] {__init__.py:54} DEBUG - Loading core task runner: StandardTaskRunner
[2024-07-17T14:08:22.805+0000] {taskinstance.py:991} DEBUG - previous_execution_date was called
[2024-07-17T14:08:22.810+0000] {base_task_runner.py:72} DEBUG - Planning to run as the  user
[2024-07-17T14:08:22.837+0000] {taskinstance.py:1988} DEBUG - <TaskInstance: hive_etl.extract_from_mysql manual__2024-07-17T10:20:49.506298+00:00 [queued]> dependency 'Task Instance State' PASSED: True, Task state queued was valid.
[2024-07-17T14:08:22.837+0000] {taskinstance.py:1988} DEBUG - <TaskInstance: hive_etl.extract_from_mysql manual__2024-07-17T10:20:49.506298+00:00 [queued]> dependency 'Not In Retry Period' PASSED: True, The task instance was not marked for retrying.
[2024-07-17T14:08:22.837+0000] {taskinstance.py:1988} DEBUG - <TaskInstance: hive_etl.extract_from_mysql manual__2024-07-17T10:20:49.506298+00:00 [queued]> dependency 'Previous Dagrun State' PASSED: True, The task did not have depends_on_past set.
[2024-07-17T14:08:22.852+0000] {taskinstance.py:1988} DEBUG - <TaskInstance: hive_etl.extract_from_mysql manual__2024-07-17T10:20:49.506298+00:00 [queued]> dependency 'Task Instance Not Running' PASSED: True, Task is not in running state.
[2024-07-17T14:08:22.853+0000] {taskinstance.py:1979} INFO - Dependencies all met for dep_context=non-requeueable deps ti=<TaskInstance: hive_etl.extract_from_mysql manual__2024-07-17T10:20:49.506298+00:00 [queued]>
[2024-07-17T14:08:22.856+0000] {taskinstance.py:1988} DEBUG - <TaskInstance: hive_etl.extract_from_mysql manual__2024-07-17T10:20:49.506298+00:00 [queued]> dependency 'Not In Retry Period' PASSED: True, The task instance was not marked for retrying.
[2024-07-17T14:08:22.856+0000] {taskinstance.py:1988} DEBUG - <TaskInstance: hive_etl.extract_from_mysql manual__2024-07-17T10:20:49.506298+00:00 [queued]> dependency 'Previous Dagrun State' PASSED: True, The task did not have depends_on_past set.
[2024-07-17T14:08:22.861+0000] {taskinstance.py:1988} DEBUG - <TaskInstance: hive_etl.extract_from_mysql manual__2024-07-17T10:20:49.506298+00:00 [queued]> dependency 'Pool Slots Available' PASSED: True, There are enough open slots in default_pool to execute the task
[2024-07-17T14:08:22.862+0000] {taskinstance.py:1988} DEBUG - <TaskInstance: hive_etl.extract_from_mysql manual__2024-07-17T10:20:49.506298+00:00 [queued]> dependency 'Task Concurrency' PASSED: True, Task concurrency is not set.
[2024-07-17T14:08:22.866+0000] {taskinstance.py:1979} INFO - Dependencies all met for dep_context=requeueable deps ti=<TaskInstance: hive_etl.extract_from_mysql manual__2024-07-17T10:20:49.506298+00:00 [queued]>
[2024-07-17T14:08:22.866+0000] {taskinstance.py:2193} INFO - Starting attempt 1 of 2
[2024-07-17T14:08:22.886+0000] {taskinstance.py:2214} INFO - Executing <Task(PythonOperator): extract_from_mysql> on 2024-07-17 10:20:49.506298+00:00
[2024-07-17T14:08:22.894+0000] {standard_task_runner.py:60} INFO - Started process 73 to run task
[2024-07-17T14:08:22.902+0000] {standard_task_runner.py:87} INFO - Running: ['***', 'tasks', 'run', 'hive_etl', 'extract_from_mysql', 'manual__2024-07-17T10:20:49.506298+00:00', '--job-id', '2089', '--raw', '--subdir', 'DAGS_FOLDER/new.py', '--cfg-path', '/tmp/tmpq5iz9uon']
[2024-07-17T14:08:22.911+0000] {standard_task_runner.py:88} INFO - Job 2089: Subtask extract_from_mysql
[2024-07-17T14:08:22.912+0000] {cli_action_loggers.py:67} DEBUG - Calling callbacks: [<function default_action_log at 0x729089756f80>]
[2024-07-17T14:08:22.974+0000] {taskinstance.py:991} DEBUG - previous_execution_date was called
[2024-07-17T14:08:22.979+0000] {task_command.py:423} INFO - Running <TaskInstance: hive_etl.extract_from_mysql manual__2024-07-17T10:20:49.506298+00:00 [running]> on host 8c50a8ad787d
[2024-07-17T14:08:22.979+0000] {settings.py:386} DEBUG - Disposing DB connection pool (PID 73)
[2024-07-17T14:08:22.980+0000] {settings.py:249} DEBUG - Setting up DB connection pool (PID 73)
[2024-07-17T14:08:22.980+0000] {settings.py:318} DEBUG - settings.prepare_engine_args(): Using NullPool
[2024-07-17T14:08:23.026+0000] {taskinstance.py:991} DEBUG - previous_execution_date was called
[2024-07-17T14:08:23.029+0000] {taskinstance.py:1769} DEBUG - Clearing XCom data
[2024-07-17T14:08:23.036+0000] {retries.py:93} DEBUG - Running RenderedTaskInstanceFields.write with retries. Try 1 of 3
[2024-07-17T14:08:23.068+0000] {retries.py:93} DEBUG - Running RenderedTaskInstanceFields._do_delete_old_records with retries. Try 1 of 3
[2024-07-17T14:08:23.086+0000] {taskinstance.py:2510} INFO - Exporting env vars: AIRFLOW_CTX_DAG_OWNER='***' AIRFLOW_CTX_DAG_ID='hive_etl' AIRFLOW_CTX_TASK_ID='extract_from_mysql' AIRFLOW_CTX_EXECUTION_DATE='2024-07-17T10:20:49.506298+00:00' AIRFLOW_CTX_TRY_NUMBER='1' AIRFLOW_CTX_DAG_RUN_ID='manual__2024-07-17T10:20:49.506298+00:00'
[2024-07-17T14:08:23.087+0000] {__init__.py:115} DEBUG - Preparing lineage inlets and outlets
[2024-07-17T14:08:23.087+0000] {__init__.py:154} DEBUG - inlets: [], outlets: []
[2024-07-17T14:08:23.096+0000] {base.py:83} INFO - Using connection ID 'mysql_default' for task execution.
[2024-07-17T14:08:27.968+0000] {job.py:209} DEBUG - [heartbeat]
[2024-07-17T14:08:33.023+0000] {job.py:209} DEBUG - [heartbeat]
[2024-07-17T14:08:38.073+0000] {job.py:209} DEBUG - [heartbeat]
[2024-07-17T14:08:43.151+0000] {job.py:209} DEBUG - [heartbeat]
[2024-07-17T14:08:48.270+0000] {job.py:209} DEBUG - [heartbeat]
[2024-07-17T14:08:53.387+0000] {job.py:209} DEBUG - [heartbeat]
[2024-07-17T14:08:58.487+0000] {job.py:209} DEBUG - [heartbeat]
[2024-07-17T14:09:03.567+0000] {job.py:209} DEBUG - [heartbeat]
[2024-07-17T14:09:08.672+0000] {job.py:209} DEBUG - [heartbeat]
[2024-07-17T14:09:13.755+0000] {job.py:209} DEBUG - [heartbeat]
[2024-07-17T14:09:18.853+0000] {job.py:209} DEBUG - [heartbeat]
[2024-07-17T14:09:25.220+0000] {job.py:209} DEBUG - [heartbeat]
[2024-07-17T14:09:34.020+0000] {job.py:209} DEBUG - [heartbeat]
