[2024-07-17T09:49:43.606+0000] {taskinstance.py:991} DEBUG - previous_execution_date was called
[2024-07-17T09:49:43.633+0000] {__init__.py:54} DEBUG - Loading core task runner: StandardTaskRunner
[2024-07-17T09:49:43.680+0000] {taskinstance.py:991} DEBUG - previous_execution_date was called
[2024-07-17T09:49:43.688+0000] {base_task_runner.py:72} DEBUG - Planning to run as the  user
[2024-07-17T09:49:43.732+0000] {taskinstance.py:1988} DEBUG - <TaskInstance: hive_etl.create_hive_table manual__2024-07-17T09:47:58.834042+00:00 [queued]> dependency 'Task Instance State' PASSED: True, Task state queued was valid.
[2024-07-17T09:49:43.747+0000] {taskinstance.py:1988} DEBUG - <TaskInstance: hive_etl.create_hive_table manual__2024-07-17T09:47:58.834042+00:00 [queued]> dependency 'Previous Dagrun State' PASSED: True, The task did not have depends_on_past set.
[2024-07-17T09:49:43.748+0000] {taskinstance.py:1988} DEBUG - <TaskInstance: hive_etl.create_hive_table manual__2024-07-17T09:47:58.834042+00:00 [queued]> dependency 'Task Instance Not Running' PASSED: True, Task is not in running state.
[2024-07-17T09:49:43.749+0000] {taskinstance.py:1988} DEBUG - <TaskInstance: hive_etl.create_hive_table manual__2024-07-17T09:47:58.834042+00:00 [queued]> dependency 'Not In Retry Period' PASSED: True, The task instance was not marked for retrying.
[2024-07-17T09:49:43.750+0000] {taskinstance.py:1979} INFO - Dependencies all met for dep_context=non-requeueable deps ti=<TaskInstance: hive_etl.create_hive_table manual__2024-07-17T09:47:58.834042+00:00 [queued]>
[2024-07-17T09:49:43.758+0000] {taskinstance.py:1988} DEBUG - <TaskInstance: hive_etl.create_hive_table manual__2024-07-17T09:47:58.834042+00:00 [queued]> dependency 'Previous Dagrun State' PASSED: True, The task did not have depends_on_past set.
[2024-07-17T09:49:43.765+0000] {taskinstance.py:1988} DEBUG - <TaskInstance: hive_etl.create_hive_table manual__2024-07-17T09:47:58.834042+00:00 [queued]> dependency 'Pool Slots Available' PASSED: True, There are enough open slots in default_pool to execute the task
[2024-07-17T09:49:43.766+0000] {taskinstance.py:1988} DEBUG - <TaskInstance: hive_etl.create_hive_table manual__2024-07-17T09:47:58.834042+00:00 [queued]> dependency 'Task Concurrency' PASSED: True, Task concurrency is not set.
[2024-07-17T09:49:43.766+0000] {taskinstance.py:1988} DEBUG - <TaskInstance: hive_etl.create_hive_table manual__2024-07-17T09:47:58.834042+00:00 [queued]> dependency 'Not In Retry Period' PASSED: True, The task instance was not marked for retrying.
[2024-07-17T09:49:43.766+0000] {taskinstance.py:1979} INFO - Dependencies all met for dep_context=requeueable deps ti=<TaskInstance: hive_etl.create_hive_table manual__2024-07-17T09:47:58.834042+00:00 [queued]>
[2024-07-17T09:49:43.767+0000] {taskinstance.py:2193} INFO - Starting attempt 1 of 2
[2024-07-17T09:49:44.183+0000] {taskinstance.py:2214} INFO - Executing <Task(PythonOperator): create_hive_table> on 2024-07-17 09:47:58.834042+00:00
[2024-07-17T09:49:44.197+0000] {standard_task_runner.py:60} INFO - Started process 402 to run task
[2024-07-17T09:49:44.205+0000] {standard_task_runner.py:87} INFO - Running: ['***', 'tasks', 'run', 'hive_etl', 'create_hive_table', 'manual__2024-07-17T09:47:58.834042+00:00', '--job-id', '1898', '--raw', '--subdir', 'DAGS_FOLDER/new.py', '--cfg-path', '/tmp/tmpihsuycoo']
[2024-07-17T09:49:44.208+0000] {standard_task_runner.py:88} INFO - Job 1898: Subtask create_hive_table
[2024-07-17T09:49:44.212+0000] {cli_action_loggers.py:67} DEBUG - Calling callbacks: [<function default_action_log at 0x7a4457f56f80>]
[2024-07-17T09:49:44.782+0000] {taskinstance.py:991} DEBUG - previous_execution_date was called
[2024-07-17T09:49:44.822+0000] {task_command.py:423} INFO - Running <TaskInstance: hive_etl.create_hive_table manual__2024-07-17T09:47:58.834042+00:00 [running]> on host d0d849f06491
[2024-07-17T09:49:44.823+0000] {settings.py:386} DEBUG - Disposing DB connection pool (PID 402)
[2024-07-17T09:49:44.824+0000] {settings.py:249} DEBUG - Setting up DB connection pool (PID 402)
[2024-07-17T09:49:44.824+0000] {settings.py:318} DEBUG - settings.prepare_engine_args(): Using NullPool
[2024-07-17T09:49:45.501+0000] {taskinstance.py:991} DEBUG - previous_execution_date was called
[2024-07-17T09:49:45.517+0000] {taskinstance.py:1769} DEBUG - Clearing XCom data
[2024-07-17T09:49:45.524+0000] {retries.py:93} DEBUG - Running RenderedTaskInstanceFields.write with retries. Try 1 of 3
[2024-07-17T09:49:45.642+0000] {retries.py:93} DEBUG - Running RenderedTaskInstanceFields._do_delete_old_records with retries. Try 1 of 3
[2024-07-17T09:49:45.732+0000] {taskinstance.py:2510} INFO - Exporting env vars: AIRFLOW_CTX_DAG_OWNER='***' AIRFLOW_CTX_DAG_ID='hive_etl' AIRFLOW_CTX_TASK_ID='create_hive_table' AIRFLOW_CTX_EXECUTION_DATE='2024-07-17T09:47:58.834042+00:00' AIRFLOW_CTX_TRY_NUMBER='1' AIRFLOW_CTX_DAG_RUN_ID='manual__2024-07-17T09:47:58.834042+00:00'
[2024-07-17T09:49:45.733+0000] {__init__.py:115} DEBUG - Preparing lineage inlets and outlets
[2024-07-17T09:49:45.735+0000] {__init__.py:154} DEBUG - inlets: [], outlets: []
[2024-07-17T09:49:45.901+0000] {hive.py:609} DEBUG - TOpenSessionResp(status=TStatus(statusCode=0, infoMessages=None, sqlState=None, errorCode=None, errorMessage=None), serverProtocolVersion=5, sessionHandle=TSessionHandle(sessionId=THandleIdentifier(guid=b'\x97Y\xdf\xdcq\xb2N\x18\xad\xd5\x14\x0f\xaa\xfb\xdf\xa4', secret=b'd\x1e\xe6x\xcf\xf3N\xf1\xbd\xa9\x04\xc4bN\x02U')), configuration={'hive.server2.thrift.resultset.default.fetch.size': '1000'})
[2024-07-17T09:49:45.901+0000] {hive.py:475} INFO - USE `default`
[2024-07-17T09:49:45.902+0000] {hive.py:479} DEBUG - TExecuteStatementReq(sessionHandle=TSessionHandle(sessionId=THandleIdentifier(guid=b'\x97Y\xdf\xdcq\xb2N\x18\xad\xd5\x14\x0f\xaa\xfb\xdf\xa4', secret=b'd\x1e\xe6x\xcf\xf3N\xf1\xbd\xa9\x04\xc4bN\x02U')), statement='USE `default`', confOverlay=None, runAsync=False, queryTimeout=0)
[2024-07-17T09:49:46.085+0000] {hive.py:609} DEBUG - TExecuteStatementResp(status=TStatus(statusCode=0, infoMessages=None, sqlState=None, errorCode=None, errorMessage=None), operationHandle=TOperationHandle(operationId=THandleIdentifier(guid=b'\xf6sW\x82\x12\xc0@\x92\x84\x94%\xe4\xef\x03]\xd3', secret=b'R@Y\xb4\xe0RA\x06\xbe\xe8T\xf1\x8b\xbc;\x89'), operationType=0, hasResultSet=False, modifiedRowCount=None))
[2024-07-17T09:49:46.087+0000] {hive.py:609} DEBUG - TCloseOperationResp(status=TStatus(statusCode=0, infoMessages=None, sqlState=None, errorCode=None, errorMessage=None))
[2024-07-17T09:49:46.088+0000] {hive.py:475} INFO - 
    CREATE TABLE IF NOT EXISTS my_table (
        id INT,
        name STRING
    )
    ROW FORMAT DELIMITED
    FIELDS TERMINATED BY ','
    STORED AS TEXTFILE
    
[2024-07-17T09:49:46.088+0000] {hive.py:479} DEBUG - TExecuteStatementReq(sessionHandle=TSessionHandle(sessionId=THandleIdentifier(guid=b'\x97Y\xdf\xdcq\xb2N\x18\xad\xd5\x14\x0f\xaa\xfb\xdf\xa4', secret=b'd\x1e\xe6x\xcf\xf3N\xf1\xbd\xa9\x04\xc4bN\x02U')), statement="\n    CREATE TABLE IF NOT EXISTS my_table (\n        id INT,\n        name STRING\n    )\n    ROW FORMAT DELIMITED\n    FIELDS TERMINATED BY ','\n    STORED AS TEXTFILE\n    ", confOverlay=None, runAsync=False, queryTimeout=0)
[2024-07-17T09:49:46.395+0000] {hive.py:609} DEBUG - TExecuteStatementResp(status=TStatus(statusCode=0, infoMessages=None, sqlState=None, errorCode=None, errorMessage=None), operationHandle=TOperationHandle(operationId=THandleIdentifier(guid=b'B\x1e\xe1!\x02\rA\xbe\xbb\xded\xfb\xfa\xbfm\xc6', secret=b'f\xb3\t\xd7\x00\xabB\x06\xbdX\xacp;\xa1\x90\x10'), operationType=0, hasResultSet=False, modifiedRowCount=None))
[2024-07-17T09:49:46.411+0000] {hive.py:609} DEBUG - TCloseSessionResp(status=TStatus(statusCode=0, infoMessages=None, sqlState=None, errorCode=None, errorMessage=None))
[2024-07-17T09:49:46.412+0000] {python.py:202} INFO - Done. Returned value was: None
[2024-07-17T09:49:46.413+0000] {__init__.py:73} DEBUG - Lineage called with inlets: [], outlets: []
[2024-07-17T09:49:46.444+0000] {taskinstance.py:549} DEBUG - Clearing next_method and next_kwargs.
[2024-07-17T09:49:46.445+0000] {taskinstance.py:1149} INFO - Marking task as SUCCESS. dag_id=hive_etl, task_id=create_hive_table, execution_date=20240717T094758, start_date=20240717T094943, end_date=20240717T094946
[2024-07-17T09:49:46.452+0000] {taskinstance.py:527} DEBUG - Task Duration set to 2.694519
[2024-07-17T09:49:46.874+0000] {cli_action_loggers.py:85} DEBUG - Calling callbacks: []
[2024-07-17T09:49:46.936+0000] {local_task_job_runner.py:234} INFO - Task exited with return code 0
[2024-07-17T09:49:46.990+0000] {dagrun.py:876} DEBUG - number of tis tasks for <DagRun hive_etl @ 2024-07-17 09:47:58.834042+00:00: manual__2024-07-17T09:47:58.834042+00:00, state:running, queued_at: 2024-07-17 09:47:58.857748+00:00. externally triggered: True>: 3 task(s)
[2024-07-17T09:49:46.991+0000] {dagrun.py:897} DEBUG - number of scheduleable tasks for <DagRun hive_etl @ 2024-07-17 09:47:58.834042+00:00: manual__2024-07-17T09:47:58.834042+00:00, state:running, queued_at: 2024-07-17 09:47:58.857748+00:00. externally triggered: True>: 2 task(s)
[2024-07-17T09:49:46.992+0000] {taskinstance.py:1988} DEBUG - <TaskInstance: hive_etl.load_data_into_hive manual__2024-07-17T09:47:58.834042+00:00 [None]> dependency 'Previous Dagrun State' PASSED: True, The task did not have depends_on_past set.
[2024-07-17T09:49:46.992+0000] {taskinstance.py:1988} DEBUG - <TaskInstance: hive_etl.load_data_into_hive manual__2024-07-17T09:47:58.834042+00:00 [None]> dependency 'Not In Retry Period' PASSED: True, The task instance was not marked for retrying.
[2024-07-17T09:49:46.992+0000] {taskinstance.py:1979} DEBUG - Dependencies all met for dep_context=None ti=<TaskInstance: hive_etl.load_data_into_hive manual__2024-07-17T09:47:58.834042+00:00 [None]>
[2024-07-17T09:49:46.993+0000] {taskinstance.py:1988} DEBUG - <TaskInstance: hive_etl.end manual__2024-07-17T09:47:58.834042+00:00 [None]> dependency 'Trigger Rule' PASSED: False, Task's trigger rule 'all_success' requires all upstream tasks to have succeeded, but found 1 non-success(es). upstream_states=_UpstreamTIStates(success=0, skipped=0, failed=0, upstream_failed=0, removed=0, done=0, success_setup=0, skipped_setup=0), upstream_task_ids={'load_data_into_hive'}
[2024-07-17T09:49:46.996+0000] {taskinstance.py:1969} DEBUG - Dependencies not met for <TaskInstance: hive_etl.end manual__2024-07-17T09:47:58.834042+00:00 [None]>, dependency 'Trigger Rule' FAILED: Task's trigger rule 'all_success' requires all upstream tasks to have succeeded, but found 1 non-success(es). upstream_states=_UpstreamTIStates(success=0, skipped=0, failed=0, upstream_failed=0, removed=0, done=0, success_setup=0, skipped_setup=0), upstream_task_ids={'load_data_into_hive'}
[2024-07-17T09:49:46.997+0000] {taskinstance.py:1988} DEBUG - <TaskInstance: hive_etl.end manual__2024-07-17T09:47:58.834042+00:00 [None]> dependency 'Previous Dagrun State' PASSED: True, The task did not have depends_on_past set.
[2024-07-17T09:49:46.998+0000] {taskinstance.py:1988} DEBUG - <TaskInstance: hive_etl.end manual__2024-07-17T09:47:58.834042+00:00 [None]> dependency 'Not In Retry Period' PASSED: True, The task instance was not marked for retrying.
[2024-07-17T09:49:47.065+0000] {taskinstance.py:3309} INFO - 1 downstream tasks scheduled from follow-on schedule check
