[2024-07-17T09:49:43.580+0000] {taskinstance.py:991} DEBUG - previous_execution_date was called
[2024-07-17T09:49:43.625+0000] {__init__.py:54} DEBUG - Loading core task runner: StandardTaskRunner
[2024-07-17T09:49:43.656+0000] {taskinstance.py:991} DEBUG - previous_execution_date was called
[2024-07-17T09:49:43.661+0000] {base_task_runner.py:72} DEBUG - Planning to run as the  user
[2024-07-17T09:49:43.750+0000] {taskinstance.py:1988} DEBUG - <TaskInstance: hive_etl.create_hive_table manual__2024-07-17T09:48:09.294257+00:00 [queued]> dependency 'Task Instance State' PASSED: True, Task state queued was valid.
[2024-07-17T09:49:43.773+0000] {taskinstance.py:1988} DEBUG - <TaskInstance: hive_etl.create_hive_table manual__2024-07-17T09:48:09.294257+00:00 [queued]> dependency 'Previous Dagrun State' PASSED: True, The task did not have depends_on_past set.
[2024-07-17T09:49:43.777+0000] {taskinstance.py:1988} DEBUG - <TaskInstance: hive_etl.create_hive_table manual__2024-07-17T09:48:09.294257+00:00 [queued]> dependency 'Task Instance Not Running' PASSED: True, Task is not in running state.
[2024-07-17T09:49:43.779+0000] {taskinstance.py:1988} DEBUG - <TaskInstance: hive_etl.create_hive_table manual__2024-07-17T09:48:09.294257+00:00 [queued]> dependency 'Not In Retry Period' PASSED: True, The task instance was not marked for retrying.
[2024-07-17T09:49:43.779+0000] {taskinstance.py:1979} INFO - Dependencies all met for dep_context=non-requeueable deps ti=<TaskInstance: hive_etl.create_hive_table manual__2024-07-17T09:48:09.294257+00:00 [queued]>
[2024-07-17T09:49:43.792+0000] {taskinstance.py:1988} DEBUG - <TaskInstance: hive_etl.create_hive_table manual__2024-07-17T09:48:09.294257+00:00 [queued]> dependency 'Previous Dagrun State' PASSED: True, The task did not have depends_on_past set.
[2024-07-17T09:49:43.801+0000] {taskinstance.py:1988} DEBUG - <TaskInstance: hive_etl.create_hive_table manual__2024-07-17T09:48:09.294257+00:00 [queued]> dependency 'Pool Slots Available' PASSED: True, There are enough open slots in default_pool to execute the task
[2024-07-17T09:49:43.802+0000] {taskinstance.py:1988} DEBUG - <TaskInstance: hive_etl.create_hive_table manual__2024-07-17T09:48:09.294257+00:00 [queued]> dependency 'Task Concurrency' PASSED: True, Task concurrency is not set.
[2024-07-17T09:49:43.803+0000] {taskinstance.py:1988} DEBUG - <TaskInstance: hive_etl.create_hive_table manual__2024-07-17T09:48:09.294257+00:00 [queued]> dependency 'Not In Retry Period' PASSED: True, The task instance was not marked for retrying.
[2024-07-17T09:49:43.803+0000] {taskinstance.py:1979} INFO - Dependencies all met for dep_context=requeueable deps ti=<TaskInstance: hive_etl.create_hive_table manual__2024-07-17T09:48:09.294257+00:00 [queued]>
[2024-07-17T09:49:43.803+0000] {taskinstance.py:2193} INFO - Starting attempt 1 of 2
[2024-07-17T09:49:44.180+0000] {taskinstance.py:2214} INFO - Executing <Task(PythonOperator): create_hive_table> on 2024-07-17 09:48:09.294257+00:00
[2024-07-17T09:49:44.194+0000] {standard_task_runner.py:60} INFO - Started process 401 to run task
[2024-07-17T09:49:44.202+0000] {standard_task_runner.py:87} INFO - Running: ['***', 'tasks', 'run', 'hive_etl', 'create_hive_table', 'manual__2024-07-17T09:48:09.294257+00:00', '--job-id', '1897', '--raw', '--subdir', 'DAGS_FOLDER/new.py', '--cfg-path', '/tmp/tmp15g8an8p']
[2024-07-17T09:49:44.206+0000] {standard_task_runner.py:88} INFO - Job 1897: Subtask create_hive_table
[2024-07-17T09:49:44.208+0000] {cli_action_loggers.py:67} DEBUG - Calling callbacks: [<function default_action_log at 0x7a4457f56f80>]
[2024-07-17T09:49:44.346+0000] {taskinstance.py:991} DEBUG - previous_execution_date was called
[2024-07-17T09:49:44.369+0000] {task_command.py:423} INFO - Running <TaskInstance: hive_etl.create_hive_table manual__2024-07-17T09:48:09.294257+00:00 [running]> on host d0d849f06491
[2024-07-17T09:49:44.370+0000] {settings.py:386} DEBUG - Disposing DB connection pool (PID 401)
[2024-07-17T09:49:44.371+0000] {settings.py:249} DEBUG - Setting up DB connection pool (PID 401)
[2024-07-17T09:49:44.372+0000] {settings.py:318} DEBUG - settings.prepare_engine_args(): Using NullPool
[2024-07-17T09:49:45.228+0000] {taskinstance.py:991} DEBUG - previous_execution_date was called
[2024-07-17T09:49:45.267+0000] {taskinstance.py:1769} DEBUG - Clearing XCom data
[2024-07-17T09:49:45.291+0000] {retries.py:93} DEBUG - Running RenderedTaskInstanceFields.write with retries. Try 1 of 3
[2024-07-17T09:49:45.524+0000] {retries.py:93} DEBUG - Running RenderedTaskInstanceFields._do_delete_old_records with retries. Try 1 of 3
[2024-07-17T09:49:45.627+0000] {taskinstance.py:2510} INFO - Exporting env vars: AIRFLOW_CTX_DAG_OWNER='***' AIRFLOW_CTX_DAG_ID='hive_etl' AIRFLOW_CTX_TASK_ID='create_hive_table' AIRFLOW_CTX_EXECUTION_DATE='2024-07-17T09:48:09.294257+00:00' AIRFLOW_CTX_TRY_NUMBER='1' AIRFLOW_CTX_DAG_RUN_ID='manual__2024-07-17T09:48:09.294257+00:00'
[2024-07-17T09:49:45.627+0000] {__init__.py:115} DEBUG - Preparing lineage inlets and outlets
[2024-07-17T09:49:45.628+0000] {__init__.py:154} DEBUG - inlets: [], outlets: []
[2024-07-17T09:49:45.913+0000] {hive.py:609} DEBUG - TOpenSessionResp(status=TStatus(statusCode=0, infoMessages=None, sqlState=None, errorCode=None, errorMessage=None), serverProtocolVersion=5, sessionHandle=TSessionHandle(sessionId=THandleIdentifier(guid=b'<\xa6*!\x14WB1\xb2\xc9\x1b\x90\xd3\x17l9', secret=b'\xb2\xeb\xdd\xa4\x90;G\xe4\xa5\xe7|\xa0\xe8\x086\xb2')), configuration={'hive.server2.thrift.resultset.default.fetch.size': '1000'})
[2024-07-17T09:49:45.913+0000] {hive.py:475} INFO - USE `default`
[2024-07-17T09:49:45.913+0000] {hive.py:479} DEBUG - TExecuteStatementReq(sessionHandle=TSessionHandle(sessionId=THandleIdentifier(guid=b'<\xa6*!\x14WB1\xb2\xc9\x1b\x90\xd3\x17l9', secret=b'\xb2\xeb\xdd\xa4\x90;G\xe4\xa5\xe7|\xa0\xe8\x086\xb2')), statement='USE `default`', confOverlay=None, runAsync=False, queryTimeout=0)
[2024-07-17T09:49:46.212+0000] {hive.py:609} DEBUG - TExecuteStatementResp(status=TStatus(statusCode=0, infoMessages=None, sqlState=None, errorCode=None, errorMessage=None), operationHandle=TOperationHandle(operationId=THandleIdentifier(guid=b'0\xb3e\xbaB\x18O\xe4\x9e\x97\xbe\x1b\xdd~E\x9e', secret=b'\xbb\x9b\xf1\xa8\xd0\xdcN\x82\xb21\xe6\x88eU\xfb\xcc'), operationType=0, hasResultSet=False, modifiedRowCount=None))
[2024-07-17T09:49:46.217+0000] {hive.py:609} DEBUG - TCloseOperationResp(status=TStatus(statusCode=0, infoMessages=None, sqlState=None, errorCode=None, errorMessage=None))
[2024-07-17T09:49:46.218+0000] {hive.py:475} INFO - 
    CREATE TABLE IF NOT EXISTS my_table (
        id INT,
        name STRING
    )
    ROW FORMAT DELIMITED
    FIELDS TERMINATED BY ','
    STORED AS TEXTFILE
    
[2024-07-17T09:49:46.218+0000] {hive.py:479} DEBUG - TExecuteStatementReq(sessionHandle=TSessionHandle(sessionId=THandleIdentifier(guid=b'<\xa6*!\x14WB1\xb2\xc9\x1b\x90\xd3\x17l9', secret=b'\xb2\xeb\xdd\xa4\x90;G\xe4\xa5\xe7|\xa0\xe8\x086\xb2')), statement="\n    CREATE TABLE IF NOT EXISTS my_table (\n        id INT,\n        name STRING\n    )\n    ROW FORMAT DELIMITED\n    FIELDS TERMINATED BY ','\n    STORED AS TEXTFILE\n    ", confOverlay=None, runAsync=False, queryTimeout=0)
[2024-07-17T09:49:46.439+0000] {hive.py:609} DEBUG - TExecuteStatementResp(status=TStatus(statusCode=0, infoMessages=None, sqlState=None, errorCode=None, errorMessage=None), operationHandle=TOperationHandle(operationId=THandleIdentifier(guid=b'\x83\xbc\x14\xcb\xdc\x81K\x1b\x82fRC\xbb}\xe6C', secret=b'R\xa6\x13x\xbe7B\x8b\x8ej\xfbO\x1e\xb5?\x93'), operationType=0, hasResultSet=False, modifiedRowCount=None))
[2024-07-17T09:49:46.449+0000] {hive.py:609} DEBUG - TCloseSessionResp(status=TStatus(statusCode=0, infoMessages=None, sqlState=None, errorCode=None, errorMessage=None))
[2024-07-17T09:49:46.450+0000] {python.py:202} INFO - Done. Returned value was: None
[2024-07-17T09:49:46.450+0000] {__init__.py:73} DEBUG - Lineage called with inlets: [], outlets: []
[2024-07-17T09:49:46.475+0000] {taskinstance.py:549} DEBUG - Clearing next_method and next_kwargs.
[2024-07-17T09:49:46.476+0000] {taskinstance.py:1149} INFO - Marking task as SUCCESS. dag_id=hive_etl, task_id=create_hive_table, execution_date=20240717T094809, start_date=20240717T094943, end_date=20240717T094946
[2024-07-17T09:49:46.476+0000] {taskinstance.py:527} DEBUG - Task Duration set to 2.696403
[2024-07-17T09:49:46.861+0000] {cli_action_loggers.py:85} DEBUG - Calling callbacks: []
[2024-07-17T09:49:46.912+0000] {local_task_job_runner.py:234} INFO - Task exited with return code 0
[2024-07-17T09:49:46.985+0000] {dagrun.py:876} DEBUG - number of tis tasks for <DagRun hive_etl @ 2024-07-17 09:48:09.294257+00:00: manual__2024-07-17T09:48:09.294257+00:00, state:running, queued_at: 2024-07-17 09:48:09.299576+00:00. externally triggered: True>: 3 task(s)
[2024-07-17T09:49:46.995+0000] {dagrun.py:897} DEBUG - number of scheduleable tasks for <DagRun hive_etl @ 2024-07-17 09:48:09.294257+00:00: manual__2024-07-17T09:48:09.294257+00:00, state:running, queued_at: 2024-07-17 09:48:09.299576+00:00. externally triggered: True>: 2 task(s)
[2024-07-17T09:49:46.997+0000] {taskinstance.py:1988} DEBUG - <TaskInstance: hive_etl.load_data_into_hive manual__2024-07-17T09:48:09.294257+00:00 [None]> dependency 'Previous Dagrun State' PASSED: True, The task did not have depends_on_past set.
[2024-07-17T09:49:46.998+0000] {taskinstance.py:1988} DEBUG - <TaskInstance: hive_etl.load_data_into_hive manual__2024-07-17T09:48:09.294257+00:00 [None]> dependency 'Not In Retry Period' PASSED: True, The task instance was not marked for retrying.
[2024-07-17T09:49:46.999+0000] {taskinstance.py:1979} DEBUG - Dependencies all met for dep_context=None ti=<TaskInstance: hive_etl.load_data_into_hive manual__2024-07-17T09:48:09.294257+00:00 [None]>
[2024-07-17T09:49:46.999+0000] {taskinstance.py:1988} DEBUG - <TaskInstance: hive_etl.end manual__2024-07-17T09:48:09.294257+00:00 [None]> dependency 'Trigger Rule' PASSED: False, Task's trigger rule 'all_success' requires all upstream tasks to have succeeded, but found 1 non-success(es). upstream_states=_UpstreamTIStates(success=0, skipped=0, failed=0, upstream_failed=0, removed=0, done=0, success_setup=0, skipped_setup=0), upstream_task_ids={'load_data_into_hive'}
[2024-07-17T09:49:47.003+0000] {taskinstance.py:1969} DEBUG - Dependencies not met for <TaskInstance: hive_etl.end manual__2024-07-17T09:48:09.294257+00:00 [None]>, dependency 'Trigger Rule' FAILED: Task's trigger rule 'all_success' requires all upstream tasks to have succeeded, but found 1 non-success(es). upstream_states=_UpstreamTIStates(success=0, skipped=0, failed=0, upstream_failed=0, removed=0, done=0, success_setup=0, skipped_setup=0), upstream_task_ids={'load_data_into_hive'}
[2024-07-17T09:49:47.004+0000] {taskinstance.py:1988} DEBUG - <TaskInstance: hive_etl.end manual__2024-07-17T09:48:09.294257+00:00 [None]> dependency 'Previous Dagrun State' PASSED: True, The task did not have depends_on_past set.
[2024-07-17T09:49:47.005+0000] {taskinstance.py:1988} DEBUG - <TaskInstance: hive_etl.end manual__2024-07-17T09:48:09.294257+00:00 [None]> dependency 'Not In Retry Period' PASSED: True, The task instance was not marked for retrying.
[2024-07-17T09:49:47.034+0000] {taskinstance.py:3309} INFO - 1 downstream tasks scheduled from follow-on schedule check
