[2024-07-10T04:07:21.432+0000] {taskinstance.py:991} DEBUG - previous_execution_date was called
[2024-07-10T04:07:21.511+0000] {__init__.py:54} DEBUG - Loading core task runner: StandardTaskRunner
[2024-07-10T04:07:21.582+0000] {taskinstance.py:991} DEBUG - previous_execution_date was called
[2024-07-10T04:07:21.604+0000] {base_task_runner.py:72} DEBUG - Planning to run as the  user
[2024-07-10T04:07:21.678+0000] {taskinstance.py:1988} DEBUG - <TaskInstance: hello_world_dag.print_hello scheduled__2023-08-19T00:00:00+00:00 [queued]> dependency 'Task Instance State' PASSED: True, Task state queued was valid.
[2024-07-10T04:07:21.694+0000] {taskinstance.py:1988} DEBUG - <TaskInstance: hello_world_dag.print_hello scheduled__2023-08-19T00:00:00+00:00 [queued]> dependency 'Previous Dagrun State' PASSED: True, The task did not have depends_on_past set.
[2024-07-10T04:07:21.698+0000] {taskinstance.py:1988} DEBUG - <TaskInstance: hello_world_dag.print_hello scheduled__2023-08-19T00:00:00+00:00 [queued]> dependency 'Not In Retry Period' PASSED: True, The task instance was not marked for retrying.
[2024-07-10T04:07:21.699+0000] {taskinstance.py:1988} DEBUG - <TaskInstance: hello_world_dag.print_hello scheduled__2023-08-19T00:00:00+00:00 [queued]> dependency 'Task Instance Not Running' PASSED: True, Task is not in running state.
[2024-07-10T04:07:21.699+0000] {taskinstance.py:1988} DEBUG - <TaskInstance: hello_world_dag.print_hello scheduled__2023-08-19T00:00:00+00:00 [queued]> dependency 'Trigger Rule' PASSED: True, The task instance did not have any upstream tasks.
[2024-07-10T04:07:21.700+0000] {taskinstance.py:1979} INFO - Dependencies all met for dep_context=non-requeueable deps ti=<TaskInstance: hello_world_dag.print_hello scheduled__2023-08-19T00:00:00+00:00 [queued]>
[2024-07-10T04:07:21.745+0000] {taskinstance.py:1988} DEBUG - <TaskInstance: hello_world_dag.print_hello scheduled__2023-08-19T00:00:00+00:00 [queued]> dependency 'Pool Slots Available' PASSED: True, There are enough open slots in default_pool to execute the task
[2024-07-10T04:07:21.745+0000] {taskinstance.py:1988} DEBUG - <TaskInstance: hello_world_dag.print_hello scheduled__2023-08-19T00:00:00+00:00 [queued]> dependency 'Previous Dagrun State' PASSED: True, The task did not have depends_on_past set.
[2024-07-10T04:07:21.746+0000] {taskinstance.py:1988} DEBUG - <TaskInstance: hello_world_dag.print_hello scheduled__2023-08-19T00:00:00+00:00 [queued]> dependency 'Task Concurrency' PASSED: True, Task concurrency is not set.
[2024-07-10T04:07:21.747+0000] {taskinstance.py:1988} DEBUG - <TaskInstance: hello_world_dag.print_hello scheduled__2023-08-19T00:00:00+00:00 [queued]> dependency 'Not In Retry Period' PASSED: True, The task instance was not marked for retrying.
[2024-07-10T04:07:21.747+0000] {taskinstance.py:1988} DEBUG - <TaskInstance: hello_world_dag.print_hello scheduled__2023-08-19T00:00:00+00:00 [queued]> dependency 'Trigger Rule' PASSED: True, The task instance did not have any upstream tasks.
[2024-07-10T04:07:21.747+0000] {taskinstance.py:1979} INFO - Dependencies all met for dep_context=requeueable deps ti=<TaskInstance: hello_world_dag.print_hello scheduled__2023-08-19T00:00:00+00:00 [queued]>
[2024-07-10T04:07:21.748+0000] {taskinstance.py:2193} INFO - Starting attempt 1 of 2
[2024-07-10T04:07:21.928+0000] {taskinstance.py:2214} INFO - Executing <Task(PythonOperator): print_hello> on 2023-08-19 00:00:00+00:00
[2024-07-10T04:07:21.951+0000] {standard_task_runner.py:60} INFO - Started process 799 to run task
[2024-07-10T04:07:21.964+0000] {standard_task_runner.py:87} INFO - Running: ['***', 'tasks', 'run', 'hello_world_dag', 'print_hello', 'scheduled__2023-08-19T00:00:00+00:00', '--job-id', '250', '--raw', '--subdir', 'DAGS_FOLDER/ex.py', '--cfg-path', '/tmp/tmp9t1qb52d']
[2024-07-10T04:07:21.970+0000] {standard_task_runner.py:88} INFO - Job 250: Subtask print_hello
[2024-07-10T04:07:21.972+0000] {cli_action_loggers.py:67} DEBUG - Calling callbacks: [<function default_action_log at 0x71a377f20ca0>]
[2024-07-10T04:07:22.096+0000] {taskinstance.py:991} DEBUG - previous_execution_date was called
[2024-07-10T04:07:22.113+0000] {task_command.py:423} INFO - Running <TaskInstance: hello_world_dag.print_hello scheduled__2023-08-19T00:00:00+00:00 [running]> on host 1e6d8c5e82dd
[2024-07-10T04:07:22.113+0000] {settings.py:386} DEBUG - Disposing DB connection pool (PID 799)
[2024-07-10T04:07:22.114+0000] {settings.py:249} DEBUG - Setting up DB connection pool (PID 799)
[2024-07-10T04:07:22.115+0000] {settings.py:318} DEBUG - settings.prepare_engine_args(): Using NullPool
[2024-07-10T04:07:22.213+0000] {taskinstance.py:991} DEBUG - previous_execution_date was called
[2024-07-10T04:07:22.232+0000] {taskinstance.py:1769} DEBUG - Clearing XCom data
[2024-07-10T04:07:22.246+0000] {retries.py:93} DEBUG - Running RenderedTaskInstanceFields.write with retries. Try 1 of 3
[2024-07-10T04:07:22.315+0000] {retries.py:93} DEBUG - Running RenderedTaskInstanceFields._do_delete_old_records with retries. Try 1 of 3
[2024-07-10T04:07:22.343+0000] {taskinstance.py:2510} INFO - Exporting env vars: AIRFLOW_CTX_DAG_OWNER='***' AIRFLOW_CTX_DAG_ID='hello_world_dag' AIRFLOW_CTX_TASK_ID='print_hello' AIRFLOW_CTX_EXECUTION_DATE='2023-08-19T00:00:00+00:00' AIRFLOW_CTX_TRY_NUMBER='1' AIRFLOW_CTX_DAG_RUN_ID='scheduled__2023-08-19T00:00:00+00:00'
[2024-07-10T04:07:22.349+0000] {__init__.py:115} DEBUG - Preparing lineage inlets and outlets
[2024-07-10T04:07:22.353+0000] {__init__.py:154} DEBUG - inlets: [], outlets: []
[2024-07-10T04:07:22.355+0000] {logging_mixin.py:188} INFO - Hello World
[2024-07-10T04:07:22.356+0000] {python.py:202} INFO - Done. Returned value was: None
[2024-07-10T04:07:22.359+0000] {__init__.py:73} DEBUG - Lineage called with inlets: [], outlets: []
[2024-07-10T04:07:22.379+0000] {taskinstance.py:549} DEBUG - Clearing next_method and next_kwargs.
[2024-07-10T04:07:22.379+0000] {taskinstance.py:1149} INFO - Marking task as SUCCESS. dag_id=hello_world_dag, task_id=print_hello, execution_date=20230819T000000, start_date=20240710T040721, end_date=20240710T040722
[2024-07-10T04:07:22.380+0000] {taskinstance.py:527} DEBUG - Task Duration set to 0.679457
[2024-07-10T04:07:22.399+0000] {cli_action_loggers.py:85} DEBUG - Calling callbacks: []
[2024-07-10T04:07:22.461+0000] {local_task_job_runner.py:234} INFO - Task exited with return code 0
[2024-07-10T04:07:22.508+0000] {dagrun.py:876} DEBUG - number of tis tasks for <DagRun hello_world_dag @ 2023-08-19 00:00:00+00:00: scheduled__2023-08-19T00:00:00+00:00, state:running, queued_at: 2024-07-10 04:07:18.796604+00:00. externally triggered: False>: 0 task(s)
[2024-07-10T04:07:22.509+0000] {taskinstance.py:3309} INFO - 0 downstream tasks scheduled from follow-on schedule check
