[2024-07-17T14:08:22.750+0000] {taskinstance.py:991} DEBUG - previous_execution_date was called
[2024-07-17T14:08:22.778+0000] {__init__.py:54} DEBUG - Loading core task runner: StandardTaskRunner
[2024-07-17T14:08:22.800+0000] {taskinstance.py:991} DEBUG - previous_execution_date was called
[2024-07-17T14:08:22.806+0000] {base_task_runner.py:72} DEBUG - Planning to run as the  user
[2024-07-17T14:08:22.837+0000] {taskinstance.py:1988} DEBUG - <TaskInstance: hive_etl.extract_from_mysql manual__2024-07-17T09:47:58.834042+00:00 [queued]> dependency 'Task Instance State' PASSED: True, Task state queued was valid.
[2024-07-17T14:08:22.837+0000] {taskinstance.py:1988} DEBUG - <TaskInstance: hive_etl.extract_from_mysql manual__2024-07-17T09:47:58.834042+00:00 [queued]> dependency 'Not In Retry Period' PASSED: True, The task instance was not marked for retrying.
[2024-07-17T14:08:22.837+0000] {taskinstance.py:1988} DEBUG - <TaskInstance: hive_etl.extract_from_mysql manual__2024-07-17T09:47:58.834042+00:00 [queued]> dependency 'Previous Dagrun State' PASSED: True, The task did not have depends_on_past set.
[2024-07-17T14:08:22.848+0000] {taskinstance.py:1988} DEBUG - <TaskInstance: hive_etl.extract_from_mysql manual__2024-07-17T09:47:58.834042+00:00 [queued]> dependency 'Task Instance Not Running' PASSED: True, Task is not in running state.
[2024-07-17T14:08:22.849+0000] {taskinstance.py:1979} INFO - Dependencies all met for dep_context=non-requeueable deps ti=<TaskInstance: hive_etl.extract_from_mysql manual__2024-07-17T09:47:58.834042+00:00 [queued]>
[2024-07-17T14:08:22.851+0000] {taskinstance.py:1988} DEBUG - <TaskInstance: hive_etl.extract_from_mysql manual__2024-07-17T09:47:58.834042+00:00 [queued]> dependency 'Not In Retry Period' PASSED: True, The task instance was not marked for retrying.
[2024-07-17T14:08:22.852+0000] {taskinstance.py:1988} DEBUG - <TaskInstance: hive_etl.extract_from_mysql manual__2024-07-17T09:47:58.834042+00:00 [queued]> dependency 'Previous Dagrun State' PASSED: True, The task did not have depends_on_past set.
[2024-07-17T14:08:22.857+0000] {taskinstance.py:1988} DEBUG - <TaskInstance: hive_etl.extract_from_mysql manual__2024-07-17T09:47:58.834042+00:00 [queued]> dependency 'Pool Slots Available' PASSED: True, There are enough open slots in default_pool to execute the task
[2024-07-17T14:08:22.857+0000] {taskinstance.py:1988} DEBUG - <TaskInstance: hive_etl.extract_from_mysql manual__2024-07-17T09:47:58.834042+00:00 [queued]> dependency 'Task Concurrency' PASSED: True, Task concurrency is not set.
[2024-07-17T14:08:22.860+0000] {taskinstance.py:1979} INFO - Dependencies all met for dep_context=requeueable deps ti=<TaskInstance: hive_etl.extract_from_mysql manual__2024-07-17T09:47:58.834042+00:00 [queued]>
[2024-07-17T14:08:22.860+0000] {taskinstance.py:2193} INFO - Starting attempt 2 of 3
[2024-07-17T14:08:22.879+0000] {taskinstance.py:2214} INFO - Executing <Task(PythonOperator): extract_from_mysql> on 2024-07-17 09:47:58.834042+00:00
[2024-07-17T14:08:22.888+0000] {standard_task_runner.py:60} INFO - Started process 71 to run task
[2024-07-17T14:08:22.892+0000] {standard_task_runner.py:87} INFO - Running: ['***', 'tasks', 'run', 'hive_etl', 'extract_from_mysql', 'manual__2024-07-17T09:47:58.834042+00:00', '--job-id', '2086', '--raw', '--subdir', 'DAGS_FOLDER/new.py', '--cfg-path', '/tmp/tmpfa3h42nu']
[2024-07-17T14:08:22.894+0000] {standard_task_runner.py:88} INFO - Job 2086: Subtask extract_from_mysql
[2024-07-17T14:08:22.895+0000] {cli_action_loggers.py:67} DEBUG - Calling callbacks: [<function default_action_log at 0x729089756f80>]
[2024-07-17T14:08:22.965+0000] {taskinstance.py:991} DEBUG - previous_execution_date was called
[2024-07-17T14:08:22.972+0000] {task_command.py:423} INFO - Running <TaskInstance: hive_etl.extract_from_mysql manual__2024-07-17T09:47:58.834042+00:00 [running]> on host 8c50a8ad787d
[2024-07-17T14:08:22.974+0000] {settings.py:386} DEBUG - Disposing DB connection pool (PID 71)
[2024-07-17T14:08:22.974+0000] {settings.py:249} DEBUG - Setting up DB connection pool (PID 71)
[2024-07-17T14:08:22.975+0000] {settings.py:318} DEBUG - settings.prepare_engine_args(): Using NullPool
[2024-07-17T14:08:23.018+0000] {taskinstance.py:991} DEBUG - previous_execution_date was called
[2024-07-17T14:08:23.020+0000] {taskinstance.py:1769} DEBUG - Clearing XCom data
[2024-07-17T14:08:23.027+0000] {retries.py:93} DEBUG - Running RenderedTaskInstanceFields.write with retries. Try 1 of 3
[2024-07-17T14:08:23.059+0000] {retries.py:93} DEBUG - Running RenderedTaskInstanceFields._do_delete_old_records with retries. Try 1 of 3
[2024-07-17T14:08:23.077+0000] {taskinstance.py:2510} INFO - Exporting env vars: AIRFLOW_CTX_DAG_OWNER='***' AIRFLOW_CTX_DAG_ID='hive_etl' AIRFLOW_CTX_TASK_ID='extract_from_mysql' AIRFLOW_CTX_EXECUTION_DATE='2024-07-17T09:47:58.834042+00:00' AIRFLOW_CTX_TRY_NUMBER='2' AIRFLOW_CTX_DAG_RUN_ID='manual__2024-07-17T09:47:58.834042+00:00'
[2024-07-17T14:08:23.078+0000] {__init__.py:115} DEBUG - Preparing lineage inlets and outlets
[2024-07-17T14:08:23.079+0000] {__init__.py:154} DEBUG - inlets: [], outlets: []
[2024-07-17T14:08:23.089+0000] {base.py:83} INFO - Using connection ID 'mysql_default' for task execution.
[2024-07-17T14:08:27.955+0000] {job.py:209} DEBUG - [heartbeat]
[2024-07-17T14:08:33.008+0000] {job.py:209} DEBUG - [heartbeat]
[2024-07-17T14:08:38.055+0000] {job.py:209} DEBUG - [heartbeat]
[2024-07-17T14:08:43.141+0000] {job.py:209} DEBUG - [heartbeat]
[2024-07-17T14:08:48.271+0000] {job.py:209} DEBUG - [heartbeat]
[2024-07-17T14:08:53.412+0000] {job.py:209} DEBUG - [heartbeat]
[2024-07-17T14:08:58.534+0000] {job.py:209} DEBUG - [heartbeat]
[2024-07-17T14:09:03.644+0000] {job.py:209} DEBUG - [heartbeat]
[2024-07-17T14:09:08.736+0000] {job.py:209} DEBUG - [heartbeat]
[2024-07-17T14:09:13.823+0000] {job.py:209} DEBUG - [heartbeat]
[2024-07-17T14:09:18.893+0000] {job.py:209} DEBUG - [heartbeat]
[2024-07-17T14:09:25.221+0000] {job.py:209} DEBUG - [heartbeat]
[2024-07-17T14:09:33.296+0000] {job.py:209} DEBUG - [heartbeat]
