[2024-07-17T08:50:46.959+0000] {taskinstance.py:991} DEBUG - previous_execution_date was called
[2024-07-17T08:50:47.000+0000] {__init__.py:54} DEBUG - Loading core task runner: StandardTaskRunner
[2024-07-17T08:50:47.039+0000] {taskinstance.py:991} DEBUG - previous_execution_date was called
[2024-07-17T08:50:47.045+0000] {base_task_runner.py:72} DEBUG - Planning to run as the  user
[2024-07-17T08:50:47.113+0000] {taskinstance.py:1988} DEBUG - <TaskInstance: hive_etl.extract_from_mysql scheduled__2023-01-06T00:00:00+00:00 [queued]> dependency 'Not In Retry Period' PASSED: True, The task instance was not marked for retrying.
[2024-07-17T08:50:47.115+0000] {taskinstance.py:1988} DEBUG - <TaskInstance: hive_etl.extract_from_mysql scheduled__2023-01-06T00:00:00+00:00 [queued]> dependency 'Previous Dagrun State' PASSED: True, The task did not have depends_on_past set.
[2024-07-17T08:50:47.116+0000] {taskinstance.py:1988} DEBUG - <TaskInstance: hive_etl.extract_from_mysql scheduled__2023-01-06T00:00:00+00:00 [queued]> dependency 'Task Instance Not Running' PASSED: True, Task is not in running state.
[2024-07-17T08:50:47.116+0000] {taskinstance.py:1988} DEBUG - <TaskInstance: hive_etl.extract_from_mysql scheduled__2023-01-06T00:00:00+00:00 [queued]> dependency 'Task Instance State' PASSED: True, Task state queued was valid.
[2024-07-17T08:50:47.116+0000] {taskinstance.py:1979} INFO - Dependencies all met for dep_context=non-requeueable deps ti=<TaskInstance: hive_etl.extract_from_mysql scheduled__2023-01-06T00:00:00+00:00 [queued]>
[2024-07-17T08:50:47.121+0000] {taskinstance.py:1988} DEBUG - <TaskInstance: hive_etl.extract_from_mysql scheduled__2023-01-06T00:00:00+00:00 [queued]> dependency 'Previous Dagrun State' PASSED: True, The task did not have depends_on_past set.
[2024-07-17T08:50:47.143+0000] {taskinstance.py:1988} DEBUG - <TaskInstance: hive_etl.extract_from_mysql scheduled__2023-01-06T00:00:00+00:00 [queued]> dependency 'Not In Retry Period' PASSED: True, The task instance was not marked for retrying.
[2024-07-17T08:50:47.162+0000] {taskinstance.py:1988} DEBUG - <TaskInstance: hive_etl.extract_from_mysql scheduled__2023-01-06T00:00:00+00:00 [queued]> dependency 'Pool Slots Available' PASSED: True, There are enough open slots in default_pool to execute the task
[2024-07-17T08:50:47.163+0000] {taskinstance.py:1988} DEBUG - <TaskInstance: hive_etl.extract_from_mysql scheduled__2023-01-06T00:00:00+00:00 [queued]> dependency 'Task Concurrency' PASSED: True, Task concurrency is not set.
[2024-07-17T08:50:47.163+0000] {taskinstance.py:1979} INFO - Dependencies all met for dep_context=requeueable deps ti=<TaskInstance: hive_etl.extract_from_mysql scheduled__2023-01-06T00:00:00+00:00 [queued]>
[2024-07-17T08:50:47.164+0000] {taskinstance.py:2193} INFO - Starting attempt 1 of 2
[2024-07-17T08:50:47.216+0000] {taskinstance.py:2214} INFO - Executing <Task(PythonOperator): extract_from_mysql> on 2023-01-06 00:00:00+00:00
[2024-07-17T08:50:47.248+0000] {standard_task_runner.py:60} INFO - Started process 100 to run task
[2024-07-17T08:50:47.261+0000] {standard_task_runner.py:87} INFO - Running: ['***', 'tasks', 'run', 'hive_etl', 'extract_from_mysql', 'scheduled__2023-01-06T00:00:00+00:00', '--job-id', '1464', '--raw', '--subdir', 'DAGS_FOLDER/new.py', '--cfg-path', '/tmp/tmpfv_aye5f']
[2024-07-17T08:50:47.268+0000] {standard_task_runner.py:88} INFO - Job 1464: Subtask extract_from_mysql
[2024-07-17T08:50:47.270+0000] {cli_action_loggers.py:67} DEBUG - Calling callbacks: [<function default_action_log at 0x7c08b4226f80>]
[2024-07-17T08:50:47.398+0000] {taskinstance.py:991} DEBUG - previous_execution_date was called
[2024-07-17T08:50:47.407+0000] {task_command.py:423} INFO - Running <TaskInstance: hive_etl.extract_from_mysql scheduled__2023-01-06T00:00:00+00:00 [running]> on host a88c97f6715f
[2024-07-17T08:50:47.407+0000] {settings.py:386} DEBUG - Disposing DB connection pool (PID 100)
[2024-07-17T08:50:47.408+0000] {settings.py:249} DEBUG - Setting up DB connection pool (PID 100)
[2024-07-17T08:50:47.408+0000] {settings.py:318} DEBUG - settings.prepare_engine_args(): Using NullPool
[2024-07-17T08:50:48.037+0000] {taskinstance.py:991} DEBUG - previous_execution_date was called
[2024-07-17T08:50:48.504+0000] {taskinstance.py:1769} DEBUG - Clearing XCom data
[2024-07-17T08:50:49.059+0000] {retries.py:93} DEBUG - Running RenderedTaskInstanceFields.write with retries. Try 1 of 3
