[2024-07-17T09:48:05.845+0000] {taskinstance.py:991} DEBUG - previous_execution_date was called
[2024-07-17T09:48:05.858+0000] {__init__.py:54} DEBUG - Loading core task runner: StandardTaskRunner
[2024-07-17T09:48:05.870+0000] {taskinstance.py:991} DEBUG - previous_execution_date was called
[2024-07-17T09:48:05.874+0000] {base_task_runner.py:72} DEBUG - Planning to run as the  user
[2024-07-17T09:48:05.899+0000] {taskinstance.py:1988} DEBUG - <TaskInstance: hive_etl.create_hive_table manual__2024-07-17T08:54:51.055231+00:00 [queued]> dependency 'Task Instance State' PASSED: True, Task state queued was valid.
[2024-07-17T09:48:05.906+0000] {taskinstance.py:1988} DEBUG - <TaskInstance: hive_etl.create_hive_table manual__2024-07-17T08:54:51.055231+00:00 [queued]> dependency 'Previous Dagrun State' PASSED: True, The task did not have depends_on_past set.
[2024-07-17T09:48:05.907+0000] {taskinstance.py:1988} DEBUG - <TaskInstance: hive_etl.create_hive_table manual__2024-07-17T08:54:51.055231+00:00 [queued]> dependency 'Task Instance Not Running' PASSED: True, Task is not in running state.
[2024-07-17T09:48:05.907+0000] {taskinstance.py:1988} DEBUG - <TaskInstance: hive_etl.create_hive_table manual__2024-07-17T08:54:51.055231+00:00 [queued]> dependency 'Not In Retry Period' PASSED: True, The task instance was not marked for retrying.
[2024-07-17T09:48:05.907+0000] {taskinstance.py:1979} INFO - Dependencies all met for dep_context=non-requeueable deps ti=<TaskInstance: hive_etl.create_hive_table manual__2024-07-17T08:54:51.055231+00:00 [queued]>
[2024-07-17T09:48:05.911+0000] {taskinstance.py:1988} DEBUG - <TaskInstance: hive_etl.create_hive_table manual__2024-07-17T08:54:51.055231+00:00 [queued]> dependency 'Previous Dagrun State' PASSED: True, The task did not have depends_on_past set.
[2024-07-17T09:48:05.914+0000] {taskinstance.py:1988} DEBUG - <TaskInstance: hive_etl.create_hive_table manual__2024-07-17T08:54:51.055231+00:00 [queued]> dependency 'Pool Slots Available' PASSED: True, There are enough open slots in default_pool to execute the task
[2024-07-17T09:48:05.915+0000] {taskinstance.py:1988} DEBUG - <TaskInstance: hive_etl.create_hive_table manual__2024-07-17T08:54:51.055231+00:00 [queued]> dependency 'Task Concurrency' PASSED: True, Task concurrency is not set.
[2024-07-17T09:48:05.915+0000] {taskinstance.py:1988} DEBUG - <TaskInstance: hive_etl.create_hive_table manual__2024-07-17T08:54:51.055231+00:00 [queued]> dependency 'Not In Retry Period' PASSED: True, The task instance was not marked for retrying.
[2024-07-17T09:48:05.915+0000] {taskinstance.py:1979} INFO - Dependencies all met for dep_context=requeueable deps ti=<TaskInstance: hive_etl.create_hive_table manual__2024-07-17T08:54:51.055231+00:00 [queued]>
[2024-07-17T09:48:05.915+0000] {taskinstance.py:2193} INFO - Starting attempt 3 of 4
[2024-07-17T09:48:05.927+0000] {taskinstance.py:2214} INFO - Executing <Task(PythonOperator): create_hive_table> on 2024-07-17 08:54:51.055231+00:00
[2024-07-17T09:48:05.932+0000] {standard_task_runner.py:60} INFO - Started process 275 to run task
[2024-07-17T09:48:05.936+0000] {standard_task_runner.py:87} INFO - Running: ['***', 'tasks', 'run', 'hive_etl', 'create_hive_table', 'manual__2024-07-17T08:54:51.055231+00:00', '--job-id', '1869', '--raw', '--subdir', 'DAGS_FOLDER/new.py', '--cfg-path', '/tmp/tmpdxkmxcg6']
[2024-07-17T09:48:05.937+0000] {standard_task_runner.py:88} INFO - Job 1869: Subtask create_hive_table
[2024-07-17T09:48:05.937+0000] {cli_action_loggers.py:67} DEBUG - Calling callbacks: [<function default_action_log at 0x7a4457f56f80>]
[2024-07-17T09:48:05.975+0000] {taskinstance.py:991} DEBUG - previous_execution_date was called
[2024-07-17T09:48:05.978+0000] {task_command.py:423} INFO - Running <TaskInstance: hive_etl.create_hive_table manual__2024-07-17T08:54:51.055231+00:00 [running]> on host d0d849f06491
[2024-07-17T09:48:05.978+0000] {settings.py:386} DEBUG - Disposing DB connection pool (PID 275)
[2024-07-17T09:48:05.978+0000] {settings.py:249} DEBUG - Setting up DB connection pool (PID 275)
[2024-07-17T09:48:05.979+0000] {settings.py:318} DEBUG - settings.prepare_engine_args(): Using NullPool
[2024-07-17T09:48:06.009+0000] {taskinstance.py:991} DEBUG - previous_execution_date was called
[2024-07-17T09:48:06.011+0000] {taskinstance.py:1769} DEBUG - Clearing XCom data
[2024-07-17T09:48:06.015+0000] {retries.py:93} DEBUG - Running RenderedTaskInstanceFields.write with retries. Try 1 of 3
[2024-07-17T09:48:06.036+0000] {retries.py:93} DEBUG - Running RenderedTaskInstanceFields._do_delete_old_records with retries. Try 1 of 3
[2024-07-17T09:48:06.048+0000] {taskinstance.py:2510} INFO - Exporting env vars: AIRFLOW_CTX_DAG_OWNER='***' AIRFLOW_CTX_DAG_ID='hive_etl' AIRFLOW_CTX_TASK_ID='create_hive_table' AIRFLOW_CTX_EXECUTION_DATE='2024-07-17T08:54:51.055231+00:00' AIRFLOW_CTX_TRY_NUMBER='3' AIRFLOW_CTX_DAG_RUN_ID='manual__2024-07-17T08:54:51.055231+00:00'
[2024-07-17T09:48:06.048+0000] {__init__.py:115} DEBUG - Preparing lineage inlets and outlets
[2024-07-17T09:48:06.049+0000] {__init__.py:154} DEBUG - inlets: [], outlets: []
[2024-07-17T09:48:06.172+0000] {hive.py:609} DEBUG - TOpenSessionResp(status=TStatus(statusCode=0, infoMessages=None, sqlState=None, errorCode=None, errorMessage=None), serverProtocolVersion=5, sessionHandle=TSessionHandle(sessionId=THandleIdentifier(guid=b'I\xddw\xbcM\xd5G\xd5\x81\xab\xd1A\xdb\xe7I\xb3', secret=b'aG2\xa5T\xe5O.\x90\x90\xfd\xa1\x95\t\xaag')), configuration={'hive.server2.thrift.resultset.default.fetch.size': '1000'})
[2024-07-17T09:48:06.173+0000] {hive.py:475} INFO - USE `default`
[2024-07-17T09:48:06.173+0000] {hive.py:479} DEBUG - TExecuteStatementReq(sessionHandle=TSessionHandle(sessionId=THandleIdentifier(guid=b'I\xddw\xbcM\xd5G\xd5\x81\xab\xd1A\xdb\xe7I\xb3', secret=b'aG2\xa5T\xe5O.\x90\x90\xfd\xa1\x95\t\xaag')), statement='USE `default`', confOverlay=None, runAsync=False, queryTimeout=0)
[2024-07-17T09:48:06.252+0000] {hive.py:609} DEBUG - TExecuteStatementResp(status=TStatus(statusCode=0, infoMessages=None, sqlState=None, errorCode=None, errorMessage=None), operationHandle=TOperationHandle(operationId=THandleIdentifier(guid=b'\xc8\xd1_\xd2\xbd\x15H\r\x94#\x0f\x81\x7f?\x9c\xb1', secret=b'M\x03\xe4\xa63%ER\xaa\xa4\xc2Ud\x90-\xd1'), operationType=0, hasResultSet=False, modifiedRowCount=None))
[2024-07-17T09:48:06.254+0000] {hive.py:609} DEBUG - TCloseOperationResp(status=TStatus(statusCode=0, infoMessages=None, sqlState=None, errorCode=None, errorMessage=None))
[2024-07-17T09:48:06.255+0000] {hive.py:475} INFO - 
    CREATE TABLE IF NOT EXISTS my_table (
        id INT,
        name STRING
    )
    ROW FORMAT DELIMITED
    FIELDS TERMINATED BY ','
    STORED AS TEXTFILE
    
[2024-07-17T09:48:06.255+0000] {hive.py:479} DEBUG - TExecuteStatementReq(sessionHandle=TSessionHandle(sessionId=THandleIdentifier(guid=b'I\xddw\xbcM\xd5G\xd5\x81\xab\xd1A\xdb\xe7I\xb3', secret=b'aG2\xa5T\xe5O.\x90\x90\xfd\xa1\x95\t\xaag')), statement="\n    CREATE TABLE IF NOT EXISTS my_table (\n        id INT,\n        name STRING\n    )\n    ROW FORMAT DELIMITED\n    FIELDS TERMINATED BY ','\n    STORED AS TEXTFILE\n    ", confOverlay=None, runAsync=False, queryTimeout=0)
[2024-07-17T09:48:06.278+0000] {hive.py:609} DEBUG - TExecuteStatementResp(status=TStatus(statusCode=0, infoMessages=None, sqlState=None, errorCode=None, errorMessage=None), operationHandle=TOperationHandle(operationId=THandleIdentifier(guid=b'\xedF\xa6\xf2\xd9\xe9L\xd4\xbe\x85I\x90\xd4\x8fl\xa6', secret=b'\xab\xd4\xd2/]CA\xa8\x8a\x82\xc9?Rm\x86S'), operationType=0, hasResultSet=False, modifiedRowCount=None))
[2024-07-17T09:48:06.295+0000] {hive.py:609} DEBUG - TCloseSessionResp(status=TStatus(statusCode=0, infoMessages=None, sqlState=None, errorCode=None, errorMessage=None))
[2024-07-17T09:48:06.296+0000] {python.py:202} INFO - Done. Returned value was: None
[2024-07-17T09:48:06.296+0000] {__init__.py:73} DEBUG - Lineage called with inlets: [], outlets: []
[2024-07-17T09:48:06.304+0000] {taskinstance.py:549} DEBUG - Clearing next_method and next_kwargs.
[2024-07-17T09:48:06.305+0000] {taskinstance.py:1149} INFO - Marking task as SUCCESS. dag_id=hive_etl, task_id=create_hive_table, execution_date=20240717T085451, start_date=20240717T094805, end_date=20240717T094806
[2024-07-17T09:48:06.305+0000] {taskinstance.py:527} DEBUG - Task Duration set to 0.397463
[2024-07-17T09:48:06.314+0000] {cli_action_loggers.py:85} DEBUG - Calling callbacks: []
[2024-07-17T09:48:06.350+0000] {local_task_job_runner.py:234} INFO - Task exited with return code 0
[2024-07-17T09:48:06.410+0000] {dagrun.py:876} DEBUG - number of tis tasks for <DagRun hive_etl @ 2024-07-17 08:54:51.055231+00:00: manual__2024-07-17T08:54:51.055231+00:00, state:running, queued_at: 2024-07-17 09:47:29.362525+00:00. externally triggered: True>: 3 task(s)
[2024-07-17T09:48:06.411+0000] {dagrun.py:897} DEBUG - number of scheduleable tasks for <DagRun hive_etl @ 2024-07-17 08:54:51.055231+00:00: manual__2024-07-17T08:54:51.055231+00:00, state:running, queued_at: 2024-07-17 09:47:29.362525+00:00. externally triggered: True>: 2 task(s)
[2024-07-17T09:48:06.411+0000] {taskinstance.py:1988} DEBUG - <TaskInstance: hive_etl.end manual__2024-07-17T08:54:51.055231+00:00 [None]> dependency 'Trigger Rule' PASSED: False, Task's trigger rule 'all_success' requires all upstream tasks to have succeeded, but found 1 non-success(es). upstream_states=_UpstreamTIStates(success=0, skipped=0, failed=0, upstream_failed=0, removed=0, done=0, success_setup=0, skipped_setup=0), upstream_task_ids={'load_data_into_hive'}
[2024-07-17T09:48:06.412+0000] {taskinstance.py:1969} DEBUG - Dependencies not met for <TaskInstance: hive_etl.end manual__2024-07-17T08:54:51.055231+00:00 [None]>, dependency 'Trigger Rule' FAILED: Task's trigger rule 'all_success' requires all upstream tasks to have succeeded, but found 1 non-success(es). upstream_states=_UpstreamTIStates(success=0, skipped=0, failed=0, upstream_failed=0, removed=0, done=0, success_setup=0, skipped_setup=0), upstream_task_ids={'load_data_into_hive'}
[2024-07-17T09:48:06.412+0000] {taskinstance.py:1988} DEBUG - <TaskInstance: hive_etl.end manual__2024-07-17T08:54:51.055231+00:00 [None]> dependency 'Previous Dagrun State' PASSED: True, The task did not have depends_on_past set.
[2024-07-17T09:48:06.412+0000] {taskinstance.py:1988} DEBUG - <TaskInstance: hive_etl.end manual__2024-07-17T08:54:51.055231+00:00 [None]> dependency 'Not In Retry Period' PASSED: True, The task instance was not marked for retrying.
[2024-07-17T09:48:06.412+0000] {taskinstance.py:1988} DEBUG - <TaskInstance: hive_etl.load_data_into_hive manual__2024-07-17T08:54:51.055231+00:00 [None]> dependency 'Previous Dagrun State' PASSED: True, The task did not have depends_on_past set.
[2024-07-17T09:48:06.413+0000] {taskinstance.py:1988} DEBUG - <TaskInstance: hive_etl.load_data_into_hive manual__2024-07-17T08:54:51.055231+00:00 [None]> dependency 'Not In Retry Period' PASSED: True, The task instance was not marked for retrying.
[2024-07-17T09:48:06.413+0000] {taskinstance.py:1979} DEBUG - Dependencies all met for dep_context=None ti=<TaskInstance: hive_etl.load_data_into_hive manual__2024-07-17T08:54:51.055231+00:00 [None]>
[2024-07-17T09:48:06.422+0000] {taskinstance.py:3309} INFO - 1 downstream tasks scheduled from follow-on schedule check
