[2024-07-17T14:56:53.350+0000] {taskinstance.py:991} DEBUG - previous_execution_date was called
[2024-07-17T14:56:53.375+0000] {__init__.py:54} DEBUG - Loading core task runner: StandardTaskRunner
[2024-07-17T14:56:53.398+0000] {taskinstance.py:991} DEBUG - previous_execution_date was called
[2024-07-17T14:56:53.403+0000] {base_task_runner.py:72} DEBUG - Planning to run as the  user
[2024-07-17T14:56:53.464+0000] {taskinstance.py:1988} DEBUG - <TaskInstance: hive_etl.extract_from_mysql scheduled__2023-07-23T00:00:00+00:00 [queued]> dependency 'Task Instance State' PASSED: True, Task state queued was valid.
[2024-07-17T14:56:53.464+0000] {taskinstance.py:1988} DEBUG - <TaskInstance: hive_etl.extract_from_mysql scheduled__2023-07-23T00:00:00+00:00 [queued]> dependency 'Task Instance Not Running' PASSED: True, Task is not in running state.
[2024-07-17T14:56:53.465+0000] {taskinstance.py:1988} DEBUG - <TaskInstance: hive_etl.extract_from_mysql scheduled__2023-07-23T00:00:00+00:00 [queued]> dependency 'Previous Dagrun State' PASSED: True, The task did not have depends_on_past set.
[2024-07-17T14:56:53.466+0000] {taskinstance.py:1988} DEBUG - <TaskInstance: hive_etl.extract_from_mysql scheduled__2023-07-23T00:00:00+00:00 [queued]> dependency 'Not In Retry Period' PASSED: True, The task instance was not marked for retrying.
[2024-07-17T14:56:53.466+0000] {taskinstance.py:1979} INFO - Dependencies all met for dep_context=non-requeueable deps ti=<TaskInstance: hive_etl.extract_from_mysql scheduled__2023-07-23T00:00:00+00:00 [queued]>
[2024-07-17T14:56:53.478+0000] {taskinstance.py:1988} DEBUG - <TaskInstance: hive_etl.extract_from_mysql scheduled__2023-07-23T00:00:00+00:00 [queued]> dependency 'Pool Slots Available' PASSED: True, There are enough open slots in default_pool to execute the task
[2024-07-17T14:56:53.484+0000] {taskinstance.py:1988} DEBUG - <TaskInstance: hive_etl.extract_from_mysql scheduled__2023-07-23T00:00:00+00:00 [queued]> dependency 'Task Concurrency' PASSED: True, Task concurrency is not set.
[2024-07-17T14:56:53.489+0000] {taskinstance.py:1988} DEBUG - <TaskInstance: hive_etl.extract_from_mysql scheduled__2023-07-23T00:00:00+00:00 [queued]> dependency 'Previous Dagrun State' PASSED: True, The task did not have depends_on_past set.
[2024-07-17T14:56:53.490+0000] {taskinstance.py:1988} DEBUG - <TaskInstance: hive_etl.extract_from_mysql scheduled__2023-07-23T00:00:00+00:00 [queued]> dependency 'Not In Retry Period' PASSED: True, The task instance was not marked for retrying.
[2024-07-17T14:56:53.491+0000] {taskinstance.py:1979} INFO - Dependencies all met for dep_context=requeueable deps ti=<TaskInstance: hive_etl.extract_from_mysql scheduled__2023-07-23T00:00:00+00:00 [queued]>
[2024-07-17T14:56:53.491+0000] {taskinstance.py:2193} INFO - Starting attempt 2 of 2
[2024-07-17T14:56:53.520+0000] {taskinstance.py:2214} INFO - Executing <Task(PythonOperator): extract_from_mysql> on 2023-07-23 00:00:00+00:00
[2024-07-17T14:56:53.535+0000] {standard_task_runner.py:60} INFO - Started process 478 to run task
[2024-07-17T14:56:53.544+0000] {standard_task_runner.py:87} INFO - Running: ['***', 'tasks', 'run', 'hive_etl', 'extract_from_mysql', 'scheduled__2023-07-23T00:00:00+00:00', '--job-id', '2249', '--raw', '--subdir', 'DAGS_FOLDER/new.py', '--cfg-path', '/tmp/tmpmf3px1ao']
[2024-07-17T14:56:53.546+0000] {standard_task_runner.py:88} INFO - Job 2249: Subtask extract_from_mysql
[2024-07-17T14:56:53.548+0000] {cli_action_loggers.py:67} DEBUG - Calling callbacks: [<function default_action_log at 0x78a73b356f80>]
[2024-07-17T14:56:53.664+0000] {taskinstance.py:991} DEBUG - previous_execution_date was called
[2024-07-17T14:56:53.672+0000] {task_command.py:423} INFO - Running <TaskInstance: hive_etl.extract_from_mysql scheduled__2023-07-23T00:00:00+00:00 [running]> on host 8c50a8ad787d
[2024-07-17T14:56:53.673+0000] {settings.py:386} DEBUG - Disposing DB connection pool (PID 478)
[2024-07-17T14:56:53.678+0000] {settings.py:249} DEBUG - Setting up DB connection pool (PID 478)
[2024-07-17T14:56:53.678+0000] {settings.py:318} DEBUG - settings.prepare_engine_args(): Using NullPool
[2024-07-17T14:56:53.752+0000] {taskinstance.py:991} DEBUG - previous_execution_date was called
[2024-07-17T14:56:53.756+0000] {taskinstance.py:1769} DEBUG - Clearing XCom data
[2024-07-17T14:56:53.764+0000] {retries.py:93} DEBUG - Running RenderedTaskInstanceFields.write with retries. Try 1 of 3
[2024-07-17T14:56:53.813+0000] {retries.py:93} DEBUG - Running RenderedTaskInstanceFields._do_delete_old_records with retries. Try 1 of 3
[2024-07-17T14:56:53.833+0000] {taskinstance.py:2510} INFO - Exporting env vars: AIRFLOW_CTX_DAG_OWNER='***' AIRFLOW_CTX_DAG_ID='hive_etl' AIRFLOW_CTX_TASK_ID='extract_from_mysql' AIRFLOW_CTX_EXECUTION_DATE='2023-07-23T00:00:00+00:00' AIRFLOW_CTX_TRY_NUMBER='2' AIRFLOW_CTX_DAG_RUN_ID='scheduled__2023-07-23T00:00:00+00:00'
[2024-07-17T14:56:53.834+0000] {__init__.py:115} DEBUG - Preparing lineage inlets and outlets
[2024-07-17T14:56:53.835+0000] {__init__.py:154} DEBUG - inlets: [], outlets: []
[2024-07-17T14:56:53.855+0000] {base.py:83} INFO - Using connection ID 'mysql_default' for task execution.
[2024-07-17T14:56:58.568+0000] {job.py:209} DEBUG - [heartbeat]
[2024-07-17T14:57:37.245+0000] {job.py:209} DEBUG - [heartbeat]
[2024-07-17T14:57:42.311+0000] {job.py:209} DEBUG - [heartbeat]
[2024-07-17T14:57:47.370+0000] {job.py:209} DEBUG - [heartbeat]
[2024-07-17T14:57:52.428+0000] {job.py:209} DEBUG - [heartbeat]
[2024-07-17T14:57:57.481+0000] {job.py:209} DEBUG - [heartbeat]
[2024-07-17T14:58:02.538+0000] {job.py:209} DEBUG - [heartbeat]
[2024-07-17T14:58:07.642+0000] {job.py:209} DEBUG - [heartbeat]
