[2024-07-17T09:17:54.529+0000] {taskinstance.py:991} DEBUG - previous_execution_date was called
[2024-07-17T09:17:54.538+0000] {__init__.py:54} DEBUG - Loading core task runner: StandardTaskRunner
[2024-07-17T09:17:54.550+0000] {taskinstance.py:991} DEBUG - previous_execution_date was called
[2024-07-17T09:17:54.552+0000] {base_task_runner.py:72} DEBUG - Planning to run as the  user
[2024-07-17T09:17:54.576+0000] {taskinstance.py:1988} DEBUG - <TaskInstance: hive_etl.create_hive_table scheduled__2023-03-01T00:00:00+00:00 [queued]> dependency 'Not In Retry Period' PASSED: True, The task instance was not marked for retrying.
[2024-07-17T09:17:54.576+0000] {taskinstance.py:1988} DEBUG - <TaskInstance: hive_etl.create_hive_table scheduled__2023-03-01T00:00:00+00:00 [queued]> dependency 'Task Instance State' PASSED: True, Task state queued was valid.
[2024-07-17T09:17:54.576+0000] {taskinstance.py:1988} DEBUG - <TaskInstance: hive_etl.create_hive_table scheduled__2023-03-01T00:00:00+00:00 [queued]> dependency 'Task Instance Not Running' PASSED: True, Task is not in running state.
[2024-07-17T09:17:54.584+0000] {taskinstance.py:1988} DEBUG - <TaskInstance: hive_etl.create_hive_table scheduled__2023-03-01T00:00:00+00:00 [queued]> dependency 'Previous Dagrun State' PASSED: True, The task did not have depends_on_past set.
[2024-07-17T09:17:54.584+0000] {taskinstance.py:1979} INFO - Dependencies all met for dep_context=non-requeueable deps ti=<TaskInstance: hive_etl.create_hive_table scheduled__2023-03-01T00:00:00+00:00 [queued]>
[2024-07-17T09:17:54.584+0000] {taskinstance.py:1988} DEBUG - <TaskInstance: hive_etl.create_hive_table scheduled__2023-03-01T00:00:00+00:00 [queued]> dependency 'Not In Retry Period' PASSED: True, The task instance was not marked for retrying.
[2024-07-17T09:17:54.589+0000] {taskinstance.py:1988} DEBUG - <TaskInstance: hive_etl.create_hive_table scheduled__2023-03-01T00:00:00+00:00 [queued]> dependency 'Pool Slots Available' PASSED: True, There are enough open slots in default_pool to execute the task
[2024-07-17T09:17:54.591+0000] {taskinstance.py:1988} DEBUG - <TaskInstance: hive_etl.create_hive_table scheduled__2023-03-01T00:00:00+00:00 [queued]> dependency 'Task Concurrency' PASSED: True, Task concurrency is not set.
[2024-07-17T09:17:54.594+0000] {taskinstance.py:1988} DEBUG - <TaskInstance: hive_etl.create_hive_table scheduled__2023-03-01T00:00:00+00:00 [queued]> dependency 'Previous Dagrun State' PASSED: True, The task did not have depends_on_past set.
[2024-07-17T09:17:54.594+0000] {taskinstance.py:1979} INFO - Dependencies all met for dep_context=requeueable deps ti=<TaskInstance: hive_etl.create_hive_table scheduled__2023-03-01T00:00:00+00:00 [queued]>
[2024-07-17T09:17:54.595+0000] {taskinstance.py:2193} INFO - Starting attempt 2 of 2
[2024-07-17T09:17:54.609+0000] {taskinstance.py:2214} INFO - Executing <Task(PythonOperator): create_hive_table> on 2023-03-01 00:00:00+00:00
[2024-07-17T09:17:54.617+0000] {standard_task_runner.py:60} INFO - Started process 707 to run task
[2024-07-17T09:17:54.622+0000] {standard_task_runner.py:87} INFO - Running: ['***', 'tasks', 'run', 'hive_etl', 'create_hive_table', 'scheduled__2023-03-01T00:00:00+00:00', '--job-id', '1669', '--raw', '--subdir', 'DAGS_FOLDER/new.py', '--cfg-path', '/tmp/tmplqcl_29j']
[2024-07-17T09:17:54.622+0000] {standard_task_runner.py:88} INFO - Job 1669: Subtask create_hive_table
[2024-07-17T09:17:54.623+0000] {cli_action_loggers.py:67} DEBUG - Calling callbacks: [<function default_action_log at 0x799cf7552f80>]
[2024-07-17T09:17:54.672+0000] {taskinstance.py:991} DEBUG - previous_execution_date was called
[2024-07-17T09:17:54.676+0000] {task_command.py:423} INFO - Running <TaskInstance: hive_etl.create_hive_table scheduled__2023-03-01T00:00:00+00:00 [running]> on host a88c97f6715f
[2024-07-17T09:17:54.676+0000] {settings.py:386} DEBUG - Disposing DB connection pool (PID 707)
[2024-07-17T09:17:54.677+0000] {settings.py:249} DEBUG - Setting up DB connection pool (PID 707)
[2024-07-17T09:17:54.677+0000] {settings.py:318} DEBUG - settings.prepare_engine_args(): Using NullPool
[2024-07-17T09:17:54.712+0000] {taskinstance.py:991} DEBUG - previous_execution_date was called
[2024-07-17T09:17:54.715+0000] {taskinstance.py:1769} DEBUG - Clearing XCom data
[2024-07-17T09:17:54.720+0000] {retries.py:93} DEBUG - Running RenderedTaskInstanceFields.write with retries. Try 1 of 3
[2024-07-17T09:17:54.753+0000] {retries.py:93} DEBUG - Running RenderedTaskInstanceFields._do_delete_old_records with retries. Try 1 of 3
[2024-07-17T09:17:54.767+0000] {taskinstance.py:2510} INFO - Exporting env vars: AIRFLOW_CTX_DAG_OWNER='***' AIRFLOW_CTX_DAG_ID='hive_etl' AIRFLOW_CTX_TASK_ID='create_hive_table' AIRFLOW_CTX_EXECUTION_DATE='2023-03-01T00:00:00+00:00' AIRFLOW_CTX_TRY_NUMBER='2' AIRFLOW_CTX_DAG_RUN_ID='scheduled__2023-03-01T00:00:00+00:00'
[2024-07-17T09:17:54.768+0000] {__init__.py:115} DEBUG - Preparing lineage inlets and outlets
[2024-07-17T09:17:54.768+0000] {__init__.py:154} DEBUG - inlets: [], outlets: []
[2024-07-17T09:17:54.869+0000] {hive.py:609} DEBUG - TOpenSessionResp(status=TStatus(statusCode=0, infoMessages=None, sqlState=None, errorCode=None, errorMessage=None), serverProtocolVersion=5, sessionHandle=TSessionHandle(sessionId=THandleIdentifier(guid=b'/\x98j\xc9[\x9d@A\xb5t{;\x8e"+\xef', secret=b'gX\x19\xac\x12+B\x84\xa4\xdd.\x98\xec,n\xe5')), configuration={'hive.server2.thrift.resultset.default.fetch.size': '1000'})
[2024-07-17T09:17:54.869+0000] {hive.py:475} INFO - USE `default`
[2024-07-17T09:17:54.869+0000] {hive.py:479} DEBUG - TExecuteStatementReq(sessionHandle=TSessionHandle(sessionId=THandleIdentifier(guid=b'/\x98j\xc9[\x9d@A\xb5t{;\x8e"+\xef', secret=b'gX\x19\xac\x12+B\x84\xa4\xdd.\x98\xec,n\xe5')), statement='USE `default`', confOverlay=None, runAsync=False, queryTimeout=0)
[2024-07-17T09:17:55.021+0000] {hive.py:609} DEBUG - TExecuteStatementResp(status=TStatus(statusCode=0, infoMessages=None, sqlState=None, errorCode=None, errorMessage=None), operationHandle=TOperationHandle(operationId=THandleIdentifier(guid=b'\x1e\xb9\x89J\xe6VG\x85\xa7\x84\x9c\x96\x1c\x13\xa5Q', secret=b'\x93\x8b\xf4M\x01\xdeM\xfb\x8fs\x91|\xabm\xcc\x08'), operationType=0, hasResultSet=False, modifiedRowCount=None))
[2024-07-17T09:17:55.024+0000] {hive.py:609} DEBUG - TCloseOperationResp(status=TStatus(statusCode=0, infoMessages=None, sqlState=None, errorCode=None, errorMessage=None))
[2024-07-17T09:17:55.024+0000] {hive.py:475} INFO - 
    CREATE TABLE IF NOT EXISTS my_table (
        id INT,
        name STRING
    )
    ROW FORMAT DELIMITED
    FIELDS TERMINATED BY ','
    STORED AS TEXTFILE
    
[2024-07-17T09:17:55.025+0000] {hive.py:479} DEBUG - TExecuteStatementReq(sessionHandle=TSessionHandle(sessionId=THandleIdentifier(guid=b'/\x98j\xc9[\x9d@A\xb5t{;\x8e"+\xef', secret=b'gX\x19\xac\x12+B\x84\xa4\xdd.\x98\xec,n\xe5')), statement="\n    CREATE TABLE IF NOT EXISTS my_table (\n        id INT,\n        name STRING\n    )\n    ROW FORMAT DELIMITED\n    FIELDS TERMINATED BY ','\n    STORED AS TEXTFILE\n    ", confOverlay=None, runAsync=False, queryTimeout=0)
[2024-07-17T09:17:55.094+0000] {hive.py:609} DEBUG - TExecuteStatementResp(status=TStatus(statusCode=0, infoMessages=None, sqlState=None, errorCode=None, errorMessage=None), operationHandle=TOperationHandle(operationId=THandleIdentifier(guid=b'\xd49\x1f\x87J\xf2IO\x96-\xac\xe0Ix\xe0\xda', secret=b'\x88<A\xef\xbd\xa9A&\x87}\xac\x9e\xe0\xe8\xfb\xc2'), operationType=0, hasResultSet=False, modifiedRowCount=None))
[2024-07-17T09:17:55.102+0000] {hive.py:609} DEBUG - TCloseSessionResp(status=TStatus(statusCode=0, infoMessages=None, sqlState=None, errorCode=None, errorMessage=None))
[2024-07-17T09:17:55.103+0000] {python.py:202} INFO - Done. Returned value was: None
[2024-07-17T09:17:55.104+0000] {__init__.py:73} DEBUG - Lineage called with inlets: [], outlets: []
[2024-07-17T09:17:55.112+0000] {taskinstance.py:549} DEBUG - Clearing next_method and next_kwargs.
[2024-07-17T09:17:55.113+0000] {taskinstance.py:1149} INFO - Marking task as SUCCESS. dag_id=hive_etl, task_id=create_hive_table, execution_date=20230301T000000, start_date=20240717T091754, end_date=20240717T091755
[2024-07-17T09:17:55.113+0000] {taskinstance.py:527} DEBUG - Task Duration set to 0.528182
[2024-07-17T09:17:55.123+0000] {cli_action_loggers.py:85} DEBUG - Calling callbacks: []
[2024-07-17T09:17:55.154+0000] {local_task_job_runner.py:234} INFO - Task exited with return code 0
[2024-07-17T09:17:55.224+0000] {dagrun.py:876} DEBUG - number of tis tasks for <DagRun hive_etl @ 2023-03-01 00:00:00+00:00: scheduled__2023-03-01T00:00:00+00:00, state:running, queued_at: 2024-07-17 09:12:46.633320+00:00. externally triggered: False>: 3 task(s)
[2024-07-17T09:17:55.225+0000] {dagrun.py:897} DEBUG - number of scheduleable tasks for <DagRun hive_etl @ 2023-03-01 00:00:00+00:00: scheduled__2023-03-01T00:00:00+00:00, state:running, queued_at: 2024-07-17 09:12:46.633320+00:00. externally triggered: False>: 2 task(s)
[2024-07-17T09:17:55.225+0000] {taskinstance.py:1988} DEBUG - <TaskInstance: hive_etl.load_data_into_hive scheduled__2023-03-01T00:00:00+00:00 [None]> dependency 'Not In Retry Period' PASSED: True, The task instance was not marked for retrying.
[2024-07-17T09:17:55.226+0000] {taskinstance.py:1988} DEBUG - <TaskInstance: hive_etl.load_data_into_hive scheduled__2023-03-01T00:00:00+00:00 [None]> dependency 'Previous Dagrun State' PASSED: True, The task did not have depends_on_past set.
[2024-07-17T09:17:55.226+0000] {taskinstance.py:1979} DEBUG - Dependencies all met for dep_context=None ti=<TaskInstance: hive_etl.load_data_into_hive scheduled__2023-03-01T00:00:00+00:00 [None]>
[2024-07-17T09:17:55.227+0000] {taskinstance.py:1988} DEBUG - <TaskInstance: hive_etl.end scheduled__2023-03-01T00:00:00+00:00 [None]> dependency 'Not In Retry Period' PASSED: True, The task instance was not marked for retrying.
[2024-07-17T09:17:55.227+0000] {taskinstance.py:1988} DEBUG - <TaskInstance: hive_etl.end scheduled__2023-03-01T00:00:00+00:00 [None]> dependency 'Trigger Rule' PASSED: False, Task's trigger rule 'all_success' requires all upstream tasks to have succeeded, but found 1 non-success(es). upstream_states=_UpstreamTIStates(success=0, skipped=0, failed=0, upstream_failed=0, removed=0, done=0, success_setup=0, skipped_setup=0), upstream_task_ids={'load_data_into_hive'}
[2024-07-17T09:17:55.228+0000] {taskinstance.py:1969} DEBUG - Dependencies not met for <TaskInstance: hive_etl.end scheduled__2023-03-01T00:00:00+00:00 [None]>, dependency 'Trigger Rule' FAILED: Task's trigger rule 'all_success' requires all upstream tasks to have succeeded, but found 1 non-success(es). upstream_states=_UpstreamTIStates(success=0, skipped=0, failed=0, upstream_failed=0, removed=0, done=0, success_setup=0, skipped_setup=0), upstream_task_ids={'load_data_into_hive'}
[2024-07-17T09:17:55.228+0000] {taskinstance.py:1988} DEBUG - <TaskInstance: hive_etl.end scheduled__2023-03-01T00:00:00+00:00 [None]> dependency 'Previous Dagrun State' PASSED: True, The task did not have depends_on_past set.
[2024-07-17T09:17:55.239+0000] {taskinstance.py:3309} INFO - 1 downstream tasks scheduled from follow-on schedule check
