[2024-07-17T09:44:22.189+0000] {taskinstance.py:991} DEBUG - previous_execution_date was called
[2024-07-17T09:44:22.215+0000] {__init__.py:54} DEBUG - Loading core task runner: StandardTaskRunner
[2024-07-17T09:44:22.244+0000] {taskinstance.py:991} DEBUG - previous_execution_date was called
[2024-07-17T09:44:22.247+0000] {base_task_runner.py:72} DEBUG - Planning to run as the  user
[2024-07-17T09:44:22.305+0000] {taskinstance.py:1988} DEBUG - <TaskInstance: hive_etl.create_hive_table scheduled__2023-04-12T00:00:00+00:00 [queued]> dependency 'Task Instance State' PASSED: True, Task state queued was valid.
[2024-07-17T09:44:22.316+0000] {taskinstance.py:1988} DEBUG - <TaskInstance: hive_etl.create_hive_table scheduled__2023-04-12T00:00:00+00:00 [queued]> dependency 'Previous Dagrun State' PASSED: True, The task did not have depends_on_past set.
[2024-07-17T09:44:22.316+0000] {taskinstance.py:1988} DEBUG - <TaskInstance: hive_etl.create_hive_table scheduled__2023-04-12T00:00:00+00:00 [queued]> dependency 'Task Instance Not Running' PASSED: True, Task is not in running state.
[2024-07-17T09:44:22.317+0000] {taskinstance.py:1988} DEBUG - <TaskInstance: hive_etl.create_hive_table scheduled__2023-04-12T00:00:00+00:00 [queued]> dependency 'Not In Retry Period' PASSED: True, The task instance was not marked for retrying.
[2024-07-17T09:44:22.317+0000] {taskinstance.py:1979} INFO - Dependencies all met for dep_context=non-requeueable deps ti=<TaskInstance: hive_etl.create_hive_table scheduled__2023-04-12T00:00:00+00:00 [queued]>
[2024-07-17T09:44:22.324+0000] {taskinstance.py:1988} DEBUG - <TaskInstance: hive_etl.create_hive_table scheduled__2023-04-12T00:00:00+00:00 [queued]> dependency 'Previous Dagrun State' PASSED: True, The task did not have depends_on_past set.
[2024-07-17T09:44:22.330+0000] {taskinstance.py:1988} DEBUG - <TaskInstance: hive_etl.create_hive_table scheduled__2023-04-12T00:00:00+00:00 [queued]> dependency 'Pool Slots Available' PASSED: True, There are enough open slots in default_pool to execute the task
[2024-07-17T09:44:22.331+0000] {taskinstance.py:1988} DEBUG - <TaskInstance: hive_etl.create_hive_table scheduled__2023-04-12T00:00:00+00:00 [queued]> dependency 'Task Concurrency' PASSED: True, Task concurrency is not set.
[2024-07-17T09:44:22.331+0000] {taskinstance.py:1988} DEBUG - <TaskInstance: hive_etl.create_hive_table scheduled__2023-04-12T00:00:00+00:00 [queued]> dependency 'Not In Retry Period' PASSED: True, The task instance was not marked for retrying.
[2024-07-17T09:44:22.332+0000] {taskinstance.py:1979} INFO - Dependencies all met for dep_context=requeueable deps ti=<TaskInstance: hive_etl.create_hive_table scheduled__2023-04-12T00:00:00+00:00 [queued]>
[2024-07-17T09:44:22.332+0000] {taskinstance.py:2193} INFO - Starting attempt 1 of 2
[2024-07-17T09:44:22.362+0000] {taskinstance.py:2214} INFO - Executing <Task(PythonOperator): create_hive_table> on 2023-04-12 00:00:00+00:00
[2024-07-17T09:44:22.375+0000] {standard_task_runner.py:60} INFO - Started process 155 to run task
[2024-07-17T09:44:22.380+0000] {standard_task_runner.py:87} INFO - Running: ['***', 'tasks', 'run', 'hive_etl', 'create_hive_table', 'scheduled__2023-04-12T00:00:00+00:00', '--job-id', '1841', '--raw', '--subdir', 'DAGS_FOLDER/new.py', '--cfg-path', '/tmp/tmpf0u84yyn']
[2024-07-17T09:44:22.382+0000] {standard_task_runner.py:88} INFO - Job 1841: Subtask create_hive_table
[2024-07-17T09:44:22.385+0000] {cli_action_loggers.py:67} DEBUG - Calling callbacks: [<function default_action_log at 0x7a4457f56f80>]
[2024-07-17T09:44:22.494+0000] {taskinstance.py:991} DEBUG - previous_execution_date was called
[2024-07-17T09:44:22.499+0000] {task_command.py:423} INFO - Running <TaskInstance: hive_etl.create_hive_table scheduled__2023-04-12T00:00:00+00:00 [running]> on host d0d849f06491
[2024-07-17T09:44:22.503+0000] {settings.py:386} DEBUG - Disposing DB connection pool (PID 155)
[2024-07-17T09:44:22.505+0000] {settings.py:249} DEBUG - Setting up DB connection pool (PID 155)
[2024-07-17T09:44:22.506+0000] {settings.py:318} DEBUG - settings.prepare_engine_args(): Using NullPool
[2024-07-17T09:44:22.595+0000] {taskinstance.py:991} DEBUG - previous_execution_date was called
[2024-07-17T09:44:22.601+0000] {taskinstance.py:1769} DEBUG - Clearing XCom data
[2024-07-17T09:44:22.607+0000] {retries.py:93} DEBUG - Running RenderedTaskInstanceFields.write with retries. Try 1 of 3
[2024-07-17T09:44:22.675+0000] {retries.py:93} DEBUG - Running RenderedTaskInstanceFields._do_delete_old_records with retries. Try 1 of 3
[2024-07-17T09:44:22.726+0000] {taskinstance.py:2510} INFO - Exporting env vars: AIRFLOW_CTX_DAG_OWNER='***' AIRFLOW_CTX_DAG_ID='hive_etl' AIRFLOW_CTX_TASK_ID='create_hive_table' AIRFLOW_CTX_EXECUTION_DATE='2023-04-12T00:00:00+00:00' AIRFLOW_CTX_TRY_NUMBER='1' AIRFLOW_CTX_DAG_RUN_ID='scheduled__2023-04-12T00:00:00+00:00'
[2024-07-17T09:44:22.730+0000] {__init__.py:115} DEBUG - Preparing lineage inlets and outlets
[2024-07-17T09:44:22.731+0000] {__init__.py:154} DEBUG - inlets: [], outlets: []
[2024-07-17T09:44:23.486+0000] {hive.py:609} DEBUG - TOpenSessionResp(status=TStatus(statusCode=0, infoMessages=None, sqlState=None, errorCode=None, errorMessage=None), serverProtocolVersion=5, sessionHandle=TSessionHandle(sessionId=THandleIdentifier(guid=b'm\xddbN\xc6\xd4L\xcb\xbcy6Y8\x80\xb7O', secret=b'\x8a\x98\xd0\x17\x012@\x1a\xa91\xdc@;&y\xd5')), configuration={'hive.server2.thrift.resultset.default.fetch.size': '1000'})
[2024-07-17T09:44:23.487+0000] {hive.py:475} INFO - USE `default`
[2024-07-17T09:44:23.488+0000] {hive.py:479} DEBUG - TExecuteStatementReq(sessionHandle=TSessionHandle(sessionId=THandleIdentifier(guid=b'm\xddbN\xc6\xd4L\xcb\xbcy6Y8\x80\xb7O', secret=b'\x8a\x98\xd0\x17\x012@\x1a\xa91\xdc@;&y\xd5')), statement='USE `default`', confOverlay=None, runAsync=False, queryTimeout=0)
[2024-07-17T09:44:24.743+0000] {hive.py:609} DEBUG - TExecuteStatementResp(status=TStatus(statusCode=0, infoMessages=None, sqlState=None, errorCode=None, errorMessage=None), operationHandle=TOperationHandle(operationId=THandleIdentifier(guid=b'\xd5\xe7\xdc\x96\x89\xecE\xaf\xa9\x9by}~\xb4\xc3\xd1', secret=b'}\xf0J\xca\x80\x12C\xc7\xae\x0fg(\t\xfdk\xae'), operationType=0, hasResultSet=False, modifiedRowCount=None))
[2024-07-17T09:44:24.745+0000] {hive.py:609} DEBUG - TCloseOperationResp(status=TStatus(statusCode=0, infoMessages=None, sqlState=None, errorCode=None, errorMessage=None))
[2024-07-17T09:44:24.746+0000] {hive.py:475} INFO - 
    CREATE TABLE IF NOT EXISTS my_table (
        id INT,
        name STRING
    )
    ROW FORMAT DELIMITED
    FIELDS TERMINATED BY ','
    STORED AS TEXTFILE
    
[2024-07-17T09:44:24.746+0000] {hive.py:479} DEBUG - TExecuteStatementReq(sessionHandle=TSessionHandle(sessionId=THandleIdentifier(guid=b'm\xddbN\xc6\xd4L\xcb\xbcy6Y8\x80\xb7O', secret=b'\x8a\x98\xd0\x17\x012@\x1a\xa91\xdc@;&y\xd5')), statement="\n    CREATE TABLE IF NOT EXISTS my_table (\n        id INT,\n        name STRING\n    )\n    ROW FORMAT DELIMITED\n    FIELDS TERMINATED BY ','\n    STORED AS TEXTFILE\n    ", confOverlay=None, runAsync=False, queryTimeout=0)
[2024-07-17T09:44:27.432+0000] {job.py:209} DEBUG - [heartbeat]
[2024-07-17T09:44:28.164+0000] {hive.py:609} DEBUG - TExecuteStatementResp(status=TStatus(statusCode=0, infoMessages=None, sqlState=None, errorCode=None, errorMessage=None), operationHandle=TOperationHandle(operationId=THandleIdentifier(guid=b'\x95E\x1b\x8a\xa8fN\xd2\xb1\x1b\xcdlC\x9aa0', secret=b'2\xb6\x93y\xa3jH\xed\xb0G\x01\xb3qp\xed\x03'), operationType=0, hasResultSet=False, modifiedRowCount=None))
[2024-07-17T09:44:28.185+0000] {hive.py:609} DEBUG - TCloseSessionResp(status=TStatus(statusCode=0, infoMessages=None, sqlState=None, errorCode=None, errorMessage=None))
[2024-07-17T09:44:28.185+0000] {python.py:202} INFO - Done. Returned value was: None
[2024-07-17T09:44:28.186+0000] {__init__.py:73} DEBUG - Lineage called with inlets: [], outlets: []
[2024-07-17T09:44:28.219+0000] {taskinstance.py:549} DEBUG - Clearing next_method and next_kwargs.
[2024-07-17T09:44:28.219+0000] {taskinstance.py:1149} INFO - Marking task as SUCCESS. dag_id=hive_etl, task_id=create_hive_table, execution_date=20230412T000000, start_date=20240717T094422, end_date=20240717T094428
[2024-07-17T09:44:28.220+0000] {taskinstance.py:527} DEBUG - Task Duration set to 5.901817
[2024-07-17T09:44:28.250+0000] {cli_action_loggers.py:85} DEBUG - Calling callbacks: []
[2024-07-17T09:44:28.298+0000] {local_task_job_runner.py:234} INFO - Task exited with return code 0
[2024-07-17T09:44:28.525+0000] {dagrun.py:876} DEBUG - number of tis tasks for <DagRun hive_etl @ 2023-04-12 00:00:00+00:00: scheduled__2023-04-12T00:00:00+00:00, state:running, queued_at: 2024-07-17 09:44:16.962888+00:00. externally triggered: False>: 3 task(s)
[2024-07-17T09:44:28.526+0000] {dagrun.py:897} DEBUG - number of scheduleable tasks for <DagRun hive_etl @ 2023-04-12 00:00:00+00:00: scheduled__2023-04-12T00:00:00+00:00, state:running, queued_at: 2024-07-17 09:44:16.962888+00:00. externally triggered: False>: 1 task(s)
[2024-07-17T09:44:28.527+0000] {taskinstance.py:1988} DEBUG - <TaskInstance: hive_etl.end scheduled__2023-04-12T00:00:00+00:00 [None]> dependency 'Trigger Rule' PASSED: False, Task's trigger rule 'all_success' requires all upstream tasks to have succeeded, but found 1 non-success(es). upstream_states=_UpstreamTIStates(success=0, skipped=0, failed=0, upstream_failed=0, removed=0, done=0, success_setup=0, skipped_setup=0), upstream_task_ids={'load_data_into_hive'}
[2024-07-17T09:44:28.527+0000] {taskinstance.py:1969} DEBUG - Dependencies not met for <TaskInstance: hive_etl.end scheduled__2023-04-12T00:00:00+00:00 [None]>, dependency 'Trigger Rule' FAILED: Task's trigger rule 'all_success' requires all upstream tasks to have succeeded, but found 1 non-success(es). upstream_states=_UpstreamTIStates(success=0, skipped=0, failed=0, upstream_failed=0, removed=0, done=0, success_setup=0, skipped_setup=0), upstream_task_ids={'load_data_into_hive'}
[2024-07-17T09:44:28.527+0000] {taskinstance.py:1988} DEBUG - <TaskInstance: hive_etl.end scheduled__2023-04-12T00:00:00+00:00 [None]> dependency 'Previous Dagrun State' PASSED: True, The task did not have depends_on_past set.
[2024-07-17T09:44:28.528+0000] {taskinstance.py:1988} DEBUG - <TaskInstance: hive_etl.end scheduled__2023-04-12T00:00:00+00:00 [None]> dependency 'Not In Retry Period' PASSED: True, The task instance was not marked for retrying.
[2024-07-17T09:44:28.545+0000] {taskinstance.py:3309} INFO - 0 downstream tasks scheduled from follow-on schedule check
