[2024-07-17T09:17:56.517+0000] {taskinstance.py:991} DEBUG - previous_execution_date was called
[2024-07-17T09:17:56.535+0000] {__init__.py:54} DEBUG - Loading core task runner: StandardTaskRunner
[2024-07-17T09:17:56.551+0000] {taskinstance.py:991} DEBUG - previous_execution_date was called
[2024-07-17T09:17:56.555+0000] {base_task_runner.py:72} DEBUG - Planning to run as the  user
[2024-07-17T09:17:56.584+0000] {taskinstance.py:1988} DEBUG - <TaskInstance: hive_etl.create_hive_table scheduled__2023-03-05T00:00:00+00:00 [queued]> dependency 'Not In Retry Period' PASSED: True, The task instance was not marked for retrying.
[2024-07-17T09:17:56.585+0000] {taskinstance.py:1988} DEBUG - <TaskInstance: hive_etl.create_hive_table scheduled__2023-03-05T00:00:00+00:00 [queued]> dependency 'Task Instance State' PASSED: True, Task state queued was valid.
[2024-07-17T09:17:56.586+0000] {taskinstance.py:1988} DEBUG - <TaskInstance: hive_etl.create_hive_table scheduled__2023-03-05T00:00:00+00:00 [queued]> dependency 'Task Instance Not Running' PASSED: True, Task is not in running state.
[2024-07-17T09:17:56.601+0000] {taskinstance.py:1988} DEBUG - <TaskInstance: hive_etl.create_hive_table scheduled__2023-03-05T00:00:00+00:00 [queued]> dependency 'Previous Dagrun State' PASSED: True, The task did not have depends_on_past set.
[2024-07-17T09:17:56.602+0000] {taskinstance.py:1979} INFO - Dependencies all met for dep_context=non-requeueable deps ti=<TaskInstance: hive_etl.create_hive_table scheduled__2023-03-05T00:00:00+00:00 [queued]>
[2024-07-17T09:17:56.602+0000] {taskinstance.py:1988} DEBUG - <TaskInstance: hive_etl.create_hive_table scheduled__2023-03-05T00:00:00+00:00 [queued]> dependency 'Not In Retry Period' PASSED: True, The task instance was not marked for retrying.
[2024-07-17T09:17:56.610+0000] {taskinstance.py:1988} DEBUG - <TaskInstance: hive_etl.create_hive_table scheduled__2023-03-05T00:00:00+00:00 [queued]> dependency 'Pool Slots Available' PASSED: True, There are enough open slots in default_pool to execute the task
[2024-07-17T09:17:56.614+0000] {taskinstance.py:1988} DEBUG - <TaskInstance: hive_etl.create_hive_table scheduled__2023-03-05T00:00:00+00:00 [queued]> dependency 'Task Concurrency' PASSED: True, Task concurrency is not set.
[2024-07-17T09:17:56.618+0000] {taskinstance.py:1988} DEBUG - <TaskInstance: hive_etl.create_hive_table scheduled__2023-03-05T00:00:00+00:00 [queued]> dependency 'Previous Dagrun State' PASSED: True, The task did not have depends_on_past set.
[2024-07-17T09:17:56.619+0000] {taskinstance.py:1979} INFO - Dependencies all met for dep_context=requeueable deps ti=<TaskInstance: hive_etl.create_hive_table scheduled__2023-03-05T00:00:00+00:00 [queued]>
[2024-07-17T09:17:56.619+0000] {taskinstance.py:2193} INFO - Starting attempt 2 of 2
[2024-07-17T09:17:56.639+0000] {taskinstance.py:2214} INFO - Executing <Task(PythonOperator): create_hive_table> on 2023-03-05 00:00:00+00:00
[2024-07-17T09:17:56.650+0000] {standard_task_runner.py:60} INFO - Started process 724 to run task
[2024-07-17T09:17:56.655+0000] {standard_task_runner.py:87} INFO - Running: ['***', 'tasks', 'run', 'hive_etl', 'create_hive_table', 'scheduled__2023-03-05T00:00:00+00:00', '--job-id', '1670', '--raw', '--subdir', 'DAGS_FOLDER/new.py', '--cfg-path', '/tmp/tmpwonh4opp']
[2024-07-17T09:17:56.656+0000] {standard_task_runner.py:88} INFO - Job 1670: Subtask create_hive_table
[2024-07-17T09:17:56.658+0000] {cli_action_loggers.py:67} DEBUG - Calling callbacks: [<function default_action_log at 0x799cf7552f80>]
[2024-07-17T09:17:56.721+0000] {taskinstance.py:991} DEBUG - previous_execution_date was called
[2024-07-17T09:17:56.725+0000] {task_command.py:423} INFO - Running <TaskInstance: hive_etl.create_hive_table scheduled__2023-03-05T00:00:00+00:00 [running]> on host a88c97f6715f
[2024-07-17T09:17:56.726+0000] {settings.py:386} DEBUG - Disposing DB connection pool (PID 724)
[2024-07-17T09:17:56.726+0000] {settings.py:249} DEBUG - Setting up DB connection pool (PID 724)
[2024-07-17T09:17:56.726+0000] {settings.py:318} DEBUG - settings.prepare_engine_args(): Using NullPool
[2024-07-17T09:17:56.766+0000] {taskinstance.py:991} DEBUG - previous_execution_date was called
[2024-07-17T09:17:56.769+0000] {taskinstance.py:1769} DEBUG - Clearing XCom data
[2024-07-17T09:17:56.776+0000] {retries.py:93} DEBUG - Running RenderedTaskInstanceFields.write with retries. Try 1 of 3
[2024-07-17T09:17:56.809+0000] {retries.py:93} DEBUG - Running RenderedTaskInstanceFields._do_delete_old_records with retries. Try 1 of 3
[2024-07-17T09:17:56.824+0000] {taskinstance.py:2510} INFO - Exporting env vars: AIRFLOW_CTX_DAG_OWNER='***' AIRFLOW_CTX_DAG_ID='hive_etl' AIRFLOW_CTX_TASK_ID='create_hive_table' AIRFLOW_CTX_EXECUTION_DATE='2023-03-05T00:00:00+00:00' AIRFLOW_CTX_TRY_NUMBER='2' AIRFLOW_CTX_DAG_RUN_ID='scheduled__2023-03-05T00:00:00+00:00'
[2024-07-17T09:17:56.825+0000] {__init__.py:115} DEBUG - Preparing lineage inlets and outlets
[2024-07-17T09:17:56.826+0000] {__init__.py:154} DEBUG - inlets: [], outlets: []
[2024-07-17T09:17:56.940+0000] {hive.py:609} DEBUG - TOpenSessionResp(status=TStatus(statusCode=0, infoMessages=None, sqlState=None, errorCode=None, errorMessage=None), serverProtocolVersion=5, sessionHandle=TSessionHandle(sessionId=THandleIdentifier(guid=b'f\xd8\x8e8\xd3=L\xa5\xa2WM\xa9\x1c\x9e\xe4K', secret=b'ii%Z\xc3\xaeO\xd6\xb1<\x83\xa41\xb2\xc3\x8d')), configuration={'hive.server2.thrift.resultset.default.fetch.size': '1000'})
[2024-07-17T09:17:56.940+0000] {hive.py:475} INFO - USE `default`
[2024-07-17T09:17:56.940+0000] {hive.py:479} DEBUG - TExecuteStatementReq(sessionHandle=TSessionHandle(sessionId=THandleIdentifier(guid=b'f\xd8\x8e8\xd3=L\xa5\xa2WM\xa9\x1c\x9e\xe4K', secret=b'ii%Z\xc3\xaeO\xd6\xb1<\x83\xa41\xb2\xc3\x8d')), statement='USE `default`', confOverlay=None, runAsync=False, queryTimeout=0)
[2024-07-17T09:17:57.029+0000] {hive.py:609} DEBUG - TExecuteStatementResp(status=TStatus(statusCode=0, infoMessages=None, sqlState=None, errorCode=None, errorMessage=None), operationHandle=TOperationHandle(operationId=THandleIdentifier(guid=b'\xe9,H\x1c\x17\xfdG\xa9\x87\x02x\xde\xcb3U\xf0', secret=b'KT\xaa L\x99NE\xa7\xb8q\xdf\xec\xf0L\xe0'), operationType=0, hasResultSet=False, modifiedRowCount=None))
[2024-07-17T09:17:57.031+0000] {hive.py:609} DEBUG - TCloseOperationResp(status=TStatus(statusCode=0, infoMessages=None, sqlState=None, errorCode=None, errorMessage=None))
[2024-07-17T09:17:57.032+0000] {hive.py:475} INFO - 
    CREATE TABLE IF NOT EXISTS my_table (
        id INT,
        name STRING
    )
    ROW FORMAT DELIMITED
    FIELDS TERMINATED BY ','
    STORED AS TEXTFILE
    
[2024-07-17T09:17:57.033+0000] {hive.py:479} DEBUG - TExecuteStatementReq(sessionHandle=TSessionHandle(sessionId=THandleIdentifier(guid=b'f\xd8\x8e8\xd3=L\xa5\xa2WM\xa9\x1c\x9e\xe4K', secret=b'ii%Z\xc3\xaeO\xd6\xb1<\x83\xa41\xb2\xc3\x8d')), statement="\n    CREATE TABLE IF NOT EXISTS my_table (\n        id INT,\n        name STRING\n    )\n    ROW FORMAT DELIMITED\n    FIELDS TERMINATED BY ','\n    STORED AS TEXTFILE\n    ", confOverlay=None, runAsync=False, queryTimeout=0)
[2024-07-17T09:17:57.126+0000] {hive.py:609} DEBUG - TExecuteStatementResp(status=TStatus(statusCode=0, infoMessages=None, sqlState=None, errorCode=None, errorMessage=None), operationHandle=TOperationHandle(operationId=THandleIdentifier(guid=b'|\xec\n\x11M\xe1DW\xa3W\x90\xe5\x8b\xc0\xb0\xa8', secret=b'\x17\xa2\xe3\x10p8Bz\x93\xe5\xcc\x1d\x8f\xaf\n\xa9'), operationType=0, hasResultSet=False, modifiedRowCount=None))
[2024-07-17T09:17:57.133+0000] {hive.py:609} DEBUG - TCloseSessionResp(status=TStatus(statusCode=0, infoMessages=None, sqlState=None, errorCode=None, errorMessage=None))
[2024-07-17T09:17:57.133+0000] {python.py:202} INFO - Done. Returned value was: None
[2024-07-17T09:17:57.134+0000] {__init__.py:73} DEBUG - Lineage called with inlets: [], outlets: []
[2024-07-17T09:17:57.144+0000] {taskinstance.py:549} DEBUG - Clearing next_method and next_kwargs.
[2024-07-17T09:17:57.145+0000] {taskinstance.py:1149} INFO - Marking task as SUCCESS. dag_id=hive_etl, task_id=create_hive_table, execution_date=20230305T000000, start_date=20240717T091756, end_date=20240717T091757
[2024-07-17T09:17:57.145+0000] {taskinstance.py:527} DEBUG - Task Duration set to 0.542361
[2024-07-17T09:17:57.160+0000] {cli_action_loggers.py:85} DEBUG - Calling callbacks: []
[2024-07-17T09:17:57.189+0000] {local_task_job_runner.py:234} INFO - Task exited with return code 0
[2024-07-17T09:17:57.213+0000] {dagrun.py:876} DEBUG - number of tis tasks for <DagRun hive_etl @ 2023-03-05 00:00:00+00:00: scheduled__2023-03-05T00:00:00+00:00, state:running, queued_at: 2024-07-17 09:12:47.783068+00:00. externally triggered: False>: 3 task(s)
[2024-07-17T09:17:57.214+0000] {dagrun.py:897} DEBUG - number of scheduleable tasks for <DagRun hive_etl @ 2023-03-05 00:00:00+00:00: scheduled__2023-03-05T00:00:00+00:00, state:running, queued_at: 2024-07-17 09:12:47.783068+00:00. externally triggered: False>: 2 task(s)
[2024-07-17T09:17:57.214+0000] {taskinstance.py:1988} DEBUG - <TaskInstance: hive_etl.load_data_into_hive scheduled__2023-03-05T00:00:00+00:00 [None]> dependency 'Not In Retry Period' PASSED: True, The task instance was not marked for retrying.
[2024-07-17T09:17:57.215+0000] {taskinstance.py:1988} DEBUG - <TaskInstance: hive_etl.load_data_into_hive scheduled__2023-03-05T00:00:00+00:00 [None]> dependency 'Previous Dagrun State' PASSED: True, The task did not have depends_on_past set.
[2024-07-17T09:17:57.216+0000] {taskinstance.py:1979} DEBUG - Dependencies all met for dep_context=None ti=<TaskInstance: hive_etl.load_data_into_hive scheduled__2023-03-05T00:00:00+00:00 [None]>
[2024-07-17T09:17:57.216+0000] {taskinstance.py:1988} DEBUG - <TaskInstance: hive_etl.end scheduled__2023-03-05T00:00:00+00:00 [None]> dependency 'Not In Retry Period' PASSED: True, The task instance was not marked for retrying.
[2024-07-17T09:17:57.217+0000] {taskinstance.py:1988} DEBUG - <TaskInstance: hive_etl.end scheduled__2023-03-05T00:00:00+00:00 [None]> dependency 'Trigger Rule' PASSED: False, Task's trigger rule 'all_success' requires all upstream tasks to have succeeded, but found 1 non-success(es). upstream_states=_UpstreamTIStates(success=0, skipped=0, failed=0, upstream_failed=0, removed=0, done=0, success_setup=0, skipped_setup=0), upstream_task_ids={'load_data_into_hive'}
[2024-07-17T09:17:57.217+0000] {taskinstance.py:1969} DEBUG - Dependencies not met for <TaskInstance: hive_etl.end scheduled__2023-03-05T00:00:00+00:00 [None]>, dependency 'Trigger Rule' FAILED: Task's trigger rule 'all_success' requires all upstream tasks to have succeeded, but found 1 non-success(es). upstream_states=_UpstreamTIStates(success=0, skipped=0, failed=0, upstream_failed=0, removed=0, done=0, success_setup=0, skipped_setup=0), upstream_task_ids={'load_data_into_hive'}
[2024-07-17T09:17:57.217+0000] {taskinstance.py:1988} DEBUG - <TaskInstance: hive_etl.end scheduled__2023-03-05T00:00:00+00:00 [None]> dependency 'Previous Dagrun State' PASSED: True, The task did not have depends_on_past set.
[2024-07-17T09:17:57.233+0000] {taskinstance.py:3309} INFO - 1 downstream tasks scheduled from follow-on schedule check
