[2024-07-11T08:36:57.722+0000] {logging_mixin.py:188} INFO - [2024-07-11T08:36:57.722+0000] {settings.py:249} DEBUG - Setting up DB connection pool (PID 39)
[2024-07-11T08:36:57.723+0000] {logging_mixin.py:188} INFO - [2024-07-11T08:36:57.723+0000] {settings.py:350} DEBUG - settings.prepare_engine_args(): Using pool settings. pool_size=5, max_overflow=10, pool_recycle=1800, pid=39
[2024-07-11T08:36:57.725+0000] {processor.py:161} INFO - Started process (PID=39) to work on /opt/airflow/dags/ex.py
[2024-07-11T08:36:57.726+0000] {processor.py:830} INFO - Processing file /opt/airflow/dags/ex.py for tasks to queue
[2024-07-11T08:36:57.726+0000] {logging_mixin.py:188} INFO - [2024-07-11T08:36:57.726+0000] {dagbag.py:540} INFO - Filling up the DagBag from /opt/airflow/dags/ex.py
[2024-07-11T08:36:57.727+0000] {logging_mixin.py:188} INFO - [2024-07-11T08:36:57.727+0000] {dagbag.py:332} DEBUG - Importing /opt/airflow/dags/ex.py
[2024-07-11T08:36:57.730+0000] {logging_mixin.py:188} INFO - [2024-07-11T08:36:57.730+0000] {GetText.py:65} DEBUG - /home/airflow/.local/lib/python3.10/site-packages/cron_descriptor/locale/en_US.mo Loaded
[2024-07-11T08:36:57.733+0000] {logging_mixin.py:188} INFO - [2024-07-11T08:36:57.732+0000] {GetText.py:65} DEBUG - /home/airflow/.local/lib/python3.10/site-packages/cron_descriptor/locale/en_US.mo Loaded
[2024-07-11T08:36:57.743+0000] {logging_mixin.py:188} INFO - [2024-07-11T08:36:57.742+0000] {dagbag.py:506} DEBUG - Loaded DAG <DAG: hello_world_dag>
[2024-07-11T08:36:57.743+0000] {processor.py:840} INFO - DAG(s) 'hello_world_dag' retrieved from /opt/airflow/dags/ex.py
[2024-07-11T08:36:57.757+0000] {logging_mixin.py:188} INFO - [2024-07-11T08:36:57.757+0000] {dagbag.py:662} DEBUG - Running dagbag.sync_to_db with retries. Try 1 of 3
[2024-07-11T08:36:57.757+0000] {logging_mixin.py:188} INFO - [2024-07-11T08:36:57.757+0000] {dagbag.py:667} DEBUG - Calling the DAG.bulk_sync_to_db method
[2024-07-11T08:36:57.767+0000] {logging_mixin.py:188} INFO - [2024-07-11T08:36:57.767+0000] {serialized_dag.py:165} DEBUG - Checking if DAG (hello_world_dag) changed
[2024-07-11T08:36:57.800+0000] {logging_mixin.py:188} INFO - [2024-07-11T08:36:57.800+0000] {serialized_dag.py:179} DEBUG - Writing Serialized DAG: hello_world_dag to the DB
[2024-07-11T08:36:57.804+0000] {logging_mixin.py:188} INFO - [2024-07-11T08:36:57.804+0000] {serialized_dag.py:181} DEBUG - DAG: hello_world_dag written to the DB
[2024-07-11T08:36:57.804+0000] {logging_mixin.py:188} INFO - [2024-07-11T08:36:57.804+0000] {dagbag.py:696} DEBUG - Syncing DAG permissions: hello_world_dag to the DB
[2024-07-11T08:36:58.004+0000] {logging_mixin.py:188} INFO - [2024-07-11T08:36:58.004+0000] {override.py:1034} DEBUG - Not syncing DAG-level permissions for DAG 'DAG:hello_world_dag' as access control is unset.
[2024-07-11T08:36:58.005+0000] {logging_mixin.py:188} INFO - [2024-07-11T08:36:58.005+0000] {dag.py:3047} INFO - Sync 1 DAGs
[2024-07-11T08:36:58.040+0000] {logging_mixin.py:188} INFO - [2024-07-11T08:36:58.040+0000] {dag.py:3834} INFO - Setting next_dagrun for hello_world_dag to 2024-07-10 00:00:00+00:00, run_after=2024-07-11 00:00:00+00:00
[2024-07-11T08:36:58.067+0000] {processor.py:183} INFO - Processing /opt/airflow/dags/ex.py took 0.346 seconds
[2024-07-11T08:37:28.107+0000] {logging_mixin.py:188} INFO - [2024-07-11T08:37:28.106+0000] {settings.py:249} DEBUG - Setting up DB connection pool (PID 96)
[2024-07-11T08:37:28.107+0000] {logging_mixin.py:188} INFO - [2024-07-11T08:37:28.107+0000] {settings.py:350} DEBUG - settings.prepare_engine_args(): Using pool settings. pool_size=5, max_overflow=10, pool_recycle=1800, pid=96
[2024-07-11T08:37:28.109+0000] {processor.py:161} INFO - Started process (PID=96) to work on /opt/airflow/dags/ex.py
[2024-07-11T08:37:28.109+0000] {processor.py:830} INFO - Processing file /opt/airflow/dags/ex.py for tasks to queue
[2024-07-11T08:37:28.110+0000] {logging_mixin.py:188} INFO - [2024-07-11T08:37:28.109+0000] {dagbag.py:540} INFO - Filling up the DagBag from /opt/airflow/dags/ex.py
[2024-07-11T08:37:28.110+0000] {logging_mixin.py:188} INFO - [2024-07-11T08:37:28.110+0000] {dagbag.py:332} DEBUG - Importing /opt/airflow/dags/ex.py
[2024-07-11T08:37:28.113+0000] {logging_mixin.py:188} INFO - [2024-07-11T08:37:28.113+0000] {GetText.py:65} DEBUG - /home/airflow/.local/lib/python3.10/site-packages/cron_descriptor/locale/en_US.mo Loaded
[2024-07-11T08:37:28.115+0000] {logging_mixin.py:188} INFO - [2024-07-11T08:37:28.115+0000] {GetText.py:65} DEBUG - /home/airflow/.local/lib/python3.10/site-packages/cron_descriptor/locale/en_US.mo Loaded
[2024-07-11T08:37:28.115+0000] {logging_mixin.py:188} INFO - [2024-07-11T08:37:28.115+0000] {dagbag.py:506} DEBUG - Loaded DAG <DAG: hello_world_dag>
[2024-07-11T08:37:28.115+0000] {processor.py:840} INFO - DAG(s) 'hello_world_dag' retrieved from /opt/airflow/dags/ex.py
[2024-07-11T08:37:28.116+0000] {logging_mixin.py:188} INFO - [2024-07-11T08:37:28.116+0000] {dagbag.py:662} DEBUG - Running dagbag.sync_to_db with retries. Try 1 of 3
[2024-07-11T08:37:28.116+0000] {logging_mixin.py:188} INFO - [2024-07-11T08:37:28.116+0000] {dagbag.py:667} DEBUG - Calling the DAG.bulk_sync_to_db method
[2024-07-11T08:37:28.124+0000] {logging_mixin.py:188} INFO - [2024-07-11T08:37:28.124+0000] {serialized_dag.py:165} DEBUG - Checking if DAG (hello_world_dag) changed
[2024-07-11T08:37:28.129+0000] {logging_mixin.py:188} INFO - [2024-07-11T08:37:28.128+0000] {serialized_dag.py:176} DEBUG - Serialized DAG (hello_world_dag) is unchanged. Skipping writing to DB
[2024-07-11T08:37:28.129+0000] {logging_mixin.py:188} INFO - [2024-07-11T08:37:28.129+0000] {dag.py:3047} INFO - Sync 1 DAGs
[2024-07-11T08:37:28.145+0000] {logging_mixin.py:188} INFO - [2024-07-11T08:37:28.145+0000] {dag.py:3834} INFO - Setting next_dagrun for hello_world_dag to 2024-07-11 00:00:00+00:00, run_after=2024-07-12 00:00:00+00:00
[2024-07-11T08:37:28.157+0000] {processor.py:183} INFO - Processing /opt/airflow/dags/ex.py took 0.051 seconds
[2024-07-11T08:37:58.311+0000] {logging_mixin.py:188} INFO - [2024-07-11T08:37:58.309+0000] {settings.py:249} DEBUG - Setting up DB connection pool (PID 151)
[2024-07-11T08:37:58.322+0000] {logging_mixin.py:188} INFO - [2024-07-11T08:37:58.322+0000] {settings.py:350} DEBUG - settings.prepare_engine_args(): Using pool settings. pool_size=5, max_overflow=10, pool_recycle=1800, pid=151
[2024-07-11T08:37:58.326+0000] {processor.py:161} INFO - Started process (PID=151) to work on /opt/airflow/dags/ex.py
[2024-07-11T08:37:58.326+0000] {processor.py:830} INFO - Processing file /opt/airflow/dags/ex.py for tasks to queue
[2024-07-11T08:37:58.327+0000] {logging_mixin.py:188} INFO - [2024-07-11T08:37:58.327+0000] {dagbag.py:540} INFO - Filling up the DagBag from /opt/airflow/dags/ex.py
[2024-07-11T08:37:58.328+0000] {logging_mixin.py:188} INFO - [2024-07-11T08:37:58.328+0000] {dagbag.py:332} DEBUG - Importing /opt/airflow/dags/ex.py
[2024-07-11T08:37:58.331+0000] {logging_mixin.py:188} INFO - [2024-07-11T08:37:58.331+0000] {GetText.py:65} DEBUG - /home/airflow/.local/lib/python3.10/site-packages/cron_descriptor/locale/en_US.mo Loaded
[2024-07-11T08:37:58.335+0000] {logging_mixin.py:188} INFO - [2024-07-11T08:37:58.335+0000] {GetText.py:65} DEBUG - /home/airflow/.local/lib/python3.10/site-packages/cron_descriptor/locale/en_US.mo Loaded
[2024-07-11T08:37:58.336+0000] {logging_mixin.py:188} INFO - [2024-07-11T08:37:58.336+0000] {dagbag.py:506} DEBUG - Loaded DAG <DAG: hello_world_dag>
[2024-07-11T08:37:58.337+0000] {processor.py:840} INFO - DAG(s) 'hello_world_dag' retrieved from /opt/airflow/dags/ex.py
[2024-07-11T08:37:58.338+0000] {logging_mixin.py:188} INFO - [2024-07-11T08:37:58.338+0000] {dagbag.py:662} DEBUG - Running dagbag.sync_to_db with retries. Try 1 of 3
[2024-07-11T08:37:58.338+0000] {logging_mixin.py:188} INFO - [2024-07-11T08:37:58.338+0000] {dagbag.py:667} DEBUG - Calling the DAG.bulk_sync_to_db method
[2024-07-11T08:37:58.350+0000] {logging_mixin.py:188} INFO - [2024-07-11T08:37:58.349+0000] {serialized_dag.py:165} DEBUG - Checking if DAG (hello_world_dag) changed
[2024-07-11T08:37:58.357+0000] {logging_mixin.py:188} INFO - [2024-07-11T08:37:58.356+0000] {serialized_dag.py:176} DEBUG - Serialized DAG (hello_world_dag) is unchanged. Skipping writing to DB
[2024-07-11T08:37:58.357+0000] {logging_mixin.py:188} INFO - [2024-07-11T08:37:58.357+0000] {dag.py:3047} INFO - Sync 1 DAGs
[2024-07-11T08:37:58.375+0000] {logging_mixin.py:188} INFO - [2024-07-11T08:37:58.375+0000] {dag.py:3834} INFO - Setting next_dagrun for hello_world_dag to 2024-07-11 00:00:00+00:00, run_after=2024-07-12 00:00:00+00:00
[2024-07-11T08:37:58.387+0000] {processor.py:183} INFO - Processing /opt/airflow/dags/ex.py took 0.078 seconds
[2024-07-11T08:38:28.426+0000] {logging_mixin.py:188} INFO - [2024-07-11T08:38:28.424+0000] {settings.py:249} DEBUG - Setting up DB connection pool (PID 207)
[2024-07-11T08:38:28.430+0000] {logging_mixin.py:188} INFO - [2024-07-11T08:38:28.429+0000] {settings.py:350} DEBUG - settings.prepare_engine_args(): Using pool settings. pool_size=5, max_overflow=10, pool_recycle=1800, pid=207
[2024-07-11T08:38:28.434+0000] {processor.py:161} INFO - Started process (PID=207) to work on /opt/airflow/dags/ex.py
[2024-07-11T08:38:28.435+0000] {processor.py:830} INFO - Processing file /opt/airflow/dags/ex.py for tasks to queue
[2024-07-11T08:38:28.436+0000] {logging_mixin.py:188} INFO - [2024-07-11T08:38:28.436+0000] {dagbag.py:540} INFO - Filling up the DagBag from /opt/airflow/dags/ex.py
[2024-07-11T08:38:28.438+0000] {logging_mixin.py:188} INFO - [2024-07-11T08:38:28.438+0000] {dagbag.py:332} DEBUG - Importing /opt/airflow/dags/ex.py
[2024-07-11T08:38:28.441+0000] {logging_mixin.py:188} INFO - [2024-07-11T08:38:28.440+0000] {GetText.py:65} DEBUG - /home/airflow/.local/lib/python3.10/site-packages/cron_descriptor/locale/en_US.mo Loaded
[2024-07-11T08:38:28.443+0000] {logging_mixin.py:188} INFO - [2024-07-11T08:38:28.443+0000] {GetText.py:65} DEBUG - /home/airflow/.local/lib/python3.10/site-packages/cron_descriptor/locale/en_US.mo Loaded
[2024-07-11T08:38:28.443+0000] {logging_mixin.py:188} INFO - [2024-07-11T08:38:28.443+0000] {dagbag.py:506} DEBUG - Loaded DAG <DAG: hello_world_dag>
[2024-07-11T08:38:28.444+0000] {processor.py:840} INFO - DAG(s) 'hello_world_dag' retrieved from /opt/airflow/dags/ex.py
[2024-07-11T08:38:28.444+0000] {logging_mixin.py:188} INFO - [2024-07-11T08:38:28.444+0000] {dagbag.py:662} DEBUG - Running dagbag.sync_to_db with retries. Try 1 of 3
[2024-07-11T08:38:28.444+0000] {logging_mixin.py:188} INFO - [2024-07-11T08:38:28.444+0000] {dagbag.py:667} DEBUG - Calling the DAG.bulk_sync_to_db method
[2024-07-11T08:38:28.453+0000] {logging_mixin.py:188} INFO - [2024-07-11T08:38:28.453+0000] {serialized_dag.py:165} DEBUG - Checking if DAG (hello_world_dag) changed
[2024-07-11T08:38:28.458+0000] {logging_mixin.py:188} INFO - [2024-07-11T08:38:28.458+0000] {serialized_dag.py:176} DEBUG - Serialized DAG (hello_world_dag) is unchanged. Skipping writing to DB
[2024-07-11T08:38:28.458+0000] {logging_mixin.py:188} INFO - [2024-07-11T08:38:28.458+0000] {dag.py:3047} INFO - Sync 1 DAGs
[2024-07-11T08:38:28.473+0000] {logging_mixin.py:188} INFO - [2024-07-11T08:38:28.473+0000] {dag.py:3834} INFO - Setting next_dagrun for hello_world_dag to 2024-07-11 00:00:00+00:00, run_after=2024-07-12 00:00:00+00:00
[2024-07-11T08:38:28.485+0000] {processor.py:183} INFO - Processing /opt/airflow/dags/ex.py took 0.061 seconds
[2024-07-11T08:38:58.645+0000] {logging_mixin.py:188} INFO - [2024-07-11T08:38:58.644+0000] {settings.py:249} DEBUG - Setting up DB connection pool (PID 263)
[2024-07-11T08:38:58.656+0000] {logging_mixin.py:188} INFO - [2024-07-11T08:38:58.656+0000] {settings.py:350} DEBUG - settings.prepare_engine_args(): Using pool settings. pool_size=5, max_overflow=10, pool_recycle=1800, pid=263
[2024-07-11T08:38:58.659+0000] {processor.py:161} INFO - Started process (PID=263) to work on /opt/airflow/dags/ex.py
[2024-07-11T08:38:58.660+0000] {processor.py:830} INFO - Processing file /opt/airflow/dags/ex.py for tasks to queue
[2024-07-11T08:38:58.660+0000] {logging_mixin.py:188} INFO - [2024-07-11T08:38:58.660+0000] {dagbag.py:540} INFO - Filling up the DagBag from /opt/airflow/dags/ex.py
[2024-07-11T08:38:58.662+0000] {logging_mixin.py:188} INFO - [2024-07-11T08:38:58.661+0000] {dagbag.py:332} DEBUG - Importing /opt/airflow/dags/ex.py
[2024-07-11T08:38:58.664+0000] {logging_mixin.py:188} INFO - [2024-07-11T08:38:58.664+0000] {GetText.py:65} DEBUG - /home/airflow/.local/lib/python3.10/site-packages/cron_descriptor/locale/en_US.mo Loaded
[2024-07-11T08:38:58.667+0000] {logging_mixin.py:188} INFO - [2024-07-11T08:38:58.667+0000] {GetText.py:65} DEBUG - /home/airflow/.local/lib/python3.10/site-packages/cron_descriptor/locale/en_US.mo Loaded
[2024-07-11T08:38:58.668+0000] {logging_mixin.py:188} INFO - [2024-07-11T08:38:58.668+0000] {dagbag.py:506} DEBUG - Loaded DAG <DAG: hello_world_dag>
[2024-07-11T08:38:58.668+0000] {processor.py:840} INFO - DAG(s) 'hello_world_dag' retrieved from /opt/airflow/dags/ex.py
[2024-07-11T08:38:58.669+0000] {logging_mixin.py:188} INFO - [2024-07-11T08:38:58.669+0000] {dagbag.py:662} DEBUG - Running dagbag.sync_to_db with retries. Try 1 of 3
[2024-07-11T08:38:58.669+0000] {logging_mixin.py:188} INFO - [2024-07-11T08:38:58.669+0000] {dagbag.py:667} DEBUG - Calling the DAG.bulk_sync_to_db method
[2024-07-11T08:38:58.677+0000] {logging_mixin.py:188} INFO - [2024-07-11T08:38:58.677+0000] {serialized_dag.py:165} DEBUG - Checking if DAG (hello_world_dag) changed
[2024-07-11T08:38:58.683+0000] {logging_mixin.py:188} INFO - [2024-07-11T08:38:58.682+0000] {serialized_dag.py:176} DEBUG - Serialized DAG (hello_world_dag) is unchanged. Skipping writing to DB
[2024-07-11T08:38:58.683+0000] {logging_mixin.py:188} INFO - [2024-07-11T08:38:58.683+0000] {dag.py:3047} INFO - Sync 1 DAGs
[2024-07-11T08:38:58.699+0000] {logging_mixin.py:188} INFO - [2024-07-11T08:38:58.699+0000] {dag.py:3834} INFO - Setting next_dagrun for hello_world_dag to 2024-07-11 00:00:00+00:00, run_after=2024-07-12 00:00:00+00:00
[2024-07-11T08:38:58.714+0000] {processor.py:183} INFO - Processing /opt/airflow/dags/ex.py took 0.070 seconds
[2024-07-11T08:39:28.994+0000] {logging_mixin.py:188} INFO - [2024-07-11T08:39:28.992+0000] {settings.py:249} DEBUG - Setting up DB connection pool (PID 319)
[2024-07-11T08:39:29.006+0000] {logging_mixin.py:188} INFO - [2024-07-11T08:39:29.006+0000] {settings.py:350} DEBUG - settings.prepare_engine_args(): Using pool settings. pool_size=5, max_overflow=10, pool_recycle=1800, pid=319
[2024-07-11T08:39:29.010+0000] {processor.py:161} INFO - Started process (PID=319) to work on /opt/airflow/dags/ex.py
[2024-07-11T08:39:29.011+0000] {processor.py:830} INFO - Processing file /opt/airflow/dags/ex.py for tasks to queue
[2024-07-11T08:39:29.012+0000] {logging_mixin.py:188} INFO - [2024-07-11T08:39:29.011+0000] {dagbag.py:540} INFO - Filling up the DagBag from /opt/airflow/dags/ex.py
[2024-07-11T08:39:29.013+0000] {logging_mixin.py:188} INFO - [2024-07-11T08:39:29.013+0000] {dagbag.py:332} DEBUG - Importing /opt/airflow/dags/ex.py
[2024-07-11T08:39:29.016+0000] {logging_mixin.py:188} INFO - [2024-07-11T08:39:29.016+0000] {GetText.py:65} DEBUG - /home/airflow/.local/lib/python3.10/site-packages/cron_descriptor/locale/en_US.mo Loaded
[2024-07-11T08:39:29.019+0000] {logging_mixin.py:188} INFO - [2024-07-11T08:39:29.019+0000] {GetText.py:65} DEBUG - /home/airflow/.local/lib/python3.10/site-packages/cron_descriptor/locale/en_US.mo Loaded
[2024-07-11T08:39:29.020+0000] {logging_mixin.py:188} INFO - [2024-07-11T08:39:29.020+0000] {dagbag.py:506} DEBUG - Loaded DAG <DAG: hello_world_dag>
[2024-07-11T08:39:29.020+0000] {processor.py:840} INFO - DAG(s) 'hello_world_dag' retrieved from /opt/airflow/dags/ex.py
[2024-07-11T08:39:29.021+0000] {logging_mixin.py:188} INFO - [2024-07-11T08:39:29.021+0000] {dagbag.py:662} DEBUG - Running dagbag.sync_to_db with retries. Try 1 of 3
[2024-07-11T08:39:29.021+0000] {logging_mixin.py:188} INFO - [2024-07-11T08:39:29.021+0000] {dagbag.py:667} DEBUG - Calling the DAG.bulk_sync_to_db method
[2024-07-11T08:39:29.030+0000] {logging_mixin.py:188} INFO - [2024-07-11T08:39:29.030+0000] {serialized_dag.py:165} DEBUG - Checking if DAG (hello_world_dag) changed
[2024-07-11T08:39:29.036+0000] {logging_mixin.py:188} INFO - [2024-07-11T08:39:29.036+0000] {serialized_dag.py:176} DEBUG - Serialized DAG (hello_world_dag) is unchanged. Skipping writing to DB
[2024-07-11T08:39:29.036+0000] {logging_mixin.py:188} INFO - [2024-07-11T08:39:29.036+0000] {dag.py:3047} INFO - Sync 1 DAGs
[2024-07-11T08:39:29.053+0000] {logging_mixin.py:188} INFO - [2024-07-11T08:39:29.053+0000] {dag.py:3834} INFO - Setting next_dagrun for hello_world_dag to 2024-07-11 00:00:00+00:00, run_after=2024-07-12 00:00:00+00:00
[2024-07-11T08:39:29.066+0000] {processor.py:183} INFO - Processing /opt/airflow/dags/ex.py took 0.074 seconds
[2024-07-11T08:39:59.221+0000] {logging_mixin.py:188} INFO - [2024-07-11T08:39:59.220+0000] {settings.py:249} DEBUG - Setting up DB connection pool (PID 375)
[2024-07-11T08:39:59.232+0000] {logging_mixin.py:188} INFO - [2024-07-11T08:39:59.232+0000] {settings.py:350} DEBUG - settings.prepare_engine_args(): Using pool settings. pool_size=5, max_overflow=10, pool_recycle=1800, pid=375
[2024-07-11T08:39:59.235+0000] {processor.py:161} INFO - Started process (PID=375) to work on /opt/airflow/dags/ex.py
[2024-07-11T08:39:59.235+0000] {processor.py:830} INFO - Processing file /opt/airflow/dags/ex.py for tasks to queue
[2024-07-11T08:39:59.236+0000] {logging_mixin.py:188} INFO - [2024-07-11T08:39:59.236+0000] {dagbag.py:540} INFO - Filling up the DagBag from /opt/airflow/dags/ex.py
[2024-07-11T08:39:59.237+0000] {logging_mixin.py:188} INFO - [2024-07-11T08:39:59.237+0000] {dagbag.py:332} DEBUG - Importing /opt/airflow/dags/ex.py
[2024-07-11T08:39:59.241+0000] {logging_mixin.py:188} INFO - [2024-07-11T08:39:59.241+0000] {GetText.py:65} DEBUG - /home/airflow/.local/lib/python3.10/site-packages/cron_descriptor/locale/en_US.mo Loaded
[2024-07-11T08:39:59.245+0000] {logging_mixin.py:188} INFO - [2024-07-11T08:39:59.245+0000] {GetText.py:65} DEBUG - /home/airflow/.local/lib/python3.10/site-packages/cron_descriptor/locale/en_US.mo Loaded
[2024-07-11T08:39:59.246+0000] {logging_mixin.py:188} INFO - [2024-07-11T08:39:59.246+0000] {dagbag.py:506} DEBUG - Loaded DAG <DAG: hello_world_dag>
[2024-07-11T08:39:59.246+0000] {processor.py:840} INFO - DAG(s) 'hello_world_dag' retrieved from /opt/airflow/dags/ex.py
[2024-07-11T08:39:59.247+0000] {logging_mixin.py:188} INFO - [2024-07-11T08:39:59.247+0000] {dagbag.py:662} DEBUG - Running dagbag.sync_to_db with retries. Try 1 of 3
[2024-07-11T08:39:59.247+0000] {logging_mixin.py:188} INFO - [2024-07-11T08:39:59.247+0000] {dagbag.py:667} DEBUG - Calling the DAG.bulk_sync_to_db method
[2024-07-11T08:39:59.256+0000] {logging_mixin.py:188} INFO - [2024-07-11T08:39:59.255+0000] {serialized_dag.py:165} DEBUG - Checking if DAG (hello_world_dag) changed
[2024-07-11T08:39:59.262+0000] {logging_mixin.py:188} INFO - [2024-07-11T08:39:59.262+0000] {serialized_dag.py:176} DEBUG - Serialized DAG (hello_world_dag) is unchanged. Skipping writing to DB
[2024-07-11T08:39:59.263+0000] {logging_mixin.py:188} INFO - [2024-07-11T08:39:59.263+0000] {dag.py:3047} INFO - Sync 1 DAGs
[2024-07-11T08:39:59.285+0000] {logging_mixin.py:188} INFO - [2024-07-11T08:39:59.285+0000] {dag.py:3834} INFO - Setting next_dagrun for hello_world_dag to 2024-07-11 00:00:00+00:00, run_after=2024-07-12 00:00:00+00:00
[2024-07-11T08:39:59.303+0000] {processor.py:183} INFO - Processing /opt/airflow/dags/ex.py took 0.084 seconds
[2024-07-11T08:41:12.027+0000] {logging_mixin.py:188} INFO - [2024-07-11T08:41:12.027+0000] {settings.py:249} DEBUG - Setting up DB connection pool (PID 39)
[2024-07-11T08:41:12.029+0000] {logging_mixin.py:188} INFO - [2024-07-11T08:41:12.028+0000] {settings.py:350} DEBUG - settings.prepare_engine_args(): Using pool settings. pool_size=5, max_overflow=10, pool_recycle=1800, pid=39
[2024-07-11T08:41:12.030+0000] {processor.py:161} INFO - Started process (PID=39) to work on /opt/airflow/dags/ex.py
[2024-07-11T08:41:12.031+0000] {processor.py:830} INFO - Processing file /opt/airflow/dags/ex.py for tasks to queue
[2024-07-11T08:41:12.031+0000] {logging_mixin.py:188} INFO - [2024-07-11T08:41:12.031+0000] {dagbag.py:540} INFO - Filling up the DagBag from /opt/airflow/dags/ex.py
[2024-07-11T08:41:12.032+0000] {logging_mixin.py:188} INFO - [2024-07-11T08:41:12.032+0000] {dagbag.py:332} DEBUG - Importing /opt/airflow/dags/ex.py
[2024-07-11T08:41:12.035+0000] {logging_mixin.py:188} INFO - [2024-07-11T08:41:12.035+0000] {GetText.py:65} DEBUG - /home/airflow/.local/lib/python3.10/site-packages/cron_descriptor/locale/en_US.mo Loaded
[2024-07-11T08:41:12.037+0000] {logging_mixin.py:188} INFO - [2024-07-11T08:41:12.037+0000] {GetText.py:65} DEBUG - /home/airflow/.local/lib/python3.10/site-packages/cron_descriptor/locale/en_US.mo Loaded
[2024-07-11T08:41:12.048+0000] {logging_mixin.py:188} INFO - [2024-07-11T08:41:12.047+0000] {dagbag.py:506} DEBUG - Loaded DAG <DAG: hello_world_dag>
[2024-07-11T08:41:12.048+0000] {processor.py:840} INFO - DAG(s) 'hello_world_dag' retrieved from /opt/airflow/dags/ex.py
[2024-07-11T08:41:12.067+0000] {logging_mixin.py:188} INFO - [2024-07-11T08:41:12.066+0000] {dagbag.py:662} DEBUG - Running dagbag.sync_to_db with retries. Try 1 of 3
[2024-07-11T08:41:12.067+0000] {logging_mixin.py:188} INFO - [2024-07-11T08:41:12.067+0000] {dagbag.py:667} DEBUG - Calling the DAG.bulk_sync_to_db method
[2024-07-11T08:41:12.076+0000] {logging_mixin.py:188} INFO - [2024-07-11T08:41:12.076+0000] {serialized_dag.py:165} DEBUG - Checking if DAG (hello_world_dag) changed
[2024-07-11T08:41:12.098+0000] {logging_mixin.py:188} INFO - [2024-07-11T08:41:12.098+0000] {serialized_dag.py:179} DEBUG - Writing Serialized DAG: hello_world_dag to the DB
[2024-07-11T08:41:12.101+0000] {logging_mixin.py:188} INFO - [2024-07-11T08:41:12.101+0000] {serialized_dag.py:181} DEBUG - DAG: hello_world_dag written to the DB
[2024-07-11T08:41:12.102+0000] {logging_mixin.py:188} INFO - [2024-07-11T08:41:12.101+0000] {dagbag.py:696} DEBUG - Syncing DAG permissions: hello_world_dag to the DB
[2024-07-11T08:41:12.299+0000] {logging_mixin.py:188} INFO - [2024-07-11T08:41:12.298+0000] {override.py:1034} DEBUG - Not syncing DAG-level permissions for DAG 'DAG:hello_world_dag' as access control is unset.
[2024-07-11T08:41:12.299+0000] {logging_mixin.py:188} INFO - [2024-07-11T08:41:12.299+0000] {dag.py:3047} INFO - Sync 1 DAGs
[2024-07-11T08:41:12.325+0000] {logging_mixin.py:188} INFO - [2024-07-11T08:41:12.325+0000] {dag.py:3834} INFO - Setting next_dagrun for hello_world_dag to 2024-07-11 00:00:00+00:00, run_after=2024-07-12 00:00:00+00:00
[2024-07-11T08:41:12.348+0000] {processor.py:183} INFO - Processing /opt/airflow/dags/ex.py took 0.322 seconds
[2024-07-11T08:41:42.818+0000] {logging_mixin.py:188} INFO - [2024-07-11T08:41:42.816+0000] {settings.py:249} DEBUG - Setting up DB connection pool (PID 95)
[2024-07-11T08:41:42.829+0000] {logging_mixin.py:188} INFO - [2024-07-11T08:41:42.829+0000] {settings.py:350} DEBUG - settings.prepare_engine_args(): Using pool settings. pool_size=5, max_overflow=10, pool_recycle=1800, pid=95
[2024-07-11T08:41:42.831+0000] {processor.py:161} INFO - Started process (PID=95) to work on /opt/airflow/dags/ex.py
[2024-07-11T08:41:42.831+0000] {processor.py:830} INFO - Processing file /opt/airflow/dags/ex.py for tasks to queue
[2024-07-11T08:41:42.832+0000] {logging_mixin.py:188} INFO - [2024-07-11T08:41:42.832+0000] {dagbag.py:540} INFO - Filling up the DagBag from /opt/airflow/dags/ex.py
[2024-07-11T08:41:42.833+0000] {logging_mixin.py:188} INFO - [2024-07-11T08:41:42.833+0000] {dagbag.py:332} DEBUG - Importing /opt/airflow/dags/ex.py
[2024-07-11T08:41:42.835+0000] {logging_mixin.py:188} INFO - [2024-07-11T08:41:42.835+0000] {GetText.py:65} DEBUG - /home/airflow/.local/lib/python3.10/site-packages/cron_descriptor/locale/en_US.mo Loaded
[2024-07-11T08:41:42.838+0000] {logging_mixin.py:188} INFO - [2024-07-11T08:41:42.837+0000] {GetText.py:65} DEBUG - /home/airflow/.local/lib/python3.10/site-packages/cron_descriptor/locale/en_US.mo Loaded
[2024-07-11T08:41:42.838+0000] {logging_mixin.py:188} INFO - [2024-07-11T08:41:42.838+0000] {dagbag.py:506} DEBUG - Loaded DAG <DAG: hello_world_dag>
[2024-07-11T08:41:42.838+0000] {processor.py:840} INFO - DAG(s) 'hello_world_dag' retrieved from /opt/airflow/dags/ex.py
[2024-07-11T08:41:42.839+0000] {logging_mixin.py:188} INFO - [2024-07-11T08:41:42.839+0000] {dagbag.py:662} DEBUG - Running dagbag.sync_to_db with retries. Try 1 of 3
[2024-07-11T08:41:42.839+0000] {logging_mixin.py:188} INFO - [2024-07-11T08:41:42.839+0000] {dagbag.py:667} DEBUG - Calling the DAG.bulk_sync_to_db method
[2024-07-11T08:41:42.847+0000] {logging_mixin.py:188} INFO - [2024-07-11T08:41:42.847+0000] {serialized_dag.py:165} DEBUG - Checking if DAG (hello_world_dag) changed
[2024-07-11T08:41:42.852+0000] {logging_mixin.py:188} INFO - [2024-07-11T08:41:42.852+0000] {serialized_dag.py:176} DEBUG - Serialized DAG (hello_world_dag) is unchanged. Skipping writing to DB
[2024-07-11T08:41:42.852+0000] {logging_mixin.py:188} INFO - [2024-07-11T08:41:42.852+0000] {dag.py:3047} INFO - Sync 1 DAGs
[2024-07-11T08:41:42.867+0000] {logging_mixin.py:188} INFO - [2024-07-11T08:41:42.866+0000] {dag.py:3834} INFO - Setting next_dagrun for hello_world_dag to 2024-07-11 00:00:00+00:00, run_after=2024-07-12 00:00:00+00:00
[2024-07-11T08:41:42.879+0000] {processor.py:183} INFO - Processing /opt/airflow/dags/ex.py took 0.063 seconds
[2024-07-11T08:42:13.040+0000] {logging_mixin.py:188} INFO - [2024-07-11T08:42:13.039+0000] {settings.py:249} DEBUG - Setting up DB connection pool (PID 151)
[2024-07-11T08:42:13.051+0000] {logging_mixin.py:188} INFO - [2024-07-11T08:42:13.051+0000] {settings.py:350} DEBUG - settings.prepare_engine_args(): Using pool settings. pool_size=5, max_overflow=10, pool_recycle=1800, pid=151
[2024-07-11T08:42:13.053+0000] {processor.py:161} INFO - Started process (PID=151) to work on /opt/airflow/dags/ex.py
[2024-07-11T08:42:13.053+0000] {processor.py:830} INFO - Processing file /opt/airflow/dags/ex.py for tasks to queue
[2024-07-11T08:42:13.053+0000] {logging_mixin.py:188} INFO - [2024-07-11T08:42:13.053+0000] {dagbag.py:540} INFO - Filling up the DagBag from /opt/airflow/dags/ex.py
[2024-07-11T08:42:13.054+0000] {logging_mixin.py:188} INFO - [2024-07-11T08:42:13.054+0000] {dagbag.py:332} DEBUG - Importing /opt/airflow/dags/ex.py
[2024-07-11T08:42:13.056+0000] {logging_mixin.py:188} INFO - [2024-07-11T08:42:13.056+0000] {GetText.py:65} DEBUG - /home/airflow/.local/lib/python3.10/site-packages/cron_descriptor/locale/en_US.mo Loaded
[2024-07-11T08:42:13.059+0000] {logging_mixin.py:188} INFO - [2024-07-11T08:42:13.059+0000] {GetText.py:65} DEBUG - /home/airflow/.local/lib/python3.10/site-packages/cron_descriptor/locale/en_US.mo Loaded
[2024-07-11T08:42:13.060+0000] {logging_mixin.py:188} INFO - [2024-07-11T08:42:13.059+0000] {dagbag.py:506} DEBUG - Loaded DAG <DAG: hello_world_dag>
[2024-07-11T08:42:13.060+0000] {processor.py:840} INFO - DAG(s) 'hello_world_dag' retrieved from /opt/airflow/dags/ex.py
[2024-07-11T08:42:13.061+0000] {logging_mixin.py:188} INFO - [2024-07-11T08:42:13.060+0000] {dagbag.py:662} DEBUG - Running dagbag.sync_to_db with retries. Try 1 of 3
[2024-07-11T08:42:13.061+0000] {logging_mixin.py:188} INFO - [2024-07-11T08:42:13.061+0000] {dagbag.py:667} DEBUG - Calling the DAG.bulk_sync_to_db method
[2024-07-11T08:42:13.069+0000] {logging_mixin.py:188} INFO - [2024-07-11T08:42:13.069+0000] {serialized_dag.py:165} DEBUG - Checking if DAG (hello_world_dag) changed
[2024-07-11T08:42:13.074+0000] {logging_mixin.py:188} INFO - [2024-07-11T08:42:13.074+0000] {serialized_dag.py:176} DEBUG - Serialized DAG (hello_world_dag) is unchanged. Skipping writing to DB
[2024-07-11T08:42:13.074+0000] {logging_mixin.py:188} INFO - [2024-07-11T08:42:13.074+0000] {dag.py:3047} INFO - Sync 1 DAGs
[2024-07-11T08:42:13.091+0000] {logging_mixin.py:188} INFO - [2024-07-11T08:42:13.091+0000] {dag.py:3834} INFO - Setting next_dagrun for hello_world_dag to 2024-07-11 00:00:00+00:00, run_after=2024-07-12 00:00:00+00:00
[2024-07-11T08:42:13.105+0000] {processor.py:183} INFO - Processing /opt/airflow/dags/ex.py took 0.066 seconds
[2024-07-11T08:42:43.306+0000] {logging_mixin.py:188} INFO - [2024-07-11T08:42:43.304+0000] {settings.py:249} DEBUG - Setting up DB connection pool (PID 207)
[2024-07-11T08:42:43.318+0000] {logging_mixin.py:188} INFO - [2024-07-11T08:42:43.318+0000] {settings.py:350} DEBUG - settings.prepare_engine_args(): Using pool settings. pool_size=5, max_overflow=10, pool_recycle=1800, pid=207
[2024-07-11T08:42:43.321+0000] {processor.py:161} INFO - Started process (PID=207) to work on /opt/airflow/dags/ex.py
[2024-07-11T08:42:43.322+0000] {processor.py:830} INFO - Processing file /opt/airflow/dags/ex.py for tasks to queue
[2024-07-11T08:42:43.322+0000] {logging_mixin.py:188} INFO - [2024-07-11T08:42:43.322+0000] {dagbag.py:540} INFO - Filling up the DagBag from /opt/airflow/dags/ex.py
[2024-07-11T08:42:43.323+0000] {logging_mixin.py:188} INFO - [2024-07-11T08:42:43.323+0000] {dagbag.py:332} DEBUG - Importing /opt/airflow/dags/ex.py
[2024-07-11T08:42:43.327+0000] {logging_mixin.py:188} INFO - [2024-07-11T08:42:43.327+0000] {GetText.py:65} DEBUG - /home/airflow/.local/lib/python3.10/site-packages/cron_descriptor/locale/en_US.mo Loaded
[2024-07-11T08:42:43.330+0000] {logging_mixin.py:188} INFO - [2024-07-11T08:42:43.330+0000] {GetText.py:65} DEBUG - /home/airflow/.local/lib/python3.10/site-packages/cron_descriptor/locale/en_US.mo Loaded
[2024-07-11T08:42:43.331+0000] {logging_mixin.py:188} INFO - [2024-07-11T08:42:43.330+0000] {dagbag.py:506} DEBUG - Loaded DAG <DAG: hello_world_dag>
[2024-07-11T08:42:43.331+0000] {processor.py:840} INFO - DAG(s) 'hello_world_dag' retrieved from /opt/airflow/dags/ex.py
[2024-07-11T08:42:43.332+0000] {logging_mixin.py:188} INFO - [2024-07-11T08:42:43.332+0000] {dagbag.py:662} DEBUG - Running dagbag.sync_to_db with retries. Try 1 of 3
[2024-07-11T08:42:43.332+0000] {logging_mixin.py:188} INFO - [2024-07-11T08:42:43.332+0000] {dagbag.py:667} DEBUG - Calling the DAG.bulk_sync_to_db method
[2024-07-11T08:42:43.340+0000] {logging_mixin.py:188} INFO - [2024-07-11T08:42:43.340+0000] {serialized_dag.py:165} DEBUG - Checking if DAG (hello_world_dag) changed
[2024-07-11T08:42:43.347+0000] {logging_mixin.py:188} INFO - [2024-07-11T08:42:43.347+0000] {serialized_dag.py:176} DEBUG - Serialized DAG (hello_world_dag) is unchanged. Skipping writing to DB
[2024-07-11T08:42:43.348+0000] {logging_mixin.py:188} INFO - [2024-07-11T08:42:43.348+0000] {dag.py:3047} INFO - Sync 1 DAGs
[2024-07-11T08:42:43.368+0000] {logging_mixin.py:188} INFO - [2024-07-11T08:42:43.367+0000] {dag.py:3834} INFO - Setting next_dagrun for hello_world_dag to 2024-07-11 00:00:00+00:00, run_after=2024-07-12 00:00:00+00:00
[2024-07-11T08:42:43.381+0000] {processor.py:183} INFO - Processing /opt/airflow/dags/ex.py took 0.077 seconds
[2024-07-11T08:43:13.494+0000] {logging_mixin.py:188} INFO - [2024-07-11T08:43:13.494+0000] {settings.py:249} DEBUG - Setting up DB connection pool (PID 263)
[2024-07-11T08:43:13.496+0000] {logging_mixin.py:188} INFO - [2024-07-11T08:43:13.496+0000] {settings.py:350} DEBUG - settings.prepare_engine_args(): Using pool settings. pool_size=5, max_overflow=10, pool_recycle=1800, pid=263
[2024-07-11T08:43:13.498+0000] {processor.py:161} INFO - Started process (PID=263) to work on /opt/airflow/dags/ex.py
[2024-07-11T08:43:13.499+0000] {processor.py:830} INFO - Processing file /opt/airflow/dags/ex.py for tasks to queue
[2024-07-11T08:43:13.499+0000] {logging_mixin.py:188} INFO - [2024-07-11T08:43:13.499+0000] {dagbag.py:540} INFO - Filling up the DagBag from /opt/airflow/dags/ex.py
[2024-07-11T08:43:13.500+0000] {logging_mixin.py:188} INFO - [2024-07-11T08:43:13.500+0000] {dagbag.py:332} DEBUG - Importing /opt/airflow/dags/ex.py
[2024-07-11T08:43:13.504+0000] {logging_mixin.py:188} INFO - [2024-07-11T08:43:13.503+0000] {GetText.py:65} DEBUG - /home/airflow/.local/lib/python3.10/site-packages/cron_descriptor/locale/en_US.mo Loaded
[2024-07-11T08:43:13.506+0000] {logging_mixin.py:188} INFO - [2024-07-11T08:43:13.506+0000] {GetText.py:65} DEBUG - /home/airflow/.local/lib/python3.10/site-packages/cron_descriptor/locale/en_US.mo Loaded
[2024-07-11T08:43:13.508+0000] {logging_mixin.py:188} INFO - [2024-07-11T08:43:13.507+0000] {dagbag.py:506} DEBUG - Loaded DAG <DAG: hello_world_dag>
[2024-07-11T08:43:13.508+0000] {processor.py:840} INFO - DAG(s) 'hello_world_dag' retrieved from /opt/airflow/dags/ex.py
[2024-07-11T08:43:13.509+0000] {logging_mixin.py:188} INFO - [2024-07-11T08:43:13.509+0000] {dagbag.py:662} DEBUG - Running dagbag.sync_to_db with retries. Try 1 of 3
[2024-07-11T08:43:13.510+0000] {logging_mixin.py:188} INFO - [2024-07-11T08:43:13.509+0000] {dagbag.py:667} DEBUG - Calling the DAG.bulk_sync_to_db method
[2024-07-11T08:43:13.518+0000] {logging_mixin.py:188} INFO - [2024-07-11T08:43:13.518+0000] {serialized_dag.py:165} DEBUG - Checking if DAG (hello_world_dag) changed
[2024-07-11T08:43:13.526+0000] {logging_mixin.py:188} INFO - [2024-07-11T08:43:13.526+0000] {serialized_dag.py:176} DEBUG - Serialized DAG (hello_world_dag) is unchanged. Skipping writing to DB
[2024-07-11T08:43:13.527+0000] {logging_mixin.py:188} INFO - [2024-07-11T08:43:13.527+0000] {dag.py:3047} INFO - Sync 1 DAGs
[2024-07-11T08:43:13.551+0000] {logging_mixin.py:188} INFO - [2024-07-11T08:43:13.551+0000] {dag.py:3834} INFO - Setting next_dagrun for hello_world_dag to 2024-07-11 00:00:00+00:00, run_after=2024-07-12 00:00:00+00:00
[2024-07-11T08:43:13.569+0000] {processor.py:183} INFO - Processing /opt/airflow/dags/ex.py took 0.075 seconds
[2024-07-11T08:43:43.687+0000] {logging_mixin.py:188} INFO - [2024-07-11T08:43:43.687+0000] {settings.py:249} DEBUG - Setting up DB connection pool (PID 319)
[2024-07-11T08:43:43.699+0000] {logging_mixin.py:188} INFO - [2024-07-11T08:43:43.699+0000] {settings.py:350} DEBUG - settings.prepare_engine_args(): Using pool settings. pool_size=5, max_overflow=10, pool_recycle=1800, pid=319
[2024-07-11T08:43:43.701+0000] {processor.py:161} INFO - Started process (PID=319) to work on /opt/airflow/dags/ex.py
[2024-07-11T08:43:43.701+0000] {processor.py:830} INFO - Processing file /opt/airflow/dags/ex.py for tasks to queue
[2024-07-11T08:43:43.702+0000] {logging_mixin.py:188} INFO - [2024-07-11T08:43:43.702+0000] {dagbag.py:540} INFO - Filling up the DagBag from /opt/airflow/dags/ex.py
[2024-07-11T08:43:43.703+0000] {logging_mixin.py:188} INFO - [2024-07-11T08:43:43.702+0000] {dagbag.py:332} DEBUG - Importing /opt/airflow/dags/ex.py
[2024-07-11T08:43:43.707+0000] {logging_mixin.py:188} INFO - [2024-07-11T08:43:43.707+0000] {GetText.py:65} DEBUG - /home/airflow/.local/lib/python3.10/site-packages/cron_descriptor/locale/en_US.mo Loaded
[2024-07-11T08:43:43.709+0000] {logging_mixin.py:188} INFO - [2024-07-11T08:43:43.709+0000] {GetText.py:65} DEBUG - /home/airflow/.local/lib/python3.10/site-packages/cron_descriptor/locale/en_US.mo Loaded
[2024-07-11T08:43:43.710+0000] {logging_mixin.py:188} INFO - [2024-07-11T08:43:43.710+0000] {dagbag.py:506} DEBUG - Loaded DAG <DAG: hello_world_dag>
[2024-07-11T08:43:43.710+0000] {processor.py:840} INFO - DAG(s) 'hello_world_dag' retrieved from /opt/airflow/dags/ex.py
[2024-07-11T08:43:43.712+0000] {logging_mixin.py:188} INFO - [2024-07-11T08:43:43.711+0000] {dagbag.py:662} DEBUG - Running dagbag.sync_to_db with retries. Try 1 of 3
[2024-07-11T08:43:43.712+0000] {logging_mixin.py:188} INFO - [2024-07-11T08:43:43.712+0000] {dagbag.py:667} DEBUG - Calling the DAG.bulk_sync_to_db method
[2024-07-11T08:43:43.722+0000] {logging_mixin.py:188} INFO - [2024-07-11T08:43:43.721+0000] {serialized_dag.py:165} DEBUG - Checking if DAG (hello_world_dag) changed
[2024-07-11T08:43:43.728+0000] {logging_mixin.py:188} INFO - [2024-07-11T08:43:43.728+0000] {serialized_dag.py:176} DEBUG - Serialized DAG (hello_world_dag) is unchanged. Skipping writing to DB
[2024-07-11T08:43:43.728+0000] {logging_mixin.py:188} INFO - [2024-07-11T08:43:43.728+0000] {dag.py:3047} INFO - Sync 1 DAGs
[2024-07-11T08:43:43.747+0000] {logging_mixin.py:188} INFO - [2024-07-11T08:43:43.747+0000] {dag.py:3834} INFO - Setting next_dagrun for hello_world_dag to 2024-07-11 00:00:00+00:00, run_after=2024-07-12 00:00:00+00:00
[2024-07-11T08:43:43.763+0000] {processor.py:183} INFO - Processing /opt/airflow/dags/ex.py took 0.076 seconds
[2024-07-11T08:44:14.091+0000] {logging_mixin.py:188} INFO - [2024-07-11T08:44:14.089+0000] {settings.py:249} DEBUG - Setting up DB connection pool (PID 375)
[2024-07-11T08:44:14.098+0000] {logging_mixin.py:188} INFO - [2024-07-11T08:44:14.098+0000] {settings.py:350} DEBUG - settings.prepare_engine_args(): Using pool settings. pool_size=5, max_overflow=10, pool_recycle=1800, pid=375
[2024-07-11T08:44:14.102+0000] {processor.py:161} INFO - Started process (PID=375) to work on /opt/airflow/dags/ex.py
[2024-07-11T08:44:14.102+0000] {processor.py:830} INFO - Processing file /opt/airflow/dags/ex.py for tasks to queue
[2024-07-11T08:44:14.103+0000] {logging_mixin.py:188} INFO - [2024-07-11T08:44:14.103+0000] {dagbag.py:540} INFO - Filling up the DagBag from /opt/airflow/dags/ex.py
[2024-07-11T08:44:14.104+0000] {logging_mixin.py:188} INFO - [2024-07-11T08:44:14.104+0000] {dagbag.py:332} DEBUG - Importing /opt/airflow/dags/ex.py
[2024-07-11T08:44:14.108+0000] {logging_mixin.py:188} INFO - [2024-07-11T08:44:14.108+0000] {GetText.py:65} DEBUG - /home/airflow/.local/lib/python3.10/site-packages/cron_descriptor/locale/en_US.mo Loaded
[2024-07-11T08:44:14.111+0000] {logging_mixin.py:188} INFO - [2024-07-11T08:44:14.111+0000] {GetText.py:65} DEBUG - /home/airflow/.local/lib/python3.10/site-packages/cron_descriptor/locale/en_US.mo Loaded
[2024-07-11T08:44:14.112+0000] {logging_mixin.py:188} INFO - [2024-07-11T08:44:14.111+0000] {dagbag.py:506} DEBUG - Loaded DAG <DAG: hello_world_dag>
[2024-07-11T08:44:14.112+0000] {processor.py:840} INFO - DAG(s) 'hello_world_dag' retrieved from /opt/airflow/dags/ex.py
[2024-07-11T08:44:14.113+0000] {logging_mixin.py:188} INFO - [2024-07-11T08:44:14.113+0000] {dagbag.py:662} DEBUG - Running dagbag.sync_to_db with retries. Try 1 of 3
[2024-07-11T08:44:14.113+0000] {logging_mixin.py:188} INFO - [2024-07-11T08:44:14.113+0000] {dagbag.py:667} DEBUG - Calling the DAG.bulk_sync_to_db method
[2024-07-11T08:44:14.121+0000] {logging_mixin.py:188} INFO - [2024-07-11T08:44:14.121+0000] {serialized_dag.py:165} DEBUG - Checking if DAG (hello_world_dag) changed
[2024-07-11T08:44:14.126+0000] {logging_mixin.py:188} INFO - [2024-07-11T08:44:14.126+0000] {serialized_dag.py:176} DEBUG - Serialized DAG (hello_world_dag) is unchanged. Skipping writing to DB
[2024-07-11T08:44:14.126+0000] {logging_mixin.py:188} INFO - [2024-07-11T08:44:14.126+0000] {dag.py:3047} INFO - Sync 1 DAGs
[2024-07-11T08:44:14.142+0000] {logging_mixin.py:188} INFO - [2024-07-11T08:44:14.142+0000] {dag.py:3834} INFO - Setting next_dagrun for hello_world_dag to 2024-07-11 00:00:00+00:00, run_after=2024-07-12 00:00:00+00:00
[2024-07-11T08:44:14.154+0000] {processor.py:183} INFO - Processing /opt/airflow/dags/ex.py took 0.065 seconds
[2024-07-11T08:44:44.449+0000] {logging_mixin.py:188} INFO - [2024-07-11T08:44:44.447+0000] {settings.py:249} DEBUG - Setting up DB connection pool (PID 431)
[2024-07-11T08:44:44.461+0000] {logging_mixin.py:188} INFO - [2024-07-11T08:44:44.461+0000] {settings.py:350} DEBUG - settings.prepare_engine_args(): Using pool settings. pool_size=5, max_overflow=10, pool_recycle=1800, pid=431
[2024-07-11T08:44:44.464+0000] {processor.py:161} INFO - Started process (PID=431) to work on /opt/airflow/dags/ex.py
[2024-07-11T08:44:44.464+0000] {processor.py:830} INFO - Processing file /opt/airflow/dags/ex.py for tasks to queue
[2024-07-11T08:44:44.465+0000] {logging_mixin.py:188} INFO - [2024-07-11T08:44:44.464+0000] {dagbag.py:540} INFO - Filling up the DagBag from /opt/airflow/dags/ex.py
[2024-07-11T08:44:44.466+0000] {logging_mixin.py:188} INFO - [2024-07-11T08:44:44.466+0000] {dagbag.py:332} DEBUG - Importing /opt/airflow/dags/ex.py
[2024-07-11T08:44:44.470+0000] {logging_mixin.py:188} INFO - [2024-07-11T08:44:44.469+0000] {GetText.py:65} DEBUG - /home/airflow/.local/lib/python3.10/site-packages/cron_descriptor/locale/en_US.mo Loaded
[2024-07-11T08:44:44.472+0000] {logging_mixin.py:188} INFO - [2024-07-11T08:44:44.472+0000] {GetText.py:65} DEBUG - /home/airflow/.local/lib/python3.10/site-packages/cron_descriptor/locale/en_US.mo Loaded
[2024-07-11T08:44:44.473+0000] {logging_mixin.py:188} INFO - [2024-07-11T08:44:44.473+0000] {dagbag.py:506} DEBUG - Loaded DAG <DAG: hello_world_dag>
[2024-07-11T08:44:44.474+0000] {processor.py:840} INFO - DAG(s) 'hello_world_dag' retrieved from /opt/airflow/dags/ex.py
[2024-07-11T08:44:44.475+0000] {logging_mixin.py:188} INFO - [2024-07-11T08:44:44.474+0000] {dagbag.py:662} DEBUG - Running dagbag.sync_to_db with retries. Try 1 of 3
[2024-07-11T08:44:44.475+0000] {logging_mixin.py:188} INFO - [2024-07-11T08:44:44.475+0000] {dagbag.py:667} DEBUG - Calling the DAG.bulk_sync_to_db method
[2024-07-11T08:44:44.483+0000] {logging_mixin.py:188} INFO - [2024-07-11T08:44:44.483+0000] {serialized_dag.py:165} DEBUG - Checking if DAG (hello_world_dag) changed
[2024-07-11T08:44:44.488+0000] {logging_mixin.py:188} INFO - [2024-07-11T08:44:44.488+0000] {serialized_dag.py:176} DEBUG - Serialized DAG (hello_world_dag) is unchanged. Skipping writing to DB
[2024-07-11T08:44:44.488+0000] {logging_mixin.py:188} INFO - [2024-07-11T08:44:44.488+0000] {dag.py:3047} INFO - Sync 1 DAGs
[2024-07-11T08:44:44.506+0000] {logging_mixin.py:188} INFO - [2024-07-11T08:44:44.505+0000] {dag.py:3834} INFO - Setting next_dagrun for hello_world_dag to 2024-07-11 00:00:00+00:00, run_after=2024-07-12 00:00:00+00:00
[2024-07-11T08:44:44.518+0000] {processor.py:183} INFO - Processing /opt/airflow/dags/ex.py took 0.071 seconds
