[2024-07-17T09:44:24.181+0000] {taskinstance.py:991} DEBUG - previous_execution_date was called
[2024-07-17T09:44:24.192+0000] {__init__.py:54} DEBUG - Loading core task runner: StandardTaskRunner
[2024-07-17T09:44:24.205+0000] {taskinstance.py:991} DEBUG - previous_execution_date was called
[2024-07-17T09:44:24.207+0000] {base_task_runner.py:72} DEBUG - Planning to run as the  user
[2024-07-17T09:44:24.234+0000] {taskinstance.py:1988} DEBUG - <TaskInstance: hive_etl.create_hive_table scheduled__2023-04-19T00:00:00+00:00 [queued]> dependency 'Task Instance State' PASSED: True, Task state queued was valid.
[2024-07-17T09:44:24.243+0000] {taskinstance.py:1988} DEBUG - <TaskInstance: hive_etl.create_hive_table scheduled__2023-04-19T00:00:00+00:00 [queued]> dependency 'Previous Dagrun State' PASSED: True, The task did not have depends_on_past set.
[2024-07-17T09:44:24.243+0000] {taskinstance.py:1988} DEBUG - <TaskInstance: hive_etl.create_hive_table scheduled__2023-04-19T00:00:00+00:00 [queued]> dependency 'Task Instance Not Running' PASSED: True, Task is not in running state.
[2024-07-17T09:44:24.243+0000] {taskinstance.py:1988} DEBUG - <TaskInstance: hive_etl.create_hive_table scheduled__2023-04-19T00:00:00+00:00 [queued]> dependency 'Not In Retry Period' PASSED: True, The task instance was not marked for retrying.
[2024-07-17T09:44:24.244+0000] {taskinstance.py:1979} INFO - Dependencies all met for dep_context=non-requeueable deps ti=<TaskInstance: hive_etl.create_hive_table scheduled__2023-04-19T00:00:00+00:00 [queued]>
[2024-07-17T09:44:24.249+0000] {taskinstance.py:1988} DEBUG - <TaskInstance: hive_etl.create_hive_table scheduled__2023-04-19T00:00:00+00:00 [queued]> dependency 'Previous Dagrun State' PASSED: True, The task did not have depends_on_past set.
[2024-07-17T09:44:24.253+0000] {taskinstance.py:1988} DEBUG - <TaskInstance: hive_etl.create_hive_table scheduled__2023-04-19T00:00:00+00:00 [queued]> dependency 'Pool Slots Available' PASSED: True, There are enough open slots in default_pool to execute the task
[2024-07-17T09:44:24.253+0000] {taskinstance.py:1988} DEBUG - <TaskInstance: hive_etl.create_hive_table scheduled__2023-04-19T00:00:00+00:00 [queued]> dependency 'Task Concurrency' PASSED: True, Task concurrency is not set.
[2024-07-17T09:44:24.254+0000] {taskinstance.py:1988} DEBUG - <TaskInstance: hive_etl.create_hive_table scheduled__2023-04-19T00:00:00+00:00 [queued]> dependency 'Not In Retry Period' PASSED: True, The task instance was not marked for retrying.
[2024-07-17T09:44:24.254+0000] {taskinstance.py:1979} INFO - Dependencies all met for dep_context=requeueable deps ti=<TaskInstance: hive_etl.create_hive_table scheduled__2023-04-19T00:00:00+00:00 [queued]>
[2024-07-17T09:44:24.254+0000] {taskinstance.py:2193} INFO - Starting attempt 1 of 2
[2024-07-17T09:44:24.267+0000] {taskinstance.py:2214} INFO - Executing <Task(PythonOperator): create_hive_table> on 2023-04-19 00:00:00+00:00
[2024-07-17T09:44:24.275+0000] {standard_task_runner.py:60} INFO - Started process 171 to run task
[2024-07-17T09:44:24.278+0000] {standard_task_runner.py:87} INFO - Running: ['***', 'tasks', 'run', 'hive_etl', 'create_hive_table', 'scheduled__2023-04-19T00:00:00+00:00', '--job-id', '1850', '--raw', '--subdir', 'DAGS_FOLDER/new.py', '--cfg-path', '/tmp/tmp98tnudqm']
[2024-07-17T09:44:24.280+0000] {standard_task_runner.py:88} INFO - Job 1850: Subtask create_hive_table
[2024-07-17T09:44:24.281+0000] {cli_action_loggers.py:67} DEBUG - Calling callbacks: [<function default_action_log at 0x7a4457f56f80>]
[2024-07-17T09:44:24.327+0000] {taskinstance.py:991} DEBUG - previous_execution_date was called
[2024-07-17T09:44:24.331+0000] {task_command.py:423} INFO - Running <TaskInstance: hive_etl.create_hive_table scheduled__2023-04-19T00:00:00+00:00 [running]> on host d0d849f06491
[2024-07-17T09:44:24.331+0000] {settings.py:386} DEBUG - Disposing DB connection pool (PID 171)
[2024-07-17T09:44:24.332+0000] {settings.py:249} DEBUG - Setting up DB connection pool (PID 171)
[2024-07-17T09:44:24.332+0000] {settings.py:318} DEBUG - settings.prepare_engine_args(): Using NullPool
[2024-07-17T09:44:24.370+0000] {taskinstance.py:991} DEBUG - previous_execution_date was called
[2024-07-17T09:44:24.372+0000] {taskinstance.py:1769} DEBUG - Clearing XCom data
[2024-07-17T09:44:24.378+0000] {retries.py:93} DEBUG - Running RenderedTaskInstanceFields.write with retries. Try 1 of 3
[2024-07-17T09:44:24.402+0000] {retries.py:93} DEBUG - Running RenderedTaskInstanceFields._do_delete_old_records with retries. Try 1 of 3
[2024-07-17T09:44:24.416+0000] {taskinstance.py:2510} INFO - Exporting env vars: AIRFLOW_CTX_DAG_OWNER='***' AIRFLOW_CTX_DAG_ID='hive_etl' AIRFLOW_CTX_TASK_ID='create_hive_table' AIRFLOW_CTX_EXECUTION_DATE='2023-04-19T00:00:00+00:00' AIRFLOW_CTX_TRY_NUMBER='1' AIRFLOW_CTX_DAG_RUN_ID='scheduled__2023-04-19T00:00:00+00:00'
[2024-07-17T09:44:24.417+0000] {__init__.py:115} DEBUG - Preparing lineage inlets and outlets
[2024-07-17T09:44:24.417+0000] {__init__.py:154} DEBUG - inlets: [], outlets: []
[2024-07-17T09:44:24.514+0000] {hive.py:609} DEBUG - TOpenSessionResp(status=TStatus(statusCode=0, infoMessages=None, sqlState=None, errorCode=None, errorMessage=None), serverProtocolVersion=5, sessionHandle=TSessionHandle(sessionId=THandleIdentifier(guid=b'c\xfd;&.\x9cC\x13\xb7\xc0\x15t\x152\x90\xb5', secret=b'\xa7\xec\xf8\x08\x8f>A\x86\x8dh\x9cn\x8a\xeb\xf77')), configuration={'hive.server2.thrift.resultset.default.fetch.size': '1000'})
[2024-07-17T09:44:24.515+0000] {hive.py:475} INFO - USE `default`
[2024-07-17T09:44:24.515+0000] {hive.py:479} DEBUG - TExecuteStatementReq(sessionHandle=TSessionHandle(sessionId=THandleIdentifier(guid=b'c\xfd;&.\x9cC\x13\xb7\xc0\x15t\x152\x90\xb5', secret=b'\xa7\xec\xf8\x08\x8f>A\x86\x8dh\x9cn\x8a\xeb\xf77')), statement='USE `default`', confOverlay=None, runAsync=False, queryTimeout=0)
[2024-07-17T09:44:25.205+0000] {hive.py:609} DEBUG - TExecuteStatementResp(status=TStatus(statusCode=0, infoMessages=None, sqlState=None, errorCode=None, errorMessage=None), operationHandle=TOperationHandle(operationId=THandleIdentifier(guid=b'\x9f;\x01\x81\x98\xfaF\xd6\x93\xe9\xd6\n\x82m\xd5\x85', secret=b'^"\x87\xe8\x1d\xb7K\xbd\x82\xac\xe47\x17\t\x0b\x1d'), operationType=0, hasResultSet=False, modifiedRowCount=None))
[2024-07-17T09:44:25.206+0000] {hive.py:609} DEBUG - TCloseOperationResp(status=TStatus(statusCode=0, infoMessages=None, sqlState=None, errorCode=None, errorMessage=None))
[2024-07-17T09:44:25.206+0000] {hive.py:475} INFO - 
    CREATE TABLE IF NOT EXISTS my_table (
        id INT,
        name STRING
    )
    ROW FORMAT DELIMITED
    FIELDS TERMINATED BY ','
    STORED AS TEXTFILE
    
[2024-07-17T09:44:25.206+0000] {hive.py:479} DEBUG - TExecuteStatementReq(sessionHandle=TSessionHandle(sessionId=THandleIdentifier(guid=b'c\xfd;&.\x9cC\x13\xb7\xc0\x15t\x152\x90\xb5', secret=b'\xa7\xec\xf8\x08\x8f>A\x86\x8dh\x9cn\x8a\xeb\xf77')), statement="\n    CREATE TABLE IF NOT EXISTS my_table (\n        id INT,\n        name STRING\n    )\n    ROW FORMAT DELIMITED\n    FIELDS TERMINATED BY ','\n    STORED AS TEXTFILE\n    ", confOverlay=None, runAsync=False, queryTimeout=0)
[2024-07-17T09:44:28.107+0000] {hive.py:609} DEBUG - TExecuteStatementResp(status=TStatus(statusCode=0, infoMessages=None, sqlState=None, errorCode=None, errorMessage=None), operationHandle=TOperationHandle(operationId=THandleIdentifier(guid=b'\x1a3\xf8\xd9?\x90H`\xbdk\xc8\xcb\xdb\xd6\xc4\x90', secret=b'\xe3\x1efu\xc8\xdaM\xe4\x8e8A\xf9\xb0~\xb7$'), operationType=0, hasResultSet=False, modifiedRowCount=None))
[2024-07-17T09:44:28.117+0000] {hive.py:609} DEBUG - TCloseSessionResp(status=TStatus(statusCode=0, infoMessages=None, sqlState=None, errorCode=None, errorMessage=None))
[2024-07-17T09:44:28.123+0000] {python.py:202} INFO - Done. Returned value was: None
[2024-07-17T09:44:28.123+0000] {__init__.py:73} DEBUG - Lineage called with inlets: [], outlets: []
[2024-07-17T09:44:28.146+0000] {taskinstance.py:549} DEBUG - Clearing next_method and next_kwargs.
[2024-07-17T09:44:28.147+0000] {taskinstance.py:1149} INFO - Marking task as SUCCESS. dag_id=hive_etl, task_id=create_hive_table, execution_date=20230419T000000, start_date=20240717T094424, end_date=20240717T094428
[2024-07-17T09:44:28.147+0000] {taskinstance.py:527} DEBUG - Task Duration set to 3.902848
[2024-07-17T09:44:28.196+0000] {cli_action_loggers.py:85} DEBUG - Calling callbacks: []
[2024-07-17T09:44:28.267+0000] {local_task_job_runner.py:234} INFO - Task exited with return code 0
[2024-07-17T09:44:28.498+0000] {dagrun.py:876} DEBUG - number of tis tasks for <DagRun hive_etl @ 2023-04-19 00:00:00+00:00: scheduled__2023-04-19T00:00:00+00:00, state:running, queued_at: 2024-07-17 09:44:18.912277+00:00. externally triggered: False>: 3 task(s)
[2024-07-17T09:44:28.498+0000] {dagrun.py:897} DEBUG - number of scheduleable tasks for <DagRun hive_etl @ 2023-04-19 00:00:00+00:00: scheduled__2023-04-19T00:00:00+00:00, state:running, queued_at: 2024-07-17 09:44:18.912277+00:00. externally triggered: False>: 1 task(s)
[2024-07-17T09:44:28.499+0000] {taskinstance.py:1988} DEBUG - <TaskInstance: hive_etl.end scheduled__2023-04-19T00:00:00+00:00 [None]> dependency 'Trigger Rule' PASSED: False, Task's trigger rule 'all_success' requires all upstream tasks to have succeeded, but found 1 non-success(es). upstream_states=_UpstreamTIStates(success=0, skipped=0, failed=0, upstream_failed=0, removed=0, done=0, success_setup=0, skipped_setup=0), upstream_task_ids={'load_data_into_hive'}
[2024-07-17T09:44:28.499+0000] {taskinstance.py:1969} DEBUG - Dependencies not met for <TaskInstance: hive_etl.end scheduled__2023-04-19T00:00:00+00:00 [None]>, dependency 'Trigger Rule' FAILED: Task's trigger rule 'all_success' requires all upstream tasks to have succeeded, but found 1 non-success(es). upstream_states=_UpstreamTIStates(success=0, skipped=0, failed=0, upstream_failed=0, removed=0, done=0, success_setup=0, skipped_setup=0), upstream_task_ids={'load_data_into_hive'}
[2024-07-17T09:44:28.500+0000] {taskinstance.py:1988} DEBUG - <TaskInstance: hive_etl.end scheduled__2023-04-19T00:00:00+00:00 [None]> dependency 'Previous Dagrun State' PASSED: True, The task did not have depends_on_past set.
[2024-07-17T09:44:28.500+0000] {taskinstance.py:1988} DEBUG - <TaskInstance: hive_etl.end scheduled__2023-04-19T00:00:00+00:00 [None]> dependency 'Not In Retry Period' PASSED: True, The task instance was not marked for retrying.
[2024-07-17T09:44:28.509+0000] {taskinstance.py:3309} INFO - 0 downstream tasks scheduled from follow-on schedule check
