[2024-07-17T10:11:44.900+0000] {taskinstance.py:991} DEBUG - previous_execution_date was called
[2024-07-17T10:11:44.911+0000] {__init__.py:54} DEBUG - Loading core task runner: StandardTaskRunner
[2024-07-17T10:11:44.923+0000] {taskinstance.py:991} DEBUG - previous_execution_date was called
[2024-07-17T10:11:44.925+0000] {base_task_runner.py:72} DEBUG - Planning to run as the  user
[2024-07-17T10:11:44.946+0000] {taskinstance.py:1988} DEBUG - <TaskInstance: hive_etl.create_hive_table scheduled__2023-05-07T00:00:00+00:00 [queued]> dependency 'Task Instance State' PASSED: True, Task state queued was valid.
[2024-07-17T10:11:44.946+0000] {taskinstance.py:1988} DEBUG - <TaskInstance: hive_etl.create_hive_table scheduled__2023-05-07T00:00:00+00:00 [queued]> dependency 'Previous Dagrun State' PASSED: True, The task did not have depends_on_past set.
[2024-07-17T10:11:44.947+0000] {taskinstance.py:1988} DEBUG - <TaskInstance: hive_etl.create_hive_table scheduled__2023-05-07T00:00:00+00:00 [queued]> dependency 'Task Instance Not Running' PASSED: True, Task is not in running state.
[2024-07-17T10:11:44.956+0000] {taskinstance.py:1988} DEBUG - <TaskInstance: hive_etl.create_hive_table scheduled__2023-05-07T00:00:00+00:00 [queued]> dependency 'Not In Retry Period' PASSED: True, The task instance was not marked for retrying.
[2024-07-17T10:11:44.957+0000] {taskinstance.py:1979} INFO - Dependencies all met for dep_context=non-requeueable deps ti=<TaskInstance: hive_etl.create_hive_table scheduled__2023-05-07T00:00:00+00:00 [queued]>
[2024-07-17T10:11:44.962+0000] {taskinstance.py:1988} DEBUG - <TaskInstance: hive_etl.create_hive_table scheduled__2023-05-07T00:00:00+00:00 [queued]> dependency 'Pool Slots Available' PASSED: True, There are enough open slots in default_pool to execute the task
[2024-07-17T10:11:44.963+0000] {taskinstance.py:1988} DEBUG - <TaskInstance: hive_etl.create_hive_table scheduled__2023-05-07T00:00:00+00:00 [queued]> dependency 'Previous Dagrun State' PASSED: True, The task did not have depends_on_past set.
[2024-07-17T10:11:44.963+0000] {taskinstance.py:1988} DEBUG - <TaskInstance: hive_etl.create_hive_table scheduled__2023-05-07T00:00:00+00:00 [queued]> dependency 'Task Concurrency' PASSED: True, Task concurrency is not set.
[2024-07-17T10:11:44.968+0000] {taskinstance.py:1988} DEBUG - <TaskInstance: hive_etl.create_hive_table scheduled__2023-05-07T00:00:00+00:00 [queued]> dependency 'Not In Retry Period' PASSED: True, The task instance was not marked for retrying.
[2024-07-17T10:11:44.969+0000] {taskinstance.py:1979} INFO - Dependencies all met for dep_context=requeueable deps ti=<TaskInstance: hive_etl.create_hive_table scheduled__2023-05-07T00:00:00+00:00 [queued]>
[2024-07-17T10:11:44.969+0000] {taskinstance.py:2193} INFO - Starting attempt 1 of 2
[2024-07-17T10:11:44.987+0000] {taskinstance.py:2214} INFO - Executing <Task(PythonOperator): create_hive_table> on 2023-05-07 00:00:00+00:00
[2024-07-17T10:11:44.995+0000] {standard_task_runner.py:60} INFO - Started process 177 to run task
[2024-07-17T10:11:44.999+0000] {standard_task_runner.py:87} INFO - Running: ['***', 'tasks', 'run', 'hive_etl', 'create_hive_table', 'scheduled__2023-05-07T00:00:00+00:00', '--job-id', '2044', '--raw', '--subdir', 'DAGS_FOLDER/new.py', '--cfg-path', '/tmp/tmpc2xjls7a']
[2024-07-17T10:11:45.000+0000] {standard_task_runner.py:88} INFO - Job 2044: Subtask create_hive_table
[2024-07-17T10:11:45.001+0000] {cli_action_loggers.py:67} DEBUG - Calling callbacks: [<function default_action_log at 0x72403de56f80>]
[2024-07-17T10:11:45.048+0000] {taskinstance.py:991} DEBUG - previous_execution_date was called
[2024-07-17T10:11:45.052+0000] {task_command.py:423} INFO - Running <TaskInstance: hive_etl.create_hive_table scheduled__2023-05-07T00:00:00+00:00 [running]> on host d0d849f06491
[2024-07-17T10:11:45.052+0000] {settings.py:386} DEBUG - Disposing DB connection pool (PID 177)
[2024-07-17T10:11:45.052+0000] {settings.py:249} DEBUG - Setting up DB connection pool (PID 177)
[2024-07-17T10:11:45.053+0000] {settings.py:318} DEBUG - settings.prepare_engine_args(): Using NullPool
[2024-07-17T10:11:45.088+0000] {taskinstance.py:991} DEBUG - previous_execution_date was called
[2024-07-17T10:11:45.091+0000] {taskinstance.py:1769} DEBUG - Clearing XCom data
[2024-07-17T10:11:45.096+0000] {retries.py:93} DEBUG - Running RenderedTaskInstanceFields.write with retries. Try 1 of 3
[2024-07-17T10:11:45.125+0000] {retries.py:93} DEBUG - Running RenderedTaskInstanceFields._do_delete_old_records with retries. Try 1 of 3
[2024-07-17T10:11:45.137+0000] {taskinstance.py:2510} INFO - Exporting env vars: AIRFLOW_CTX_DAG_OWNER='***' AIRFLOW_CTX_DAG_ID='hive_etl' AIRFLOW_CTX_TASK_ID='create_hive_table' AIRFLOW_CTX_EXECUTION_DATE='2023-05-07T00:00:00+00:00' AIRFLOW_CTX_TRY_NUMBER='1' AIRFLOW_CTX_DAG_RUN_ID='scheduled__2023-05-07T00:00:00+00:00'
[2024-07-17T10:11:45.137+0000] {__init__.py:115} DEBUG - Preparing lineage inlets and outlets
[2024-07-17T10:11:45.138+0000] {__init__.py:154} DEBUG - inlets: [], outlets: []
[2024-07-17T10:11:45.283+0000] {hive.py:609} DEBUG - TOpenSessionResp(status=TStatus(statusCode=0, infoMessages=None, sqlState=None, errorCode=None, errorMessage=None), serverProtocolVersion=5, sessionHandle=TSessionHandle(sessionId=THandleIdentifier(guid=b'\x04!+m\xb4\x10E\xb6\xb06\xe1~\xb7\x80\xcb}', secret=b'#\xbf\xd2\xa8Q.AT\x91\xf4\xf2\x8d!9nT')), configuration={'hive.server2.thrift.resultset.default.fetch.size': '1000'})
[2024-07-17T10:11:45.283+0000] {hive.py:475} INFO - USE `default`
[2024-07-17T10:11:45.284+0000] {hive.py:479} DEBUG - TExecuteStatementReq(sessionHandle=TSessionHandle(sessionId=THandleIdentifier(guid=b'\x04!+m\xb4\x10E\xb6\xb06\xe1~\xb7\x80\xcb}', secret=b'#\xbf\xd2\xa8Q.AT\x91\xf4\xf2\x8d!9nT')), statement='USE `default`', confOverlay=None, runAsync=False, queryTimeout=0)
[2024-07-17T10:11:45.460+0000] {hive.py:609} DEBUG - TExecuteStatementResp(status=TStatus(statusCode=0, infoMessages=None, sqlState=None, errorCode=None, errorMessage=None), operationHandle=TOperationHandle(operationId=THandleIdentifier(guid=b'\xdd\xe8\xf9\xe7\xf5\x19E\xab\x93\xeb\xeaj]4jI', secret=b'K\x04bS\x82\xa4A\x0b\xbb\x1f9\x8d\xec<\xd7\xd3'), operationType=0, hasResultSet=False, modifiedRowCount=None))
[2024-07-17T10:11:45.462+0000] {hive.py:609} DEBUG - TCloseOperationResp(status=TStatus(statusCode=0, infoMessages=None, sqlState=None, errorCode=None, errorMessage=None))
[2024-07-17T10:11:45.463+0000] {hive.py:475} INFO - 
    CREATE TABLE IF NOT EXISTS my_table (
        id INT,
        name STRING
    )
    ROW FORMAT DELIMITED
    FIELDS TERMINATED BY ','
    STORED AS TEXTFILE
    
[2024-07-17T10:11:45.464+0000] {hive.py:479} DEBUG - TExecuteStatementReq(sessionHandle=TSessionHandle(sessionId=THandleIdentifier(guid=b'\x04!+m\xb4\x10E\xb6\xb06\xe1~\xb7\x80\xcb}', secret=b'#\xbf\xd2\xa8Q.AT\x91\xf4\xf2\x8d!9nT')), statement="\n    CREATE TABLE IF NOT EXISTS my_table (\n        id INT,\n        name STRING\n    )\n    ROW FORMAT DELIMITED\n    FIELDS TERMINATED BY ','\n    STORED AS TEXTFILE\n    ", confOverlay=None, runAsync=False, queryTimeout=0)
[2024-07-17T10:11:45.501+0000] {hive.py:609} DEBUG - TExecuteStatementResp(status=TStatus(statusCode=0, infoMessages=None, sqlState=None, errorCode=None, errorMessage=None), operationHandle=TOperationHandle(operationId=THandleIdentifier(guid=b'\x8dw\xd7;C\x9dM\x89\x89i\x8a\xb7p\xe6\x97\x8b', secret=b'z\xa7\xdd\x1fC\xc8J\xdd\xa2\xcaa\x94*\xf3\x1aC'), operationType=0, hasResultSet=False, modifiedRowCount=None))
[2024-07-17T10:11:45.510+0000] {hive.py:609} DEBUG - TCloseSessionResp(status=TStatus(statusCode=0, infoMessages=None, sqlState=None, errorCode=None, errorMessage=None))
[2024-07-17T10:11:45.511+0000] {python.py:202} INFO - Done. Returned value was: None
[2024-07-17T10:11:45.511+0000] {__init__.py:73} DEBUG - Lineage called with inlets: [], outlets: []
[2024-07-17T10:11:45.523+0000] {taskinstance.py:549} DEBUG - Clearing next_method and next_kwargs.
[2024-07-17T10:11:45.524+0000] {taskinstance.py:1149} INFO - Marking task as SUCCESS. dag_id=hive_etl, task_id=create_hive_table, execution_date=20230507T000000, start_date=20240717T101144, end_date=20240717T101145
[2024-07-17T10:11:45.524+0000] {taskinstance.py:527} DEBUG - Task Duration set to 0.566717
[2024-07-17T10:11:45.767+0000] {cli_action_loggers.py:85} DEBUG - Calling callbacks: []
[2024-07-17T10:11:45.813+0000] {local_task_job_runner.py:234} INFO - Task exited with return code 0
[2024-07-17T10:11:45.838+0000] {dagrun.py:876} DEBUG - number of tis tasks for <DagRun hive_etl @ 2023-05-07 00:00:00+00:00: scheduled__2023-05-07T00:00:00+00:00, state:running, queued_at: 2024-07-17 09:55:06.237481+00:00. externally triggered: False>: 3 task(s)
[2024-07-17T10:11:45.839+0000] {dagrun.py:897} DEBUG - number of scheduleable tasks for <DagRun hive_etl @ 2023-05-07 00:00:00+00:00: scheduled__2023-05-07T00:00:00+00:00, state:running, queued_at: 2024-07-17 09:55:06.237481+00:00. externally triggered: False>: 2 task(s)
[2024-07-17T10:11:45.840+0000] {taskinstance.py:1988} DEBUG - <TaskInstance: hive_etl.load_data_into_hive scheduled__2023-05-07T00:00:00+00:00 [None]> dependency 'Previous Dagrun State' PASSED: True, The task did not have depends_on_past set.
[2024-07-17T10:11:45.840+0000] {taskinstance.py:1988} DEBUG - <TaskInstance: hive_etl.load_data_into_hive scheduled__2023-05-07T00:00:00+00:00 [None]> dependency 'Not In Retry Period' PASSED: True, The task instance was not marked for retrying.
[2024-07-17T10:11:45.841+0000] {taskinstance.py:1979} DEBUG - Dependencies all met for dep_context=None ti=<TaskInstance: hive_etl.load_data_into_hive scheduled__2023-05-07T00:00:00+00:00 [None]>
[2024-07-17T10:11:45.842+0000] {taskinstance.py:1988} DEBUG - <TaskInstance: hive_etl.end scheduled__2023-05-07T00:00:00+00:00 [None]> dependency 'Trigger Rule' PASSED: False, Task's trigger rule 'all_success' requires all upstream tasks to have succeeded, but found 1 non-success(es). upstream_states=_UpstreamTIStates(success=0, skipped=0, failed=0, upstream_failed=0, removed=0, done=0, success_setup=0, skipped_setup=0), upstream_task_ids={'load_data_into_hive'}
[2024-07-17T10:11:45.842+0000] {taskinstance.py:1969} DEBUG - Dependencies not met for <TaskInstance: hive_etl.end scheduled__2023-05-07T00:00:00+00:00 [None]>, dependency 'Trigger Rule' FAILED: Task's trigger rule 'all_success' requires all upstream tasks to have succeeded, but found 1 non-success(es). upstream_states=_UpstreamTIStates(success=0, skipped=0, failed=0, upstream_failed=0, removed=0, done=0, success_setup=0, skipped_setup=0), upstream_task_ids={'load_data_into_hive'}
[2024-07-17T10:11:45.843+0000] {taskinstance.py:1988} DEBUG - <TaskInstance: hive_etl.end scheduled__2023-05-07T00:00:00+00:00 [None]> dependency 'Previous Dagrun State' PASSED: True, The task did not have depends_on_past set.
[2024-07-17T10:11:45.844+0000] {taskinstance.py:1988} DEBUG - <TaskInstance: hive_etl.end scheduled__2023-05-07T00:00:00+00:00 [None]> dependency 'Not In Retry Period' PASSED: True, The task instance was not marked for retrying.
[2024-07-17T10:11:45.857+0000] {taskinstance.py:3309} INFO - 1 downstream tasks scheduled from follow-on schedule check
