[2024-07-17T14:08:57.557+0000] {taskinstance.py:991} DEBUG - previous_execution_date was called
[2024-07-17T14:08:57.626+0000] {__init__.py:54} DEBUG - Loading core task runner: StandardTaskRunner
[2024-07-17T14:08:57.687+0000] {taskinstance.py:991} DEBUG - previous_execution_date was called
[2024-07-17T14:08:57.711+0000] {base_task_runner.py:72} DEBUG - Planning to run as the  user
[2024-07-17T14:08:57.852+0000] {taskinstance.py:1988} DEBUG - <TaskInstance: hive_etl.extract_from_mysql scheduled__2023-06-05T00:00:00+00:00 [queued]> dependency 'Task Instance State' PASSED: True, Task state queued was valid.
[2024-07-17T14:08:57.853+0000] {taskinstance.py:1988} DEBUG - <TaskInstance: hive_etl.extract_from_mysql scheduled__2023-06-05T00:00:00+00:00 [queued]> dependency 'Not In Retry Period' PASSED: True, The task instance was not marked for retrying.
[2024-07-17T14:08:57.853+0000] {taskinstance.py:1988} DEBUG - <TaskInstance: hive_etl.extract_from_mysql scheduled__2023-06-05T00:00:00+00:00 [queued]> dependency 'Previous Dagrun State' PASSED: True, The task did not have depends_on_past set.
[2024-07-17T14:08:57.876+0000] {taskinstance.py:1988} DEBUG - <TaskInstance: hive_etl.extract_from_mysql scheduled__2023-06-05T00:00:00+00:00 [queued]> dependency 'Task Instance Not Running' PASSED: True, Task is not in running state.
[2024-07-17T14:08:57.877+0000] {taskinstance.py:1979} INFO - Dependencies all met for dep_context=non-requeueable deps ti=<TaskInstance: hive_etl.extract_from_mysql scheduled__2023-06-05T00:00:00+00:00 [queued]>
[2024-07-17T14:08:57.900+0000] {taskinstance.py:1988} DEBUG - <TaskInstance: hive_etl.extract_from_mysql scheduled__2023-06-05T00:00:00+00:00 [queued]> dependency 'Not In Retry Period' PASSED: True, The task instance was not marked for retrying.
[2024-07-17T14:08:57.901+0000] {taskinstance.py:1988} DEBUG - <TaskInstance: hive_etl.extract_from_mysql scheduled__2023-06-05T00:00:00+00:00 [queued]> dependency 'Previous Dagrun State' PASSED: True, The task did not have depends_on_past set.
[2024-07-17T14:08:57.916+0000] {taskinstance.py:1988} DEBUG - <TaskInstance: hive_etl.extract_from_mysql scheduled__2023-06-05T00:00:00+00:00 [queued]> dependency 'Pool Slots Available' PASSED: True, There are enough open slots in default_pool to execute the task
[2024-07-17T14:08:57.918+0000] {taskinstance.py:1988} DEBUG - <TaskInstance: hive_etl.extract_from_mysql scheduled__2023-06-05T00:00:00+00:00 [queued]> dependency 'Task Concurrency' PASSED: True, Task concurrency is not set.
[2024-07-17T14:08:57.931+0000] {taskinstance.py:1979} INFO - Dependencies all met for dep_context=requeueable deps ti=<TaskInstance: hive_etl.extract_from_mysql scheduled__2023-06-05T00:00:00+00:00 [queued]>
[2024-07-17T14:08:57.932+0000] {taskinstance.py:2193} INFO - Starting attempt 1 of 2
[2024-07-17T14:08:57.979+0000] {taskinstance.py:2214} INFO - Executing <Task(PythonOperator): extract_from_mysql> on 2023-06-05 00:00:00+00:00
[2024-07-17T14:08:58.008+0000] {standard_task_runner.py:60} INFO - Started process 112 to run task
[2024-07-17T14:08:58.029+0000] {standard_task_runner.py:87} INFO - Running: ['***', 'tasks', 'run', 'hive_etl', 'extract_from_mysql', 'scheduled__2023-06-05T00:00:00+00:00', '--job-id', '2099', '--raw', '--subdir', 'DAGS_FOLDER/new.py', '--cfg-path', '/tmp/tmpv_qtzg87']
[2024-07-17T14:08:58.032+0000] {standard_task_runner.py:88} INFO - Job 2099: Subtask extract_from_mysql
[2024-07-17T14:08:58.035+0000] {cli_action_loggers.py:67} DEBUG - Calling callbacks: [<function default_action_log at 0x729089756f80>]
[2024-07-17T14:08:58.195+0000] {taskinstance.py:991} DEBUG - previous_execution_date was called
[2024-07-17T14:08:58.218+0000] {task_command.py:423} INFO - Running <TaskInstance: hive_etl.extract_from_mysql scheduled__2023-06-05T00:00:00+00:00 [running]> on host 8c50a8ad787d
[2024-07-17T14:08:58.220+0000] {settings.py:386} DEBUG - Disposing DB connection pool (PID 112)
[2024-07-17T14:08:58.223+0000] {settings.py:249} DEBUG - Setting up DB connection pool (PID 112)
[2024-07-17T14:08:58.223+0000] {settings.py:318} DEBUG - settings.prepare_engine_args(): Using NullPool
[2024-07-17T14:08:58.345+0000] {taskinstance.py:991} DEBUG - previous_execution_date was called
[2024-07-17T14:08:58.355+0000] {taskinstance.py:1769} DEBUG - Clearing XCom data
[2024-07-17T14:08:58.372+0000] {retries.py:93} DEBUG - Running RenderedTaskInstanceFields.write with retries. Try 1 of 3
[2024-07-17T14:08:58.459+0000] {retries.py:93} DEBUG - Running RenderedTaskInstanceFields._do_delete_old_records with retries. Try 1 of 3
[2024-07-17T14:08:58.509+0000] {taskinstance.py:2510} INFO - Exporting env vars: AIRFLOW_CTX_DAG_OWNER='***' AIRFLOW_CTX_DAG_ID='hive_etl' AIRFLOW_CTX_TASK_ID='extract_from_mysql' AIRFLOW_CTX_EXECUTION_DATE='2023-06-05T00:00:00+00:00' AIRFLOW_CTX_TRY_NUMBER='1' AIRFLOW_CTX_DAG_RUN_ID='scheduled__2023-06-05T00:00:00+00:00'
[2024-07-17T14:08:58.511+0000] {__init__.py:115} DEBUG - Preparing lineage inlets and outlets
[2024-07-17T14:08:58.515+0000] {__init__.py:154} DEBUG - inlets: [], outlets: []
[2024-07-17T14:08:58.557+0000] {base.py:83} INFO - Using connection ID 'mysql_default' for task execution.
[2024-07-17T14:09:03.104+0000] {job.py:209} DEBUG - [heartbeat]
[2024-07-17T14:09:08.215+0000] {job.py:209} DEBUG - [heartbeat]
[2024-07-17T14:09:13.373+0000] {job.py:209} DEBUG - [heartbeat]
[2024-07-17T14:09:18.541+0000] {job.py:209} DEBUG - [heartbeat]
[2024-07-17T14:09:25.220+0000] {job.py:209} DEBUG - [heartbeat]
[2024-07-17T14:09:33.296+0000] {job.py:209} DEBUG - [heartbeat]
