[2024-07-17T09:44:22.225+0000] {taskinstance.py:991} DEBUG - previous_execution_date was called
[2024-07-17T09:44:22.258+0000] {__init__.py:54} DEBUG - Loading core task runner: StandardTaskRunner
[2024-07-17T09:44:22.283+0000] {taskinstance.py:991} DEBUG - previous_execution_date was called
[2024-07-17T09:44:22.291+0000] {base_task_runner.py:72} DEBUG - Planning to run as the  user
[2024-07-17T09:44:22.354+0000] {taskinstance.py:1988} DEBUG - <TaskInstance: hive_etl.create_hive_table scheduled__2023-04-08T00:00:00+00:00 [queued]> dependency 'Task Instance State' PASSED: True, Task state queued was valid.
[2024-07-17T09:44:22.369+0000] {taskinstance.py:1988} DEBUG - <TaskInstance: hive_etl.create_hive_table scheduled__2023-04-08T00:00:00+00:00 [queued]> dependency 'Previous Dagrun State' PASSED: True, The task did not have depends_on_past set.
[2024-07-17T09:44:22.370+0000] {taskinstance.py:1988} DEBUG - <TaskInstance: hive_etl.create_hive_table scheduled__2023-04-08T00:00:00+00:00 [queued]> dependency 'Task Instance Not Running' PASSED: True, Task is not in running state.
[2024-07-17T09:44:22.370+0000] {taskinstance.py:1988} DEBUG - <TaskInstance: hive_etl.create_hive_table scheduled__2023-04-08T00:00:00+00:00 [queued]> dependency 'Not In Retry Period' PASSED: True, The task instance was not marked for retrying.
[2024-07-17T09:44:22.370+0000] {taskinstance.py:1979} INFO - Dependencies all met for dep_context=non-requeueable deps ti=<TaskInstance: hive_etl.create_hive_table scheduled__2023-04-08T00:00:00+00:00 [queued]>
[2024-07-17T09:44:22.380+0000] {taskinstance.py:1988} DEBUG - <TaskInstance: hive_etl.create_hive_table scheduled__2023-04-08T00:00:00+00:00 [queued]> dependency 'Previous Dagrun State' PASSED: True, The task did not have depends_on_past set.
[2024-07-17T09:44:22.391+0000] {taskinstance.py:1988} DEBUG - <TaskInstance: hive_etl.create_hive_table scheduled__2023-04-08T00:00:00+00:00 [queued]> dependency 'Pool Slots Available' PASSED: True, There are enough open slots in default_pool to execute the task
[2024-07-17T09:44:22.392+0000] {taskinstance.py:1988} DEBUG - <TaskInstance: hive_etl.create_hive_table scheduled__2023-04-08T00:00:00+00:00 [queued]> dependency 'Task Concurrency' PASSED: True, Task concurrency is not set.
[2024-07-17T09:44:22.392+0000] {taskinstance.py:1988} DEBUG - <TaskInstance: hive_etl.create_hive_table scheduled__2023-04-08T00:00:00+00:00 [queued]> dependency 'Not In Retry Period' PASSED: True, The task instance was not marked for retrying.
[2024-07-17T09:44:22.393+0000] {taskinstance.py:1979} INFO - Dependencies all met for dep_context=requeueable deps ti=<TaskInstance: hive_etl.create_hive_table scheduled__2023-04-08T00:00:00+00:00 [queued]>
[2024-07-17T09:44:22.394+0000] {taskinstance.py:2193} INFO - Starting attempt 1 of 2
[2024-07-17T09:44:22.430+0000] {taskinstance.py:2214} INFO - Executing <Task(PythonOperator): create_hive_table> on 2023-04-08 00:00:00+00:00
[2024-07-17T09:44:22.448+0000] {standard_task_runner.py:60} INFO - Started process 158 to run task
[2024-07-17T09:44:22.462+0000] {standard_task_runner.py:87} INFO - Running: ['***', 'tasks', 'run', 'hive_etl', 'create_hive_table', 'scheduled__2023-04-08T00:00:00+00:00', '--job-id', '1842', '--raw', '--subdir', 'DAGS_FOLDER/new.py', '--cfg-path', '/tmp/tmpaez9bj6w']
[2024-07-17T09:44:22.463+0000] {standard_task_runner.py:88} INFO - Job 1842: Subtask create_hive_table
[2024-07-17T09:44:22.464+0000] {cli_action_loggers.py:67} DEBUG - Calling callbacks: [<function default_action_log at 0x7a4457f56f80>]
[2024-07-17T09:44:22.618+0000] {taskinstance.py:991} DEBUG - previous_execution_date was called
[2024-07-17T09:44:22.638+0000] {task_command.py:423} INFO - Running <TaskInstance: hive_etl.create_hive_table scheduled__2023-04-08T00:00:00+00:00 [running]> on host d0d849f06491
[2024-07-17T09:44:22.639+0000] {settings.py:386} DEBUG - Disposing DB connection pool (PID 158)
[2024-07-17T09:44:22.639+0000] {settings.py:249} DEBUG - Setting up DB connection pool (PID 158)
[2024-07-17T09:44:22.640+0000] {settings.py:318} DEBUG - settings.prepare_engine_args(): Using NullPool
[2024-07-17T09:44:22.782+0000] {taskinstance.py:991} DEBUG - previous_execution_date was called
[2024-07-17T09:44:22.785+0000] {taskinstance.py:1769} DEBUG - Clearing XCom data
[2024-07-17T09:44:22.794+0000] {retries.py:93} DEBUG - Running RenderedTaskInstanceFields.write with retries. Try 1 of 3
[2024-07-17T09:44:22.860+0000] {retries.py:93} DEBUG - Running RenderedTaskInstanceFields._do_delete_old_records with retries. Try 1 of 3
[2024-07-17T09:44:22.882+0000] {taskinstance.py:2510} INFO - Exporting env vars: AIRFLOW_CTX_DAG_OWNER='***' AIRFLOW_CTX_DAG_ID='hive_etl' AIRFLOW_CTX_TASK_ID='create_hive_table' AIRFLOW_CTX_EXECUTION_DATE='2023-04-08T00:00:00+00:00' AIRFLOW_CTX_TRY_NUMBER='1' AIRFLOW_CTX_DAG_RUN_ID='scheduled__2023-04-08T00:00:00+00:00'
[2024-07-17T09:44:22.883+0000] {__init__.py:115} DEBUG - Preparing lineage inlets and outlets
[2024-07-17T09:44:22.885+0000] {__init__.py:154} DEBUG - inlets: [], outlets: []
[2024-07-17T09:44:23.582+0000] {hive.py:609} DEBUG - TOpenSessionResp(status=TStatus(statusCode=0, infoMessages=None, sqlState=None, errorCode=None, errorMessage=None), serverProtocolVersion=5, sessionHandle=TSessionHandle(sessionId=THandleIdentifier(guid=b'\xeb)\xdcN\xa7rF\x93\xa4\x1a\xf6{\xe9\xb14a', secret=b'\x9e\xb6\x99y-\x08O~\x87^\xa5\xe3b\xfe\x93L')), configuration={'hive.server2.thrift.resultset.default.fetch.size': '1000'})
[2024-07-17T09:44:23.583+0000] {hive.py:475} INFO - USE `default`
[2024-07-17T09:44:23.583+0000] {hive.py:479} DEBUG - TExecuteStatementReq(sessionHandle=TSessionHandle(sessionId=THandleIdentifier(guid=b'\xeb)\xdcN\xa7rF\x93\xa4\x1a\xf6{\xe9\xb14a', secret=b'\x9e\xb6\x99y-\x08O~\x87^\xa5\xe3b\xfe\x93L')), statement='USE `default`', confOverlay=None, runAsync=False, queryTimeout=0)
[2024-07-17T09:44:24.952+0000] {hive.py:609} DEBUG - TExecuteStatementResp(status=TStatus(statusCode=0, infoMessages=None, sqlState=None, errorCode=None, errorMessage=None), operationHandle=TOperationHandle(operationId=THandleIdentifier(guid=b'\x0c)\xb7\xeei\xeeNT\xa8\xa4\xc5\xb2\xc23$\xef', secret=b'\xdbM\x1c}\x1d\xd5D\x1e\x89g\\\x9a\xb4\x8b\xe2\x17'), operationType=0, hasResultSet=False, modifiedRowCount=None))
[2024-07-17T09:44:24.953+0000] {hive.py:609} DEBUG - TCloseOperationResp(status=TStatus(statusCode=0, infoMessages=None, sqlState=None, errorCode=None, errorMessage=None))
[2024-07-17T09:44:24.954+0000] {hive.py:475} INFO - 
    CREATE TABLE IF NOT EXISTS my_table (
        id INT,
        name STRING
    )
    ROW FORMAT DELIMITED
    FIELDS TERMINATED BY ','
    STORED AS TEXTFILE
    
[2024-07-17T09:44:24.954+0000] {hive.py:479} DEBUG - TExecuteStatementReq(sessionHandle=TSessionHandle(sessionId=THandleIdentifier(guid=b'\xeb)\xdcN\xa7rF\x93\xa4\x1a\xf6{\xe9\xb14a', secret=b'\x9e\xb6\x99y-\x08O~\x87^\xa5\xe3b\xfe\x93L')), statement="\n    CREATE TABLE IF NOT EXISTS my_table (\n        id INT,\n        name STRING\n    )\n    ROW FORMAT DELIMITED\n    FIELDS TERMINATED BY ','\n    STORED AS TEXTFILE\n    ", confOverlay=None, runAsync=False, queryTimeout=0)
[2024-07-17T09:44:26.014+0000] {hive.py:609} DEBUG - TExecuteStatementResp(status=TStatus(statusCode=0, infoMessages=None, sqlState=None, errorCode=None, errorMessage=None), operationHandle=TOperationHandle(operationId=THandleIdentifier(guid=b'\xed~\x10\xf0\xf6\xecG\x1c\xab\xe2\x19c\x97\xe7\x1a\x1a', secret=b'\x8ax\x95\x0b\xf4\xe6B\xf0\x96\xed>\x9d\xe0"\xc3x'), operationType=0, hasResultSet=False, modifiedRowCount=None))
[2024-07-17T09:44:26.046+0000] {hive.py:609} DEBUG - TCloseSessionResp(status=TStatus(statusCode=0, infoMessages=None, sqlState=None, errorCode=None, errorMessage=None))
[2024-07-17T09:44:26.047+0000] {python.py:202} INFO - Done. Returned value was: None
[2024-07-17T09:44:26.047+0000] {__init__.py:73} DEBUG - Lineage called with inlets: [], outlets: []
[2024-07-17T09:44:26.059+0000] {taskinstance.py:549} DEBUG - Clearing next_method and next_kwargs.
[2024-07-17T09:44:26.059+0000] {taskinstance.py:1149} INFO - Marking task as SUCCESS. dag_id=hive_etl, task_id=create_hive_table, execution_date=20230408T000000, start_date=20240717T094422, end_date=20240717T094426
[2024-07-17T09:44:26.060+0000] {taskinstance.py:527} DEBUG - Task Duration set to 3.688596
[2024-07-17T09:44:26.074+0000] {cli_action_loggers.py:85} DEBUG - Calling callbacks: []
[2024-07-17T09:44:26.108+0000] {local_task_job_runner.py:234} INFO - Task exited with return code 0
[2024-07-17T09:44:26.129+0000] {dagrun.py:876} DEBUG - number of tis tasks for <DagRun hive_etl @ 2023-04-08 00:00:00+00:00: scheduled__2023-04-08T00:00:00+00:00, state:running, queued_at: 2024-07-17 09:44:15.340752+00:00. externally triggered: False>: 3 task(s)
[2024-07-17T09:44:26.129+0000] {dagrun.py:897} DEBUG - number of scheduleable tasks for <DagRun hive_etl @ 2023-04-08 00:00:00+00:00: scheduled__2023-04-08T00:00:00+00:00, state:running, queued_at: 2024-07-17 09:44:15.340752+00:00. externally triggered: False>: 2 task(s)
[2024-07-17T09:44:26.130+0000] {taskinstance.py:1988} DEBUG - <TaskInstance: hive_etl.load_data_into_hive scheduled__2023-04-08T00:00:00+00:00 [None]> dependency 'Previous Dagrun State' PASSED: True, The task did not have depends_on_past set.
[2024-07-17T09:44:26.130+0000] {taskinstance.py:1988} DEBUG - <TaskInstance: hive_etl.load_data_into_hive scheduled__2023-04-08T00:00:00+00:00 [None]> dependency 'Not In Retry Period' PASSED: True, The task instance was not marked for retrying.
[2024-07-17T09:44:26.131+0000] {taskinstance.py:1979} DEBUG - Dependencies all met for dep_context=None ti=<TaskInstance: hive_etl.load_data_into_hive scheduled__2023-04-08T00:00:00+00:00 [None]>
[2024-07-17T09:44:26.131+0000] {taskinstance.py:1988} DEBUG - <TaskInstance: hive_etl.end scheduled__2023-04-08T00:00:00+00:00 [None]> dependency 'Trigger Rule' PASSED: False, Task's trigger rule 'all_success' requires all upstream tasks to have succeeded, but found 1 non-success(es). upstream_states=_UpstreamTIStates(success=0, skipped=0, failed=0, upstream_failed=0, removed=0, done=0, success_setup=0, skipped_setup=0), upstream_task_ids={'load_data_into_hive'}
[2024-07-17T09:44:26.131+0000] {taskinstance.py:1969} DEBUG - Dependencies not met for <TaskInstance: hive_etl.end scheduled__2023-04-08T00:00:00+00:00 [None]>, dependency 'Trigger Rule' FAILED: Task's trigger rule 'all_success' requires all upstream tasks to have succeeded, but found 1 non-success(es). upstream_states=_UpstreamTIStates(success=0, skipped=0, failed=0, upstream_failed=0, removed=0, done=0, success_setup=0, skipped_setup=0), upstream_task_ids={'load_data_into_hive'}
[2024-07-17T09:44:26.132+0000] {taskinstance.py:1988} DEBUG - <TaskInstance: hive_etl.end scheduled__2023-04-08T00:00:00+00:00 [None]> dependency 'Previous Dagrun State' PASSED: True, The task did not have depends_on_past set.
[2024-07-17T09:44:26.132+0000] {taskinstance.py:1988} DEBUG - <TaskInstance: hive_etl.end scheduled__2023-04-08T00:00:00+00:00 [None]> dependency 'Not In Retry Period' PASSED: True, The task instance was not marked for retrying.
[2024-07-17T09:44:26.141+0000] {taskinstance.py:3309} INFO - 1 downstream tasks scheduled from follow-on schedule check
