[2024-07-17T09:44:23.310+0000] {taskinstance.py:991} DEBUG - previous_execution_date was called
[2024-07-17T09:44:23.329+0000] {__init__.py:54} DEBUG - Loading core task runner: StandardTaskRunner
[2024-07-17T09:44:23.350+0000] {taskinstance.py:991} DEBUG - previous_execution_date was called
[2024-07-17T09:44:23.354+0000] {base_task_runner.py:72} DEBUG - Planning to run as the  user
[2024-07-17T09:44:23.392+0000] {taskinstance.py:1988} DEBUG - <TaskInstance: hive_etl.create_hive_table scheduled__2023-04-17T00:00:00+00:00 [queued]> dependency 'Task Instance State' PASSED: True, Task state queued was valid.
[2024-07-17T09:44:23.402+0000] {taskinstance.py:1988} DEBUG - <TaskInstance: hive_etl.create_hive_table scheduled__2023-04-17T00:00:00+00:00 [queued]> dependency 'Previous Dagrun State' PASSED: True, The task did not have depends_on_past set.
[2024-07-17T09:44:23.402+0000] {taskinstance.py:1988} DEBUG - <TaskInstance: hive_etl.create_hive_table scheduled__2023-04-17T00:00:00+00:00 [queued]> dependency 'Task Instance Not Running' PASSED: True, Task is not in running state.
[2024-07-17T09:44:23.403+0000] {taskinstance.py:1988} DEBUG - <TaskInstance: hive_etl.create_hive_table scheduled__2023-04-17T00:00:00+00:00 [queued]> dependency 'Not In Retry Period' PASSED: True, The task instance was not marked for retrying.
[2024-07-17T09:44:23.403+0000] {taskinstance.py:1979} INFO - Dependencies all met for dep_context=non-requeueable deps ti=<TaskInstance: hive_etl.create_hive_table scheduled__2023-04-17T00:00:00+00:00 [queued]>
[2024-07-17T09:44:23.411+0000] {taskinstance.py:1988} DEBUG - <TaskInstance: hive_etl.create_hive_table scheduled__2023-04-17T00:00:00+00:00 [queued]> dependency 'Previous Dagrun State' PASSED: True, The task did not have depends_on_past set.
[2024-07-17T09:44:23.420+0000] {taskinstance.py:1988} DEBUG - <TaskInstance: hive_etl.create_hive_table scheduled__2023-04-17T00:00:00+00:00 [queued]> dependency 'Pool Slots Available' PASSED: True, There are enough open slots in default_pool to execute the task
[2024-07-17T09:44:23.421+0000] {taskinstance.py:1988} DEBUG - <TaskInstance: hive_etl.create_hive_table scheduled__2023-04-17T00:00:00+00:00 [queued]> dependency 'Task Concurrency' PASSED: True, Task concurrency is not set.
[2024-07-17T09:44:23.422+0000] {taskinstance.py:1988} DEBUG - <TaskInstance: hive_etl.create_hive_table scheduled__2023-04-17T00:00:00+00:00 [queued]> dependency 'Not In Retry Period' PASSED: True, The task instance was not marked for retrying.
[2024-07-17T09:44:23.423+0000] {taskinstance.py:1979} INFO - Dependencies all met for dep_context=requeueable deps ti=<TaskInstance: hive_etl.create_hive_table scheduled__2023-04-17T00:00:00+00:00 [queued]>
[2024-07-17T09:44:23.423+0000] {taskinstance.py:2193} INFO - Starting attempt 1 of 2
[2024-07-17T09:44:23.450+0000] {taskinstance.py:2214} INFO - Executing <Task(PythonOperator): create_hive_table> on 2023-04-17 00:00:00+00:00
[2024-07-17T09:44:23.460+0000] {standard_task_runner.py:60} INFO - Started process 166 to run task
[2024-07-17T09:44:23.472+0000] {standard_task_runner.py:87} INFO - Running: ['***', 'tasks', 'run', 'hive_etl', 'create_hive_table', 'scheduled__2023-04-17T00:00:00+00:00', '--job-id', '1845', '--raw', '--subdir', 'DAGS_FOLDER/new.py', '--cfg-path', '/tmp/tmp0c7ar1nm']
[2024-07-17T09:44:23.473+0000] {standard_task_runner.py:88} INFO - Job 1845: Subtask create_hive_table
[2024-07-17T09:44:23.474+0000] {cli_action_loggers.py:67} DEBUG - Calling callbacks: [<function default_action_log at 0x7a4457f56f80>]
[2024-07-17T09:44:23.545+0000] {taskinstance.py:991} DEBUG - previous_execution_date was called
[2024-07-17T09:44:23.549+0000] {task_command.py:423} INFO - Running <TaskInstance: hive_etl.create_hive_table scheduled__2023-04-17T00:00:00+00:00 [running]> on host d0d849f06491
[2024-07-17T09:44:23.550+0000] {settings.py:386} DEBUG - Disposing DB connection pool (PID 166)
[2024-07-17T09:44:23.550+0000] {settings.py:249} DEBUG - Setting up DB connection pool (PID 166)
[2024-07-17T09:44:23.551+0000] {settings.py:318} DEBUG - settings.prepare_engine_args(): Using NullPool
[2024-07-17T09:44:23.594+0000] {taskinstance.py:991} DEBUG - previous_execution_date was called
[2024-07-17T09:44:23.597+0000] {taskinstance.py:1769} DEBUG - Clearing XCom data
[2024-07-17T09:44:23.603+0000] {retries.py:93} DEBUG - Running RenderedTaskInstanceFields.write with retries. Try 1 of 3
[2024-07-17T09:44:23.637+0000] {retries.py:93} DEBUG - Running RenderedTaskInstanceFields._do_delete_old_records with retries. Try 1 of 3
[2024-07-17T09:44:23.657+0000] {taskinstance.py:2510} INFO - Exporting env vars: AIRFLOW_CTX_DAG_OWNER='***' AIRFLOW_CTX_DAG_ID='hive_etl' AIRFLOW_CTX_TASK_ID='create_hive_table' AIRFLOW_CTX_EXECUTION_DATE='2023-04-17T00:00:00+00:00' AIRFLOW_CTX_TRY_NUMBER='1' AIRFLOW_CTX_DAG_RUN_ID='scheduled__2023-04-17T00:00:00+00:00'
[2024-07-17T09:44:23.657+0000] {__init__.py:115} DEBUG - Preparing lineage inlets and outlets
[2024-07-17T09:44:23.658+0000] {__init__.py:154} DEBUG - inlets: [], outlets: []
[2024-07-17T09:44:23.827+0000] {hive.py:609} DEBUG - TOpenSessionResp(status=TStatus(statusCode=0, infoMessages=None, sqlState=None, errorCode=None, errorMessage=None), serverProtocolVersion=5, sessionHandle=TSessionHandle(sessionId=THandleIdentifier(guid=b'\x1a6\x8f\x85U\xc8H\xa3\x82\x85K\x0c\xfe~\xe1\xfc', secret=b'\x12y\xd1\x15\xe9\xc4OT\xa1"\x99\x02gKX7')), configuration={'hive.server2.thrift.resultset.default.fetch.size': '1000'})
[2024-07-17T09:44:23.828+0000] {hive.py:475} INFO - USE `default`
[2024-07-17T09:44:23.828+0000] {hive.py:479} DEBUG - TExecuteStatementReq(sessionHandle=TSessionHandle(sessionId=THandleIdentifier(guid=b'\x1a6\x8f\x85U\xc8H\xa3\x82\x85K\x0c\xfe~\xe1\xfc', secret=b'\x12y\xd1\x15\xe9\xc4OT\xa1"\x99\x02gKX7')), statement='USE `default`', confOverlay=None, runAsync=False, queryTimeout=0)
[2024-07-17T09:44:25.062+0000] {hive.py:609} DEBUG - TExecuteStatementResp(status=TStatus(statusCode=0, infoMessages=None, sqlState=None, errorCode=None, errorMessage=None), operationHandle=TOperationHandle(operationId=THandleIdentifier(guid=b'\x10\xbf\xe6r\xbc\x89D\xd1\x9b\xe9W\x07n$\xaa\xce', secret=b'\xc4TV\x9e@\x80H\xad\xb7\xd0zO\xdd?\x16\x16'), operationType=0, hasResultSet=False, modifiedRowCount=None))
[2024-07-17T09:44:25.064+0000] {hive.py:609} DEBUG - TCloseOperationResp(status=TStatus(statusCode=0, infoMessages=None, sqlState=None, errorCode=None, errorMessage=None))
[2024-07-17T09:44:25.064+0000] {hive.py:475} INFO - 
    CREATE TABLE IF NOT EXISTS my_table (
        id INT,
        name STRING
    )
    ROW FORMAT DELIMITED
    FIELDS TERMINATED BY ','
    STORED AS TEXTFILE
    
[2024-07-17T09:44:25.064+0000] {hive.py:479} DEBUG - TExecuteStatementReq(sessionHandle=TSessionHandle(sessionId=THandleIdentifier(guid=b'\x1a6\x8f\x85U\xc8H\xa3\x82\x85K\x0c\xfe~\xe1\xfc', secret=b'\x12y\xd1\x15\xe9\xc4OT\xa1"\x99\x02gKX7')), statement="\n    CREATE TABLE IF NOT EXISTS my_table (\n        id INT,\n        name STRING\n    )\n    ROW FORMAT DELIMITED\n    FIELDS TERMINATED BY ','\n    STORED AS TEXTFILE\n    ", confOverlay=None, runAsync=False, queryTimeout=0)
[2024-07-17T09:44:28.151+0000] {hive.py:609} DEBUG - TExecuteStatementResp(status=TStatus(statusCode=0, infoMessages=None, sqlState=None, errorCode=None, errorMessage=None), operationHandle=TOperationHandle(operationId=THandleIdentifier(guid=b'\x91wq\x93\xa2\x0cJ\x9e\xa4\xb6\xc7Mt^(\x89', secret=b'<\xa9\xd2\xc1\xef3E\x17\xb2\x9e2.\x0f#\xdaV'), operationType=0, hasResultSet=False, modifiedRowCount=None))
[2024-07-17T09:44:28.165+0000] {hive.py:609} DEBUG - TCloseSessionResp(status=TStatus(statusCode=0, infoMessages=None, sqlState=None, errorCode=None, errorMessage=None))
[2024-07-17T09:44:28.165+0000] {python.py:202} INFO - Done. Returned value was: None
[2024-07-17T09:44:28.166+0000] {__init__.py:73} DEBUG - Lineage called with inlets: [], outlets: []
[2024-07-17T09:44:28.205+0000] {taskinstance.py:549} DEBUG - Clearing next_method and next_kwargs.
[2024-07-17T09:44:28.206+0000] {taskinstance.py:1149} INFO - Marking task as SUCCESS. dag_id=hive_etl, task_id=create_hive_table, execution_date=20230417T000000, start_date=20240717T094423, end_date=20240717T094428
[2024-07-17T09:44:28.206+0000] {taskinstance.py:527} DEBUG - Task Duration set to 4.802248
[2024-07-17T09:44:28.239+0000] {cli_action_loggers.py:85} DEBUG - Calling callbacks: []
[2024-07-17T09:44:28.268+0000] {local_task_job_runner.py:234} INFO - Task exited with return code 0
[2024-07-17T09:44:28.535+0000] {dagrun.py:876} DEBUG - number of tis tasks for <DagRun hive_etl @ 2023-04-17 00:00:00+00:00: scheduled__2023-04-17T00:00:00+00:00, state:running, queued_at: 2024-07-17 09:44:18.229289+00:00. externally triggered: False>: 3 task(s)
[2024-07-17T09:44:28.536+0000] {dagrun.py:897} DEBUG - number of scheduleable tasks for <DagRun hive_etl @ 2023-04-17 00:00:00+00:00: scheduled__2023-04-17T00:00:00+00:00, state:running, queued_at: 2024-07-17 09:44:18.229289+00:00. externally triggered: False>: 1 task(s)
[2024-07-17T09:44:28.537+0000] {taskinstance.py:1988} DEBUG - <TaskInstance: hive_etl.end scheduled__2023-04-17T00:00:00+00:00 [None]> dependency 'Trigger Rule' PASSED: False, Task's trigger rule 'all_success' requires all upstream tasks to have succeeded, but found 1 non-success(es). upstream_states=_UpstreamTIStates(success=0, skipped=0, failed=0, upstream_failed=0, removed=0, done=0, success_setup=0, skipped_setup=0), upstream_task_ids={'load_data_into_hive'}
[2024-07-17T09:44:28.537+0000] {taskinstance.py:1969} DEBUG - Dependencies not met for <TaskInstance: hive_etl.end scheduled__2023-04-17T00:00:00+00:00 [None]>, dependency 'Trigger Rule' FAILED: Task's trigger rule 'all_success' requires all upstream tasks to have succeeded, but found 1 non-success(es). upstream_states=_UpstreamTIStates(success=0, skipped=0, failed=0, upstream_failed=0, removed=0, done=0, success_setup=0, skipped_setup=0), upstream_task_ids={'load_data_into_hive'}
[2024-07-17T09:44:28.537+0000] {taskinstance.py:1988} DEBUG - <TaskInstance: hive_etl.end scheduled__2023-04-17T00:00:00+00:00 [None]> dependency 'Previous Dagrun State' PASSED: True, The task did not have depends_on_past set.
[2024-07-17T09:44:28.537+0000] {taskinstance.py:1988} DEBUG - <TaskInstance: hive_etl.end scheduled__2023-04-17T00:00:00+00:00 [None]> dependency 'Not In Retry Period' PASSED: True, The task instance was not marked for retrying.
[2024-07-17T09:44:28.555+0000] {taskinstance.py:3309} INFO - 0 downstream tasks scheduled from follow-on schedule check
