[2024-07-16T09:18:19.650+0000] {taskinstance.py:991} DEBUG - previous_execution_date was called
[2024-07-16T09:18:19.664+0000] {__init__.py:54} DEBUG - Loading core task runner: StandardTaskRunner
[2024-07-16T09:18:19.671+0000] {taskinstance.py:991} DEBUG - previous_execution_date was called
[2024-07-16T09:18:19.673+0000] {base_task_runner.py:72} DEBUG - Planning to run as the  user
[2024-07-16T09:18:19.687+0000] {taskinstance.py:1988} DEBUG - <TaskInstance: sample_dag.read_from_mysql manual__2024-07-16T08:54:44.687231+00:00 [queued]> dependency 'Trigger Rule' PASSED: True, The task instance did not have any upstream tasks.
[2024-07-16T09:18:19.688+0000] {taskinstance.py:1988} DEBUG - <TaskInstance: sample_dag.read_from_mysql manual__2024-07-16T08:54:44.687231+00:00 [queued]> dependency 'Task Instance Not Running' PASSED: True, Task is not in running state.
[2024-07-16T09:18:19.688+0000] {taskinstance.py:1988} DEBUG - <TaskInstance: sample_dag.read_from_mysql manual__2024-07-16T08:54:44.687231+00:00 [queued]> dependency 'Not In Retry Period' PASSED: True, The task instance was not marked for retrying.
[2024-07-16T09:18:19.688+0000] {taskinstance.py:1988} DEBUG - <TaskInstance: sample_dag.read_from_mysql manual__2024-07-16T08:54:44.687231+00:00 [queued]> dependency 'Task Instance State' PASSED: True, Task state queued was valid.
[2024-07-16T09:18:19.688+0000] {taskinstance.py:1988} DEBUG - <TaskInstance: sample_dag.read_from_mysql manual__2024-07-16T08:54:44.687231+00:00 [queued]> dependency 'Previous Dagrun State' PASSED: True, The task did not have depends_on_past set.
[2024-07-16T09:18:19.688+0000] {taskinstance.py:1979} INFO - Dependencies all met for dep_context=non-requeueable deps ti=<TaskInstance: sample_dag.read_from_mysql manual__2024-07-16T08:54:44.687231+00:00 [queued]>
[2024-07-16T09:18:19.689+0000] {taskinstance.py:1988} DEBUG - <TaskInstance: sample_dag.read_from_mysql manual__2024-07-16T08:54:44.687231+00:00 [queued]> dependency 'Trigger Rule' PASSED: True, The task instance did not have any upstream tasks.
[2024-07-16T09:18:19.691+0000] {taskinstance.py:1988} DEBUG - <TaskInstance: sample_dag.read_from_mysql manual__2024-07-16T08:54:44.687231+00:00 [queued]> dependency 'Task Concurrency' PASSED: True, Task concurrency is not set.
[2024-07-16T09:18:19.691+0000] {taskinstance.py:1988} DEBUG - <TaskInstance: sample_dag.read_from_mysql manual__2024-07-16T08:54:44.687231+00:00 [queued]> dependency 'Not In Retry Period' PASSED: True, The task instance was not marked for retrying.
[2024-07-16T09:18:19.693+0000] {taskinstance.py:1988} DEBUG - <TaskInstance: sample_dag.read_from_mysql manual__2024-07-16T08:54:44.687231+00:00 [queued]> dependency 'Pool Slots Available' PASSED: True, There are enough open slots in default_pool to execute the task
[2024-07-16T09:18:19.694+0000] {taskinstance.py:1988} DEBUG - <TaskInstance: sample_dag.read_from_mysql manual__2024-07-16T08:54:44.687231+00:00 [queued]> dependency 'Previous Dagrun State' PASSED: True, The task did not have depends_on_past set.
[2024-07-16T09:18:19.694+0000] {taskinstance.py:1979} INFO - Dependencies all met for dep_context=requeueable deps ti=<TaskInstance: sample_dag.read_from_mysql manual__2024-07-16T08:54:44.687231+00:00 [queued]>
[2024-07-16T09:18:19.694+0000] {taskinstance.py:2193} INFO - Starting attempt 2 of 2
[2024-07-16T09:18:19.702+0000] {taskinstance.py:2214} INFO - Executing <Task(PythonOperator): read_from_mysql> on 2024-07-16 08:54:44.687231+00:00
[2024-07-16T09:18:19.707+0000] {standard_task_runner.py:60} INFO - Started process 225 to run task
[2024-07-16T09:18:19.709+0000] {standard_task_runner.py:87} INFO - Running: ['***', 'tasks', 'run', 'sample_dag', 'read_from_mysql', 'manual__2024-07-16T08:54:44.687231+00:00', '--job-id', '1343', '--raw', '--subdir', 'DAGS_FOLDER/new.py', '--cfg-path', '/tmp/tmplwspv74m']
[2024-07-16T09:18:19.710+0000] {standard_task_runner.py:88} INFO - Job 1343: Subtask read_from_mysql
[2024-07-16T09:18:19.711+0000] {cli_action_loggers.py:67} DEBUG - Calling callbacks: [<function default_action_log at 0x746f87084ca0>]
[2024-07-16T09:18:19.738+0000] {taskinstance.py:991} DEBUG - previous_execution_date was called
[2024-07-16T09:18:19.740+0000] {task_command.py:423} INFO - Running <TaskInstance: sample_dag.read_from_mysql manual__2024-07-16T08:54:44.687231+00:00 [running]> on host fd06bd5975d6
[2024-07-16T09:18:19.740+0000] {settings.py:386} DEBUG - Disposing DB connection pool (PID 225)
[2024-07-16T09:18:19.741+0000] {settings.py:249} DEBUG - Setting up DB connection pool (PID 225)
[2024-07-16T09:18:19.741+0000] {settings.py:318} DEBUG - settings.prepare_engine_args(): Using NullPool
[2024-07-16T09:18:19.764+0000] {taskinstance.py:991} DEBUG - previous_execution_date was called
[2024-07-16T09:18:19.765+0000] {taskinstance.py:1769} DEBUG - Clearing XCom data
[2024-07-16T09:18:19.768+0000] {retries.py:93} DEBUG - Running RenderedTaskInstanceFields.write with retries. Try 1 of 3
[2024-07-16T09:18:19.783+0000] {retries.py:93} DEBUG - Running RenderedTaskInstanceFields._do_delete_old_records with retries. Try 1 of 3
[2024-07-16T09:18:19.791+0000] {taskinstance.py:2510} INFO - Exporting env vars: AIRFLOW_CTX_DAG_OWNER='***' AIRFLOW_CTX_DAG_ID='sample_dag' AIRFLOW_CTX_TASK_ID='read_from_mysql' AIRFLOW_CTX_EXECUTION_DATE='2024-07-16T08:54:44.687231+00:00' AIRFLOW_CTX_TRY_NUMBER='2' AIRFLOW_CTX_DAG_RUN_ID='manual__2024-07-16T08:54:44.687231+00:00'
[2024-07-16T09:18:19.791+0000] {__init__.py:115} DEBUG - Preparing lineage inlets and outlets
[2024-07-16T09:18:19.792+0000] {__init__.py:154} DEBUG - inlets: [], outlets: []
[2024-07-16T09:18:19.798+0000] {base.py:83} INFO - Using connection ID 'mysql_default' for task execution.
[2024-07-16T09:18:19.805+0000] {taskinstance.py:2728} ERROR - Task failed with exception
Traceback (most recent call last):
  File "/home/airflow/.local/lib/python3.10/site-packages/airflow/models/taskinstance.py", line 444, in _execute_task
    result = _execute_callable(context=context, **execute_callable_kwargs)
  File "/home/airflow/.local/lib/python3.10/site-packages/airflow/models/taskinstance.py", line 414, in _execute_callable
    return execute_callable(context=context, **execute_callable_kwargs)
  File "/home/airflow/.local/lib/python3.10/site-packages/airflow/operators/python.py", line 200, in execute
    return_value = self.execute_callable()
  File "/home/airflow/.local/lib/python3.10/site-packages/airflow/operators/python.py", line 217, in execute_callable
    return self.python_callable(*self.op_args, **self.op_kwargs)
  File "/opt/airflow/dags/new.py", line 10, in read_from_mysql
    cursor.execute("SELECT * FROM test_table;")
  File "/home/airflow/.local/lib/python3.10/site-packages/MySQLdb/cursors.py", line 179, in execute
    res = self._query(mogrified_query)
  File "/home/airflow/.local/lib/python3.10/site-packages/MySQLdb/cursors.py", line 330, in _query
    db.query(q)
  File "/home/airflow/.local/lib/python3.10/site-packages/MySQLdb/connections.py", line 261, in query
    _mysql.connection.query(self, query)
MySQLdb.ProgrammingError: (1146, "Table 'mydatabase.test_table' doesn't exist")
[2024-07-16T09:18:19.810+0000] {taskinstance.py:527} DEBUG - Task Duration set to 0.12154
[2024-07-16T09:18:19.811+0000] {taskinstance.py:549} DEBUG - Clearing next_method and next_kwargs.
[2024-07-16T09:18:19.811+0000] {taskinstance.py:1149} INFO - Marking task as FAILED. dag_id=sample_dag, task_id=read_from_mysql, execution_date=20240716T085444, start_date=20240716T091819, end_date=20240716T091819
[2024-07-16T09:18:19.818+0000] {cli_action_loggers.py:85} DEBUG - Calling callbacks: []
[2024-07-16T09:18:19.818+0000] {standard_task_runner.py:107} ERROR - Failed to execute job 1343 for task read_from_mysql ((1146, "Table 'mydatabase.test_table' doesn't exist"); 225)
[2024-07-16T09:18:19.840+0000] {local_task_job_runner.py:234} INFO - Task exited with return code 1
[2024-07-16T09:18:19.856+0000] {dagrun.py:876} DEBUG - number of tis tasks for <DagRun sample_dag @ 2024-07-16 08:54:44.687231+00:00: manual__2024-07-16T08:54:44.687231+00:00, state:running, queued_at: 2024-07-16 08:54:44.698454+00:00. externally triggered: True>: 0 task(s)
[2024-07-16T09:18:19.856+0000] {taskinstance.py:3309} INFO - 0 downstream tasks scheduled from follow-on schedule check
