[2024-07-16T09:24:51.211+0000] {taskinstance.py:991} DEBUG - previous_execution_date was called
[2024-07-16T09:24:51.233+0000] {__init__.py:54} DEBUG - Loading core task runner: StandardTaskRunner
[2024-07-16T09:24:51.242+0000] {taskinstance.py:991} DEBUG - previous_execution_date was called
[2024-07-16T09:24:51.247+0000] {base_task_runner.py:72} DEBUG - Planning to run as the  user
[2024-07-16T09:24:51.266+0000] {taskinstance.py:1988} DEBUG - <TaskInstance: sample_dag.read_from_mysql manual__2024-07-16T09:24:50.102349+00:00 [queued]> dependency 'Trigger Rule' PASSED: True, The task instance did not have any upstream tasks.
[2024-07-16T09:24:51.266+0000] {taskinstance.py:1988} DEBUG - <TaskInstance: sample_dag.read_from_mysql manual__2024-07-16T09:24:50.102349+00:00 [queued]> dependency 'Task Instance Not Running' PASSED: True, Task is not in running state.
[2024-07-16T09:24:51.266+0000] {taskinstance.py:1988} DEBUG - <TaskInstance: sample_dag.read_from_mysql manual__2024-07-16T09:24:50.102349+00:00 [queued]> dependency 'Not In Retry Period' PASSED: True, The task instance was not marked for retrying.
[2024-07-16T09:24:51.267+0000] {taskinstance.py:1988} DEBUG - <TaskInstance: sample_dag.read_from_mysql manual__2024-07-16T09:24:50.102349+00:00 [queued]> dependency 'Task Instance State' PASSED: True, Task state queued was valid.
[2024-07-16T09:24:51.267+0000] {taskinstance.py:1988} DEBUG - <TaskInstance: sample_dag.read_from_mysql manual__2024-07-16T09:24:50.102349+00:00 [queued]> dependency 'Previous Dagrun State' PASSED: True, The task did not have depends_on_past set.
[2024-07-16T09:24:51.267+0000] {taskinstance.py:1979} INFO - Dependencies all met for dep_context=non-requeueable deps ti=<TaskInstance: sample_dag.read_from_mysql manual__2024-07-16T09:24:50.102349+00:00 [queued]>
[2024-07-16T09:24:51.268+0000] {taskinstance.py:1988} DEBUG - <TaskInstance: sample_dag.read_from_mysql manual__2024-07-16T09:24:50.102349+00:00 [queued]> dependency 'Trigger Rule' PASSED: True, The task instance did not have any upstream tasks.
[2024-07-16T09:24:51.270+0000] {taskinstance.py:1988} DEBUG - <TaskInstance: sample_dag.read_from_mysql manual__2024-07-16T09:24:50.102349+00:00 [queued]> dependency 'Task Concurrency' PASSED: True, Task concurrency is not set.
[2024-07-16T09:24:51.270+0000] {taskinstance.py:1988} DEBUG - <TaskInstance: sample_dag.read_from_mysql manual__2024-07-16T09:24:50.102349+00:00 [queued]> dependency 'Not In Retry Period' PASSED: True, The task instance was not marked for retrying.
[2024-07-16T09:24:51.274+0000] {taskinstance.py:1988} DEBUG - <TaskInstance: sample_dag.read_from_mysql manual__2024-07-16T09:24:50.102349+00:00 [queued]> dependency 'Pool Slots Available' PASSED: True, There are enough open slots in default_pool to execute the task
[2024-07-16T09:24:51.274+0000] {taskinstance.py:1988} DEBUG - <TaskInstance: sample_dag.read_from_mysql manual__2024-07-16T09:24:50.102349+00:00 [queued]> dependency 'Previous Dagrun State' PASSED: True, The task did not have depends_on_past set.
[2024-07-16T09:24:51.274+0000] {taskinstance.py:1979} INFO - Dependencies all met for dep_context=requeueable deps ti=<TaskInstance: sample_dag.read_from_mysql manual__2024-07-16T09:24:50.102349+00:00 [queued]>
[2024-07-16T09:24:51.274+0000] {taskinstance.py:2193} INFO - Starting attempt 1 of 2
[2024-07-16T09:24:51.285+0000] {taskinstance.py:2214} INFO - Executing <Task(PythonOperator): read_from_mysql> on 2024-07-16 09:24:50.102349+00:00
[2024-07-16T09:24:51.290+0000] {standard_task_runner.py:60} INFO - Started process 367 to run task
[2024-07-16T09:24:51.292+0000] {standard_task_runner.py:87} INFO - Running: ['***', 'tasks', 'run', 'sample_dag', 'read_from_mysql', 'manual__2024-07-16T09:24:50.102349+00:00', '--job-id', '1362', '--raw', '--subdir', 'DAGS_FOLDER/new.py', '--cfg-path', '/tmp/tmpmbj4nw08']
[2024-07-16T09:24:51.294+0000] {standard_task_runner.py:88} INFO - Job 1362: Subtask read_from_mysql
[2024-07-16T09:24:51.294+0000] {cli_action_loggers.py:67} DEBUG - Calling callbacks: [<function default_action_log at 0x746f87084ca0>]
[2024-07-16T09:24:51.324+0000] {taskinstance.py:991} DEBUG - previous_execution_date was called
[2024-07-16T09:24:51.329+0000] {task_command.py:423} INFO - Running <TaskInstance: sample_dag.read_from_mysql manual__2024-07-16T09:24:50.102349+00:00 [running]> on host fd06bd5975d6
[2024-07-16T09:24:51.330+0000] {settings.py:386} DEBUG - Disposing DB connection pool (PID 367)
[2024-07-16T09:24:51.330+0000] {settings.py:249} DEBUG - Setting up DB connection pool (PID 367)
[2024-07-16T09:24:51.330+0000] {settings.py:318} DEBUG - settings.prepare_engine_args(): Using NullPool
[2024-07-16T09:24:51.357+0000] {taskinstance.py:991} DEBUG - previous_execution_date was called
[2024-07-16T09:24:51.363+0000] {taskinstance.py:1769} DEBUG - Clearing XCom data
[2024-07-16T09:24:51.367+0000] {retries.py:93} DEBUG - Running RenderedTaskInstanceFields.write with retries. Try 1 of 3
[2024-07-16T09:24:51.387+0000] {retries.py:93} DEBUG - Running RenderedTaskInstanceFields._do_delete_old_records with retries. Try 1 of 3
[2024-07-16T09:24:51.399+0000] {taskinstance.py:2510} INFO - Exporting env vars: AIRFLOW_CTX_DAG_OWNER='***' AIRFLOW_CTX_DAG_ID='sample_dag' AIRFLOW_CTX_TASK_ID='read_from_mysql' AIRFLOW_CTX_EXECUTION_DATE='2024-07-16T09:24:50.102349+00:00' AIRFLOW_CTX_TRY_NUMBER='1' AIRFLOW_CTX_DAG_RUN_ID='manual__2024-07-16T09:24:50.102349+00:00'
[2024-07-16T09:24:51.400+0000] {__init__.py:115} DEBUG - Preparing lineage inlets and outlets
[2024-07-16T09:24:51.402+0000] {__init__.py:154} DEBUG - inlets: [], outlets: []
[2024-07-16T09:24:51.411+0000] {base.py:83} INFO - Using connection ID 'mysql_default' for task execution.
[2024-07-16T09:24:51.421+0000] {logging_mixin.py:188} INFO - (1,)
[2024-07-16T09:24:51.422+0000] {python.py:202} INFO - Done. Returned value was: None
[2024-07-16T09:24:51.423+0000] {__init__.py:73} DEBUG - Lineage called with inlets: [], outlets: []
[2024-07-16T09:24:51.432+0000] {taskinstance.py:549} DEBUG - Clearing next_method and next_kwargs.
[2024-07-16T09:24:51.432+0000] {taskinstance.py:1149} INFO - Marking task as SUCCESS. dag_id=sample_dag, task_id=read_from_mysql, execution_date=20240716T092450, start_date=20240716T092451, end_date=20240716T092451
[2024-07-16T09:24:51.432+0000] {taskinstance.py:527} DEBUG - Task Duration set to 0.164924
[2024-07-16T09:24:51.444+0000] {cli_action_loggers.py:85} DEBUG - Calling callbacks: []
[2024-07-16T09:24:51.464+0000] {local_task_job_runner.py:234} INFO - Task exited with return code 0
[2024-07-16T09:24:51.476+0000] {dagrun.py:876} DEBUG - number of tis tasks for <DagRun sample_dag @ 2024-07-16 09:24:50.102349+00:00: manual__2024-07-16T09:24:50.102349+00:00, state:running, queued_at: 2024-07-16 09:24:50.109116+00:00. externally triggered: True>: 0 task(s)
[2024-07-16T09:24:51.476+0000] {taskinstance.py:3309} INFO - 0 downstream tasks scheduled from follow-on schedule check
