[2024-07-17T10:06:55.220+0000] {taskinstance.py:991} DEBUG - previous_execution_date was called
[2024-07-17T10:06:55.232+0000] {__init__.py:54} DEBUG - Loading core task runner: StandardTaskRunner
[2024-07-17T10:06:55.247+0000] {taskinstance.py:991} DEBUG - previous_execution_date was called
[2024-07-17T10:06:55.249+0000] {base_task_runner.py:72} DEBUG - Planning to run as the  user
[2024-07-17T10:06:55.278+0000] {taskinstance.py:1988} DEBUG - <TaskInstance: hive_etl.create_hive_table scheduled__2023-05-17T00:00:00+00:00 [queued]> dependency 'Previous Dagrun State' PASSED: True, The task did not have depends_on_past set.
[2024-07-17T10:06:55.286+0000] {taskinstance.py:1988} DEBUG - <TaskInstance: hive_etl.create_hive_table scheduled__2023-05-17T00:00:00+00:00 [queued]> dependency 'Task Instance Not Running' PASSED: True, Task is not in running state.
[2024-07-17T10:06:55.286+0000] {taskinstance.py:1988} DEBUG - <TaskInstance: hive_etl.create_hive_table scheduled__2023-05-17T00:00:00+00:00 [queued]> dependency 'Not In Retry Period' PASSED: True, The task instance was not marked for retrying.
[2024-07-17T10:06:55.287+0000] {taskinstance.py:1988} DEBUG - <TaskInstance: hive_etl.create_hive_table scheduled__2023-05-17T00:00:00+00:00 [queued]> dependency 'Task Instance State' PASSED: True, Task state queued was valid.
[2024-07-17T10:06:55.287+0000] {taskinstance.py:1979} INFO - Dependencies all met for dep_context=non-requeueable deps ti=<TaskInstance: hive_etl.create_hive_table scheduled__2023-05-17T00:00:00+00:00 [queued]>
[2024-07-17T10:06:55.287+0000] {taskinstance.py:1988} DEBUG - <TaskInstance: hive_etl.create_hive_table scheduled__2023-05-17T00:00:00+00:00 [queued]> dependency 'Task Concurrency' PASSED: True, Task concurrency is not set.
[2024-07-17T10:06:55.288+0000] {taskinstance.py:1988} DEBUG - <TaskInstance: hive_etl.create_hive_table scheduled__2023-05-17T00:00:00+00:00 [queued]> dependency 'Previous Dagrun State' PASSED: True, The task did not have depends_on_past set.
[2024-07-17T10:06:55.291+0000] {taskinstance.py:1988} DEBUG - <TaskInstance: hive_etl.create_hive_table scheduled__2023-05-17T00:00:00+00:00 [queued]> dependency 'Not In Retry Period' PASSED: True, The task instance was not marked for retrying.
[2024-07-17T10:06:55.302+0000] {taskinstance.py:1988} DEBUG - <TaskInstance: hive_etl.create_hive_table scheduled__2023-05-17T00:00:00+00:00 [queued]> dependency 'Pool Slots Available' PASSED: True, There are enough open slots in default_pool to execute the task
[2024-07-17T10:06:55.303+0000] {taskinstance.py:1979} INFO - Dependencies all met for dep_context=requeueable deps ti=<TaskInstance: hive_etl.create_hive_table scheduled__2023-05-17T00:00:00+00:00 [queued]>
[2024-07-17T10:06:55.303+0000] {taskinstance.py:2193} INFO - Starting attempt 1 of 2
[2024-07-17T10:06:55.322+0000] {taskinstance.py:2214} INFO - Executing <Task(PythonOperator): create_hive_table> on 2023-05-17 00:00:00+00:00
[2024-07-17T10:06:55.331+0000] {standard_task_runner.py:60} INFO - Started process 314 to run task
[2024-07-17T10:06:55.335+0000] {standard_task_runner.py:87} INFO - Running: ['***', 'tasks', 'run', 'hive_etl', 'create_hive_table', 'scheduled__2023-05-17T00:00:00+00:00', '--job-id', '2004', '--raw', '--subdir', 'DAGS_FOLDER/new.py', '--cfg-path', '/tmp/tmpbhvkhf58']
[2024-07-17T10:06:55.336+0000] {standard_task_runner.py:88} INFO - Job 2004: Subtask create_hive_table
[2024-07-17T10:06:55.337+0000] {cli_action_loggers.py:67} DEBUG - Calling callbacks: [<function default_action_log at 0x74ba8524ef80>]
[2024-07-17T10:06:55.373+0000] {taskinstance.py:991} DEBUG - previous_execution_date was called
[2024-07-17T10:06:55.377+0000] {task_command.py:423} INFO - Running <TaskInstance: hive_etl.create_hive_table scheduled__2023-05-17T00:00:00+00:00 [running]> on host d0d849f06491
[2024-07-17T10:06:55.377+0000] {settings.py:386} DEBUG - Disposing DB connection pool (PID 314)
[2024-07-17T10:06:55.378+0000] {settings.py:249} DEBUG - Setting up DB connection pool (PID 314)
[2024-07-17T10:06:55.378+0000] {settings.py:318} DEBUG - settings.prepare_engine_args(): Using NullPool
[2024-07-17T10:06:55.417+0000] {taskinstance.py:991} DEBUG - previous_execution_date was called
[2024-07-17T10:06:55.420+0000] {taskinstance.py:1769} DEBUG - Clearing XCom data
[2024-07-17T10:06:55.424+0000] {retries.py:93} DEBUG - Running RenderedTaskInstanceFields.write with retries. Try 1 of 3
[2024-07-17T10:06:55.446+0000] {retries.py:93} DEBUG - Running RenderedTaskInstanceFields._do_delete_old_records with retries. Try 1 of 3
[2024-07-17T10:06:55.458+0000] {taskinstance.py:2510} INFO - Exporting env vars: AIRFLOW_CTX_DAG_OWNER='***' AIRFLOW_CTX_DAG_ID='hive_etl' AIRFLOW_CTX_TASK_ID='create_hive_table' AIRFLOW_CTX_EXECUTION_DATE='2023-05-17T00:00:00+00:00' AIRFLOW_CTX_TRY_NUMBER='1' AIRFLOW_CTX_DAG_RUN_ID='scheduled__2023-05-17T00:00:00+00:00'
[2024-07-17T10:06:55.459+0000] {__init__.py:115} DEBUG - Preparing lineage inlets and outlets
[2024-07-17T10:06:55.460+0000] {__init__.py:154} DEBUG - inlets: [], outlets: []
[2024-07-17T10:06:55.569+0000] {hive.py:609} DEBUG - TOpenSessionResp(status=TStatus(statusCode=0, infoMessages=None, sqlState=None, errorCode=None, errorMessage=None), serverProtocolVersion=5, sessionHandle=TSessionHandle(sessionId=THandleIdentifier(guid=b'\x8e\xd0\x0cmO]M\x1f\x95}Hj\xbf)\x82\xb0', secret=b'\xe4:.lh!@\x8b\xb2\x86\x8b\xb8/\xe7\x10\xa8')), configuration={'hive.server2.thrift.resultset.default.fetch.size': '1000'})
[2024-07-17T10:06:55.569+0000] {hive.py:475} INFO - USE `default`
[2024-07-17T10:06:55.570+0000] {hive.py:479} DEBUG - TExecuteStatementReq(sessionHandle=TSessionHandle(sessionId=THandleIdentifier(guid=b'\x8e\xd0\x0cmO]M\x1f\x95}Hj\xbf)\x82\xb0', secret=b'\xe4:.lh!@\x8b\xb2\x86\x8b\xb8/\xe7\x10\xa8')), statement='USE `default`', confOverlay=None, runAsync=False, queryTimeout=0)
[2024-07-17T10:06:55.621+0000] {hive.py:609} DEBUG - TExecuteStatementResp(status=TStatus(statusCode=0, infoMessages=None, sqlState=None, errorCode=None, errorMessage=None), operationHandle=TOperationHandle(operationId=THandleIdentifier(guid=b'\x1ch\x8968\x8aN7\x8e\xd0\xc9\xcb\x16\rg\xe5', secret=b'\x0b\xe3\x0e\x0bq\xa0B*\xa6xR\xc0\xa4:\xd6\xed'), operationType=0, hasResultSet=False, modifiedRowCount=None))
[2024-07-17T10:06:55.622+0000] {hive.py:609} DEBUG - TCloseOperationResp(status=TStatus(statusCode=0, infoMessages=None, sqlState=None, errorCode=None, errorMessage=None))
[2024-07-17T10:06:55.622+0000] {hive.py:475} INFO - 
    CREATE TABLE IF NOT EXISTS my_table (
        id INT,
        name STRING
    )
    ROW FORMAT DELIMITED
    FIELDS TERMINATED BY ','
    STORED AS TEXTFILE
    
[2024-07-17T10:06:55.623+0000] {hive.py:479} DEBUG - TExecuteStatementReq(sessionHandle=TSessionHandle(sessionId=THandleIdentifier(guid=b'\x8e\xd0\x0cmO]M\x1f\x95}Hj\xbf)\x82\xb0', secret=b'\xe4:.lh!@\x8b\xb2\x86\x8b\xb8/\xe7\x10\xa8')), statement="\n    CREATE TABLE IF NOT EXISTS my_table (\n        id INT,\n        name STRING\n    )\n    ROW FORMAT DELIMITED\n    FIELDS TERMINATED BY ','\n    STORED AS TEXTFILE\n    ", confOverlay=None, runAsync=False, queryTimeout=0)
[2024-07-17T10:06:55.638+0000] {hive.py:609} DEBUG - TExecuteStatementResp(status=TStatus(statusCode=0, infoMessages=None, sqlState=None, errorCode=None, errorMessage=None), operationHandle=TOperationHandle(operationId=THandleIdentifier(guid=b'\xbfy\xca\xb1|\xddN\xcd\x94A\x8bz\xab)@9', secret=b"5#@\xdc\xa2\xb4I'\xb6g\x9a\x9c&\xa1\x90\xac"), operationType=0, hasResultSet=False, modifiedRowCount=None))
[2024-07-17T10:06:55.642+0000] {hive.py:609} DEBUG - TCloseSessionResp(status=TStatus(statusCode=0, infoMessages=None, sqlState=None, errorCode=None, errorMessage=None))
[2024-07-17T10:06:55.643+0000] {python.py:202} INFO - Done. Returned value was: None
[2024-07-17T10:06:55.643+0000] {__init__.py:73} DEBUG - Lineage called with inlets: [], outlets: []
[2024-07-17T10:06:55.652+0000] {taskinstance.py:549} DEBUG - Clearing next_method and next_kwargs.
[2024-07-17T10:06:55.653+0000] {taskinstance.py:1149} INFO - Marking task as SUCCESS. dag_id=hive_etl, task_id=create_hive_table, execution_date=20230517T000000, start_date=20240717T100655, end_date=20240717T100655
[2024-07-17T10:06:55.653+0000] {taskinstance.py:527} DEBUG - Task Duration set to 0.36541
[2024-07-17T10:06:55.665+0000] {cli_action_loggers.py:85} DEBUG - Calling callbacks: []
[2024-07-17T10:06:55.709+0000] {local_task_job_runner.py:234} INFO - Task exited with return code 0
[2024-07-17T10:06:55.929+0000] {dagrun.py:876} DEBUG - number of tis tasks for <DagRun hive_etl @ 2023-05-17 00:00:00+00:00: scheduled__2023-05-17T00:00:00+00:00, state:running, queued_at: 2024-07-17 10:06:51.591961+00:00. externally triggered: False>: 3 task(s)
[2024-07-17T10:06:55.929+0000] {dagrun.py:897} DEBUG - number of scheduleable tasks for <DagRun hive_etl @ 2023-05-17 00:00:00+00:00: scheduled__2023-05-17T00:00:00+00:00, state:running, queued_at: 2024-07-17 10:06:51.591961+00:00. externally triggered: False>: 1 task(s)
[2024-07-17T10:06:55.930+0000] {taskinstance.py:1988} DEBUG - <TaskInstance: hive_etl.end scheduled__2023-05-17T00:00:00+00:00 [None]> dependency 'Trigger Rule' PASSED: False, Task's trigger rule 'all_success' requires all upstream tasks to have succeeded, but found 1 non-success(es). upstream_states=_UpstreamTIStates(success=0, skipped=0, failed=0, upstream_failed=0, removed=0, done=0, success_setup=0, skipped_setup=0), upstream_task_ids={'load_data_into_hive'}
[2024-07-17T10:06:55.930+0000] {taskinstance.py:1969} DEBUG - Dependencies not met for <TaskInstance: hive_etl.end scheduled__2023-05-17T00:00:00+00:00 [None]>, dependency 'Trigger Rule' FAILED: Task's trigger rule 'all_success' requires all upstream tasks to have succeeded, but found 1 non-success(es). upstream_states=_UpstreamTIStates(success=0, skipped=0, failed=0, upstream_failed=0, removed=0, done=0, success_setup=0, skipped_setup=0), upstream_task_ids={'load_data_into_hive'}
[2024-07-17T10:06:55.931+0000] {taskinstance.py:1988} DEBUG - <TaskInstance: hive_etl.end scheduled__2023-05-17T00:00:00+00:00 [None]> dependency 'Not In Retry Period' PASSED: True, The task instance was not marked for retrying.
[2024-07-17T10:06:55.931+0000] {taskinstance.py:1988} DEBUG - <TaskInstance: hive_etl.end scheduled__2023-05-17T00:00:00+00:00 [None]> dependency 'Previous Dagrun State' PASSED: True, The task did not have depends_on_past set.
[2024-07-17T10:06:55.936+0000] {taskinstance.py:3309} INFO - 0 downstream tasks scheduled from follow-on schedule check
