[2024-07-17T14:38:55.191+0000] {taskinstance.py:991} DEBUG - previous_execution_date was called
[2024-07-17T14:38:55.204+0000] {__init__.py:54} DEBUG - Loading core task runner: StandardTaskRunner
[2024-07-17T14:38:55.216+0000] {taskinstance.py:991} DEBUG - previous_execution_date was called
[2024-07-17T14:38:55.219+0000] {base_task_runner.py:72} DEBUG - Planning to run as the  user
[2024-07-17T14:38:55.245+0000] {taskinstance.py:1988} DEBUG - <TaskInstance: hive_etl.extract_from_mysql scheduled__2023-07-09T00:00:00+00:00 [queued]> dependency 'Task Instance State' PASSED: True, Task state queued was valid.
[2024-07-17T14:38:55.245+0000] {taskinstance.py:1988} DEBUG - <TaskInstance: hive_etl.extract_from_mysql scheduled__2023-07-09T00:00:00+00:00 [queued]> dependency 'Task Instance Not Running' PASSED: True, Task is not in running state.
[2024-07-17T14:38:55.245+0000] {taskinstance.py:1988} DEBUG - <TaskInstance: hive_etl.extract_from_mysql scheduled__2023-07-09T00:00:00+00:00 [queued]> dependency 'Previous Dagrun State' PASSED: True, The task did not have depends_on_past set.
[2024-07-17T14:38:55.245+0000] {taskinstance.py:1988} DEBUG - <TaskInstance: hive_etl.extract_from_mysql scheduled__2023-07-09T00:00:00+00:00 [queued]> dependency 'Not In Retry Period' PASSED: True, The task instance was not marked for retrying.
[2024-07-17T14:38:55.246+0000] {taskinstance.py:1979} INFO - Dependencies all met for dep_context=non-requeueable deps ti=<TaskInstance: hive_etl.extract_from_mysql scheduled__2023-07-09T00:00:00+00:00 [queued]>
[2024-07-17T14:38:55.250+0000] {taskinstance.py:1988} DEBUG - <TaskInstance: hive_etl.extract_from_mysql scheduled__2023-07-09T00:00:00+00:00 [queued]> dependency 'Pool Slots Available' PASSED: True, There are enough open slots in default_pool to execute the task
[2024-07-17T14:38:55.253+0000] {taskinstance.py:1988} DEBUG - <TaskInstance: hive_etl.extract_from_mysql scheduled__2023-07-09T00:00:00+00:00 [queued]> dependency 'Task Concurrency' PASSED: True, Task concurrency is not set.
[2024-07-17T14:38:55.255+0000] {taskinstance.py:1988} DEBUG - <TaskInstance: hive_etl.extract_from_mysql scheduled__2023-07-09T00:00:00+00:00 [queued]> dependency 'Previous Dagrun State' PASSED: True, The task did not have depends_on_past set.
[2024-07-17T14:38:55.256+0000] {taskinstance.py:1988} DEBUG - <TaskInstance: hive_etl.extract_from_mysql scheduled__2023-07-09T00:00:00+00:00 [queued]> dependency 'Not In Retry Period' PASSED: True, The task instance was not marked for retrying.
[2024-07-17T14:38:55.256+0000] {taskinstance.py:1979} INFO - Dependencies all met for dep_context=requeueable deps ti=<TaskInstance: hive_etl.extract_from_mysql scheduled__2023-07-09T00:00:00+00:00 [queued]>
[2024-07-17T14:38:55.256+0000] {taskinstance.py:2193} INFO - Starting attempt 1 of 2
[2024-07-17T14:38:55.270+0000] {taskinstance.py:2214} INFO - Executing <Task(PythonOperator): extract_from_mysql> on 2023-07-09 00:00:00+00:00
[2024-07-17T14:38:55.277+0000] {standard_task_runner.py:60} INFO - Started process 141 to run task
[2024-07-17T14:38:55.280+0000] {standard_task_runner.py:87} INFO - Running: ['***', 'tasks', 'run', 'hive_etl', 'extract_from_mysql', 'scheduled__2023-07-09T00:00:00+00:00', '--job-id', '2207', '--raw', '--subdir', 'DAGS_FOLDER/new.py', '--cfg-path', '/tmp/tmp4efjwoas']
[2024-07-17T14:38:55.281+0000] {standard_task_runner.py:88} INFO - Job 2207: Subtask extract_from_mysql
[2024-07-17T14:38:55.282+0000] {cli_action_loggers.py:67} DEBUG - Calling callbacks: [<function default_action_log at 0x78a73b356f80>]
[2024-07-17T14:38:55.328+0000] {taskinstance.py:991} DEBUG - previous_execution_date was called
[2024-07-17T14:38:55.331+0000] {task_command.py:423} INFO - Running <TaskInstance: hive_etl.extract_from_mysql scheduled__2023-07-09T00:00:00+00:00 [running]> on host 8c50a8ad787d
[2024-07-17T14:38:55.331+0000] {settings.py:386} DEBUG - Disposing DB connection pool (PID 141)
[2024-07-17T14:38:55.331+0000] {settings.py:249} DEBUG - Setting up DB connection pool (PID 141)
[2024-07-17T14:38:55.332+0000] {settings.py:318} DEBUG - settings.prepare_engine_args(): Using NullPool
[2024-07-17T14:38:55.372+0000] {taskinstance.py:991} DEBUG - previous_execution_date was called
[2024-07-17T14:38:55.374+0000] {taskinstance.py:1769} DEBUG - Clearing XCom data
[2024-07-17T14:38:55.379+0000] {retries.py:93} DEBUG - Running RenderedTaskInstanceFields.write with retries. Try 1 of 3
[2024-07-17T14:38:55.407+0000] {retries.py:93} DEBUG - Running RenderedTaskInstanceFields._do_delete_old_records with retries. Try 1 of 3
[2024-07-17T14:38:55.420+0000] {taskinstance.py:2510} INFO - Exporting env vars: AIRFLOW_CTX_DAG_OWNER='***' AIRFLOW_CTX_DAG_ID='hive_etl' AIRFLOW_CTX_TASK_ID='extract_from_mysql' AIRFLOW_CTX_EXECUTION_DATE='2023-07-09T00:00:00+00:00' AIRFLOW_CTX_TRY_NUMBER='1' AIRFLOW_CTX_DAG_RUN_ID='scheduled__2023-07-09T00:00:00+00:00'
[2024-07-17T14:38:55.420+0000] {__init__.py:115} DEBUG - Preparing lineage inlets and outlets
[2024-07-17T14:38:55.421+0000] {__init__.py:154} DEBUG - inlets: [], outlets: []
[2024-07-17T14:38:55.430+0000] {base.py:83} INFO - Using connection ID 'mysql_default' for task execution.
[2024-07-17T14:39:00.374+0000] {job.py:209} DEBUG - [heartbeat]
[2024-07-17T14:39:05.416+0000] {job.py:209} DEBUG - [heartbeat]
[2024-07-17T14:39:10.459+0000] {job.py:209} DEBUG - [heartbeat]
[2024-07-17T14:39:15.498+0000] {job.py:209} DEBUG - [heartbeat]
[2024-07-17T14:39:20.578+0000] {job.py:209} DEBUG - [heartbeat]
[2024-07-17T14:39:25.620+0000] {job.py:209} DEBUG - [heartbeat]
[2024-07-17T14:39:30.677+0000] {job.py:209} DEBUG - [heartbeat]
[2024-07-17T14:39:35.718+0000] {job.py:209} DEBUG - [heartbeat]
[2024-07-17T14:39:40.816+0000] {job.py:209} DEBUG - [heartbeat]
[2024-07-17T14:39:45.898+0000] {job.py:209} DEBUG - [heartbeat]
[2024-07-17T14:39:50.937+0000] {job.py:209} DEBUG - [heartbeat]
[2024-07-17T14:39:56.077+0000] {job.py:209} DEBUG - [heartbeat]
[2024-07-17T14:40:01.126+0000] {job.py:209} DEBUG - [heartbeat]
[2024-07-17T14:40:06.168+0000] {job.py:209} DEBUG - [heartbeat]
[2024-07-17T14:40:11.247+0000] {job.py:209} DEBUG - [heartbeat]
[2024-07-17T14:40:16.318+0000] {job.py:209} DEBUG - [heartbeat]
[2024-07-17T14:40:21.357+0000] {job.py:209} DEBUG - [heartbeat]
[2024-07-17T14:40:26.395+0000] {job.py:209} DEBUG - [heartbeat]
[2024-07-17T14:40:31.435+0000] {job.py:209} DEBUG - [heartbeat]
[2024-07-17T14:40:36.474+0000] {job.py:209} DEBUG - [heartbeat]
[2024-07-17T14:40:41.510+0000] {job.py:209} DEBUG - [heartbeat]
[2024-07-17T14:40:46.549+0000] {job.py:209} DEBUG - [heartbeat]
[2024-07-17T14:40:51.589+0000] {job.py:209} DEBUG - [heartbeat]
[2024-07-17T14:40:56.657+0000] {job.py:209} DEBUG - [heartbeat]
[2024-07-17T14:41:01.726+0000] {job.py:209} DEBUG - [heartbeat]
[2024-07-17T14:41:06.764+0000] {job.py:209} DEBUG - [heartbeat]
[2024-07-17T14:41:10.046+0000] {taskinstance.py:2728} ERROR - Task failed with exception
Traceback (most recent call last):
  File "/home/airflow/.local/lib/python3.10/site-packages/airflow/models/taskinstance.py", line 444, in _execute_task
    result = _execute_callable(context=context, **execute_callable_kwargs)
  File "/home/airflow/.local/lib/python3.10/site-packages/airflow/models/taskinstance.py", line 414, in _execute_callable
    return execute_callable(context=context, **execute_callable_kwargs)
  File "/home/airflow/.local/lib/python3.10/site-packages/airflow/operators/python.py", line 200, in execute
    return_value = self.execute_callable()
  File "/home/airflow/.local/lib/python3.10/site-packages/airflow/operators/python.py", line 217, in execute_callable
    return self.python_callable(*self.op_args, **self.op_kwargs)
  File "/opt/airflow/dags/new.py", line 23, in extract_from_mysql
    extracted_df = mysql_hook.get_pandas_df(sql)
  File "/home/airflow/.local/lib/python3.10/site-packages/airflow/providers/common/sql/hooks/sql.py", line 226, in get_pandas_df
    with closing(self.get_conn()) as conn:
  File "/home/airflow/.local/lib/python3.10/site-packages/airflow/providers/mysql/hooks/mysql.py", line 195, in get_conn
    return MySQLdb.connect(**conn_config)
  File "/home/airflow/.local/lib/python3.10/site-packages/MySQLdb/__init__.py", line 121, in Connect
    return Connection(*args, **kwargs)
  File "/home/airflow/.local/lib/python3.10/site-packages/MySQLdb/connections.py", line 195, in __init__
    super().__init__(*args, **kwargs2)
MySQLdb.OperationalError: (2002, "Can't connect to server on '172.16.9.72' (115)")
[2024-07-17T14:41:10.055+0000] {taskinstance.py:527} DEBUG - Task Duration set to 134.809221
[2024-07-17T14:41:10.057+0000] {taskinstance.py:549} DEBUG - Clearing next_method and next_kwargs.
[2024-07-17T14:41:10.058+0000] {taskinstance.py:1149} INFO - Marking task as UP_FOR_RETRY. dag_id=hive_etl, task_id=extract_from_mysql, execution_date=20230709T000000, start_date=20240717T143855, end_date=20240717T144110
[2024-07-17T14:41:10.069+0000] {cli_action_loggers.py:85} DEBUG - Calling callbacks: []
[2024-07-17T14:41:10.070+0000] {standard_task_runner.py:107} ERROR - Failed to execute job 2207 for task extract_from_mysql ((2002, "Can't connect to server on '172.16.9.72' (115)"); 141)
[2024-07-17T14:41:10.104+0000] {local_task_job_runner.py:234} INFO - Task exited with return code 1
[2024-07-17T14:41:10.119+0000] {dagrun.py:876} DEBUG - number of tis tasks for <DagRun hive_etl @ 2023-07-09 00:00:00+00:00: scheduled__2023-07-09T00:00:00+00:00, state:running, queued_at: 2024-07-17 14:38:53.670840+00:00. externally triggered: False>: 4 task(s)
[2024-07-17T14:41:10.120+0000] {dagrun.py:897} DEBUG - number of scheduleable tasks for <DagRun hive_etl @ 2023-07-09 00:00:00+00:00: scheduled__2023-07-09T00:00:00+00:00, state:running, queued_at: 2024-07-17 14:38:53.670840+00:00. externally triggered: False>: 4 task(s)
[2024-07-17T14:41:10.120+0000] {taskinstance.py:1988} DEBUG - <TaskInstance: hive_etl.create_hive_table scheduled__2023-07-09T00:00:00+00:00 [None]> dependency 'Trigger Rule' PASSED: False, Task's trigger rule 'all_success' requires all upstream tasks to have succeeded, but found 1 non-success(es). upstream_states=_UpstreamTIStates(success=0, skipped=0, failed=0, upstream_failed=0, removed=0, done=0, success_setup=0, skipped_setup=0), upstream_task_ids={'extract_from_mysql'}
[2024-07-17T14:41:10.121+0000] {taskinstance.py:1969} DEBUG - Dependencies not met for <TaskInstance: hive_etl.create_hive_table scheduled__2023-07-09T00:00:00+00:00 [None]>, dependency 'Trigger Rule' FAILED: Task's trigger rule 'all_success' requires all upstream tasks to have succeeded, but found 1 non-success(es). upstream_states=_UpstreamTIStates(success=0, skipped=0, failed=0, upstream_failed=0, removed=0, done=0, success_setup=0, skipped_setup=0), upstream_task_ids={'extract_from_mysql'}
[2024-07-17T14:41:10.121+0000] {taskinstance.py:1988} DEBUG - <TaskInstance: hive_etl.create_hive_table scheduled__2023-07-09T00:00:00+00:00 [None]> dependency 'Previous Dagrun State' PASSED: True, The task did not have depends_on_past set.
[2024-07-17T14:41:10.121+0000] {taskinstance.py:1988} DEBUG - <TaskInstance: hive_etl.create_hive_table scheduled__2023-07-09T00:00:00+00:00 [None]> dependency 'Not In Retry Period' PASSED: True, The task instance was not marked for retrying.
[2024-07-17T14:41:10.121+0000] {taskinstance.py:1988} DEBUG - <TaskInstance: hive_etl.load_data_into_hive scheduled__2023-07-09T00:00:00+00:00 [None]> dependency 'Trigger Rule' PASSED: False, Task's trigger rule 'all_success' requires all upstream tasks to have succeeded, but found 1 non-success(es). upstream_states=_UpstreamTIStates(success=0, skipped=0, failed=0, upstream_failed=0, removed=0, done=0, success_setup=0, skipped_setup=0), upstream_task_ids={'create_hive_table'}
[2024-07-17T14:41:10.121+0000] {taskinstance.py:1969} DEBUG - Dependencies not met for <TaskInstance: hive_etl.load_data_into_hive scheduled__2023-07-09T00:00:00+00:00 [None]>, dependency 'Trigger Rule' FAILED: Task's trigger rule 'all_success' requires all upstream tasks to have succeeded, but found 1 non-success(es). upstream_states=_UpstreamTIStates(success=0, skipped=0, failed=0, upstream_failed=0, removed=0, done=0, success_setup=0, skipped_setup=0), upstream_task_ids={'create_hive_table'}
[2024-07-17T14:41:10.122+0000] {taskinstance.py:1988} DEBUG - <TaskInstance: hive_etl.load_data_into_hive scheduled__2023-07-09T00:00:00+00:00 [None]> dependency 'Previous Dagrun State' PASSED: True, The task did not have depends_on_past set.
[2024-07-17T14:41:10.122+0000] {taskinstance.py:1988} DEBUG - <TaskInstance: hive_etl.load_data_into_hive scheduled__2023-07-09T00:00:00+00:00 [None]> dependency 'Not In Retry Period' PASSED: True, The task instance was not marked for retrying.
[2024-07-17T14:41:10.122+0000] {taskinstance.py:1988} DEBUG - <TaskInstance: hive_etl.end scheduled__2023-07-09T00:00:00+00:00 [None]> dependency 'Trigger Rule' PASSED: False, Task's trigger rule 'all_success' requires all upstream tasks to have succeeded, but found 1 non-success(es). upstream_states=_UpstreamTIStates(success=0, skipped=0, failed=0, upstream_failed=0, removed=0, done=0, success_setup=0, skipped_setup=0), upstream_task_ids={'load_data_into_hive'}
[2024-07-17T14:41:10.122+0000] {taskinstance.py:1969} DEBUG - Dependencies not met for <TaskInstance: hive_etl.end scheduled__2023-07-09T00:00:00+00:00 [None]>, dependency 'Trigger Rule' FAILED: Task's trigger rule 'all_success' requires all upstream tasks to have succeeded, but found 1 non-success(es). upstream_states=_UpstreamTIStates(success=0, skipped=0, failed=0, upstream_failed=0, removed=0, done=0, success_setup=0, skipped_setup=0), upstream_task_ids={'load_data_into_hive'}
[2024-07-17T14:41:10.123+0000] {taskinstance.py:1988} DEBUG - <TaskInstance: hive_etl.end scheduled__2023-07-09T00:00:00+00:00 [None]> dependency 'Previous Dagrun State' PASSED: True, The task did not have depends_on_past set.
[2024-07-17T14:41:10.123+0000] {taskinstance.py:1988} DEBUG - <TaskInstance: hive_etl.end scheduled__2023-07-09T00:00:00+00:00 [None]> dependency 'Not In Retry Period' PASSED: True, The task instance was not marked for retrying.
[2024-07-17T14:41:10.123+0000] {taskinstance.py:1988} DEBUG - <TaskInstance: hive_etl.extract_from_mysql scheduled__2023-07-09T00:00:00+00:00 [up_for_retry]> dependency 'Trigger Rule' PASSED: True, The task instance did not have any upstream tasks.
[2024-07-17T14:41:10.123+0000] {taskinstance.py:1988} DEBUG - <TaskInstance: hive_etl.extract_from_mysql scheduled__2023-07-09T00:00:00+00:00 [up_for_retry]> dependency 'Previous Dagrun State' PASSED: True, The task did not have depends_on_past set.
[2024-07-17T14:41:10.124+0000] {taskinstance.py:1988} DEBUG - <TaskInstance: hive_etl.extract_from_mysql scheduled__2023-07-09T00:00:00+00:00 [up_for_retry]> dependency 'Not In Retry Period' PASSED: False, Task is not ready for retry yet but will be retried automatically. Current date is 2024-07-17T14:41:10.123969+00:00 and task will be retried at 2024-07-17T14:46:10.055488+00:00.
[2024-07-17T14:41:10.124+0000] {taskinstance.py:1969} DEBUG - Dependencies not met for <TaskInstance: hive_etl.extract_from_mysql scheduled__2023-07-09T00:00:00+00:00 [up_for_retry]>, dependency 'Not In Retry Period' FAILED: Task is not ready for retry yet but will be retried automatically. Current date is 2024-07-17T14:41:10.123969+00:00 and task will be retried at 2024-07-17T14:46:10.055488+00:00.
[2024-07-17T14:41:10.129+0000] {taskinstance.py:3309} INFO - 0 downstream tasks scheduled from follow-on schedule check
