[2024-07-10T04:05:02.406+0000] {taskinstance.py:991} DEBUG - previous_execution_date was called
[2024-07-10T04:05:02.435+0000] {__init__.py:54} DEBUG - Loading core task runner: StandardTaskRunner
[2024-07-10T04:05:02.454+0000] {taskinstance.py:991} DEBUG - previous_execution_date was called
[2024-07-10T04:05:02.461+0000] {base_task_runner.py:72} DEBUG - Planning to run as the  user
[2024-07-10T04:05:02.489+0000] {taskinstance.py:1988} DEBUG - <TaskInstance: hello_world_dag.print_hello scheduled__2023-02-12T00:00:00+00:00 [queued]> dependency 'Task Instance State' PASSED: True, Task state queued was valid.
[2024-07-10T04:05:02.498+0000] {taskinstance.py:1988} DEBUG - <TaskInstance: hello_world_dag.print_hello scheduled__2023-02-12T00:00:00+00:00 [queued]> dependency 'Previous Dagrun State' PASSED: True, The task did not have depends_on_past set.
[2024-07-10T04:05:02.499+0000] {taskinstance.py:1988} DEBUG - <TaskInstance: hello_world_dag.print_hello scheduled__2023-02-12T00:00:00+00:00 [queued]> dependency 'Not In Retry Period' PASSED: True, The task instance was not marked for retrying.
[2024-07-10T04:05:02.499+0000] {taskinstance.py:1988} DEBUG - <TaskInstance: hello_world_dag.print_hello scheduled__2023-02-12T00:00:00+00:00 [queued]> dependency 'Task Instance Not Running' PASSED: True, Task is not in running state.
[2024-07-10T04:05:02.500+0000] {taskinstance.py:1988} DEBUG - <TaskInstance: hello_world_dag.print_hello scheduled__2023-02-12T00:00:00+00:00 [queued]> dependency 'Trigger Rule' PASSED: True, The task instance did not have any upstream tasks.
[2024-07-10T04:05:02.500+0000] {taskinstance.py:1979} INFO - Dependencies all met for dep_context=non-requeueable deps ti=<TaskInstance: hello_world_dag.print_hello scheduled__2023-02-12T00:00:00+00:00 [queued]>
[2024-07-10T04:05:02.515+0000] {taskinstance.py:1988} DEBUG - <TaskInstance: hello_world_dag.print_hello scheduled__2023-02-12T00:00:00+00:00 [queued]> dependency 'Pool Slots Available' PASSED: True, There are enough open slots in default_pool to execute the task
[2024-07-10T04:05:02.516+0000] {taskinstance.py:1988} DEBUG - <TaskInstance: hello_world_dag.print_hello scheduled__2023-02-12T00:00:00+00:00 [queued]> dependency 'Previous Dagrun State' PASSED: True, The task did not have depends_on_past set.
[2024-07-10T04:05:02.517+0000] {taskinstance.py:1988} DEBUG - <TaskInstance: hello_world_dag.print_hello scheduled__2023-02-12T00:00:00+00:00 [queued]> dependency 'Task Concurrency' PASSED: True, Task concurrency is not set.
[2024-07-10T04:05:02.517+0000] {taskinstance.py:1988} DEBUG - <TaskInstance: hello_world_dag.print_hello scheduled__2023-02-12T00:00:00+00:00 [queued]> dependency 'Not In Retry Period' PASSED: True, The task instance was not marked for retrying.
[2024-07-10T04:05:02.518+0000] {taskinstance.py:1988} DEBUG - <TaskInstance: hello_world_dag.print_hello scheduled__2023-02-12T00:00:00+00:00 [queued]> dependency 'Trigger Rule' PASSED: True, The task instance did not have any upstream tasks.
[2024-07-10T04:05:02.518+0000] {taskinstance.py:1979} INFO - Dependencies all met for dep_context=requeueable deps ti=<TaskInstance: hello_world_dag.print_hello scheduled__2023-02-12T00:00:00+00:00 [queued]>
[2024-07-10T04:05:02.518+0000] {taskinstance.py:2193} INFO - Starting attempt 1 of 2
[2024-07-10T04:05:02.544+0000] {taskinstance.py:2214} INFO - Executing <Task(PythonOperator): print_hello> on 2023-02-12 00:00:00+00:00
[2024-07-10T04:05:02.559+0000] {standard_task_runner.py:60} INFO - Started process 204 to run task
[2024-07-10T04:05:02.565+0000] {standard_task_runner.py:87} INFO - Running: ['***', 'tasks', 'run', 'hello_world_dag', 'print_hello', 'scheduled__2023-02-12T00:00:00+00:00', '--job-id', '59', '--raw', '--subdir', 'DAGS_FOLDER/ex.py', '--cfg-path', '/tmp/tmpbc6ldrc_']
[2024-07-10T04:05:02.571+0000] {standard_task_runner.py:88} INFO - Job 59: Subtask print_hello
[2024-07-10T04:05:02.572+0000] {cli_action_loggers.py:67} DEBUG - Calling callbacks: [<function default_action_log at 0x71a377f20ca0>]
[2024-07-10T04:05:02.650+0000] {taskinstance.py:991} DEBUG - previous_execution_date was called
[2024-07-10T04:05:02.669+0000] {task_command.py:423} INFO - Running <TaskInstance: hello_world_dag.print_hello scheduled__2023-02-12T00:00:00+00:00 [running]> on host 1e6d8c5e82dd
[2024-07-10T04:05:02.670+0000] {settings.py:386} DEBUG - Disposing DB connection pool (PID 204)
[2024-07-10T04:05:02.670+0000] {settings.py:249} DEBUG - Setting up DB connection pool (PID 204)
[2024-07-10T04:05:02.671+0000] {settings.py:318} DEBUG - settings.prepare_engine_args(): Using NullPool
[2024-07-10T04:05:02.771+0000] {taskinstance.py:991} DEBUG - previous_execution_date was called
[2024-07-10T04:05:02.786+0000] {taskinstance.py:1769} DEBUG - Clearing XCom data
[2024-07-10T04:05:02.804+0000] {retries.py:93} DEBUG - Running RenderedTaskInstanceFields.write with retries. Try 1 of 3
[2024-07-10T04:05:02.871+0000] {retries.py:93} DEBUG - Running RenderedTaskInstanceFields._do_delete_old_records with retries. Try 1 of 3
[2024-07-10T04:05:02.897+0000] {taskinstance.py:2510} INFO - Exporting env vars: AIRFLOW_CTX_DAG_OWNER='***' AIRFLOW_CTX_DAG_ID='hello_world_dag' AIRFLOW_CTX_TASK_ID='print_hello' AIRFLOW_CTX_EXECUTION_DATE='2023-02-12T00:00:00+00:00' AIRFLOW_CTX_TRY_NUMBER='1' AIRFLOW_CTX_DAG_RUN_ID='scheduled__2023-02-12T00:00:00+00:00'
[2024-07-10T04:05:02.898+0000] {__init__.py:115} DEBUG - Preparing lineage inlets and outlets
[2024-07-10T04:05:02.900+0000] {__init__.py:154} DEBUG - inlets: [], outlets: []
[2024-07-10T04:05:02.901+0000] {logging_mixin.py:188} INFO - Hello World
[2024-07-10T04:05:02.901+0000] {python.py:202} INFO - Done. Returned value was: None
[2024-07-10T04:05:02.902+0000] {__init__.py:73} DEBUG - Lineage called with inlets: [], outlets: []
[2024-07-10T04:05:02.921+0000] {taskinstance.py:549} DEBUG - Clearing next_method and next_kwargs.
[2024-07-10T04:05:02.922+0000] {taskinstance.py:1149} INFO - Marking task as SUCCESS. dag_id=hello_world_dag, task_id=print_hello, execution_date=20230212T000000, start_date=20240710T040502, end_date=20240710T040502
[2024-07-10T04:05:02.922+0000] {taskinstance.py:527} DEBUG - Task Duration set to 0.42163
[2024-07-10T04:05:02.943+0000] {cli_action_loggers.py:85} DEBUG - Calling callbacks: []
[2024-07-10T04:05:02.988+0000] {local_task_job_runner.py:234} INFO - Task exited with return code 0
[2024-07-10T04:05:03.011+0000] {dagrun.py:876} DEBUG - number of tis tasks for <DagRun hello_world_dag @ 2023-02-12 00:00:00+00:00: scheduled__2023-02-12T00:00:00+00:00, state:running, queued_at: 2024-07-10 04:05:01.124998+00:00. externally triggered: False>: 0 task(s)
[2024-07-10T04:05:03.012+0000] {taskinstance.py:3309} INFO - 0 downstream tasks scheduled from follow-on schedule check
