[2024-07-17T10:11:43.008+0000] {taskinstance.py:991} DEBUG - previous_execution_date was called
[2024-07-17T10:11:43.022+0000] {__init__.py:54} DEBUG - Loading core task runner: StandardTaskRunner
[2024-07-17T10:11:43.038+0000] {taskinstance.py:991} DEBUG - previous_execution_date was called
[2024-07-17T10:11:43.042+0000] {base_task_runner.py:72} DEBUG - Planning to run as the  user
[2024-07-17T10:11:43.068+0000] {taskinstance.py:1988} DEBUG - <TaskInstance: hive_etl.create_hive_table scheduled__2023-05-09T00:00:00+00:00 [queued]> dependency 'Task Instance State' PASSED: True, Task state queued was valid.
[2024-07-17T10:11:43.068+0000] {taskinstance.py:1988} DEBUG - <TaskInstance: hive_etl.create_hive_table scheduled__2023-05-09T00:00:00+00:00 [queued]> dependency 'Previous Dagrun State' PASSED: True, The task did not have depends_on_past set.
[2024-07-17T10:11:43.069+0000] {taskinstance.py:1988} DEBUG - <TaskInstance: hive_etl.create_hive_table scheduled__2023-05-09T00:00:00+00:00 [queued]> dependency 'Task Instance Not Running' PASSED: True, Task is not in running state.
[2024-07-17T10:11:43.078+0000] {taskinstance.py:1988} DEBUG - <TaskInstance: hive_etl.create_hive_table scheduled__2023-05-09T00:00:00+00:00 [queued]> dependency 'Not In Retry Period' PASSED: True, The task instance was not marked for retrying.
[2024-07-17T10:11:43.079+0000] {taskinstance.py:1979} INFO - Dependencies all met for dep_context=non-requeueable deps ti=<TaskInstance: hive_etl.create_hive_table scheduled__2023-05-09T00:00:00+00:00 [queued]>
[2024-07-17T10:11:43.086+0000] {taskinstance.py:1988} DEBUG - <TaskInstance: hive_etl.create_hive_table scheduled__2023-05-09T00:00:00+00:00 [queued]> dependency 'Pool Slots Available' PASSED: True, There are enough open slots in default_pool to execute the task
[2024-07-17T10:11:43.086+0000] {taskinstance.py:1988} DEBUG - <TaskInstance: hive_etl.create_hive_table scheduled__2023-05-09T00:00:00+00:00 [queued]> dependency 'Previous Dagrun State' PASSED: True, The task did not have depends_on_past set.
[2024-07-17T10:11:43.087+0000] {taskinstance.py:1988} DEBUG - <TaskInstance: hive_etl.create_hive_table scheduled__2023-05-09T00:00:00+00:00 [queued]> dependency 'Task Concurrency' PASSED: True, Task concurrency is not set.
[2024-07-17T10:11:43.092+0000] {taskinstance.py:1988} DEBUG - <TaskInstance: hive_etl.create_hive_table scheduled__2023-05-09T00:00:00+00:00 [queued]> dependency 'Not In Retry Period' PASSED: True, The task instance was not marked for retrying.
[2024-07-17T10:11:43.092+0000] {taskinstance.py:1979} INFO - Dependencies all met for dep_context=requeueable deps ti=<TaskInstance: hive_etl.create_hive_table scheduled__2023-05-09T00:00:00+00:00 [queued]>
[2024-07-17T10:11:43.092+0000] {taskinstance.py:2193} INFO - Starting attempt 1 of 2
[2024-07-17T10:11:43.119+0000] {taskinstance.py:2214} INFO - Executing <Task(PythonOperator): create_hive_table> on 2023-05-09 00:00:00+00:00
[2024-07-17T10:11:43.131+0000] {standard_task_runner.py:60} INFO - Started process 165 to run task
[2024-07-17T10:11:43.136+0000] {standard_task_runner.py:87} INFO - Running: ['***', 'tasks', 'run', 'hive_etl', 'create_hive_table', 'scheduled__2023-05-09T00:00:00+00:00', '--job-id', '2040', '--raw', '--subdir', 'DAGS_FOLDER/new.py', '--cfg-path', '/tmp/tmptnph83bx']
[2024-07-17T10:11:43.139+0000] {standard_task_runner.py:88} INFO - Job 2040: Subtask create_hive_table
[2024-07-17T10:11:43.141+0000] {cli_action_loggers.py:67} DEBUG - Calling callbacks: [<function default_action_log at 0x72403de56f80>]
[2024-07-17T10:11:43.223+0000] {taskinstance.py:991} DEBUG - previous_execution_date was called
[2024-07-17T10:11:43.233+0000] {task_command.py:423} INFO - Running <TaskInstance: hive_etl.create_hive_table scheduled__2023-05-09T00:00:00+00:00 [running]> on host d0d849f06491
[2024-07-17T10:11:43.234+0000] {settings.py:386} DEBUG - Disposing DB connection pool (PID 165)
[2024-07-17T10:11:43.234+0000] {settings.py:249} DEBUG - Setting up DB connection pool (PID 165)
[2024-07-17T10:11:43.235+0000] {settings.py:318} DEBUG - settings.prepare_engine_args(): Using NullPool
[2024-07-17T10:11:43.307+0000] {taskinstance.py:991} DEBUG - previous_execution_date was called
[2024-07-17T10:11:43.310+0000] {taskinstance.py:1769} DEBUG - Clearing XCom data
[2024-07-17T10:11:43.316+0000] {retries.py:93} DEBUG - Running RenderedTaskInstanceFields.write with retries. Try 1 of 3
[2024-07-17T10:11:43.384+0000] {retries.py:93} DEBUG - Running RenderedTaskInstanceFields._do_delete_old_records with retries. Try 1 of 3
[2024-07-17T10:11:43.414+0000] {taskinstance.py:2510} INFO - Exporting env vars: AIRFLOW_CTX_DAG_OWNER='***' AIRFLOW_CTX_DAG_ID='hive_etl' AIRFLOW_CTX_TASK_ID='create_hive_table' AIRFLOW_CTX_EXECUTION_DATE='2023-05-09T00:00:00+00:00' AIRFLOW_CTX_TRY_NUMBER='1' AIRFLOW_CTX_DAG_RUN_ID='scheduled__2023-05-09T00:00:00+00:00'
[2024-07-17T10:11:43.415+0000] {__init__.py:115} DEBUG - Preparing lineage inlets and outlets
[2024-07-17T10:11:43.417+0000] {__init__.py:154} DEBUG - inlets: [], outlets: []
[2024-07-17T10:11:43.754+0000] {hive.py:609} DEBUG - TOpenSessionResp(status=TStatus(statusCode=0, infoMessages=None, sqlState=None, errorCode=None, errorMessage=None), serverProtocolVersion=5, sessionHandle=TSessionHandle(sessionId=THandleIdentifier(guid=b'\xa7\xad\xc2\x00\xe3\x16N\\\x94\xa7\x89\xbf\xef+\x8a\x02', secret=b'\xc4\x03%p\xc8GC7\x8f\xed\x8d\xfe.x3\xd3')), configuration={'hive.server2.thrift.resultset.default.fetch.size': '1000'})
[2024-07-17T10:11:43.755+0000] {hive.py:475} INFO - USE `default`
[2024-07-17T10:11:43.756+0000] {hive.py:479} DEBUG - TExecuteStatementReq(sessionHandle=TSessionHandle(sessionId=THandleIdentifier(guid=b'\xa7\xad\xc2\x00\xe3\x16N\\\x94\xa7\x89\xbf\xef+\x8a\x02', secret=b'\xc4\x03%p\xc8GC7\x8f\xed\x8d\xfe.x3\xd3')), statement='USE `default`', confOverlay=None, runAsync=False, queryTimeout=0)
[2024-07-17T10:11:43.994+0000] {hive.py:609} DEBUG - TExecuteStatementResp(status=TStatus(statusCode=0, infoMessages=None, sqlState=None, errorCode=None, errorMessage=None), operationHandle=TOperationHandle(operationId=THandleIdentifier(guid=b'\xf9P\xdfl\xe76@\x0e\x85)\xbd\x9e{\x0cSD', secret=b'\xfcx\x0f\xd4\xe7\xfe@z\xa9\x02rzF\x0e{\xf4'), operationType=0, hasResultSet=False, modifiedRowCount=None))
[2024-07-17T10:11:43.997+0000] {hive.py:609} DEBUG - TCloseOperationResp(status=TStatus(statusCode=0, infoMessages=None, sqlState=None, errorCode=None, errorMessage=None))
[2024-07-17T10:11:43.997+0000] {hive.py:475} INFO - 
    CREATE TABLE IF NOT EXISTS my_table (
        id INT,
        name STRING
    )
    ROW FORMAT DELIMITED
    FIELDS TERMINATED BY ','
    STORED AS TEXTFILE
    
[2024-07-17T10:11:43.997+0000] {hive.py:479} DEBUG - TExecuteStatementReq(sessionHandle=TSessionHandle(sessionId=THandleIdentifier(guid=b'\xa7\xad\xc2\x00\xe3\x16N\\\x94\xa7\x89\xbf\xef+\x8a\x02', secret=b'\xc4\x03%p\xc8GC7\x8f\xed\x8d\xfe.x3\xd3')), statement="\n    CREATE TABLE IF NOT EXISTS my_table (\n        id INT,\n        name STRING\n    )\n    ROW FORMAT DELIMITED\n    FIELDS TERMINATED BY ','\n    STORED AS TEXTFILE\n    ", confOverlay=None, runAsync=False, queryTimeout=0)
[2024-07-17T10:11:44.023+0000] {hive.py:609} DEBUG - TExecuteStatementResp(status=TStatus(statusCode=0, infoMessages=None, sqlState=None, errorCode=None, errorMessage=None), operationHandle=TOperationHandle(operationId=THandleIdentifier(guid=b'O\x9et\xdb5\xacD\xe8\x85)\x1d\xa8`\xad\x8a\r', secret=b"\xae\xd1\x9f'@\x8bE/\xae\xefYP\x96\xcd\xc8g"), operationType=0, hasResultSet=False, modifiedRowCount=None))
[2024-07-17T10:11:44.030+0000] {hive.py:609} DEBUG - TCloseSessionResp(status=TStatus(statusCode=0, infoMessages=None, sqlState=None, errorCode=None, errorMessage=None))
[2024-07-17T10:11:44.031+0000] {python.py:202} INFO - Done. Returned value was: None
[2024-07-17T10:11:44.032+0000] {__init__.py:73} DEBUG - Lineage called with inlets: [], outlets: []
[2024-07-17T10:11:44.049+0000] {taskinstance.py:549} DEBUG - Clearing next_method and next_kwargs.
[2024-07-17T10:11:44.050+0000] {taskinstance.py:1149} INFO - Marking task as SUCCESS. dag_id=hive_etl, task_id=create_hive_table, execution_date=20230509T000000, start_date=20240717T101143, end_date=20240717T101144
[2024-07-17T10:11:44.051+0000] {taskinstance.py:527} DEBUG - Task Duration set to 0.971179
[2024-07-17T10:11:44.070+0000] {cli_action_loggers.py:85} DEBUG - Calling callbacks: []
[2024-07-17T10:11:44.117+0000] {local_task_job_runner.py:234} INFO - Task exited with return code 0
[2024-07-17T10:11:44.160+0000] {dagrun.py:876} DEBUG - number of tis tasks for <DagRun hive_etl @ 2023-05-09 00:00:00+00:00: scheduled__2023-05-09T00:00:00+00:00, state:running, queued_at: 2024-07-17 09:55:07.091732+00:00. externally triggered: False>: 3 task(s)
[2024-07-17T10:11:44.162+0000] {dagrun.py:897} DEBUG - number of scheduleable tasks for <DagRun hive_etl @ 2023-05-09 00:00:00+00:00: scheduled__2023-05-09T00:00:00+00:00, state:running, queued_at: 2024-07-17 09:55:07.091732+00:00. externally triggered: False>: 2 task(s)
[2024-07-17T10:11:44.164+0000] {taskinstance.py:1988} DEBUG - <TaskInstance: hive_etl.load_data_into_hive scheduled__2023-05-09T00:00:00+00:00 [None]> dependency 'Previous Dagrun State' PASSED: True, The task did not have depends_on_past set.
[2024-07-17T10:11:44.165+0000] {taskinstance.py:1988} DEBUG - <TaskInstance: hive_etl.load_data_into_hive scheduled__2023-05-09T00:00:00+00:00 [None]> dependency 'Not In Retry Period' PASSED: True, The task instance was not marked for retrying.
[2024-07-17T10:11:44.166+0000] {taskinstance.py:1979} DEBUG - Dependencies all met for dep_context=None ti=<TaskInstance: hive_etl.load_data_into_hive scheduled__2023-05-09T00:00:00+00:00 [None]>
[2024-07-17T10:11:44.167+0000] {taskinstance.py:1988} DEBUG - <TaskInstance: hive_etl.end scheduled__2023-05-09T00:00:00+00:00 [None]> dependency 'Trigger Rule' PASSED: False, Task's trigger rule 'all_success' requires all upstream tasks to have succeeded, but found 1 non-success(es). upstream_states=_UpstreamTIStates(success=0, skipped=0, failed=0, upstream_failed=0, removed=0, done=0, success_setup=0, skipped_setup=0), upstream_task_ids={'load_data_into_hive'}
[2024-07-17T10:11:44.168+0000] {taskinstance.py:1969} DEBUG - Dependencies not met for <TaskInstance: hive_etl.end scheduled__2023-05-09T00:00:00+00:00 [None]>, dependency 'Trigger Rule' FAILED: Task's trigger rule 'all_success' requires all upstream tasks to have succeeded, but found 1 non-success(es). upstream_states=_UpstreamTIStates(success=0, skipped=0, failed=0, upstream_failed=0, removed=0, done=0, success_setup=0, skipped_setup=0), upstream_task_ids={'load_data_into_hive'}
[2024-07-17T10:11:44.169+0000] {taskinstance.py:1988} DEBUG - <TaskInstance: hive_etl.end scheduled__2023-05-09T00:00:00+00:00 [None]> dependency 'Previous Dagrun State' PASSED: True, The task did not have depends_on_past set.
[2024-07-17T10:11:44.170+0000] {taskinstance.py:1988} DEBUG - <TaskInstance: hive_etl.end scheduled__2023-05-09T00:00:00+00:00 [None]> dependency 'Not In Retry Period' PASSED: True, The task instance was not marked for retrying.
[2024-07-17T10:11:44.187+0000] {taskinstance.py:3309} INFO - 1 downstream tasks scheduled from follow-on schedule check
