[2024-07-17T14:08:50.765+0000] {taskinstance.py:991} DEBUG - previous_execution_date was called
[2024-07-17T14:08:50.858+0000] {__init__.py:54} DEBUG - Loading core task runner: StandardTaskRunner
[2024-07-17T14:08:50.906+0000] {taskinstance.py:991} DEBUG - previous_execution_date was called
[2024-07-17T14:08:50.914+0000] {base_task_runner.py:72} DEBUG - Planning to run as the  user
[2024-07-17T14:08:51.010+0000] {taskinstance.py:1988} DEBUG - <TaskInstance: hive_etl.extract_from_mysql scheduled__2023-05-28T00:00:00+00:00 [queued]> dependency 'Task Instance State' PASSED: True, Task state queued was valid.
[2024-07-17T14:08:51.011+0000] {taskinstance.py:1988} DEBUG - <TaskInstance: hive_etl.extract_from_mysql scheduled__2023-05-28T00:00:00+00:00 [queued]> dependency 'Not In Retry Period' PASSED: True, The task instance was not marked for retrying.
[2024-07-17T14:08:51.011+0000] {taskinstance.py:1988} DEBUG - <TaskInstance: hive_etl.extract_from_mysql scheduled__2023-05-28T00:00:00+00:00 [queued]> dependency 'Previous Dagrun State' PASSED: True, The task did not have depends_on_past set.
[2024-07-17T14:08:51.029+0000] {taskinstance.py:1988} DEBUG - <TaskInstance: hive_etl.extract_from_mysql scheduled__2023-05-28T00:00:00+00:00 [queued]> dependency 'Task Instance Not Running' PASSED: True, Task is not in running state.
[2024-07-17T14:08:51.029+0000] {taskinstance.py:1979} INFO - Dependencies all met for dep_context=non-requeueable deps ti=<TaskInstance: hive_etl.extract_from_mysql scheduled__2023-05-28T00:00:00+00:00 [queued]>
[2024-07-17T14:08:51.033+0000] {taskinstance.py:1988} DEBUG - <TaskInstance: hive_etl.extract_from_mysql scheduled__2023-05-28T00:00:00+00:00 [queued]> dependency 'Not In Retry Period' PASSED: True, The task instance was not marked for retrying.
[2024-07-17T14:08:51.034+0000] {taskinstance.py:1988} DEBUG - <TaskInstance: hive_etl.extract_from_mysql scheduled__2023-05-28T00:00:00+00:00 [queued]> dependency 'Previous Dagrun State' PASSED: True, The task did not have depends_on_past set.
[2024-07-17T14:08:51.043+0000] {taskinstance.py:1988} DEBUG - <TaskInstance: hive_etl.extract_from_mysql scheduled__2023-05-28T00:00:00+00:00 [queued]> dependency 'Pool Slots Available' PASSED: True, There are enough open slots in default_pool to execute the task
[2024-07-17T14:08:51.044+0000] {taskinstance.py:1988} DEBUG - <TaskInstance: hive_etl.extract_from_mysql scheduled__2023-05-28T00:00:00+00:00 [queued]> dependency 'Task Concurrency' PASSED: True, Task concurrency is not set.
[2024-07-17T14:08:51.048+0000] {taskinstance.py:1979} INFO - Dependencies all met for dep_context=requeueable deps ti=<TaskInstance: hive_etl.extract_from_mysql scheduled__2023-05-28T00:00:00+00:00 [queued]>
[2024-07-17T14:08:51.048+0000] {taskinstance.py:2193} INFO - Starting attempt 1 of 2
[2024-07-17T14:08:51.087+0000] {taskinstance.py:2214} INFO - Executing <Task(PythonOperator): extract_from_mysql> on 2023-05-28 00:00:00+00:00
[2024-07-17T14:08:51.117+0000] {standard_task_runner.py:60} INFO - Started process 87 to run task
[2024-07-17T14:08:51.124+0000] {standard_task_runner.py:87} INFO - Running: ['***', 'tasks', 'run', 'hive_etl', 'extract_from_mysql', 'scheduled__2023-05-28T00:00:00+00:00', '--job-id', '2091', '--raw', '--subdir', 'DAGS_FOLDER/new.py', '--cfg-path', '/tmp/tmpoeg1gzdb']
[2024-07-17T14:08:51.127+0000] {standard_task_runner.py:88} INFO - Job 2091: Subtask extract_from_mysql
[2024-07-17T14:08:51.128+0000] {cli_action_loggers.py:67} DEBUG - Calling callbacks: [<function default_action_log at 0x729089756f80>]
[2024-07-17T14:08:51.259+0000] {taskinstance.py:991} DEBUG - previous_execution_date was called
[2024-07-17T14:08:51.268+0000] {task_command.py:423} INFO - Running <TaskInstance: hive_etl.extract_from_mysql scheduled__2023-05-28T00:00:00+00:00 [running]> on host 8c50a8ad787d
[2024-07-17T14:08:51.269+0000] {settings.py:386} DEBUG - Disposing DB connection pool (PID 87)
[2024-07-17T14:08:51.269+0000] {settings.py:249} DEBUG - Setting up DB connection pool (PID 87)
[2024-07-17T14:08:51.270+0000] {settings.py:318} DEBUG - settings.prepare_engine_args(): Using NullPool
[2024-07-17T14:08:51.364+0000] {taskinstance.py:991} DEBUG - previous_execution_date was called
[2024-07-17T14:08:51.367+0000] {taskinstance.py:1769} DEBUG - Clearing XCom data
[2024-07-17T14:08:51.388+0000] {retries.py:93} DEBUG - Running RenderedTaskInstanceFields.write with retries. Try 1 of 3
[2024-07-17T14:08:51.454+0000] {retries.py:93} DEBUG - Running RenderedTaskInstanceFields._do_delete_old_records with retries. Try 1 of 3
[2024-07-17T14:08:51.490+0000] {taskinstance.py:2510} INFO - Exporting env vars: AIRFLOW_CTX_DAG_OWNER='***' AIRFLOW_CTX_DAG_ID='hive_etl' AIRFLOW_CTX_TASK_ID='extract_from_mysql' AIRFLOW_CTX_EXECUTION_DATE='2023-05-28T00:00:00+00:00' AIRFLOW_CTX_TRY_NUMBER='1' AIRFLOW_CTX_DAG_RUN_ID='scheduled__2023-05-28T00:00:00+00:00'
[2024-07-17T14:08:51.492+0000] {__init__.py:115} DEBUG - Preparing lineage inlets and outlets
[2024-07-17T14:08:51.494+0000] {__init__.py:154} DEBUG - inlets: [], outlets: []
[2024-07-17T14:08:51.524+0000] {base.py:83} INFO - Using connection ID 'mysql_default' for task execution.
[2024-07-17T14:08:56.208+0000] {job.py:209} DEBUG - [heartbeat]
[2024-07-17T14:09:01.276+0000] {job.py:209} DEBUG - [heartbeat]
[2024-07-17T14:09:06.380+0000] {job.py:209} DEBUG - [heartbeat]
[2024-07-17T14:09:11.472+0000] {job.py:209} DEBUG - [heartbeat]
[2024-07-17T14:09:16.569+0000] {job.py:209} DEBUG - [heartbeat]
[2024-07-17T14:09:22.470+0000] {job.py:209} DEBUG - [heartbeat]
[2024-07-17T14:09:30.344+0000] {job.py:209} DEBUG - [heartbeat]
