[2024-07-17T14:08:54.763+0000] {taskinstance.py:991} DEBUG - previous_execution_date was called
[2024-07-17T14:08:54.818+0000] {__init__.py:54} DEBUG - Loading core task runner: StandardTaskRunner
[2024-07-17T14:08:54.871+0000] {taskinstance.py:991} DEBUG - previous_execution_date was called
[2024-07-17T14:08:54.886+0000] {base_task_runner.py:72} DEBUG - Planning to run as the  user
[2024-07-17T14:08:54.981+0000] {taskinstance.py:1988} DEBUG - <TaskInstance: hive_etl.extract_from_mysql scheduled__2023-06-03T00:00:00+00:00 [queued]> dependency 'Task Instance State' PASSED: True, Task state queued was valid.
[2024-07-17T14:08:54.982+0000] {taskinstance.py:1988} DEBUG - <TaskInstance: hive_etl.extract_from_mysql scheduled__2023-06-03T00:00:00+00:00 [queued]> dependency 'Not In Retry Period' PASSED: True, The task instance was not marked for retrying.
[2024-07-17T14:08:54.983+0000] {taskinstance.py:1988} DEBUG - <TaskInstance: hive_etl.extract_from_mysql scheduled__2023-06-03T00:00:00+00:00 [queued]> dependency 'Previous Dagrun State' PASSED: True, The task did not have depends_on_past set.
[2024-07-17T14:08:55.010+0000] {taskinstance.py:1988} DEBUG - <TaskInstance: hive_etl.extract_from_mysql scheduled__2023-06-03T00:00:00+00:00 [queued]> dependency 'Task Instance Not Running' PASSED: True, Task is not in running state.
[2024-07-17T14:08:55.012+0000] {taskinstance.py:1979} INFO - Dependencies all met for dep_context=non-requeueable deps ti=<TaskInstance: hive_etl.extract_from_mysql scheduled__2023-06-03T00:00:00+00:00 [queued]>
[2024-07-17T14:08:55.026+0000] {taskinstance.py:1988} DEBUG - <TaskInstance: hive_etl.extract_from_mysql scheduled__2023-06-03T00:00:00+00:00 [queued]> dependency 'Not In Retry Period' PASSED: True, The task instance was not marked for retrying.
[2024-07-17T14:08:55.027+0000] {taskinstance.py:1988} DEBUG - <TaskInstance: hive_etl.extract_from_mysql scheduled__2023-06-03T00:00:00+00:00 [queued]> dependency 'Previous Dagrun State' PASSED: True, The task did not have depends_on_past set.
[2024-07-17T14:08:55.047+0000] {taskinstance.py:1988} DEBUG - <TaskInstance: hive_etl.extract_from_mysql scheduled__2023-06-03T00:00:00+00:00 [queued]> dependency 'Pool Slots Available' PASSED: True, There are enough open slots in default_pool to execute the task
[2024-07-17T14:08:55.048+0000] {taskinstance.py:1988} DEBUG - <TaskInstance: hive_etl.extract_from_mysql scheduled__2023-06-03T00:00:00+00:00 [queued]> dependency 'Task Concurrency' PASSED: True, Task concurrency is not set.
[2024-07-17T14:08:55.055+0000] {taskinstance.py:1979} INFO - Dependencies all met for dep_context=requeueable deps ti=<TaskInstance: hive_etl.extract_from_mysql scheduled__2023-06-03T00:00:00+00:00 [queued]>
[2024-07-17T14:08:55.058+0000] {taskinstance.py:2193} INFO - Starting attempt 1 of 2
[2024-07-17T14:08:55.144+0000] {taskinstance.py:2214} INFO - Executing <Task(PythonOperator): extract_from_mysql> on 2023-06-03 00:00:00+00:00
[2024-07-17T14:08:55.171+0000] {standard_task_runner.py:60} INFO - Started process 108 to run task
[2024-07-17T14:08:55.188+0000] {standard_task_runner.py:87} INFO - Running: ['***', 'tasks', 'run', 'hive_etl', 'extract_from_mysql', 'scheduled__2023-06-03T00:00:00+00:00', '--job-id', '2097', '--raw', '--subdir', 'DAGS_FOLDER/new.py', '--cfg-path', '/tmp/tmp_apcv2nh']
[2024-07-17T14:08:55.193+0000] {standard_task_runner.py:88} INFO - Job 2097: Subtask extract_from_mysql
[2024-07-17T14:08:55.197+0000] {cli_action_loggers.py:67} DEBUG - Calling callbacks: [<function default_action_log at 0x729089756f80>]
[2024-07-17T14:08:55.406+0000] {taskinstance.py:991} DEBUG - previous_execution_date was called
[2024-07-17T14:08:55.425+0000] {task_command.py:423} INFO - Running <TaskInstance: hive_etl.extract_from_mysql scheduled__2023-06-03T00:00:00+00:00 [running]> on host 8c50a8ad787d
[2024-07-17T14:08:55.427+0000] {settings.py:386} DEBUG - Disposing DB connection pool (PID 108)
[2024-07-17T14:08:55.429+0000] {settings.py:249} DEBUG - Setting up DB connection pool (PID 108)
[2024-07-17T14:08:55.430+0000] {settings.py:318} DEBUG - settings.prepare_engine_args(): Using NullPool
[2024-07-17T14:08:55.561+0000] {taskinstance.py:991} DEBUG - previous_execution_date was called
[2024-07-17T14:08:55.570+0000] {taskinstance.py:1769} DEBUG - Clearing XCom data
[2024-07-17T14:08:55.598+0000] {retries.py:93} DEBUG - Running RenderedTaskInstanceFields.write with retries. Try 1 of 3
[2024-07-17T14:08:55.688+0000] {retries.py:93} DEBUG - Running RenderedTaskInstanceFields._do_delete_old_records with retries. Try 1 of 3
[2024-07-17T14:08:55.718+0000] {taskinstance.py:2510} INFO - Exporting env vars: AIRFLOW_CTX_DAG_OWNER='***' AIRFLOW_CTX_DAG_ID='hive_etl' AIRFLOW_CTX_TASK_ID='extract_from_mysql' AIRFLOW_CTX_EXECUTION_DATE='2023-06-03T00:00:00+00:00' AIRFLOW_CTX_TRY_NUMBER='1' AIRFLOW_CTX_DAG_RUN_ID='scheduled__2023-06-03T00:00:00+00:00'
[2024-07-17T14:08:55.719+0000] {__init__.py:115} DEBUG - Preparing lineage inlets and outlets
[2024-07-17T14:08:55.721+0000] {__init__.py:154} DEBUG - inlets: [], outlets: []
[2024-07-17T14:08:55.742+0000] {base.py:83} INFO - Using connection ID 'mysql_default' for task execution.
[2024-07-17T14:09:00.285+0000] {job.py:209} DEBUG - [heartbeat]
[2024-07-17T14:09:05.366+0000] {job.py:209} DEBUG - [heartbeat]
[2024-07-17T14:09:10.445+0000] {job.py:209} DEBUG - [heartbeat]
[2024-07-17T14:09:15.530+0000] {job.py:209} DEBUG - [heartbeat]
[2024-07-17T14:09:20.635+0000] {job.py:209} DEBUG - [heartbeat]
[2024-07-17T14:09:29.761+0000] {job.py:209} DEBUG - [heartbeat]
