[2024-07-10T04:09:41.803+0000] {taskinstance.py:991} DEBUG - previous_execution_date was called
[2024-07-10T04:09:41.824+0000] {__init__.py:54} DEBUG - Loading core task runner: StandardTaskRunner
[2024-07-10T04:09:41.838+0000] {taskinstance.py:991} DEBUG - previous_execution_date was called
[2024-07-10T04:09:41.843+0000] {base_task_runner.py:72} DEBUG - Planning to run as the  user
[2024-07-10T04:09:41.871+0000] {taskinstance.py:1988} DEBUG - <TaskInstance: hello_world_dag.print_hello scheduled__2024-03-26T00:00:00+00:00 [queued]> dependency 'Task Instance State' PASSED: True, Task state queued was valid.
[2024-07-10T04:09:41.878+0000] {taskinstance.py:1988} DEBUG - <TaskInstance: hello_world_dag.print_hello scheduled__2024-03-26T00:00:00+00:00 [queued]> dependency 'Previous Dagrun State' PASSED: True, The task did not have depends_on_past set.
[2024-07-10T04:09:41.879+0000] {taskinstance.py:1988} DEBUG - <TaskInstance: hello_world_dag.print_hello scheduled__2024-03-26T00:00:00+00:00 [queued]> dependency 'Not In Retry Period' PASSED: True, The task instance was not marked for retrying.
[2024-07-10T04:09:41.879+0000] {taskinstance.py:1988} DEBUG - <TaskInstance: hello_world_dag.print_hello scheduled__2024-03-26T00:00:00+00:00 [queued]> dependency 'Task Instance Not Running' PASSED: True, Task is not in running state.
[2024-07-10T04:09:41.879+0000] {taskinstance.py:1988} DEBUG - <TaskInstance: hello_world_dag.print_hello scheduled__2024-03-26T00:00:00+00:00 [queued]> dependency 'Trigger Rule' PASSED: True, The task instance did not have any upstream tasks.
[2024-07-10T04:09:41.879+0000] {taskinstance.py:1979} INFO - Dependencies all met for dep_context=non-requeueable deps ti=<TaskInstance: hello_world_dag.print_hello scheduled__2024-03-26T00:00:00+00:00 [queued]>
[2024-07-10T04:09:41.888+0000] {taskinstance.py:1988} DEBUG - <TaskInstance: hello_world_dag.print_hello scheduled__2024-03-26T00:00:00+00:00 [queued]> dependency 'Pool Slots Available' PASSED: True, There are enough open slots in default_pool to execute the task
[2024-07-10T04:09:41.889+0000] {taskinstance.py:1988} DEBUG - <TaskInstance: hello_world_dag.print_hello scheduled__2024-03-26T00:00:00+00:00 [queued]> dependency 'Previous Dagrun State' PASSED: True, The task did not have depends_on_past set.
[2024-07-10T04:09:41.889+0000] {taskinstance.py:1988} DEBUG - <TaskInstance: hello_world_dag.print_hello scheduled__2024-03-26T00:00:00+00:00 [queued]> dependency 'Task Concurrency' PASSED: True, Task concurrency is not set.
[2024-07-10T04:09:41.889+0000] {taskinstance.py:1988} DEBUG - <TaskInstance: hello_world_dag.print_hello scheduled__2024-03-26T00:00:00+00:00 [queued]> dependency 'Not In Retry Period' PASSED: True, The task instance was not marked for retrying.
[2024-07-10T04:09:41.889+0000] {taskinstance.py:1988} DEBUG - <TaskInstance: hello_world_dag.print_hello scheduled__2024-03-26T00:00:00+00:00 [queued]> dependency 'Trigger Rule' PASSED: True, The task instance did not have any upstream tasks.
[2024-07-10T04:09:41.890+0000] {taskinstance.py:1979} INFO - Dependencies all met for dep_context=requeueable deps ti=<TaskInstance: hello_world_dag.print_hello scheduled__2024-03-26T00:00:00+00:00 [queued]>
[2024-07-10T04:09:41.890+0000] {taskinstance.py:2193} INFO - Starting attempt 1 of 2
[2024-07-10T04:09:41.904+0000] {taskinstance.py:2214} INFO - Executing <Task(PythonOperator): print_hello> on 2024-03-26 00:00:00+00:00
[2024-07-10T04:09:41.914+0000] {standard_task_runner.py:60} INFO - Started process 1483 to run task
[2024-07-10T04:09:41.917+0000] {standard_task_runner.py:87} INFO - Running: ['***', 'tasks', 'run', 'hello_world_dag', 'print_hello', 'scheduled__2024-03-26T00:00:00+00:00', '--job-id', '470', '--raw', '--subdir', 'DAGS_FOLDER/ex.py', '--cfg-path', '/tmp/tmpf42iqhaa']
[2024-07-10T04:09:41.920+0000] {standard_task_runner.py:88} INFO - Job 470: Subtask print_hello
[2024-07-10T04:09:41.921+0000] {cli_action_loggers.py:67} DEBUG - Calling callbacks: [<function default_action_log at 0x71a377f20ca0>]
[2024-07-10T04:09:41.965+0000] {taskinstance.py:991} DEBUG - previous_execution_date was called
[2024-07-10T04:09:41.972+0000] {task_command.py:423} INFO - Running <TaskInstance: hello_world_dag.print_hello scheduled__2024-03-26T00:00:00+00:00 [running]> on host 1e6d8c5e82dd
[2024-07-10T04:09:41.972+0000] {settings.py:386} DEBUG - Disposing DB connection pool (PID 1483)
[2024-07-10T04:09:41.973+0000] {settings.py:249} DEBUG - Setting up DB connection pool (PID 1483)
[2024-07-10T04:09:41.973+0000] {settings.py:318} DEBUG - settings.prepare_engine_args(): Using NullPool
[2024-07-10T04:09:42.023+0000] {taskinstance.py:991} DEBUG - previous_execution_date was called
[2024-07-10T04:09:42.033+0000] {taskinstance.py:1769} DEBUG - Clearing XCom data
[2024-07-10T04:09:42.040+0000] {retries.py:93} DEBUG - Running RenderedTaskInstanceFields.write with retries. Try 1 of 3
[2024-07-10T04:09:42.081+0000] {retries.py:93} DEBUG - Running RenderedTaskInstanceFields._do_delete_old_records with retries. Try 1 of 3
[2024-07-10T04:09:42.096+0000] {taskinstance.py:2510} INFO - Exporting env vars: AIRFLOW_CTX_DAG_OWNER='***' AIRFLOW_CTX_DAG_ID='hello_world_dag' AIRFLOW_CTX_TASK_ID='print_hello' AIRFLOW_CTX_EXECUTION_DATE='2024-03-26T00:00:00+00:00' AIRFLOW_CTX_TRY_NUMBER='1' AIRFLOW_CTX_DAG_RUN_ID='scheduled__2024-03-26T00:00:00+00:00'
[2024-07-10T04:09:42.097+0000] {__init__.py:115} DEBUG - Preparing lineage inlets and outlets
[2024-07-10T04:09:42.098+0000] {__init__.py:154} DEBUG - inlets: [], outlets: []
[2024-07-10T04:09:42.099+0000] {logging_mixin.py:188} INFO - Hello World
[2024-07-10T04:09:42.100+0000] {python.py:202} INFO - Done. Returned value was: None
[2024-07-10T04:09:42.101+0000] {__init__.py:73} DEBUG - Lineage called with inlets: [], outlets: []
[2024-07-10T04:09:42.112+0000] {taskinstance.py:549} DEBUG - Clearing next_method and next_kwargs.
[2024-07-10T04:09:42.112+0000] {taskinstance.py:1149} INFO - Marking task as SUCCESS. dag_id=hello_world_dag, task_id=print_hello, execution_date=20240326T000000, start_date=20240710T040941, end_date=20240710T040942
[2024-07-10T04:09:42.113+0000] {taskinstance.py:527} DEBUG - Task Duration set to 0.232638
[2024-07-10T04:09:42.126+0000] {cli_action_loggers.py:85} DEBUG - Calling callbacks: []
[2024-07-10T04:09:42.170+0000] {local_task_job_runner.py:234} INFO - Task exited with return code 0
[2024-07-10T04:09:42.195+0000] {dagrun.py:876} DEBUG - number of tis tasks for <DagRun hello_world_dag @ 2024-03-26 00:00:00+00:00: scheduled__2024-03-26T00:00:00+00:00, state:running, queued_at: 2024-07-10 04:09:39.471963+00:00. externally triggered: False>: 0 task(s)
[2024-07-10T04:09:42.196+0000] {taskinstance.py:3309} INFO - 0 downstream tasks scheduled from follow-on schedule check
