[2024-07-16T09:24:24.148+0000] {taskinstance.py:991} DEBUG - previous_execution_date was called
[2024-07-16T09:24:24.167+0000] {__init__.py:54} DEBUG - Loading core task runner: StandardTaskRunner
[2024-07-16T09:24:24.177+0000] {taskinstance.py:991} DEBUG - previous_execution_date was called
[2024-07-16T09:24:24.181+0000] {base_task_runner.py:72} DEBUG - Planning to run as the  user
[2024-07-16T09:24:24.200+0000] {taskinstance.py:1988} DEBUG - <TaskInstance: sample_dag.read_from_mysql manual__2024-07-16T09:24:22.985647+00:00 [queued]> dependency 'Trigger Rule' PASSED: True, The task instance did not have any upstream tasks.
[2024-07-16T09:24:24.200+0000] {taskinstance.py:1988} DEBUG - <TaskInstance: sample_dag.read_from_mysql manual__2024-07-16T09:24:22.985647+00:00 [queued]> dependency 'Task Instance Not Running' PASSED: True, Task is not in running state.
[2024-07-16T09:24:24.200+0000] {taskinstance.py:1988} DEBUG - <TaskInstance: sample_dag.read_from_mysql manual__2024-07-16T09:24:22.985647+00:00 [queued]> dependency 'Not In Retry Period' PASSED: True, The task instance was not marked for retrying.
[2024-07-16T09:24:24.201+0000] {taskinstance.py:1988} DEBUG - <TaskInstance: sample_dag.read_from_mysql manual__2024-07-16T09:24:22.985647+00:00 [queued]> dependency 'Task Instance State' PASSED: True, Task state queued was valid.
[2024-07-16T09:24:24.201+0000] {taskinstance.py:1988} DEBUG - <TaskInstance: sample_dag.read_from_mysql manual__2024-07-16T09:24:22.985647+00:00 [queued]> dependency 'Previous Dagrun State' PASSED: True, The task did not have depends_on_past set.
[2024-07-16T09:24:24.201+0000] {taskinstance.py:1979} INFO - Dependencies all met for dep_context=non-requeueable deps ti=<TaskInstance: sample_dag.read_from_mysql manual__2024-07-16T09:24:22.985647+00:00 [queued]>
[2024-07-16T09:24:24.203+0000] {taskinstance.py:1988} DEBUG - <TaskInstance: sample_dag.read_from_mysql manual__2024-07-16T09:24:22.985647+00:00 [queued]> dependency 'Trigger Rule' PASSED: True, The task instance did not have any upstream tasks.
[2024-07-16T09:24:24.205+0000] {taskinstance.py:1988} DEBUG - <TaskInstance: sample_dag.read_from_mysql manual__2024-07-16T09:24:22.985647+00:00 [queued]> dependency 'Task Concurrency' PASSED: True, Task concurrency is not set.
[2024-07-16T09:24:24.205+0000] {taskinstance.py:1988} DEBUG - <TaskInstance: sample_dag.read_from_mysql manual__2024-07-16T09:24:22.985647+00:00 [queued]> dependency 'Not In Retry Period' PASSED: True, The task instance was not marked for retrying.
[2024-07-16T09:24:24.208+0000] {taskinstance.py:1988} DEBUG - <TaskInstance: sample_dag.read_from_mysql manual__2024-07-16T09:24:22.985647+00:00 [queued]> dependency 'Pool Slots Available' PASSED: True, There are enough open slots in default_pool to execute the task
[2024-07-16T09:24:24.208+0000] {taskinstance.py:1988} DEBUG - <TaskInstance: sample_dag.read_from_mysql manual__2024-07-16T09:24:22.985647+00:00 [queued]> dependency 'Previous Dagrun State' PASSED: True, The task did not have depends_on_past set.
[2024-07-16T09:24:24.209+0000] {taskinstance.py:1979} INFO - Dependencies all met for dep_context=requeueable deps ti=<TaskInstance: sample_dag.read_from_mysql manual__2024-07-16T09:24:22.985647+00:00 [queued]>
[2024-07-16T09:24:24.209+0000] {taskinstance.py:2193} INFO - Starting attempt 1 of 2
[2024-07-16T09:24:24.220+0000] {taskinstance.py:2214} INFO - Executing <Task(PythonOperator): read_from_mysql> on 2024-07-16 09:24:22.985647+00:00
[2024-07-16T09:24:24.224+0000] {standard_task_runner.py:60} INFO - Started process 348 to run task
[2024-07-16T09:24:24.227+0000] {standard_task_runner.py:87} INFO - Running: ['***', 'tasks', 'run', 'sample_dag', 'read_from_mysql', 'manual__2024-07-16T09:24:22.985647+00:00', '--job-id', '1358', '--raw', '--subdir', 'DAGS_FOLDER/new.py', '--cfg-path', '/tmp/tmpntc8sqf0']
[2024-07-16T09:24:24.229+0000] {standard_task_runner.py:88} INFO - Job 1358: Subtask read_from_mysql
[2024-07-16T09:24:24.230+0000] {cli_action_loggers.py:67} DEBUG - Calling callbacks: [<function default_action_log at 0x746f87084ca0>]
[2024-07-16T09:24:24.261+0000] {taskinstance.py:991} DEBUG - previous_execution_date was called
[2024-07-16T09:24:24.268+0000] {task_command.py:423} INFO - Running <TaskInstance: sample_dag.read_from_mysql manual__2024-07-16T09:24:22.985647+00:00 [running]> on host fd06bd5975d6
[2024-07-16T09:24:24.268+0000] {settings.py:386} DEBUG - Disposing DB connection pool (PID 348)
[2024-07-16T09:24:24.269+0000] {settings.py:249} DEBUG - Setting up DB connection pool (PID 348)
[2024-07-16T09:24:24.269+0000] {settings.py:318} DEBUG - settings.prepare_engine_args(): Using NullPool
[2024-07-16T09:24:24.297+0000] {taskinstance.py:991} DEBUG - previous_execution_date was called
[2024-07-16T09:24:24.303+0000] {taskinstance.py:1769} DEBUG - Clearing XCom data
[2024-07-16T09:24:24.306+0000] {retries.py:93} DEBUG - Running RenderedTaskInstanceFields.write with retries. Try 1 of 3
[2024-07-16T09:24:24.325+0000] {retries.py:93} DEBUG - Running RenderedTaskInstanceFields._do_delete_old_records with retries. Try 1 of 3
[2024-07-16T09:24:24.336+0000] {taskinstance.py:2510} INFO - Exporting env vars: AIRFLOW_CTX_DAG_OWNER='***' AIRFLOW_CTX_DAG_ID='sample_dag' AIRFLOW_CTX_TASK_ID='read_from_mysql' AIRFLOW_CTX_EXECUTION_DATE='2024-07-16T09:24:22.985647+00:00' AIRFLOW_CTX_TRY_NUMBER='1' AIRFLOW_CTX_DAG_RUN_ID='manual__2024-07-16T09:24:22.985647+00:00'
[2024-07-16T09:24:24.336+0000] {__init__.py:115} DEBUG - Preparing lineage inlets and outlets
[2024-07-16T09:24:24.337+0000] {__init__.py:154} DEBUG - inlets: [], outlets: []
[2024-07-16T09:24:24.344+0000] {base.py:83} INFO - Using connection ID 'mysql_default' for task execution.
[2024-07-16T09:24:24.351+0000] {logging_mixin.py:188} INFO - (1,)
[2024-07-16T09:24:24.351+0000] {python.py:202} INFO - Done. Returned value was: None
[2024-07-16T09:24:24.352+0000] {__init__.py:73} DEBUG - Lineage called with inlets: [], outlets: []
[2024-07-16T09:24:24.358+0000] {taskinstance.py:549} DEBUG - Clearing next_method and next_kwargs.
[2024-07-16T09:24:24.359+0000] {taskinstance.py:1149} INFO - Marking task as SUCCESS. dag_id=sample_dag, task_id=read_from_mysql, execution_date=20240716T092422, start_date=20240716T092424, end_date=20240716T092424
[2024-07-16T09:24:24.359+0000] {taskinstance.py:527} DEBUG - Task Duration set to 0.1575
[2024-07-16T09:24:24.366+0000] {cli_action_loggers.py:85} DEBUG - Calling callbacks: []
[2024-07-16T09:24:24.398+0000] {local_task_job_runner.py:234} INFO - Task exited with return code 0
[2024-07-16T09:24:24.410+0000] {dagrun.py:876} DEBUG - number of tis tasks for <DagRun sample_dag @ 2024-07-16 09:24:22.985647+00:00: manual__2024-07-16T09:24:22.985647+00:00, state:running, queued_at: 2024-07-16 09:24:23.001861+00:00. externally triggered: True>: 0 task(s)
[2024-07-16T09:24:24.410+0000] {taskinstance.py:3309} INFO - 0 downstream tasks scheduled from follow-on schedule check
