[2024-07-17T08:50:46.794+0000] {taskinstance.py:991} DEBUG - previous_execution_date was called
[2024-07-17T08:50:46.830+0000] {__init__.py:54} DEBUG - Loading core task runner: StandardTaskRunner
[2024-07-17T08:50:46.897+0000] {taskinstance.py:991} DEBUG - previous_execution_date was called
[2024-07-17T08:50:46.900+0000] {base_task_runner.py:72} DEBUG - Planning to run as the  user
[2024-07-17T08:50:46.966+0000] {taskinstance.py:1988} DEBUG - <TaskInstance: hive_etl.extract_from_mysql scheduled__2023-01-03T00:00:00+00:00 [queued]> dependency 'Not In Retry Period' PASSED: True, The task instance was not marked for retrying.
[2024-07-17T08:50:46.967+0000] {taskinstance.py:1988} DEBUG - <TaskInstance: hive_etl.extract_from_mysql scheduled__2023-01-03T00:00:00+00:00 [queued]> dependency 'Previous Dagrun State' PASSED: True, The task did not have depends_on_past set.
[2024-07-17T08:50:46.968+0000] {taskinstance.py:1988} DEBUG - <TaskInstance: hive_etl.extract_from_mysql scheduled__2023-01-03T00:00:00+00:00 [queued]> dependency 'Task Instance Not Running' PASSED: True, Task is not in running state.
[2024-07-17T08:50:46.968+0000] {taskinstance.py:1988} DEBUG - <TaskInstance: hive_etl.extract_from_mysql scheduled__2023-01-03T00:00:00+00:00 [queued]> dependency 'Task Instance State' PASSED: True, Task state queued was valid.
[2024-07-17T08:50:46.968+0000] {taskinstance.py:1979} INFO - Dependencies all met for dep_context=non-requeueable deps ti=<TaskInstance: hive_etl.extract_from_mysql scheduled__2023-01-03T00:00:00+00:00 [queued]>
[2024-07-17T08:50:46.979+0000] {taskinstance.py:1988} DEBUG - <TaskInstance: hive_etl.extract_from_mysql scheduled__2023-01-03T00:00:00+00:00 [queued]> dependency 'Previous Dagrun State' PASSED: True, The task did not have depends_on_past set.
[2024-07-17T08:50:46.986+0000] {taskinstance.py:1988} DEBUG - <TaskInstance: hive_etl.extract_from_mysql scheduled__2023-01-03T00:00:00+00:00 [queued]> dependency 'Not In Retry Period' PASSED: True, The task instance was not marked for retrying.
[2024-07-17T08:50:46.998+0000] {taskinstance.py:1988} DEBUG - <TaskInstance: hive_etl.extract_from_mysql scheduled__2023-01-03T00:00:00+00:00 [queued]> dependency 'Pool Slots Available' PASSED: True, There are enough open slots in default_pool to execute the task
[2024-07-17T08:50:46.999+0000] {taskinstance.py:1988} DEBUG - <TaskInstance: hive_etl.extract_from_mysql scheduled__2023-01-03T00:00:00+00:00 [queued]> dependency 'Task Concurrency' PASSED: True, Task concurrency is not set.
[2024-07-17T08:50:46.999+0000] {taskinstance.py:1979} INFO - Dependencies all met for dep_context=requeueable deps ti=<TaskInstance: hive_etl.extract_from_mysql scheduled__2023-01-03T00:00:00+00:00 [queued]>
[2024-07-17T08:50:46.999+0000] {taskinstance.py:2193} INFO - Starting attempt 1 of 2
[2024-07-17T08:50:47.034+0000] {taskinstance.py:2214} INFO - Executing <Task(PythonOperator): extract_from_mysql> on 2023-01-03 00:00:00+00:00
[2024-07-17T08:50:47.069+0000] {standard_task_runner.py:60} INFO - Started process 94 to run task
[2024-07-17T08:50:47.089+0000] {standard_task_runner.py:87} INFO - Running: ['***', 'tasks', 'run', 'hive_etl', 'extract_from_mysql', 'scheduled__2023-01-03T00:00:00+00:00', '--job-id', '1463', '--raw', '--subdir', 'DAGS_FOLDER/new.py', '--cfg-path', '/tmp/tmpnw1zimzi']
[2024-07-17T08:50:47.098+0000] {standard_task_runner.py:88} INFO - Job 1463: Subtask extract_from_mysql
[2024-07-17T08:50:47.100+0000] {cli_action_loggers.py:67} DEBUG - Calling callbacks: [<function default_action_log at 0x7c08b4226f80>]
[2024-07-17T08:50:47.308+0000] {taskinstance.py:991} DEBUG - previous_execution_date was called
[2024-07-17T08:50:47.315+0000] {task_command.py:423} INFO - Running <TaskInstance: hive_etl.extract_from_mysql scheduled__2023-01-03T00:00:00+00:00 [running]> on host a88c97f6715f
[2024-07-17T08:50:47.315+0000] {settings.py:386} DEBUG - Disposing DB connection pool (PID 94)
[2024-07-17T08:50:47.316+0000] {settings.py:249} DEBUG - Setting up DB connection pool (PID 94)
[2024-07-17T08:50:47.316+0000] {settings.py:318} DEBUG - settings.prepare_engine_args(): Using NullPool
[2024-07-17T08:50:47.495+0000] {taskinstance.py:991} DEBUG - previous_execution_date was called
[2024-07-17T08:50:47.511+0000] {taskinstance.py:1769} DEBUG - Clearing XCom data
[2024-07-17T08:50:47.557+0000] {retries.py:93} DEBUG - Running RenderedTaskInstanceFields.write with retries. Try 1 of 3
[2024-07-17T08:50:48.655+0000] {retries.py:93} DEBUG - Running RenderedTaskInstanceFields._do_delete_old_records with retries. Try 1 of 3
