[2024-07-17T09:49:43.658+0000] {taskinstance.py:991} DEBUG - previous_execution_date was called
[2024-07-17T09:49:43.715+0000] {__init__.py:54} DEBUG - Loading core task runner: StandardTaskRunner
[2024-07-17T09:49:43.749+0000] {taskinstance.py:991} DEBUG - previous_execution_date was called
[2024-07-17T09:49:43.757+0000] {base_task_runner.py:72} DEBUG - Planning to run as the  user
[2024-07-17T09:49:43.805+0000] {taskinstance.py:1988} DEBUG - <TaskInstance: hive_etl.create_hive_table manual__2024-07-17T09:47:55.315993+00:00 [queued]> dependency 'Task Instance State' PASSED: True, Task state queued was valid.
[2024-07-17T09:49:43.816+0000] {taskinstance.py:1988} DEBUG - <TaskInstance: hive_etl.create_hive_table manual__2024-07-17T09:47:55.315993+00:00 [queued]> dependency 'Previous Dagrun State' PASSED: True, The task did not have depends_on_past set.
[2024-07-17T09:49:43.817+0000] {taskinstance.py:1988} DEBUG - <TaskInstance: hive_etl.create_hive_table manual__2024-07-17T09:47:55.315993+00:00 [queued]> dependency 'Task Instance Not Running' PASSED: True, Task is not in running state.
[2024-07-17T09:49:43.817+0000] {taskinstance.py:1988} DEBUG - <TaskInstance: hive_etl.create_hive_table manual__2024-07-17T09:47:55.315993+00:00 [queued]> dependency 'Not In Retry Period' PASSED: True, The task instance was not marked for retrying.
[2024-07-17T09:49:43.817+0000] {taskinstance.py:1979} INFO - Dependencies all met for dep_context=non-requeueable deps ti=<TaskInstance: hive_etl.create_hive_table manual__2024-07-17T09:47:55.315993+00:00 [queued]>
[2024-07-17T09:49:43.827+0000] {taskinstance.py:1988} DEBUG - <TaskInstance: hive_etl.create_hive_table manual__2024-07-17T09:47:55.315993+00:00 [queued]> dependency 'Previous Dagrun State' PASSED: True, The task did not have depends_on_past set.
[2024-07-17T09:49:43.836+0000] {taskinstance.py:1988} DEBUG - <TaskInstance: hive_etl.create_hive_table manual__2024-07-17T09:47:55.315993+00:00 [queued]> dependency 'Pool Slots Available' PASSED: True, There are enough open slots in default_pool to execute the task
[2024-07-17T09:49:43.837+0000] {taskinstance.py:1988} DEBUG - <TaskInstance: hive_etl.create_hive_table manual__2024-07-17T09:47:55.315993+00:00 [queued]> dependency 'Task Concurrency' PASSED: True, Task concurrency is not set.
[2024-07-17T09:49:43.839+0000] {taskinstance.py:1988} DEBUG - <TaskInstance: hive_etl.create_hive_table manual__2024-07-17T09:47:55.315993+00:00 [queued]> dependency 'Not In Retry Period' PASSED: True, The task instance was not marked for retrying.
[2024-07-17T09:49:43.839+0000] {taskinstance.py:1979} INFO - Dependencies all met for dep_context=requeueable deps ti=<TaskInstance: hive_etl.create_hive_table manual__2024-07-17T09:47:55.315993+00:00 [queued]>
[2024-07-17T09:49:43.839+0000] {taskinstance.py:2193} INFO - Starting attempt 1 of 2
[2024-07-17T09:49:43.869+0000] {taskinstance.py:2214} INFO - Executing <Task(PythonOperator): create_hive_table> on 2024-07-17 09:47:55.315993+00:00
[2024-07-17T09:49:43.885+0000] {standard_task_runner.py:60} INFO - Started process 397 to run task
[2024-07-17T09:49:43.889+0000] {standard_task_runner.py:87} INFO - Running: ['***', 'tasks', 'run', 'hive_etl', 'create_hive_table', 'manual__2024-07-17T09:47:55.315993+00:00', '--job-id', '1900', '--raw', '--subdir', 'DAGS_FOLDER/new.py', '--cfg-path', '/tmp/tmpvz6jjc57']
[2024-07-17T09:49:43.891+0000] {standard_task_runner.py:88} INFO - Job 1900: Subtask create_hive_table
[2024-07-17T09:49:43.892+0000] {cli_action_loggers.py:67} DEBUG - Calling callbacks: [<function default_action_log at 0x7a4457f56f80>]
[2024-07-17T09:49:43.996+0000] {taskinstance.py:991} DEBUG - previous_execution_date was called
[2024-07-17T09:49:44.003+0000] {task_command.py:423} INFO - Running <TaskInstance: hive_etl.create_hive_table manual__2024-07-17T09:47:55.315993+00:00 [running]> on host d0d849f06491
[2024-07-17T09:49:44.005+0000] {settings.py:386} DEBUG - Disposing DB connection pool (PID 397)
[2024-07-17T09:49:44.013+0000] {settings.py:249} DEBUG - Setting up DB connection pool (PID 397)
[2024-07-17T09:49:44.016+0000] {settings.py:318} DEBUG - settings.prepare_engine_args(): Using NullPool
[2024-07-17T09:49:44.108+0000] {taskinstance.py:991} DEBUG - previous_execution_date was called
[2024-07-17T09:49:44.114+0000] {taskinstance.py:1769} DEBUG - Clearing XCom data
[2024-07-17T09:49:44.122+0000] {retries.py:93} DEBUG - Running RenderedTaskInstanceFields.write with retries. Try 1 of 3
[2024-07-17T09:49:44.159+0000] {retries.py:93} DEBUG - Running RenderedTaskInstanceFields._do_delete_old_records with retries. Try 1 of 3
[2024-07-17T09:49:44.180+0000] {taskinstance.py:2510} INFO - Exporting env vars: AIRFLOW_CTX_DAG_OWNER='***' AIRFLOW_CTX_DAG_ID='hive_etl' AIRFLOW_CTX_TASK_ID='create_hive_table' AIRFLOW_CTX_EXECUTION_DATE='2024-07-17T09:47:55.315993+00:00' AIRFLOW_CTX_TRY_NUMBER='1' AIRFLOW_CTX_DAG_RUN_ID='manual__2024-07-17T09:47:55.315993+00:00'
[2024-07-17T09:49:44.181+0000] {__init__.py:115} DEBUG - Preparing lineage inlets and outlets
[2024-07-17T09:49:44.182+0000] {__init__.py:154} DEBUG - inlets: [], outlets: []
[2024-07-17T09:49:44.420+0000] {hive.py:609} DEBUG - TOpenSessionResp(status=TStatus(statusCode=0, infoMessages=None, sqlState=None, errorCode=None, errorMessage=None), serverProtocolVersion=5, sessionHandle=TSessionHandle(sessionId=THandleIdentifier(guid=b'\xb8\x83C\x92\xec\x12@D\xb8\xa7\x84\x90\x9d|\xdd\xfb', secret=b'\x0f\xa7\xe6\xd3\xf3\xdbO[\x81c2\xb1\xa7n\x8c\xab')), configuration={'hive.server2.thrift.resultset.default.fetch.size': '1000'})
[2024-07-17T09:49:44.421+0000] {hive.py:475} INFO - USE `default`
[2024-07-17T09:49:44.422+0000] {hive.py:479} DEBUG - TExecuteStatementReq(sessionHandle=TSessionHandle(sessionId=THandleIdentifier(guid=b'\xb8\x83C\x92\xec\x12@D\xb8\xa7\x84\x90\x9d|\xdd\xfb', secret=b'\x0f\xa7\xe6\xd3\xf3\xdbO[\x81c2\xb1\xa7n\x8c\xab')), statement='USE `default`', confOverlay=None, runAsync=False, queryTimeout=0)
[2024-07-17T09:49:45.031+0000] {hive.py:609} DEBUG - TExecuteStatementResp(status=TStatus(statusCode=0, infoMessages=None, sqlState=None, errorCode=None, errorMessage=None), operationHandle=TOperationHandle(operationId=THandleIdentifier(guid=b'6\xb8\xfb\x8b\x16\xa2Fm\xb7\x81r\n>}_e', secret=b'\x08\x12*\x1a\xe4\xb9M\xf5\xb2Tj\xb0g\x11&^'), operationType=0, hasResultSet=False, modifiedRowCount=None))
[2024-07-17T09:49:45.035+0000] {hive.py:609} DEBUG - TCloseOperationResp(status=TStatus(statusCode=0, infoMessages=None, sqlState=None, errorCode=None, errorMessage=None))
[2024-07-17T09:49:45.035+0000] {hive.py:475} INFO - 
    CREATE TABLE IF NOT EXISTS my_table (
        id INT,
        name STRING
    )
    ROW FORMAT DELIMITED
    FIELDS TERMINATED BY ','
    STORED AS TEXTFILE
    
[2024-07-17T09:49:45.040+0000] {hive.py:479} DEBUG - TExecuteStatementReq(sessionHandle=TSessionHandle(sessionId=THandleIdentifier(guid=b'\xb8\x83C\x92\xec\x12@D\xb8\xa7\x84\x90\x9d|\xdd\xfb', secret=b'\x0f\xa7\xe6\xd3\xf3\xdbO[\x81c2\xb1\xa7n\x8c\xab')), statement="\n    CREATE TABLE IF NOT EXISTS my_table (\n        id INT,\n        name STRING\n    )\n    ROW FORMAT DELIMITED\n    FIELDS TERMINATED BY ','\n    STORED AS TEXTFILE\n    ", confOverlay=None, runAsync=False, queryTimeout=0)
[2024-07-17T09:49:45.066+0000] {hive.py:609} DEBUG - TExecuteStatementResp(status=TStatus(statusCode=0, infoMessages=None, sqlState=None, errorCode=None, errorMessage=None), operationHandle=TOperationHandle(operationId=THandleIdentifier(guid=b'\xcd\x98\xd6\xad\xf5\x1cA\xac\xb2\xdbC\xdb\xdep\x96\x96', secret=b'\xffR)a7]H\x9c\x89\x9d@a\x9a\xad[l'), operationType=0, hasResultSet=False, modifiedRowCount=None))
[2024-07-17T09:49:45.076+0000] {hive.py:609} DEBUG - TCloseSessionResp(status=TStatus(statusCode=0, infoMessages=None, sqlState=None, errorCode=None, errorMessage=None))
[2024-07-17T09:49:45.077+0000] {python.py:202} INFO - Done. Returned value was: None
[2024-07-17T09:49:45.077+0000] {__init__.py:73} DEBUG - Lineage called with inlets: [], outlets: []
[2024-07-17T09:49:45.233+0000] {taskinstance.py:549} DEBUG - Clearing next_method and next_kwargs.
[2024-07-17T09:49:45.238+0000] {taskinstance.py:1149} INFO - Marking task as SUCCESS. dag_id=hive_etl, task_id=create_hive_table, execution_date=20240717T094755, start_date=20240717T094943, end_date=20240717T094945
[2024-07-17T09:49:45.238+0000] {taskinstance.py:527} DEBUG - Task Duration set to 1.420245
[2024-07-17T09:49:45.277+0000] {cli_action_loggers.py:85} DEBUG - Calling callbacks: []
[2024-07-17T09:49:45.313+0000] {local_task_job_runner.py:234} INFO - Task exited with return code 0
[2024-07-17T09:49:45.536+0000] {dagrun.py:876} DEBUG - number of tis tasks for <DagRun hive_etl @ 2024-07-17 09:47:55.315993+00:00: manual__2024-07-17T09:47:55.315993+00:00, state:running, queued_at: 2024-07-17 09:47:55.343031+00:00. externally triggered: True>: 3 task(s)
[2024-07-17T09:49:45.537+0000] {dagrun.py:897} DEBUG - number of scheduleable tasks for <DagRun hive_etl @ 2024-07-17 09:47:55.315993+00:00: manual__2024-07-17T09:47:55.315993+00:00, state:running, queued_at: 2024-07-17 09:47:55.343031+00:00. externally triggered: True>: 1 task(s)
[2024-07-17T09:49:45.537+0000] {taskinstance.py:1988} DEBUG - <TaskInstance: hive_etl.end manual__2024-07-17T09:47:55.315993+00:00 [None]> dependency 'Trigger Rule' PASSED: False, Task's trigger rule 'all_success' requires all upstream tasks to have succeeded, but found 1 non-success(es). upstream_states=_UpstreamTIStates(success=0, skipped=0, failed=0, upstream_failed=0, removed=0, done=0, success_setup=0, skipped_setup=0), upstream_task_ids={'load_data_into_hive'}
[2024-07-17T09:49:45.537+0000] {taskinstance.py:1969} DEBUG - Dependencies not met for <TaskInstance: hive_etl.end manual__2024-07-17T09:47:55.315993+00:00 [None]>, dependency 'Trigger Rule' FAILED: Task's trigger rule 'all_success' requires all upstream tasks to have succeeded, but found 1 non-success(es). upstream_states=_UpstreamTIStates(success=0, skipped=0, failed=0, upstream_failed=0, removed=0, done=0, success_setup=0, skipped_setup=0), upstream_task_ids={'load_data_into_hive'}
[2024-07-17T09:49:45.537+0000] {taskinstance.py:1988} DEBUG - <TaskInstance: hive_etl.end manual__2024-07-17T09:47:55.315993+00:00 [None]> dependency 'Previous Dagrun State' PASSED: True, The task did not have depends_on_past set.
[2024-07-17T09:49:45.538+0000] {taskinstance.py:1988} DEBUG - <TaskInstance: hive_etl.end manual__2024-07-17T09:47:55.315993+00:00 [None]> dependency 'Not In Retry Period' PASSED: True, The task instance was not marked for retrying.
[2024-07-17T09:49:45.543+0000] {taskinstance.py:3309} INFO - 0 downstream tasks scheduled from follow-on schedule check
