[2024-07-17T10:12:07.259+0000] {taskinstance.py:991} DEBUG - previous_execution_date was called
[2024-07-17T10:12:07.268+0000] {__init__.py:54} DEBUG - Loading core task runner: StandardTaskRunner
[2024-07-17T10:12:07.277+0000] {taskinstance.py:991} DEBUG - previous_execution_date was called
[2024-07-17T10:12:07.279+0000] {base_task_runner.py:72} DEBUG - Planning to run as the  user
[2024-07-17T10:12:07.295+0000] {taskinstance.py:1988} DEBUG - <TaskInstance: hive_etl.create_hive_table scheduled__2023-05-23T00:00:00+00:00 [queued]> dependency 'Task Instance State' PASSED: True, Task state queued was valid.
[2024-07-17T10:12:07.296+0000] {taskinstance.py:1988} DEBUG - <TaskInstance: hive_etl.create_hive_table scheduled__2023-05-23T00:00:00+00:00 [queued]> dependency 'Previous Dagrun State' PASSED: True, The task did not have depends_on_past set.
[2024-07-17T10:12:07.296+0000] {taskinstance.py:1988} DEBUG - <TaskInstance: hive_etl.create_hive_table scheduled__2023-05-23T00:00:00+00:00 [queued]> dependency 'Task Instance Not Running' PASSED: True, Task is not in running state.
[2024-07-17T10:12:07.302+0000] {taskinstance.py:1988} DEBUG - <TaskInstance: hive_etl.create_hive_table scheduled__2023-05-23T00:00:00+00:00 [queued]> dependency 'Not In Retry Period' PASSED: True, The task instance was not marked for retrying.
[2024-07-17T10:12:07.303+0000] {taskinstance.py:1979} INFO - Dependencies all met for dep_context=non-requeueable deps ti=<TaskInstance: hive_etl.create_hive_table scheduled__2023-05-23T00:00:00+00:00 [queued]>
[2024-07-17T10:12:07.307+0000] {taskinstance.py:1988} DEBUG - <TaskInstance: hive_etl.create_hive_table scheduled__2023-05-23T00:00:00+00:00 [queued]> dependency 'Pool Slots Available' PASSED: True, There are enough open slots in default_pool to execute the task
[2024-07-17T10:12:07.308+0000] {taskinstance.py:1988} DEBUG - <TaskInstance: hive_etl.create_hive_table scheduled__2023-05-23T00:00:00+00:00 [queued]> dependency 'Previous Dagrun State' PASSED: True, The task did not have depends_on_past set.
[2024-07-17T10:12:07.308+0000] {taskinstance.py:1988} DEBUG - <TaskInstance: hive_etl.create_hive_table scheduled__2023-05-23T00:00:00+00:00 [queued]> dependency 'Task Concurrency' PASSED: True, Task concurrency is not set.
[2024-07-17T10:12:07.312+0000] {taskinstance.py:1988} DEBUG - <TaskInstance: hive_etl.create_hive_table scheduled__2023-05-23T00:00:00+00:00 [queued]> dependency 'Not In Retry Period' PASSED: True, The task instance was not marked for retrying.
[2024-07-17T10:12:07.312+0000] {taskinstance.py:1979} INFO - Dependencies all met for dep_context=requeueable deps ti=<TaskInstance: hive_etl.create_hive_table scheduled__2023-05-23T00:00:00+00:00 [queued]>
[2024-07-17T10:12:07.313+0000] {taskinstance.py:2193} INFO - Starting attempt 1 of 2
[2024-07-17T10:12:07.326+0000] {taskinstance.py:2214} INFO - Executing <Task(PythonOperator): create_hive_table> on 2023-05-23 00:00:00+00:00
[2024-07-17T10:12:07.331+0000] {standard_task_runner.py:60} INFO - Started process 216 to run task
[2024-07-17T10:12:07.334+0000] {standard_task_runner.py:87} INFO - Running: ['***', 'tasks', 'run', 'hive_etl', 'create_hive_table', 'scheduled__2023-05-23T00:00:00+00:00', '--job-id', '2057', '--raw', '--subdir', 'DAGS_FOLDER/new.py', '--cfg-path', '/tmp/tmpzfx9jr5s']
[2024-07-17T10:12:07.335+0000] {standard_task_runner.py:88} INFO - Job 2057: Subtask create_hive_table
[2024-07-17T10:12:07.336+0000] {cli_action_loggers.py:67} DEBUG - Calling callbacks: [<function default_action_log at 0x72403de56f80>]
[2024-07-17T10:12:07.376+0000] {taskinstance.py:991} DEBUG - previous_execution_date was called
[2024-07-17T10:12:07.380+0000] {task_command.py:423} INFO - Running <TaskInstance: hive_etl.create_hive_table scheduled__2023-05-23T00:00:00+00:00 [running]> on host d0d849f06491
[2024-07-17T10:12:07.380+0000] {settings.py:386} DEBUG - Disposing DB connection pool (PID 216)
[2024-07-17T10:12:07.380+0000] {settings.py:249} DEBUG - Setting up DB connection pool (PID 216)
[2024-07-17T10:12:07.381+0000] {settings.py:318} DEBUG - settings.prepare_engine_args(): Using NullPool
[2024-07-17T10:12:07.410+0000] {taskinstance.py:991} DEBUG - previous_execution_date was called
[2024-07-17T10:12:07.412+0000] {taskinstance.py:1769} DEBUG - Clearing XCom data
[2024-07-17T10:12:07.418+0000] {retries.py:93} DEBUG - Running RenderedTaskInstanceFields.write with retries. Try 1 of 3
[2024-07-17T10:12:07.437+0000] {retries.py:93} DEBUG - Running RenderedTaskInstanceFields._do_delete_old_records with retries. Try 1 of 3
[2024-07-17T10:12:07.449+0000] {taskinstance.py:2510} INFO - Exporting env vars: AIRFLOW_CTX_DAG_OWNER='***' AIRFLOW_CTX_DAG_ID='hive_etl' AIRFLOW_CTX_TASK_ID='create_hive_table' AIRFLOW_CTX_EXECUTION_DATE='2023-05-23T00:00:00+00:00' AIRFLOW_CTX_TRY_NUMBER='1' AIRFLOW_CTX_DAG_RUN_ID='scheduled__2023-05-23T00:00:00+00:00'
[2024-07-17T10:12:07.449+0000] {__init__.py:115} DEBUG - Preparing lineage inlets and outlets
[2024-07-17T10:12:07.450+0000] {__init__.py:154} DEBUG - inlets: [], outlets: []
[2024-07-17T10:12:07.511+0000] {hive.py:609} DEBUG - TOpenSessionResp(status=TStatus(statusCode=0, infoMessages=None, sqlState=None, errorCode=None, errorMessage=None), serverProtocolVersion=5, sessionHandle=TSessionHandle(sessionId=THandleIdentifier(guid=b'\xbb\x04UQ\xee\x14A\x04\x83\xa7U\xbd\x05 \xe1\\', secret=b'\xe6xL\xf1\xab\xa2A\xd0\x89\x1b3\xee\xc7\xd8\x06\xd4')), configuration={'hive.server2.thrift.resultset.default.fetch.size': '1000'})
[2024-07-17T10:12:07.512+0000] {hive.py:475} INFO - USE `default`
[2024-07-17T10:12:07.512+0000] {hive.py:479} DEBUG - TExecuteStatementReq(sessionHandle=TSessionHandle(sessionId=THandleIdentifier(guid=b'\xbb\x04UQ\xee\x14A\x04\x83\xa7U\xbd\x05 \xe1\\', secret=b'\xe6xL\xf1\xab\xa2A\xd0\x89\x1b3\xee\xc7\xd8\x06\xd4')), statement='USE `default`', confOverlay=None, runAsync=False, queryTimeout=0)
[2024-07-17T10:12:07.550+0000] {hive.py:609} DEBUG - TExecuteStatementResp(status=TStatus(statusCode=0, infoMessages=None, sqlState=None, errorCode=None, errorMessage=None), operationHandle=TOperationHandle(operationId=THandleIdentifier(guid=b'\xfaj\xd0s\x00\xacNl\xa6\xcdy#g\xc7\x97:', secret=b'\xe2\x99\x9e\xc2\x03\x82G4\x978\x0b\x05\x907?.'), operationType=0, hasResultSet=False, modifiedRowCount=None))
[2024-07-17T10:12:07.551+0000] {hive.py:609} DEBUG - TCloseOperationResp(status=TStatus(statusCode=0, infoMessages=None, sqlState=None, errorCode=None, errorMessage=None))
[2024-07-17T10:12:07.552+0000] {hive.py:475} INFO - 
    CREATE TABLE IF NOT EXISTS my_table (
        id INT,
        name STRING
    )
    ROW FORMAT DELIMITED
    FIELDS TERMINATED BY ','
    STORED AS TEXTFILE
    
[2024-07-17T10:12:07.552+0000] {hive.py:479} DEBUG - TExecuteStatementReq(sessionHandle=TSessionHandle(sessionId=THandleIdentifier(guid=b'\xbb\x04UQ\xee\x14A\x04\x83\xa7U\xbd\x05 \xe1\\', secret=b'\xe6xL\xf1\xab\xa2A\xd0\x89\x1b3\xee\xc7\xd8\x06\xd4')), statement="\n    CREATE TABLE IF NOT EXISTS my_table (\n        id INT,\n        name STRING\n    )\n    ROW FORMAT DELIMITED\n    FIELDS TERMINATED BY ','\n    STORED AS TEXTFILE\n    ", confOverlay=None, runAsync=False, queryTimeout=0)
[2024-07-17T10:12:07.563+0000] {hive.py:609} DEBUG - TExecuteStatementResp(status=TStatus(statusCode=0, infoMessages=None, sqlState=None, errorCode=None, errorMessage=None), operationHandle=TOperationHandle(operationId=THandleIdentifier(guid=b'\xbc\x80\xb7R\xb8"Oo\xa0\x12\x8a\xf7!\x1dT\xf8', secret=b'\xaf\x028mw0I\x7f\xbe\x8e=\xbb\x0fKP\xb3'), operationType=0, hasResultSet=False, modifiedRowCount=None))
[2024-07-17T10:12:07.568+0000] {hive.py:609} DEBUG - TCloseSessionResp(status=TStatus(statusCode=0, infoMessages=None, sqlState=None, errorCode=None, errorMessage=None))
[2024-07-17T10:12:07.569+0000] {python.py:202} INFO - Done. Returned value was: None
[2024-07-17T10:12:07.569+0000] {__init__.py:73} DEBUG - Lineage called with inlets: [], outlets: []
[2024-07-17T10:12:07.577+0000] {taskinstance.py:549} DEBUG - Clearing next_method and next_kwargs.
[2024-07-17T10:12:07.577+0000] {taskinstance.py:1149} INFO - Marking task as SUCCESS. dag_id=hive_etl, task_id=create_hive_table, execution_date=20230523T000000, start_date=20240717T101207, end_date=20240717T101207
[2024-07-17T10:12:07.577+0000] {taskinstance.py:527} DEBUG - Task Duration set to 0.274111
[2024-07-17T10:12:07.587+0000] {cli_action_loggers.py:85} DEBUG - Calling callbacks: []
[2024-07-17T10:12:07.626+0000] {local_task_job_runner.py:234} INFO - Task exited with return code 0
[2024-07-17T10:12:07.641+0000] {dagrun.py:876} DEBUG - number of tis tasks for <DagRun hive_etl @ 2023-05-23 00:00:00+00:00: scheduled__2023-05-23T00:00:00+00:00, state:running, queued_at: 2024-07-17 10:12:04.167829+00:00. externally triggered: False>: 3 task(s)
[2024-07-17T10:12:07.641+0000] {dagrun.py:897} DEBUG - number of scheduleable tasks for <DagRun hive_etl @ 2023-05-23 00:00:00+00:00: scheduled__2023-05-23T00:00:00+00:00, state:running, queued_at: 2024-07-17 10:12:04.167829+00:00. externally triggered: False>: 2 task(s)
[2024-07-17T10:12:07.642+0000] {taskinstance.py:1988} DEBUG - <TaskInstance: hive_etl.load_data_into_hive scheduled__2023-05-23T00:00:00+00:00 [None]> dependency 'Previous Dagrun State' PASSED: True, The task did not have depends_on_past set.
[2024-07-17T10:12:07.642+0000] {taskinstance.py:1988} DEBUG - <TaskInstance: hive_etl.load_data_into_hive scheduled__2023-05-23T00:00:00+00:00 [None]> dependency 'Not In Retry Period' PASSED: True, The task instance was not marked for retrying.
[2024-07-17T10:12:07.642+0000] {taskinstance.py:1979} DEBUG - Dependencies all met for dep_context=None ti=<TaskInstance: hive_etl.load_data_into_hive scheduled__2023-05-23T00:00:00+00:00 [None]>
[2024-07-17T10:12:07.643+0000] {taskinstance.py:1988} DEBUG - <TaskInstance: hive_etl.end scheduled__2023-05-23T00:00:00+00:00 [None]> dependency 'Trigger Rule' PASSED: False, Task's trigger rule 'all_success' requires all upstream tasks to have succeeded, but found 1 non-success(es). upstream_states=_UpstreamTIStates(success=0, skipped=0, failed=0, upstream_failed=0, removed=0, done=0, success_setup=0, skipped_setup=0), upstream_task_ids={'load_data_into_hive'}
[2024-07-17T10:12:07.643+0000] {taskinstance.py:1969} DEBUG - Dependencies not met for <TaskInstance: hive_etl.end scheduled__2023-05-23T00:00:00+00:00 [None]>, dependency 'Trigger Rule' FAILED: Task's trigger rule 'all_success' requires all upstream tasks to have succeeded, but found 1 non-success(es). upstream_states=_UpstreamTIStates(success=0, skipped=0, failed=0, upstream_failed=0, removed=0, done=0, success_setup=0, skipped_setup=0), upstream_task_ids={'load_data_into_hive'}
[2024-07-17T10:12:07.643+0000] {taskinstance.py:1988} DEBUG - <TaskInstance: hive_etl.end scheduled__2023-05-23T00:00:00+00:00 [None]> dependency 'Previous Dagrun State' PASSED: True, The task did not have depends_on_past set.
[2024-07-17T10:12:07.643+0000] {taskinstance.py:1988} DEBUG - <TaskInstance: hive_etl.end scheduled__2023-05-23T00:00:00+00:00 [None]> dependency 'Not In Retry Period' PASSED: True, The task instance was not marked for retrying.
[2024-07-17T10:12:07.650+0000] {taskinstance.py:3309} INFO - 1 downstream tasks scheduled from follow-on schedule check
