[2024-07-17T09:49:51.369+0000] {taskinstance.py:991} DEBUG - previous_execution_date was called
[2024-07-17T09:49:51.389+0000] {__init__.py:54} DEBUG - Loading core task runner: StandardTaskRunner
[2024-07-17T09:49:51.410+0000] {taskinstance.py:991} DEBUG - previous_execution_date was called
[2024-07-17T09:49:51.416+0000] {base_task_runner.py:72} DEBUG - Planning to run as the  user
[2024-07-17T09:49:51.459+0000] {taskinstance.py:1988} DEBUG - <TaskInstance: hive_etl.create_hive_table scheduled__2023-04-23T00:00:00+00:00 [queued]> dependency 'Task Instance State' PASSED: True, Task state queued was valid.
[2024-07-17T09:49:51.477+0000] {taskinstance.py:1988} DEBUG - <TaskInstance: hive_etl.create_hive_table scheduled__2023-04-23T00:00:00+00:00 [queued]> dependency 'Previous Dagrun State' PASSED: True, The task did not have depends_on_past set.
[2024-07-17T09:49:51.478+0000] {taskinstance.py:1988} DEBUG - <TaskInstance: hive_etl.create_hive_table scheduled__2023-04-23T00:00:00+00:00 [queued]> dependency 'Task Instance Not Running' PASSED: True, Task is not in running state.
[2024-07-17T09:49:51.479+0000] {taskinstance.py:1988} DEBUG - <TaskInstance: hive_etl.create_hive_table scheduled__2023-04-23T00:00:00+00:00 [queued]> dependency 'Not In Retry Period' PASSED: True, The task instance was not marked for retrying.
[2024-07-17T09:49:51.479+0000] {taskinstance.py:1979} INFO - Dependencies all met for dep_context=non-requeueable deps ti=<TaskInstance: hive_etl.create_hive_table scheduled__2023-04-23T00:00:00+00:00 [queued]>
[2024-07-17T09:49:51.492+0000] {taskinstance.py:1988} DEBUG - <TaskInstance: hive_etl.create_hive_table scheduled__2023-04-23T00:00:00+00:00 [queued]> dependency 'Previous Dagrun State' PASSED: True, The task did not have depends_on_past set.
[2024-07-17T09:49:51.502+0000] {taskinstance.py:1988} DEBUG - <TaskInstance: hive_etl.create_hive_table scheduled__2023-04-23T00:00:00+00:00 [queued]> dependency 'Pool Slots Available' PASSED: True, There are enough open slots in default_pool to execute the task
[2024-07-17T09:49:51.503+0000] {taskinstance.py:1988} DEBUG - <TaskInstance: hive_etl.create_hive_table scheduled__2023-04-23T00:00:00+00:00 [queued]> dependency 'Task Concurrency' PASSED: True, Task concurrency is not set.
[2024-07-17T09:49:51.503+0000] {taskinstance.py:1988} DEBUG - <TaskInstance: hive_etl.create_hive_table scheduled__2023-04-23T00:00:00+00:00 [queued]> dependency 'Not In Retry Period' PASSED: True, The task instance was not marked for retrying.
[2024-07-17T09:49:51.504+0000] {taskinstance.py:1979} INFO - Dependencies all met for dep_context=requeueable deps ti=<TaskInstance: hive_etl.create_hive_table scheduled__2023-04-23T00:00:00+00:00 [queued]>
[2024-07-17T09:49:51.504+0000] {taskinstance.py:2193} INFO - Starting attempt 1 of 2
[2024-07-17T09:49:51.543+0000] {taskinstance.py:2214} INFO - Executing <Task(PythonOperator): create_hive_table> on 2023-04-23 00:00:00+00:00
[2024-07-17T09:49:51.560+0000] {standard_task_runner.py:60} INFO - Started process 448 to run task
[2024-07-17T09:49:51.565+0000] {standard_task_runner.py:87} INFO - Running: ['***', 'tasks', 'run', 'hive_etl', 'create_hive_table', 'scheduled__2023-04-23T00:00:00+00:00', '--job-id', '1917', '--raw', '--subdir', 'DAGS_FOLDER/new.py', '--cfg-path', '/tmp/tmp5acimpj_']
[2024-07-17T09:49:51.567+0000] {standard_task_runner.py:88} INFO - Job 1917: Subtask create_hive_table
[2024-07-17T09:49:51.569+0000] {cli_action_loggers.py:67} DEBUG - Calling callbacks: [<function default_action_log at 0x7a4457f56f80>]
[2024-07-17T09:49:51.662+0000] {taskinstance.py:991} DEBUG - previous_execution_date was called
[2024-07-17T09:49:51.668+0000] {task_command.py:423} INFO - Running <TaskInstance: hive_etl.create_hive_table scheduled__2023-04-23T00:00:00+00:00 [running]> on host d0d849f06491
[2024-07-17T09:49:51.669+0000] {settings.py:386} DEBUG - Disposing DB connection pool (PID 448)
[2024-07-17T09:49:51.670+0000] {settings.py:249} DEBUG - Setting up DB connection pool (PID 448)
[2024-07-17T09:49:51.670+0000] {settings.py:318} DEBUG - settings.prepare_engine_args(): Using NullPool
[2024-07-17T09:49:51.740+0000] {taskinstance.py:991} DEBUG - previous_execution_date was called
[2024-07-17T09:49:51.747+0000] {taskinstance.py:1769} DEBUG - Clearing XCom data
[2024-07-17T09:49:51.756+0000] {retries.py:93} DEBUG - Running RenderedTaskInstanceFields.write with retries. Try 1 of 3
[2024-07-17T09:49:51.803+0000] {retries.py:93} DEBUG - Running RenderedTaskInstanceFields._do_delete_old_records with retries. Try 1 of 3
[2024-07-17T09:49:51.823+0000] {taskinstance.py:2510} INFO - Exporting env vars: AIRFLOW_CTX_DAG_OWNER='***' AIRFLOW_CTX_DAG_ID='hive_etl' AIRFLOW_CTX_TASK_ID='create_hive_table' AIRFLOW_CTX_EXECUTION_DATE='2023-04-23T00:00:00+00:00' AIRFLOW_CTX_TRY_NUMBER='1' AIRFLOW_CTX_DAG_RUN_ID='scheduled__2023-04-23T00:00:00+00:00'
[2024-07-17T09:49:51.824+0000] {__init__.py:115} DEBUG - Preparing lineage inlets and outlets
[2024-07-17T09:49:51.825+0000] {__init__.py:154} DEBUG - inlets: [], outlets: []
[2024-07-17T09:49:52.003+0000] {hive.py:609} DEBUG - TOpenSessionResp(status=TStatus(statusCode=0, infoMessages=None, sqlState=None, errorCode=None, errorMessage=None), serverProtocolVersion=5, sessionHandle=TSessionHandle(sessionId=THandleIdentifier(guid=b'\xccI\xc5\xb0\xd9fM\n\xa6K\xd5\xb0\x1e\xf4\xfd\x04', secret=b'\x93H\x81\x03\xbd\xa4M<\xa7v\xe9\x93i\xfbN\xab')), configuration={'hive.server2.thrift.resultset.default.fetch.size': '1000'})
[2024-07-17T09:49:52.004+0000] {hive.py:475} INFO - USE `default`
[2024-07-17T09:49:52.004+0000] {hive.py:479} DEBUG - TExecuteStatementReq(sessionHandle=TSessionHandle(sessionId=THandleIdentifier(guid=b'\xccI\xc5\xb0\xd9fM\n\xa6K\xd5\xb0\x1e\xf4\xfd\x04', secret=b'\x93H\x81\x03\xbd\xa4M<\xa7v\xe9\x93i\xfbN\xab')), statement='USE `default`', confOverlay=None, runAsync=False, queryTimeout=0)
[2024-07-17T09:49:52.166+0000] {hive.py:609} DEBUG - TExecuteStatementResp(status=TStatus(statusCode=0, infoMessages=None, sqlState=None, errorCode=None, errorMessage=None), operationHandle=TOperationHandle(operationId=THandleIdentifier(guid=b'7t\x8ez\xe3iOs\x91\x9c\x9aU\x93\x0e\x04{', secret=b'\x83\x06\xe0\x1b\xfb\xeeH\x99\xb9d2\xad\xb9;?j'), operationType=0, hasResultSet=False, modifiedRowCount=None))
[2024-07-17T09:49:52.167+0000] {hive.py:609} DEBUG - TCloseOperationResp(status=TStatus(statusCode=0, infoMessages=None, sqlState=None, errorCode=None, errorMessage=None))
[2024-07-17T09:49:52.167+0000] {hive.py:475} INFO - 
    CREATE TABLE IF NOT EXISTS my_table (
        id INT,
        name STRING
    )
    ROW FORMAT DELIMITED
    FIELDS TERMINATED BY ','
    STORED AS TEXTFILE
    
[2024-07-17T09:49:52.168+0000] {hive.py:479} DEBUG - TExecuteStatementReq(sessionHandle=TSessionHandle(sessionId=THandleIdentifier(guid=b'\xccI\xc5\xb0\xd9fM\n\xa6K\xd5\xb0\x1e\xf4\xfd\x04', secret=b'\x93H\x81\x03\xbd\xa4M<\xa7v\xe9\x93i\xfbN\xab')), statement="\n    CREATE TABLE IF NOT EXISTS my_table (\n        id INT,\n        name STRING\n    )\n    ROW FORMAT DELIMITED\n    FIELDS TERMINATED BY ','\n    STORED AS TEXTFILE\n    ", confOverlay=None, runAsync=False, queryTimeout=0)
[2024-07-17T09:49:52.588+0000] {hive.py:609} DEBUG - TExecuteStatementResp(status=TStatus(statusCode=0, infoMessages=None, sqlState=None, errorCode=None, errorMessage=None), operationHandle=TOperationHandle(operationId=THandleIdentifier(guid=b'Qb\x18l\xeb\x8eC\xad\xbb\x0f"\x81]\x19\xa1\xbd', secret=b'\xbc\x8f\x92.\xbaDJ\xb1\xa3\xa5t\xb2\xf4\x0b\x133'), operationType=0, hasResultSet=False, modifiedRowCount=None))
[2024-07-17T09:49:52.605+0000] {hive.py:609} DEBUG - TCloseSessionResp(status=TStatus(statusCode=0, infoMessages=None, sqlState=None, errorCode=None, errorMessage=None))
[2024-07-17T09:49:52.606+0000] {python.py:202} INFO - Done. Returned value was: None
[2024-07-17T09:49:52.607+0000] {__init__.py:73} DEBUG - Lineage called with inlets: [], outlets: []
[2024-07-17T09:49:52.636+0000] {taskinstance.py:549} DEBUG - Clearing next_method and next_kwargs.
[2024-07-17T09:49:52.638+0000] {taskinstance.py:1149} INFO - Marking task as SUCCESS. dag_id=hive_etl, task_id=create_hive_table, execution_date=20230423T000000, start_date=20240717T094951, end_date=20240717T094952
[2024-07-17T09:49:52.638+0000] {taskinstance.py:527} DEBUG - Task Duration set to 1.158628
[2024-07-17T09:49:52.685+0000] {cli_action_loggers.py:85} DEBUG - Calling callbacks: []
[2024-07-17T09:49:52.774+0000] {local_task_job_runner.py:234} INFO - Task exited with return code 0
[2024-07-17T09:49:53.152+0000] {dagrun.py:876} DEBUG - number of tis tasks for <DagRun hive_etl @ 2023-04-23 00:00:00+00:00: scheduled__2023-04-23T00:00:00+00:00, state:running, queued_at: 2024-07-17 09:49:40.919776+00:00. externally triggered: False>: 3 task(s)
[2024-07-17T09:49:53.154+0000] {dagrun.py:897} DEBUG - number of scheduleable tasks for <DagRun hive_etl @ 2023-04-23 00:00:00+00:00: scheduled__2023-04-23T00:00:00+00:00, state:running, queued_at: 2024-07-17 09:49:40.919776+00:00. externally triggered: False>: 1 task(s)
[2024-07-17T09:49:53.156+0000] {taskinstance.py:1988} DEBUG - <TaskInstance: hive_etl.end scheduled__2023-04-23T00:00:00+00:00 [None]> dependency 'Trigger Rule' PASSED: False, Task's trigger rule 'all_success' requires all upstream tasks to have succeeded, but found 1 non-success(es). upstream_states=_UpstreamTIStates(success=0, skipped=0, failed=0, upstream_failed=0, removed=0, done=0, success_setup=0, skipped_setup=0), upstream_task_ids={'load_data_into_hive'}
[2024-07-17T09:49:53.156+0000] {taskinstance.py:1969} DEBUG - Dependencies not met for <TaskInstance: hive_etl.end scheduled__2023-04-23T00:00:00+00:00 [None]>, dependency 'Trigger Rule' FAILED: Task's trigger rule 'all_success' requires all upstream tasks to have succeeded, but found 1 non-success(es). upstream_states=_UpstreamTIStates(success=0, skipped=0, failed=0, upstream_failed=0, removed=0, done=0, success_setup=0, skipped_setup=0), upstream_task_ids={'load_data_into_hive'}
[2024-07-17T09:49:53.157+0000] {taskinstance.py:1988} DEBUG - <TaskInstance: hive_etl.end scheduled__2023-04-23T00:00:00+00:00 [None]> dependency 'Previous Dagrun State' PASSED: True, The task did not have depends_on_past set.
[2024-07-17T09:49:53.157+0000] {taskinstance.py:1988} DEBUG - <TaskInstance: hive_etl.end scheduled__2023-04-23T00:00:00+00:00 [None]> dependency 'Not In Retry Period' PASSED: True, The task instance was not marked for retrying.
[2024-07-17T09:49:53.170+0000] {taskinstance.py:3309} INFO - 0 downstream tasks scheduled from follow-on schedule check
