[2024-07-17T14:49:37.157+0000] {taskinstance.py:991} DEBUG - previous_execution_date was called
[2024-07-17T14:49:37.169+0000] {__init__.py:54} DEBUG - Loading core task runner: StandardTaskRunner
[2024-07-17T14:49:37.184+0000] {taskinstance.py:991} DEBUG - previous_execution_date was called
[2024-07-17T14:49:37.187+0000] {base_task_runner.py:72} DEBUG - Planning to run as the  user
[2024-07-17T14:49:37.222+0000] {taskinstance.py:1988} DEBUG - <TaskInstance: hive_etl.extract_from_mysql scheduled__2023-07-29T00:00:00+00:00 [queued]> dependency 'Task Instance State' PASSED: True, Task state queued was valid.
[2024-07-17T14:49:37.222+0000] {taskinstance.py:1988} DEBUG - <TaskInstance: hive_etl.extract_from_mysql scheduled__2023-07-29T00:00:00+00:00 [queued]> dependency 'Task Instance Not Running' PASSED: True, Task is not in running state.
[2024-07-17T14:49:37.222+0000] {taskinstance.py:1988} DEBUG - <TaskInstance: hive_etl.extract_from_mysql scheduled__2023-07-29T00:00:00+00:00 [queued]> dependency 'Previous Dagrun State' PASSED: True, The task did not have depends_on_past set.
[2024-07-17T14:49:37.222+0000] {taskinstance.py:1988} DEBUG - <TaskInstance: hive_etl.extract_from_mysql scheduled__2023-07-29T00:00:00+00:00 [queued]> dependency 'Not In Retry Period' PASSED: True, The task instance was not marked for retrying.
[2024-07-17T14:49:37.223+0000] {taskinstance.py:1979} INFO - Dependencies all met for dep_context=non-requeueable deps ti=<TaskInstance: hive_etl.extract_from_mysql scheduled__2023-07-29T00:00:00+00:00 [queued]>
[2024-07-17T14:49:37.227+0000] {taskinstance.py:1988} DEBUG - <TaskInstance: hive_etl.extract_from_mysql scheduled__2023-07-29T00:00:00+00:00 [queued]> dependency 'Pool Slots Available' PASSED: True, There are enough open slots in default_pool to execute the task
[2024-07-17T14:49:37.230+0000] {taskinstance.py:1988} DEBUG - <TaskInstance: hive_etl.extract_from_mysql scheduled__2023-07-29T00:00:00+00:00 [queued]> dependency 'Task Concurrency' PASSED: True, Task concurrency is not set.
[2024-07-17T14:49:37.233+0000] {taskinstance.py:1988} DEBUG - <TaskInstance: hive_etl.extract_from_mysql scheduled__2023-07-29T00:00:00+00:00 [queued]> dependency 'Previous Dagrun State' PASSED: True, The task did not have depends_on_past set.
[2024-07-17T14:49:37.234+0000] {taskinstance.py:1988} DEBUG - <TaskInstance: hive_etl.extract_from_mysql scheduled__2023-07-29T00:00:00+00:00 [queued]> dependency 'Not In Retry Period' PASSED: True, The task instance was not marked for retrying.
[2024-07-17T14:49:37.234+0000] {taskinstance.py:1979} INFO - Dependencies all met for dep_context=requeueable deps ti=<TaskInstance: hive_etl.extract_from_mysql scheduled__2023-07-29T00:00:00+00:00 [queued]>
[2024-07-17T14:49:37.234+0000] {taskinstance.py:2193} INFO - Starting attempt 1 of 2
[2024-07-17T14:49:37.250+0000] {taskinstance.py:2214} INFO - Executing <Task(PythonOperator): extract_from_mysql> on 2023-07-29 00:00:00+00:00
[2024-07-17T14:49:37.260+0000] {standard_task_runner.py:60} INFO - Started process 348 to run task
[2024-07-17T14:49:37.265+0000] {standard_task_runner.py:87} INFO - Running: ['***', 'tasks', 'run', 'hive_etl', 'extract_from_mysql', 'scheduled__2023-07-29T00:00:00+00:00', '--job-id', '2237', '--raw', '--subdir', 'DAGS_FOLDER/new.py', '--cfg-path', '/tmp/tmpppkjyx84']
[2024-07-17T14:49:37.266+0000] {standard_task_runner.py:88} INFO - Job 2237: Subtask extract_from_mysql
[2024-07-17T14:49:37.268+0000] {cli_action_loggers.py:67} DEBUG - Calling callbacks: [<function default_action_log at 0x78a73b356f80>]
[2024-07-17T14:49:37.318+0000] {taskinstance.py:991} DEBUG - previous_execution_date was called
[2024-07-17T14:49:37.321+0000] {task_command.py:423} INFO - Running <TaskInstance: hive_etl.extract_from_mysql scheduled__2023-07-29T00:00:00+00:00 [running]> on host 8c50a8ad787d
[2024-07-17T14:49:37.322+0000] {settings.py:386} DEBUG - Disposing DB connection pool (PID 348)
[2024-07-17T14:49:37.322+0000] {settings.py:249} DEBUG - Setting up DB connection pool (PID 348)
[2024-07-17T14:49:37.323+0000] {settings.py:318} DEBUG - settings.prepare_engine_args(): Using NullPool
[2024-07-17T14:49:37.364+0000] {taskinstance.py:991} DEBUG - previous_execution_date was called
[2024-07-17T14:49:37.366+0000] {taskinstance.py:1769} DEBUG - Clearing XCom data
[2024-07-17T14:49:37.370+0000] {retries.py:93} DEBUG - Running RenderedTaskInstanceFields.write with retries. Try 1 of 3
[2024-07-17T14:49:37.399+0000] {retries.py:93} DEBUG - Running RenderedTaskInstanceFields._do_delete_old_records with retries. Try 1 of 3
[2024-07-17T14:49:37.413+0000] {taskinstance.py:2510} INFO - Exporting env vars: AIRFLOW_CTX_DAG_OWNER='***' AIRFLOW_CTX_DAG_ID='hive_etl' AIRFLOW_CTX_TASK_ID='extract_from_mysql' AIRFLOW_CTX_EXECUTION_DATE='2023-07-29T00:00:00+00:00' AIRFLOW_CTX_TRY_NUMBER='1' AIRFLOW_CTX_DAG_RUN_ID='scheduled__2023-07-29T00:00:00+00:00'
[2024-07-17T14:49:37.414+0000] {__init__.py:115} DEBUG - Preparing lineage inlets and outlets
[2024-07-17T14:49:37.415+0000] {__init__.py:154} DEBUG - inlets: [], outlets: []
[2024-07-17T14:49:37.425+0000] {base.py:83} INFO - Using connection ID 'mysql_default' for task execution.
[2024-07-17T14:49:42.305+0000] {job.py:209} DEBUG - [heartbeat]
[2024-07-17T14:49:47.350+0000] {job.py:209} DEBUG - [heartbeat]
[2024-07-17T14:49:52.389+0000] {job.py:209} DEBUG - [heartbeat]
[2024-07-17T14:49:57.427+0000] {job.py:209} DEBUG - [heartbeat]
[2024-07-17T14:50:02.497+0000] {job.py:209} DEBUG - [heartbeat]
[2024-07-17T14:50:07.538+0000] {job.py:209} DEBUG - [heartbeat]
[2024-07-17T14:50:12.588+0000] {job.py:209} DEBUG - [heartbeat]
[2024-07-17T14:50:17.629+0000] {job.py:209} DEBUG - [heartbeat]
[2024-07-17T14:50:22.681+0000] {job.py:209} DEBUG - [heartbeat]
[2024-07-17T14:50:27.718+0000] {job.py:209} DEBUG - [heartbeat]
[2024-07-17T14:50:32.794+0000] {job.py:209} DEBUG - [heartbeat]
[2024-07-17T14:50:37.875+0000] {job.py:209} DEBUG - [heartbeat]
[2024-07-17T14:50:42.950+0000] {job.py:209} DEBUG - [heartbeat]
[2024-07-17T14:50:48.002+0000] {job.py:209} DEBUG - [heartbeat]
[2024-07-17T14:50:53.047+0000] {job.py:209} DEBUG - [heartbeat]
[2024-07-17T14:50:58.084+0000] {job.py:209} DEBUG - [heartbeat]
[2024-07-17T14:51:03.160+0000] {job.py:209} DEBUG - [heartbeat]
[2024-07-17T14:51:08.200+0000] {job.py:209} DEBUG - [heartbeat]
[2024-07-17T14:51:13.271+0000] {job.py:209} DEBUG - [heartbeat]
[2024-07-17T14:51:18.342+0000] {job.py:209} DEBUG - [heartbeat]
[2024-07-17T14:51:23.381+0000] {job.py:209} DEBUG - [heartbeat]
[2024-07-17T14:51:28.418+0000] {job.py:209} DEBUG - [heartbeat]
[2024-07-17T14:51:33.458+0000] {job.py:209} DEBUG - [heartbeat]
[2024-07-17T14:51:38.494+0000] {job.py:209} DEBUG - [heartbeat]
[2024-07-17T14:51:43.534+0000] {job.py:209} DEBUG - [heartbeat]
[2024-07-17T14:51:48.605+0000] {job.py:209} DEBUG - [heartbeat]
[2024-07-17T14:51:51.070+0000] {taskinstance.py:2728} ERROR - Task failed with exception
Traceback (most recent call last):
  File "/home/airflow/.local/lib/python3.10/site-packages/airflow/models/taskinstance.py", line 444, in _execute_task
    result = _execute_callable(context=context, **execute_callable_kwargs)
  File "/home/airflow/.local/lib/python3.10/site-packages/airflow/models/taskinstance.py", line 414, in _execute_callable
    return execute_callable(context=context, **execute_callable_kwargs)
  File "/home/airflow/.local/lib/python3.10/site-packages/airflow/operators/python.py", line 200, in execute
    return_value = self.execute_callable()
  File "/home/airflow/.local/lib/python3.10/site-packages/airflow/operators/python.py", line 217, in execute_callable
    return self.python_callable(*self.op_args, **self.op_kwargs)
  File "/opt/airflow/dags/new.py", line 23, in extract_from_mysql
    extracted_df = mysql_hook.get_pandas_df(sql)
  File "/home/airflow/.local/lib/python3.10/site-packages/airflow/providers/common/sql/hooks/sql.py", line 226, in get_pandas_df
    with closing(self.get_conn()) as conn:
  File "/home/airflow/.local/lib/python3.10/site-packages/airflow/providers/mysql/hooks/mysql.py", line 195, in get_conn
    return MySQLdb.connect(**conn_config)
  File "/home/airflow/.local/lib/python3.10/site-packages/MySQLdb/__init__.py", line 121, in Connect
    return Connection(*args, **kwargs)
  File "/home/airflow/.local/lib/python3.10/site-packages/MySQLdb/connections.py", line 195, in __init__
    super().__init__(*args, **kwargs2)
MySQLdb.OperationalError: (2002, "Can't connect to server on '172.16.9.72' (115)")
[2024-07-17T14:51:51.078+0000] {taskinstance.py:527} DEBUG - Task Duration set to 133.855195
[2024-07-17T14:51:51.080+0000] {taskinstance.py:549} DEBUG - Clearing next_method and next_kwargs.
[2024-07-17T14:51:51.080+0000] {taskinstance.py:1149} INFO - Marking task as UP_FOR_RETRY. dag_id=hive_etl, task_id=extract_from_mysql, execution_date=20230729T000000, start_date=20240717T144937, end_date=20240717T145151
[2024-07-17T14:51:51.094+0000] {cli_action_loggers.py:85} DEBUG - Calling callbacks: []
[2024-07-17T14:51:51.095+0000] {standard_task_runner.py:107} ERROR - Failed to execute job 2237 for task extract_from_mysql ((2002, "Can't connect to server on '172.16.9.72' (115)"); 348)
[2024-07-17T14:51:51.107+0000] {local_task_job_runner.py:234} INFO - Task exited with return code 1
[2024-07-17T14:51:51.122+0000] {dagrun.py:876} DEBUG - number of tis tasks for <DagRun hive_etl @ 2023-07-29 00:00:00+00:00: scheduled__2023-07-29T00:00:00+00:00, state:running, queued_at: 2024-07-17 14:49:35.120202+00:00. externally triggered: False>: 4 task(s)
[2024-07-17T14:51:51.122+0000] {dagrun.py:897} DEBUG - number of scheduleable tasks for <DagRun hive_etl @ 2023-07-29 00:00:00+00:00: scheduled__2023-07-29T00:00:00+00:00, state:running, queued_at: 2024-07-17 14:49:35.120202+00:00. externally triggered: False>: 4 task(s)
[2024-07-17T14:51:51.122+0000] {taskinstance.py:1988} DEBUG - <TaskInstance: hive_etl.create_hive_table scheduled__2023-07-29T00:00:00+00:00 [None]> dependency 'Trigger Rule' PASSED: False, Task's trigger rule 'all_success' requires all upstream tasks to have succeeded, but found 1 non-success(es). upstream_states=_UpstreamTIStates(success=0, skipped=0, failed=0, upstream_failed=0, removed=0, done=0, success_setup=0, skipped_setup=0), upstream_task_ids={'extract_from_mysql'}
[2024-07-17T14:51:51.123+0000] {taskinstance.py:1969} DEBUG - Dependencies not met for <TaskInstance: hive_etl.create_hive_table scheduled__2023-07-29T00:00:00+00:00 [None]>, dependency 'Trigger Rule' FAILED: Task's trigger rule 'all_success' requires all upstream tasks to have succeeded, but found 1 non-success(es). upstream_states=_UpstreamTIStates(success=0, skipped=0, failed=0, upstream_failed=0, removed=0, done=0, success_setup=0, skipped_setup=0), upstream_task_ids={'extract_from_mysql'}
[2024-07-17T14:51:51.123+0000] {taskinstance.py:1988} DEBUG - <TaskInstance: hive_etl.create_hive_table scheduled__2023-07-29T00:00:00+00:00 [None]> dependency 'Previous Dagrun State' PASSED: True, The task did not have depends_on_past set.
[2024-07-17T14:51:51.123+0000] {taskinstance.py:1988} DEBUG - <TaskInstance: hive_etl.create_hive_table scheduled__2023-07-29T00:00:00+00:00 [None]> dependency 'Not In Retry Period' PASSED: True, The task instance was not marked for retrying.
[2024-07-17T14:51:51.124+0000] {taskinstance.py:1988} DEBUG - <TaskInstance: hive_etl.load_data_into_hive scheduled__2023-07-29T00:00:00+00:00 [None]> dependency 'Trigger Rule' PASSED: False, Task's trigger rule 'all_success' requires all upstream tasks to have succeeded, but found 1 non-success(es). upstream_states=_UpstreamTIStates(success=0, skipped=0, failed=0, upstream_failed=0, removed=0, done=0, success_setup=0, skipped_setup=0), upstream_task_ids={'create_hive_table'}
[2024-07-17T14:51:51.124+0000] {taskinstance.py:1969} DEBUG - Dependencies not met for <TaskInstance: hive_etl.load_data_into_hive scheduled__2023-07-29T00:00:00+00:00 [None]>, dependency 'Trigger Rule' FAILED: Task's trigger rule 'all_success' requires all upstream tasks to have succeeded, but found 1 non-success(es). upstream_states=_UpstreamTIStates(success=0, skipped=0, failed=0, upstream_failed=0, removed=0, done=0, success_setup=0, skipped_setup=0), upstream_task_ids={'create_hive_table'}
[2024-07-17T14:51:51.124+0000] {taskinstance.py:1988} DEBUG - <TaskInstance: hive_etl.load_data_into_hive scheduled__2023-07-29T00:00:00+00:00 [None]> dependency 'Previous Dagrun State' PASSED: True, The task did not have depends_on_past set.
[2024-07-17T14:51:51.124+0000] {taskinstance.py:1988} DEBUG - <TaskInstance: hive_etl.load_data_into_hive scheduled__2023-07-29T00:00:00+00:00 [None]> dependency 'Not In Retry Period' PASSED: True, The task instance was not marked for retrying.
[2024-07-17T14:51:51.125+0000] {taskinstance.py:1988} DEBUG - <TaskInstance: hive_etl.end scheduled__2023-07-29T00:00:00+00:00 [None]> dependency 'Trigger Rule' PASSED: False, Task's trigger rule 'all_success' requires all upstream tasks to have succeeded, but found 1 non-success(es). upstream_states=_UpstreamTIStates(success=0, skipped=0, failed=0, upstream_failed=0, removed=0, done=0, success_setup=0, skipped_setup=0), upstream_task_ids={'load_data_into_hive'}
[2024-07-17T14:51:51.125+0000] {taskinstance.py:1969} DEBUG - Dependencies not met for <TaskInstance: hive_etl.end scheduled__2023-07-29T00:00:00+00:00 [None]>, dependency 'Trigger Rule' FAILED: Task's trigger rule 'all_success' requires all upstream tasks to have succeeded, but found 1 non-success(es). upstream_states=_UpstreamTIStates(success=0, skipped=0, failed=0, upstream_failed=0, removed=0, done=0, success_setup=0, skipped_setup=0), upstream_task_ids={'load_data_into_hive'}
[2024-07-17T14:51:51.125+0000] {taskinstance.py:1988} DEBUG - <TaskInstance: hive_etl.end scheduled__2023-07-29T00:00:00+00:00 [None]> dependency 'Previous Dagrun State' PASSED: True, The task did not have depends_on_past set.
[2024-07-17T14:51:51.125+0000] {taskinstance.py:1988} DEBUG - <TaskInstance: hive_etl.end scheduled__2023-07-29T00:00:00+00:00 [None]> dependency 'Not In Retry Period' PASSED: True, The task instance was not marked for retrying.
[2024-07-17T14:51:51.125+0000] {taskinstance.py:1988} DEBUG - <TaskInstance: hive_etl.extract_from_mysql scheduled__2023-07-29T00:00:00+00:00 [up_for_retry]> dependency 'Trigger Rule' PASSED: True, The task instance did not have any upstream tasks.
[2024-07-17T14:51:51.126+0000] {taskinstance.py:1988} DEBUG - <TaskInstance: hive_etl.extract_from_mysql scheduled__2023-07-29T00:00:00+00:00 [up_for_retry]> dependency 'Previous Dagrun State' PASSED: True, The task did not have depends_on_past set.
[2024-07-17T14:51:51.126+0000] {taskinstance.py:1988} DEBUG - <TaskInstance: hive_etl.extract_from_mysql scheduled__2023-07-29T00:00:00+00:00 [up_for_retry]> dependency 'Not In Retry Period' PASSED: False, Task is not ready for retry yet but will be retried automatically. Current date is 2024-07-17T14:51:51.126260+00:00 and task will be retried at 2024-07-17T14:56:51.078481+00:00.
[2024-07-17T14:51:51.126+0000] {taskinstance.py:1969} DEBUG - Dependencies not met for <TaskInstance: hive_etl.extract_from_mysql scheduled__2023-07-29T00:00:00+00:00 [up_for_retry]>, dependency 'Not In Retry Period' FAILED: Task is not ready for retry yet but will be retried automatically. Current date is 2024-07-17T14:51:51.126260+00:00 and task will be retried at 2024-07-17T14:56:51.078481+00:00.
[2024-07-17T14:51:51.130+0000] {taskinstance.py:3309} INFO - 0 downstream tasks scheduled from follow-on schedule check
