[2024-07-17T08:56:57.834+0000] {taskinstance.py:991} DEBUG - previous_execution_date was called
[2024-07-17T08:56:57.860+0000] {__init__.py:54} DEBUG - Loading core task runner: StandardTaskRunner
[2024-07-17T08:56:57.879+0000] {taskinstance.py:991} DEBUG - previous_execution_date was called
[2024-07-17T08:56:57.883+0000] {base_task_runner.py:72} DEBUG - Planning to run as the  user
[2024-07-17T08:56:57.923+0000] {taskinstance.py:1988} DEBUG - <TaskInstance: hive_etl.extract_from_mysql scheduled__2023-01-21T00:00:00+00:00 [queued]> dependency 'Task Instance State' PASSED: True, Task state queued was valid.
[2024-07-17T08:56:57.923+0000] {taskinstance.py:1988} DEBUG - <TaskInstance: hive_etl.extract_from_mysql scheduled__2023-01-21T00:00:00+00:00 [queued]> dependency 'Previous Dagrun State' PASSED: True, The task did not have depends_on_past set.
[2024-07-17T08:56:57.940+0000] {taskinstance.py:1988} DEBUG - <TaskInstance: hive_etl.extract_from_mysql scheduled__2023-01-21T00:00:00+00:00 [queued]> dependency 'Task Instance Not Running' PASSED: True, Task is not in running state.
[2024-07-17T08:56:57.942+0000] {taskinstance.py:1988} DEBUG - <TaskInstance: hive_etl.extract_from_mysql scheduled__2023-01-21T00:00:00+00:00 [queued]> dependency 'Not In Retry Period' PASSED: True, The task instance was not marked for retrying.
[2024-07-17T08:56:57.942+0000] {taskinstance.py:1979} INFO - Dependencies all met for dep_context=non-requeueable deps ti=<TaskInstance: hive_etl.extract_from_mysql scheduled__2023-01-21T00:00:00+00:00 [queued]>
[2024-07-17T08:56:57.943+0000] {taskinstance.py:1988} DEBUG - <TaskInstance: hive_etl.extract_from_mysql scheduled__2023-01-21T00:00:00+00:00 [queued]> dependency 'Previous Dagrun State' PASSED: True, The task did not have depends_on_past set.
[2024-07-17T08:56:57.956+0000] {taskinstance.py:1988} DEBUG - <TaskInstance: hive_etl.extract_from_mysql scheduled__2023-01-21T00:00:00+00:00 [queued]> dependency 'Pool Slots Available' PASSED: True, There are enough open slots in default_pool to execute the task
[2024-07-17T08:56:57.964+0000] {taskinstance.py:1988} DEBUG - <TaskInstance: hive_etl.extract_from_mysql scheduled__2023-01-21T00:00:00+00:00 [queued]> dependency 'Task Concurrency' PASSED: True, Task concurrency is not set.
[2024-07-17T08:56:57.965+0000] {taskinstance.py:1988} DEBUG - <TaskInstance: hive_etl.extract_from_mysql scheduled__2023-01-21T00:00:00+00:00 [queued]> dependency 'Not In Retry Period' PASSED: True, The task instance was not marked for retrying.
[2024-07-17T08:56:57.965+0000] {taskinstance.py:1979} INFO - Dependencies all met for dep_context=requeueable deps ti=<TaskInstance: hive_etl.extract_from_mysql scheduled__2023-01-21T00:00:00+00:00 [queued]>
[2024-07-17T08:56:57.966+0000] {taskinstance.py:2193} INFO - Starting attempt 1 of 2
[2024-07-17T08:56:57.998+0000] {taskinstance.py:2214} INFO - Executing <Task(PythonOperator): extract_from_mysql> on 2023-01-21 00:00:00+00:00
[2024-07-17T08:56:58.016+0000] {standard_task_runner.py:60} INFO - Started process 130 to run task
[2024-07-17T08:56:58.023+0000] {standard_task_runner.py:87} INFO - Running: ['***', 'tasks', 'run', 'hive_etl', 'extract_from_mysql', 'scheduled__2023-01-21T00:00:00+00:00', '--job-id', '1490', '--raw', '--subdir', 'DAGS_FOLDER/new.py', '--cfg-path', '/tmp/tmpvfd5e7dk']
[2024-07-17T08:56:58.025+0000] {standard_task_runner.py:88} INFO - Job 1490: Subtask extract_from_mysql
[2024-07-17T08:56:58.026+0000] {cli_action_loggers.py:67} DEBUG - Calling callbacks: [<function default_action_log at 0x75fe52c56f80>]
[2024-07-17T08:56:58.112+0000] {taskinstance.py:991} DEBUG - previous_execution_date was called
[2024-07-17T08:56:58.122+0000] {task_command.py:423} INFO - Running <TaskInstance: hive_etl.extract_from_mysql scheduled__2023-01-21T00:00:00+00:00 [running]> on host a88c97f6715f
[2024-07-17T08:56:58.123+0000] {settings.py:386} DEBUG - Disposing DB connection pool (PID 130)
[2024-07-17T08:56:58.124+0000] {settings.py:249} DEBUG - Setting up DB connection pool (PID 130)
[2024-07-17T08:56:58.125+0000] {settings.py:318} DEBUG - settings.prepare_engine_args(): Using NullPool
[2024-07-17T08:56:58.213+0000] {taskinstance.py:991} DEBUG - previous_execution_date was called
[2024-07-17T08:56:58.218+0000] {taskinstance.py:1769} DEBUG - Clearing XCom data
[2024-07-17T08:56:58.232+0000] {retries.py:93} DEBUG - Running RenderedTaskInstanceFields.write with retries. Try 1 of 3
[2024-07-17T08:56:58.273+0000] {retries.py:93} DEBUG - Running RenderedTaskInstanceFields._do_delete_old_records with retries. Try 1 of 3
[2024-07-17T08:56:58.293+0000] {taskinstance.py:2510} INFO - Exporting env vars: AIRFLOW_CTX_DAG_OWNER='***' AIRFLOW_CTX_DAG_ID='hive_etl' AIRFLOW_CTX_TASK_ID='extract_from_mysql' AIRFLOW_CTX_EXECUTION_DATE='2023-01-21T00:00:00+00:00' AIRFLOW_CTX_TRY_NUMBER='1' AIRFLOW_CTX_DAG_RUN_ID='scheduled__2023-01-21T00:00:00+00:00'
[2024-07-17T08:56:58.294+0000] {__init__.py:115} DEBUG - Preparing lineage inlets and outlets
[2024-07-17T08:56:58.295+0000] {__init__.py:154} DEBUG - inlets: [], outlets: []
[2024-07-17T08:56:58.309+0000] {base.py:83} INFO - Using connection ID 'mysql_default' for task execution.
[2024-07-17T08:56:58.337+0000] {warnings.py:109} WARNING - /home/***/.local/lib/python3.10/site-packages/***/providers/common/sql/hooks/sql.py:227: UserWarning: pandas only supports SQLAlchemy connectable (engine/connection) or database string URI or sqlite3 DBAPI2 connection. Other DBAPI2 objects are not tested. Please consider using SQLAlchemy.
  return psql.read_sql(sql, con=conn, params=parameters, **kwargs)

[2024-07-17T08:56:58.355+0000] {python.py:202} INFO - Done. Returned value was: None
[2024-07-17T08:56:58.357+0000] {__init__.py:73} DEBUG - Lineage called with inlets: [], outlets: []
[2024-07-17T08:56:58.383+0000] {taskinstance.py:549} DEBUG - Clearing next_method and next_kwargs.
[2024-07-17T08:56:58.384+0000] {taskinstance.py:1149} INFO - Marking task as SUCCESS. dag_id=hive_etl, task_id=extract_from_mysql, execution_date=20230121T000000, start_date=20240717T085657, end_date=20240717T085658
[2024-07-17T08:56:58.384+0000] {taskinstance.py:527} DEBUG - Task Duration set to 0.441011
[2024-07-17T08:56:58.412+0000] {cli_action_loggers.py:85} DEBUG - Calling callbacks: []
[2024-07-17T08:56:58.483+0000] {local_task_job_runner.py:234} INFO - Task exited with return code 0
[2024-07-17T08:56:58.927+0000] {dagrun.py:876} DEBUG - number of tis tasks for <DagRun hive_etl @ 2023-01-21 00:00:00+00:00: scheduled__2023-01-21T00:00:00+00:00, state:running, queued_at: 2024-07-17 08:56:55.486332+00:00. externally triggered: False>: 4 task(s)
[2024-07-17T08:56:58.929+0000] {dagrun.py:897} DEBUG - number of scheduleable tasks for <DagRun hive_etl @ 2023-01-21 00:00:00+00:00: scheduled__2023-01-21T00:00:00+00:00, state:running, queued_at: 2024-07-17 08:56:55.486332+00:00. externally triggered: False>: 2 task(s)
[2024-07-17T08:56:58.929+0000] {taskinstance.py:1988} DEBUG - <TaskInstance: hive_etl.load_data_into_hive scheduled__2023-01-21T00:00:00+00:00 [None]> dependency 'Not In Retry Period' PASSED: True, The task instance was not marked for retrying.
[2024-07-17T08:56:58.930+0000] {taskinstance.py:1988} DEBUG - <TaskInstance: hive_etl.load_data_into_hive scheduled__2023-01-21T00:00:00+00:00 [None]> dependency 'Previous Dagrun State' PASSED: True, The task did not have depends_on_past set.
[2024-07-17T08:56:58.930+0000] {taskinstance.py:1988} DEBUG - <TaskInstance: hive_etl.load_data_into_hive scheduled__2023-01-21T00:00:00+00:00 [None]> dependency 'Trigger Rule' PASSED: False, Task's trigger rule 'all_success' requires all upstream tasks to have succeeded, but found 1 non-success(es). upstream_states=_UpstreamTIStates(success=0, skipped=0, failed=0, upstream_failed=0, removed=0, done=0, success_setup=0, skipped_setup=0), upstream_task_ids={'create_hive_table'}
[2024-07-17T08:56:58.931+0000] {taskinstance.py:1969} DEBUG - Dependencies not met for <TaskInstance: hive_etl.load_data_into_hive scheduled__2023-01-21T00:00:00+00:00 [None]>, dependency 'Trigger Rule' FAILED: Task's trigger rule 'all_success' requires all upstream tasks to have succeeded, but found 1 non-success(es). upstream_states=_UpstreamTIStates(success=0, skipped=0, failed=0, upstream_failed=0, removed=0, done=0, success_setup=0, skipped_setup=0), upstream_task_ids={'create_hive_table'}
[2024-07-17T08:56:58.931+0000] {taskinstance.py:1988} DEBUG - <TaskInstance: hive_etl.end scheduled__2023-01-21T00:00:00+00:00 [None]> dependency 'Not In Retry Period' PASSED: True, The task instance was not marked for retrying.
[2024-07-17T08:56:58.932+0000] {taskinstance.py:1988} DEBUG - <TaskInstance: hive_etl.end scheduled__2023-01-21T00:00:00+00:00 [None]> dependency 'Previous Dagrun State' PASSED: True, The task did not have depends_on_past set.
[2024-07-17T08:56:58.932+0000] {taskinstance.py:1988} DEBUG - <TaskInstance: hive_etl.end scheduled__2023-01-21T00:00:00+00:00 [None]> dependency 'Trigger Rule' PASSED: False, Task's trigger rule 'all_success' requires all upstream tasks to have succeeded, but found 1 non-success(es). upstream_states=_UpstreamTIStates(success=0, skipped=0, failed=0, upstream_failed=0, removed=0, done=0, success_setup=0, skipped_setup=0), upstream_task_ids={'load_data_into_hive'}
[2024-07-17T08:56:58.933+0000] {taskinstance.py:1969} DEBUG - Dependencies not met for <TaskInstance: hive_etl.end scheduled__2023-01-21T00:00:00+00:00 [None]>, dependency 'Trigger Rule' FAILED: Task's trigger rule 'all_success' requires all upstream tasks to have succeeded, but found 1 non-success(es). upstream_states=_UpstreamTIStates(success=0, skipped=0, failed=0, upstream_failed=0, removed=0, done=0, success_setup=0, skipped_setup=0), upstream_task_ids={'load_data_into_hive'}
[2024-07-17T08:56:58.941+0000] {taskinstance.py:3309} INFO - 0 downstream tasks scheduled from follow-on schedule check
