[2024-07-10T04:05:21.176+0000] {taskinstance.py:991} DEBUG - previous_execution_date was called
[2024-07-10T04:05:21.191+0000] {__init__.py:54} DEBUG - Loading core task runner: StandardTaskRunner
[2024-07-10T04:05:21.200+0000] {taskinstance.py:991} DEBUG - previous_execution_date was called
[2024-07-10T04:05:21.203+0000] {base_task_runner.py:72} DEBUG - Planning to run as the  user
[2024-07-10T04:05:21.221+0000] {taskinstance.py:1988} DEBUG - <TaskInstance: hello_world_dag.print_hello scheduled__2023-03-11T00:00:00+00:00 [queued]> dependency 'Task Instance State' PASSED: True, Task state queued was valid.
[2024-07-10T04:05:21.228+0000] {taskinstance.py:1988} DEBUG - <TaskInstance: hello_world_dag.print_hello scheduled__2023-03-11T00:00:00+00:00 [queued]> dependency 'Previous Dagrun State' PASSED: True, The task did not have depends_on_past set.
[2024-07-10T04:05:21.228+0000] {taskinstance.py:1988} DEBUG - <TaskInstance: hello_world_dag.print_hello scheduled__2023-03-11T00:00:00+00:00 [queued]> dependency 'Not In Retry Period' PASSED: True, The task instance was not marked for retrying.
[2024-07-10T04:05:21.228+0000] {taskinstance.py:1988} DEBUG - <TaskInstance: hello_world_dag.print_hello scheduled__2023-03-11T00:00:00+00:00 [queued]> dependency 'Task Instance Not Running' PASSED: True, Task is not in running state.
[2024-07-10T04:05:21.229+0000] {taskinstance.py:1988} DEBUG - <TaskInstance: hello_world_dag.print_hello scheduled__2023-03-11T00:00:00+00:00 [queued]> dependency 'Trigger Rule' PASSED: True, The task instance did not have any upstream tasks.
[2024-07-10T04:05:21.229+0000] {taskinstance.py:1979} INFO - Dependencies all met for dep_context=non-requeueable deps ti=<TaskInstance: hello_world_dag.print_hello scheduled__2023-03-11T00:00:00+00:00 [queued]>
[2024-07-10T04:05:21.238+0000] {taskinstance.py:1988} DEBUG - <TaskInstance: hello_world_dag.print_hello scheduled__2023-03-11T00:00:00+00:00 [queued]> dependency 'Pool Slots Available' PASSED: True, There are enough open slots in default_pool to execute the task
[2024-07-10T04:05:21.239+0000] {taskinstance.py:1988} DEBUG - <TaskInstance: hello_world_dag.print_hello scheduled__2023-03-11T00:00:00+00:00 [queued]> dependency 'Previous Dagrun State' PASSED: True, The task did not have depends_on_past set.
[2024-07-10T04:05:21.239+0000] {taskinstance.py:1988} DEBUG - <TaskInstance: hello_world_dag.print_hello scheduled__2023-03-11T00:00:00+00:00 [queued]> dependency 'Task Concurrency' PASSED: True, Task concurrency is not set.
[2024-07-10T04:05:21.239+0000] {taskinstance.py:1988} DEBUG - <TaskInstance: hello_world_dag.print_hello scheduled__2023-03-11T00:00:00+00:00 [queued]> dependency 'Not In Retry Period' PASSED: True, The task instance was not marked for retrying.
[2024-07-10T04:05:21.239+0000] {taskinstance.py:1988} DEBUG - <TaskInstance: hello_world_dag.print_hello scheduled__2023-03-11T00:00:00+00:00 [queued]> dependency 'Trigger Rule' PASSED: True, The task instance did not have any upstream tasks.
[2024-07-10T04:05:21.239+0000] {taskinstance.py:1979} INFO - Dependencies all met for dep_context=requeueable deps ti=<TaskInstance: hello_world_dag.print_hello scheduled__2023-03-11T00:00:00+00:00 [queued]>
[2024-07-10T04:05:21.239+0000] {taskinstance.py:2193} INFO - Starting attempt 1 of 2
[2024-07-10T04:05:21.251+0000] {taskinstance.py:2214} INFO - Executing <Task(PythonOperator): print_hello> on 2023-03-11 00:00:00+00:00
[2024-07-10T04:05:21.260+0000] {standard_task_runner.py:60} INFO - Started process 285 to run task
[2024-07-10T04:05:21.264+0000] {standard_task_runner.py:87} INFO - Running: ['***', 'tasks', 'run', 'hello_world_dag', 'print_hello', 'scheduled__2023-03-11T00:00:00+00:00', '--job-id', '88', '--raw', '--subdir', 'DAGS_FOLDER/ex.py', '--cfg-path', '/tmp/tmpnd53bzia']
[2024-07-10T04:05:21.266+0000] {standard_task_runner.py:88} INFO - Job 88: Subtask print_hello
[2024-07-10T04:05:21.268+0000] {cli_action_loggers.py:67} DEBUG - Calling callbacks: [<function default_action_log at 0x71a377f20ca0>]
[2024-07-10T04:05:21.310+0000] {taskinstance.py:991} DEBUG - previous_execution_date was called
[2024-07-10T04:05:21.318+0000] {task_command.py:423} INFO - Running <TaskInstance: hello_world_dag.print_hello scheduled__2023-03-11T00:00:00+00:00 [running]> on host 1e6d8c5e82dd
[2024-07-10T04:05:21.319+0000] {settings.py:386} DEBUG - Disposing DB connection pool (PID 285)
[2024-07-10T04:05:21.319+0000] {settings.py:249} DEBUG - Setting up DB connection pool (PID 285)
[2024-07-10T04:05:21.320+0000] {settings.py:318} DEBUG - settings.prepare_engine_args(): Using NullPool
[2024-07-10T04:05:21.347+0000] {taskinstance.py:991} DEBUG - previous_execution_date was called
[2024-07-10T04:05:21.354+0000] {taskinstance.py:1769} DEBUG - Clearing XCom data
[2024-07-10T04:05:21.358+0000] {retries.py:93} DEBUG - Running RenderedTaskInstanceFields.write with retries. Try 1 of 3
[2024-07-10T04:05:21.376+0000] {retries.py:93} DEBUG - Running RenderedTaskInstanceFields._do_delete_old_records with retries. Try 1 of 3
[2024-07-10T04:05:21.385+0000] {taskinstance.py:2510} INFO - Exporting env vars: AIRFLOW_CTX_DAG_OWNER='***' AIRFLOW_CTX_DAG_ID='hello_world_dag' AIRFLOW_CTX_TASK_ID='print_hello' AIRFLOW_CTX_EXECUTION_DATE='2023-03-11T00:00:00+00:00' AIRFLOW_CTX_TRY_NUMBER='1' AIRFLOW_CTX_DAG_RUN_ID='scheduled__2023-03-11T00:00:00+00:00'
[2024-07-10T04:05:21.386+0000] {__init__.py:115} DEBUG - Preparing lineage inlets and outlets
[2024-07-10T04:05:21.386+0000] {__init__.py:154} DEBUG - inlets: [], outlets: []
[2024-07-10T04:05:21.387+0000] {logging_mixin.py:188} INFO - Hello World
[2024-07-10T04:05:21.387+0000] {python.py:202} INFO - Done. Returned value was: None
[2024-07-10T04:05:21.388+0000] {__init__.py:73} DEBUG - Lineage called with inlets: [], outlets: []
[2024-07-10T04:05:21.394+0000] {taskinstance.py:549} DEBUG - Clearing next_method and next_kwargs.
[2024-07-10T04:05:21.395+0000] {taskinstance.py:1149} INFO - Marking task as SUCCESS. dag_id=hello_world_dag, task_id=print_hello, execution_date=20230311T000000, start_date=20240710T040521, end_date=20240710T040521
[2024-07-10T04:05:21.395+0000] {taskinstance.py:527} DEBUG - Task Duration set to 0.165625
[2024-07-10T04:05:21.404+0000] {cli_action_loggers.py:85} DEBUG - Calling callbacks: []
[2024-07-10T04:05:21.435+0000] {local_task_job_runner.py:234} INFO - Task exited with return code 0
[2024-07-10T04:05:21.447+0000] {dagrun.py:876} DEBUG - number of tis tasks for <DagRun hello_world_dag @ 2023-03-11 00:00:00+00:00: scheduled__2023-03-11T00:00:00+00:00, state:running, queued_at: 2024-07-10 04:05:19.923486+00:00. externally triggered: False>: 0 task(s)
[2024-07-10T04:05:21.447+0000] {taskinstance.py:3309} INFO - 0 downstream tasks scheduled from follow-on schedule check
