[2024-07-17T14:15:43.462+0000] {taskinstance.py:991} DEBUG - previous_execution_date was called
[2024-07-17T14:15:43.482+0000] {__init__.py:54} DEBUG - Loading core task runner: StandardTaskRunner
[2024-07-17T14:15:43.503+0000] {taskinstance.py:991} DEBUG - previous_execution_date was called
[2024-07-17T14:15:43.510+0000] {base_task_runner.py:72} DEBUG - Planning to run as the  user
[2024-07-17T14:15:43.547+0000] {taskinstance.py:1988} DEBUG - <TaskInstance: hive_etl.extract_from_mysql scheduled__2023-06-14T00:00:00+00:00 [queued]> dependency 'Task Instance Not Running' PASSED: True, Task is not in running state.
[2024-07-17T14:15:43.548+0000] {taskinstance.py:1988} DEBUG - <TaskInstance: hive_etl.extract_from_mysql scheduled__2023-06-14T00:00:00+00:00 [queued]> dependency 'Previous Dagrun State' PASSED: True, The task did not have depends_on_past set.
[2024-07-17T14:15:43.559+0000] {taskinstance.py:1988} DEBUG - <TaskInstance: hive_etl.extract_from_mysql scheduled__2023-06-14T00:00:00+00:00 [queued]> dependency 'Not In Retry Period' PASSED: True, The task instance was not marked for retrying.
[2024-07-17T14:15:43.560+0000] {taskinstance.py:1988} DEBUG - <TaskInstance: hive_etl.extract_from_mysql scheduled__2023-06-14T00:00:00+00:00 [queued]> dependency 'Task Instance State' PASSED: True, Task state queued was valid.
[2024-07-17T14:15:43.560+0000] {taskinstance.py:1979} INFO - Dependencies all met for dep_context=non-requeueable deps ti=<TaskInstance: hive_etl.extract_from_mysql scheduled__2023-06-14T00:00:00+00:00 [queued]>
[2024-07-17T14:15:43.561+0000] {taskinstance.py:1988} DEBUG - <TaskInstance: hive_etl.extract_from_mysql scheduled__2023-06-14T00:00:00+00:00 [queued]> dependency 'Previous Dagrun State' PASSED: True, The task did not have depends_on_past set.
[2024-07-17T14:15:43.566+0000] {taskinstance.py:1988} DEBUG - <TaskInstance: hive_etl.extract_from_mysql scheduled__2023-06-14T00:00:00+00:00 [queued]> dependency 'Not In Retry Period' PASSED: True, The task instance was not marked for retrying.
[2024-07-17T14:15:43.577+0000] {taskinstance.py:1988} DEBUG - <TaskInstance: hive_etl.extract_from_mysql scheduled__2023-06-14T00:00:00+00:00 [queued]> dependency 'Pool Slots Available' PASSED: True, There are enough open slots in default_pool to execute the task
[2024-07-17T14:15:43.578+0000] {taskinstance.py:1988} DEBUG - <TaskInstance: hive_etl.extract_from_mysql scheduled__2023-06-14T00:00:00+00:00 [queued]> dependency 'Task Concurrency' PASSED: True, Task concurrency is not set.
[2024-07-17T14:15:43.578+0000] {taskinstance.py:1979} INFO - Dependencies all met for dep_context=requeueable deps ti=<TaskInstance: hive_etl.extract_from_mysql scheduled__2023-06-14T00:00:00+00:00 [queued]>
[2024-07-17T14:15:43.578+0000] {taskinstance.py:2193} INFO - Starting attempt 1 of 2
[2024-07-17T14:15:43.599+0000] {taskinstance.py:2214} INFO - Executing <Task(PythonOperator): extract_from_mysql> on 2023-06-14 00:00:00+00:00
[2024-07-17T14:15:43.609+0000] {standard_task_runner.py:60} INFO - Started process 142 to run task
[2024-07-17T14:15:43.614+0000] {standard_task_runner.py:87} INFO - Running: ['***', 'tasks', 'run', 'hive_etl', 'extract_from_mysql', 'scheduled__2023-06-14T00:00:00+00:00', '--job-id', '2125', '--raw', '--subdir', 'DAGS_FOLDER/new.py', '--cfg-path', '/tmp/tmpqkqccm8m']
[2024-07-17T14:15:43.616+0000] {standard_task_runner.py:88} INFO - Job 2125: Subtask extract_from_mysql
[2024-07-17T14:15:43.617+0000] {cli_action_loggers.py:67} DEBUG - Calling callbacks: [<function default_action_log at 0x763f8104af80>]
[2024-07-17T14:15:43.711+0000] {taskinstance.py:991} DEBUG - previous_execution_date was called
[2024-07-17T14:15:43.723+0000] {task_command.py:423} INFO - Running <TaskInstance: hive_etl.extract_from_mysql scheduled__2023-06-14T00:00:00+00:00 [running]> on host 8c50a8ad787d
[2024-07-17T14:15:43.724+0000] {settings.py:386} DEBUG - Disposing DB connection pool (PID 142)
[2024-07-17T14:15:43.725+0000] {settings.py:249} DEBUG - Setting up DB connection pool (PID 142)
[2024-07-17T14:15:43.725+0000] {settings.py:318} DEBUG - settings.prepare_engine_args(): Using NullPool
[2024-07-17T14:15:43.796+0000] {taskinstance.py:991} DEBUG - previous_execution_date was called
[2024-07-17T14:15:43.800+0000] {taskinstance.py:1769} DEBUG - Clearing XCom data
[2024-07-17T14:15:43.812+0000] {retries.py:93} DEBUG - Running RenderedTaskInstanceFields.write with retries. Try 1 of 3
[2024-07-17T14:15:43.868+0000] {retries.py:93} DEBUG - Running RenderedTaskInstanceFields._do_delete_old_records with retries. Try 1 of 3
[2024-07-17T14:15:43.897+0000] {taskinstance.py:2510} INFO - Exporting env vars: AIRFLOW_CTX_DAG_OWNER='***' AIRFLOW_CTX_DAG_ID='hive_etl' AIRFLOW_CTX_TASK_ID='extract_from_mysql' AIRFLOW_CTX_EXECUTION_DATE='2023-06-14T00:00:00+00:00' AIRFLOW_CTX_TRY_NUMBER='1' AIRFLOW_CTX_DAG_RUN_ID='scheduled__2023-06-14T00:00:00+00:00'
[2024-07-17T14:15:43.898+0000] {__init__.py:115} DEBUG - Preparing lineage inlets and outlets
[2024-07-17T14:15:43.903+0000] {__init__.py:154} DEBUG - inlets: [], outlets: []
[2024-07-17T14:15:43.926+0000] {base.py:83} INFO - Using connection ID 'mysql_default' for task execution.
[2024-07-17T14:15:48.679+0000] {job.py:209} DEBUG - [heartbeat]
[2024-07-17T14:15:53.719+0000] {job.py:209} DEBUG - [heartbeat]
[2024-07-17T14:15:58.770+0000] {job.py:209} DEBUG - [heartbeat]
[2024-07-17T14:16:03.842+0000] {job.py:209} DEBUG - [heartbeat]
[2024-07-17T14:16:08.884+0000] {job.py:209} DEBUG - [heartbeat]
[2024-07-17T14:16:13.922+0000] {job.py:209} DEBUG - [heartbeat]
[2024-07-17T14:16:18.962+0000] {job.py:209} DEBUG - [heartbeat]
[2024-07-17T14:16:24.003+0000] {job.py:209} DEBUG - [heartbeat]
[2024-07-17T14:16:29.085+0000] {job.py:209} DEBUG - [heartbeat]
[2024-07-17T14:16:34.152+0000] {job.py:209} DEBUG - [heartbeat]
[2024-07-17T14:16:39.194+0000] {job.py:209} DEBUG - [heartbeat]
[2024-07-17T14:16:44.249+0000] {job.py:209} DEBUG - [heartbeat]
[2024-07-17T14:16:49.290+0000] {job.py:209} DEBUG - [heartbeat]
[2024-07-17T14:16:54.341+0000] {job.py:209} DEBUG - [heartbeat]
[2024-07-17T14:16:59.422+0000] {job.py:209} DEBUG - [heartbeat]
[2024-07-17T14:17:04.485+0000] {job.py:209} DEBUG - [heartbeat]
[2024-07-17T14:17:09.538+0000] {job.py:209} DEBUG - [heartbeat]
[2024-07-17T14:17:14.581+0000] {job.py:209} DEBUG - [heartbeat]
[2024-07-17T14:17:19.619+0000] {job.py:209} DEBUG - [heartbeat]
[2024-07-17T14:17:24.658+0000] {job.py:209} DEBUG - [heartbeat]
[2024-07-17T14:17:29.697+0000] {job.py:209} DEBUG - [heartbeat]
[2024-07-17T14:17:34.746+0000] {job.py:209} DEBUG - [heartbeat]
[2024-07-17T14:17:39.817+0000] {job.py:209} DEBUG - [heartbeat]
[2024-07-17T14:17:44.866+0000] {job.py:209} DEBUG - [heartbeat]
[2024-07-17T14:17:49.947+0000] {job.py:209} DEBUG - [heartbeat]
[2024-07-17T14:17:54.997+0000] {job.py:209} DEBUG - [heartbeat]
[2024-07-17T14:17:58.189+0000] {taskinstance.py:2728} ERROR - Task failed with exception
Traceback (most recent call last):
  File "/home/airflow/.local/lib/python3.10/site-packages/airflow/models/taskinstance.py", line 444, in _execute_task
    result = _execute_callable(context=context, **execute_callable_kwargs)
  File "/home/airflow/.local/lib/python3.10/site-packages/airflow/models/taskinstance.py", line 414, in _execute_callable
    return execute_callable(context=context, **execute_callable_kwargs)
  File "/home/airflow/.local/lib/python3.10/site-packages/airflow/operators/python.py", line 200, in execute
    return_value = self.execute_callable()
  File "/home/airflow/.local/lib/python3.10/site-packages/airflow/operators/python.py", line 217, in execute_callable
    return self.python_callable(*self.op_args, **self.op_kwargs)
  File "/opt/airflow/dags/new.py", line 20, in extract_from_mysql
    df = mysql_hook.get_pandas_df(sql)
  File "/home/airflow/.local/lib/python3.10/site-packages/airflow/providers/common/sql/hooks/sql.py", line 226, in get_pandas_df
    with closing(self.get_conn()) as conn:
  File "/home/airflow/.local/lib/python3.10/site-packages/airflow/providers/mysql/hooks/mysql.py", line 195, in get_conn
    return MySQLdb.connect(**conn_config)
  File "/home/airflow/.local/lib/python3.10/site-packages/MySQLdb/__init__.py", line 121, in Connect
    return Connection(*args, **kwargs)
  File "/home/airflow/.local/lib/python3.10/site-packages/MySQLdb/connections.py", line 195, in __init__
    super().__init__(*args, **kwargs2)
MySQLdb.OperationalError: (2002, "Can't connect to server on '172.16.9.72' (115)")
[2024-07-17T14:17:58.198+0000] {taskinstance.py:527} DEBUG - Task Duration set to 134.637742
[2024-07-17T14:17:58.202+0000] {taskinstance.py:549} DEBUG - Clearing next_method and next_kwargs.
[2024-07-17T14:17:58.202+0000] {taskinstance.py:1149} INFO - Marking task as UP_FOR_RETRY. dag_id=hive_etl, task_id=extract_from_mysql, execution_date=20230614T000000, start_date=20240717T141543, end_date=20240717T141758
[2024-07-17T14:17:58.219+0000] {cli_action_loggers.py:85} DEBUG - Calling callbacks: []
[2024-07-17T14:17:58.220+0000] {standard_task_runner.py:107} ERROR - Failed to execute job 2125 for task extract_from_mysql ((2002, "Can't connect to server on '172.16.9.72' (115)"); 142)
[2024-07-17T14:17:58.257+0000] {local_task_job_runner.py:234} INFO - Task exited with return code 1
[2024-07-17T14:17:58.278+0000] {dagrun.py:876} DEBUG - number of tis tasks for <DagRun hive_etl @ 2023-06-14 00:00:00+00:00: scheduled__2023-06-14T00:00:00+00:00, state:running, queued_at: 2024-07-17 14:15:40.368567+00:00. externally triggered: False>: 4 task(s)
[2024-07-17T14:17:58.278+0000] {dagrun.py:897} DEBUG - number of scheduleable tasks for <DagRun hive_etl @ 2023-06-14 00:00:00+00:00: scheduled__2023-06-14T00:00:00+00:00, state:running, queued_at: 2024-07-17 14:15:40.368567+00:00. externally triggered: False>: 4 task(s)
[2024-07-17T14:17:58.279+0000] {taskinstance.py:1988} DEBUG - <TaskInstance: hive_etl.create_hive_table scheduled__2023-06-14T00:00:00+00:00 [None]> dependency 'Previous Dagrun State' PASSED: True, The task did not have depends_on_past set.
[2024-07-17T14:17:58.280+0000] {taskinstance.py:1988} DEBUG - <TaskInstance: hive_etl.create_hive_table scheduled__2023-06-14T00:00:00+00:00 [None]> dependency 'Trigger Rule' PASSED: False, Task's trigger rule 'all_success' requires all upstream tasks to have succeeded, but found 1 non-success(es). upstream_states=_UpstreamTIStates(success=0, skipped=0, failed=0, upstream_failed=0, removed=0, done=0, success_setup=0, skipped_setup=0), upstream_task_ids={'extract_from_mysql'}
[2024-07-17T14:17:58.280+0000] {taskinstance.py:1969} DEBUG - Dependencies not met for <TaskInstance: hive_etl.create_hive_table scheduled__2023-06-14T00:00:00+00:00 [None]>, dependency 'Trigger Rule' FAILED: Task's trigger rule 'all_success' requires all upstream tasks to have succeeded, but found 1 non-success(es). upstream_states=_UpstreamTIStates(success=0, skipped=0, failed=0, upstream_failed=0, removed=0, done=0, success_setup=0, skipped_setup=0), upstream_task_ids={'extract_from_mysql'}
[2024-07-17T14:17:58.280+0000] {taskinstance.py:1988} DEBUG - <TaskInstance: hive_etl.create_hive_table scheduled__2023-06-14T00:00:00+00:00 [None]> dependency 'Not In Retry Period' PASSED: True, The task instance was not marked for retrying.
[2024-07-17T14:17:58.281+0000] {taskinstance.py:1988} DEBUG - <TaskInstance: hive_etl.load_data_into_hive scheduled__2023-06-14T00:00:00+00:00 [None]> dependency 'Previous Dagrun State' PASSED: True, The task did not have depends_on_past set.
[2024-07-17T14:17:58.281+0000] {taskinstance.py:1988} DEBUG - <TaskInstance: hive_etl.load_data_into_hive scheduled__2023-06-14T00:00:00+00:00 [None]> dependency 'Trigger Rule' PASSED: False, Task's trigger rule 'all_success' requires all upstream tasks to have succeeded, but found 1 non-success(es). upstream_states=_UpstreamTIStates(success=0, skipped=0, failed=0, upstream_failed=0, removed=0, done=0, success_setup=0, skipped_setup=0), upstream_task_ids={'create_hive_table'}
[2024-07-17T14:17:58.282+0000] {taskinstance.py:1969} DEBUG - Dependencies not met for <TaskInstance: hive_etl.load_data_into_hive scheduled__2023-06-14T00:00:00+00:00 [None]>, dependency 'Trigger Rule' FAILED: Task's trigger rule 'all_success' requires all upstream tasks to have succeeded, but found 1 non-success(es). upstream_states=_UpstreamTIStates(success=0, skipped=0, failed=0, upstream_failed=0, removed=0, done=0, success_setup=0, skipped_setup=0), upstream_task_ids={'create_hive_table'}
[2024-07-17T14:17:58.282+0000] {taskinstance.py:1988} DEBUG - <TaskInstance: hive_etl.load_data_into_hive scheduled__2023-06-14T00:00:00+00:00 [None]> dependency 'Not In Retry Period' PASSED: True, The task instance was not marked for retrying.
[2024-07-17T14:17:58.282+0000] {taskinstance.py:1988} DEBUG - <TaskInstance: hive_etl.end scheduled__2023-06-14T00:00:00+00:00 [None]> dependency 'Previous Dagrun State' PASSED: True, The task did not have depends_on_past set.
[2024-07-17T14:17:58.284+0000] {taskinstance.py:1988} DEBUG - <TaskInstance: hive_etl.end scheduled__2023-06-14T00:00:00+00:00 [None]> dependency 'Trigger Rule' PASSED: False, Task's trigger rule 'all_success' requires all upstream tasks to have succeeded, but found 1 non-success(es). upstream_states=_UpstreamTIStates(success=0, skipped=0, failed=0, upstream_failed=0, removed=0, done=0, success_setup=0, skipped_setup=0), upstream_task_ids={'load_data_into_hive'}
[2024-07-17T14:17:58.285+0000] {taskinstance.py:1969} DEBUG - Dependencies not met for <TaskInstance: hive_etl.end scheduled__2023-06-14T00:00:00+00:00 [None]>, dependency 'Trigger Rule' FAILED: Task's trigger rule 'all_success' requires all upstream tasks to have succeeded, but found 1 non-success(es). upstream_states=_UpstreamTIStates(success=0, skipped=0, failed=0, upstream_failed=0, removed=0, done=0, success_setup=0, skipped_setup=0), upstream_task_ids={'load_data_into_hive'}
[2024-07-17T14:17:58.286+0000] {taskinstance.py:1988} DEBUG - <TaskInstance: hive_etl.end scheduled__2023-06-14T00:00:00+00:00 [None]> dependency 'Not In Retry Period' PASSED: True, The task instance was not marked for retrying.
[2024-07-17T14:17:58.286+0000] {taskinstance.py:1988} DEBUG - <TaskInstance: hive_etl.extract_from_mysql scheduled__2023-06-14T00:00:00+00:00 [up_for_retry]> dependency 'Previous Dagrun State' PASSED: True, The task did not have depends_on_past set.
[2024-07-17T14:17:58.286+0000] {taskinstance.py:1988} DEBUG - <TaskInstance: hive_etl.extract_from_mysql scheduled__2023-06-14T00:00:00+00:00 [up_for_retry]> dependency 'Trigger Rule' PASSED: True, The task instance did not have any upstream tasks.
[2024-07-17T14:17:58.286+0000] {taskinstance.py:1988} DEBUG - <TaskInstance: hive_etl.extract_from_mysql scheduled__2023-06-14T00:00:00+00:00 [up_for_retry]> dependency 'Not In Retry Period' PASSED: False, Task is not ready for retry yet but will be retried automatically. Current date is 2024-07-17T14:17:58.286838+00:00 and task will be retried at 2024-07-17T14:22:58.198749+00:00.
[2024-07-17T14:17:58.287+0000] {taskinstance.py:1969} DEBUG - Dependencies not met for <TaskInstance: hive_etl.extract_from_mysql scheduled__2023-06-14T00:00:00+00:00 [up_for_retry]>, dependency 'Not In Retry Period' FAILED: Task is not ready for retry yet but will be retried automatically. Current date is 2024-07-17T14:17:58.286838+00:00 and task will be retried at 2024-07-17T14:22:58.198749+00:00.
[2024-07-17T14:17:58.297+0000] {taskinstance.py:3309} INFO - 0 downstream tasks scheduled from follow-on schedule check
