[2024-07-17T14:08:22.763+0000] {taskinstance.py:991} DEBUG - previous_execution_date was called
[2024-07-17T14:08:22.790+0000] {__init__.py:54} DEBUG - Loading core task runner: StandardTaskRunner
[2024-07-17T14:08:22.808+0000] {taskinstance.py:991} DEBUG - previous_execution_date was called
[2024-07-17T14:08:22.811+0000] {base_task_runner.py:72} DEBUG - Planning to run as the  user
[2024-07-17T14:08:22.835+0000] {taskinstance.py:1988} DEBUG - <TaskInstance: hive_etl.extract_from_mysql scheduled__2023-05-27T00:00:00+00:00 [queued]> dependency 'Task Instance State' PASSED: True, Task state queued was valid.
[2024-07-17T14:08:22.836+0000] {taskinstance.py:1988} DEBUG - <TaskInstance: hive_etl.extract_from_mysql scheduled__2023-05-27T00:00:00+00:00 [queued]> dependency 'Not In Retry Period' PASSED: True, The task instance was not marked for retrying.
[2024-07-17T14:08:22.836+0000] {taskinstance.py:1988} DEBUG - <TaskInstance: hive_etl.extract_from_mysql scheduled__2023-05-27T00:00:00+00:00 [queued]> dependency 'Previous Dagrun State' PASSED: True, The task did not have depends_on_past set.
[2024-07-17T14:08:22.848+0000] {taskinstance.py:1988} DEBUG - <TaskInstance: hive_etl.extract_from_mysql scheduled__2023-05-27T00:00:00+00:00 [queued]> dependency 'Task Instance Not Running' PASSED: True, Task is not in running state.
[2024-07-17T14:08:22.848+0000] {taskinstance.py:1979} INFO - Dependencies all met for dep_context=non-requeueable deps ti=<TaskInstance: hive_etl.extract_from_mysql scheduled__2023-05-27T00:00:00+00:00 [queued]>
[2024-07-17T14:08:22.851+0000] {taskinstance.py:1988} DEBUG - <TaskInstance: hive_etl.extract_from_mysql scheduled__2023-05-27T00:00:00+00:00 [queued]> dependency 'Not In Retry Period' PASSED: True, The task instance was not marked for retrying.
[2024-07-17T14:08:22.852+0000] {taskinstance.py:1988} DEBUG - <TaskInstance: hive_etl.extract_from_mysql scheduled__2023-05-27T00:00:00+00:00 [queued]> dependency 'Previous Dagrun State' PASSED: True, The task did not have depends_on_past set.
[2024-07-17T14:08:22.857+0000] {taskinstance.py:1988} DEBUG - <TaskInstance: hive_etl.extract_from_mysql scheduled__2023-05-27T00:00:00+00:00 [queued]> dependency 'Pool Slots Available' PASSED: True, There are enough open slots in default_pool to execute the task
[2024-07-17T14:08:22.857+0000] {taskinstance.py:1988} DEBUG - <TaskInstance: hive_etl.extract_from_mysql scheduled__2023-05-27T00:00:00+00:00 [queued]> dependency 'Task Concurrency' PASSED: True, Task concurrency is not set.
[2024-07-17T14:08:22.860+0000] {taskinstance.py:1979} INFO - Dependencies all met for dep_context=requeueable deps ti=<TaskInstance: hive_etl.extract_from_mysql scheduled__2023-05-27T00:00:00+00:00 [queued]>
[2024-07-17T14:08:22.861+0000] {taskinstance.py:2193} INFO - Starting attempt 1 of 2
[2024-07-17T14:08:22.885+0000] {taskinstance.py:2214} INFO - Executing <Task(PythonOperator): extract_from_mysql> on 2023-05-27 00:00:00+00:00
[2024-07-17T14:08:22.895+0000] {standard_task_runner.py:60} INFO - Started process 74 to run task
[2024-07-17T14:08:22.903+0000] {standard_task_runner.py:87} INFO - Running: ['***', 'tasks', 'run', 'hive_etl', 'extract_from_mysql', 'scheduled__2023-05-27T00:00:00+00:00', '--job-id', '2090', '--raw', '--subdir', 'DAGS_FOLDER/new.py', '--cfg-path', '/tmp/tmpxoebtra8']
[2024-07-17T14:08:22.907+0000] {standard_task_runner.py:88} INFO - Job 2090: Subtask extract_from_mysql
[2024-07-17T14:08:22.910+0000] {cli_action_loggers.py:67} DEBUG - Calling callbacks: [<function default_action_log at 0x729089756f80>]
[2024-07-17T14:08:22.971+0000] {taskinstance.py:991} DEBUG - previous_execution_date was called
[2024-07-17T14:08:22.977+0000] {task_command.py:423} INFO - Running <TaskInstance: hive_etl.extract_from_mysql scheduled__2023-05-27T00:00:00+00:00 [running]> on host 8c50a8ad787d
[2024-07-17T14:08:22.978+0000] {settings.py:386} DEBUG - Disposing DB connection pool (PID 74)
[2024-07-17T14:08:22.978+0000] {settings.py:249} DEBUG - Setting up DB connection pool (PID 74)
[2024-07-17T14:08:22.978+0000] {settings.py:318} DEBUG - settings.prepare_engine_args(): Using NullPool
[2024-07-17T14:08:23.023+0000] {taskinstance.py:991} DEBUG - previous_execution_date was called
[2024-07-17T14:08:23.025+0000] {taskinstance.py:1769} DEBUG - Clearing XCom data
[2024-07-17T14:08:23.032+0000] {retries.py:93} DEBUG - Running RenderedTaskInstanceFields.write with retries. Try 1 of 3
[2024-07-17T14:08:23.062+0000] {retries.py:93} DEBUG - Running RenderedTaskInstanceFields._do_delete_old_records with retries. Try 1 of 3
[2024-07-17T14:08:23.078+0000] {taskinstance.py:2510} INFO - Exporting env vars: AIRFLOW_CTX_DAG_OWNER='***' AIRFLOW_CTX_DAG_ID='hive_etl' AIRFLOW_CTX_TASK_ID='extract_from_mysql' AIRFLOW_CTX_EXECUTION_DATE='2023-05-27T00:00:00+00:00' AIRFLOW_CTX_TRY_NUMBER='1' AIRFLOW_CTX_DAG_RUN_ID='scheduled__2023-05-27T00:00:00+00:00'
[2024-07-17T14:08:23.078+0000] {__init__.py:115} DEBUG - Preparing lineage inlets and outlets
[2024-07-17T14:08:23.079+0000] {__init__.py:154} DEBUG - inlets: [], outlets: []
[2024-07-17T14:08:23.089+0000] {base.py:83} INFO - Using connection ID 'mysql_default' for task execution.
[2024-07-17T14:08:27.965+0000] {job.py:209} DEBUG - [heartbeat]
[2024-07-17T14:08:33.008+0000] {job.py:209} DEBUG - [heartbeat]
[2024-07-17T14:08:38.055+0000] {job.py:209} DEBUG - [heartbeat]
[2024-07-17T14:08:43.142+0000] {job.py:209} DEBUG - [heartbeat]
[2024-07-17T14:08:48.260+0000] {job.py:209} DEBUG - [heartbeat]
[2024-07-17T14:08:53.420+0000] {job.py:209} DEBUG - [heartbeat]
[2024-07-17T14:08:58.563+0000] {job.py:209} DEBUG - [heartbeat]
[2024-07-17T14:09:03.643+0000] {job.py:209} DEBUG - [heartbeat]
[2024-07-17T14:09:08.732+0000] {job.py:209} DEBUG - [heartbeat]
[2024-07-17T14:09:13.822+0000] {job.py:209} DEBUG - [heartbeat]
[2024-07-17T14:09:18.892+0000] {job.py:209} DEBUG - [heartbeat]
[2024-07-17T14:09:25.220+0000] {job.py:209} DEBUG - [heartbeat]
[2024-07-17T14:09:33.296+0000] {job.py:209} DEBUG - [heartbeat]
