[2024-07-17T09:17:59.499+0000] {taskinstance.py:991} DEBUG - previous_execution_date was called
[2024-07-17T09:17:59.511+0000] {__init__.py:54} DEBUG - Loading core task runner: StandardTaskRunner
[2024-07-17T09:17:59.524+0000] {taskinstance.py:991} DEBUG - previous_execution_date was called
[2024-07-17T09:17:59.527+0000] {base_task_runner.py:72} DEBUG - Planning to run as the  user
[2024-07-17T09:17:59.551+0000] {taskinstance.py:1988} DEBUG - <TaskInstance: hive_etl.create_hive_table scheduled__2023-03-08T00:00:00+00:00 [queued]> dependency 'Not In Retry Period' PASSED: True, The task instance was not marked for retrying.
[2024-07-17T09:17:59.551+0000] {taskinstance.py:1988} DEBUG - <TaskInstance: hive_etl.create_hive_table scheduled__2023-03-08T00:00:00+00:00 [queued]> dependency 'Task Instance State' PASSED: True, Task state queued was valid.
[2024-07-17T09:17:59.551+0000] {taskinstance.py:1988} DEBUG - <TaskInstance: hive_etl.create_hive_table scheduled__2023-03-08T00:00:00+00:00 [queued]> dependency 'Task Instance Not Running' PASSED: True, Task is not in running state.
[2024-07-17T09:17:59.560+0000] {taskinstance.py:1988} DEBUG - <TaskInstance: hive_etl.create_hive_table scheduled__2023-03-08T00:00:00+00:00 [queued]> dependency 'Previous Dagrun State' PASSED: True, The task did not have depends_on_past set.
[2024-07-17T09:17:59.560+0000] {taskinstance.py:1979} INFO - Dependencies all met for dep_context=non-requeueable deps ti=<TaskInstance: hive_etl.create_hive_table scheduled__2023-03-08T00:00:00+00:00 [queued]>
[2024-07-17T09:17:59.561+0000] {taskinstance.py:1988} DEBUG - <TaskInstance: hive_etl.create_hive_table scheduled__2023-03-08T00:00:00+00:00 [queued]> dependency 'Not In Retry Period' PASSED: True, The task instance was not marked for retrying.
[2024-07-17T09:17:59.566+0000] {taskinstance.py:1988} DEBUG - <TaskInstance: hive_etl.create_hive_table scheduled__2023-03-08T00:00:00+00:00 [queued]> dependency 'Pool Slots Available' PASSED: True, There are enough open slots in default_pool to execute the task
[2024-07-17T09:17:59.569+0000] {taskinstance.py:1988} DEBUG - <TaskInstance: hive_etl.create_hive_table scheduled__2023-03-08T00:00:00+00:00 [queued]> dependency 'Task Concurrency' PASSED: True, Task concurrency is not set.
[2024-07-17T09:17:59.572+0000] {taskinstance.py:1988} DEBUG - <TaskInstance: hive_etl.create_hive_table scheduled__2023-03-08T00:00:00+00:00 [queued]> dependency 'Previous Dagrun State' PASSED: True, The task did not have depends_on_past set.
[2024-07-17T09:17:59.573+0000] {taskinstance.py:1979} INFO - Dependencies all met for dep_context=requeueable deps ti=<TaskInstance: hive_etl.create_hive_table scheduled__2023-03-08T00:00:00+00:00 [queued]>
[2024-07-17T09:17:59.573+0000] {taskinstance.py:2193} INFO - Starting attempt 2 of 2
[2024-07-17T09:17:59.588+0000] {taskinstance.py:2214} INFO - Executing <Task(PythonOperator): create_hive_table> on 2023-03-08 00:00:00+00:00
[2024-07-17T09:17:59.595+0000] {standard_task_runner.py:60} INFO - Started process 747 to run task
[2024-07-17T09:17:59.598+0000] {standard_task_runner.py:87} INFO - Running: ['***', 'tasks', 'run', 'hive_etl', 'create_hive_table', 'scheduled__2023-03-08T00:00:00+00:00', '--job-id', '1681', '--raw', '--subdir', 'DAGS_FOLDER/new.py', '--cfg-path', '/tmp/tmpbsrkszbx']
[2024-07-17T09:17:59.599+0000] {standard_task_runner.py:88} INFO - Job 1681: Subtask create_hive_table
[2024-07-17T09:17:59.600+0000] {cli_action_loggers.py:67} DEBUG - Calling callbacks: [<function default_action_log at 0x799cf7552f80>]
[2024-07-17T09:17:59.646+0000] {taskinstance.py:991} DEBUG - previous_execution_date was called
[2024-07-17T09:17:59.650+0000] {task_command.py:423} INFO - Running <TaskInstance: hive_etl.create_hive_table scheduled__2023-03-08T00:00:00+00:00 [running]> on host a88c97f6715f
[2024-07-17T09:17:59.651+0000] {settings.py:386} DEBUG - Disposing DB connection pool (PID 747)
[2024-07-17T09:17:59.651+0000] {settings.py:249} DEBUG - Setting up DB connection pool (PID 747)
[2024-07-17T09:17:59.652+0000] {settings.py:318} DEBUG - settings.prepare_engine_args(): Using NullPool
[2024-07-17T09:17:59.691+0000] {taskinstance.py:991} DEBUG - previous_execution_date was called
[2024-07-17T09:17:59.694+0000] {taskinstance.py:1769} DEBUG - Clearing XCom data
[2024-07-17T09:17:59.699+0000] {retries.py:93} DEBUG - Running RenderedTaskInstanceFields.write with retries. Try 1 of 3
[2024-07-17T09:17:59.725+0000] {retries.py:93} DEBUG - Running RenderedTaskInstanceFields._do_delete_old_records with retries. Try 1 of 3
[2024-07-17T09:17:59.735+0000] {taskinstance.py:2510} INFO - Exporting env vars: AIRFLOW_CTX_DAG_OWNER='***' AIRFLOW_CTX_DAG_ID='hive_etl' AIRFLOW_CTX_TASK_ID='create_hive_table' AIRFLOW_CTX_EXECUTION_DATE='2023-03-08T00:00:00+00:00' AIRFLOW_CTX_TRY_NUMBER='2' AIRFLOW_CTX_DAG_RUN_ID='scheduled__2023-03-08T00:00:00+00:00'
[2024-07-17T09:17:59.736+0000] {__init__.py:115} DEBUG - Preparing lineage inlets and outlets
[2024-07-17T09:17:59.736+0000] {__init__.py:154} DEBUG - inlets: [], outlets: []
[2024-07-17T09:17:59.816+0000] {hive.py:609} DEBUG - TOpenSessionResp(status=TStatus(statusCode=0, infoMessages=None, sqlState=None, errorCode=None, errorMessage=None), serverProtocolVersion=5, sessionHandle=TSessionHandle(sessionId=THandleIdentifier(guid=b'\x9e\xb0\x90\x81YcK\xb8\x82\x8d\xc3+\x9at\xb4>', secret=b"'J\xd5\xd3>\xe9A\xcf\xb6\xd3\x1ci8~\x1a\xd1")), configuration={'hive.server2.thrift.resultset.default.fetch.size': '1000'})
[2024-07-17T09:17:59.817+0000] {hive.py:475} INFO - USE `default`
[2024-07-17T09:17:59.817+0000] {hive.py:479} DEBUG - TExecuteStatementReq(sessionHandle=TSessionHandle(sessionId=THandleIdentifier(guid=b'\x9e\xb0\x90\x81YcK\xb8\x82\x8d\xc3+\x9at\xb4>', secret=b"'J\xd5\xd3>\xe9A\xcf\xb6\xd3\x1ci8~\x1a\xd1")), statement='USE `default`', confOverlay=None, runAsync=False, queryTimeout=0)
[2024-07-17T09:17:59.979+0000] {hive.py:609} DEBUG - TExecuteStatementResp(status=TStatus(statusCode=0, infoMessages=None, sqlState=None, errorCode=None, errorMessage=None), operationHandle=TOperationHandle(operationId=THandleIdentifier(guid=b'v\xc9\xb5\xbc\x9e\x16K\xad\x83\x07h\xff\xbf \xf2\xd1', secret=b'%p\xe3\xdc}\xc1G\xd4\x9f\xca\xe8o\xf5\xca\x1b\xae'), operationType=0, hasResultSet=False, modifiedRowCount=None))
[2024-07-17T09:17:59.981+0000] {hive.py:609} DEBUG - TCloseOperationResp(status=TStatus(statusCode=0, infoMessages=None, sqlState=None, errorCode=None, errorMessage=None))
[2024-07-17T09:17:59.981+0000] {hive.py:475} INFO - 
    CREATE TABLE IF NOT EXISTS my_table (
        id INT,
        name STRING
    )
    ROW FORMAT DELIMITED
    FIELDS TERMINATED BY ','
    STORED AS TEXTFILE
    
[2024-07-17T09:17:59.981+0000] {hive.py:479} DEBUG - TExecuteStatementReq(sessionHandle=TSessionHandle(sessionId=THandleIdentifier(guid=b'\x9e\xb0\x90\x81YcK\xb8\x82\x8d\xc3+\x9at\xb4>', secret=b"'J\xd5\xd3>\xe9A\xcf\xb6\xd3\x1ci8~\x1a\xd1")), statement="\n    CREATE TABLE IF NOT EXISTS my_table (\n        id INT,\n        name STRING\n    )\n    ROW FORMAT DELIMITED\n    FIELDS TERMINATED BY ','\n    STORED AS TEXTFILE\n    ", confOverlay=None, runAsync=False, queryTimeout=0)
[2024-07-17T09:18:00.103+0000] {hive.py:609} DEBUG - TExecuteStatementResp(status=TStatus(statusCode=0, infoMessages=None, sqlState=None, errorCode=None, errorMessage=None), operationHandle=TOperationHandle(operationId=THandleIdentifier(guid=b'\x10\xf6l\xbe\xbc\xa8KF\xa0J\xd95\x84@\xfd2', secret=b'\x07\xa1qH\xc5\x16L\x03\xa1T+m\x0f6\xa1\x11'), operationType=0, hasResultSet=False, modifiedRowCount=None))
[2024-07-17T09:18:00.108+0000] {hive.py:609} DEBUG - TCloseSessionResp(status=TStatus(statusCode=0, infoMessages=None, sqlState=None, errorCode=None, errorMessage=None))
[2024-07-17T09:18:00.108+0000] {python.py:202} INFO - Done. Returned value was: None
[2024-07-17T09:18:00.109+0000] {__init__.py:73} DEBUG - Lineage called with inlets: [], outlets: []
[2024-07-17T09:18:00.117+0000] {taskinstance.py:549} DEBUG - Clearing next_method and next_kwargs.
[2024-07-17T09:18:00.117+0000] {taskinstance.py:1149} INFO - Marking task as SUCCESS. dag_id=hive_etl, task_id=create_hive_table, execution_date=20230308T000000, start_date=20240717T091759, end_date=20240717T091800
[2024-07-17T09:18:00.118+0000] {taskinstance.py:527} DEBUG - Task Duration set to 0.556712
[2024-07-17T09:18:00.129+0000] {cli_action_loggers.py:85} DEBUG - Calling callbacks: []
[2024-07-17T09:18:00.172+0000] {local_task_job_runner.py:234} INFO - Task exited with return code 0
[2024-07-17T09:18:00.258+0000] {dagrun.py:876} DEBUG - number of tis tasks for <DagRun hive_etl @ 2023-03-08 00:00:00+00:00: scheduled__2023-03-08T00:00:00+00:00, state:running, queued_at: 2024-07-17 09:12:49.931671+00:00. externally triggered: False>: 3 task(s)
[2024-07-17T09:18:00.259+0000] {dagrun.py:897} DEBUG - number of scheduleable tasks for <DagRun hive_etl @ 2023-03-08 00:00:00+00:00: scheduled__2023-03-08T00:00:00+00:00, state:running, queued_at: 2024-07-17 09:12:49.931671+00:00. externally triggered: False>: 1 task(s)
[2024-07-17T09:18:00.259+0000] {taskinstance.py:1988} DEBUG - <TaskInstance: hive_etl.end scheduled__2023-03-08T00:00:00+00:00 [None]> dependency 'Not In Retry Period' PASSED: True, The task instance was not marked for retrying.
[2024-07-17T09:18:00.259+0000] {taskinstance.py:1988} DEBUG - <TaskInstance: hive_etl.end scheduled__2023-03-08T00:00:00+00:00 [None]> dependency 'Trigger Rule' PASSED: False, Task's trigger rule 'all_success' requires all upstream tasks to have succeeded, but found 1 non-success(es). upstream_states=_UpstreamTIStates(success=0, skipped=0, failed=0, upstream_failed=0, removed=0, done=0, success_setup=0, skipped_setup=0), upstream_task_ids={'load_data_into_hive'}
[2024-07-17T09:18:00.260+0000] {taskinstance.py:1969} DEBUG - Dependencies not met for <TaskInstance: hive_etl.end scheduled__2023-03-08T00:00:00+00:00 [None]>, dependency 'Trigger Rule' FAILED: Task's trigger rule 'all_success' requires all upstream tasks to have succeeded, but found 1 non-success(es). upstream_states=_UpstreamTIStates(success=0, skipped=0, failed=0, upstream_failed=0, removed=0, done=0, success_setup=0, skipped_setup=0), upstream_task_ids={'load_data_into_hive'}
[2024-07-17T09:18:00.260+0000] {taskinstance.py:1988} DEBUG - <TaskInstance: hive_etl.end scheduled__2023-03-08T00:00:00+00:00 [None]> dependency 'Previous Dagrun State' PASSED: True, The task did not have depends_on_past set.
[2024-07-17T09:18:00.266+0000] {taskinstance.py:3309} INFO - 0 downstream tasks scheduled from follow-on schedule check
