[2024-07-17T14:32:46.804+0000] {taskinstance.py:991} DEBUG - previous_execution_date was called
[2024-07-17T14:32:46.822+0000] {__init__.py:54} DEBUG - Loading core task runner: StandardTaskRunner
[2024-07-17T14:32:46.838+0000] {taskinstance.py:991} DEBUG - previous_execution_date was called
[2024-07-17T14:32:46.842+0000] {base_task_runner.py:72} DEBUG - Planning to run as the  user
[2024-07-17T14:32:46.868+0000] {taskinstance.py:1988} DEBUG - <TaskInstance: hive_etl.extract_from_mysql scheduled__2023-06-30T00:00:00+00:00 [queued]> dependency 'Task Instance Not Running' PASSED: True, Task is not in running state.
[2024-07-17T14:32:46.869+0000] {taskinstance.py:1988} DEBUG - <TaskInstance: hive_etl.extract_from_mysql scheduled__2023-06-30T00:00:00+00:00 [queued]> dependency 'Previous Dagrun State' PASSED: True, The task did not have depends_on_past set.
[2024-07-17T14:32:46.877+0000] {taskinstance.py:1988} DEBUG - <TaskInstance: hive_etl.extract_from_mysql scheduled__2023-06-30T00:00:00+00:00 [queued]> dependency 'Not In Retry Period' PASSED: True, The task instance was not marked for retrying.
[2024-07-17T14:32:46.878+0000] {taskinstance.py:1988} DEBUG - <TaskInstance: hive_etl.extract_from_mysql scheduled__2023-06-30T00:00:00+00:00 [queued]> dependency 'Task Instance State' PASSED: True, Task state queued was valid.
[2024-07-17T14:32:46.878+0000] {taskinstance.py:1979} INFO - Dependencies all met for dep_context=non-requeueable deps ti=<TaskInstance: hive_etl.extract_from_mysql scheduled__2023-06-30T00:00:00+00:00 [queued]>
[2024-07-17T14:32:46.878+0000] {taskinstance.py:1988} DEBUG - <TaskInstance: hive_etl.extract_from_mysql scheduled__2023-06-30T00:00:00+00:00 [queued]> dependency 'Previous Dagrun State' PASSED: True, The task did not have depends_on_past set.
[2024-07-17T14:32:46.882+0000] {taskinstance.py:1988} DEBUG - <TaskInstance: hive_etl.extract_from_mysql scheduled__2023-06-30T00:00:00+00:00 [queued]> dependency 'Not In Retry Period' PASSED: True, The task instance was not marked for retrying.
[2024-07-17T14:32:46.894+0000] {taskinstance.py:1988} DEBUG - <TaskInstance: hive_etl.extract_from_mysql scheduled__2023-06-30T00:00:00+00:00 [queued]> dependency 'Pool Slots Available' PASSED: True, There are enough open slots in default_pool to execute the task
[2024-07-17T14:32:46.895+0000] {taskinstance.py:1988} DEBUG - <TaskInstance: hive_etl.extract_from_mysql scheduled__2023-06-30T00:00:00+00:00 [queued]> dependency 'Task Concurrency' PASSED: True, Task concurrency is not set.
[2024-07-17T14:32:46.895+0000] {taskinstance.py:1979} INFO - Dependencies all met for dep_context=requeueable deps ti=<TaskInstance: hive_etl.extract_from_mysql scheduled__2023-06-30T00:00:00+00:00 [queued]>
[2024-07-17T14:32:46.895+0000] {taskinstance.py:2193} INFO - Starting attempt 2 of 2
[2024-07-17T14:32:46.918+0000] {taskinstance.py:2214} INFO - Executing <Task(PythonOperator): extract_from_mysql> on 2023-06-30 00:00:00+00:00
[2024-07-17T14:32:46.928+0000] {standard_task_runner.py:60} INFO - Started process 515 to run task
[2024-07-17T14:32:46.933+0000] {standard_task_runner.py:87} INFO - Running: ['***', 'tasks', 'run', 'hive_etl', 'extract_from_mysql', 'scheduled__2023-06-30T00:00:00+00:00', '--job-id', '2179', '--raw', '--subdir', 'DAGS_FOLDER/new.py', '--cfg-path', '/tmp/tmpd2sd1qf5']
[2024-07-17T14:32:46.935+0000] {standard_task_runner.py:88} INFO - Job 2179: Subtask extract_from_mysql
[2024-07-17T14:32:46.936+0000] {cli_action_loggers.py:67} DEBUG - Calling callbacks: [<function default_action_log at 0x763f8104af80>]
[2024-07-17T14:32:47.003+0000] {taskinstance.py:991} DEBUG - previous_execution_date was called
[2024-07-17T14:32:47.011+0000] {task_command.py:423} INFO - Running <TaskInstance: hive_etl.extract_from_mysql scheduled__2023-06-30T00:00:00+00:00 [running]> on host 8c50a8ad787d
[2024-07-17T14:32:47.011+0000] {settings.py:386} DEBUG - Disposing DB connection pool (PID 515)
[2024-07-17T14:32:47.012+0000] {settings.py:249} DEBUG - Setting up DB connection pool (PID 515)
[2024-07-17T14:32:47.013+0000] {settings.py:318} DEBUG - settings.prepare_engine_args(): Using NullPool
[2024-07-17T14:32:47.083+0000] {taskinstance.py:991} DEBUG - previous_execution_date was called
[2024-07-17T14:32:47.088+0000] {taskinstance.py:1769} DEBUG - Clearing XCom data
[2024-07-17T14:32:47.098+0000] {retries.py:93} DEBUG - Running RenderedTaskInstanceFields.write with retries. Try 1 of 3
[2024-07-17T14:32:47.139+0000] {retries.py:93} DEBUG - Running RenderedTaskInstanceFields._do_delete_old_records with retries. Try 1 of 3
[2024-07-17T14:32:47.158+0000] {taskinstance.py:2510} INFO - Exporting env vars: AIRFLOW_CTX_DAG_OWNER='***' AIRFLOW_CTX_DAG_ID='hive_etl' AIRFLOW_CTX_TASK_ID='extract_from_mysql' AIRFLOW_CTX_EXECUTION_DATE='2023-06-30T00:00:00+00:00' AIRFLOW_CTX_TRY_NUMBER='2' AIRFLOW_CTX_DAG_RUN_ID='scheduled__2023-06-30T00:00:00+00:00'
[2024-07-17T14:32:47.158+0000] {__init__.py:115} DEBUG - Preparing lineage inlets and outlets
[2024-07-17T14:32:47.159+0000] {__init__.py:154} DEBUG - inlets: [], outlets: []
[2024-07-17T14:32:47.172+0000] {base.py:83} INFO - Using connection ID 'mysql_default' for task execution.
[2024-07-17T14:32:52.364+0000] {job.py:209} DEBUG - [heartbeat]
[2024-07-17T14:32:57.468+0000] {job.py:209} DEBUG - [heartbeat]
[2024-07-17T14:33:07.874+0000] {job.py:209} DEBUG - [heartbeat]
[2024-07-17T14:33:16.194+0000] {job.py:209} DEBUG - [heartbeat]
[2024-07-17T14:33:24.079+0000] {job.py:209} DEBUG - [heartbeat]
