[2024-07-17T10:11:42.927+0000] {taskinstance.py:991} DEBUG - previous_execution_date was called
[2024-07-17T10:11:42.944+0000] {__init__.py:54} DEBUG - Loading core task runner: StandardTaskRunner
[2024-07-17T10:11:42.961+0000] {taskinstance.py:991} DEBUG - previous_execution_date was called
[2024-07-17T10:11:42.964+0000] {base_task_runner.py:72} DEBUG - Planning to run as the  user
[2024-07-17T10:11:42.992+0000] {taskinstance.py:1988} DEBUG - <TaskInstance: hive_etl.create_hive_table scheduled__2023-05-05T00:00:00+00:00 [queued]> dependency 'Task Instance State' PASSED: True, Task state queued was valid.
[2024-07-17T10:11:42.993+0000] {taskinstance.py:1988} DEBUG - <TaskInstance: hive_etl.create_hive_table scheduled__2023-05-05T00:00:00+00:00 [queued]> dependency 'Previous Dagrun State' PASSED: True, The task did not have depends_on_past set.
[2024-07-17T10:11:42.993+0000] {taskinstance.py:1988} DEBUG - <TaskInstance: hive_etl.create_hive_table scheduled__2023-05-05T00:00:00+00:00 [queued]> dependency 'Task Instance Not Running' PASSED: True, Task is not in running state.
[2024-07-17T10:11:43.003+0000] {taskinstance.py:1988} DEBUG - <TaskInstance: hive_etl.create_hive_table scheduled__2023-05-05T00:00:00+00:00 [queued]> dependency 'Not In Retry Period' PASSED: True, The task instance was not marked for retrying.
[2024-07-17T10:11:43.003+0000] {taskinstance.py:1979} INFO - Dependencies all met for dep_context=non-requeueable deps ti=<TaskInstance: hive_etl.create_hive_table scheduled__2023-05-05T00:00:00+00:00 [queued]>
[2024-07-17T10:11:43.009+0000] {taskinstance.py:1988} DEBUG - <TaskInstance: hive_etl.create_hive_table scheduled__2023-05-05T00:00:00+00:00 [queued]> dependency 'Pool Slots Available' PASSED: True, There are enough open slots in default_pool to execute the task
[2024-07-17T10:11:43.010+0000] {taskinstance.py:1988} DEBUG - <TaskInstance: hive_etl.create_hive_table scheduled__2023-05-05T00:00:00+00:00 [queued]> dependency 'Previous Dagrun State' PASSED: True, The task did not have depends_on_past set.
[2024-07-17T10:11:43.010+0000] {taskinstance.py:1988} DEBUG - <TaskInstance: hive_etl.create_hive_table scheduled__2023-05-05T00:00:00+00:00 [queued]> dependency 'Task Concurrency' PASSED: True, Task concurrency is not set.
[2024-07-17T10:11:43.016+0000] {taskinstance.py:1988} DEBUG - <TaskInstance: hive_etl.create_hive_table scheduled__2023-05-05T00:00:00+00:00 [queued]> dependency 'Not In Retry Period' PASSED: True, The task instance was not marked for retrying.
[2024-07-17T10:11:43.016+0000] {taskinstance.py:1979} INFO - Dependencies all met for dep_context=requeueable deps ti=<TaskInstance: hive_etl.create_hive_table scheduled__2023-05-05T00:00:00+00:00 [queued]>
[2024-07-17T10:11:43.017+0000] {taskinstance.py:2193} INFO - Starting attempt 1 of 2
[2024-07-17T10:11:43.035+0000] {taskinstance.py:2214} INFO - Executing <Task(PythonOperator): create_hive_table> on 2023-05-05 00:00:00+00:00
[2024-07-17T10:11:43.045+0000] {standard_task_runner.py:60} INFO - Started process 162 to run task
[2024-07-17T10:11:43.049+0000] {standard_task_runner.py:87} INFO - Running: ['***', 'tasks', 'run', 'hive_etl', 'create_hive_table', 'scheduled__2023-05-05T00:00:00+00:00', '--job-id', '2037', '--raw', '--subdir', 'DAGS_FOLDER/new.py', '--cfg-path', '/tmp/tmprxvbqjvm']
[2024-07-17T10:11:43.050+0000] {standard_task_runner.py:88} INFO - Job 2037: Subtask create_hive_table
[2024-07-17T10:11:43.051+0000] {cli_action_loggers.py:67} DEBUG - Calling callbacks: [<function default_action_log at 0x72403de56f80>]
[2024-07-17T10:11:43.108+0000] {taskinstance.py:991} DEBUG - previous_execution_date was called
[2024-07-17T10:11:43.115+0000] {task_command.py:423} INFO - Running <TaskInstance: hive_etl.create_hive_table scheduled__2023-05-05T00:00:00+00:00 [running]> on host d0d849f06491
[2024-07-17T10:11:43.115+0000] {settings.py:386} DEBUG - Disposing DB connection pool (PID 162)
[2024-07-17T10:11:43.116+0000] {settings.py:249} DEBUG - Setting up DB connection pool (PID 162)
[2024-07-17T10:11:43.117+0000] {settings.py:318} DEBUG - settings.prepare_engine_args(): Using NullPool
[2024-07-17T10:11:43.189+0000] {taskinstance.py:991} DEBUG - previous_execution_date was called
[2024-07-17T10:11:43.193+0000] {taskinstance.py:1769} DEBUG - Clearing XCom data
[2024-07-17T10:11:43.205+0000] {retries.py:93} DEBUG - Running RenderedTaskInstanceFields.write with retries. Try 1 of 3
[2024-07-17T10:11:43.248+0000] {retries.py:93} DEBUG - Running RenderedTaskInstanceFields._do_delete_old_records with retries. Try 1 of 3
[2024-07-17T10:11:43.273+0000] {taskinstance.py:2510} INFO - Exporting env vars: AIRFLOW_CTX_DAG_OWNER='***' AIRFLOW_CTX_DAG_ID='hive_etl' AIRFLOW_CTX_TASK_ID='create_hive_table' AIRFLOW_CTX_EXECUTION_DATE='2023-05-05T00:00:00+00:00' AIRFLOW_CTX_TRY_NUMBER='1' AIRFLOW_CTX_DAG_RUN_ID='scheduled__2023-05-05T00:00:00+00:00'
[2024-07-17T10:11:43.274+0000] {__init__.py:115} DEBUG - Preparing lineage inlets and outlets
[2024-07-17T10:11:43.275+0000] {__init__.py:154} DEBUG - inlets: [], outlets: []
[2024-07-17T10:11:43.517+0000] {hive.py:609} DEBUG - TOpenSessionResp(status=TStatus(statusCode=0, infoMessages=None, sqlState=None, errorCode=None, errorMessage=None), serverProtocolVersion=5, sessionHandle=TSessionHandle(sessionId=THandleIdentifier(guid=b'\xf8<\xb9\xb6\xe3*F\xc4\xb89Q\xb2N\x01H\x84', secret=b'\xf0\xa2h\xbb\xa7\x9cC@\xaeE\t\x88\x8a\xfdo\x99')), configuration={'hive.server2.thrift.resultset.default.fetch.size': '1000'})
[2024-07-17T10:11:43.518+0000] {hive.py:475} INFO - USE `default`
[2024-07-17T10:11:43.518+0000] {hive.py:479} DEBUG - TExecuteStatementReq(sessionHandle=TSessionHandle(sessionId=THandleIdentifier(guid=b'\xf8<\xb9\xb6\xe3*F\xc4\xb89Q\xb2N\x01H\x84', secret=b'\xf0\xa2h\xbb\xa7\x9cC@\xaeE\t\x88\x8a\xfdo\x99')), statement='USE `default`', confOverlay=None, runAsync=False, queryTimeout=0)
[2024-07-17T10:11:43.759+0000] {hive.py:609} DEBUG - TExecuteStatementResp(status=TStatus(statusCode=0, infoMessages=None, sqlState=None, errorCode=None, errorMessage=None), operationHandle=TOperationHandle(operationId=THandleIdentifier(guid=b'\x1a\xd0\xa4\xad)\xd3H\x1e\xa1\x9c\x06\xc4\xce\x04Y<', secret=b'\xca%\r\xc6\x81\xdfM\x94\xa4\x189!l\xb0\x93\xec'), operationType=0, hasResultSet=False, modifiedRowCount=None))
[2024-07-17T10:11:43.761+0000] {hive.py:609} DEBUG - TCloseOperationResp(status=TStatus(statusCode=0, infoMessages=None, sqlState=None, errorCode=None, errorMessage=None))
[2024-07-17T10:11:43.762+0000] {hive.py:475} INFO - 
    CREATE TABLE IF NOT EXISTS my_table (
        id INT,
        name STRING
    )
    ROW FORMAT DELIMITED
    FIELDS TERMINATED BY ','
    STORED AS TEXTFILE
    
[2024-07-17T10:11:43.762+0000] {hive.py:479} DEBUG - TExecuteStatementReq(sessionHandle=TSessionHandle(sessionId=THandleIdentifier(guid=b'\xf8<\xb9\xb6\xe3*F\xc4\xb89Q\xb2N\x01H\x84', secret=b'\xf0\xa2h\xbb\xa7\x9cC@\xaeE\t\x88\x8a\xfdo\x99')), statement="\n    CREATE TABLE IF NOT EXISTS my_table (\n        id INT,\n        name STRING\n    )\n    ROW FORMAT DELIMITED\n    FIELDS TERMINATED BY ','\n    STORED AS TEXTFILE\n    ", confOverlay=None, runAsync=False, queryTimeout=0)
[2024-07-17T10:11:44.003+0000] {hive.py:609} DEBUG - TExecuteStatementResp(status=TStatus(statusCode=0, infoMessages=None, sqlState=None, errorCode=None, errorMessage=None), operationHandle=TOperationHandle(operationId=THandleIdentifier(guid=b'\x98\xf0\x1fft3B0\x91?J\xae\xf1\xfb\xf5\x95', secret=b'}4\x8c\xc6\xf5\xf4C\xa4\x91Zd\x85<\x92\xea\x8c'), operationType=0, hasResultSet=False, modifiedRowCount=None))
[2024-07-17T10:11:44.011+0000] {hive.py:609} DEBUG - TCloseSessionResp(status=TStatus(statusCode=0, infoMessages=None, sqlState=None, errorCode=None, errorMessage=None))
[2024-07-17T10:11:44.012+0000] {python.py:202} INFO - Done. Returned value was: None
[2024-07-17T10:11:44.013+0000] {__init__.py:73} DEBUG - Lineage called with inlets: [], outlets: []
[2024-07-17T10:11:44.027+0000] {taskinstance.py:549} DEBUG - Clearing next_method and next_kwargs.
[2024-07-17T10:11:44.028+0000] {taskinstance.py:1149} INFO - Marking task as SUCCESS. dag_id=hive_etl, task_id=create_hive_table, execution_date=20230505T000000, start_date=20240717T101143, end_date=20240717T101144
[2024-07-17T10:11:44.028+0000] {taskinstance.py:527} DEBUG - Task Duration set to 1.024335
[2024-07-17T10:11:44.049+0000] {cli_action_loggers.py:85} DEBUG - Calling callbacks: []
[2024-07-17T10:11:44.076+0000] {local_task_job_runner.py:234} INFO - Task exited with return code 0
[2024-07-17T10:11:44.114+0000] {dagrun.py:876} DEBUG - number of tis tasks for <DagRun hive_etl @ 2023-05-05 00:00:00+00:00: scheduled__2023-05-05T00:00:00+00:00, state:running, queued_at: 2024-07-17 09:55:05.455570+00:00. externally triggered: False>: 3 task(s)
[2024-07-17T10:11:44.115+0000] {dagrun.py:897} DEBUG - number of scheduleable tasks for <DagRun hive_etl @ 2023-05-05 00:00:00+00:00: scheduled__2023-05-05T00:00:00+00:00, state:running, queued_at: 2024-07-17 09:55:05.455570+00:00. externally triggered: False>: 2 task(s)
[2024-07-17T10:11:44.117+0000] {taskinstance.py:1988} DEBUG - <TaskInstance: hive_etl.load_data_into_hive scheduled__2023-05-05T00:00:00+00:00 [None]> dependency 'Previous Dagrun State' PASSED: True, The task did not have depends_on_past set.
[2024-07-17T10:11:44.117+0000] {taskinstance.py:1988} DEBUG - <TaskInstance: hive_etl.load_data_into_hive scheduled__2023-05-05T00:00:00+00:00 [None]> dependency 'Not In Retry Period' PASSED: True, The task instance was not marked for retrying.
[2024-07-17T10:11:44.118+0000] {taskinstance.py:1979} DEBUG - Dependencies all met for dep_context=None ti=<TaskInstance: hive_etl.load_data_into_hive scheduled__2023-05-05T00:00:00+00:00 [None]>
[2024-07-17T10:11:44.119+0000] {taskinstance.py:1988} DEBUG - <TaskInstance: hive_etl.end scheduled__2023-05-05T00:00:00+00:00 [None]> dependency 'Trigger Rule' PASSED: False, Task's trigger rule 'all_success' requires all upstream tasks to have succeeded, but found 1 non-success(es). upstream_states=_UpstreamTIStates(success=0, skipped=0, failed=0, upstream_failed=0, removed=0, done=0, success_setup=0, skipped_setup=0), upstream_task_ids={'load_data_into_hive'}
[2024-07-17T10:11:44.120+0000] {taskinstance.py:1969} DEBUG - Dependencies not met for <TaskInstance: hive_etl.end scheduled__2023-05-05T00:00:00+00:00 [None]>, dependency 'Trigger Rule' FAILED: Task's trigger rule 'all_success' requires all upstream tasks to have succeeded, but found 1 non-success(es). upstream_states=_UpstreamTIStates(success=0, skipped=0, failed=0, upstream_failed=0, removed=0, done=0, success_setup=0, skipped_setup=0), upstream_task_ids={'load_data_into_hive'}
[2024-07-17T10:11:44.120+0000] {taskinstance.py:1988} DEBUG - <TaskInstance: hive_etl.end scheduled__2023-05-05T00:00:00+00:00 [None]> dependency 'Previous Dagrun State' PASSED: True, The task did not have depends_on_past set.
[2024-07-17T10:11:44.120+0000] {taskinstance.py:1988} DEBUG - <TaskInstance: hive_etl.end scheduled__2023-05-05T00:00:00+00:00 [None]> dependency 'Not In Retry Period' PASSED: True, The task instance was not marked for retrying.
[2024-07-17T10:11:44.135+0000] {taskinstance.py:3309} INFO - 1 downstream tasks scheduled from follow-on schedule check
