[2024-07-16T09:24:39.038+0000] {taskinstance.py:991} DEBUG - previous_execution_date was called
[2024-07-16T09:24:39.057+0000] {__init__.py:54} DEBUG - Loading core task runner: StandardTaskRunner
[2024-07-16T09:24:39.080+0000] {taskinstance.py:991} DEBUG - previous_execution_date was called
[2024-07-16T09:24:39.088+0000] {base_task_runner.py:72} DEBUG - Planning to run as the  user
[2024-07-16T09:24:39.111+0000] {taskinstance.py:1988} DEBUG - <TaskInstance: sample_dag.read_from_mysql manual__2024-07-16T09:19:36.075098+00:00 [queued]> dependency 'Trigger Rule' PASSED: True, The task instance did not have any upstream tasks.
[2024-07-16T09:24:39.112+0000] {taskinstance.py:1988} DEBUG - <TaskInstance: sample_dag.read_from_mysql manual__2024-07-16T09:19:36.075098+00:00 [queued]> dependency 'Task Instance Not Running' PASSED: True, Task is not in running state.
[2024-07-16T09:24:39.112+0000] {taskinstance.py:1988} DEBUG - <TaskInstance: sample_dag.read_from_mysql manual__2024-07-16T09:19:36.075098+00:00 [queued]> dependency 'Not In Retry Period' PASSED: True, The task instance was not marked for retrying.
[2024-07-16T09:24:39.112+0000] {taskinstance.py:1988} DEBUG - <TaskInstance: sample_dag.read_from_mysql manual__2024-07-16T09:19:36.075098+00:00 [queued]> dependency 'Task Instance State' PASSED: True, Task state queued was valid.
[2024-07-16T09:24:39.112+0000] {taskinstance.py:1988} DEBUG - <TaskInstance: sample_dag.read_from_mysql manual__2024-07-16T09:19:36.075098+00:00 [queued]> dependency 'Previous Dagrun State' PASSED: True, The task did not have depends_on_past set.
[2024-07-16T09:24:39.112+0000] {taskinstance.py:1979} INFO - Dependencies all met for dep_context=non-requeueable deps ti=<TaskInstance: sample_dag.read_from_mysql manual__2024-07-16T09:19:36.075098+00:00 [queued]>
[2024-07-16T09:24:39.113+0000] {taskinstance.py:1988} DEBUG - <TaskInstance: sample_dag.read_from_mysql manual__2024-07-16T09:19:36.075098+00:00 [queued]> dependency 'Trigger Rule' PASSED: True, The task instance did not have any upstream tasks.
[2024-07-16T09:24:39.115+0000] {taskinstance.py:1988} DEBUG - <TaskInstance: sample_dag.read_from_mysql manual__2024-07-16T09:19:36.075098+00:00 [queued]> dependency 'Task Concurrency' PASSED: True, Task concurrency is not set.
[2024-07-16T09:24:39.115+0000] {taskinstance.py:1988} DEBUG - <TaskInstance: sample_dag.read_from_mysql manual__2024-07-16T09:19:36.075098+00:00 [queued]> dependency 'Not In Retry Period' PASSED: True, The task instance was not marked for retrying.
[2024-07-16T09:24:39.118+0000] {taskinstance.py:1988} DEBUG - <TaskInstance: sample_dag.read_from_mysql manual__2024-07-16T09:19:36.075098+00:00 [queued]> dependency 'Pool Slots Available' PASSED: True, There are enough open slots in default_pool to execute the task
[2024-07-16T09:24:39.118+0000] {taskinstance.py:1988} DEBUG - <TaskInstance: sample_dag.read_from_mysql manual__2024-07-16T09:19:36.075098+00:00 [queued]> dependency 'Previous Dagrun State' PASSED: True, The task did not have depends_on_past set.
[2024-07-16T09:24:39.118+0000] {taskinstance.py:1979} INFO - Dependencies all met for dep_context=requeueable deps ti=<TaskInstance: sample_dag.read_from_mysql manual__2024-07-16T09:19:36.075098+00:00 [queued]>
[2024-07-16T09:24:39.118+0000] {taskinstance.py:2193} INFO - Starting attempt 2 of 2
[2024-07-16T09:24:39.126+0000] {taskinstance.py:2214} INFO - Executing <Task(PythonOperator): read_from_mysql> on 2024-07-16 09:19:36.075098+00:00
[2024-07-16T09:24:39.135+0000] {standard_task_runner.py:60} INFO - Started process 364 to run task
[2024-07-16T09:24:39.139+0000] {standard_task_runner.py:87} INFO - Running: ['***', 'tasks', 'run', 'sample_dag', 'read_from_mysql', 'manual__2024-07-16T09:19:36.075098+00:00', '--job-id', '1361', '--raw', '--subdir', 'DAGS_FOLDER/new.py', '--cfg-path', '/tmp/tmpxoq0pih9']
[2024-07-16T09:24:39.142+0000] {standard_task_runner.py:88} INFO - Job 1361: Subtask read_from_mysql
[2024-07-16T09:24:39.142+0000] {cli_action_loggers.py:67} DEBUG - Calling callbacks: [<function default_action_log at 0x746f87084ca0>]
[2024-07-16T09:24:39.195+0000] {taskinstance.py:991} DEBUG - previous_execution_date was called
[2024-07-16T09:24:39.200+0000] {task_command.py:423} INFO - Running <TaskInstance: sample_dag.read_from_mysql manual__2024-07-16T09:19:36.075098+00:00 [running]> on host fd06bd5975d6
[2024-07-16T09:24:39.201+0000] {settings.py:386} DEBUG - Disposing DB connection pool (PID 364)
[2024-07-16T09:24:39.201+0000] {settings.py:249} DEBUG - Setting up DB connection pool (PID 364)
[2024-07-16T09:24:39.201+0000] {settings.py:318} DEBUG - settings.prepare_engine_args(): Using NullPool
[2024-07-16T09:24:39.225+0000] {taskinstance.py:991} DEBUG - previous_execution_date was called
[2024-07-16T09:24:39.231+0000] {taskinstance.py:1769} DEBUG - Clearing XCom data
[2024-07-16T09:24:39.234+0000] {retries.py:93} DEBUG - Running RenderedTaskInstanceFields.write with retries. Try 1 of 3
[2024-07-16T09:24:39.250+0000] {retries.py:93} DEBUG - Running RenderedTaskInstanceFields._do_delete_old_records with retries. Try 1 of 3
[2024-07-16T09:24:39.257+0000] {taskinstance.py:2510} INFO - Exporting env vars: AIRFLOW_CTX_DAG_OWNER='***' AIRFLOW_CTX_DAG_ID='sample_dag' AIRFLOW_CTX_TASK_ID='read_from_mysql' AIRFLOW_CTX_EXECUTION_DATE='2024-07-16T09:19:36.075098+00:00' AIRFLOW_CTX_TRY_NUMBER='2' AIRFLOW_CTX_DAG_RUN_ID='manual__2024-07-16T09:19:36.075098+00:00'
[2024-07-16T09:24:39.257+0000] {__init__.py:115} DEBUG - Preparing lineage inlets and outlets
[2024-07-16T09:24:39.258+0000] {__init__.py:154} DEBUG - inlets: [], outlets: []
[2024-07-16T09:24:39.264+0000] {base.py:83} INFO - Using connection ID 'mysql_default' for task execution.
[2024-07-16T09:24:39.270+0000] {logging_mixin.py:188} INFO - (1,)
[2024-07-16T09:24:39.270+0000] {python.py:202} INFO - Done. Returned value was: None
[2024-07-16T09:24:39.271+0000] {__init__.py:73} DEBUG - Lineage called with inlets: [], outlets: []
[2024-07-16T09:24:39.276+0000] {taskinstance.py:549} DEBUG - Clearing next_method and next_kwargs.
[2024-07-16T09:24:39.277+0000] {taskinstance.py:1149} INFO - Marking task as SUCCESS. dag_id=sample_dag, task_id=read_from_mysql, execution_date=20240716T091936, start_date=20240716T092439, end_date=20240716T092439
[2024-07-16T09:24:39.277+0000] {taskinstance.py:527} DEBUG - Task Duration set to 0.164169
[2024-07-16T09:24:39.284+0000] {cli_action_loggers.py:85} DEBUG - Calling callbacks: []
[2024-07-16T09:24:39.311+0000] {local_task_job_runner.py:234} INFO - Task exited with return code 0
[2024-07-16T09:24:39.322+0000] {dagrun.py:876} DEBUG - number of tis tasks for <DagRun sample_dag @ 2024-07-16 09:19:36.075098+00:00: manual__2024-07-16T09:19:36.075098+00:00, state:running, queued_at: 2024-07-16 09:19:36.084030+00:00. externally triggered: True>: 0 task(s)
[2024-07-16T09:24:39.323+0000] {taskinstance.py:3309} INFO - 0 downstream tasks scheduled from follow-on schedule check
