[2024-07-16T09:23:59.728+0000] {taskinstance.py:991} DEBUG - previous_execution_date was called
[2024-07-16T09:23:59.738+0000] {__init__.py:54} DEBUG - Loading core task runner: StandardTaskRunner
[2024-07-16T09:23:59.746+0000] {taskinstance.py:991} DEBUG - previous_execution_date was called
[2024-07-16T09:23:59.749+0000] {base_task_runner.py:72} DEBUG - Planning to run as the  user
[2024-07-16T09:23:59.768+0000] {taskinstance.py:1988} DEBUG - <TaskInstance: sample_dag.read_from_mysql manual__2024-07-16T09:18:55.998363+00:00 [queued]> dependency 'Trigger Rule' PASSED: True, The task instance did not have any upstream tasks.
[2024-07-16T09:23:59.768+0000] {taskinstance.py:1988} DEBUG - <TaskInstance: sample_dag.read_from_mysql manual__2024-07-16T09:18:55.998363+00:00 [queued]> dependency 'Task Instance Not Running' PASSED: True, Task is not in running state.
[2024-07-16T09:23:59.768+0000] {taskinstance.py:1988} DEBUG - <TaskInstance: sample_dag.read_from_mysql manual__2024-07-16T09:18:55.998363+00:00 [queued]> dependency 'Not In Retry Period' PASSED: True, The task instance was not marked for retrying.
[2024-07-16T09:23:59.769+0000] {taskinstance.py:1988} DEBUG - <TaskInstance: sample_dag.read_from_mysql manual__2024-07-16T09:18:55.998363+00:00 [queued]> dependency 'Task Instance State' PASSED: True, Task state queued was valid.
[2024-07-16T09:23:59.769+0000] {taskinstance.py:1988} DEBUG - <TaskInstance: sample_dag.read_from_mysql manual__2024-07-16T09:18:55.998363+00:00 [queued]> dependency 'Previous Dagrun State' PASSED: True, The task did not have depends_on_past set.
[2024-07-16T09:23:59.769+0000] {taskinstance.py:1979} INFO - Dependencies all met for dep_context=non-requeueable deps ti=<TaskInstance: sample_dag.read_from_mysql manual__2024-07-16T09:18:55.998363+00:00 [queued]>
[2024-07-16T09:23:59.770+0000] {taskinstance.py:1988} DEBUG - <TaskInstance: sample_dag.read_from_mysql manual__2024-07-16T09:18:55.998363+00:00 [queued]> dependency 'Trigger Rule' PASSED: True, The task instance did not have any upstream tasks.
[2024-07-16T09:23:59.772+0000] {taskinstance.py:1988} DEBUG - <TaskInstance: sample_dag.read_from_mysql manual__2024-07-16T09:18:55.998363+00:00 [queued]> dependency 'Task Concurrency' PASSED: True, Task concurrency is not set.
[2024-07-16T09:23:59.773+0000] {taskinstance.py:1988} DEBUG - <TaskInstance: sample_dag.read_from_mysql manual__2024-07-16T09:18:55.998363+00:00 [queued]> dependency 'Not In Retry Period' PASSED: True, The task instance was not marked for retrying.
[2024-07-16T09:23:59.775+0000] {taskinstance.py:1988} DEBUG - <TaskInstance: sample_dag.read_from_mysql manual__2024-07-16T09:18:55.998363+00:00 [queued]> dependency 'Pool Slots Available' PASSED: True, There are enough open slots in default_pool to execute the task
[2024-07-16T09:23:59.776+0000] {taskinstance.py:1988} DEBUG - <TaskInstance: sample_dag.read_from_mysql manual__2024-07-16T09:18:55.998363+00:00 [queued]> dependency 'Previous Dagrun State' PASSED: True, The task did not have depends_on_past set.
[2024-07-16T09:23:59.776+0000] {taskinstance.py:1979} INFO - Dependencies all met for dep_context=requeueable deps ti=<TaskInstance: sample_dag.read_from_mysql manual__2024-07-16T09:18:55.998363+00:00 [queued]>
[2024-07-16T09:23:59.776+0000] {taskinstance.py:2193} INFO - Starting attempt 2 of 2
[2024-07-16T09:23:59.787+0000] {taskinstance.py:2214} INFO - Executing <Task(PythonOperator): read_from_mysql> on 2024-07-16 09:18:55.998363+00:00
[2024-07-16T09:23:59.791+0000] {standard_task_runner.py:60} INFO - Started process 339 to run task
[2024-07-16T09:23:59.793+0000] {standard_task_runner.py:87} INFO - Running: ['***', 'tasks', 'run', 'sample_dag', 'read_from_mysql', 'manual__2024-07-16T09:18:55.998363+00:00', '--job-id', '1355', '--raw', '--subdir', 'DAGS_FOLDER/new.py', '--cfg-path', '/tmp/tmpjxn8xg98']
[2024-07-16T09:23:59.795+0000] {standard_task_runner.py:88} INFO - Job 1355: Subtask read_from_mysql
[2024-07-16T09:23:59.796+0000] {cli_action_loggers.py:67} DEBUG - Calling callbacks: [<function default_action_log at 0x746f87084ca0>]
[2024-07-16T09:23:59.824+0000] {taskinstance.py:991} DEBUG - previous_execution_date was called
[2024-07-16T09:23:59.826+0000] {task_command.py:423} INFO - Running <TaskInstance: sample_dag.read_from_mysql manual__2024-07-16T09:18:55.998363+00:00 [running]> on host fd06bd5975d6
[2024-07-16T09:23:59.826+0000] {settings.py:386} DEBUG - Disposing DB connection pool (PID 339)
[2024-07-16T09:23:59.827+0000] {settings.py:249} DEBUG - Setting up DB connection pool (PID 339)
[2024-07-16T09:23:59.827+0000] {settings.py:318} DEBUG - settings.prepare_engine_args(): Using NullPool
[2024-07-16T09:23:59.852+0000] {taskinstance.py:991} DEBUG - previous_execution_date was called
[2024-07-16T09:23:59.853+0000] {taskinstance.py:1769} DEBUG - Clearing XCom data
[2024-07-16T09:23:59.855+0000] {retries.py:93} DEBUG - Running RenderedTaskInstanceFields.write with retries. Try 1 of 3
[2024-07-16T09:23:59.871+0000] {retries.py:93} DEBUG - Running RenderedTaskInstanceFields._do_delete_old_records with retries. Try 1 of 3
[2024-07-16T09:23:59.880+0000] {taskinstance.py:2510} INFO - Exporting env vars: AIRFLOW_CTX_DAG_OWNER='***' AIRFLOW_CTX_DAG_ID='sample_dag' AIRFLOW_CTX_TASK_ID='read_from_mysql' AIRFLOW_CTX_EXECUTION_DATE='2024-07-16T09:18:55.998363+00:00' AIRFLOW_CTX_TRY_NUMBER='2' AIRFLOW_CTX_DAG_RUN_ID='manual__2024-07-16T09:18:55.998363+00:00'
[2024-07-16T09:23:59.880+0000] {__init__.py:115} DEBUG - Preparing lineage inlets and outlets
[2024-07-16T09:23:59.881+0000] {__init__.py:154} DEBUG - inlets: [], outlets: []
[2024-07-16T09:23:59.888+0000] {base.py:83} INFO - Using connection ID 'mysql_default' for task execution.
[2024-07-16T09:23:59.896+0000] {logging_mixin.py:188} INFO - (1,)
[2024-07-16T09:23:59.896+0000] {python.py:202} INFO - Done. Returned value was: None
[2024-07-16T09:23:59.897+0000] {__init__.py:73} DEBUG - Lineage called with inlets: [], outlets: []
[2024-07-16T09:23:59.904+0000] {taskinstance.py:549} DEBUG - Clearing next_method and next_kwargs.
[2024-07-16T09:23:59.904+0000] {taskinstance.py:1149} INFO - Marking task as SUCCESS. dag_id=sample_dag, task_id=read_from_mysql, execution_date=20240716T091855, start_date=20240716T092359, end_date=20240716T092359
[2024-07-16T09:23:59.905+0000] {taskinstance.py:527} DEBUG - Task Duration set to 0.135236
[2024-07-16T09:23:59.912+0000] {cli_action_loggers.py:85} DEBUG - Calling callbacks: []
[2024-07-16T09:23:59.925+0000] {local_task_job_runner.py:234} INFO - Task exited with return code 0
[2024-07-16T09:23:59.938+0000] {dagrun.py:876} DEBUG - number of tis tasks for <DagRun sample_dag @ 2024-07-16 09:18:55.998363+00:00: manual__2024-07-16T09:18:55.998363+00:00, state:success, queued_at: 2024-07-16 09:18:56.005162+00:00. externally triggered: True>: 0 task(s)
[2024-07-16T09:23:59.938+0000] {taskinstance.py:3309} INFO - 0 downstream tasks scheduled from follow-on schedule check
