[2024-07-17T03:56:32.656+0000] {taskinstance.py:991} DEBUG - previous_execution_date was called
[2024-07-17T03:56:32.670+0000] {__init__.py:54} DEBUG - Loading core task runner: StandardTaskRunner
[2024-07-17T03:56:32.685+0000] {taskinstance.py:991} DEBUG - previous_execution_date was called
[2024-07-17T03:56:32.688+0000] {base_task_runner.py:72} DEBUG - Planning to run as the  user
[2024-07-17T03:56:32.707+0000] {taskinstance.py:1988} DEBUG - <TaskInstance: mysql_to_hive_with_connection.extract_from_mysql scheduled__2024-07-16T00:00:00+00:00 [queued]> dependency 'Previous Dagrun State' PASSED: True, The task did not have depends_on_past set.
[2024-07-17T03:56:32.708+0000] {taskinstance.py:1988} DEBUG - <TaskInstance: mysql_to_hive_with_connection.extract_from_mysql scheduled__2024-07-16T00:00:00+00:00 [queued]> dependency 'Trigger Rule' PASSED: True, The task instance did not have any upstream tasks.
[2024-07-17T03:56:32.708+0000] {taskinstance.py:1988} DEBUG - <TaskInstance: mysql_to_hive_with_connection.extract_from_mysql scheduled__2024-07-16T00:00:00+00:00 [queued]> dependency 'Task Instance Not Running' PASSED: True, Task is not in running state.
[2024-07-17T03:56:32.708+0000] {taskinstance.py:1988} DEBUG - <TaskInstance: mysql_to_hive_with_connection.extract_from_mysql scheduled__2024-07-16T00:00:00+00:00 [queued]> dependency 'Task Instance State' PASSED: True, Task state queued was valid.
[2024-07-17T03:56:32.713+0000] {taskinstance.py:1988} DEBUG - <TaskInstance: mysql_to_hive_with_connection.extract_from_mysql scheduled__2024-07-16T00:00:00+00:00 [queued]> dependency 'Not In Retry Period' PASSED: True, The task instance was not marked for retrying.
[2024-07-17T03:56:32.714+0000] {taskinstance.py:1979} INFO - Dependencies all met for dep_context=non-requeueable deps ti=<TaskInstance: mysql_to_hive_with_connection.extract_from_mysql scheduled__2024-07-16T00:00:00+00:00 [queued]>
[2024-07-17T03:56:32.714+0000] {taskinstance.py:1988} DEBUG - <TaskInstance: mysql_to_hive_with_connection.extract_from_mysql scheduled__2024-07-16T00:00:00+00:00 [queued]> dependency 'Previous Dagrun State' PASSED: True, The task did not have depends_on_past set.
[2024-07-17T03:56:32.714+0000] {taskinstance.py:1988} DEBUG - <TaskInstance: mysql_to_hive_with_connection.extract_from_mysql scheduled__2024-07-16T00:00:00+00:00 [queued]> dependency 'Trigger Rule' PASSED: True, The task instance did not have any upstream tasks.
[2024-07-17T03:56:32.714+0000] {taskinstance.py:1988} DEBUG - <TaskInstance: mysql_to_hive_with_connection.extract_from_mysql scheduled__2024-07-16T00:00:00+00:00 [queued]> dependency 'Task Concurrency' PASSED: True, Task concurrency is not set.
[2024-07-17T03:56:32.719+0000] {taskinstance.py:1988} DEBUG - <TaskInstance: mysql_to_hive_with_connection.extract_from_mysql scheduled__2024-07-16T00:00:00+00:00 [queued]> dependency 'Pool Slots Available' PASSED: True, There are enough open slots in default_pool to execute the task
[2024-07-17T03:56:32.720+0000] {taskinstance.py:1988} DEBUG - <TaskInstance: mysql_to_hive_with_connection.extract_from_mysql scheduled__2024-07-16T00:00:00+00:00 [queued]> dependency 'Not In Retry Period' PASSED: True, The task instance was not marked for retrying.
[2024-07-17T03:56:32.720+0000] {taskinstance.py:1979} INFO - Dependencies all met for dep_context=requeueable deps ti=<TaskInstance: mysql_to_hive_with_connection.extract_from_mysql scheduled__2024-07-16T00:00:00+00:00 [queued]>
[2024-07-17T03:56:32.721+0000] {taskinstance.py:2193} INFO - Starting attempt 1 of 2
[2024-07-17T03:56:32.737+0000] {taskinstance.py:2214} INFO - Executing <Task(PythonOperator): extract_from_mysql> on 2024-07-16 00:00:00+00:00
[2024-07-17T03:56:32.744+0000] {standard_task_runner.py:60} INFO - Started process 70 to run task
[2024-07-17T03:56:32.748+0000] {standard_task_runner.py:87} INFO - Running: ['***', 'tasks', 'run', 'mysql_to_hive_with_connection', 'extract_from_mysql', 'scheduled__2024-07-16T00:00:00+00:00', '--job-id', '1382', '--raw', '--subdir', 'DAGS_FOLDER/new.py', '--cfg-path', '/tmp/tmpj0igziad']
[2024-07-17T03:56:32.750+0000] {standard_task_runner.py:88} INFO - Job 1382: Subtask extract_from_mysql
[2024-07-17T03:56:32.750+0000] {cli_action_loggers.py:67} DEBUG - Calling callbacks: [<function default_action_log at 0x722e82c68ca0>]
[2024-07-17T03:56:32.793+0000] {taskinstance.py:991} DEBUG - previous_execution_date was called
[2024-07-17T03:56:32.795+0000] {task_command.py:423} INFO - Running <TaskInstance: mysql_to_hive_with_connection.extract_from_mysql scheduled__2024-07-16T00:00:00+00:00 [running]> on host e6ffadd088db
[2024-07-17T03:56:32.796+0000] {settings.py:386} DEBUG - Disposing DB connection pool (PID 70)
[2024-07-17T03:56:32.797+0000] {settings.py:249} DEBUG - Setting up DB connection pool (PID 70)
[2024-07-17T03:56:32.797+0000] {settings.py:318} DEBUG - settings.prepare_engine_args(): Using NullPool
[2024-07-17T03:56:32.828+0000] {taskinstance.py:991} DEBUG - previous_execution_date was called
[2024-07-17T03:56:32.831+0000] {taskinstance.py:1769} DEBUG - Clearing XCom data
[2024-07-17T03:56:32.836+0000] {retries.py:93} DEBUG - Running RenderedTaskInstanceFields.write with retries. Try 1 of 3
[2024-07-17T03:56:32.859+0000] {retries.py:93} DEBUG - Running RenderedTaskInstanceFields._do_delete_old_records with retries. Try 1 of 3
[2024-07-17T03:56:32.869+0000] {taskinstance.py:2510} INFO - Exporting env vars: AIRFLOW_CTX_DAG_OWNER='***' AIRFLOW_CTX_DAG_ID='mysql_to_hive_with_connection' AIRFLOW_CTX_TASK_ID='extract_from_mysql' AIRFLOW_CTX_EXECUTION_DATE='2024-07-16T00:00:00+00:00' AIRFLOW_CTX_TRY_NUMBER='1' AIRFLOW_CTX_DAG_RUN_ID='scheduled__2024-07-16T00:00:00+00:00'
[2024-07-17T03:56:32.870+0000] {__init__.py:115} DEBUG - Preparing lineage inlets and outlets
[2024-07-17T03:56:32.870+0000] {__init__.py:154} DEBUG - inlets: [], outlets: []
[2024-07-17T03:56:32.879+0000] {base.py:83} INFO - Using connection ID 'mysql_default' for task execution.
[2024-07-17T03:56:32.949+0000] {warnings.py:109} WARNING - /home/***/.local/lib/python3.10/site-packages/***/providers/common/sql/hooks/sql.py:227: UserWarning: pandas only supports SQLAlchemy connectable (engine/connection) or database string URI or sqlite3 DBAPI2 connection. Other DBAPI2 objects are not tested. Please consider using SQLAlchemy.
  return psql.read_sql(sql, con=conn, params=parameters, **kwargs)

[2024-07-17T03:56:32.980+0000] {python.py:202} INFO - Done. Returned value was: None
[2024-07-17T03:56:32.981+0000] {__init__.py:73} DEBUG - Lineage called with inlets: [], outlets: []
[2024-07-17T03:56:32.988+0000] {taskinstance.py:549} DEBUG - Clearing next_method and next_kwargs.
[2024-07-17T03:56:32.989+0000] {taskinstance.py:1149} INFO - Marking task as SUCCESS. dag_id=mysql_to_hive_with_connection, task_id=extract_from_mysql, execution_date=20240716T000000, start_date=20240717T035632, end_date=20240717T035632
[2024-07-17T03:56:32.989+0000] {taskinstance.py:527} DEBUG - Task Duration set to 0.274751
[2024-07-17T03:56:33.000+0000] {cli_action_loggers.py:85} DEBUG - Calling callbacks: []
[2024-07-17T03:56:33.039+0000] {local_task_job_runner.py:234} INFO - Task exited with return code 0
[2024-07-17T03:56:33.055+0000] {dagrun.py:876} DEBUG - number of tis tasks for <DagRun mysql_to_hive_with_connection @ 2024-07-16 00:00:00+00:00: scheduled__2024-07-16T00:00:00+00:00, state:running, queued_at: 2024-07-17 03:56:30.001297+00:00. externally triggered: False>: 2 task(s)
[2024-07-17T03:56:33.055+0000] {dagrun.py:897} DEBUG - number of scheduleable tasks for <DagRun mysql_to_hive_with_connection @ 2024-07-16 00:00:00+00:00: scheduled__2024-07-16T00:00:00+00:00, state:running, queued_at: 2024-07-17 03:56:30.001297+00:00. externally triggered: False>: 1 task(s)
[2024-07-17T03:56:33.056+0000] {taskinstance.py:1988} DEBUG - <TaskInstance: mysql_to_hive_with_connection.load_into_hive scheduled__2024-07-16T00:00:00+00:00 [None]> dependency 'Previous Dagrun State' PASSED: True, The task did not have depends_on_past set.
[2024-07-17T03:56:33.056+0000] {taskinstance.py:1988} DEBUG - <TaskInstance: mysql_to_hive_with_connection.load_into_hive scheduled__2024-07-16T00:00:00+00:00 [None]> dependency 'Not In Retry Period' PASSED: True, The task instance was not marked for retrying.
[2024-07-17T03:56:33.056+0000] {taskinstance.py:1979} DEBUG - Dependencies all met for dep_context=None ti=<TaskInstance: mysql_to_hive_with_connection.load_into_hive scheduled__2024-07-16T00:00:00+00:00 [None]>
[2024-07-17T03:56:33.059+0000] {taskinstance.py:3309} INFO - 1 downstream tasks scheduled from follow-on schedule check
