[2024-07-17T10:01:45.439+0000] {taskinstance.py:991} DEBUG - previous_execution_date was called
[2024-07-17T10:01:45.451+0000] {__init__.py:54} DEBUG - Loading core task runner: StandardTaskRunner
[2024-07-17T10:01:45.466+0000] {taskinstance.py:991} DEBUG - previous_execution_date was called
[2024-07-17T10:01:45.468+0000] {base_task_runner.py:72} DEBUG - Planning to run as the  user
[2024-07-17T10:01:45.493+0000] {taskinstance.py:1988} DEBUG - <TaskInstance: hive_etl.create_hive_table scheduled__2023-05-10T00:00:00+00:00 [queued]> dependency 'Previous Dagrun State' PASSED: True, The task did not have depends_on_past set.
[2024-07-17T10:01:45.501+0000] {taskinstance.py:1988} DEBUG - <TaskInstance: hive_etl.create_hive_table scheduled__2023-05-10T00:00:00+00:00 [queued]> dependency 'Task Instance Not Running' PASSED: True, Task is not in running state.
[2024-07-17T10:01:45.501+0000] {taskinstance.py:1988} DEBUG - <TaskInstance: hive_etl.create_hive_table scheduled__2023-05-10T00:00:00+00:00 [queued]> dependency 'Not In Retry Period' PASSED: True, The task instance was not marked for retrying.
[2024-07-17T10:01:45.501+0000] {taskinstance.py:1988} DEBUG - <TaskInstance: hive_etl.create_hive_table scheduled__2023-05-10T00:00:00+00:00 [queued]> dependency 'Task Instance State' PASSED: True, Task state queued was valid.
[2024-07-17T10:01:45.502+0000] {taskinstance.py:1979} INFO - Dependencies all met for dep_context=non-requeueable deps ti=<TaskInstance: hive_etl.create_hive_table scheduled__2023-05-10T00:00:00+00:00 [queued]>
[2024-07-17T10:01:45.502+0000] {taskinstance.py:1988} DEBUG - <TaskInstance: hive_etl.create_hive_table scheduled__2023-05-10T00:00:00+00:00 [queued]> dependency 'Task Concurrency' PASSED: True, Task concurrency is not set.
[2024-07-17T10:01:45.502+0000] {taskinstance.py:1988} DEBUG - <TaskInstance: hive_etl.create_hive_table scheduled__2023-05-10T00:00:00+00:00 [queued]> dependency 'Previous Dagrun State' PASSED: True, The task did not have depends_on_past set.
[2024-07-17T10:01:45.506+0000] {taskinstance.py:1988} DEBUG - <TaskInstance: hive_etl.create_hive_table scheduled__2023-05-10T00:00:00+00:00 [queued]> dependency 'Not In Retry Period' PASSED: True, The task instance was not marked for retrying.
[2024-07-17T10:01:45.513+0000] {taskinstance.py:1988} DEBUG - <TaskInstance: hive_etl.create_hive_table scheduled__2023-05-10T00:00:00+00:00 [queued]> dependency 'Pool Slots Available' PASSED: True, There are enough open slots in default_pool to execute the task
[2024-07-17T10:01:45.514+0000] {taskinstance.py:1979} INFO - Dependencies all met for dep_context=requeueable deps ti=<TaskInstance: hive_etl.create_hive_table scheduled__2023-05-10T00:00:00+00:00 [queued]>
[2024-07-17T10:01:45.514+0000] {taskinstance.py:2193} INFO - Starting attempt 1 of 2
[2024-07-17T10:01:45.529+0000] {taskinstance.py:2214} INFO - Executing <Task(PythonOperator): create_hive_table> on 2023-05-10 00:00:00+00:00
[2024-07-17T10:01:45.536+0000] {standard_task_runner.py:60} INFO - Started process 179 to run task
[2024-07-17T10:01:45.540+0000] {standard_task_runner.py:87} INFO - Running: ['***', 'tasks', 'run', 'hive_etl', 'create_hive_table', 'scheduled__2023-05-10T00:00:00+00:00', '--job-id', '1980', '--raw', '--subdir', 'DAGS_FOLDER/new.py', '--cfg-path', '/tmp/tmph7ptfdeq']
[2024-07-17T10:01:45.541+0000] {standard_task_runner.py:88} INFO - Job 1980: Subtask create_hive_table
[2024-07-17T10:01:45.542+0000] {cli_action_loggers.py:67} DEBUG - Calling callbacks: [<function default_action_log at 0x74ba8524ef80>]
[2024-07-17T10:01:45.583+0000] {taskinstance.py:991} DEBUG - previous_execution_date was called
[2024-07-17T10:01:45.587+0000] {task_command.py:423} INFO - Running <TaskInstance: hive_etl.create_hive_table scheduled__2023-05-10T00:00:00+00:00 [running]> on host d0d849f06491
[2024-07-17T10:01:45.587+0000] {settings.py:386} DEBUG - Disposing DB connection pool (PID 179)
[2024-07-17T10:01:45.587+0000] {settings.py:249} DEBUG - Setting up DB connection pool (PID 179)
[2024-07-17T10:01:45.588+0000] {settings.py:318} DEBUG - settings.prepare_engine_args(): Using NullPool
[2024-07-17T10:01:45.616+0000] {taskinstance.py:991} DEBUG - previous_execution_date was called
[2024-07-17T10:01:45.617+0000] {taskinstance.py:1769} DEBUG - Clearing XCom data
[2024-07-17T10:01:45.622+0000] {retries.py:93} DEBUG - Running RenderedTaskInstanceFields.write with retries. Try 1 of 3
[2024-07-17T10:01:45.642+0000] {retries.py:93} DEBUG - Running RenderedTaskInstanceFields._do_delete_old_records with retries. Try 1 of 3
[2024-07-17T10:01:45.655+0000] {taskinstance.py:2510} INFO - Exporting env vars: AIRFLOW_CTX_DAG_OWNER='***' AIRFLOW_CTX_DAG_ID='hive_etl' AIRFLOW_CTX_TASK_ID='create_hive_table' AIRFLOW_CTX_EXECUTION_DATE='2023-05-10T00:00:00+00:00' AIRFLOW_CTX_TRY_NUMBER='1' AIRFLOW_CTX_DAG_RUN_ID='scheduled__2023-05-10T00:00:00+00:00'
[2024-07-17T10:01:45.656+0000] {__init__.py:115} DEBUG - Preparing lineage inlets and outlets
[2024-07-17T10:01:45.656+0000] {__init__.py:154} DEBUG - inlets: [], outlets: []
[2024-07-17T10:01:45.749+0000] {hive.py:609} DEBUG - TOpenSessionResp(status=TStatus(statusCode=0, infoMessages=None, sqlState=None, errorCode=None, errorMessage=None), serverProtocolVersion=5, sessionHandle=TSessionHandle(sessionId=THandleIdentifier(guid=b'\xed]\xd2\x10\x19\xd2C\xa8\x82\xa5!Ya\xe6j\xc8', secret=b'\xea\xd1\xbe\x0e\x03pA\x15\x91\x9d\x19\xac\x97\xa6s$')), configuration={'hive.server2.thrift.resultset.default.fetch.size': '1000'})
[2024-07-17T10:01:45.750+0000] {hive.py:475} INFO - USE `default`
[2024-07-17T10:01:45.750+0000] {hive.py:479} DEBUG - TExecuteStatementReq(sessionHandle=TSessionHandle(sessionId=THandleIdentifier(guid=b'\xed]\xd2\x10\x19\xd2C\xa8\x82\xa5!Ya\xe6j\xc8', secret=b'\xea\xd1\xbe\x0e\x03pA\x15\x91\x9d\x19\xac\x97\xa6s$')), statement='USE `default`', confOverlay=None, runAsync=False, queryTimeout=0)
[2024-07-17T10:01:45.838+0000] {hive.py:609} DEBUG - TExecuteStatementResp(status=TStatus(statusCode=0, infoMessages=None, sqlState=None, errorCode=None, errorMessage=None), operationHandle=TOperationHandle(operationId=THandleIdentifier(guid=b'\x13|mz\xd2\xfdM\x02\x9d\xb1\\\x19\xac\x9a\x9e\x8a', secret=b'\x8d\x97v.7\xc4A\xf0\x88\x02\xf0\xcaF\xf2$,'), operationType=0, hasResultSet=False, modifiedRowCount=None))
[2024-07-17T10:01:45.840+0000] {hive.py:609} DEBUG - TCloseOperationResp(status=TStatus(statusCode=0, infoMessages=None, sqlState=None, errorCode=None, errorMessage=None))
[2024-07-17T10:01:45.840+0000] {hive.py:475} INFO - 
    CREATE TABLE IF NOT EXISTS my_table (
        id INT,
        name STRING
    )
    ROW FORMAT DELIMITED
    FIELDS TERMINATED BY ','
    STORED AS TEXTFILE
    
[2024-07-17T10:01:45.840+0000] {hive.py:479} DEBUG - TExecuteStatementReq(sessionHandle=TSessionHandle(sessionId=THandleIdentifier(guid=b'\xed]\xd2\x10\x19\xd2C\xa8\x82\xa5!Ya\xe6j\xc8', secret=b'\xea\xd1\xbe\x0e\x03pA\x15\x91\x9d\x19\xac\x97\xa6s$')), statement="\n    CREATE TABLE IF NOT EXISTS my_table (\n        id INT,\n        name STRING\n    )\n    ROW FORMAT DELIMITED\n    FIELDS TERMINATED BY ','\n    STORED AS TEXTFILE\n    ", confOverlay=None, runAsync=False, queryTimeout=0)
[2024-07-17T10:01:46.042+0000] {hive.py:609} DEBUG - TExecuteStatementResp(status=TStatus(statusCode=0, infoMessages=None, sqlState=None, errorCode=None, errorMessage=None), operationHandle=TOperationHandle(operationId=THandleIdentifier(guid=b'3r\x0b.t\xc0H\xeb\xb4\xf3D\xe2[!\xa8\x16', secret=b"0'\xb4\x1b\xd2\xf7A\xbf\x95\xe1h7q.\xef\xac"), operationType=0, hasResultSet=False, modifiedRowCount=None))
[2024-07-17T10:01:46.050+0000] {hive.py:609} DEBUG - TCloseSessionResp(status=TStatus(statusCode=0, infoMessages=None, sqlState=None, errorCode=None, errorMessage=None))
[2024-07-17T10:01:46.051+0000] {python.py:202} INFO - Done. Returned value was: None
[2024-07-17T10:01:46.052+0000] {__init__.py:73} DEBUG - Lineage called with inlets: [], outlets: []
[2024-07-17T10:01:46.065+0000] {taskinstance.py:549} DEBUG - Clearing next_method and next_kwargs.
[2024-07-17T10:01:46.066+0000] {taskinstance.py:1149} INFO - Marking task as SUCCESS. dag_id=hive_etl, task_id=create_hive_table, execution_date=20230510T000000, start_date=20240717T100145, end_date=20240717T100146
[2024-07-17T10:01:46.068+0000] {taskinstance.py:527} DEBUG - Task Duration set to 0.564054
[2024-07-17T10:01:46.089+0000] {cli_action_loggers.py:85} DEBUG - Calling callbacks: []
[2024-07-17T10:01:46.113+0000] {local_task_job_runner.py:234} INFO - Task exited with return code 0
[2024-07-17T10:01:46.146+0000] {dagrun.py:876} DEBUG - number of tis tasks for <DagRun hive_etl @ 2023-05-10 00:00:00+00:00: scheduled__2023-05-10T00:00:00+00:00, state:running, queued_at: 2024-07-17 09:55:07.841412+00:00. externally triggered: False>: 3 task(s)
[2024-07-17T10:01:46.147+0000] {dagrun.py:897} DEBUG - number of scheduleable tasks for <DagRun hive_etl @ 2023-05-10 00:00:00+00:00: scheduled__2023-05-10T00:00:00+00:00, state:running, queued_at: 2024-07-17 09:55:07.841412+00:00. externally triggered: False>: 2 task(s)
[2024-07-17T10:01:46.149+0000] {taskinstance.py:1988} DEBUG - <TaskInstance: hive_etl.load_data_into_hive scheduled__2023-05-10T00:00:00+00:00 [None]> dependency 'Not In Retry Period' PASSED: True, The task instance was not marked for retrying.
[2024-07-17T10:01:46.149+0000] {taskinstance.py:1988} DEBUG - <TaskInstance: hive_etl.load_data_into_hive scheduled__2023-05-10T00:00:00+00:00 [None]> dependency 'Previous Dagrun State' PASSED: True, The task did not have depends_on_past set.
[2024-07-17T10:01:46.150+0000] {taskinstance.py:1979} DEBUG - Dependencies all met for dep_context=None ti=<TaskInstance: hive_etl.load_data_into_hive scheduled__2023-05-10T00:00:00+00:00 [None]>
[2024-07-17T10:01:46.151+0000] {taskinstance.py:1988} DEBUG - <TaskInstance: hive_etl.end scheduled__2023-05-10T00:00:00+00:00 [None]> dependency 'Trigger Rule' PASSED: False, Task's trigger rule 'all_success' requires all upstream tasks to have succeeded, but found 1 non-success(es). upstream_states=_UpstreamTIStates(success=0, skipped=0, failed=0, upstream_failed=0, removed=0, done=0, success_setup=0, skipped_setup=0), upstream_task_ids={'load_data_into_hive'}
[2024-07-17T10:01:46.151+0000] {taskinstance.py:1969} DEBUG - Dependencies not met for <TaskInstance: hive_etl.end scheduled__2023-05-10T00:00:00+00:00 [None]>, dependency 'Trigger Rule' FAILED: Task's trigger rule 'all_success' requires all upstream tasks to have succeeded, but found 1 non-success(es). upstream_states=_UpstreamTIStates(success=0, skipped=0, failed=0, upstream_failed=0, removed=0, done=0, success_setup=0, skipped_setup=0), upstream_task_ids={'load_data_into_hive'}
[2024-07-17T10:01:46.152+0000] {taskinstance.py:1988} DEBUG - <TaskInstance: hive_etl.end scheduled__2023-05-10T00:00:00+00:00 [None]> dependency 'Not In Retry Period' PASSED: True, The task instance was not marked for retrying.
[2024-07-17T10:01:46.152+0000] {taskinstance.py:1988} DEBUG - <TaskInstance: hive_etl.end scheduled__2023-05-10T00:00:00+00:00 [None]> dependency 'Previous Dagrun State' PASSED: True, The task did not have depends_on_past set.
[2024-07-17T10:01:46.167+0000] {taskinstance.py:3309} INFO - 1 downstream tasks scheduled from follow-on schedule check
