[2024-07-17T14:15:41.990+0000] {taskinstance.py:991} DEBUG - previous_execution_date was called
[2024-07-17T14:15:42.015+0000] {__init__.py:54} DEBUG - Loading core task runner: StandardTaskRunner
[2024-07-17T14:15:42.042+0000] {taskinstance.py:991} DEBUG - previous_execution_date was called
[2024-07-17T14:15:42.047+0000] {base_task_runner.py:72} DEBUG - Planning to run as the  user
[2024-07-17T14:15:42.087+0000] {taskinstance.py:1988} DEBUG - <TaskInstance: hive_etl.extract_from_mysql scheduled__2023-06-11T00:00:00+00:00 [queued]> dependency 'Task Instance Not Running' PASSED: True, Task is not in running state.
[2024-07-17T14:15:42.087+0000] {taskinstance.py:1988} DEBUG - <TaskInstance: hive_etl.extract_from_mysql scheduled__2023-06-11T00:00:00+00:00 [queued]> dependency 'Previous Dagrun State' PASSED: True, The task did not have depends_on_past set.
[2024-07-17T14:15:42.099+0000] {taskinstance.py:1988} DEBUG - <TaskInstance: hive_etl.extract_from_mysql scheduled__2023-06-11T00:00:00+00:00 [queued]> dependency 'Not In Retry Period' PASSED: True, The task instance was not marked for retrying.
[2024-07-17T14:15:42.100+0000] {taskinstance.py:1988} DEBUG - <TaskInstance: hive_etl.extract_from_mysql scheduled__2023-06-11T00:00:00+00:00 [queued]> dependency 'Task Instance State' PASSED: True, Task state queued was valid.
[2024-07-17T14:15:42.101+0000] {taskinstance.py:1979} INFO - Dependencies all met for dep_context=non-requeueable deps ti=<TaskInstance: hive_etl.extract_from_mysql scheduled__2023-06-11T00:00:00+00:00 [queued]>
[2024-07-17T14:15:42.101+0000] {taskinstance.py:1988} DEBUG - <TaskInstance: hive_etl.extract_from_mysql scheduled__2023-06-11T00:00:00+00:00 [queued]> dependency 'Previous Dagrun State' PASSED: True, The task did not have depends_on_past set.
[2024-07-17T14:15:42.105+0000] {taskinstance.py:1988} DEBUG - <TaskInstance: hive_etl.extract_from_mysql scheduled__2023-06-11T00:00:00+00:00 [queued]> dependency 'Not In Retry Period' PASSED: True, The task instance was not marked for retrying.
[2024-07-17T14:15:42.125+0000] {taskinstance.py:1988} DEBUG - <TaskInstance: hive_etl.extract_from_mysql scheduled__2023-06-11T00:00:00+00:00 [queued]> dependency 'Pool Slots Available' PASSED: True, There are enough open slots in default_pool to execute the task
[2024-07-17T14:15:42.125+0000] {taskinstance.py:1988} DEBUG - <TaskInstance: hive_etl.extract_from_mysql scheduled__2023-06-11T00:00:00+00:00 [queued]> dependency 'Task Concurrency' PASSED: True, Task concurrency is not set.
[2024-07-17T14:15:42.126+0000] {taskinstance.py:1979} INFO - Dependencies all met for dep_context=requeueable deps ti=<TaskInstance: hive_etl.extract_from_mysql scheduled__2023-06-11T00:00:00+00:00 [queued]>
[2024-07-17T14:15:42.126+0000] {taskinstance.py:2193} INFO - Starting attempt 1 of 2
[2024-07-17T14:15:42.150+0000] {taskinstance.py:2214} INFO - Executing <Task(PythonOperator): extract_from_mysql> on 2023-06-11 00:00:00+00:00
[2024-07-17T14:15:42.161+0000] {standard_task_runner.py:60} INFO - Started process 134 to run task
[2024-07-17T14:15:42.165+0000] {standard_task_runner.py:87} INFO - Running: ['***', 'tasks', 'run', 'hive_etl', 'extract_from_mysql', 'scheduled__2023-06-11T00:00:00+00:00', '--job-id', '2122', '--raw', '--subdir', 'DAGS_FOLDER/new.py', '--cfg-path', '/tmp/tmpxdf2xoy8']
[2024-07-17T14:15:42.167+0000] {standard_task_runner.py:88} INFO - Job 2122: Subtask extract_from_mysql
[2024-07-17T14:15:42.168+0000] {cli_action_loggers.py:67} DEBUG - Calling callbacks: [<function default_action_log at 0x763f8104af80>]
[2024-07-17T14:15:42.258+0000] {taskinstance.py:991} DEBUG - previous_execution_date was called
[2024-07-17T14:15:42.270+0000] {task_command.py:423} INFO - Running <TaskInstance: hive_etl.extract_from_mysql scheduled__2023-06-11T00:00:00+00:00 [running]> on host 8c50a8ad787d
[2024-07-17T14:15:42.271+0000] {settings.py:386} DEBUG - Disposing DB connection pool (PID 134)
[2024-07-17T14:15:42.272+0000] {settings.py:249} DEBUG - Setting up DB connection pool (PID 134)
[2024-07-17T14:15:42.273+0000] {settings.py:318} DEBUG - settings.prepare_engine_args(): Using NullPool
[2024-07-17T14:15:42.348+0000] {taskinstance.py:991} DEBUG - previous_execution_date was called
[2024-07-17T14:15:42.352+0000] {taskinstance.py:1769} DEBUG - Clearing XCom data
[2024-07-17T14:15:42.362+0000] {retries.py:93} DEBUG - Running RenderedTaskInstanceFields.write with retries. Try 1 of 3
[2024-07-17T14:15:42.404+0000] {retries.py:93} DEBUG - Running RenderedTaskInstanceFields._do_delete_old_records with retries. Try 1 of 3
[2024-07-17T14:15:42.426+0000] {taskinstance.py:2510} INFO - Exporting env vars: AIRFLOW_CTX_DAG_OWNER='***' AIRFLOW_CTX_DAG_ID='hive_etl' AIRFLOW_CTX_TASK_ID='extract_from_mysql' AIRFLOW_CTX_EXECUTION_DATE='2023-06-11T00:00:00+00:00' AIRFLOW_CTX_TRY_NUMBER='1' AIRFLOW_CTX_DAG_RUN_ID='scheduled__2023-06-11T00:00:00+00:00'
[2024-07-17T14:15:42.426+0000] {__init__.py:115} DEBUG - Preparing lineage inlets and outlets
[2024-07-17T14:15:42.428+0000] {__init__.py:154} DEBUG - inlets: [], outlets: []
[2024-07-17T14:15:42.444+0000] {base.py:83} INFO - Using connection ID 'mysql_default' for task execution.
[2024-07-17T14:15:47.226+0000] {job.py:209} DEBUG - [heartbeat]
[2024-07-17T14:15:52.268+0000] {job.py:209} DEBUG - [heartbeat]
[2024-07-17T14:15:57.328+0000] {job.py:209} DEBUG - [heartbeat]
[2024-07-17T14:16:02.366+0000] {job.py:209} DEBUG - [heartbeat]
[2024-07-17T14:16:07.407+0000] {job.py:209} DEBUG - [heartbeat]
[2024-07-17T14:16:12.451+0000] {job.py:209} DEBUG - [heartbeat]
[2024-07-17T14:16:17.489+0000] {job.py:209} DEBUG - [heartbeat]
[2024-07-17T14:16:22.563+0000] {job.py:209} DEBUG - [heartbeat]
[2024-07-17T14:16:27.603+0000] {job.py:209} DEBUG - [heartbeat]
[2024-07-17T14:16:32.677+0000] {job.py:209} DEBUG - [heartbeat]
[2024-07-17T14:16:37.717+0000] {job.py:209} DEBUG - [heartbeat]
[2024-07-17T14:16:42.758+0000] {job.py:209} DEBUG - [heartbeat]
[2024-07-17T14:16:47.797+0000] {job.py:209} DEBUG - [heartbeat]
[2024-07-17T14:16:52.838+0000] {job.py:209} DEBUG - [heartbeat]
[2024-07-17T14:16:57.879+0000] {job.py:209} DEBUG - [heartbeat]
[2024-07-17T14:17:02.951+0000] {job.py:209} DEBUG - [heartbeat]
[2024-07-17T14:17:08.025+0000] {job.py:209} DEBUG - [heartbeat]
[2024-07-17T14:17:13.068+0000] {job.py:209} DEBUG - [heartbeat]
[2024-07-17T14:17:18.110+0000] {job.py:209} DEBUG - [heartbeat]
[2024-07-17T14:17:23.147+0000] {job.py:209} DEBUG - [heartbeat]
[2024-07-17T14:17:28.218+0000] {job.py:209} DEBUG - [heartbeat]
[2024-07-17T14:17:33.256+0000] {job.py:209} DEBUG - [heartbeat]
[2024-07-17T14:17:38.297+0000] {job.py:209} DEBUG - [heartbeat]
[2024-07-17T14:17:43.336+0000] {job.py:209} DEBUG - [heartbeat]
[2024-07-17T14:17:48.408+0000] {job.py:209} DEBUG - [heartbeat]
[2024-07-17T14:17:53.447+0000] {job.py:209} DEBUG - [heartbeat]
[2024-07-17T14:17:56.141+0000] {taskinstance.py:2728} ERROR - Task failed with exception
Traceback (most recent call last):
  File "/home/airflow/.local/lib/python3.10/site-packages/airflow/models/taskinstance.py", line 444, in _execute_task
    result = _execute_callable(context=context, **execute_callable_kwargs)
  File "/home/airflow/.local/lib/python3.10/site-packages/airflow/models/taskinstance.py", line 414, in _execute_callable
    return execute_callable(context=context, **execute_callable_kwargs)
  File "/home/airflow/.local/lib/python3.10/site-packages/airflow/operators/python.py", line 200, in execute
    return_value = self.execute_callable()
  File "/home/airflow/.local/lib/python3.10/site-packages/airflow/operators/python.py", line 217, in execute_callable
    return self.python_callable(*self.op_args, **self.op_kwargs)
  File "/opt/airflow/dags/new.py", line 20, in extract_from_mysql
    df = mysql_hook.get_pandas_df(sql)
  File "/home/airflow/.local/lib/python3.10/site-packages/airflow/providers/common/sql/hooks/sql.py", line 226, in get_pandas_df
    with closing(self.get_conn()) as conn:
  File "/home/airflow/.local/lib/python3.10/site-packages/airflow/providers/mysql/hooks/mysql.py", line 195, in get_conn
    return MySQLdb.connect(**conn_config)
  File "/home/airflow/.local/lib/python3.10/site-packages/MySQLdb/__init__.py", line 121, in Connect
    return Connection(*args, **kwargs)
  File "/home/airflow/.local/lib/python3.10/site-packages/MySQLdb/connections.py", line 195, in __init__
    super().__init__(*args, **kwargs2)
MySQLdb.OperationalError: (2002, "Can't connect to server on '172.16.9.72' (115)")
[2024-07-17T14:17:56.150+0000] {taskinstance.py:527} DEBUG - Task Duration set to 134.048724
[2024-07-17T14:17:56.152+0000] {taskinstance.py:549} DEBUG - Clearing next_method and next_kwargs.
[2024-07-17T14:17:56.152+0000] {taskinstance.py:1149} INFO - Marking task as UP_FOR_RETRY. dag_id=hive_etl, task_id=extract_from_mysql, execution_date=20230611T000000, start_date=20240717T141542, end_date=20240717T141756
[2024-07-17T14:17:56.165+0000] {cli_action_loggers.py:85} DEBUG - Calling callbacks: []
[2024-07-17T14:17:56.165+0000] {standard_task_runner.py:107} ERROR - Failed to execute job 2122 for task extract_from_mysql ((2002, "Can't connect to server on '172.16.9.72' (115)"); 134)
[2024-07-17T14:17:56.185+0000] {local_task_job_runner.py:234} INFO - Task exited with return code 1
[2024-07-17T14:17:56.199+0000] {dagrun.py:876} DEBUG - number of tis tasks for <DagRun hive_etl @ 2023-06-11 00:00:00+00:00: scheduled__2023-06-11T00:00:00+00:00, state:running, queued_at: 2024-07-17 14:15:39.696971+00:00. externally triggered: False>: 4 task(s)
[2024-07-17T14:17:56.200+0000] {dagrun.py:897} DEBUG - number of scheduleable tasks for <DagRun hive_etl @ 2023-06-11 00:00:00+00:00: scheduled__2023-06-11T00:00:00+00:00, state:running, queued_at: 2024-07-17 14:15:39.696971+00:00. externally triggered: False>: 4 task(s)
[2024-07-17T14:17:56.200+0000] {taskinstance.py:1988} DEBUG - <TaskInstance: hive_etl.load_data_into_hive scheduled__2023-06-11T00:00:00+00:00 [None]> dependency 'Previous Dagrun State' PASSED: True, The task did not have depends_on_past set.
[2024-07-17T14:17:56.200+0000] {taskinstance.py:1988} DEBUG - <TaskInstance: hive_etl.load_data_into_hive scheduled__2023-06-11T00:00:00+00:00 [None]> dependency 'Trigger Rule' PASSED: False, Task's trigger rule 'all_success' requires all upstream tasks to have succeeded, but found 1 non-success(es). upstream_states=_UpstreamTIStates(success=0, skipped=0, failed=0, upstream_failed=0, removed=0, done=0, success_setup=0, skipped_setup=0), upstream_task_ids={'create_hive_table'}
[2024-07-17T14:17:56.200+0000] {taskinstance.py:1969} DEBUG - Dependencies not met for <TaskInstance: hive_etl.load_data_into_hive scheduled__2023-06-11T00:00:00+00:00 [None]>, dependency 'Trigger Rule' FAILED: Task's trigger rule 'all_success' requires all upstream tasks to have succeeded, but found 1 non-success(es). upstream_states=_UpstreamTIStates(success=0, skipped=0, failed=0, upstream_failed=0, removed=0, done=0, success_setup=0, skipped_setup=0), upstream_task_ids={'create_hive_table'}
[2024-07-17T14:17:56.200+0000] {taskinstance.py:1988} DEBUG - <TaskInstance: hive_etl.load_data_into_hive scheduled__2023-06-11T00:00:00+00:00 [None]> dependency 'Not In Retry Period' PASSED: True, The task instance was not marked for retrying.
[2024-07-17T14:17:56.201+0000] {taskinstance.py:1988} DEBUG - <TaskInstance: hive_etl.end scheduled__2023-06-11T00:00:00+00:00 [None]> dependency 'Previous Dagrun State' PASSED: True, The task did not have depends_on_past set.
[2024-07-17T14:17:56.201+0000] {taskinstance.py:1988} DEBUG - <TaskInstance: hive_etl.end scheduled__2023-06-11T00:00:00+00:00 [None]> dependency 'Trigger Rule' PASSED: False, Task's trigger rule 'all_success' requires all upstream tasks to have succeeded, but found 1 non-success(es). upstream_states=_UpstreamTIStates(success=0, skipped=0, failed=0, upstream_failed=0, removed=0, done=0, success_setup=0, skipped_setup=0), upstream_task_ids={'load_data_into_hive'}
[2024-07-17T14:17:56.201+0000] {taskinstance.py:1969} DEBUG - Dependencies not met for <TaskInstance: hive_etl.end scheduled__2023-06-11T00:00:00+00:00 [None]>, dependency 'Trigger Rule' FAILED: Task's trigger rule 'all_success' requires all upstream tasks to have succeeded, but found 1 non-success(es). upstream_states=_UpstreamTIStates(success=0, skipped=0, failed=0, upstream_failed=0, removed=0, done=0, success_setup=0, skipped_setup=0), upstream_task_ids={'load_data_into_hive'}
[2024-07-17T14:17:56.202+0000] {taskinstance.py:1988} DEBUG - <TaskInstance: hive_etl.end scheduled__2023-06-11T00:00:00+00:00 [None]> dependency 'Not In Retry Period' PASSED: True, The task instance was not marked for retrying.
[2024-07-17T14:17:56.202+0000] {taskinstance.py:1988} DEBUG - <TaskInstance: hive_etl.extract_from_mysql scheduled__2023-06-11T00:00:00+00:00 [up_for_retry]> dependency 'Previous Dagrun State' PASSED: True, The task did not have depends_on_past set.
[2024-07-17T14:17:56.202+0000] {taskinstance.py:1988} DEBUG - <TaskInstance: hive_etl.extract_from_mysql scheduled__2023-06-11T00:00:00+00:00 [up_for_retry]> dependency 'Trigger Rule' PASSED: True, The task instance did not have any upstream tasks.
[2024-07-17T14:17:56.202+0000] {taskinstance.py:1988} DEBUG - <TaskInstance: hive_etl.extract_from_mysql scheduled__2023-06-11T00:00:00+00:00 [up_for_retry]> dependency 'Not In Retry Period' PASSED: False, Task is not ready for retry yet but will be retried automatically. Current date is 2024-07-17T14:17:56.202503+00:00 and task will be retried at 2024-07-17T14:22:56.150427+00:00.
[2024-07-17T14:17:56.202+0000] {taskinstance.py:1969} DEBUG - Dependencies not met for <TaskInstance: hive_etl.extract_from_mysql scheduled__2023-06-11T00:00:00+00:00 [up_for_retry]>, dependency 'Not In Retry Period' FAILED: Task is not ready for retry yet but will be retried automatically. Current date is 2024-07-17T14:17:56.202503+00:00 and task will be retried at 2024-07-17T14:22:56.150427+00:00.
[2024-07-17T14:17:56.202+0000] {taskinstance.py:1988} DEBUG - <TaskInstance: hive_etl.create_hive_table scheduled__2023-06-11T00:00:00+00:00 [None]> dependency 'Previous Dagrun State' PASSED: True, The task did not have depends_on_past set.
[2024-07-17T14:17:56.203+0000] {taskinstance.py:1988} DEBUG - <TaskInstance: hive_etl.create_hive_table scheduled__2023-06-11T00:00:00+00:00 [None]> dependency 'Trigger Rule' PASSED: False, Task's trigger rule 'all_success' requires all upstream tasks to have succeeded, but found 1 non-success(es). upstream_states=_UpstreamTIStates(success=0, skipped=0, failed=0, upstream_failed=0, removed=0, done=0, success_setup=0, skipped_setup=0), upstream_task_ids={'extract_from_mysql'}
[2024-07-17T14:17:56.203+0000] {taskinstance.py:1969} DEBUG - Dependencies not met for <TaskInstance: hive_etl.create_hive_table scheduled__2023-06-11T00:00:00+00:00 [None]>, dependency 'Trigger Rule' FAILED: Task's trigger rule 'all_success' requires all upstream tasks to have succeeded, but found 1 non-success(es). upstream_states=_UpstreamTIStates(success=0, skipped=0, failed=0, upstream_failed=0, removed=0, done=0, success_setup=0, skipped_setup=0), upstream_task_ids={'extract_from_mysql'}
[2024-07-17T14:17:56.203+0000] {taskinstance.py:1988} DEBUG - <TaskInstance: hive_etl.create_hive_table scheduled__2023-06-11T00:00:00+00:00 [None]> dependency 'Not In Retry Period' PASSED: True, The task instance was not marked for retrying.
[2024-07-17T14:17:56.208+0000] {taskinstance.py:3309} INFO - 0 downstream tasks scheduled from follow-on schedule check
