[2024-07-17T10:12:15.243+0000] {taskinstance.py:991} DEBUG - previous_execution_date was called
[2024-07-17T10:12:15.253+0000] {__init__.py:54} DEBUG - Loading core task runner: StandardTaskRunner
[2024-07-17T10:12:15.263+0000] {taskinstance.py:991} DEBUG - previous_execution_date was called
[2024-07-17T10:12:15.266+0000] {base_task_runner.py:72} DEBUG - Planning to run as the  user
[2024-07-17T10:12:15.282+0000] {taskinstance.py:1988} DEBUG - <TaskInstance: hive_etl.create_hive_table scheduled__2023-05-25T00:00:00+00:00 [queued]> dependency 'Task Instance State' PASSED: True, Task state queued was valid.
[2024-07-17T10:12:15.283+0000] {taskinstance.py:1988} DEBUG - <TaskInstance: hive_etl.create_hive_table scheduled__2023-05-25T00:00:00+00:00 [queued]> dependency 'Previous Dagrun State' PASSED: True, The task did not have depends_on_past set.
[2024-07-17T10:12:15.283+0000] {taskinstance.py:1988} DEBUG - <TaskInstance: hive_etl.create_hive_table scheduled__2023-05-25T00:00:00+00:00 [queued]> dependency 'Task Instance Not Running' PASSED: True, Task is not in running state.
[2024-07-17T10:12:15.288+0000] {taskinstance.py:1988} DEBUG - <TaskInstance: hive_etl.create_hive_table scheduled__2023-05-25T00:00:00+00:00 [queued]> dependency 'Not In Retry Period' PASSED: True, The task instance was not marked for retrying.
[2024-07-17T10:12:15.289+0000] {taskinstance.py:1979} INFO - Dependencies all met for dep_context=non-requeueable deps ti=<TaskInstance: hive_etl.create_hive_table scheduled__2023-05-25T00:00:00+00:00 [queued]>
[2024-07-17T10:12:15.292+0000] {taskinstance.py:1988} DEBUG - <TaskInstance: hive_etl.create_hive_table scheduled__2023-05-25T00:00:00+00:00 [queued]> dependency 'Pool Slots Available' PASSED: True, There are enough open slots in default_pool to execute the task
[2024-07-17T10:12:15.292+0000] {taskinstance.py:1988} DEBUG - <TaskInstance: hive_etl.create_hive_table scheduled__2023-05-25T00:00:00+00:00 [queued]> dependency 'Previous Dagrun State' PASSED: True, The task did not have depends_on_past set.
[2024-07-17T10:12:15.293+0000] {taskinstance.py:1988} DEBUG - <TaskInstance: hive_etl.create_hive_table scheduled__2023-05-25T00:00:00+00:00 [queued]> dependency 'Task Concurrency' PASSED: True, Task concurrency is not set.
[2024-07-17T10:12:15.297+0000] {taskinstance.py:1988} DEBUG - <TaskInstance: hive_etl.create_hive_table scheduled__2023-05-25T00:00:00+00:00 [queued]> dependency 'Not In Retry Period' PASSED: True, The task instance was not marked for retrying.
[2024-07-17T10:12:15.297+0000] {taskinstance.py:1979} INFO - Dependencies all met for dep_context=requeueable deps ti=<TaskInstance: hive_etl.create_hive_table scheduled__2023-05-25T00:00:00+00:00 [queued]>
[2024-07-17T10:12:15.297+0000] {taskinstance.py:2193} INFO - Starting attempt 1 of 2
[2024-07-17T10:12:15.308+0000] {taskinstance.py:2214} INFO - Executing <Task(PythonOperator): create_hive_table> on 2023-05-25 00:00:00+00:00
[2024-07-17T10:12:15.314+0000] {standard_task_runner.py:60} INFO - Started process 234 to run task
[2024-07-17T10:12:15.316+0000] {standard_task_runner.py:87} INFO - Running: ['***', 'tasks', 'run', 'hive_etl', 'create_hive_table', 'scheduled__2023-05-25T00:00:00+00:00', '--job-id', '2063', '--raw', '--subdir', 'DAGS_FOLDER/new.py', '--cfg-path', '/tmp/tmped8euu99']
[2024-07-17T10:12:15.317+0000] {standard_task_runner.py:88} INFO - Job 2063: Subtask create_hive_table
[2024-07-17T10:12:15.318+0000] {cli_action_loggers.py:67} DEBUG - Calling callbacks: [<function default_action_log at 0x72403de56f80>]
[2024-07-17T10:12:15.353+0000] {taskinstance.py:991} DEBUG - previous_execution_date was called
[2024-07-17T10:12:15.356+0000] {task_command.py:423} INFO - Running <TaskInstance: hive_etl.create_hive_table scheduled__2023-05-25T00:00:00+00:00 [running]> on host d0d849f06491
[2024-07-17T10:12:15.356+0000] {settings.py:386} DEBUG - Disposing DB connection pool (PID 234)
[2024-07-17T10:12:15.356+0000] {settings.py:249} DEBUG - Setting up DB connection pool (PID 234)
[2024-07-17T10:12:15.357+0000] {settings.py:318} DEBUG - settings.prepare_engine_args(): Using NullPool
[2024-07-17T10:12:15.383+0000] {taskinstance.py:991} DEBUG - previous_execution_date was called
[2024-07-17T10:12:15.384+0000] {taskinstance.py:1769} DEBUG - Clearing XCom data
[2024-07-17T10:12:15.387+0000] {retries.py:93} DEBUG - Running RenderedTaskInstanceFields.write with retries. Try 1 of 3
[2024-07-17T10:12:15.406+0000] {retries.py:93} DEBUG - Running RenderedTaskInstanceFields._do_delete_old_records with retries. Try 1 of 3
[2024-07-17T10:12:15.417+0000] {taskinstance.py:2510} INFO - Exporting env vars: AIRFLOW_CTX_DAG_OWNER='***' AIRFLOW_CTX_DAG_ID='hive_etl' AIRFLOW_CTX_TASK_ID='create_hive_table' AIRFLOW_CTX_EXECUTION_DATE='2023-05-25T00:00:00+00:00' AIRFLOW_CTX_TRY_NUMBER='1' AIRFLOW_CTX_DAG_RUN_ID='scheduled__2023-05-25T00:00:00+00:00'
[2024-07-17T10:12:15.417+0000] {__init__.py:115} DEBUG - Preparing lineage inlets and outlets
[2024-07-17T10:12:15.417+0000] {__init__.py:154} DEBUG - inlets: [], outlets: []
[2024-07-17T10:12:15.477+0000] {hive.py:609} DEBUG - TOpenSessionResp(status=TStatus(statusCode=0, infoMessages=None, sqlState=None, errorCode=None, errorMessage=None), serverProtocolVersion=5, sessionHandle=TSessionHandle(sessionId=THandleIdentifier(guid=b'\xb7\xd2\x85\xfa\xd3)K*\x87\xb3\x84\xf8\xa9G\x85k', secret=b'\xcclS#c9BD\x87\xee\x15\xe2\xa6\xa9\xdf\x90')), configuration={'hive.server2.thrift.resultset.default.fetch.size': '1000'})
[2024-07-17T10:12:15.478+0000] {hive.py:475} INFO - USE `default`
[2024-07-17T10:12:15.478+0000] {hive.py:479} DEBUG - TExecuteStatementReq(sessionHandle=TSessionHandle(sessionId=THandleIdentifier(guid=b'\xb7\xd2\x85\xfa\xd3)K*\x87\xb3\x84\xf8\xa9G\x85k', secret=b'\xcclS#c9BD\x87\xee\x15\xe2\xa6\xa9\xdf\x90')), statement='USE `default`', confOverlay=None, runAsync=False, queryTimeout=0)
[2024-07-17T10:12:15.515+0000] {hive.py:609} DEBUG - TExecuteStatementResp(status=TStatus(statusCode=0, infoMessages=None, sqlState=None, errorCode=None, errorMessage=None), operationHandle=TOperationHandle(operationId=THandleIdentifier(guid=b'\xba\xf4*\xea*\xc5E=\xbe\xb9$.\xcf\x1d\x12\x86', secret=b'e\x1aL\xb2^7Fm\xb6\x1c\xd4\xe5\xed\xcb\xfe\xe3'), operationType=0, hasResultSet=False, modifiedRowCount=None))
[2024-07-17T10:12:15.516+0000] {hive.py:609} DEBUG - TCloseOperationResp(status=TStatus(statusCode=0, infoMessages=None, sqlState=None, errorCode=None, errorMessage=None))
[2024-07-17T10:12:15.517+0000] {hive.py:475} INFO - 
    CREATE TABLE IF NOT EXISTS my_table (
        id INT,
        name STRING
    )
    ROW FORMAT DELIMITED
    FIELDS TERMINATED BY ','
    STORED AS TEXTFILE
    
[2024-07-17T10:12:15.517+0000] {hive.py:479} DEBUG - TExecuteStatementReq(sessionHandle=TSessionHandle(sessionId=THandleIdentifier(guid=b'\xb7\xd2\x85\xfa\xd3)K*\x87\xb3\x84\xf8\xa9G\x85k', secret=b'\xcclS#c9BD\x87\xee\x15\xe2\xa6\xa9\xdf\x90')), statement="\n    CREATE TABLE IF NOT EXISTS my_table (\n        id INT,\n        name STRING\n    )\n    ROW FORMAT DELIMITED\n    FIELDS TERMINATED BY ','\n    STORED AS TEXTFILE\n    ", confOverlay=None, runAsync=False, queryTimeout=0)
[2024-07-17T10:12:15.553+0000] {hive.py:609} DEBUG - TExecuteStatementResp(status=TStatus(statusCode=0, infoMessages=None, sqlState=None, errorCode=None, errorMessage=None), operationHandle=TOperationHandle(operationId=THandleIdentifier(guid=b"\xa2('\xf4\xb9\xb0M\x14\xa9\x04\x8d5\x87\xc0\xebO", secret=b"'\xa16\x82\xb3yK\x16\x80\xb2\n\x8e(1 \x14"), operationType=0, hasResultSet=False, modifiedRowCount=None))
[2024-07-17T10:12:15.558+0000] {hive.py:609} DEBUG - TCloseSessionResp(status=TStatus(statusCode=0, infoMessages=None, sqlState=None, errorCode=None, errorMessage=None))
[2024-07-17T10:12:15.558+0000] {python.py:202} INFO - Done. Returned value was: None
[2024-07-17T10:12:15.559+0000] {__init__.py:73} DEBUG - Lineage called with inlets: [], outlets: []
[2024-07-17T10:12:15.568+0000] {taskinstance.py:549} DEBUG - Clearing next_method and next_kwargs.
[2024-07-17T10:12:15.569+0000] {taskinstance.py:1149} INFO - Marking task as SUCCESS. dag_id=hive_etl, task_id=create_hive_table, execution_date=20230525T000000, start_date=20240717T101215, end_date=20240717T101215
[2024-07-17T10:12:15.569+0000] {taskinstance.py:527} DEBUG - Task Duration set to 0.279732
[2024-07-17T10:12:15.578+0000] {cli_action_loggers.py:85} DEBUG - Calling callbacks: []
[2024-07-17T10:12:15.608+0000] {local_task_job_runner.py:234} INFO - Task exited with return code 0
[2024-07-17T10:12:15.623+0000] {dagrun.py:876} DEBUG - number of tis tasks for <DagRun hive_etl @ 2023-05-25 00:00:00+00:00: scheduled__2023-05-25T00:00:00+00:00, state:running, queued_at: 2024-07-17 10:12:11.746987+00:00. externally triggered: False>: 3 task(s)
[2024-07-17T10:12:15.624+0000] {dagrun.py:897} DEBUG - number of scheduleable tasks for <DagRun hive_etl @ 2023-05-25 00:00:00+00:00: scheduled__2023-05-25T00:00:00+00:00, state:running, queued_at: 2024-07-17 10:12:11.746987+00:00. externally triggered: False>: 2 task(s)
[2024-07-17T10:12:15.625+0000] {taskinstance.py:1988} DEBUG - <TaskInstance: hive_etl.load_data_into_hive scheduled__2023-05-25T00:00:00+00:00 [None]> dependency 'Previous Dagrun State' PASSED: True, The task did not have depends_on_past set.
[2024-07-17T10:12:15.625+0000] {taskinstance.py:1988} DEBUG - <TaskInstance: hive_etl.load_data_into_hive scheduled__2023-05-25T00:00:00+00:00 [None]> dependency 'Not In Retry Period' PASSED: True, The task instance was not marked for retrying.
[2024-07-17T10:12:15.625+0000] {taskinstance.py:1979} DEBUG - Dependencies all met for dep_context=None ti=<TaskInstance: hive_etl.load_data_into_hive scheduled__2023-05-25T00:00:00+00:00 [None]>
[2024-07-17T10:12:15.626+0000] {taskinstance.py:1988} DEBUG - <TaskInstance: hive_etl.end scheduled__2023-05-25T00:00:00+00:00 [None]> dependency 'Trigger Rule' PASSED: False, Task's trigger rule 'all_success' requires all upstream tasks to have succeeded, but found 1 non-success(es). upstream_states=_UpstreamTIStates(success=0, skipped=0, failed=0, upstream_failed=0, removed=0, done=0, success_setup=0, skipped_setup=0), upstream_task_ids={'load_data_into_hive'}
[2024-07-17T10:12:15.626+0000] {taskinstance.py:1969} DEBUG - Dependencies not met for <TaskInstance: hive_etl.end scheduled__2023-05-25T00:00:00+00:00 [None]>, dependency 'Trigger Rule' FAILED: Task's trigger rule 'all_success' requires all upstream tasks to have succeeded, but found 1 non-success(es). upstream_states=_UpstreamTIStates(success=0, skipped=0, failed=0, upstream_failed=0, removed=0, done=0, success_setup=0, skipped_setup=0), upstream_task_ids={'load_data_into_hive'}
[2024-07-17T10:12:15.626+0000] {taskinstance.py:1988} DEBUG - <TaskInstance: hive_etl.end scheduled__2023-05-25T00:00:00+00:00 [None]> dependency 'Previous Dagrun State' PASSED: True, The task did not have depends_on_past set.
[2024-07-17T10:12:15.626+0000] {taskinstance.py:1988} DEBUG - <TaskInstance: hive_etl.end scheduled__2023-05-25T00:00:00+00:00 [None]> dependency 'Not In Retry Period' PASSED: True, The task instance was not marked for retrying.
[2024-07-17T10:12:15.633+0000] {taskinstance.py:3309} INFO - 1 downstream tasks scheduled from follow-on schedule check
