[2024-07-17T14:08:50.858+0000] {taskinstance.py:991} DEBUG - previous_execution_date was called
[2024-07-17T14:08:50.928+0000] {__init__.py:54} DEBUG - Loading core task runner: StandardTaskRunner
[2024-07-17T14:08:50.987+0000] {taskinstance.py:991} DEBUG - previous_execution_date was called
[2024-07-17T14:08:50.998+0000] {base_task_runner.py:72} DEBUG - Planning to run as the  user
[2024-07-17T14:08:51.062+0000] {taskinstance.py:1988} DEBUG - <TaskInstance: hive_etl.extract_from_mysql scheduled__2023-05-29T00:00:00+00:00 [queued]> dependency 'Task Instance State' PASSED: True, Task state queued was valid.
[2024-07-17T14:08:51.062+0000] {taskinstance.py:1988} DEBUG - <TaskInstance: hive_etl.extract_from_mysql scheduled__2023-05-29T00:00:00+00:00 [queued]> dependency 'Not In Retry Period' PASSED: True, The task instance was not marked for retrying.
[2024-07-17T14:08:51.063+0000] {taskinstance.py:1988} DEBUG - <TaskInstance: hive_etl.extract_from_mysql scheduled__2023-05-29T00:00:00+00:00 [queued]> dependency 'Previous Dagrun State' PASSED: True, The task did not have depends_on_past set.
[2024-07-17T14:08:51.073+0000] {taskinstance.py:1988} DEBUG - <TaskInstance: hive_etl.extract_from_mysql scheduled__2023-05-29T00:00:00+00:00 [queued]> dependency 'Task Instance Not Running' PASSED: True, Task is not in running state.
[2024-07-17T14:08:51.073+0000] {taskinstance.py:1979} INFO - Dependencies all met for dep_context=non-requeueable deps ti=<TaskInstance: hive_etl.extract_from_mysql scheduled__2023-05-29T00:00:00+00:00 [queued]>
[2024-07-17T14:08:51.078+0000] {taskinstance.py:1988} DEBUG - <TaskInstance: hive_etl.extract_from_mysql scheduled__2023-05-29T00:00:00+00:00 [queued]> dependency 'Not In Retry Period' PASSED: True, The task instance was not marked for retrying.
[2024-07-17T14:08:51.079+0000] {taskinstance.py:1988} DEBUG - <TaskInstance: hive_etl.extract_from_mysql scheduled__2023-05-29T00:00:00+00:00 [queued]> dependency 'Previous Dagrun State' PASSED: True, The task did not have depends_on_past set.
[2024-07-17T14:08:51.087+0000] {taskinstance.py:1988} DEBUG - <TaskInstance: hive_etl.extract_from_mysql scheduled__2023-05-29T00:00:00+00:00 [queued]> dependency 'Pool Slots Available' PASSED: True, There are enough open slots in default_pool to execute the task
[2024-07-17T14:08:51.087+0000] {taskinstance.py:1988} DEBUG - <TaskInstance: hive_etl.extract_from_mysql scheduled__2023-05-29T00:00:00+00:00 [queued]> dependency 'Task Concurrency' PASSED: True, Task concurrency is not set.
[2024-07-17T14:08:51.091+0000] {taskinstance.py:1979} INFO - Dependencies all met for dep_context=requeueable deps ti=<TaskInstance: hive_etl.extract_from_mysql scheduled__2023-05-29T00:00:00+00:00 [queued]>
[2024-07-17T14:08:51.092+0000] {taskinstance.py:2193} INFO - Starting attempt 1 of 2
[2024-07-17T14:08:51.129+0000] {taskinstance.py:2214} INFO - Executing <Task(PythonOperator): extract_from_mysql> on 2023-05-29 00:00:00+00:00
[2024-07-17T14:08:51.139+0000] {standard_task_runner.py:60} INFO - Started process 88 to run task
[2024-07-17T14:08:51.144+0000] {standard_task_runner.py:87} INFO - Running: ['***', 'tasks', 'run', 'hive_etl', 'extract_from_mysql', 'scheduled__2023-05-29T00:00:00+00:00', '--job-id', '2092', '--raw', '--subdir', 'DAGS_FOLDER/new.py', '--cfg-path', '/tmp/tmp_z2_anjv']
[2024-07-17T14:08:51.147+0000] {standard_task_runner.py:88} INFO - Job 2092: Subtask extract_from_mysql
[2024-07-17T14:08:51.149+0000] {cli_action_loggers.py:67} DEBUG - Calling callbacks: [<function default_action_log at 0x729089756f80>]
[2024-07-17T14:08:51.288+0000] {taskinstance.py:991} DEBUG - previous_execution_date was called
[2024-07-17T14:08:51.292+0000] {task_command.py:423} INFO - Running <TaskInstance: hive_etl.extract_from_mysql scheduled__2023-05-29T00:00:00+00:00 [running]> on host 8c50a8ad787d
[2024-07-17T14:08:51.293+0000] {settings.py:386} DEBUG - Disposing DB connection pool (PID 88)
[2024-07-17T14:08:51.294+0000] {settings.py:249} DEBUG - Setting up DB connection pool (PID 88)
[2024-07-17T14:08:51.294+0000] {settings.py:318} DEBUG - settings.prepare_engine_args(): Using NullPool
[2024-07-17T14:08:51.394+0000] {taskinstance.py:991} DEBUG - previous_execution_date was called
[2024-07-17T14:08:51.397+0000] {taskinstance.py:1769} DEBUG - Clearing XCom data
[2024-07-17T14:08:51.406+0000] {retries.py:93} DEBUG - Running RenderedTaskInstanceFields.write with retries. Try 1 of 3
[2024-07-17T14:08:51.480+0000] {retries.py:93} DEBUG - Running RenderedTaskInstanceFields._do_delete_old_records with retries. Try 1 of 3
[2024-07-17T14:08:51.520+0000] {taskinstance.py:2510} INFO - Exporting env vars: AIRFLOW_CTX_DAG_OWNER='***' AIRFLOW_CTX_DAG_ID='hive_etl' AIRFLOW_CTX_TASK_ID='extract_from_mysql' AIRFLOW_CTX_EXECUTION_DATE='2023-05-29T00:00:00+00:00' AIRFLOW_CTX_TRY_NUMBER='1' AIRFLOW_CTX_DAG_RUN_ID='scheduled__2023-05-29T00:00:00+00:00'
[2024-07-17T14:08:51.523+0000] {__init__.py:115} DEBUG - Preparing lineage inlets and outlets
[2024-07-17T14:08:51.534+0000] {__init__.py:154} DEBUG - inlets: [], outlets: []
[2024-07-17T14:08:51.555+0000] {base.py:83} INFO - Using connection ID 'mysql_default' for task execution.
[2024-07-17T14:08:56.279+0000] {job.py:209} DEBUG - [heartbeat]
[2024-07-17T14:09:01.328+0000] {job.py:209} DEBUG - [heartbeat]
[2024-07-17T14:09:06.394+0000] {job.py:209} DEBUG - [heartbeat]
[2024-07-17T14:09:11.467+0000] {job.py:209} DEBUG - [heartbeat]
[2024-07-17T14:09:16.554+0000] {job.py:209} DEBUG - [heartbeat]
[2024-07-17T14:09:22.470+0000] {job.py:209} DEBUG - [heartbeat]
[2024-07-17T14:09:30.344+0000] {job.py:209} DEBUG - [heartbeat]
