[2024-07-17T09:44:24.449+0000] {taskinstance.py:991} DEBUG - previous_execution_date was called
[2024-07-17T09:44:24.461+0000] {__init__.py:54} DEBUG - Loading core task runner: StandardTaskRunner
[2024-07-17T09:44:24.475+0000] {taskinstance.py:991} DEBUG - previous_execution_date was called
[2024-07-17T09:44:24.478+0000] {base_task_runner.py:72} DEBUG - Planning to run as the  user
[2024-07-17T09:44:24.503+0000] {taskinstance.py:1988} DEBUG - <TaskInstance: hive_etl.create_hive_table scheduled__2023-04-20T00:00:00+00:00 [queued]> dependency 'Task Instance State' PASSED: True, Task state queued was valid.
[2024-07-17T09:44:24.512+0000] {taskinstance.py:1988} DEBUG - <TaskInstance: hive_etl.create_hive_table scheduled__2023-04-20T00:00:00+00:00 [queued]> dependency 'Previous Dagrun State' PASSED: True, The task did not have depends_on_past set.
[2024-07-17T09:44:24.512+0000] {taskinstance.py:1988} DEBUG - <TaskInstance: hive_etl.create_hive_table scheduled__2023-04-20T00:00:00+00:00 [queued]> dependency 'Task Instance Not Running' PASSED: True, Task is not in running state.
[2024-07-17T09:44:24.513+0000] {taskinstance.py:1988} DEBUG - <TaskInstance: hive_etl.create_hive_table scheduled__2023-04-20T00:00:00+00:00 [queued]> dependency 'Not In Retry Period' PASSED: True, The task instance was not marked for retrying.
[2024-07-17T09:44:24.513+0000] {taskinstance.py:1979} INFO - Dependencies all met for dep_context=non-requeueable deps ti=<TaskInstance: hive_etl.create_hive_table scheduled__2023-04-20T00:00:00+00:00 [queued]>
[2024-07-17T09:44:24.519+0000] {taskinstance.py:1988} DEBUG - <TaskInstance: hive_etl.create_hive_table scheduled__2023-04-20T00:00:00+00:00 [queued]> dependency 'Previous Dagrun State' PASSED: True, The task did not have depends_on_past set.
[2024-07-17T09:44:24.524+0000] {taskinstance.py:1988} DEBUG - <TaskInstance: hive_etl.create_hive_table scheduled__2023-04-20T00:00:00+00:00 [queued]> dependency 'Pool Slots Available' PASSED: True, There are enough open slots in default_pool to execute the task
[2024-07-17T09:44:24.524+0000] {taskinstance.py:1988} DEBUG - <TaskInstance: hive_etl.create_hive_table scheduled__2023-04-20T00:00:00+00:00 [queued]> dependency 'Task Concurrency' PASSED: True, Task concurrency is not set.
[2024-07-17T09:44:24.525+0000] {taskinstance.py:1988} DEBUG - <TaskInstance: hive_etl.create_hive_table scheduled__2023-04-20T00:00:00+00:00 [queued]> dependency 'Not In Retry Period' PASSED: True, The task instance was not marked for retrying.
[2024-07-17T09:44:24.525+0000] {taskinstance.py:1979} INFO - Dependencies all met for dep_context=requeueable deps ti=<TaskInstance: hive_etl.create_hive_table scheduled__2023-04-20T00:00:00+00:00 [queued]>
[2024-07-17T09:44:24.525+0000] {taskinstance.py:2193} INFO - Starting attempt 1 of 2
[2024-07-17T09:44:24.543+0000] {taskinstance.py:2214} INFO - Executing <Task(PythonOperator): create_hive_table> on 2023-04-20 00:00:00+00:00
[2024-07-17T09:44:24.552+0000] {standard_task_runner.py:60} INFO - Started process 172 to run task
[2024-07-17T09:44:24.555+0000] {standard_task_runner.py:87} INFO - Running: ['***', 'tasks', 'run', 'hive_etl', 'create_hive_table', 'scheduled__2023-04-20T00:00:00+00:00', '--job-id', '1851', '--raw', '--subdir', 'DAGS_FOLDER/new.py', '--cfg-path', '/tmp/tmptcx7wye2']
[2024-07-17T09:44:24.556+0000] {standard_task_runner.py:88} INFO - Job 1851: Subtask create_hive_table
[2024-07-17T09:44:24.557+0000] {cli_action_loggers.py:67} DEBUG - Calling callbacks: [<function default_action_log at 0x7a4457f56f80>]
[2024-07-17T09:44:24.604+0000] {taskinstance.py:991} DEBUG - previous_execution_date was called
[2024-07-17T09:44:24.608+0000] {task_command.py:423} INFO - Running <TaskInstance: hive_etl.create_hive_table scheduled__2023-04-20T00:00:00+00:00 [running]> on host d0d849f06491
[2024-07-17T09:44:24.609+0000] {settings.py:386} DEBUG - Disposing DB connection pool (PID 172)
[2024-07-17T09:44:24.609+0000] {settings.py:249} DEBUG - Setting up DB connection pool (PID 172)
[2024-07-17T09:44:24.609+0000] {settings.py:318} DEBUG - settings.prepare_engine_args(): Using NullPool
[2024-07-17T09:44:24.648+0000] {taskinstance.py:991} DEBUG - previous_execution_date was called
[2024-07-17T09:44:24.650+0000] {taskinstance.py:1769} DEBUG - Clearing XCom data
[2024-07-17T09:44:24.654+0000] {retries.py:93} DEBUG - Running RenderedTaskInstanceFields.write with retries. Try 1 of 3
[2024-07-17T09:44:24.680+0000] {retries.py:93} DEBUG - Running RenderedTaskInstanceFields._do_delete_old_records with retries. Try 1 of 3
[2024-07-17T09:44:24.693+0000] {taskinstance.py:2510} INFO - Exporting env vars: AIRFLOW_CTX_DAG_OWNER='***' AIRFLOW_CTX_DAG_ID='hive_etl' AIRFLOW_CTX_TASK_ID='create_hive_table' AIRFLOW_CTX_EXECUTION_DATE='2023-04-20T00:00:00+00:00' AIRFLOW_CTX_TRY_NUMBER='1' AIRFLOW_CTX_DAG_RUN_ID='scheduled__2023-04-20T00:00:00+00:00'
[2024-07-17T09:44:24.693+0000] {__init__.py:115} DEBUG - Preparing lineage inlets and outlets
[2024-07-17T09:44:24.694+0000] {__init__.py:154} DEBUG - inlets: [], outlets: []
[2024-07-17T09:44:24.775+0000] {hive.py:609} DEBUG - TOpenSessionResp(status=TStatus(statusCode=0, infoMessages=None, sqlState=None, errorCode=None, errorMessage=None), serverProtocolVersion=5, sessionHandle=TSessionHandle(sessionId=THandleIdentifier(guid=b'\x03v\x9fJ\x03\xe6@8\xb3/\xb8a\x1a\xdc\xdbG', secret=b'\xdavm\xed\x05\xb6I\xfa\x8e`\xff:\xe7\x1e\xf6\xb5')), configuration={'hive.server2.thrift.resultset.default.fetch.size': '1000'})
[2024-07-17T09:44:24.776+0000] {hive.py:475} INFO - USE `default`
[2024-07-17T09:44:24.776+0000] {hive.py:479} DEBUG - TExecuteStatementReq(sessionHandle=TSessionHandle(sessionId=THandleIdentifier(guid=b'\x03v\x9fJ\x03\xe6@8\xb3/\xb8a\x1a\xdc\xdbG', secret=b'\xdavm\xed\x05\xb6I\xfa\x8e`\xff:\xe7\x1e\xf6\xb5')), statement='USE `default`', confOverlay=None, runAsync=False, queryTimeout=0)
[2024-07-17T09:44:25.360+0000] {hive.py:609} DEBUG - TExecuteStatementResp(status=TStatus(statusCode=0, infoMessages=None, sqlState=None, errorCode=None, errorMessage=None), operationHandle=TOperationHandle(operationId=THandleIdentifier(guid=b'\x81\xf8\x911:\xf9L\xc6\x81BX9\x18#6\x83', secret=b'\xb3|\xa90\xf0\xe1HU\xbc\xb0\x89:\x9a\x88\xdf\xb7'), operationType=0, hasResultSet=False, modifiedRowCount=None))
[2024-07-17T09:44:25.361+0000] {hive.py:609} DEBUG - TCloseOperationResp(status=TStatus(statusCode=0, infoMessages=None, sqlState=None, errorCode=None, errorMessage=None))
[2024-07-17T09:44:25.362+0000] {hive.py:475} INFO - 
    CREATE TABLE IF NOT EXISTS my_table (
        id INT,
        name STRING
    )
    ROW FORMAT DELIMITED
    FIELDS TERMINATED BY ','
    STORED AS TEXTFILE
    
[2024-07-17T09:44:25.362+0000] {hive.py:479} DEBUG - TExecuteStatementReq(sessionHandle=TSessionHandle(sessionId=THandleIdentifier(guid=b'\x03v\x9fJ\x03\xe6@8\xb3/\xb8a\x1a\xdc\xdbG', secret=b'\xdavm\xed\x05\xb6I\xfa\x8e`\xff:\xe7\x1e\xf6\xb5')), statement="\n    CREATE TABLE IF NOT EXISTS my_table (\n        id INT,\n        name STRING\n    )\n    ROW FORMAT DELIMITED\n    FIELDS TERMINATED BY ','\n    STORED AS TEXTFILE\n    ", confOverlay=None, runAsync=False, queryTimeout=0)
[2024-07-17T09:44:28.124+0000] {hive.py:609} DEBUG - TExecuteStatementResp(status=TStatus(statusCode=0, infoMessages=None, sqlState=None, errorCode=None, errorMessage=None), operationHandle=TOperationHandle(operationId=THandleIdentifier(guid=b'\x96\xf3S\xab\xd8\x97O\xb9\x97f\xa8\xe4\xb1\r\xb2D', secret=b'\xbf\xfd\x9d\x1a\x07\xb8C\xa1\xbe8\xec\xd0^\x1c7j'), operationType=0, hasResultSet=False, modifiedRowCount=None))
[2024-07-17T09:44:28.145+0000] {hive.py:609} DEBUG - TCloseSessionResp(status=TStatus(statusCode=0, infoMessages=None, sqlState=None, errorCode=None, errorMessage=None))
[2024-07-17T09:44:28.148+0000] {python.py:202} INFO - Done. Returned value was: None
[2024-07-17T09:44:28.150+0000] {__init__.py:73} DEBUG - Lineage called with inlets: [], outlets: []
[2024-07-17T09:44:28.171+0000] {taskinstance.py:549} DEBUG - Clearing next_method and next_kwargs.
[2024-07-17T09:44:28.172+0000] {taskinstance.py:1149} INFO - Marking task as SUCCESS. dag_id=hive_etl, task_id=create_hive_table, execution_date=20230420T000000, start_date=20240717T094424, end_date=20240717T094428
[2024-07-17T09:44:28.173+0000] {taskinstance.py:527} DEBUG - Task Duration set to 3.658999
[2024-07-17T09:44:28.232+0000] {cli_action_loggers.py:85} DEBUG - Calling callbacks: []
[2024-07-17T09:44:28.267+0000] {local_task_job_runner.py:234} INFO - Task exited with return code 0
[2024-07-17T09:44:28.503+0000] {dagrun.py:876} DEBUG - number of tis tasks for <DagRun hive_etl @ 2023-04-20 00:00:00+00:00: scheduled__2023-04-20T00:00:00+00:00, state:running, queued_at: 2024-07-17 09:44:19.335799+00:00. externally triggered: False>: 3 task(s)
[2024-07-17T09:44:28.504+0000] {dagrun.py:897} DEBUG - number of scheduleable tasks for <DagRun hive_etl @ 2023-04-20 00:00:00+00:00: scheduled__2023-04-20T00:00:00+00:00, state:running, queued_at: 2024-07-17 09:44:19.335799+00:00. externally triggered: False>: 1 task(s)
[2024-07-17T09:44:28.505+0000] {taskinstance.py:1988} DEBUG - <TaskInstance: hive_etl.end scheduled__2023-04-20T00:00:00+00:00 [None]> dependency 'Trigger Rule' PASSED: False, Task's trigger rule 'all_success' requires all upstream tasks to have succeeded, but found 1 non-success(es). upstream_states=_UpstreamTIStates(success=0, skipped=0, failed=0, upstream_failed=0, removed=0, done=0, success_setup=0, skipped_setup=0), upstream_task_ids={'load_data_into_hive'}
[2024-07-17T09:44:28.505+0000] {taskinstance.py:1969} DEBUG - Dependencies not met for <TaskInstance: hive_etl.end scheduled__2023-04-20T00:00:00+00:00 [None]>, dependency 'Trigger Rule' FAILED: Task's trigger rule 'all_success' requires all upstream tasks to have succeeded, but found 1 non-success(es). upstream_states=_UpstreamTIStates(success=0, skipped=0, failed=0, upstream_failed=0, removed=0, done=0, success_setup=0, skipped_setup=0), upstream_task_ids={'load_data_into_hive'}
[2024-07-17T09:44:28.505+0000] {taskinstance.py:1988} DEBUG - <TaskInstance: hive_etl.end scheduled__2023-04-20T00:00:00+00:00 [None]> dependency 'Previous Dagrun State' PASSED: True, The task did not have depends_on_past set.
[2024-07-17T09:44:28.506+0000] {taskinstance.py:1988} DEBUG - <TaskInstance: hive_etl.end scheduled__2023-04-20T00:00:00+00:00 [None]> dependency 'Not In Retry Period' PASSED: True, The task instance was not marked for retrying.
[2024-07-17T09:44:28.516+0000] {taskinstance.py:3309} INFO - 0 downstream tasks scheduled from follow-on schedule check
