[2024-07-17T14:32:43.781+0000] {taskinstance.py:991} DEBUG - previous_execution_date was called
[2024-07-17T14:32:43.801+0000] {__init__.py:54} DEBUG - Loading core task runner: StandardTaskRunner
[2024-07-17T14:32:43.826+0000] {taskinstance.py:991} DEBUG - previous_execution_date was called
[2024-07-17T14:32:43.831+0000] {base_task_runner.py:72} DEBUG - Planning to run as the  user
[2024-07-17T14:32:43.870+0000] {taskinstance.py:1988} DEBUG - <TaskInstance: hive_etl.extract_from_mysql scheduled__2023-06-28T00:00:00+00:00 [queued]> dependency 'Task Instance Not Running' PASSED: True, Task is not in running state.
[2024-07-17T14:32:43.871+0000] {taskinstance.py:1988} DEBUG - <TaskInstance: hive_etl.extract_from_mysql scheduled__2023-06-28T00:00:00+00:00 [queued]> dependency 'Previous Dagrun State' PASSED: True, The task did not have depends_on_past set.
[2024-07-17T14:32:43.884+0000] {taskinstance.py:1988} DEBUG - <TaskInstance: hive_etl.extract_from_mysql scheduled__2023-06-28T00:00:00+00:00 [queued]> dependency 'Not In Retry Period' PASSED: True, The task instance was not marked for retrying.
[2024-07-17T14:32:43.885+0000] {taskinstance.py:1988} DEBUG - <TaskInstance: hive_etl.extract_from_mysql scheduled__2023-06-28T00:00:00+00:00 [queued]> dependency 'Task Instance State' PASSED: True, Task state queued was valid.
[2024-07-17T14:32:43.885+0000] {taskinstance.py:1979} INFO - Dependencies all met for dep_context=non-requeueable deps ti=<TaskInstance: hive_etl.extract_from_mysql scheduled__2023-06-28T00:00:00+00:00 [queued]>
[2024-07-17T14:32:43.886+0000] {taskinstance.py:1988} DEBUG - <TaskInstance: hive_etl.extract_from_mysql scheduled__2023-06-28T00:00:00+00:00 [queued]> dependency 'Previous Dagrun State' PASSED: True, The task did not have depends_on_past set.
[2024-07-17T14:32:43.891+0000] {taskinstance.py:1988} DEBUG - <TaskInstance: hive_etl.extract_from_mysql scheduled__2023-06-28T00:00:00+00:00 [queued]> dependency 'Not In Retry Period' PASSED: True, The task instance was not marked for retrying.
[2024-07-17T14:32:43.906+0000] {taskinstance.py:1988} DEBUG - <TaskInstance: hive_etl.extract_from_mysql scheduled__2023-06-28T00:00:00+00:00 [queued]> dependency 'Pool Slots Available' PASSED: True, There are enough open slots in default_pool to execute the task
[2024-07-17T14:32:43.907+0000] {taskinstance.py:1988} DEBUG - <TaskInstance: hive_etl.extract_from_mysql scheduled__2023-06-28T00:00:00+00:00 [queued]> dependency 'Task Concurrency' PASSED: True, Task concurrency is not set.
[2024-07-17T14:32:43.907+0000] {taskinstance.py:1979} INFO - Dependencies all met for dep_context=requeueable deps ti=<TaskInstance: hive_etl.extract_from_mysql scheduled__2023-06-28T00:00:00+00:00 [queued]>
[2024-07-17T14:32:43.907+0000] {taskinstance.py:2193} INFO - Starting attempt 2 of 2
[2024-07-17T14:32:43.931+0000] {taskinstance.py:2214} INFO - Executing <Task(PythonOperator): extract_from_mysql> on 2023-06-28 00:00:00+00:00
[2024-07-17T14:32:43.943+0000] {standard_task_runner.py:60} INFO - Started process 498 to run task
[2024-07-17T14:32:43.949+0000] {standard_task_runner.py:87} INFO - Running: ['***', 'tasks', 'run', 'hive_etl', 'extract_from_mysql', 'scheduled__2023-06-28T00:00:00+00:00', '--job-id', '2172', '--raw', '--subdir', 'DAGS_FOLDER/new.py', '--cfg-path', '/tmp/tmpoe047ek6']
[2024-07-17T14:32:43.952+0000] {standard_task_runner.py:88} INFO - Job 2172: Subtask extract_from_mysql
[2024-07-17T14:32:43.953+0000] {cli_action_loggers.py:67} DEBUG - Calling callbacks: [<function default_action_log at 0x763f8104af80>]
[2024-07-17T14:32:44.044+0000] {taskinstance.py:991} DEBUG - previous_execution_date was called
[2024-07-17T14:32:44.055+0000] {task_command.py:423} INFO - Running <TaskInstance: hive_etl.extract_from_mysql scheduled__2023-06-28T00:00:00+00:00 [running]> on host 8c50a8ad787d
[2024-07-17T14:32:44.056+0000] {settings.py:386} DEBUG - Disposing DB connection pool (PID 498)
[2024-07-17T14:32:44.057+0000] {settings.py:249} DEBUG - Setting up DB connection pool (PID 498)
[2024-07-17T14:32:44.058+0000] {settings.py:318} DEBUG - settings.prepare_engine_args(): Using NullPool
[2024-07-17T14:32:44.130+0000] {taskinstance.py:991} DEBUG - previous_execution_date was called
[2024-07-17T14:32:44.134+0000] {taskinstance.py:1769} DEBUG - Clearing XCom data
[2024-07-17T14:32:44.141+0000] {retries.py:93} DEBUG - Running RenderedTaskInstanceFields.write with retries. Try 1 of 3
[2024-07-17T14:32:44.176+0000] {retries.py:93} DEBUG - Running RenderedTaskInstanceFields._do_delete_old_records with retries. Try 1 of 3
[2024-07-17T14:32:44.197+0000] {taskinstance.py:2510} INFO - Exporting env vars: AIRFLOW_CTX_DAG_OWNER='***' AIRFLOW_CTX_DAG_ID='hive_etl' AIRFLOW_CTX_TASK_ID='extract_from_mysql' AIRFLOW_CTX_EXECUTION_DATE='2023-06-28T00:00:00+00:00' AIRFLOW_CTX_TRY_NUMBER='2' AIRFLOW_CTX_DAG_RUN_ID='scheduled__2023-06-28T00:00:00+00:00'
[2024-07-17T14:32:44.197+0000] {__init__.py:115} DEBUG - Preparing lineage inlets and outlets
[2024-07-17T14:32:44.199+0000] {__init__.py:154} DEBUG - inlets: [], outlets: []
[2024-07-17T14:32:44.217+0000] {base.py:83} INFO - Using connection ID 'mysql_default' for task execution.
[2024-07-17T14:32:49.016+0000] {job.py:209} DEBUG - [heartbeat]
[2024-07-17T14:32:54.152+0000] {job.py:209} DEBUG - [heartbeat]
[2024-07-17T14:33:00.719+0000] {job.py:209} DEBUG - [heartbeat]
[2024-07-17T14:33:15.768+0000] {job.py:209} DEBUG - [heartbeat]
[2024-07-17T14:33:22.519+0000] {job.py:209} DEBUG - [heartbeat]
