[2024-07-17T09:58:44.140+0000] {taskinstance.py:991} DEBUG - previous_execution_date was called
[2024-07-17T09:58:44.149+0000] {__init__.py:54} DEBUG - Loading core task runner: StandardTaskRunner
[2024-07-17T09:58:44.158+0000] {taskinstance.py:991} DEBUG - previous_execution_date was called
[2024-07-17T09:58:44.160+0000] {base_task_runner.py:72} DEBUG - Planning to run as the  user
[2024-07-17T09:58:44.175+0000] {taskinstance.py:1988} DEBUG - <TaskInstance: hive_etl.create_hive_table scheduled__2023-05-12T00:00:00+00:00 [queued]> dependency 'Previous Dagrun State' PASSED: True, The task did not have depends_on_past set.
[2024-07-17T09:58:44.180+0000] {taskinstance.py:1988} DEBUG - <TaskInstance: hive_etl.create_hive_table scheduled__2023-05-12T00:00:00+00:00 [queued]> dependency 'Task Instance Not Running' PASSED: True, Task is not in running state.
[2024-07-17T09:58:44.180+0000] {taskinstance.py:1988} DEBUG - <TaskInstance: hive_etl.create_hive_table scheduled__2023-05-12T00:00:00+00:00 [queued]> dependency 'Not In Retry Period' PASSED: True, The task instance was not marked for retrying.
[2024-07-17T09:58:44.180+0000] {taskinstance.py:1988} DEBUG - <TaskInstance: hive_etl.create_hive_table scheduled__2023-05-12T00:00:00+00:00 [queued]> dependency 'Task Instance State' PASSED: True, Task state queued was valid.
[2024-07-17T09:58:44.180+0000] {taskinstance.py:1979} INFO - Dependencies all met for dep_context=non-requeueable deps ti=<TaskInstance: hive_etl.create_hive_table scheduled__2023-05-12T00:00:00+00:00 [queued]>
[2024-07-17T09:58:44.180+0000] {taskinstance.py:1988} DEBUG - <TaskInstance: hive_etl.create_hive_table scheduled__2023-05-12T00:00:00+00:00 [queued]> dependency 'Task Concurrency' PASSED: True, Task concurrency is not set.
[2024-07-17T09:58:44.181+0000] {taskinstance.py:1988} DEBUG - <TaskInstance: hive_etl.create_hive_table scheduled__2023-05-12T00:00:00+00:00 [queued]> dependency 'Previous Dagrun State' PASSED: True, The task did not have depends_on_past set.
[2024-07-17T09:58:44.182+0000] {taskinstance.py:1988} DEBUG - <TaskInstance: hive_etl.create_hive_table scheduled__2023-05-12T00:00:00+00:00 [queued]> dependency 'Not In Retry Period' PASSED: True, The task instance was not marked for retrying.
[2024-07-17T09:58:44.186+0000] {taskinstance.py:1988} DEBUG - <TaskInstance: hive_etl.create_hive_table scheduled__2023-05-12T00:00:00+00:00 [queued]> dependency 'Pool Slots Available' PASSED: True, There are enough open slots in default_pool to execute the task
[2024-07-17T09:58:44.187+0000] {taskinstance.py:1979} INFO - Dependencies all met for dep_context=requeueable deps ti=<TaskInstance: hive_etl.create_hive_table scheduled__2023-05-12T00:00:00+00:00 [queued]>
[2024-07-17T09:58:44.187+0000] {taskinstance.py:2193} INFO - Starting attempt 1 of 2
[2024-07-17T09:58:44.197+0000] {taskinstance.py:2214} INFO - Executing <Task(PythonOperator): create_hive_table> on 2023-05-12 00:00:00+00:00
[2024-07-17T09:58:44.203+0000] {standard_task_runner.py:60} INFO - Started process 100 to run task
[2024-07-17T09:58:44.205+0000] {standard_task_runner.py:87} INFO - Running: ['***', 'tasks', 'run', 'hive_etl', 'create_hive_table', 'scheduled__2023-05-12T00:00:00+00:00', '--job-id', '1970', '--raw', '--subdir', 'DAGS_FOLDER/new.py', '--cfg-path', '/tmp/tmpj0eynqst']
[2024-07-17T09:58:44.206+0000] {standard_task_runner.py:88} INFO - Job 1970: Subtask create_hive_table
[2024-07-17T09:58:44.206+0000] {cli_action_loggers.py:67} DEBUG - Calling callbacks: [<function default_action_log at 0x74ba8524ef80>]
[2024-07-17T09:58:44.238+0000] {taskinstance.py:991} DEBUG - previous_execution_date was called
[2024-07-17T09:58:44.240+0000] {task_command.py:423} INFO - Running <TaskInstance: hive_etl.create_hive_table scheduled__2023-05-12T00:00:00+00:00 [running]> on host d0d849f06491
[2024-07-17T09:58:44.241+0000] {settings.py:386} DEBUG - Disposing DB connection pool (PID 100)
[2024-07-17T09:58:44.241+0000] {settings.py:249} DEBUG - Setting up DB connection pool (PID 100)
[2024-07-17T09:58:44.241+0000] {settings.py:318} DEBUG - settings.prepare_engine_args(): Using NullPool
[2024-07-17T09:58:44.270+0000] {taskinstance.py:991} DEBUG - previous_execution_date was called
[2024-07-17T09:58:44.272+0000] {taskinstance.py:1769} DEBUG - Clearing XCom data
[2024-07-17T09:58:44.275+0000] {retries.py:93} DEBUG - Running RenderedTaskInstanceFields.write with retries. Try 1 of 3
[2024-07-17T09:58:44.293+0000] {retries.py:93} DEBUG - Running RenderedTaskInstanceFields._do_delete_old_records with retries. Try 1 of 3
[2024-07-17T09:58:44.303+0000] {taskinstance.py:2510} INFO - Exporting env vars: AIRFLOW_CTX_DAG_OWNER='***' AIRFLOW_CTX_DAG_ID='hive_etl' AIRFLOW_CTX_TASK_ID='create_hive_table' AIRFLOW_CTX_EXECUTION_DATE='2023-05-12T00:00:00+00:00' AIRFLOW_CTX_TRY_NUMBER='1' AIRFLOW_CTX_DAG_RUN_ID='scheduled__2023-05-12T00:00:00+00:00'
[2024-07-17T09:58:44.303+0000] {__init__.py:115} DEBUG - Preparing lineage inlets and outlets
[2024-07-17T09:58:44.304+0000] {__init__.py:154} DEBUG - inlets: [], outlets: []
[2024-07-17T09:58:44.391+0000] {hive.py:609} DEBUG - TOpenSessionResp(status=TStatus(statusCode=0, infoMessages=None, sqlState=None, errorCode=None, errorMessage=None), serverProtocolVersion=5, sessionHandle=TSessionHandle(sessionId=THandleIdentifier(guid=b'dsp2\x95LNd\x9c\x17\xf8\x04\x1f\x7f\xe7\x8e', secret=b'k\x98i\xa0\xe3\x99AO\xae\x1en\xda\xc0\x12\x95\xce')), configuration={'hive.server2.thrift.resultset.default.fetch.size': '1000'})
[2024-07-17T09:58:44.392+0000] {hive.py:475} INFO - USE `default`
[2024-07-17T09:58:44.392+0000] {hive.py:479} DEBUG - TExecuteStatementReq(sessionHandle=TSessionHandle(sessionId=THandleIdentifier(guid=b'dsp2\x95LNd\x9c\x17\xf8\x04\x1f\x7f\xe7\x8e', secret=b'k\x98i\xa0\xe3\x99AO\xae\x1en\xda\xc0\x12\x95\xce')), statement='USE `default`', confOverlay=None, runAsync=False, queryTimeout=0)
[2024-07-17T09:58:44.450+0000] {hive.py:609} DEBUG - TExecuteStatementResp(status=TStatus(statusCode=0, infoMessages=None, sqlState=None, errorCode=None, errorMessage=None), operationHandle=TOperationHandle(operationId=THandleIdentifier(guid=b'#\xads\x8b\xb6OM+\x83K\x08\x1el\xf7\xa6!', secret=b'RO\xb2\xd7\xbb#H}\x8e\xfb\x13\xb6g\xbc\x94\xd2'), operationType=0, hasResultSet=False, modifiedRowCount=None))
[2024-07-17T09:58:44.451+0000] {hive.py:609} DEBUG - TCloseOperationResp(status=TStatus(statusCode=0, infoMessages=None, sqlState=None, errorCode=None, errorMessage=None))
[2024-07-17T09:58:44.452+0000] {hive.py:475} INFO - 
    CREATE TABLE IF NOT EXISTS my_table (
        id INT,
        name STRING
    )
    ROW FORMAT DELIMITED
    FIELDS TERMINATED BY ','
    STORED AS TEXTFILE
    
[2024-07-17T09:58:44.452+0000] {hive.py:479} DEBUG - TExecuteStatementReq(sessionHandle=TSessionHandle(sessionId=THandleIdentifier(guid=b'dsp2\x95LNd\x9c\x17\xf8\x04\x1f\x7f\xe7\x8e', secret=b'k\x98i\xa0\xe3\x99AO\xae\x1en\xda\xc0\x12\x95\xce')), statement="\n    CREATE TABLE IF NOT EXISTS my_table (\n        id INT,\n        name STRING\n    )\n    ROW FORMAT DELIMITED\n    FIELDS TERMINATED BY ','\n    STORED AS TEXTFILE\n    ", confOverlay=None, runAsync=False, queryTimeout=0)
[2024-07-17T09:58:44.537+0000] {hive.py:609} DEBUG - TExecuteStatementResp(status=TStatus(statusCode=0, infoMessages=None, sqlState=None, errorCode=None, errorMessage=None), operationHandle=TOperationHandle(operationId=THandleIdentifier(guid=b'\x0b\x83eV\xf06Ff\xa1\xbf\xa1\x8e\xba/ME', secret=b'\xb3\xe9<b\xec\xbb@\x96\x9f\xe2\xed\xee\x92h\xd3\xec'), operationType=0, hasResultSet=False, modifiedRowCount=None))
[2024-07-17T09:58:44.550+0000] {hive.py:609} DEBUG - TCloseSessionResp(status=TStatus(statusCode=0, infoMessages=None, sqlState=None, errorCode=None, errorMessage=None))
[2024-07-17T09:58:44.550+0000] {python.py:202} INFO - Done. Returned value was: None
[2024-07-17T09:58:44.550+0000] {__init__.py:73} DEBUG - Lineage called with inlets: [], outlets: []
[2024-07-17T09:58:44.558+0000] {taskinstance.py:549} DEBUG - Clearing next_method and next_kwargs.
[2024-07-17T09:58:44.558+0000] {taskinstance.py:1149} INFO - Marking task as SUCCESS. dag_id=hive_etl, task_id=create_hive_table, execution_date=20230512T000000, start_date=20240717T095844, end_date=20240717T095844
[2024-07-17T09:58:44.558+0000] {taskinstance.py:527} DEBUG - Task Duration set to 0.377503
[2024-07-17T09:58:44.566+0000] {cli_action_loggers.py:85} DEBUG - Calling callbacks: []
[2024-07-17T09:58:44.577+0000] {local_task_job_runner.py:234} INFO - Task exited with return code 0
[2024-07-17T09:58:44.593+0000] {dagrun.py:876} DEBUG - number of tis tasks for <DagRun hive_etl @ 2023-05-12 00:00:00+00:00: scheduled__2023-05-12T00:00:00+00:00, state:running, queued_at: 2024-07-17 09:58:40.485987+00:00. externally triggered: False>: 3 task(s)
[2024-07-17T09:58:44.593+0000] {dagrun.py:897} DEBUG - number of scheduleable tasks for <DagRun hive_etl @ 2023-05-12 00:00:00+00:00: scheduled__2023-05-12T00:00:00+00:00, state:running, queued_at: 2024-07-17 09:58:40.485987+00:00. externally triggered: False>: 2 task(s)
[2024-07-17T09:58:44.594+0000] {taskinstance.py:1988} DEBUG - <TaskInstance: hive_etl.load_data_into_hive scheduled__2023-05-12T00:00:00+00:00 [None]> dependency 'Not In Retry Period' PASSED: True, The task instance was not marked for retrying.
[2024-07-17T09:58:44.594+0000] {taskinstance.py:1988} DEBUG - <TaskInstance: hive_etl.load_data_into_hive scheduled__2023-05-12T00:00:00+00:00 [None]> dependency 'Previous Dagrun State' PASSED: True, The task did not have depends_on_past set.
[2024-07-17T09:58:44.594+0000] {taskinstance.py:1979} DEBUG - Dependencies all met for dep_context=None ti=<TaskInstance: hive_etl.load_data_into_hive scheduled__2023-05-12T00:00:00+00:00 [None]>
[2024-07-17T09:58:44.594+0000] {taskinstance.py:1988} DEBUG - <TaskInstance: hive_etl.end scheduled__2023-05-12T00:00:00+00:00 [None]> dependency 'Trigger Rule' PASSED: False, Task's trigger rule 'all_success' requires all upstream tasks to have succeeded, but found 1 non-success(es). upstream_states=_UpstreamTIStates(success=0, skipped=0, failed=0, upstream_failed=0, removed=0, done=0, success_setup=0, skipped_setup=0), upstream_task_ids={'load_data_into_hive'}
[2024-07-17T09:58:44.595+0000] {taskinstance.py:1969} DEBUG - Dependencies not met for <TaskInstance: hive_etl.end scheduled__2023-05-12T00:00:00+00:00 [None]>, dependency 'Trigger Rule' FAILED: Task's trigger rule 'all_success' requires all upstream tasks to have succeeded, but found 1 non-success(es). upstream_states=_UpstreamTIStates(success=0, skipped=0, failed=0, upstream_failed=0, removed=0, done=0, success_setup=0, skipped_setup=0), upstream_task_ids={'load_data_into_hive'}
[2024-07-17T09:58:44.595+0000] {taskinstance.py:1988} DEBUG - <TaskInstance: hive_etl.end scheduled__2023-05-12T00:00:00+00:00 [None]> dependency 'Not In Retry Period' PASSED: True, The task instance was not marked for retrying.
[2024-07-17T09:58:44.595+0000] {taskinstance.py:1988} DEBUG - <TaskInstance: hive_etl.end scheduled__2023-05-12T00:00:00+00:00 [None]> dependency 'Previous Dagrun State' PASSED: True, The task did not have depends_on_past set.
[2024-07-17T09:58:44.602+0000] {taskinstance.py:3309} INFO - 1 downstream tasks scheduled from follow-on schedule check
