[2024-07-17T14:32:09.144+0000] {taskinstance.py:991} DEBUG - previous_execution_date was called
[2024-07-17T14:32:09.154+0000] {__init__.py:54} DEBUG - Loading core task runner: StandardTaskRunner
[2024-07-17T14:32:09.163+0000] {taskinstance.py:991} DEBUG - previous_execution_date was called
[2024-07-17T14:32:09.165+0000] {base_task_runner.py:72} DEBUG - Planning to run as the  user
[2024-07-17T14:32:09.182+0000] {taskinstance.py:1988} DEBUG - <TaskInstance: hive_etl.extract_from_mysql scheduled__2023-06-24T00:00:00+00:00 [queued]> dependency 'Task Instance Not Running' PASSED: True, Task is not in running state.
[2024-07-17T14:32:09.182+0000] {taskinstance.py:1988} DEBUG - <TaskInstance: hive_etl.extract_from_mysql scheduled__2023-06-24T00:00:00+00:00 [queued]> dependency 'Previous Dagrun State' PASSED: True, The task did not have depends_on_past set.
[2024-07-17T14:32:09.187+0000] {taskinstance.py:1988} DEBUG - <TaskInstance: hive_etl.extract_from_mysql scheduled__2023-06-24T00:00:00+00:00 [queued]> dependency 'Not In Retry Period' PASSED: True, The task instance was not marked for retrying.
[2024-07-17T14:32:09.188+0000] {taskinstance.py:1988} DEBUG - <TaskInstance: hive_etl.extract_from_mysql scheduled__2023-06-24T00:00:00+00:00 [queued]> dependency 'Task Instance State' PASSED: True, Task state queued was valid.
[2024-07-17T14:32:09.188+0000] {taskinstance.py:1979} INFO - Dependencies all met for dep_context=non-requeueable deps ti=<TaskInstance: hive_etl.extract_from_mysql scheduled__2023-06-24T00:00:00+00:00 [queued]>
[2024-07-17T14:32:09.188+0000] {taskinstance.py:1988} DEBUG - <TaskInstance: hive_etl.extract_from_mysql scheduled__2023-06-24T00:00:00+00:00 [queued]> dependency 'Previous Dagrun State' PASSED: True, The task did not have depends_on_past set.
[2024-07-17T14:32:09.190+0000] {taskinstance.py:1988} DEBUG - <TaskInstance: hive_etl.extract_from_mysql scheduled__2023-06-24T00:00:00+00:00 [queued]> dependency 'Not In Retry Period' PASSED: True, The task instance was not marked for retrying.
[2024-07-17T14:32:09.195+0000] {taskinstance.py:1988} DEBUG - <TaskInstance: hive_etl.extract_from_mysql scheduled__2023-06-24T00:00:00+00:00 [queued]> dependency 'Pool Slots Available' PASSED: True, There are enough open slots in default_pool to execute the task
[2024-07-17T14:32:09.196+0000] {taskinstance.py:1988} DEBUG - <TaskInstance: hive_etl.extract_from_mysql scheduled__2023-06-24T00:00:00+00:00 [queued]> dependency 'Task Concurrency' PASSED: True, Task concurrency is not set.
[2024-07-17T14:32:09.196+0000] {taskinstance.py:1979} INFO - Dependencies all met for dep_context=requeueable deps ti=<TaskInstance: hive_etl.extract_from_mysql scheduled__2023-06-24T00:00:00+00:00 [queued]>
[2024-07-17T14:32:09.196+0000] {taskinstance.py:2193} INFO - Starting attempt 2 of 2
[2024-07-17T14:32:09.207+0000] {taskinstance.py:2214} INFO - Executing <Task(PythonOperator): extract_from_mysql> on 2023-06-24 00:00:00+00:00
[2024-07-17T14:32:09.213+0000] {standard_task_runner.py:60} INFO - Started process 478 to run task
[2024-07-17T14:32:09.215+0000] {standard_task_runner.py:87} INFO - Running: ['***', 'tasks', 'run', 'hive_etl', 'extract_from_mysql', 'scheduled__2023-06-24T00:00:00+00:00', '--job-id', '2169', '--raw', '--subdir', 'DAGS_FOLDER/new.py', '--cfg-path', '/tmp/tmpbqdfd4aw']
[2024-07-17T14:32:09.216+0000] {standard_task_runner.py:88} INFO - Job 2169: Subtask extract_from_mysql
[2024-07-17T14:32:09.217+0000] {cli_action_loggers.py:67} DEBUG - Calling callbacks: [<function default_action_log at 0x763f8104af80>]
[2024-07-17T14:32:09.254+0000] {taskinstance.py:991} DEBUG - previous_execution_date was called
[2024-07-17T14:32:09.258+0000] {task_command.py:423} INFO - Running <TaskInstance: hive_etl.extract_from_mysql scheduled__2023-06-24T00:00:00+00:00 [running]> on host 8c50a8ad787d
[2024-07-17T14:32:09.258+0000] {settings.py:386} DEBUG - Disposing DB connection pool (PID 478)
[2024-07-17T14:32:09.258+0000] {settings.py:249} DEBUG - Setting up DB connection pool (PID 478)
[2024-07-17T14:32:09.259+0000] {settings.py:318} DEBUG - settings.prepare_engine_args(): Using NullPool
[2024-07-17T14:32:09.291+0000] {taskinstance.py:991} DEBUG - previous_execution_date was called
[2024-07-17T14:32:09.294+0000] {taskinstance.py:1769} DEBUG - Clearing XCom data
[2024-07-17T14:32:09.299+0000] {retries.py:93} DEBUG - Running RenderedTaskInstanceFields.write with retries. Try 1 of 3
[2024-07-17T14:32:09.320+0000] {retries.py:93} DEBUG - Running RenderedTaskInstanceFields._do_delete_old_records with retries. Try 1 of 3
[2024-07-17T14:32:09.331+0000] {taskinstance.py:2510} INFO - Exporting env vars: AIRFLOW_CTX_DAG_OWNER='***' AIRFLOW_CTX_DAG_ID='hive_etl' AIRFLOW_CTX_TASK_ID='extract_from_mysql' AIRFLOW_CTX_EXECUTION_DATE='2023-06-24T00:00:00+00:00' AIRFLOW_CTX_TRY_NUMBER='2' AIRFLOW_CTX_DAG_RUN_ID='scheduled__2023-06-24T00:00:00+00:00'
[2024-07-17T14:32:09.332+0000] {__init__.py:115} DEBUG - Preparing lineage inlets and outlets
[2024-07-17T14:32:09.333+0000] {__init__.py:154} DEBUG - inlets: [], outlets: []
[2024-07-17T14:32:09.341+0000] {base.py:83} INFO - Using connection ID 'mysql_default' for task execution.
[2024-07-17T14:32:14.319+0000] {job.py:209} DEBUG - [heartbeat]
[2024-07-17T14:32:19.363+0000] {job.py:209} DEBUG - [heartbeat]
[2024-07-17T14:32:24.415+0000] {job.py:209} DEBUG - [heartbeat]
[2024-07-17T14:32:29.492+0000] {job.py:209} DEBUG - [heartbeat]
[2024-07-17T14:32:34.560+0000] {job.py:209} DEBUG - [heartbeat]
[2024-07-17T14:32:39.600+0000] {job.py:209} DEBUG - [heartbeat]
[2024-07-17T14:32:44.654+0000] {job.py:209} DEBUG - [heartbeat]
[2024-07-17T14:32:50.315+0000] {job.py:209} DEBUG - [heartbeat]
[2024-07-17T14:32:55.527+0000] {job.py:209} DEBUG - [heartbeat]
[2024-07-17T14:33:01.766+0000] {job.py:209} DEBUG - [heartbeat]
[2024-07-17T14:33:15.772+0000] {job.py:209} DEBUG - [heartbeat]
[2024-07-17T14:33:22.518+0000] {job.py:209} DEBUG - [heartbeat]
