[2024-07-17T09:20:24.079+0000] {taskinstance.py:991} DEBUG - previous_execution_date was called
[2024-07-17T09:20:24.093+0000] {__init__.py:54} DEBUG - Loading core task runner: StandardTaskRunner
[2024-07-17T09:20:24.100+0000] {taskinstance.py:991} DEBUG - previous_execution_date was called
[2024-07-17T09:20:24.102+0000] {base_task_runner.py:72} DEBUG - Planning to run as the  user
[2024-07-17T09:20:24.115+0000] {taskinstance.py:1988} DEBUG - <TaskInstance: hive_etl.create_hive_table manual__2024-07-17T09:12:51.167279+00:00 [queued]> dependency 'Not In Retry Period' PASSED: True, The task instance was not marked for retrying.
[2024-07-17T09:20:24.115+0000] {taskinstance.py:1988} DEBUG - <TaskInstance: hive_etl.create_hive_table manual__2024-07-17T09:12:51.167279+00:00 [queued]> dependency 'Task Instance State' PASSED: True, Task state queued was valid.
[2024-07-17T09:20:24.115+0000] {taskinstance.py:1988} DEBUG - <TaskInstance: hive_etl.create_hive_table manual__2024-07-17T09:12:51.167279+00:00 [queued]> dependency 'Task Instance Not Running' PASSED: True, Task is not in running state.
[2024-07-17T09:20:24.120+0000] {taskinstance.py:1988} DEBUG - <TaskInstance: hive_etl.create_hive_table manual__2024-07-17T09:12:51.167279+00:00 [queued]> dependency 'Previous Dagrun State' PASSED: True, The task did not have depends_on_past set.
[2024-07-17T09:20:24.120+0000] {taskinstance.py:1979} INFO - Dependencies all met for dep_context=non-requeueable deps ti=<TaskInstance: hive_etl.create_hive_table manual__2024-07-17T09:12:51.167279+00:00 [queued]>
[2024-07-17T09:20:24.120+0000] {taskinstance.py:1988} DEBUG - <TaskInstance: hive_etl.create_hive_table manual__2024-07-17T09:12:51.167279+00:00 [queued]> dependency 'Not In Retry Period' PASSED: True, The task instance was not marked for retrying.
[2024-07-17T09:20:24.123+0000] {taskinstance.py:1988} DEBUG - <TaskInstance: hive_etl.create_hive_table manual__2024-07-17T09:12:51.167279+00:00 [queued]> dependency 'Pool Slots Available' PASSED: True, There are enough open slots in default_pool to execute the task
[2024-07-17T09:20:24.124+0000] {taskinstance.py:1988} DEBUG - <TaskInstance: hive_etl.create_hive_table manual__2024-07-17T09:12:51.167279+00:00 [queued]> dependency 'Task Concurrency' PASSED: True, Task concurrency is not set.
[2024-07-17T09:20:24.126+0000] {taskinstance.py:1988} DEBUG - <TaskInstance: hive_etl.create_hive_table manual__2024-07-17T09:12:51.167279+00:00 [queued]> dependency 'Previous Dagrun State' PASSED: True, The task did not have depends_on_past set.
[2024-07-17T09:20:24.126+0000] {taskinstance.py:1979} INFO - Dependencies all met for dep_context=requeueable deps ti=<TaskInstance: hive_etl.create_hive_table manual__2024-07-17T09:12:51.167279+00:00 [queued]>
[2024-07-17T09:20:24.126+0000] {taskinstance.py:2193} INFO - Starting attempt 1 of 2
[2024-07-17T09:20:24.134+0000] {taskinstance.py:2214} INFO - Executing <Task(PythonOperator): create_hive_table> on 2024-07-17 09:12:51.167279+00:00
[2024-07-17T09:20:24.139+0000] {standard_task_runner.py:60} INFO - Started process 802 to run task
[2024-07-17T09:20:24.141+0000] {standard_task_runner.py:87} INFO - Running: ['***', 'tasks', 'run', 'hive_etl', 'create_hive_table', 'manual__2024-07-17T09:12:51.167279+00:00', '--job-id', '1689', '--raw', '--subdir', 'DAGS_FOLDER/new.py', '--cfg-path', '/tmp/tmpnujch4wq']
[2024-07-17T09:20:24.141+0000] {standard_task_runner.py:88} INFO - Job 1689: Subtask create_hive_table
[2024-07-17T09:20:24.142+0000] {cli_action_loggers.py:67} DEBUG - Calling callbacks: [<function default_action_log at 0x799cf7552f80>]
[2024-07-17T09:20:24.170+0000] {taskinstance.py:991} DEBUG - previous_execution_date was called
[2024-07-17T09:20:24.172+0000] {task_command.py:423} INFO - Running <TaskInstance: hive_etl.create_hive_table manual__2024-07-17T09:12:51.167279+00:00 [running]> on host a88c97f6715f
[2024-07-17T09:20:24.172+0000] {settings.py:386} DEBUG - Disposing DB connection pool (PID 802)
[2024-07-17T09:20:24.172+0000] {settings.py:249} DEBUG - Setting up DB connection pool (PID 802)
[2024-07-17T09:20:24.173+0000] {settings.py:318} DEBUG - settings.prepare_engine_args(): Using NullPool
[2024-07-17T09:20:24.194+0000] {taskinstance.py:991} DEBUG - previous_execution_date was called
[2024-07-17T09:20:24.195+0000] {taskinstance.py:1769} DEBUG - Clearing XCom data
[2024-07-17T09:20:24.198+0000] {retries.py:93} DEBUG - Running RenderedTaskInstanceFields.write with retries. Try 1 of 3
[2024-07-17T09:20:24.213+0000] {retries.py:93} DEBUG - Running RenderedTaskInstanceFields._do_delete_old_records with retries. Try 1 of 3
[2024-07-17T09:20:24.221+0000] {taskinstance.py:2510} INFO - Exporting env vars: AIRFLOW_CTX_DAG_OWNER='***' AIRFLOW_CTX_DAG_ID='hive_etl' AIRFLOW_CTX_TASK_ID='create_hive_table' AIRFLOW_CTX_EXECUTION_DATE='2024-07-17T09:12:51.167279+00:00' AIRFLOW_CTX_TRY_NUMBER='1' AIRFLOW_CTX_DAG_RUN_ID='manual__2024-07-17T09:12:51.167279+00:00'
[2024-07-17T09:20:24.222+0000] {__init__.py:115} DEBUG - Preparing lineage inlets and outlets
[2024-07-17T09:20:24.222+0000] {__init__.py:154} DEBUG - inlets: [], outlets: []
[2024-07-17T09:20:24.262+0000] {hive.py:609} DEBUG - TOpenSessionResp(status=TStatus(statusCode=0, infoMessages=None, sqlState=None, errorCode=None, errorMessage=None), serverProtocolVersion=5, sessionHandle=TSessionHandle(sessionId=THandleIdentifier(guid=b'\x86\xb8\x93I\xd8\x16L\\\xa8\x91>\xf0n\xa8\x9c%', secret=b'us~\xcf\x13\xf4D3\xbc4\xc8s\x11\x99D/')), configuration={'hive.server2.thrift.resultset.default.fetch.size': '1000'})
[2024-07-17T09:20:24.263+0000] {hive.py:475} INFO - USE `default`
[2024-07-17T09:20:24.263+0000] {hive.py:479} DEBUG - TExecuteStatementReq(sessionHandle=TSessionHandle(sessionId=THandleIdentifier(guid=b'\x86\xb8\x93I\xd8\x16L\\\xa8\x91>\xf0n\xa8\x9c%', secret=b'us~\xcf\x13\xf4D3\xbc4\xc8s\x11\x99D/')), statement='USE `default`', confOverlay=None, runAsync=False, queryTimeout=0)
[2024-07-17T09:20:24.302+0000] {hive.py:609} DEBUG - TExecuteStatementResp(status=TStatus(statusCode=0, infoMessages=None, sqlState=None, errorCode=None, errorMessage=None), operationHandle=TOperationHandle(operationId=THandleIdentifier(guid=b'\xd5nI\xf6\xb9\xdfG\x18\x92\xc8\xb0U\xc2\xa0\xe0\x15', secret=b'G\xee\xf5\x17r\x17F\xa6\xb6\xe5\x81\xae\x8b\xf8(\xbd'), operationType=0, hasResultSet=False, modifiedRowCount=None))
[2024-07-17T09:20:24.303+0000] {hive.py:609} DEBUG - TCloseOperationResp(status=TStatus(statusCode=0, infoMessages=None, sqlState=None, errorCode=None, errorMessage=None))
[2024-07-17T09:20:24.303+0000] {hive.py:475} INFO - 
    CREATE TABLE IF NOT EXISTS my_table (
        id INT,
        name STRING
    )
    ROW FORMAT DELIMITED
    FIELDS TERMINATED BY ','
    STORED AS TEXTFILE
    
[2024-07-17T09:20:24.303+0000] {hive.py:479} DEBUG - TExecuteStatementReq(sessionHandle=TSessionHandle(sessionId=THandleIdentifier(guid=b'\x86\xb8\x93I\xd8\x16L\\\xa8\x91>\xf0n\xa8\x9c%', secret=b'us~\xcf\x13\xf4D3\xbc4\xc8s\x11\x99D/')), statement="\n    CREATE TABLE IF NOT EXISTS my_table (\n        id INT,\n        name STRING\n    )\n    ROW FORMAT DELIMITED\n    FIELDS TERMINATED BY ','\n    STORED AS TEXTFILE\n    ", confOverlay=None, runAsync=False, queryTimeout=0)
[2024-07-17T09:20:24.313+0000] {hive.py:609} DEBUG - TExecuteStatementResp(status=TStatus(statusCode=0, infoMessages=None, sqlState=None, errorCode=None, errorMessage=None), operationHandle=TOperationHandle(operationId=THandleIdentifier(guid=b'W\\u\x9b\xc1\x85HB\xb2\xe0\xd2\x1a\xb3\x8f\xb6\xbf', secret=b'0\xf7\xac\x83\xb3\x7fG\xa9\x98\x1e.#\xac\x97\x92D'), operationType=0, hasResultSet=False, modifiedRowCount=None))
[2024-07-17T09:20:24.317+0000] {hive.py:609} DEBUG - TCloseSessionResp(status=TStatus(statusCode=0, infoMessages=None, sqlState=None, errorCode=None, errorMessage=None))
[2024-07-17T09:20:24.317+0000] {python.py:202} INFO - Done. Returned value was: None
[2024-07-17T09:20:24.317+0000] {__init__.py:73} DEBUG - Lineage called with inlets: [], outlets: []
[2024-07-17T09:20:24.323+0000] {taskinstance.py:549} DEBUG - Clearing next_method and next_kwargs.
[2024-07-17T09:20:24.324+0000] {taskinstance.py:1149} INFO - Marking task as SUCCESS. dag_id=hive_etl, task_id=create_hive_table, execution_date=20240717T091251, start_date=20240717T092024, end_date=20240717T092024
[2024-07-17T09:20:24.324+0000] {taskinstance.py:527} DEBUG - Task Duration set to 0.203526
[2024-07-17T09:20:24.331+0000] {cli_action_loggers.py:85} DEBUG - Calling callbacks: []
[2024-07-17T09:20:24.353+0000] {local_task_job_runner.py:234} INFO - Task exited with return code 0
[2024-07-17T09:20:24.366+0000] {dagrun.py:876} DEBUG - number of tis tasks for <DagRun hive_etl @ 2024-07-17 09:12:51.167279+00:00: manual__2024-07-17T09:12:51.167279+00:00, state:running, queued_at: 2024-07-17 09:12:51.194129+00:00. externally triggered: True>: 3 task(s)
[2024-07-17T09:20:24.366+0000] {dagrun.py:897} DEBUG - number of scheduleable tasks for <DagRun hive_etl @ 2024-07-17 09:12:51.167279+00:00: manual__2024-07-17T09:12:51.167279+00:00, state:running, queued_at: 2024-07-17 09:12:51.194129+00:00. externally triggered: True>: 2 task(s)
[2024-07-17T09:20:24.366+0000] {taskinstance.py:1988} DEBUG - <TaskInstance: hive_etl.load_data_into_hive manual__2024-07-17T09:12:51.167279+00:00 [None]> dependency 'Not In Retry Period' PASSED: True, The task instance was not marked for retrying.
[2024-07-17T09:20:24.366+0000] {taskinstance.py:1988} DEBUG - <TaskInstance: hive_etl.load_data_into_hive manual__2024-07-17T09:12:51.167279+00:00 [None]> dependency 'Previous Dagrun State' PASSED: True, The task did not have depends_on_past set.
[2024-07-17T09:20:24.367+0000] {taskinstance.py:1979} DEBUG - Dependencies all met for dep_context=None ti=<TaskInstance: hive_etl.load_data_into_hive manual__2024-07-17T09:12:51.167279+00:00 [None]>
[2024-07-17T09:20:24.367+0000] {taskinstance.py:1988} DEBUG - <TaskInstance: hive_etl.end manual__2024-07-17T09:12:51.167279+00:00 [None]> dependency 'Not In Retry Period' PASSED: True, The task instance was not marked for retrying.
[2024-07-17T09:20:24.367+0000] {taskinstance.py:1988} DEBUG - <TaskInstance: hive_etl.end manual__2024-07-17T09:12:51.167279+00:00 [None]> dependency 'Trigger Rule' PASSED: False, Task's trigger rule 'all_success' requires all upstream tasks to have succeeded, but found 1 non-success(es). upstream_states=_UpstreamTIStates(success=0, skipped=0, failed=0, upstream_failed=0, removed=0, done=0, success_setup=0, skipped_setup=0), upstream_task_ids={'load_data_into_hive'}
[2024-07-17T09:20:24.367+0000] {taskinstance.py:1969} DEBUG - Dependencies not met for <TaskInstance: hive_etl.end manual__2024-07-17T09:12:51.167279+00:00 [None]>, dependency 'Trigger Rule' FAILED: Task's trigger rule 'all_success' requires all upstream tasks to have succeeded, but found 1 non-success(es). upstream_states=_UpstreamTIStates(success=0, skipped=0, failed=0, upstream_failed=0, removed=0, done=0, success_setup=0, skipped_setup=0), upstream_task_ids={'load_data_into_hive'}
[2024-07-17T09:20:24.367+0000] {taskinstance.py:1988} DEBUG - <TaskInstance: hive_etl.end manual__2024-07-17T09:12:51.167279+00:00 [None]> dependency 'Previous Dagrun State' PASSED: True, The task did not have depends_on_past set.
[2024-07-17T09:20:24.373+0000] {taskinstance.py:3309} INFO - 1 downstream tasks scheduled from follow-on schedule check
