[2024-07-17T09:17:57.502+0000] {taskinstance.py:991} DEBUG - previous_execution_date was called
[2024-07-17T09:17:57.516+0000] {__init__.py:54} DEBUG - Loading core task runner: StandardTaskRunner
[2024-07-17T09:17:57.530+0000] {taskinstance.py:991} DEBUG - previous_execution_date was called
[2024-07-17T09:17:57.534+0000] {base_task_runner.py:72} DEBUG - Planning to run as the  user
[2024-07-17T09:17:57.556+0000] {taskinstance.py:1988} DEBUG - <TaskInstance: hive_etl.create_hive_table scheduled__2023-03-07T00:00:00+00:00 [queued]> dependency 'Not In Retry Period' PASSED: True, The task instance was not marked for retrying.
[2024-07-17T09:17:57.556+0000] {taskinstance.py:1988} DEBUG - <TaskInstance: hive_etl.create_hive_table scheduled__2023-03-07T00:00:00+00:00 [queued]> dependency 'Task Instance State' PASSED: True, Task state queued was valid.
[2024-07-17T09:17:57.557+0000] {taskinstance.py:1988} DEBUG - <TaskInstance: hive_etl.create_hive_table scheduled__2023-03-07T00:00:00+00:00 [queued]> dependency 'Task Instance Not Running' PASSED: True, Task is not in running state.
[2024-07-17T09:17:57.565+0000] {taskinstance.py:1988} DEBUG - <TaskInstance: hive_etl.create_hive_table scheduled__2023-03-07T00:00:00+00:00 [queued]> dependency 'Previous Dagrun State' PASSED: True, The task did not have depends_on_past set.
[2024-07-17T09:17:57.565+0000] {taskinstance.py:1979} INFO - Dependencies all met for dep_context=non-requeueable deps ti=<TaskInstance: hive_etl.create_hive_table scheduled__2023-03-07T00:00:00+00:00 [queued]>
[2024-07-17T09:17:57.565+0000] {taskinstance.py:1988} DEBUG - <TaskInstance: hive_etl.create_hive_table scheduled__2023-03-07T00:00:00+00:00 [queued]> dependency 'Not In Retry Period' PASSED: True, The task instance was not marked for retrying.
[2024-07-17T09:17:57.571+0000] {taskinstance.py:1988} DEBUG - <TaskInstance: hive_etl.create_hive_table scheduled__2023-03-07T00:00:00+00:00 [queued]> dependency 'Pool Slots Available' PASSED: True, There are enough open slots in default_pool to execute the task
[2024-07-17T09:17:57.574+0000] {taskinstance.py:1988} DEBUG - <TaskInstance: hive_etl.create_hive_table scheduled__2023-03-07T00:00:00+00:00 [queued]> dependency 'Task Concurrency' PASSED: True, Task concurrency is not set.
[2024-07-17T09:17:57.576+0000] {taskinstance.py:1988} DEBUG - <TaskInstance: hive_etl.create_hive_table scheduled__2023-03-07T00:00:00+00:00 [queued]> dependency 'Previous Dagrun State' PASSED: True, The task did not have depends_on_past set.
[2024-07-17T09:17:57.577+0000] {taskinstance.py:1979} INFO - Dependencies all met for dep_context=requeueable deps ti=<TaskInstance: hive_etl.create_hive_table scheduled__2023-03-07T00:00:00+00:00 [queued]>
[2024-07-17T09:17:57.577+0000] {taskinstance.py:2193} INFO - Starting attempt 2 of 2
[2024-07-17T09:17:57.592+0000] {taskinstance.py:2214} INFO - Executing <Task(PythonOperator): create_hive_table> on 2023-03-07 00:00:00+00:00
[2024-07-17T09:17:57.599+0000] {standard_task_runner.py:60} INFO - Started process 731 to run task
[2024-07-17T09:17:57.601+0000] {standard_task_runner.py:87} INFO - Running: ['***', 'tasks', 'run', 'hive_etl', 'create_hive_table', 'scheduled__2023-03-07T00:00:00+00:00', '--job-id', '1677', '--raw', '--subdir', 'DAGS_FOLDER/new.py', '--cfg-path', '/tmp/tmpq7cv9syp']
[2024-07-17T09:17:57.602+0000] {standard_task_runner.py:88} INFO - Job 1677: Subtask create_hive_table
[2024-07-17T09:17:57.603+0000] {cli_action_loggers.py:67} DEBUG - Calling callbacks: [<function default_action_log at 0x799cf7552f80>]
[2024-07-17T09:17:57.645+0000] {taskinstance.py:991} DEBUG - previous_execution_date was called
[2024-07-17T09:17:57.649+0000] {task_command.py:423} INFO - Running <TaskInstance: hive_etl.create_hive_table scheduled__2023-03-07T00:00:00+00:00 [running]> on host a88c97f6715f
[2024-07-17T09:17:57.649+0000] {settings.py:386} DEBUG - Disposing DB connection pool (PID 731)
[2024-07-17T09:17:57.650+0000] {settings.py:249} DEBUG - Setting up DB connection pool (PID 731)
[2024-07-17T09:17:57.650+0000] {settings.py:318} DEBUG - settings.prepare_engine_args(): Using NullPool
[2024-07-17T09:17:57.689+0000] {taskinstance.py:991} DEBUG - previous_execution_date was called
[2024-07-17T09:17:57.691+0000] {taskinstance.py:1769} DEBUG - Clearing XCom data
[2024-07-17T09:17:57.696+0000] {retries.py:93} DEBUG - Running RenderedTaskInstanceFields.write with retries. Try 1 of 3
[2024-07-17T09:17:57.722+0000] {retries.py:93} DEBUG - Running RenderedTaskInstanceFields._do_delete_old_records with retries. Try 1 of 3
[2024-07-17T09:17:57.735+0000] {taskinstance.py:2510} INFO - Exporting env vars: AIRFLOW_CTX_DAG_OWNER='***' AIRFLOW_CTX_DAG_ID='hive_etl' AIRFLOW_CTX_TASK_ID='create_hive_table' AIRFLOW_CTX_EXECUTION_DATE='2023-03-07T00:00:00+00:00' AIRFLOW_CTX_TRY_NUMBER='2' AIRFLOW_CTX_DAG_RUN_ID='scheduled__2023-03-07T00:00:00+00:00'
[2024-07-17T09:17:57.736+0000] {__init__.py:115} DEBUG - Preparing lineage inlets and outlets
[2024-07-17T09:17:57.736+0000] {__init__.py:154} DEBUG - inlets: [], outlets: []
[2024-07-17T09:17:57.828+0000] {hive.py:609} DEBUG - TOpenSessionResp(status=TStatus(statusCode=0, infoMessages=None, sqlState=None, errorCode=None, errorMessage=None), serverProtocolVersion=5, sessionHandle=TSessionHandle(sessionId=THandleIdentifier(guid=b'\x19\x15\x00\xfd\x02?N\xb9\xaa\x85(\xc9\x00M\xfd\xb4', secret=b'TS\xda\xfeKiI\xbb\x8eHe\xc1b\x84W\xcd')), configuration={'hive.server2.thrift.resultset.default.fetch.size': '1000'})
[2024-07-17T09:17:57.829+0000] {hive.py:475} INFO - USE `default`
[2024-07-17T09:17:57.829+0000] {hive.py:479} DEBUG - TExecuteStatementReq(sessionHandle=TSessionHandle(sessionId=THandleIdentifier(guid=b'\x19\x15\x00\xfd\x02?N\xb9\xaa\x85(\xc9\x00M\xfd\xb4', secret=b'TS\xda\xfeKiI\xbb\x8eHe\xc1b\x84W\xcd')), statement='USE `default`', confOverlay=None, runAsync=False, queryTimeout=0)
[2024-07-17T09:17:57.899+0000] {hive.py:609} DEBUG - TExecuteStatementResp(status=TStatus(statusCode=0, infoMessages=None, sqlState=None, errorCode=None, errorMessage=None), operationHandle=TOperationHandle(operationId=THandleIdentifier(guid=b'<X\xcbC\xab\x03K{\x842?\xca\x84\xac\xbe\xed', secret=b'\xd3{\xfb\xa3\xfd\xe3G\x18\xac\xd3#\xf5\x0f\xad\x7f^'), operationType=0, hasResultSet=False, modifiedRowCount=None))
[2024-07-17T09:17:57.900+0000] {hive.py:609} DEBUG - TCloseOperationResp(status=TStatus(statusCode=0, infoMessages=None, sqlState=None, errorCode=None, errorMessage=None))
[2024-07-17T09:17:57.900+0000] {hive.py:475} INFO - 
    CREATE TABLE IF NOT EXISTS my_table (
        id INT,
        name STRING
    )
    ROW FORMAT DELIMITED
    FIELDS TERMINATED BY ','
    STORED AS TEXTFILE
    
[2024-07-17T09:17:57.900+0000] {hive.py:479} DEBUG - TExecuteStatementReq(sessionHandle=TSessionHandle(sessionId=THandleIdentifier(guid=b'\x19\x15\x00\xfd\x02?N\xb9\xaa\x85(\xc9\x00M\xfd\xb4', secret=b'TS\xda\xfeKiI\xbb\x8eHe\xc1b\x84W\xcd')), statement="\n    CREATE TABLE IF NOT EXISTS my_table (\n        id INT,\n        name STRING\n    )\n    ROW FORMAT DELIMITED\n    FIELDS TERMINATED BY ','\n    STORED AS TEXTFILE\n    ", confOverlay=None, runAsync=False, queryTimeout=0)
[2024-07-17T09:17:57.914+0000] {hive.py:609} DEBUG - TExecuteStatementResp(status=TStatus(statusCode=0, infoMessages=None, sqlState=None, errorCode=None, errorMessage=None), operationHandle=TOperationHandle(operationId=THandleIdentifier(guid=b'Q\x90oX\x11\xccI=\xb2\xce\xe8^\xa5\xc8\x96\x04', secret=b']\x8e\xfa\xeeN\x01Ag\xb2H\t\xab\x08#\x07\xdb'), operationType=0, hasResultSet=False, modifiedRowCount=None))
[2024-07-17T09:17:57.918+0000] {hive.py:609} DEBUG - TCloseSessionResp(status=TStatus(statusCode=0, infoMessages=None, sqlState=None, errorCode=None, errorMessage=None))
[2024-07-17T09:17:57.918+0000] {python.py:202} INFO - Done. Returned value was: None
[2024-07-17T09:17:57.919+0000] {__init__.py:73} DEBUG - Lineage called with inlets: [], outlets: []
[2024-07-17T09:17:57.924+0000] {taskinstance.py:549} DEBUG - Clearing next_method and next_kwargs.
[2024-07-17T09:17:57.925+0000] {taskinstance.py:1149} INFO - Marking task as SUCCESS. dag_id=hive_etl, task_id=create_hive_table, execution_date=20230307T000000, start_date=20240717T091757, end_date=20240717T091757
[2024-07-17T09:17:57.925+0000] {taskinstance.py:527} DEBUG - Task Duration set to 0.359245
[2024-07-17T09:17:57.932+0000] {cli_action_loggers.py:85} DEBUG - Calling callbacks: []
[2024-07-17T09:17:57.974+0000] {local_task_job_runner.py:234} INFO - Task exited with return code 0
[2024-07-17T09:17:58.133+0000] {dagrun.py:876} DEBUG - number of tis tasks for <DagRun hive_etl @ 2023-03-07 00:00:00+00:00: scheduled__2023-03-07T00:00:00+00:00, state:running, queued_at: 2024-07-17 09:12:49.209065+00:00. externally triggered: False>: 3 task(s)
[2024-07-17T09:17:58.134+0000] {dagrun.py:897} DEBUG - number of scheduleable tasks for <DagRun hive_etl @ 2023-03-07 00:00:00+00:00: scheduled__2023-03-07T00:00:00+00:00, state:running, queued_at: 2024-07-17 09:12:49.209065+00:00. externally triggered: False>: 1 task(s)
[2024-07-17T09:17:58.134+0000] {taskinstance.py:1988} DEBUG - <TaskInstance: hive_etl.end scheduled__2023-03-07T00:00:00+00:00 [None]> dependency 'Not In Retry Period' PASSED: True, The task instance was not marked for retrying.
[2024-07-17T09:17:58.135+0000] {taskinstance.py:1988} DEBUG - <TaskInstance: hive_etl.end scheduled__2023-03-07T00:00:00+00:00 [None]> dependency 'Trigger Rule' PASSED: False, Task's trigger rule 'all_success' requires all upstream tasks to have succeeded, but found 1 non-success(es). upstream_states=_UpstreamTIStates(success=0, skipped=0, failed=0, upstream_failed=0, removed=0, done=0, success_setup=0, skipped_setup=0), upstream_task_ids={'load_data_into_hive'}
[2024-07-17T09:17:58.135+0000] {taskinstance.py:1969} DEBUG - Dependencies not met for <TaskInstance: hive_etl.end scheduled__2023-03-07T00:00:00+00:00 [None]>, dependency 'Trigger Rule' FAILED: Task's trigger rule 'all_success' requires all upstream tasks to have succeeded, but found 1 non-success(es). upstream_states=_UpstreamTIStates(success=0, skipped=0, failed=0, upstream_failed=0, removed=0, done=0, success_setup=0, skipped_setup=0), upstream_task_ids={'load_data_into_hive'}
[2024-07-17T09:17:58.135+0000] {taskinstance.py:1988} DEBUG - <TaskInstance: hive_etl.end scheduled__2023-03-07T00:00:00+00:00 [None]> dependency 'Previous Dagrun State' PASSED: True, The task did not have depends_on_past set.
[2024-07-17T09:17:58.139+0000] {taskinstance.py:3309} INFO - 0 downstream tasks scheduled from follow-on schedule check
