[2024-07-16T08:34:49.197+0000] {taskinstance.py:991} DEBUG - previous_execution_date was called
[2024-07-16T08:34:49.205+0000] {__init__.py:54} DEBUG - Loading core task runner: StandardTaskRunner
[2024-07-16T08:34:49.213+0000] {taskinstance.py:991} DEBUG - previous_execution_date was called
[2024-07-16T08:34:49.215+0000] {base_task_runner.py:72} DEBUG - Planning to run as the  user
[2024-07-16T08:34:49.232+0000] {taskinstance.py:1988} DEBUG - <TaskInstance: etl_mysql_to_airflow.extract_from_mysql scheduled__2024-07-15T00:00:00+00:00 [queued]> dependency 'Task Instance State' PASSED: True, Task state queued was valid.
[2024-07-16T08:34:49.232+0000] {taskinstance.py:1988} DEBUG - <TaskInstance: etl_mysql_to_airflow.extract_from_mysql scheduled__2024-07-15T00:00:00+00:00 [queued]> dependency 'Task Instance Not Running' PASSED: True, Task is not in running state.
[2024-07-16T08:34:49.232+0000] {taskinstance.py:1988} DEBUG - <TaskInstance: etl_mysql_to_airflow.extract_from_mysql scheduled__2024-07-15T00:00:00+00:00 [queued]> dependency 'Previous Dagrun State' PASSED: True, The task did not have depends_on_past set.
[2024-07-16T08:34:49.232+0000] {taskinstance.py:1988} DEBUG - <TaskInstance: etl_mysql_to_airflow.extract_from_mysql scheduled__2024-07-15T00:00:00+00:00 [queued]> dependency 'Not In Retry Period' PASSED: True, The task instance was not marked for retrying.
[2024-07-16T08:34:49.232+0000] {taskinstance.py:1988} DEBUG - <TaskInstance: etl_mysql_to_airflow.extract_from_mysql scheduled__2024-07-15T00:00:00+00:00 [queued]> dependency 'Trigger Rule' PASSED: True, The task instance did not have any upstream tasks.
[2024-07-16T08:34:49.232+0000] {taskinstance.py:1979} INFO - Dependencies all met for dep_context=non-requeueable deps ti=<TaskInstance: etl_mysql_to_airflow.extract_from_mysql scheduled__2024-07-15T00:00:00+00:00 [queued]>
[2024-07-16T08:34:49.236+0000] {taskinstance.py:1988} DEBUG - <TaskInstance: etl_mysql_to_airflow.extract_from_mysql scheduled__2024-07-15T00:00:00+00:00 [queued]> dependency 'Pool Slots Available' PASSED: True, There are enough open slots in default_pool to execute the task
[2024-07-16T08:34:49.236+0000] {taskinstance.py:1988} DEBUG - <TaskInstance: etl_mysql_to_airflow.extract_from_mysql scheduled__2024-07-15T00:00:00+00:00 [queued]> dependency 'Task Concurrency' PASSED: True, Task concurrency is not set.
[2024-07-16T08:34:49.237+0000] {taskinstance.py:1988} DEBUG - <TaskInstance: etl_mysql_to_airflow.extract_from_mysql scheduled__2024-07-15T00:00:00+00:00 [queued]> dependency 'Previous Dagrun State' PASSED: True, The task did not have depends_on_past set.
[2024-07-16T08:34:49.237+0000] {taskinstance.py:1988} DEBUG - <TaskInstance: etl_mysql_to_airflow.extract_from_mysql scheduled__2024-07-15T00:00:00+00:00 [queued]> dependency 'Not In Retry Period' PASSED: True, The task instance was not marked for retrying.
[2024-07-16T08:34:49.237+0000] {taskinstance.py:1988} DEBUG - <TaskInstance: etl_mysql_to_airflow.extract_from_mysql scheduled__2024-07-15T00:00:00+00:00 [queued]> dependency 'Trigger Rule' PASSED: True, The task instance did not have any upstream tasks.
[2024-07-16T08:34:49.238+0000] {taskinstance.py:1979} INFO - Dependencies all met for dep_context=requeueable deps ti=<TaskInstance: etl_mysql_to_airflow.extract_from_mysql scheduled__2024-07-15T00:00:00+00:00 [queued]>
[2024-07-16T08:34:49.238+0000] {taskinstance.py:2193} INFO - Starting attempt 1 of 2
[2024-07-16T08:34:49.246+0000] {taskinstance.py:2214} INFO - Executing <Task(PythonOperator): extract_from_mysql> on 2024-07-15 00:00:00+00:00
[2024-07-16T08:34:49.255+0000] {standard_task_runner.py:60} INFO - Started process 460 to run task
[2024-07-16T08:34:49.259+0000] {standard_task_runner.py:87} INFO - Running: ['***', 'tasks', 'run', 'etl_mysql_to_***', 'extract_from_mysql', 'scheduled__2024-07-15T00:00:00+00:00', '--job-id', '1240', '--raw', '--subdir', 'DAGS_FOLDER/ex.py', '--cfg-path', '/tmp/tmpf_xftice']
[2024-07-16T08:34:49.260+0000] {standard_task_runner.py:88} INFO - Job 1240: Subtask extract_from_mysql
[2024-07-16T08:34:49.261+0000] {cli_action_loggers.py:67} DEBUG - Calling callbacks: [<function default_action_log at 0x7e1805484ca0>]
[2024-07-16T08:34:49.303+0000] {taskinstance.py:991} DEBUG - previous_execution_date was called
[2024-07-16T08:34:49.305+0000] {task_command.py:423} INFO - Running <TaskInstance: etl_mysql_to_airflow.extract_from_mysql scheduled__2024-07-15T00:00:00+00:00 [running]> on host 6dec4fd91ad6
[2024-07-16T08:34:49.305+0000] {settings.py:386} DEBUG - Disposing DB connection pool (PID 460)
[2024-07-16T08:34:49.305+0000] {settings.py:249} DEBUG - Setting up DB connection pool (PID 460)
[2024-07-16T08:34:49.306+0000] {settings.py:318} DEBUG - settings.prepare_engine_args(): Using NullPool
[2024-07-16T08:34:49.328+0000] {taskinstance.py:991} DEBUG - previous_execution_date was called
[2024-07-16T08:34:49.329+0000] {taskinstance.py:1769} DEBUG - Clearing XCom data
[2024-07-16T08:34:49.333+0000] {retries.py:93} DEBUG - Running RenderedTaskInstanceFields.write with retries. Try 1 of 3
[2024-07-16T08:34:49.352+0000] {retries.py:93} DEBUG - Running RenderedTaskInstanceFields._do_delete_old_records with retries. Try 1 of 3
[2024-07-16T08:34:49.359+0000] {taskinstance.py:2510} INFO - Exporting env vars: AIRFLOW_CTX_DAG_OWNER='***' AIRFLOW_CTX_DAG_ID='etl_mysql_to_***' AIRFLOW_CTX_TASK_ID='extract_from_mysql' AIRFLOW_CTX_EXECUTION_DATE='2024-07-15T00:00:00+00:00' AIRFLOW_CTX_TRY_NUMBER='1' AIRFLOW_CTX_DAG_RUN_ID='scheduled__2024-07-15T00:00:00+00:00'
[2024-07-16T08:34:49.359+0000] {__init__.py:115} DEBUG - Preparing lineage inlets and outlets
[2024-07-16T08:34:49.360+0000] {__init__.py:154} DEBUG - inlets: [], outlets: []
[2024-07-16T08:34:49.371+0000] {taskinstance.py:2728} ERROR - Task failed with exception
Traceback (most recent call last):
  File "/home/airflow/.local/lib/python3.10/site-packages/airflow/models/taskinstance.py", line 444, in _execute_task
    result = _execute_callable(context=context, **execute_callable_kwargs)
  File "/home/airflow/.local/lib/python3.10/site-packages/airflow/models/taskinstance.py", line 414, in _execute_callable
    return execute_callable(context=context, **execute_callable_kwargs)
  File "/home/airflow/.local/lib/python3.10/site-packages/airflow/operators/python.py", line 200, in execute
    return_value = self.execute_callable()
  File "/home/airflow/.local/lib/python3.10/site-packages/airflow/operators/python.py", line 217, in execute_callable
    return self.python_callable(*self.op_args, **self.op_kwargs)
  File "/opt/airflow/dags/ex.py", line 26, in extract_from_mysql
    df = mysql_hook.get_pandas_df(sql)
  File "/home/airflow/.local/lib/python3.10/site-packages/airflow/providers/common/sql/hooks/sql.py", line 226, in get_pandas_df
    with closing(self.get_conn()) as conn:
  File "/home/airflow/.local/lib/python3.10/site-packages/airflow/providers/mysql/hooks/mysql.py", line 187, in get_conn
    conn = self.connection or self.get_connection(getattr(self, self.conn_name_attr))
  File "/home/airflow/.local/lib/python3.10/site-packages/airflow/hooks/base.py", line 82, in get_connection
    conn = Connection.get_connection_from_secrets(conn_id)
  File "/home/airflow/.local/lib/python3.10/site-packages/airflow/models/connection.py", line 514, in get_connection_from_secrets
    raise AirflowNotFoundException(f"The conn_id `{conn_id}` isn't defined")
airflow.exceptions.AirflowNotFoundException: The conn_id `mysql_conn` isn't defined
[2024-07-16T08:34:49.374+0000] {taskinstance.py:527} DEBUG - Task Duration set to 0.141622
[2024-07-16T08:34:49.375+0000] {taskinstance.py:549} DEBUG - Clearing next_method and next_kwargs.
[2024-07-16T08:34:49.375+0000] {taskinstance.py:1149} INFO - Marking task as UP_FOR_RETRY. dag_id=etl_mysql_to_***, task_id=extract_from_mysql, execution_date=20240715T000000, start_date=20240716T083449, end_date=20240716T083449
[2024-07-16T08:34:49.386+0000] {cli_action_loggers.py:85} DEBUG - Calling callbacks: []
[2024-07-16T08:34:49.386+0000] {standard_task_runner.py:107} ERROR - Failed to execute job 1240 for task extract_from_mysql (The conn_id `mysql_conn` isn't defined; 460)
[2024-07-16T08:34:49.430+0000] {local_task_job_runner.py:234} INFO - Task exited with return code 1
[2024-07-16T08:34:49.442+0000] {dagrun.py:876} DEBUG - number of tis tasks for <DagRun etl_mysql_to_airflow @ 2024-07-15 00:00:00+00:00: scheduled__2024-07-15T00:00:00+00:00, state:running, queued_at: 2024-07-16 08:34:48.110123+00:00. externally triggered: False>: 3 task(s)
[2024-07-16T08:34:49.443+0000] {dagrun.py:897} DEBUG - number of scheduleable tasks for <DagRun etl_mysql_to_airflow @ 2024-07-15 00:00:00+00:00: scheduled__2024-07-15T00:00:00+00:00, state:running, queued_at: 2024-07-16 08:34:48.110123+00:00. externally triggered: False>: 3 task(s)
[2024-07-16T08:34:49.443+0000] {taskinstance.py:1988} DEBUG - <TaskInstance: etl_mysql_to_airflow.extract_from_mysql scheduled__2024-07-15T00:00:00+00:00 [up_for_retry]> dependency 'Trigger Rule' PASSED: True, The task instance did not have any upstream tasks.
[2024-07-16T08:34:49.443+0000] {taskinstance.py:1988} DEBUG - <TaskInstance: etl_mysql_to_airflow.extract_from_mysql scheduled__2024-07-15T00:00:00+00:00 [up_for_retry]> dependency 'Not In Retry Period' PASSED: False, Task is not ready for retry yet but will be retried automatically. Current date is 2024-07-16T08:34:49.443523+00:00 and task will be retried at 2024-07-16T08:39:49.374538+00:00.
[2024-07-16T08:34:49.443+0000] {taskinstance.py:1969} DEBUG - Dependencies not met for <TaskInstance: etl_mysql_to_airflow.extract_from_mysql scheduled__2024-07-15T00:00:00+00:00 [up_for_retry]>, dependency 'Not In Retry Period' FAILED: Task is not ready for retry yet but will be retried automatically. Current date is 2024-07-16T08:34:49.443523+00:00 and task will be retried at 2024-07-16T08:39:49.374538+00:00.
[2024-07-16T08:34:49.443+0000] {taskinstance.py:1988} DEBUG - <TaskInstance: etl_mysql_to_airflow.extract_from_mysql scheduled__2024-07-15T00:00:00+00:00 [up_for_retry]> dependency 'Previous Dagrun State' PASSED: True, The task did not have depends_on_past set.
[2024-07-16T08:34:49.444+0000] {taskinstance.py:1988} DEBUG - <TaskInstance: etl_mysql_to_airflow.transform_data scheduled__2024-07-15T00:00:00+00:00 [None]> dependency 'Trigger Rule' PASSED: False, Task's trigger rule 'all_success' requires all upstream tasks to have succeeded, but found 1 non-success(es). upstream_states=_UpstreamTIStates(success=0, skipped=0, failed=0, upstream_failed=0, removed=0, done=0, success_setup=0, skipped_setup=0), upstream_task_ids={'extract_from_mysql'}
[2024-07-16T08:34:49.444+0000] {taskinstance.py:1969} DEBUG - Dependencies not met for <TaskInstance: etl_mysql_to_airflow.transform_data scheduled__2024-07-15T00:00:00+00:00 [None]>, dependency 'Trigger Rule' FAILED: Task's trigger rule 'all_success' requires all upstream tasks to have succeeded, but found 1 non-success(es). upstream_states=_UpstreamTIStates(success=0, skipped=0, failed=0, upstream_failed=0, removed=0, done=0, success_setup=0, skipped_setup=0), upstream_task_ids={'extract_from_mysql'}
[2024-07-16T08:34:49.444+0000] {taskinstance.py:1988} DEBUG - <TaskInstance: etl_mysql_to_airflow.transform_data scheduled__2024-07-15T00:00:00+00:00 [None]> dependency 'Not In Retry Period' PASSED: True, The task instance was not marked for retrying.
[2024-07-16T08:34:49.444+0000] {taskinstance.py:1988} DEBUG - <TaskInstance: etl_mysql_to_airflow.transform_data scheduled__2024-07-15T00:00:00+00:00 [None]> dependency 'Previous Dagrun State' PASSED: True, The task did not have depends_on_past set.
[2024-07-16T08:34:49.444+0000] {taskinstance.py:1988} DEBUG - <TaskInstance: etl_mysql_to_airflow.load_data scheduled__2024-07-15T00:00:00+00:00 [None]> dependency 'Trigger Rule' PASSED: False, Task's trigger rule 'all_success' requires all upstream tasks to have succeeded, but found 1 non-success(es). upstream_states=_UpstreamTIStates(success=0, skipped=0, failed=0, upstream_failed=0, removed=0, done=0, success_setup=0, skipped_setup=0), upstream_task_ids={'transform_data'}
[2024-07-16T08:34:49.445+0000] {taskinstance.py:1969} DEBUG - Dependencies not met for <TaskInstance: etl_mysql_to_airflow.load_data scheduled__2024-07-15T00:00:00+00:00 [None]>, dependency 'Trigger Rule' FAILED: Task's trigger rule 'all_success' requires all upstream tasks to have succeeded, but found 1 non-success(es). upstream_states=_UpstreamTIStates(success=0, skipped=0, failed=0, upstream_failed=0, removed=0, done=0, success_setup=0, skipped_setup=0), upstream_task_ids={'transform_data'}
[2024-07-16T08:34:49.445+0000] {taskinstance.py:1988} DEBUG - <TaskInstance: etl_mysql_to_airflow.load_data scheduled__2024-07-15T00:00:00+00:00 [None]> dependency 'Not In Retry Period' PASSED: True, The task instance was not marked for retrying.
[2024-07-16T08:34:49.445+0000] {taskinstance.py:1988} DEBUG - <TaskInstance: etl_mysql_to_airflow.load_data scheduled__2024-07-15T00:00:00+00:00 [None]> dependency 'Previous Dagrun State' PASSED: True, The task did not have depends_on_past set.
[2024-07-16T08:34:49.449+0000] {taskinstance.py:3309} INFO - 0 downstream tasks scheduled from follow-on schedule check
