[2024-07-16T09:24:33.666+0000] {taskinstance.py:991} DEBUG - previous_execution_date was called
[2024-07-16T09:24:33.686+0000] {__init__.py:54} DEBUG - Loading core task runner: StandardTaskRunner
[2024-07-16T09:24:33.717+0000] {taskinstance.py:991} DEBUG - previous_execution_date was called
[2024-07-16T09:24:33.731+0000] {base_task_runner.py:72} DEBUG - Planning to run as the  user
[2024-07-16T09:24:33.760+0000] {taskinstance.py:1988} DEBUG - <TaskInstance: sample_dag.read_from_mysql manual__2024-07-16T09:24:32.054737+00:00 [queued]> dependency 'Trigger Rule' PASSED: True, The task instance did not have any upstream tasks.
[2024-07-16T09:24:33.761+0000] {taskinstance.py:1988} DEBUG - <TaskInstance: sample_dag.read_from_mysql manual__2024-07-16T09:24:32.054737+00:00 [queued]> dependency 'Task Instance Not Running' PASSED: True, Task is not in running state.
[2024-07-16T09:24:33.761+0000] {taskinstance.py:1988} DEBUG - <TaskInstance: sample_dag.read_from_mysql manual__2024-07-16T09:24:32.054737+00:00 [queued]> dependency 'Not In Retry Period' PASSED: True, The task instance was not marked for retrying.
[2024-07-16T09:24:33.761+0000] {taskinstance.py:1988} DEBUG - <TaskInstance: sample_dag.read_from_mysql manual__2024-07-16T09:24:32.054737+00:00 [queued]> dependency 'Task Instance State' PASSED: True, Task state queued was valid.
[2024-07-16T09:24:33.761+0000] {taskinstance.py:1988} DEBUG - <TaskInstance: sample_dag.read_from_mysql manual__2024-07-16T09:24:32.054737+00:00 [queued]> dependency 'Previous Dagrun State' PASSED: True, The task did not have depends_on_past set.
[2024-07-16T09:24:33.761+0000] {taskinstance.py:1979} INFO - Dependencies all met for dep_context=non-requeueable deps ti=<TaskInstance: sample_dag.read_from_mysql manual__2024-07-16T09:24:32.054737+00:00 [queued]>
[2024-07-16T09:24:33.763+0000] {taskinstance.py:1988} DEBUG - <TaskInstance: sample_dag.read_from_mysql manual__2024-07-16T09:24:32.054737+00:00 [queued]> dependency 'Trigger Rule' PASSED: True, The task instance did not have any upstream tasks.
[2024-07-16T09:24:33.765+0000] {taskinstance.py:1988} DEBUG - <TaskInstance: sample_dag.read_from_mysql manual__2024-07-16T09:24:32.054737+00:00 [queued]> dependency 'Task Concurrency' PASSED: True, Task concurrency is not set.
[2024-07-16T09:24:33.765+0000] {taskinstance.py:1988} DEBUG - <TaskInstance: sample_dag.read_from_mysql manual__2024-07-16T09:24:32.054737+00:00 [queued]> dependency 'Not In Retry Period' PASSED: True, The task instance was not marked for retrying.
[2024-07-16T09:24:33.767+0000] {taskinstance.py:1988} DEBUG - <TaskInstance: sample_dag.read_from_mysql manual__2024-07-16T09:24:32.054737+00:00 [queued]> dependency 'Pool Slots Available' PASSED: True, There are enough open slots in default_pool to execute the task
[2024-07-16T09:24:33.768+0000] {taskinstance.py:1988} DEBUG - <TaskInstance: sample_dag.read_from_mysql manual__2024-07-16T09:24:32.054737+00:00 [queued]> dependency 'Previous Dagrun State' PASSED: True, The task did not have depends_on_past set.
[2024-07-16T09:24:33.768+0000] {taskinstance.py:1979} INFO - Dependencies all met for dep_context=requeueable deps ti=<TaskInstance: sample_dag.read_from_mysql manual__2024-07-16T09:24:32.054737+00:00 [queued]>
[2024-07-16T09:24:33.768+0000] {taskinstance.py:2193} INFO - Starting attempt 1 of 2
[2024-07-16T09:24:33.776+0000] {taskinstance.py:2214} INFO - Executing <Task(PythonOperator): read_from_mysql> on 2024-07-16 09:24:32.054737+00:00
[2024-07-16T09:24:33.780+0000] {standard_task_runner.py:60} INFO - Started process 358 to run task
[2024-07-16T09:24:33.782+0000] {standard_task_runner.py:87} INFO - Running: ['***', 'tasks', 'run', 'sample_dag', 'read_from_mysql', 'manual__2024-07-16T09:24:32.054737+00:00', '--job-id', '1359', '--raw', '--subdir', 'DAGS_FOLDER/new.py', '--cfg-path', '/tmp/tmpy24hdgvc']
[2024-07-16T09:24:33.784+0000] {standard_task_runner.py:88} INFO - Job 1359: Subtask read_from_mysql
[2024-07-16T09:24:33.784+0000] {cli_action_loggers.py:67} DEBUG - Calling callbacks: [<function default_action_log at 0x746f87084ca0>]
[2024-07-16T09:24:33.808+0000] {taskinstance.py:991} DEBUG - previous_execution_date was called
[2024-07-16T09:24:33.812+0000] {task_command.py:423} INFO - Running <TaskInstance: sample_dag.read_from_mysql manual__2024-07-16T09:24:32.054737+00:00 [running]> on host fd06bd5975d6
[2024-07-16T09:24:33.813+0000] {settings.py:386} DEBUG - Disposing DB connection pool (PID 358)
[2024-07-16T09:24:33.813+0000] {settings.py:249} DEBUG - Setting up DB connection pool (PID 358)
[2024-07-16T09:24:33.813+0000] {settings.py:318} DEBUG - settings.prepare_engine_args(): Using NullPool
[2024-07-16T09:24:33.847+0000] {taskinstance.py:991} DEBUG - previous_execution_date was called
[2024-07-16T09:24:33.859+0000] {taskinstance.py:1769} DEBUG - Clearing XCom data
[2024-07-16T09:24:33.865+0000] {retries.py:93} DEBUG - Running RenderedTaskInstanceFields.write with retries. Try 1 of 3
[2024-07-16T09:24:33.885+0000] {retries.py:93} DEBUG - Running RenderedTaskInstanceFields._do_delete_old_records with retries. Try 1 of 3
[2024-07-16T09:24:33.893+0000] {taskinstance.py:2510} INFO - Exporting env vars: AIRFLOW_CTX_DAG_OWNER='***' AIRFLOW_CTX_DAG_ID='sample_dag' AIRFLOW_CTX_TASK_ID='read_from_mysql' AIRFLOW_CTX_EXECUTION_DATE='2024-07-16T09:24:32.054737+00:00' AIRFLOW_CTX_TRY_NUMBER='1' AIRFLOW_CTX_DAG_RUN_ID='manual__2024-07-16T09:24:32.054737+00:00'
[2024-07-16T09:24:33.894+0000] {__init__.py:115} DEBUG - Preparing lineage inlets and outlets
[2024-07-16T09:24:33.894+0000] {__init__.py:154} DEBUG - inlets: [], outlets: []
[2024-07-16T09:24:33.900+0000] {base.py:83} INFO - Using connection ID 'mysql_default' for task execution.
[2024-07-16T09:24:33.906+0000] {logging_mixin.py:188} INFO - (1,)
[2024-07-16T09:24:33.906+0000] {python.py:202} INFO - Done. Returned value was: None
[2024-07-16T09:24:33.907+0000] {__init__.py:73} DEBUG - Lineage called with inlets: [], outlets: []
[2024-07-16T09:24:33.912+0000] {taskinstance.py:549} DEBUG - Clearing next_method and next_kwargs.
[2024-07-16T09:24:33.912+0000] {taskinstance.py:1149} INFO - Marking task as SUCCESS. dag_id=sample_dag, task_id=read_from_mysql, execution_date=20240716T092432, start_date=20240716T092433, end_date=20240716T092433
[2024-07-16T09:24:33.912+0000] {taskinstance.py:527} DEBUG - Task Duration set to 0.150353
[2024-07-16T09:24:33.917+0000] {cli_action_loggers.py:85} DEBUG - Calling callbacks: []
[2024-07-16T09:24:33.954+0000] {local_task_job_runner.py:234} INFO - Task exited with return code 0
[2024-07-16T09:24:33.966+0000] {dagrun.py:876} DEBUG - number of tis tasks for <DagRun sample_dag @ 2024-07-16 09:24:32.054737+00:00: manual__2024-07-16T09:24:32.054737+00:00, state:running, queued_at: 2024-07-16 09:24:32.060917+00:00. externally triggered: True>: 0 task(s)
[2024-07-16T09:24:33.966+0000] {taskinstance.py:3309} INFO - 0 downstream tasks scheduled from follow-on schedule check
