[2024-07-17T09:17:45.115+0000] {taskinstance.py:991} DEBUG - previous_execution_date was called
[2024-07-17T09:17:45.123+0000] {__init__.py:54} DEBUG - Loading core task runner: StandardTaskRunner
[2024-07-17T09:17:45.131+0000] {taskinstance.py:991} DEBUG - previous_execution_date was called
[2024-07-17T09:17:45.133+0000] {base_task_runner.py:72} DEBUG - Planning to run as the  user
[2024-07-17T09:17:45.150+0000] {taskinstance.py:1988} DEBUG - <TaskInstance: hive_etl.create_hive_table manual__2024-07-17T09:12:38.035001+00:00 [queued]> dependency 'Not In Retry Period' PASSED: True, The task instance was not marked for retrying.
[2024-07-17T09:17:45.150+0000] {taskinstance.py:1988} DEBUG - <TaskInstance: hive_etl.create_hive_table manual__2024-07-17T09:12:38.035001+00:00 [queued]> dependency 'Task Instance State' PASSED: True, Task state queued was valid.
[2024-07-17T09:17:45.150+0000] {taskinstance.py:1988} DEBUG - <TaskInstance: hive_etl.create_hive_table manual__2024-07-17T09:12:38.035001+00:00 [queued]> dependency 'Task Instance Not Running' PASSED: True, Task is not in running state.
[2024-07-17T09:17:45.156+0000] {taskinstance.py:1988} DEBUG - <TaskInstance: hive_etl.create_hive_table manual__2024-07-17T09:12:38.035001+00:00 [queued]> dependency 'Previous Dagrun State' PASSED: True, The task did not have depends_on_past set.
[2024-07-17T09:17:45.156+0000] {taskinstance.py:1979} INFO - Dependencies all met for dep_context=non-requeueable deps ti=<TaskInstance: hive_etl.create_hive_table manual__2024-07-17T09:12:38.035001+00:00 [queued]>
[2024-07-17T09:17:45.157+0000] {taskinstance.py:1988} DEBUG - <TaskInstance: hive_etl.create_hive_table manual__2024-07-17T09:12:38.035001+00:00 [queued]> dependency 'Not In Retry Period' PASSED: True, The task instance was not marked for retrying.
[2024-07-17T09:17:45.160+0000] {taskinstance.py:1988} DEBUG - <TaskInstance: hive_etl.create_hive_table manual__2024-07-17T09:12:38.035001+00:00 [queued]> dependency 'Pool Slots Available' PASSED: True, There are enough open slots in default_pool to execute the task
[2024-07-17T09:17:45.162+0000] {taskinstance.py:1988} DEBUG - <TaskInstance: hive_etl.create_hive_table manual__2024-07-17T09:12:38.035001+00:00 [queued]> dependency 'Task Concurrency' PASSED: True, Task concurrency is not set.
[2024-07-17T09:17:45.163+0000] {taskinstance.py:1988} DEBUG - <TaskInstance: hive_etl.create_hive_table manual__2024-07-17T09:12:38.035001+00:00 [queued]> dependency 'Previous Dagrun State' PASSED: True, The task did not have depends_on_past set.
[2024-07-17T09:17:45.163+0000] {taskinstance.py:1979} INFO - Dependencies all met for dep_context=requeueable deps ti=<TaskInstance: hive_etl.create_hive_table manual__2024-07-17T09:12:38.035001+00:00 [queued]>
[2024-07-17T09:17:45.164+0000] {taskinstance.py:2193} INFO - Starting attempt 2 of 2
[2024-07-17T09:17:45.173+0000] {taskinstance.py:2214} INFO - Executing <Task(PythonOperator): create_hive_table> on 2024-07-17 09:12:38.035001+00:00
[2024-07-17T09:17:45.177+0000] {standard_task_runner.py:60} INFO - Started process 683 to run task
[2024-07-17T09:17:45.179+0000] {standard_task_runner.py:87} INFO - Running: ['***', 'tasks', 'run', 'hive_etl', 'create_hive_table', 'manual__2024-07-17T09:12:38.035001+00:00', '--job-id', '1661', '--raw', '--subdir', 'DAGS_FOLDER/new.py', '--cfg-path', '/tmp/tmpbgmgd6o0']
[2024-07-17T09:17:45.180+0000] {standard_task_runner.py:88} INFO - Job 1661: Subtask create_hive_table
[2024-07-17T09:17:45.181+0000] {cli_action_loggers.py:67} DEBUG - Calling callbacks: [<function default_action_log at 0x799cf7552f80>]
[2024-07-17T09:17:45.213+0000] {taskinstance.py:991} DEBUG - previous_execution_date was called
[2024-07-17T09:17:45.216+0000] {task_command.py:423} INFO - Running <TaskInstance: hive_etl.create_hive_table manual__2024-07-17T09:12:38.035001+00:00 [running]> on host a88c97f6715f
[2024-07-17T09:17:45.216+0000] {settings.py:386} DEBUG - Disposing DB connection pool (PID 683)
[2024-07-17T09:17:45.216+0000] {settings.py:249} DEBUG - Setting up DB connection pool (PID 683)
[2024-07-17T09:17:45.216+0000] {settings.py:318} DEBUG - settings.prepare_engine_args(): Using NullPool
[2024-07-17T09:17:45.242+0000] {taskinstance.py:991} DEBUG - previous_execution_date was called
[2024-07-17T09:17:45.244+0000] {taskinstance.py:1769} DEBUG - Clearing XCom data
[2024-07-17T09:17:45.247+0000] {retries.py:93} DEBUG - Running RenderedTaskInstanceFields.write with retries. Try 1 of 3
[2024-07-17T09:17:45.263+0000] {retries.py:93} DEBUG - Running RenderedTaskInstanceFields._do_delete_old_records with retries. Try 1 of 3
[2024-07-17T09:17:45.271+0000] {taskinstance.py:2510} INFO - Exporting env vars: AIRFLOW_CTX_DAG_OWNER='***' AIRFLOW_CTX_DAG_ID='hive_etl' AIRFLOW_CTX_TASK_ID='create_hive_table' AIRFLOW_CTX_EXECUTION_DATE='2024-07-17T09:12:38.035001+00:00' AIRFLOW_CTX_TRY_NUMBER='2' AIRFLOW_CTX_DAG_RUN_ID='manual__2024-07-17T09:12:38.035001+00:00'
[2024-07-17T09:17:45.271+0000] {__init__.py:115} DEBUG - Preparing lineage inlets and outlets
[2024-07-17T09:17:45.272+0000] {__init__.py:154} DEBUG - inlets: [], outlets: []
[2024-07-17T09:17:45.319+0000] {hive.py:609} DEBUG - TOpenSessionResp(status=TStatus(statusCode=0, infoMessages=None, sqlState=None, errorCode=None, errorMessage=None), serverProtocolVersion=5, sessionHandle=TSessionHandle(sessionId=THandleIdentifier(guid=b'\xb6\x9f\xd2)\x06_G\x81\x9ba\xc8\xd3n\xa2\xf2-', secret=b'\xdfJ\xa2!\x92\xaaH\x17\xabv\x9a\x1d}h\xc1/')), configuration={'hive.server2.thrift.resultset.default.fetch.size': '1000'})
[2024-07-17T09:17:45.320+0000] {hive.py:475} INFO - USE `default`
[2024-07-17T09:17:45.320+0000] {hive.py:479} DEBUG - TExecuteStatementReq(sessionHandle=TSessionHandle(sessionId=THandleIdentifier(guid=b'\xb6\x9f\xd2)\x06_G\x81\x9ba\xc8\xd3n\xa2\xf2-', secret=b'\xdfJ\xa2!\x92\xaaH\x17\xabv\x9a\x1d}h\xc1/')), statement='USE `default`', confOverlay=None, runAsync=False, queryTimeout=0)
[2024-07-17T09:17:45.361+0000] {hive.py:609} DEBUG - TExecuteStatementResp(status=TStatus(statusCode=0, infoMessages=None, sqlState=None, errorCode=None, errorMessage=None), operationHandle=TOperationHandle(operationId=THandleIdentifier(guid=b'\xbb\xdd\xe5\xcf\x14\x16E\x01\x8csf\x87\xd57\xa5\x9d', secret=b"\x10\x90s\x8c\xa4=GI\xb4s'\x1e\xec\x90|7"), operationType=0, hasResultSet=False, modifiedRowCount=None))
[2024-07-17T09:17:45.362+0000] {hive.py:609} DEBUG - TCloseOperationResp(status=TStatus(statusCode=0, infoMessages=None, sqlState=None, errorCode=None, errorMessage=None))
[2024-07-17T09:17:45.362+0000] {hive.py:475} INFO - 
    CREATE TABLE IF NOT EXISTS my_table (
        id INT,
        name STRING
    )
    ROW FORMAT DELIMITED
    FIELDS TERMINATED BY ','
    STORED AS TEXTFILE
    
[2024-07-17T09:17:45.362+0000] {hive.py:479} DEBUG - TExecuteStatementReq(sessionHandle=TSessionHandle(sessionId=THandleIdentifier(guid=b'\xb6\x9f\xd2)\x06_G\x81\x9ba\xc8\xd3n\xa2\xf2-', secret=b'\xdfJ\xa2!\x92\xaaH\x17\xabv\x9a\x1d}h\xc1/')), statement="\n    CREATE TABLE IF NOT EXISTS my_table (\n        id INT,\n        name STRING\n    )\n    ROW FORMAT DELIMITED\n    FIELDS TERMINATED BY ','\n    STORED AS TEXTFILE\n    ", confOverlay=None, runAsync=False, queryTimeout=0)
[2024-07-17T09:17:45.376+0000] {hive.py:609} DEBUG - TExecuteStatementResp(status=TStatus(statusCode=0, infoMessages=None, sqlState=None, errorCode=None, errorMessage=None), operationHandle=TOperationHandle(operationId=THandleIdentifier(guid=b'\xdc\xb9)\xb6\x8b\x9fO\xde\xbeT\xb1\x8f\x82\xed\xedj', secret=b'>"\x0b\x08x\x17O\xf6\x80\xbf\x9dar\n\x10\x9d'), operationType=0, hasResultSet=False, modifiedRowCount=None))
[2024-07-17T09:17:45.381+0000] {hive.py:609} DEBUG - TCloseSessionResp(status=TStatus(statusCode=0, infoMessages=None, sqlState=None, errorCode=None, errorMessage=None))
[2024-07-17T09:17:45.381+0000] {python.py:202} INFO - Done. Returned value was: None
[2024-07-17T09:17:45.381+0000] {__init__.py:73} DEBUG - Lineage called with inlets: [], outlets: []
[2024-07-17T09:17:45.388+0000] {taskinstance.py:549} DEBUG - Clearing next_method and next_kwargs.
[2024-07-17T09:17:45.388+0000] {taskinstance.py:1149} INFO - Marking task as SUCCESS. dag_id=hive_etl, task_id=create_hive_table, execution_date=20240717T091238, start_date=20240717T091745, end_date=20240717T091745
[2024-07-17T09:17:45.388+0000] {taskinstance.py:527} DEBUG - Task Duration set to 0.23124
[2024-07-17T09:17:45.398+0000] {cli_action_loggers.py:85} DEBUG - Calling callbacks: []
[2024-07-17T09:17:45.431+0000] {local_task_job_runner.py:234} INFO - Task exited with return code 0
[2024-07-17T09:17:45.445+0000] {dagrun.py:876} DEBUG - number of tis tasks for <DagRun hive_etl @ 2024-07-17 09:12:38.035001+00:00: manual__2024-07-17T09:12:38.035001+00:00, state:running, queued_at: 2024-07-17 09:12:38.051902+00:00. externally triggered: True>: 3 task(s)
[2024-07-17T09:17:45.445+0000] {dagrun.py:897} DEBUG - number of scheduleable tasks for <DagRun hive_etl @ 2024-07-17 09:12:38.035001+00:00: manual__2024-07-17T09:12:38.035001+00:00, state:running, queued_at: 2024-07-17 09:12:38.051902+00:00. externally triggered: True>: 2 task(s)
[2024-07-17T09:17:45.445+0000] {taskinstance.py:1988} DEBUG - <TaskInstance: hive_etl.load_data_into_hive manual__2024-07-17T09:12:38.035001+00:00 [None]> dependency 'Not In Retry Period' PASSED: True, The task instance was not marked for retrying.
[2024-07-17T09:17:45.446+0000] {taskinstance.py:1988} DEBUG - <TaskInstance: hive_etl.load_data_into_hive manual__2024-07-17T09:12:38.035001+00:00 [None]> dependency 'Previous Dagrun State' PASSED: True, The task did not have depends_on_past set.
[2024-07-17T09:17:45.446+0000] {taskinstance.py:1979} DEBUG - Dependencies all met for dep_context=None ti=<TaskInstance: hive_etl.load_data_into_hive manual__2024-07-17T09:12:38.035001+00:00 [None]>
[2024-07-17T09:17:45.446+0000] {taskinstance.py:1988} DEBUG - <TaskInstance: hive_etl.end manual__2024-07-17T09:12:38.035001+00:00 [None]> dependency 'Not In Retry Period' PASSED: True, The task instance was not marked for retrying.
[2024-07-17T09:17:45.447+0000] {taskinstance.py:1988} DEBUG - <TaskInstance: hive_etl.end manual__2024-07-17T09:12:38.035001+00:00 [None]> dependency 'Trigger Rule' PASSED: False, Task's trigger rule 'all_success' requires all upstream tasks to have succeeded, but found 1 non-success(es). upstream_states=_UpstreamTIStates(success=0, skipped=0, failed=0, upstream_failed=0, removed=0, done=0, success_setup=0, skipped_setup=0), upstream_task_ids={'load_data_into_hive'}
[2024-07-17T09:17:45.447+0000] {taskinstance.py:1969} DEBUG - Dependencies not met for <TaskInstance: hive_etl.end manual__2024-07-17T09:12:38.035001+00:00 [None]>, dependency 'Trigger Rule' FAILED: Task's trigger rule 'all_success' requires all upstream tasks to have succeeded, but found 1 non-success(es). upstream_states=_UpstreamTIStates(success=0, skipped=0, failed=0, upstream_failed=0, removed=0, done=0, success_setup=0, skipped_setup=0), upstream_task_ids={'load_data_into_hive'}
[2024-07-17T09:17:45.447+0000] {taskinstance.py:1988} DEBUG - <TaskInstance: hive_etl.end manual__2024-07-17T09:12:38.035001+00:00 [None]> dependency 'Previous Dagrun State' PASSED: True, The task did not have depends_on_past set.
[2024-07-17T09:17:45.455+0000] {taskinstance.py:3309} INFO - 1 downstream tasks scheduled from follow-on schedule check
