[2024-07-10T04:08:23.659+0000] {taskinstance.py:991} DEBUG - previous_execution_date was called
[2024-07-10T04:08:23.691+0000] {__init__.py:54} DEBUG - Loading core task runner: StandardTaskRunner
[2024-07-10T04:08:23.714+0000] {taskinstance.py:991} DEBUG - previous_execution_date was called
[2024-07-10T04:08:23.725+0000] {base_task_runner.py:72} DEBUG - Planning to run as the  user
[2024-07-10T04:08:23.761+0000] {taskinstance.py:1988} DEBUG - <TaskInstance: hello_world_dag.print_hello scheduled__2023-11-22T00:00:00+00:00 [queued]> dependency 'Task Instance State' PASSED: True, Task state queued was valid.
[2024-07-10T04:08:23.773+0000] {taskinstance.py:1988} DEBUG - <TaskInstance: hello_world_dag.print_hello scheduled__2023-11-22T00:00:00+00:00 [queued]> dependency 'Previous Dagrun State' PASSED: True, The task did not have depends_on_past set.
[2024-07-10T04:08:23.774+0000] {taskinstance.py:1988} DEBUG - <TaskInstance: hello_world_dag.print_hello scheduled__2023-11-22T00:00:00+00:00 [queued]> dependency 'Not In Retry Period' PASSED: True, The task instance was not marked for retrying.
[2024-07-10T04:08:23.775+0000] {taskinstance.py:1988} DEBUG - <TaskInstance: hello_world_dag.print_hello scheduled__2023-11-22T00:00:00+00:00 [queued]> dependency 'Task Instance Not Running' PASSED: True, Task is not in running state.
[2024-07-10T04:08:23.775+0000] {taskinstance.py:1988} DEBUG - <TaskInstance: hello_world_dag.print_hello scheduled__2023-11-22T00:00:00+00:00 [queued]> dependency 'Trigger Rule' PASSED: True, The task instance did not have any upstream tasks.
[2024-07-10T04:08:23.775+0000] {taskinstance.py:1979} INFO - Dependencies all met for dep_context=non-requeueable deps ti=<TaskInstance: hello_world_dag.print_hello scheduled__2023-11-22T00:00:00+00:00 [queued]>
[2024-07-10T04:08:23.791+0000] {taskinstance.py:1988} DEBUG - <TaskInstance: hello_world_dag.print_hello scheduled__2023-11-22T00:00:00+00:00 [queued]> dependency 'Pool Slots Available' PASSED: True, There are enough open slots in default_pool to execute the task
[2024-07-10T04:08:23.792+0000] {taskinstance.py:1988} DEBUG - <TaskInstance: hello_world_dag.print_hello scheduled__2023-11-22T00:00:00+00:00 [queued]> dependency 'Previous Dagrun State' PASSED: True, The task did not have depends_on_past set.
[2024-07-10T04:08:23.792+0000] {taskinstance.py:1988} DEBUG - <TaskInstance: hello_world_dag.print_hello scheduled__2023-11-22T00:00:00+00:00 [queued]> dependency 'Task Concurrency' PASSED: True, Task concurrency is not set.
[2024-07-10T04:08:23.792+0000] {taskinstance.py:1988} DEBUG - <TaskInstance: hello_world_dag.print_hello scheduled__2023-11-22T00:00:00+00:00 [queued]> dependency 'Not In Retry Period' PASSED: True, The task instance was not marked for retrying.
[2024-07-10T04:08:23.793+0000] {taskinstance.py:1988} DEBUG - <TaskInstance: hello_world_dag.print_hello scheduled__2023-11-22T00:00:00+00:00 [queued]> dependency 'Trigger Rule' PASSED: True, The task instance did not have any upstream tasks.
[2024-07-10T04:08:23.793+0000] {taskinstance.py:1979} INFO - Dependencies all met for dep_context=requeueable deps ti=<TaskInstance: hello_world_dag.print_hello scheduled__2023-11-22T00:00:00+00:00 [queued]>
[2024-07-10T04:08:23.793+0000] {taskinstance.py:2193} INFO - Starting attempt 1 of 2
[2024-07-10T04:08:23.813+0000] {taskinstance.py:2214} INFO - Executing <Task(PythonOperator): print_hello> on 2023-11-22 00:00:00+00:00
[2024-07-10T04:08:23.830+0000] {standard_task_runner.py:60} INFO - Started process 1088 to run task
[2024-07-10T04:08:23.834+0000] {standard_task_runner.py:87} INFO - Running: ['***', 'tasks', 'run', 'hello_world_dag', 'print_hello', 'scheduled__2023-11-22T00:00:00+00:00', '--job-id', '344', '--raw', '--subdir', 'DAGS_FOLDER/ex.py', '--cfg-path', '/tmp/tmpgqlmh7xy']
[2024-07-10T04:08:23.838+0000] {standard_task_runner.py:88} INFO - Job 344: Subtask print_hello
[2024-07-10T04:08:23.839+0000] {cli_action_loggers.py:67} DEBUG - Calling callbacks: [<function default_action_log at 0x71a377f20ca0>]
[2024-07-10T04:08:23.898+0000] {taskinstance.py:991} DEBUG - previous_execution_date was called
[2024-07-10T04:08:23.909+0000] {task_command.py:423} INFO - Running <TaskInstance: hello_world_dag.print_hello scheduled__2023-11-22T00:00:00+00:00 [running]> on host 1e6d8c5e82dd
[2024-07-10T04:08:23.909+0000] {settings.py:386} DEBUG - Disposing DB connection pool (PID 1088)
[2024-07-10T04:08:23.910+0000] {settings.py:249} DEBUG - Setting up DB connection pool (PID 1088)
[2024-07-10T04:08:23.910+0000] {settings.py:318} DEBUG - settings.prepare_engine_args(): Using NullPool
[2024-07-10T04:08:23.957+0000] {taskinstance.py:991} DEBUG - previous_execution_date was called
[2024-07-10T04:08:23.965+0000] {taskinstance.py:1769} DEBUG - Clearing XCom data
[2024-07-10T04:08:23.973+0000] {retries.py:93} DEBUG - Running RenderedTaskInstanceFields.write with retries. Try 1 of 3
[2024-07-10T04:08:24.000+0000] {retries.py:93} DEBUG - Running RenderedTaskInstanceFields._do_delete_old_records with retries. Try 1 of 3
[2024-07-10T04:08:24.015+0000] {taskinstance.py:2510} INFO - Exporting env vars: AIRFLOW_CTX_DAG_OWNER='***' AIRFLOW_CTX_DAG_ID='hello_world_dag' AIRFLOW_CTX_TASK_ID='print_hello' AIRFLOW_CTX_EXECUTION_DATE='2023-11-22T00:00:00+00:00' AIRFLOW_CTX_TRY_NUMBER='1' AIRFLOW_CTX_DAG_RUN_ID='scheduled__2023-11-22T00:00:00+00:00'
[2024-07-10T04:08:24.016+0000] {__init__.py:115} DEBUG - Preparing lineage inlets and outlets
[2024-07-10T04:08:24.018+0000] {__init__.py:154} DEBUG - inlets: [], outlets: []
[2024-07-10T04:08:24.019+0000] {logging_mixin.py:188} INFO - Hello World
[2024-07-10T04:08:24.019+0000] {python.py:202} INFO - Done. Returned value was: None
[2024-07-10T04:08:24.020+0000] {__init__.py:73} DEBUG - Lineage called with inlets: [], outlets: []
[2024-07-10T04:08:24.030+0000] {taskinstance.py:549} DEBUG - Clearing next_method and next_kwargs.
[2024-07-10T04:08:24.031+0000] {taskinstance.py:1149} INFO - Marking task as SUCCESS. dag_id=hello_world_dag, task_id=print_hello, execution_date=20231122T000000, start_date=20240710T040823, end_date=20240710T040824
[2024-07-10T04:08:24.031+0000] {taskinstance.py:527} DEBUG - Task Duration set to 0.254924
[2024-07-10T04:08:24.043+0000] {cli_action_loggers.py:85} DEBUG - Calling callbacks: []
[2024-07-10T04:08:24.087+0000] {local_task_job_runner.py:234} INFO - Task exited with return code 0
[2024-07-10T04:08:24.104+0000] {dagrun.py:876} DEBUG - number of tis tasks for <DagRun hello_world_dag @ 2023-11-22 00:00:00+00:00: scheduled__2023-11-22T00:00:00+00:00, state:running, queued_at: 2024-07-10 04:08:21.015515+00:00. externally triggered: False>: 0 task(s)
[2024-07-10T04:08:24.104+0000] {taskinstance.py:3309} INFO - 0 downstream tasks scheduled from follow-on schedule check
