[2024-07-16T09:13:01.158+0000] {taskinstance.py:991} DEBUG - previous_execution_date was called
[2024-07-16T09:13:01.167+0000] {__init__.py:54} DEBUG - Loading core task runner: StandardTaskRunner
[2024-07-16T09:13:01.176+0000] {taskinstance.py:991} DEBUG - previous_execution_date was called
[2024-07-16T09:13:01.178+0000] {base_task_runner.py:72} DEBUG - Planning to run as the  user
[2024-07-16T09:13:01.198+0000] {taskinstance.py:1988} DEBUG - <TaskInstance: sample_dag.read_from_mysql manual__2024-07-16T08:56:54.898129+00:00 [queued]> dependency 'Trigger Rule' PASSED: True, The task instance did not have any upstream tasks.
[2024-07-16T09:13:01.199+0000] {taskinstance.py:1988} DEBUG - <TaskInstance: sample_dag.read_from_mysql manual__2024-07-16T08:56:54.898129+00:00 [queued]> dependency 'Task Instance Not Running' PASSED: True, Task is not in running state.
[2024-07-16T09:13:01.199+0000] {taskinstance.py:1988} DEBUG - <TaskInstance: sample_dag.read_from_mysql manual__2024-07-16T08:56:54.898129+00:00 [queued]> dependency 'Not In Retry Period' PASSED: True, The task instance was not marked for retrying.
[2024-07-16T09:13:01.199+0000] {taskinstance.py:1988} DEBUG - <TaskInstance: sample_dag.read_from_mysql manual__2024-07-16T08:56:54.898129+00:00 [queued]> dependency 'Task Instance State' PASSED: True, Task state queued was valid.
[2024-07-16T09:13:01.199+0000] {taskinstance.py:1988} DEBUG - <TaskInstance: sample_dag.read_from_mysql manual__2024-07-16T08:56:54.898129+00:00 [queued]> dependency 'Previous Dagrun State' PASSED: True, The task did not have depends_on_past set.
[2024-07-16T09:13:01.199+0000] {taskinstance.py:1979} INFO - Dependencies all met for dep_context=non-requeueable deps ti=<TaskInstance: sample_dag.read_from_mysql manual__2024-07-16T08:56:54.898129+00:00 [queued]>
[2024-07-16T09:13:01.201+0000] {taskinstance.py:1988} DEBUG - <TaskInstance: sample_dag.read_from_mysql manual__2024-07-16T08:56:54.898129+00:00 [queued]> dependency 'Trigger Rule' PASSED: True, The task instance did not have any upstream tasks.
[2024-07-16T09:13:01.202+0000] {taskinstance.py:1988} DEBUG - <TaskInstance: sample_dag.read_from_mysql manual__2024-07-16T08:56:54.898129+00:00 [queued]> dependency 'Task Concurrency' PASSED: True, Task concurrency is not set.
[2024-07-16T09:13:01.202+0000] {taskinstance.py:1988} DEBUG - <TaskInstance: sample_dag.read_from_mysql manual__2024-07-16T08:56:54.898129+00:00 [queued]> dependency 'Not In Retry Period' PASSED: True, The task instance was not marked for retrying.
[2024-07-16T09:13:01.205+0000] {taskinstance.py:1988} DEBUG - <TaskInstance: sample_dag.read_from_mysql manual__2024-07-16T08:56:54.898129+00:00 [queued]> dependency 'Pool Slots Available' PASSED: True, There are enough open slots in default_pool to execute the task
[2024-07-16T09:13:01.205+0000] {taskinstance.py:1988} DEBUG - <TaskInstance: sample_dag.read_from_mysql manual__2024-07-16T08:56:54.898129+00:00 [queued]> dependency 'Previous Dagrun State' PASSED: True, The task did not have depends_on_past set.
[2024-07-16T09:13:01.205+0000] {taskinstance.py:1979} INFO - Dependencies all met for dep_context=requeueable deps ti=<TaskInstance: sample_dag.read_from_mysql manual__2024-07-16T08:56:54.898129+00:00 [queued]>
[2024-07-16T09:13:01.205+0000] {taskinstance.py:2193} INFO - Starting attempt 1 of 2
[2024-07-16T09:13:01.214+0000] {taskinstance.py:2214} INFO - Executing <Task(PythonOperator): read_from_mysql> on 2024-07-16 08:56:54.898129+00:00
[2024-07-16T09:13:01.218+0000] {standard_task_runner.py:60} INFO - Started process 136 to run task
[2024-07-16T09:13:01.220+0000] {standard_task_runner.py:87} INFO - Running: ['***', 'tasks', 'run', 'sample_dag', 'read_from_mysql', 'manual__2024-07-16T08:56:54.898129+00:00', '--job-id', '1337', '--raw', '--subdir', 'DAGS_FOLDER/new.py', '--cfg-path', '/tmp/tmpf89h5v_9']
[2024-07-16T09:13:01.222+0000] {standard_task_runner.py:88} INFO - Job 1337: Subtask read_from_mysql
[2024-07-16T09:13:01.222+0000] {cli_action_loggers.py:67} DEBUG - Calling callbacks: [<function default_action_log at 0x746f87084ca0>]
[2024-07-16T09:13:01.268+0000] {taskinstance.py:991} DEBUG - previous_execution_date was called
[2024-07-16T09:13:01.270+0000] {task_command.py:423} INFO - Running <TaskInstance: sample_dag.read_from_mysql manual__2024-07-16T08:56:54.898129+00:00 [running]> on host fd06bd5975d6
[2024-07-16T09:13:01.270+0000] {settings.py:386} DEBUG - Disposing DB connection pool (PID 136)
[2024-07-16T09:13:01.271+0000] {settings.py:249} DEBUG - Setting up DB connection pool (PID 136)
[2024-07-16T09:13:01.271+0000] {settings.py:318} DEBUG - settings.prepare_engine_args(): Using NullPool
[2024-07-16T09:13:01.295+0000] {taskinstance.py:991} DEBUG - previous_execution_date was called
[2024-07-16T09:13:01.296+0000] {taskinstance.py:1769} DEBUG - Clearing XCom data
[2024-07-16T09:13:01.300+0000] {retries.py:93} DEBUG - Running RenderedTaskInstanceFields.write with retries. Try 1 of 3
[2024-07-16T09:13:01.316+0000] {retries.py:93} DEBUG - Running RenderedTaskInstanceFields._do_delete_old_records with retries. Try 1 of 3
[2024-07-16T09:13:01.333+0000] {taskinstance.py:2510} INFO - Exporting env vars: AIRFLOW_CTX_DAG_OWNER='***' AIRFLOW_CTX_DAG_ID='sample_dag' AIRFLOW_CTX_TASK_ID='read_from_mysql' AIRFLOW_CTX_EXECUTION_DATE='2024-07-16T08:56:54.898129+00:00' AIRFLOW_CTX_TRY_NUMBER='1' AIRFLOW_CTX_DAG_RUN_ID='manual__2024-07-16T08:56:54.898129+00:00'
[2024-07-16T09:13:01.334+0000] {__init__.py:115} DEBUG - Preparing lineage inlets and outlets
[2024-07-16T09:13:01.335+0000] {__init__.py:154} DEBUG - inlets: [], outlets: []
[2024-07-16T09:13:01.347+0000] {base.py:83} INFO - Using connection ID 'mysql_default' for task execution.
[2024-07-16T09:13:06.263+0000] {job.py:209} DEBUG - [heartbeat]
[2024-07-16T09:13:11.346+0000] {job.py:209} DEBUG - [heartbeat]
[2024-07-16T09:13:16.401+0000] {job.py:209} DEBUG - [heartbeat]
[2024-07-16T09:13:21.446+0000] {job.py:209} DEBUG - [heartbeat]
[2024-07-16T09:13:26.500+0000] {job.py:209} DEBUG - [heartbeat]
[2024-07-16T09:13:31.585+0000] {job.py:209} DEBUG - [heartbeat]
[2024-07-16T09:13:34.950+0000] {taskinstance.py:2728} ERROR - Task failed with exception
Traceback (most recent call last):
  File "/home/airflow/.local/lib/python3.10/site-packages/airflow/models/taskinstance.py", line 444, in _execute_task
    result = _execute_callable(context=context, **execute_callable_kwargs)
  File "/home/airflow/.local/lib/python3.10/site-packages/airflow/models/taskinstance.py", line 414, in _execute_callable
    return execute_callable(context=context, **execute_callable_kwargs)
  File "/home/airflow/.local/lib/python3.10/site-packages/airflow/operators/python.py", line 200, in execute
    return_value = self.execute_callable()
  File "/home/airflow/.local/lib/python3.10/site-packages/airflow/operators/python.py", line 217, in execute_callable
    return self.python_callable(*self.op_args, **self.op_kwargs)
  File "/opt/airflow/dags/new.py", line 8, in read_from_mysql
    connection = mysql_hook.get_conn()
  File "/home/airflow/.local/lib/python3.10/site-packages/airflow/providers/mysql/hooks/mysql.py", line 195, in get_conn
    return MySQLdb.connect(**conn_config)
  File "/home/airflow/.local/lib/python3.10/site-packages/MySQLdb/__init__.py", line 121, in Connect
    return Connection(*args, **kwargs)
  File "/home/airflow/.local/lib/python3.10/site-packages/MySQLdb/connections.py", line 195, in __init__
    super().__init__(*args, **kwargs2)
MySQLdb.OperationalError: (2005, "Unknown server host 'mysql_container' (-3)")
[2024-07-16T09:13:34.957+0000] {taskinstance.py:527} DEBUG - Task Duration set to 33.757667
[2024-07-16T09:13:34.958+0000] {taskinstance.py:549} DEBUG - Clearing next_method and next_kwargs.
[2024-07-16T09:13:34.958+0000] {taskinstance.py:1149} INFO - Marking task as UP_FOR_RETRY. dag_id=sample_dag, task_id=read_from_mysql, execution_date=20240716T085654, start_date=20240716T091301, end_date=20240716T091334
[2024-07-16T09:13:34.967+0000] {cli_action_loggers.py:85} DEBUG - Calling callbacks: []
[2024-07-16T09:13:34.967+0000] {standard_task_runner.py:107} ERROR - Failed to execute job 1337 for task read_from_mysql ((2005, "Unknown server host 'mysql_container' (-3)"); 136)
[2024-07-16T09:13:35.010+0000] {local_task_job_runner.py:234} INFO - Task exited with return code 1
[2024-07-16T09:13:35.021+0000] {dagrun.py:876} DEBUG - number of tis tasks for <DagRun sample_dag @ 2024-07-16 08:56:54.898129+00:00: manual__2024-07-16T08:56:54.898129+00:00, state:running, queued_at: 2024-07-16 08:56:54.905458+00:00. externally triggered: True>: 0 task(s)
[2024-07-16T09:13:35.021+0000] {taskinstance.py:3309} INFO - 0 downstream tasks scheduled from follow-on schedule check
