[2024-07-17T09:55:08.597+0000] {taskinstance.py:991} DEBUG - previous_execution_date was called
[2024-07-17T09:55:08.631+0000] {__init__.py:54} DEBUG - Loading core task runner: StandardTaskRunner
[2024-07-17T09:55:08.681+0000] {taskinstance.py:991} DEBUG - previous_execution_date was called
[2024-07-17T09:55:08.703+0000] {base_task_runner.py:72} DEBUG - Planning to run as the  user
[2024-07-17T09:55:08.785+0000] {taskinstance.py:1988} DEBUG - <TaskInstance: hive_etl.extract_from_mysql scheduled__2023-05-04T00:00:00+00:00 [queued]> dependency 'Task Instance State' PASSED: True, Task state queued was valid.
[2024-07-17T09:55:08.797+0000] {taskinstance.py:1988} DEBUG - <TaskInstance: hive_etl.extract_from_mysql scheduled__2023-05-04T00:00:00+00:00 [queued]> dependency 'Previous Dagrun State' PASSED: True, The task did not have depends_on_past set.
[2024-07-17T09:55:08.797+0000] {taskinstance.py:1988} DEBUG - <TaskInstance: hive_etl.extract_from_mysql scheduled__2023-05-04T00:00:00+00:00 [queued]> dependency 'Task Instance Not Running' PASSED: True, Task is not in running state.
[2024-07-17T09:55:08.798+0000] {taskinstance.py:1988} DEBUG - <TaskInstance: hive_etl.extract_from_mysql scheduled__2023-05-04T00:00:00+00:00 [queued]> dependency 'Not In Retry Period' PASSED: True, The task instance was not marked for retrying.
[2024-07-17T09:55:08.798+0000] {taskinstance.py:1979} INFO - Dependencies all met for dep_context=non-requeueable deps ti=<TaskInstance: hive_etl.extract_from_mysql scheduled__2023-05-04T00:00:00+00:00 [queued]>
[2024-07-17T09:55:08.809+0000] {taskinstance.py:1988} DEBUG - <TaskInstance: hive_etl.extract_from_mysql scheduled__2023-05-04T00:00:00+00:00 [queued]> dependency 'Previous Dagrun State' PASSED: True, The task did not have depends_on_past set.
[2024-07-17T09:55:08.817+0000] {taskinstance.py:1988} DEBUG - <TaskInstance: hive_etl.extract_from_mysql scheduled__2023-05-04T00:00:00+00:00 [queued]> dependency 'Pool Slots Available' PASSED: True, There are enough open slots in default_pool to execute the task
[2024-07-17T09:55:08.817+0000] {taskinstance.py:1988} DEBUG - <TaskInstance: hive_etl.extract_from_mysql scheduled__2023-05-04T00:00:00+00:00 [queued]> dependency 'Task Concurrency' PASSED: True, Task concurrency is not set.
[2024-07-17T09:55:08.818+0000] {taskinstance.py:1988} DEBUG - <TaskInstance: hive_etl.extract_from_mysql scheduled__2023-05-04T00:00:00+00:00 [queued]> dependency 'Not In Retry Period' PASSED: True, The task instance was not marked for retrying.
[2024-07-17T09:55:08.818+0000] {taskinstance.py:1979} INFO - Dependencies all met for dep_context=requeueable deps ti=<TaskInstance: hive_etl.extract_from_mysql scheduled__2023-05-04T00:00:00+00:00 [queued]>
[2024-07-17T09:55:08.818+0000] {taskinstance.py:2193} INFO - Starting attempt 1 of 2
[2024-07-17T09:55:08.845+0000] {taskinstance.py:2214} INFO - Executing <Task(PythonOperator): extract_from_mysql> on 2023-05-04 00:00:00+00:00
[2024-07-17T09:55:08.868+0000] {standard_task_runner.py:60} INFO - Started process 646 to run task
[2024-07-17T09:55:08.886+0000] {standard_task_runner.py:87} INFO - Running: ['***', 'tasks', 'run', 'hive_etl', 'extract_from_mysql', 'scheduled__2023-05-04T00:00:00+00:00', '--job-id', '1957', '--raw', '--subdir', 'DAGS_FOLDER/new.py', '--cfg-path', '/tmp/tmpngf0ctyo']
[2024-07-17T09:55:08.889+0000] {standard_task_runner.py:88} INFO - Job 1957: Subtask extract_from_mysql
[2024-07-17T09:55:08.890+0000] {cli_action_loggers.py:67} DEBUG - Calling callbacks: [<function default_action_log at 0x7a4457f56f80>]
[2024-07-17T09:55:09.017+0000] {taskinstance.py:991} DEBUG - previous_execution_date was called
[2024-07-17T09:55:09.028+0000] {task_command.py:423} INFO - Running <TaskInstance: hive_etl.extract_from_mysql scheduled__2023-05-04T00:00:00+00:00 [running]> on host d0d849f06491
[2024-07-17T09:55:09.028+0000] {settings.py:386} DEBUG - Disposing DB connection pool (PID 646)
[2024-07-17T09:55:09.029+0000] {settings.py:249} DEBUG - Setting up DB connection pool (PID 646)
[2024-07-17T09:55:09.029+0000] {settings.py:318} DEBUG - settings.prepare_engine_args(): Using NullPool
[2024-07-17T09:55:09.109+0000] {taskinstance.py:991} DEBUG - previous_execution_date was called
[2024-07-17T09:55:09.113+0000] {taskinstance.py:1769} DEBUG - Clearing XCom data
[2024-07-17T09:55:09.124+0000] {retries.py:93} DEBUG - Running RenderedTaskInstanceFields.write with retries. Try 1 of 3
[2024-07-17T09:55:09.171+0000] {retries.py:93} DEBUG - Running RenderedTaskInstanceFields._do_delete_old_records with retries. Try 1 of 3
[2024-07-17T09:55:09.191+0000] {taskinstance.py:2510} INFO - Exporting env vars: AIRFLOW_CTX_DAG_OWNER='***' AIRFLOW_CTX_DAG_ID='hive_etl' AIRFLOW_CTX_TASK_ID='extract_from_mysql' AIRFLOW_CTX_EXECUTION_DATE='2023-05-04T00:00:00+00:00' AIRFLOW_CTX_TRY_NUMBER='1' AIRFLOW_CTX_DAG_RUN_ID='scheduled__2023-05-04T00:00:00+00:00'
[2024-07-17T09:55:09.194+0000] {__init__.py:115} DEBUG - Preparing lineage inlets and outlets
[2024-07-17T09:55:09.196+0000] {__init__.py:154} DEBUG - inlets: [], outlets: []
[2024-07-17T09:55:09.251+0000] {base.py:83} INFO - Using connection ID 'mysql_default' for task execution.
[2024-07-17T09:55:09.515+0000] {warnings.py:109} WARNING - /home/***/.local/lib/python3.10/site-packages/***/providers/common/sql/hooks/sql.py:227: UserWarning: pandas only supports SQLAlchemy connectable (engine/connection) or database string URI or sqlite3 DBAPI2 connection. Other DBAPI2 objects are not tested. Please consider using SQLAlchemy.
  return psql.read_sql(sql, con=conn, params=parameters, **kwargs)

