[2024-07-17T10:05:13.837+0000] {taskinstance.py:991} DEBUG - previous_execution_date was called
[2024-07-17T10:05:13.845+0000] {__init__.py:54} DEBUG - Loading core task runner: StandardTaskRunner
[2024-07-17T10:05:13.854+0000] {taskinstance.py:991} DEBUG - previous_execution_date was called
[2024-07-17T10:05:13.856+0000] {base_task_runner.py:72} DEBUG - Planning to run as the  user
[2024-07-17T10:05:13.869+0000] {taskinstance.py:1988} DEBUG - <TaskInstance: hive_etl.create_hive_table scheduled__2023-05-04T00:00:00+00:00 [queued]> dependency 'Previous Dagrun State' PASSED: True, The task did not have depends_on_past set.
[2024-07-17T10:05:13.873+0000] {taskinstance.py:1988} DEBUG - <TaskInstance: hive_etl.create_hive_table scheduled__2023-05-04T00:00:00+00:00 [queued]> dependency 'Task Instance Not Running' PASSED: True, Task is not in running state.
[2024-07-17T10:05:13.873+0000] {taskinstance.py:1988} DEBUG - <TaskInstance: hive_etl.create_hive_table scheduled__2023-05-04T00:00:00+00:00 [queued]> dependency 'Not In Retry Period' PASSED: True, The task instance was not marked for retrying.
[2024-07-17T10:05:13.874+0000] {taskinstance.py:1988} DEBUG - <TaskInstance: hive_etl.create_hive_table scheduled__2023-05-04T00:00:00+00:00 [queued]> dependency 'Task Instance State' PASSED: True, Task state queued was valid.
[2024-07-17T10:05:13.874+0000] {taskinstance.py:1979} INFO - Dependencies all met for dep_context=non-requeueable deps ti=<TaskInstance: hive_etl.create_hive_table scheduled__2023-05-04T00:00:00+00:00 [queued]>
[2024-07-17T10:05:13.874+0000] {taskinstance.py:1988} DEBUG - <TaskInstance: hive_etl.create_hive_table scheduled__2023-05-04T00:00:00+00:00 [queued]> dependency 'Task Concurrency' PASSED: True, Task concurrency is not set.
[2024-07-17T10:05:13.874+0000] {taskinstance.py:1988} DEBUG - <TaskInstance: hive_etl.create_hive_table scheduled__2023-05-04T00:00:00+00:00 [queued]> dependency 'Previous Dagrun State' PASSED: True, The task did not have depends_on_past set.
[2024-07-17T10:05:13.876+0000] {taskinstance.py:1988} DEBUG - <TaskInstance: hive_etl.create_hive_table scheduled__2023-05-04T00:00:00+00:00 [queued]> dependency 'Not In Retry Period' PASSED: True, The task instance was not marked for retrying.
[2024-07-17T10:05:13.880+0000] {taskinstance.py:1988} DEBUG - <TaskInstance: hive_etl.create_hive_table scheduled__2023-05-04T00:00:00+00:00 [queued]> dependency 'Pool Slots Available' PASSED: True, There are enough open slots in default_pool to execute the task
[2024-07-17T10:05:13.880+0000] {taskinstance.py:1979} INFO - Dependencies all met for dep_context=requeueable deps ti=<TaskInstance: hive_etl.create_hive_table scheduled__2023-05-04T00:00:00+00:00 [queued]>
[2024-07-17T10:05:13.880+0000] {taskinstance.py:2193} INFO - Starting attempt 1 of 2
[2024-07-17T10:05:13.888+0000] {taskinstance.py:2214} INFO - Executing <Task(PythonOperator): create_hive_table> on 2023-05-04 00:00:00+00:00
[2024-07-17T10:05:13.893+0000] {standard_task_runner.py:60} INFO - Started process 259 to run task
[2024-07-17T10:05:13.895+0000] {standard_task_runner.py:87} INFO - Running: ['***', 'tasks', 'run', 'hive_etl', 'create_hive_table', 'scheduled__2023-05-04T00:00:00+00:00', '--job-id', '1995', '--raw', '--subdir', 'DAGS_FOLDER/new.py', '--cfg-path', '/tmp/tmpx1tt21yx']
[2024-07-17T10:05:13.896+0000] {standard_task_runner.py:88} INFO - Job 1995: Subtask create_hive_table
[2024-07-17T10:05:13.897+0000] {cli_action_loggers.py:67} DEBUG - Calling callbacks: [<function default_action_log at 0x74ba8524ef80>]
[2024-07-17T10:05:13.927+0000] {taskinstance.py:991} DEBUG - previous_execution_date was called
[2024-07-17T10:05:13.929+0000] {task_command.py:423} INFO - Running <TaskInstance: hive_etl.create_hive_table scheduled__2023-05-04T00:00:00+00:00 [running]> on host d0d849f06491
[2024-07-17T10:05:13.930+0000] {settings.py:386} DEBUG - Disposing DB connection pool (PID 259)
[2024-07-17T10:05:13.930+0000] {settings.py:249} DEBUG - Setting up DB connection pool (PID 259)
[2024-07-17T10:05:13.930+0000] {settings.py:318} DEBUG - settings.prepare_engine_args(): Using NullPool
[2024-07-17T10:05:13.954+0000] {taskinstance.py:991} DEBUG - previous_execution_date was called
[2024-07-17T10:05:13.955+0000] {taskinstance.py:1769} DEBUG - Clearing XCom data
[2024-07-17T10:05:13.958+0000] {retries.py:93} DEBUG - Running RenderedTaskInstanceFields.write with retries. Try 1 of 3
[2024-07-17T10:05:13.975+0000] {retries.py:93} DEBUG - Running RenderedTaskInstanceFields._do_delete_old_records with retries. Try 1 of 3
[2024-07-17T10:05:13.983+0000] {taskinstance.py:2510} INFO - Exporting env vars: AIRFLOW_CTX_DAG_OWNER='***' AIRFLOW_CTX_DAG_ID='hive_etl' AIRFLOW_CTX_TASK_ID='create_hive_table' AIRFLOW_CTX_EXECUTION_DATE='2023-05-04T00:00:00+00:00' AIRFLOW_CTX_TRY_NUMBER='1' AIRFLOW_CTX_DAG_RUN_ID='scheduled__2023-05-04T00:00:00+00:00'
[2024-07-17T10:05:13.984+0000] {__init__.py:115} DEBUG - Preparing lineage inlets and outlets
[2024-07-17T10:05:13.984+0000] {__init__.py:154} DEBUG - inlets: [], outlets: []
[2024-07-17T10:05:14.044+0000] {hive.py:609} DEBUG - TOpenSessionResp(status=TStatus(statusCode=0, infoMessages=None, sqlState=None, errorCode=None, errorMessage=None), serverProtocolVersion=5, sessionHandle=TSessionHandle(sessionId=THandleIdentifier(guid=b'[\x9a\xe2\xfc8\xc2@\x8d\x897\xaaI[>\xeb\xd3', secret=b'n\xae\xab\xaa\x9eE@`\x9b\xa7\xd0>\x13\xedU\x86')), configuration={'hive.server2.thrift.resultset.default.fetch.size': '1000'})
[2024-07-17T10:05:14.044+0000] {hive.py:475} INFO - USE `default`
[2024-07-17T10:05:14.044+0000] {hive.py:479} DEBUG - TExecuteStatementReq(sessionHandle=TSessionHandle(sessionId=THandleIdentifier(guid=b'[\x9a\xe2\xfc8\xc2@\x8d\x897\xaaI[>\xeb\xd3', secret=b'n\xae\xab\xaa\x9eE@`\x9b\xa7\xd0>\x13\xedU\x86')), statement='USE `default`', confOverlay=None, runAsync=False, queryTimeout=0)
[2024-07-17T10:05:14.077+0000] {hive.py:609} DEBUG - TExecuteStatementResp(status=TStatus(statusCode=0, infoMessages=None, sqlState=None, errorCode=None, errorMessage=None), operationHandle=TOperationHandle(operationId=THandleIdentifier(guid=b'\xd7\xd9\xd4\xf4\xf7pE\xd3\xb6\xb1H\x8b\x88F\xa5\x00', secret=b'\xd9h\x85\xa8\x04\xeaMF\xbe?\x89\n\x88\x9d\x9d\x02'), operationType=0, hasResultSet=False, modifiedRowCount=None))
[2024-07-17T10:05:14.078+0000] {hive.py:609} DEBUG - TCloseOperationResp(status=TStatus(statusCode=0, infoMessages=None, sqlState=None, errorCode=None, errorMessage=None))
[2024-07-17T10:05:14.078+0000] {hive.py:475} INFO - 
    CREATE TABLE IF NOT EXISTS my_table (
        id INT,
        name STRING
    )
    ROW FORMAT DELIMITED
    FIELDS TERMINATED BY ','
    STORED AS TEXTFILE
    
[2024-07-17T10:05:14.078+0000] {hive.py:479} DEBUG - TExecuteStatementReq(sessionHandle=TSessionHandle(sessionId=THandleIdentifier(guid=b'[\x9a\xe2\xfc8\xc2@\x8d\x897\xaaI[>\xeb\xd3', secret=b'n\xae\xab\xaa\x9eE@`\x9b\xa7\xd0>\x13\xedU\x86')), statement="\n    CREATE TABLE IF NOT EXISTS my_table (\n        id INT,\n        name STRING\n    )\n    ROW FORMAT DELIMITED\n    FIELDS TERMINATED BY ','\n    STORED AS TEXTFILE\n    ", confOverlay=None, runAsync=False, queryTimeout=0)
[2024-07-17T10:05:14.089+0000] {hive.py:609} DEBUG - TExecuteStatementResp(status=TStatus(statusCode=0, infoMessages=None, sqlState=None, errorCode=None, errorMessage=None), operationHandle=TOperationHandle(operationId=THandleIdentifier(guid=b'\xa9z\x93\xd3{hI\xeb\x91c@\xbct\x96:\xca', secret=b'Lh\xa8\xfe\x97\xa3K\r\xb9\xad\x97HzJ\xa8%'), operationType=0, hasResultSet=False, modifiedRowCount=None))
[2024-07-17T10:05:14.093+0000] {hive.py:609} DEBUG - TCloseSessionResp(status=TStatus(statusCode=0, infoMessages=None, sqlState=None, errorCode=None, errorMessage=None))
[2024-07-17T10:05:14.093+0000] {python.py:202} INFO - Done. Returned value was: None
[2024-07-17T10:05:14.093+0000] {__init__.py:73} DEBUG - Lineage called with inlets: [], outlets: []
[2024-07-17T10:05:14.099+0000] {taskinstance.py:549} DEBUG - Clearing next_method and next_kwargs.
[2024-07-17T10:05:14.099+0000] {taskinstance.py:1149} INFO - Marking task as SUCCESS. dag_id=hive_etl, task_id=create_hive_table, execution_date=20230504T000000, start_date=20240717T100513, end_date=20240717T100514
[2024-07-17T10:05:14.099+0000] {taskinstance.py:527} DEBUG - Task Duration set to 0.224944
[2024-07-17T10:05:14.106+0000] {cli_action_loggers.py:85} DEBUG - Calling callbacks: []
[2024-07-17T10:05:14.148+0000] {local_task_job_runner.py:234} INFO - Task exited with return code 0
[2024-07-17T10:05:14.202+0000] {dagrun.py:876} DEBUG - number of tis tasks for <DagRun hive_etl @ 2023-05-04 00:00:00+00:00: scheduled__2023-05-04T00:00:00+00:00, state:running, queued_at: 2024-07-17 09:55:05.082987+00:00. externally triggered: False>: 3 task(s)
[2024-07-17T10:05:14.202+0000] {dagrun.py:897} DEBUG - number of scheduleable tasks for <DagRun hive_etl @ 2023-05-04 00:00:00+00:00: scheduled__2023-05-04T00:00:00+00:00, state:running, queued_at: 2024-07-17 09:55:05.082987+00:00. externally triggered: False>: 2 task(s)
[2024-07-17T10:05:14.204+0000] {taskinstance.py:1988} DEBUG - <TaskInstance: hive_etl.load_data_into_hive scheduled__2023-05-04T00:00:00+00:00 [None]> dependency 'Not In Retry Period' PASSED: True, The task instance was not marked for retrying.
[2024-07-17T10:05:14.204+0000] {taskinstance.py:1988} DEBUG - <TaskInstance: hive_etl.load_data_into_hive scheduled__2023-05-04T00:00:00+00:00 [None]> dependency 'Previous Dagrun State' PASSED: True, The task did not have depends_on_past set.
[2024-07-17T10:05:14.204+0000] {taskinstance.py:1979} DEBUG - Dependencies all met for dep_context=None ti=<TaskInstance: hive_etl.load_data_into_hive scheduled__2023-05-04T00:00:00+00:00 [None]>
[2024-07-17T10:05:14.205+0000] {taskinstance.py:1988} DEBUG - <TaskInstance: hive_etl.end scheduled__2023-05-04T00:00:00+00:00 [None]> dependency 'Trigger Rule' PASSED: False, Task's trigger rule 'all_success' requires all upstream tasks to have succeeded, but found 1 non-success(es). upstream_states=_UpstreamTIStates(success=0, skipped=0, failed=0, upstream_failed=0, removed=0, done=0, success_setup=0, skipped_setup=0), upstream_task_ids={'load_data_into_hive'}
[2024-07-17T10:05:14.205+0000] {taskinstance.py:1969} DEBUG - Dependencies not met for <TaskInstance: hive_etl.end scheduled__2023-05-04T00:00:00+00:00 [None]>, dependency 'Trigger Rule' FAILED: Task's trigger rule 'all_success' requires all upstream tasks to have succeeded, but found 1 non-success(es). upstream_states=_UpstreamTIStates(success=0, skipped=0, failed=0, upstream_failed=0, removed=0, done=0, success_setup=0, skipped_setup=0), upstream_task_ids={'load_data_into_hive'}
[2024-07-17T10:05:14.206+0000] {taskinstance.py:1988} DEBUG - <TaskInstance: hive_etl.end scheduled__2023-05-04T00:00:00+00:00 [None]> dependency 'Not In Retry Period' PASSED: True, The task instance was not marked for retrying.
[2024-07-17T10:05:14.206+0000] {taskinstance.py:1988} DEBUG - <TaskInstance: hive_etl.end scheduled__2023-05-04T00:00:00+00:00 [None]> dependency 'Previous Dagrun State' PASSED: True, The task did not have depends_on_past set.
[2024-07-17T10:05:14.216+0000] {taskinstance.py:3309} INFO - 1 downstream tasks scheduled from follow-on schedule check
